============================= test session starts ==============================
platform linux -- Python 3.10.12, pytest-7.2.2, pluggy-1.3.0
Using --randomly-seed=1706167361
PyQt5 5.15.10 -- Qt runtime 5.15.2 -- Qt compiled 5.15.2
rootdir: /home/kaiyaok2/PythonProjects/memray, configfile: pyproject.toml
plugins: hypothesis-6.81.1, cov-4.1.0, randomly-3.1.0, typeguard-4.1.5, timeout-1.4.2, qt-4.3.1, nbval-0.10.0, mock-3.12.0, tcp-0.1.1, textual-snapshot-0.4.0, asyncio-0.21.1, xdist-3.2.1, cookies-0.7.0, instafail-0.5.0, syrupy-4.6.0, anyio-3.7.1
asyncio: mode=strict
collected 596 items

unit/test_cli.py .
current test PASSED/SKIPPED -- test_determine_output in /home/kaiyaok2/PythonProjects/memray/tests/unit/test_cli.py: 0.00870966911315918s cumulative, 0.00870966911315918s individual

.
current test PASSED/SKIPPED -- test_parser_rejects_when_no_results_provided in /home/kaiyaok2/PythonProjects/memray/tests/unit/test_cli.py: 0.03154635429382324s cumulative, 0.022836685180664062s individual

.
current test PASSED/SKIPPED -- test_determine_output in /home/kaiyaok2/PythonProjects/memray/tests/unit/test_cli.py: 0.0386042594909668s cumulative, 0.007057905197143555s individual

.
current test PASSED/SKIPPED -- test_determine_output in /home/kaiyaok2/PythonProjects/memray/tests/unit/test_cli.py: 0.04386019706726074s cumulative, 0.005255937576293945s individual

.
current test PASSED/SKIPPED -- test_parser_acceps_biggest_allocs_short_form in /home/kaiyaok2/PythonProjects/memray/tests/unit/test_cli.py: 0.0513155460357666s cumulative, 0.007455348968505859s individual

.
current test PASSED/SKIPPED -- test_parser_rejects_no_arguments in /home/kaiyaok2/PythonProjects/memray/tests/unit/test_cli.py: 0.06081342697143555s cumulative, 0.009497880935668945s individual

.
current test PASSED/SKIPPED -- test_determine_output in /home/kaiyaok2/PythonProjects/memray/tests/unit/test_cli.py: 0.06573772430419922s cumulative, 0.004924297332763672s individual

.
current test PASSED/SKIPPED -- test_parser_accepts_single_argument in /home/kaiyaok2/PythonProjects/memray/tests/unit/test_cli.py: 0.07143855094909668s cumulative, 0.005700826644897461s individual

.
current test PASSED/SKIPPED -- test_determine_output in /home/kaiyaok2/PythonProjects/memray/tests/unit/test_cli.py: 0.07571268081665039s cumulative, 0.004274129867553711s individual

.
current test PASSED/SKIPPED -- test_determine_output in /home/kaiyaok2/PythonProjects/memray/tests/unit/test_cli.py: 0.07982254028320312s cumulative, 0.004109859466552734s individual

.
current test PASSED/SKIPPED -- test_parser_acceps_biggest_allocs_long_form in /home/kaiyaok2/PythonProjects/memray/tests/unit/test_cli.py: 0.0857553482055664s cumulative, 0.005932807922363281s individual

.
current test PASSED/SKIPPED -- test_determine_output in /home/kaiyaok2/PythonProjects/memray/tests/unit/test_cli.py: 0.09024500846862793s cumulative, 0.0044896602630615234s individual

.
current test PASSED/SKIPPED -- test_determine_output in /home/kaiyaok2/PythonProjects/memray/tests/unit/test_cli.py: 0.0951375961303711s cumulative, 0.004892587661743164s individual

.
current test PASSED/SKIPPED -- test_determine_output in /home/kaiyaok2/PythonProjects/memray/tests/unit/test_cli.py: 0.09976005554199219s cumulative, 0.004622459411621094s individual

F
current test FAILED -- test_run_with_live in /home/kaiyaok2/PythonProjects/memray/tests/unit/test_cli.py: 0.7184574604034424s cumulative, 0.6186974048614502s individual

.
current test PASSED/SKIPPED -- test_run_with_live_port_but_not_live_remote in /home/kaiyaok2/PythonProjects/memray/tests/unit/test_cli.py: 0.7602124214172363s cumulative, 0.041754961013793945s individual

Writing profile results into memray-foobar.py.<MagicMock name='getpid()' id='140618614396848'>.bin
[memray] Successfully generated profile results.

You can now generate reports from the stored allocation records.
Some example commands to generate reports:

/usr/bin/python3 -m memray flamegraph memray-foobar.py.<MagicMock name='getpid()' id='140618614396848'>.bin
.
current test PASSED/SKIPPED -- test_run_file in /home/kaiyaok2/PythonProjects/memray/tests/unit/test_cli.py: 0.8178286552429199s cumulative, 0.057616233825683594s individual

Writing profile results into memray-foobar.<MagicMock name='getpid()' id='140618614265680'>.bin
[memray] Successfully generated profile results.

You can now generate reports from the stored allocation records.
Some example commands to generate reports:

/usr/bin/python3 -m memray flamegraph memray-foobar.<MagicMock name='getpid()' id='140618614265680'>.bin
.
current test PASSED/SKIPPED -- test_run_module in /home/kaiyaok2/PythonProjects/memray/tests/unit/test_cli.py: 0.8677208423614502s cumulative, 0.04989218711853027s individual

Writing profile results into ./directory/memray-foobar.py.0.bin
[memray] Successfully generated profile results.

You can now generate reports from the stored allocation records.
Some example commands to generate reports:

/usr/bin/python3 -m memray flamegraph ./directory/memray-foobar.py.0.bin
.
current test PASSED/SKIPPED -- test_run_relative_file in /home/kaiyaok2/PythonProjects/memray/tests/unit/test_cli.py: 0.9146006107330322s cumulative, 0.04687976837158203s individual

.
current test PASSED/SKIPPED -- test_run_with_follow_fork_and_live_mode in /home/kaiyaok2/PythonProjects/memray/tests/unit/test_cli.py: 0.9518170356750488s cumulative, 0.0372164249420166s individual

Run 'memray3.10 live 1111' in another shell to see live results
.
current test PASSED/SKIPPED -- test_run_with_live_remote_and_live_port in /home/kaiyaok2/PythonProjects/memray/tests/unit/test_cli.py: 0.9945204257965088s cumulative, 0.04270339012145996s individual

Run 'memray3.10 live 1234' in another shell to see live results
.
current test PASSED/SKIPPED -- test_run_with_trace_python_allocators_and_live_remote_mode in /home/kaiyaok2/PythonProjects/memray/tests/unit/test_cli.py: 1.0304665565490723s cumulative, 0.03594613075256348s individual

Writing profile results into memray-foobar.0.bin
[memray] Successfully generated profile results.

You can now generate reports from the stored allocation records.
Some example commands to generate reports:

/usr/bin/python3 -m memray flamegraph memray-foobar.0.bin
.
current test PASSED/SKIPPED -- test_run_with_follow_fork in /home/kaiyaok2/PythonProjects/memray/tests/unit/test_cli.py: 1.0603117942810059s cumulative, 0.029845237731933594s individual

.
current test PASSED/SKIPPED -- test_run_with_follow_fork_and_live_remote_mode in /home/kaiyaok2/PythonProjects/memray/tests/unit/test_cli.py: 1.1041545867919922s cumulative, 0.04384279251098633s individual

Writing profile results into my_output
[memray] Successfully generated profile results.

You can now generate reports from the stored allocation records.
Some example commands to generate reports:

/usr/bin/python3 -m memray flamegraph my_output
.
current test PASSED/SKIPPED -- test_run_override_output in /home/kaiyaok2/PythonProjects/memray/tests/unit/test_cli.py: 1.1391596794128418s cumulative, 0.03500509262084961s individual

.
current test PASSED/SKIPPED -- test_no_args_passed in /home/kaiyaok2/PythonProjects/memray/tests/unit/test_cli.py: 1.1675856113433838s cumulative, 0.028425931930541992s individual

Run 'memray3.10 live 1234' in another shell to see live results
.
current test PASSED/SKIPPED -- test_run_with_live_remote in /home/kaiyaok2/PythonProjects/memray/tests/unit/test_cli.py: 1.2062900066375732s cumulative, 0.03870439529418945s individual

Writing profile results into memray-foobar.0.bin
[memray] Successfully generated profile results.

You can now generate reports from the stored allocation records.
Some example commands to generate reports:

/usr/bin/python3 -m memray flamegraph memray-foobar.0.bin
.
current test PASSED/SKIPPED -- test_run_with_pymalloc_tracing in /home/kaiyaok2/PythonProjects/memray/tests/unit/test_cli.py: 1.2470850944519043s cumulative, 0.040795087814331055s individual

Writing profile results into memray-string.<MagicMock name='getpid()' id='140618614129856'>.bin
[memray] Successfully generated profile results.

You can now generate reports from the stored allocation records.
Some example commands to generate reports:

/usr/bin/python3 -m memray flamegraph memray-string.<MagicMock name='getpid()' id='140618614129856'>.bin
Writing profile results into memray-string.<MagicMock name='getpid()' id='140618614129856'>.bin
[memray] Successfully generated profile results.

You can now generate reports from the stored allocation records.
Some example commands to generate reports:

/usr/bin/python3 -m memray flamegraph memray-string.<MagicMock name='getpid()' id='140618614129856'>.bin
.
current test PASSED/SKIPPED -- test_run_cmd_is_validated in /home/kaiyaok2/PythonProjects/memray/tests/unit/test_cli.py: 1.31966233253479s cumulative, 0.07257723808288574s individual

F
current test FAILED -- test_run_with_live_and_trace_python_allocators in /home/kaiyaok2/PythonProjects/memray/tests/unit/test_cli.py: 3.9630136489868164s cumulative, 2.6433513164520264s individual

Writing profile results into memray-string.<MagicMock name='getpid()' id='140618613464640'>.bin
[memray] Successfully generated profile results.

You can now generate reports from the stored allocation records.
Some example commands to generate reports:

/usr/bin/python3 -m memray flamegraph memray-string.<MagicMock name='getpid()' id='140618613464640'>.bin
.
current test PASSED/SKIPPED -- test_run_cmd in /home/kaiyaok2/PythonProjects/memray/tests/unit/test_cli.py: 4.012941598892212s cumulative, 0.04992794990539551s individual

Writing profile results into memray-foobar.0.bin
[memray] Successfully generated profile results.

You can now generate reports from the stored allocation records.
Some example commands to generate reports:

/usr/bin/python3 -m memray flamegraph memray-foobar.0.bin
.
current test PASSED/SKIPPED -- test_run_default_output in /home/kaiyaok2/PythonProjects/memray/tests/unit/test_cli.py: 4.048098564147949s cumulative, 0.035156965255737305s individual

Writing profile results into my_output
[memray] Successfully generated profile results.

You can now generate reports from the stored allocation records.
Some example commands to generate reports:

/usr/bin/python3 -m memray flamegraph my_output
.
current test PASSED/SKIPPED -- test_run_overwrite_output_file in /home/kaiyaok2/PythonProjects/memray/tests/unit/test_cli.py: 4.090073108673096s cumulative, 0.041974544525146484s individual

.
current test PASSED/SKIPPED -- test_run_without_arguments in /home/kaiyaok2/PythonProjects/memray/tests/unit/test_cli.py: 4.132230997085571s cumulative, 0.042157888412475586s individual

Writing profile results into memray-foobar.0.bin
[memray] Successfully generated profile results.

You can now generate reports from the stored allocation records.
Some example commands to generate reports:

/usr/bin/python3 -m memray flamegraph memray-foobar.0.bin
.
current test PASSED/SKIPPED -- test_run_with_native_mode in /home/kaiyaok2/PythonProjects/memray/tests/unit/test_cli.py: 4.188922643661499s cumulative, 0.056691646575927734s individual

.
current test PASSED/SKIPPED -- test_parser_accepts_single_argument in /home/kaiyaok2/PythonProjects/memray/tests/unit/test_cli.py: 4.199938774108887s cumulative, 0.011016130447387695s individual

.
current test PASSED/SKIPPED -- test_parser_rejects_invalid_num_largest_allocators in /home/kaiyaok2/PythonProjects/memray/tests/unit/test_cli.py: 4.216940641403198s cumulative, 0.017001867294311523s individual

.
current test PASSED/SKIPPED -- test_parser_rejects_no_arguments in /home/kaiyaok2/PythonProjects/memray/tests/unit/test_cli.py: 4.228639364242554s cumulative, 0.011698722839355469s individual

.
current test PASSED/SKIPPED -- test_parser_accepts_valid_num_largest_allocators in /home/kaiyaok2/PythonProjects/memray/tests/unit/test_cli.py: 4.236756801605225s cumulative, 0.008117437362670898s individual

.
current test PASSED/SKIPPED -- test_parser_accepts_short_form_output_1 in /home/kaiyaok2/PythonProjects/memray/tests/unit/test_cli.py: 4.251979827880859s cumulative, 0.015223026275634766s individual

.
current test PASSED/SKIPPED -- test_parser_takes_force_flag in /home/kaiyaok2/PythonProjects/memray/tests/unit/test_cli.py: 4.258827209472656s cumulative, 0.006847381591796875s individual

.
current test PASSED/SKIPPED -- test_parser_accepts_short_form_output_2 in /home/kaiyaok2/PythonProjects/memray/tests/unit/test_cli.py: 4.264155149459839s cumulative, 0.005327939987182617s individual

.
current test PASSED/SKIPPED -- test_parser_accepts_long_form_output_2 in /home/kaiyaok2/PythonProjects/memray/tests/unit/test_cli.py: 4.268758296966553s cumulative, 0.004603147506713867s individual

.
current test PASSED/SKIPPED -- test_parser_rejects_when_no_results_provided in /home/kaiyaok2/PythonProjects/memray/tests/unit/test_cli.py: 4.277576446533203s cumulative, 0.00881814956665039s individual

.
current test PASSED/SKIPPED -- test_parser_invalid_format in /home/kaiyaok2/PythonProjects/memray/tests/unit/test_cli.py: 4.287736415863037s cumulative, 0.010159969329833984s individual

.
current test PASSED/SKIPPED -- test_parser_rejects_no_arguments in /home/kaiyaok2/PythonProjects/memray/tests/unit/test_cli.py: 4.297079086303711s cumulative, 0.009342670440673828s individual

.
current test PASSED/SKIPPED -- test_parser_accepts_single_argument_with_format in /home/kaiyaok2/PythonProjects/memray/tests/unit/test_cli.py: 4.302521228790283s cumulative, 0.005442142486572266s individual

.
current test PASSED/SKIPPED -- test_parser_accepts_long_form_output_1 in /home/kaiyaok2/PythonProjects/memray/tests/unit/test_cli.py: 4.307135105133057s cumulative, 0.0046138763427734375s individual

.
current test PASSED/SKIPPED -- test_parser_takes_memory_leaks_as_a_flag in /home/kaiyaok2/PythonProjects/memray/tests/unit/test_cli.py: 4.312676668167114s cumulative, 0.005541563034057617s individual

.
current test PASSED/SKIPPED -- test_parser_rejects_no_arguments in /home/kaiyaok2/PythonProjects/memray/tests/unit/test_cli.py: 4.319878101348877s cumulative, 0.007201433181762695s individual

.
current test PASSED/SKIPPED -- test_parser_takes_memory_leaks_as_a_flag in /home/kaiyaok2/PythonProjects/memray/tests/unit/test_cli.py: 4.325367212295532s cumulative, 0.0054891109466552734s individual

.
current test PASSED/SKIPPED -- test_parser_rejects_when_no_results_provided in /home/kaiyaok2/PythonProjects/memray/tests/unit/test_cli.py: 4.331787824630737s cumulative, 0.006420612335205078s individual

.
current test PASSED/SKIPPED -- test_parser_accepts_long_form_output_1 in /home/kaiyaok2/PythonProjects/memray/tests/unit/test_cli.py: 4.336346864700317s cumulative, 0.004559040069580078s individual

.
current test PASSED/SKIPPED -- test_parser_accepts_short_form_output_1 in /home/kaiyaok2/PythonProjects/memray/tests/unit/test_cli.py: 4.341236591339111s cumulative, 0.004889726638793945s individual

.
current test PASSED/SKIPPED -- test_parser_accepts_long_form_output_2 in /home/kaiyaok2/PythonProjects/memray/tests/unit/test_cli.py: 4.346807479858398s cumulative, 0.005570888519287109s individual

.
current test PASSED/SKIPPED -- test_parser_takes_force_flag in /home/kaiyaok2/PythonProjects/memray/tests/unit/test_cli.py: 4.351817607879639s cumulative, 0.005010128021240234s individual

.
current test PASSED/SKIPPED -- test_parser_accepts_short_form_output_2 in /home/kaiyaok2/PythonProjects/memray/tests/unit/test_cli.py: 4.357740879058838s cumulative, 0.005923271179199219s individual

.
current test PASSED/SKIPPED -- test_parser_accepts_single_argument in /home/kaiyaok2/PythonProjects/memray/tests/unit/test_cli.py: 4.363152503967285s cumulative, 0.005411624908447266s individual

.
current test PASSED/SKIPPED -- test_parser_accepts_max_rows_long_form in /home/kaiyaok2/PythonProjects/memray/tests/unit/test_cli.py: 4.368062257766724s cumulative, 0.0049097537994384766s individual

.
current test PASSED/SKIPPED -- test_parser_rejects_no_arguments in /home/kaiyaok2/PythonProjects/memray/tests/unit/test_cli.py: 4.37433385848999s cumulative, 0.0062716007232666016s individual

.
current test PASSED/SKIPPED -- test_parser_accepts_sort_column_long_form in /home/kaiyaok2/PythonProjects/memray/tests/unit/test_cli.py: 4.378586053848267s cumulative, 0.004252195358276367s individual

.
current test PASSED/SKIPPED -- test_parser_rejects_sort_column_incorrect_values in /home/kaiyaok2/PythonProjects/memray/tests/unit/test_cli.py: 4.384433269500732s cumulative, 0.00584721565246582s individual

.
current test PASSED/SKIPPED -- test_parser_accepts_max_rows_sort_form in /home/kaiyaok2/PythonProjects/memray/tests/unit/test_cli.py: 4.388877868652344s cumulative, 0.004444599151611328s individual

.
current test PASSED/SKIPPED -- test_parser_accepts_sort_column_sort_form in /home/kaiyaok2/PythonProjects/memray/tests/unit/test_cli.py: 4.3931756019592285s cumulative, 0.004297733306884766s individual

.
current test PASSED/SKIPPED -- test_parser_accepts_single_argument in /home/kaiyaok2/PythonProjects/memray/tests/unit/test_cli.py: 4.403659343719482s cumulative, 0.010483741760253906s individual

.
current test PASSED/SKIPPED -- test_parser_rejects_sort_column_incorrect_values in /home/kaiyaok2/PythonProjects/memray/tests/unit/test_cli.py: 4.410835266113281s cumulative, 0.007175922393798828s individual

.
current test PASSED/SKIPPED -- test_parser_takes_force_flag in /home/kaiyaok2/PythonProjects/memray/tests/unit/test_cli.py: 4.416099309921265s cumulative, 0.0052640438079833984s individual

.
current test PASSED/SKIPPED -- test_parser_accepts_long_form_output_1 in /home/kaiyaok2/PythonProjects/memray/tests/unit/test_cli.py: 4.4207329750061035s cumulative, 0.004633665084838867s individual

.
current test PASSED/SKIPPED -- test_parser_accepts_short_form_output_2 in /home/kaiyaok2/PythonProjects/memray/tests/unit/test_cli.py: 4.425115585327148s cumulative, 0.004382610321044922s individual

.
current test PASSED/SKIPPED -- test_parser_accepts_long_form_output_2 in /home/kaiyaok2/PythonProjects/memray/tests/unit/test_cli.py: 4.429750680923462s cumulative, 0.0046350955963134766s individual

.
current test PASSED/SKIPPED -- test_parser_accepts_single_argument in /home/kaiyaok2/PythonProjects/memray/tests/unit/test_cli.py: 4.434267997741699s cumulative, 0.004517316818237305s individual

.
current test PASSED/SKIPPED -- test_parser_rejects_no_arguments in /home/kaiyaok2/PythonProjects/memray/tests/unit/test_cli.py: 4.440335988998413s cumulative, 0.006067991256713867s individual

.
current test PASSED/SKIPPED -- test_parser_rejects_when_no_results_provided in /home/kaiyaok2/PythonProjects/memray/tests/unit/test_cli.py: 4.446557283401489s cumulative, 0.006221294403076172s individual

.
current test PASSED/SKIPPED -- test_parser_accepts_short_form_output_1 in /home/kaiyaok2/PythonProjects/memray/tests/unit/test_cli.py: 4.451125144958496s cumulative, 0.004567861557006836s individual

.
current test PASSED/SKIPPED -- test_parser_takes_memory_leaks_as_a_flag in /home/kaiyaok2/PythonProjects/memray/tests/unit/test_cli.py: 4.455860137939453s cumulative, 0.004734992980957031s individual


unit/test_tracker.py .
current test PASSED/SKIPPED -- test_two_trackers_cannot_be_active_at_the_same_time in /home/kaiyaok2/PythonProjects/memray/tests/unit/test_tracker.py: 5.575305938720703s cumulative, 1.11944580078125s individual

.
current test PASSED/SKIPPED -- test_the_same_tracker_cannot_be_activated_twice in /home/kaiyaok2/PythonProjects/memray/tests/unit/test_tracker.py: 6.537119150161743s cumulative, 0.96181321144104s individual


integration/test_attach.py s
current test PASSED/SKIPPED -- test_attach_time in /home/kaiyaok2/PythonProjects/memray/tests/integration/test_attach.py: 6.552065849304199s cumulative, 0.014946699142456055s individual

s
current test PASSED/SKIPPED -- test_detach_without_attach in /home/kaiyaok2/PythonProjects/memray/tests/integration/test_attach.py: 6.558372259140015s cumulative, 0.00630640983581543s individual

s
current test PASSED/SKIPPED -- test_aggregated_attach in /home/kaiyaok2/PythonProjects/memray/tests/integration/test_attach.py: 6.563957214355469s cumulative, 0.0055849552154541016s individual

s
current test PASSED/SKIPPED -- test_aggregated_attach in /home/kaiyaok2/PythonProjects/memray/tests/integration/test_attach.py: 6.572368383407593s cumulative, 0.008411169052124023s individual

s
current test PASSED/SKIPPED -- test_basic_attach in /home/kaiyaok2/PythonProjects/memray/tests/integration/test_attach.py: 6.578598260879517s cumulative, 0.006229877471923828s individual

s
current test PASSED/SKIPPED -- test_basic_attach in /home/kaiyaok2/PythonProjects/memray/tests/integration/test_attach.py: 6.585606813430786s cumulative, 0.007008552551269531s individual

s
current test PASSED/SKIPPED -- test_attach_time in /home/kaiyaok2/PythonProjects/memray/tests/integration/test_attach.py: 6.590947389602661s cumulative, 0.005340576171875s individual

s
current test PASSED/SKIPPED -- test_detach_without_attach in /home/kaiyaok2/PythonProjects/memray/tests/integration/test_attach.py: 6.594676494598389s cumulative, 0.003729104995727539s individual


unit/test_allocation_lifetime_aggregator.py .
current test PASSED/SKIPPED -- test_allocations_from_same_location_and_different_snapshots_freed_in_one_snapshot in /home/kaiyaok2/PythonProjects/memray/tests/unit/test_allocation_lifetime_aggregator.py: 6.599479675292969s cumulative, 0.004803180694580078s individual

.
current test PASSED/SKIPPED -- test_allocation_not_reported_when_freed_within_same_snapshot in /home/kaiyaok2/PythonProjects/memray/tests/unit/test_allocation_lifetime_aggregator.py: 6.602818250656128s cumulative, 0.0033385753631591797s individual

.
current test PASSED/SKIPPED -- test_allocations_made_and_freed_together_are_aggregated in /home/kaiyaok2/PythonProjects/memray/tests/unit/test_allocation_lifetime_aggregator.py: 6.6065354347229s cumulative, 0.003717184066772461s individual

.
current test PASSED/SKIPPED -- test_leaked_allocations_within_one_snapshot_are_aggregated in /home/kaiyaok2/PythonProjects/memray/tests/unit/test_allocation_lifetime_aggregator.py: 6.610929012298584s cumulative, 0.004393577575683594s individual

.
current test PASSED/SKIPPED -- test_allocation_reported_when_freed_within_different_snapshot in /home/kaiyaok2/PythonProjects/memray/tests/unit/test_allocation_lifetime_aggregator.py: 6.614884853363037s cumulative, 0.003955841064453125s individual

.
current test PASSED/SKIPPED -- test_range_freed_in_different_snapshot in /home/kaiyaok2/PythonProjects/memray/tests/unit/test_allocation_lifetime_aggregator.py: 6.618922472000122s cumulative, 0.004037618637084961s individual

.
current test PASSED/SKIPPED -- test_range_leaked in /home/kaiyaok2/PythonProjects/memray/tests/unit/test_allocation_lifetime_aggregator.py: 6.622651815414429s cumulative, 0.0037293434143066406s individual

.
current test PASSED/SKIPPED -- test_range_freed_in_same_snapshot in /home/kaiyaok2/PythonProjects/memray/tests/unit/test_allocation_lifetime_aggregator.py: 6.626536846160889s cumulative, 0.003885030746459961s individual

.
current test PASSED/SKIPPED -- test_allocations_from_same_location_and_snapshot_freed_in_different_snapshots in /home/kaiyaok2/PythonProjects/memray/tests/unit/test_allocation_lifetime_aggregator.py: 6.630911827087402s cumulative, 0.004374980926513672s individual

.
current test PASSED/SKIPPED -- test_multiple_snapshots_between_allocation_and_deallocation in /home/kaiyaok2/PythonProjects/memray/tests/unit/test_allocation_lifetime_aggregator.py: 6.635332345962524s cumulative, 0.00442051887512207s individual

.
current test PASSED/SKIPPED -- test_leaked_allocations_from_different_locations_are_not_aggregated in /home/kaiyaok2/PythonProjects/memray/tests/unit/test_allocation_lifetime_aggregator.py: 6.6391637325286865s cumulative, 0.0038313865661621094s individual

.
current test PASSED/SKIPPED -- test_split_then_leaked_range in /home/kaiyaok2/PythonProjects/memray/tests/unit/test_allocation_lifetime_aggregator.py: 6.642794370651245s cumulative, 0.0036306381225585938s individual

.
current test PASSED/SKIPPED -- test_no_allocations_at_start in /home/kaiyaok2/PythonProjects/memray/tests/unit/test_allocation_lifetime_aggregator.py: 6.646099090576172s cumulative, 0.003304719924926758s individual

.
current test PASSED/SKIPPED -- test_shrunk_then_leaked_range in /home/kaiyaok2/PythonProjects/memray/tests/unit/test_allocation_lifetime_aggregator.py: 6.649343252182007s cumulative, 0.003244161605834961s individual

.
current test PASSED/SKIPPED -- test_freed_allocations_from_different_locations_are_not_aggregated in /home/kaiyaok2/PythonProjects/memray/tests/unit/test_allocation_lifetime_aggregator.py: 6.653761386871338s cumulative, 0.004418134689331055s individual

.
current test PASSED/SKIPPED -- test_two_leaked_allocations_from_one_location in /home/kaiyaok2/PythonProjects/memray/tests/unit/test_allocation_lifetime_aggregator.py: 6.657072305679321s cumulative, 0.0033109188079833984s individual

.
current test PASSED/SKIPPED -- test_shrunk_then_freed_range in /home/kaiyaok2/PythonProjects/memray/tests/unit/test_allocation_lifetime_aggregator.py: 6.660696983337402s cumulative, 0.0036246776580810547s individual

.
current test PASSED/SKIPPED -- test_split_then_freed_range in /home/kaiyaok2/PythonProjects/memray/tests/unit/test_allocation_lifetime_aggregator.py: 6.665428638458252s cumulative, 0.004731655120849609s individual

.
current test PASSED/SKIPPED -- test_allocation_reported_when_leaked in /home/kaiyaok2/PythonProjects/memray/tests/unit/test_allocation_lifetime_aggregator.py: 6.668984651565552s cumulative, 0.0035560131072998047s individual


unit/test_transform_reporter.py .
current test PASSED/SKIPPED -- test_single_allocation in /home/kaiyaok2/PythonProjects/memray/tests/unit/test_transform_reporter.py: 6.673598527908325s cumulative, 0.0046138763427734375s individual

.
current test PASSED/SKIPPED -- test_empty_stack_trace in /home/kaiyaok2/PythonProjects/memray/tests/unit/test_transform_reporter.py: 6.678002834320068s cumulative, 0.004404306411743164s individual

.
current test PASSED/SKIPPED -- test_empty_report in /home/kaiyaok2/PythonProjects/memray/tests/unit/test_transform_reporter.py: 6.6820104122161865s cumulative, 0.004007577896118164s individual

.
current test PASSED/SKIPPED -- test_multiple_allocations in /home/kaiyaok2/PythonProjects/memray/tests/unit/test_transform_reporter.py: 6.685955047607422s cumulative, 0.0039446353912353516s individual

.
current test PASSED/SKIPPED -- test_single_native_allocation in /home/kaiyaok2/PythonProjects/memray/tests/unit/test_transform_reporter.py: 6.690001726150513s cumulative, 0.00404667854309082s individual

.
current test PASSED/SKIPPED -- test_multiple_allocations in /home/kaiyaok2/PythonProjects/memray/tests/unit/test_transform_reporter.py: 6.694817543029785s cumulative, 0.004815816879272461s individual

.
current test PASSED/SKIPPED -- test_empty_report in /home/kaiyaok2/PythonProjects/memray/tests/unit/test_transform_reporter.py: 6.698805093765259s cumulative, 0.003987550735473633s individual

.
current test PASSED/SKIPPED -- test_empty_stack_trace in /home/kaiyaok2/PythonProjects/memray/tests/unit/test_transform_reporter.py: 6.702730894088745s cumulative, 0.003925800323486328s individual

.
current test PASSED/SKIPPED -- test_multiple_stack_frames in /home/kaiyaok2/PythonProjects/memray/tests/unit/test_transform_reporter.py: 6.706446647644043s cumulative, 0.0037157535552978516s individual

.
current test PASSED/SKIPPED -- test_single_native_allocation in /home/kaiyaok2/PythonProjects/memray/tests/unit/test_transform_reporter.py: 6.710282564163208s cumulative, 0.003835916519165039s individual

.
current test PASSED/SKIPPED -- test_single_allocation in /home/kaiyaok2/PythonProjects/memray/tests/unit/test_transform_reporter.py: 6.714217662811279s cumulative, 0.003935098648071289s individual


integration/test_api.py .
current test PASSED/SKIPPED -- test_file_destination_str_path in /home/kaiyaok2/PythonProjects/memray/tests/integration/test_api.py: 7.8134541511535645s cumulative, 1.0992364883422852s individual

.
current test PASSED/SKIPPED -- test_no_destination_arg in /home/kaiyaok2/PythonProjects/memray/tests/integration/test_api.py: 7.8198957443237305s cumulative, 0.006441593170166016s individual

.
current test PASSED/SKIPPED -- test_combine_destination_args in /home/kaiyaok2/PythonProjects/memray/tests/integration/test_api.py: 7.82422399520874s cumulative, 0.004328250885009766s individual

.
current test PASSED/SKIPPED -- test_aggregated_capture_with_socket_destination in /home/kaiyaok2/PythonProjects/memray/tests/integration/test_api.py: 7.829662322998047s cumulative, 0.005438327789306641s individual

.
current test PASSED/SKIPPED -- test_file_reader_as_context_manager in /home/kaiyaok2/PythonProjects/memray/tests/integration/test_api.py: 9.618109941482544s cumulative, 1.788447618484497s individual

.
current test PASSED/SKIPPED -- test_follow_fork_with_socket_destination in /home/kaiyaok2/PythonProjects/memray/tests/integration/test_api.py: 9.623785018920898s cumulative, 0.005675077438354492s individual

.
current test PASSED/SKIPPED -- test_file_destination in /home/kaiyaok2/PythonProjects/memray/tests/integration/test_api.py: 10.711580276489258s cumulative, 1.0877952575683594s individual


integration/test_tracing.py .
current test PASSED/SKIPPED -- test_high_watermark_records_can_be_retrieved_twice in /home/kaiyaok2/PythonProjects/memray/tests/integration/test_tracing.py: 11.71823000907898s cumulative, 1.0066497325897217s individual

.
current test PASSED/SKIPPED -- test_restart_tracing_function_gets_correctly_the_frames in /home/kaiyaok2/PythonProjects/memray/tests/integration/test_tracing.py: 13.993731021881104s cumulative, 2.275501012802124s individual

.
current test PASSED/SKIPPED -- test_large_number_of_frame_pops_between_subsequent_allocations in /home/kaiyaok2/PythonProjects/memray/tests/integration/test_tracing.py: 16.307138681411743s cumulative, 2.3134076595306396s individual

.
current test PASSED/SKIPPED -- test_thread_surviving_multiple_trackers_with_changing_callstack in /home/kaiyaok2/PythonProjects/memray/tests/integration/test_tracing.py: 18.58357524871826s cumulative, 2.2764365673065186s individual

.
current test PASSED/SKIPPED -- test_profile_function_is_restored_after_tracking in /home/kaiyaok2/PythonProjects/memray/tests/integration/test_tracing.py: 19.746058702468872s cumulative, 1.1624834537506104s individual

.
current test PASSED/SKIPPED -- test_allocation_in_thread_started_before_tracking_starts in /home/kaiyaok2/PythonProjects/memray/tests/integration/test_tracing.py: 20.755892992019653s cumulative, 1.0098342895507812s individual

.
current test PASSED/SKIPPED -- test_traceback_for_high_watermark_records_can_be_retrieved_twice in /home/kaiyaok2/PythonProjects/memray/tests/integration/test_tracing.py: 21.954967737197876s cumulative, 1.1990747451782227s individual

.
current test PASSED/SKIPPED -- test_num_records in /home/kaiyaok2/PythonProjects/memray/tests/integration/test_tracing.py: 22.985618352890015s cumulative, 1.0306506156921387s individual

.
current test PASSED/SKIPPED -- test_traceback_can_be_retrieved_twice in /home/kaiyaok2/PythonProjects/memray/tests/integration/test_tracing.py: 24.05068802833557s cumulative, 1.0650696754455566s individual

.
current test PASSED/SKIPPED -- test_allocation_in_thread_after_unsetting_profile_function in /home/kaiyaok2/PythonProjects/memray/tests/integration/test_tracing.py: 25.182069778442383s cumulative, 1.1313817501068115s individual

.
current test PASSED/SKIPPED -- test_mmap in /home/kaiyaok2/PythonProjects/memray/tests/integration/test_tracing.py: 26.283445119857788s cumulative, 1.1013753414154053s individual

.
current test PASSED/SKIPPED -- test_thread_surviving_multiple_trackers in /home/kaiyaok2/PythonProjects/memray/tests/integration/test_tracing.py: 28.75807285308838s cumulative, 2.474627733230591s individual

.
current test PASSED/SKIPPED -- test_cython_traceback in /home/kaiyaok2/PythonProjects/memray/tests/integration/test_tracing.py: 29.917973279953003s cumulative, 1.159900426864624s individual

.
current test PASSED/SKIPPED -- test_traceback in /home/kaiyaok2/PythonProjects/memray/tests/integration/test_tracing.py: 31.241851568222046s cumulative, 1.323878288269043s individual

.
current test PASSED/SKIPPED -- test_records_can_be_retrieved_twice in /home/kaiyaok2/PythonProjects/memray/tests/integration/test_tracing.py: 33.156474113464355s cumulative, 1.9146225452423096s individual

.
current test PASSED/SKIPPED -- test_identical_stack_traces_started_in_different_lines_in_a_function_do_not_compare_equal in /home/kaiyaok2/PythonProjects/memray/tests/integration/test_tracing.py: 35.47887420654297s cumulative, 2.3224000930786133s individual

.
current test PASSED/SKIPPED -- test_cython_frame_in_pre_existing_thread_stack in /home/kaiyaok2/PythonProjects/memray/tests/integration/test_tracing.py: 37.37991380691528s cumulative, 1.9010396003723145s individual

.
current test PASSED/SKIPPED -- test_allocation_after_unsetting_profile_function in /home/kaiyaok2/PythonProjects/memray/tests/integration/test_tracing.py: 38.92007327079773s cumulative, 1.5401594638824463s individual

.
current test PASSED/SKIPPED -- test_initial_tracking_frames_are_correctly_populated in /home/kaiyaok2/PythonProjects/memray/tests/integration/test_tracing.py: 40.39842462539673s cumulative, 1.478351354598999s individual

.
current test PASSED/SKIPPED -- test_mmap_in_thread in /home/kaiyaok2/PythonProjects/memray/tests/integration/test_tracing.py: 41.74365043640137s cumulative, 1.3452258110046387s individual

.
current test PASSED/SKIPPED -- test_traceback_for_high_watermark in /home/kaiyaok2/PythonProjects/memray/tests/integration/test_tracing.py: 42.95420050621033s cumulative, 1.21055006980896s individual

.
current test PASSED/SKIPPED -- test_cython_frame_in_pre_existing_thread_stack_when_restarting_tracking in /home/kaiyaok2/PythonProjects/memray/tests/integration/test_tracing.py: 45.642430543899536s cumulative, 2.688230037689209s individual

.
current test PASSED/SKIPPED -- test_identical_stack_traces_started_in_different_lines_in_the_root_do_not_compare_equal in /home/kaiyaok2/PythonProjects/memray/tests/integration/test_tracing.py: 46.81941556930542s cumulative, 1.1769850254058838s individual

.
current test PASSED/SKIPPED -- test_equal_stack_traces_compare_equal in /home/kaiyaok2/PythonProjects/memray/tests/integration/test_tracing.py: 48.110883712768555s cumulative, 1.2914681434631348s individual

[AllocationRecord<tid=0x1, address=0x7fe4420e3000, size=1.000B, allocator=10, allocations=1>, AllocationRecord<tid=0x1, address=0x7fe4420e2000, size=1.000B, allocator=10, allocations=1>, AllocationRecord<tid=0x1, address=0x7fe4420e3000, size=1.000B, allocator=11, allocations=1>, AllocationRecord<tid=0x1, address=0x7fe4420e2000, size=1.000B, allocator=11, allocations=1>]
.
current test PASSED/SKIPPED -- test_allocations_in_root_frame_have_correct_line_number in /home/kaiyaok2/PythonProjects/memray/tests/integration/test_tracing.py: 49.41726231575012s cumulative, 1.3063786029815674s individual

.
current test PASSED/SKIPPED -- test_allocation_in_thread_before_reacquiring_gil_after_tracking_starts in /home/kaiyaok2/PythonProjects/memray/tests/integration/test_tracing.py: 50.73938870429993s cumulative, 1.3221263885498047s individual

.
current test PASSED/SKIPPED -- test_traceback_iteration_does_not_depend_on_the_order_of_elements in /home/kaiyaok2/PythonProjects/memray/tests/integration/test_tracing.py: 51.995121240615845s cumulative, 1.255732536315918s individual


test_utils.py .
current test PASSED/SKIPPED -- test_filters_based_on_addresses in /home/kaiyaok2/PythonProjects/memray/tests/test_utils.py: 52.009121894836426s cumulative, 0.014000654220581055s individual

.
current test PASSED/SKIPPED -- test_filters_for_valloc_and_free in /home/kaiyaok2/PythonProjects/memray/tests/test_utils.py: 52.023669958114624s cumulative, 0.014548063278198242s individual

.
current test PASSED/SKIPPED -- test_free_records_with_unmatched_addresses_do_not_appear in /home/kaiyaok2/PythonProjects/memray/tests/test_utils.py: 52.03725600242615s cumulative, 0.013586044311523438s individual

.
current test PASSED/SKIPPED -- test_free_records_with_valid_addresses_that_dont_match_do_not_appear in /home/kaiyaok2/PythonProjects/memray/tests/test_utils.py: 52.05302309989929s cumulative, 0.01576709747314453s individual

.
current test PASSED/SKIPPED -- test_equality in /home/kaiyaok2/PythonProjects/memray/tests/test_utils.py: 52.06684994697571s cumulative, 0.013826847076416016s individual

.
current test PASSED/SKIPPED -- test_looks_like_AllocationRecord in /home/kaiyaok2/PythonProjects/memray/tests/test_utils.py: 52.0823016166687s cumulative, 0.015451669692993164s individual

.
current test PASSED/SKIPPED -- test_holds_values_at_correct_names in /home/kaiyaok2/PythonProjects/memray/tests/test_utils.py: 52.098180532455444s cumulative, 0.015878915786743164s individual


integration/test_main.py .
current test PASSED/SKIPPED -- test_json_generated_to_existing_known_file in /home/kaiyaok2/PythonProjects/memray/tests/integration/test_main.py: 54.78622770309448s cumulative, 2.688047170639038s individual

.
current test PASSED/SKIPPED -- test_json_generated in /home/kaiyaok2/PythonProjects/memray/tests/integration/test_main.py: 57.51759910583496s cumulative, 2.7313714027404785s individual

.
current test PASSED/SKIPPED -- test_report_detects_corrupt_input in /home/kaiyaok2/PythonProjects/memray/tests/integration/test_main.py: 58.72286415100098s cumulative, 1.2052650451660156s individual

.
current test PASSED/SKIPPED -- test_json_generated_to_pretty_file_name in /home/kaiyaok2/PythonProjects/memray/tests/integration/test_main.py: 61.686691761016846s cumulative, 2.963827610015869s individual

.
current test PASSED/SKIPPED -- test_report_generated in /home/kaiyaok2/PythonProjects/memray/tests/integration/test_main.py: 65.36478519439697s cumulative, 3.678093433380127s individual

.
current test PASSED/SKIPPED -- test_json_generated_to_known_file in /home/kaiyaok2/PythonProjects/memray/tests/integration/test_main.py: 68.93639779090881s cumulative, 3.571612596511841s individual

.
current test PASSED/SKIPPED -- test_json_overwrites_existing_known_file in /home/kaiyaok2/PythonProjects/memray/tests/integration/test_main.py: 72.34840440750122s cumulative, 3.4120066165924072s individual

.
current test PASSED/SKIPPED -- test_error_when_stdout_is_a_tty in /home/kaiyaok2/PythonProjects/memray/tests/integration/test_main.py: 74.90539598464966s cumulative, 2.5569915771484375s individual

.
current test PASSED/SKIPPED -- test_successful_parse in /home/kaiyaok2/PythonProjects/memray/tests/integration/test_main.py: 77.66846203804016s cumulative, 2.763066053390503s individual

.
current test PASSED/SKIPPED -- test_error_when_input_file_does_not_exist in /home/kaiyaok2/PythonProjects/memray/tests/integration/test_main.py: 78.89222931861877s cumulative, 1.2237672805786133s individual

['MEMORY_SNAPSHOT time=1706167468159 rss=631132160 heap=0', 'MEMORY_SNAPSHOT time=1706167468170 rss=631132160 heap=0', 'MEMORY_SNAPSHOT time=1706167468180 rss=631132160 heap=0', 'MEMORY_SNAPSHOT time=1706167468191 rss=631132160 heap=0', 'MEMORY_SNAPSHOT time=1706167468201 rss=631132160 heap=0', 'MEMORY_SNAPSHOT time=1706167468211 rss=631132160 heap=0', 'MEMORY_SNAPSHOT time=1706167468221 rss=631132160 heap=0', 'MEMORY_SNAPSHOT time=1706167468231 rss=631132160 heap=0', 'MEMORY_SNAPSHOT time=1706167468242 rss=631132160 heap=0', 'MEMORY_SNAPSHOT time=1706167468252 rss=631132160 heap=0', 'MEMORY_SNAPSHOT time=1706167468262 rss=631132160 heap=0', 'MEMORY_SNAPSHOT time=1706167468272 rss=631132160 heap=0', 'MEMORY_SNAPSHOT time=1706167468282 rss=631132160 heap=0', 'MEMORY_SNAPSHOT time=1706167468293 rss=631132160 heap=0', 'MEMORY_SNAPSHOT time=1706167468303 rss=631132160 heap=0', 'MEMORY_SNAPSHOT time=1706167468313 rss=631132160 heap=0', 'MEMORY_SNAPSHOT time=1706167468323 rss=631132160 heap=0', 'MEMORY_SNAPSHOT time=1706167468334 rss=631132160 heap=0', 'MEMORY_SNAPSHOT time=1706167468344 rss=631132160 heap=0', 'MEMORY_SNAPSHOT time=1706167468354 rss=631132160 heap=0', 'MEMORY_SNAPSHOT time=1706167468364 rss=631132160 heap=0', 'MEMORY_SNAPSHOT time=1706167468374 rss=631132160 heap=0', 'MEMORY_SNAPSHOT time=1706167468385 rss=631132160 heap=0', 'MEMORY_SNAPSHOT time=1706167468395 rss=631132160 heap=0', 'MEMORY_SNAPSHOT time=1706167468405 rss=631132160 heap=0', 'MEMORY_SNAPSHOT time=1706167468415 rss=631132160 heap=0', 'MEMORY_SNAPSHOT time=1706167468426 rss=631132160 heap=0', 'MEMORY_SNAPSHOT time=1706167468436 rss=631132160 heap=0', 'MEMORY_SNAPSHOT time=1706167468446 rss=631132160 heap=0', 'MEMORY_SNAPSHOT time=1706167468456 rss=631132160 heap=0', 'MEMORY_SNAPSHOT time=1706167468466 rss=631132160 heap=0', 'MEMORY_SNAPSHOT time=1706167468477 rss=631132160 heap=0', 'MEMORY_SNAPSHOT time=1706167468487 rss=631132160 heap=0', 'MEMORY_SNAPSHOT time=1706167468497 rss=631132160 heap=0', 'MEMORY_SNAPSHOT time=1706167468507 rss=631132160 heap=0', 'MEMORY_SNAPSHOT time=1706167468517 rss=631132160 heap=0', 'MEMORY_SNAPSHOT time=1706167468528 rss=631132160 heap=0', 'MEMORY_SNAPSHOT time=1706167468538 rss=631132160 heap=0', 'MEMORY_SNAPSHOT time=1706167468548 rss=631132160 heap=0', 'MEMORY_SNAPSHOT time=1706167468558 rss=631132160 heap=0', 'MEMORY_SNAPSHOT time=1706167468568 rss=631132160 heap=0', 'MEMORY_SNAPSHOT time=1706167468578 rss=631132160 heap=0', 'MEMORY_SNAPSHOT time=1706167468589 rss=631132160 heap=0', 'MEMORY_SNAPSHOT time=1706167468599 rss=631132160 heap=0', 'MEMORY_SNAPSHOT time=1706167468609 rss=631132160 heap=0', 'MEMORY_SNAPSHOT time=1706167468619 rss=631132160 heap=0', 'MEMORY_SNAPSHOT time=1706167468629 rss=631132160 heap=0', 'MEMORY_SNAPSHOT time=1706167468639 rss=631132160 heap=0', 'MEMORY_SNAPSHOT time=1706167468649 rss=631132160 heap=0', 'MEMORY_SNAPSHOT time=1706167468660 rss=631132160 heap=0', 'MEMORY_SNAPSHOT time=1706167468670 rss=631132160 heap=0', 'MEMORY_SNAPSHOT time=1706167468680 rss=631132160 heap=0', 'MEMORY_SNAPSHOT time=1706167468690 rss=631132160 heap=0', 'MEMORY_SNAPSHOT time=1706167468700 rss=631132160 heap=0', 'MEMORY_SNAPSHOT time=1706167468710 rss=631132160 heap=0', 'MEMORY_SNAPSHOT time=1706167468720 rss=631132160 heap=0', 'MEMORY_SNAPSHOT time=1706167468731 rss=631132160 heap=0', 'MEMORY_SNAPSHOT time=1706167468741 rss=631132160 heap=0', 'MEMORY_SNAPSHOT time=1706167468751 rss=631132160 heap=0', 'MEMORY_SNAPSHOT time=1706167468761 rss=631132160 heap=0', 'MEMORY_SNAPSHOT time=1706167468771 rss=631132160 heap=0', 'CONTEXT_SWITCH tid=1', 'THREAD_RECORD main', 'MEMORY_MAP_START', 'SEGMENT_HEADER filename=/usr/bin/python3.10 num_segments=4 addr=0x561bc2592000', 'SEGMENT (nil) 6c228', 'SEGMENT 0x6d000 2af2fd', 'SEGMENT 0x31d000 23e548', 'SEGMENT 0x55c830 8b6a8', 'SEGMENT_HEADER filename=/lib/x86_64-linux-gnu/libm.so.6 num_segments=4 addr=0x7fe58b99d000', 'SEGMENT (nil) d2e0', 'SEGMENT 0xe000 7b8d5', 'SEGMENT 0x8a000 5a7e4', 'SEGMENT 0xe5d80 388', 'SEGMENT_HEADER filename=/lib/x86_64-linux-gnu/libexpat.so.1 num_segments=4 addr=0x7fe58b96c000', 'SEGMENT (nil) 3288', 'SEGMENT 0x4000 1e5b5', 'SEGMENT 0x23000 9c0c', 'SEGMENT 0x2e590 1b28', 'SEGMENT_HEADER filename=/lib/x86_64-linux-gnu/libz.so.1 num_segments=4 addr=0x7fe58b950000', 'SEGMENT (nil) 1f38', 'SEGMENT 0x2000 10c21', 'SEGMENT 0x13000 5e74', 'SEGMENT 0x1ac90 428', 'SEGMENT_HEADER filename=/lib/x86_64-linux-gnu/libc.so.6 num_segments=4 addr=0x7fe58b727000', 'SEGMENT (nil) 27fe0', 'SEGMENT 0x28000 194341', 'SEGMENT 0x1bd000 57924', 'SEGMENT 0x2168f0 12560', 'SEGMENT_HEADER filename=/lib64/ld-linux-x86-64.so.2 num_segments=4 addr=0x7fe58ba8d000', 'SEGMENT (nil) 1b50', 'SEGMENT 0x2000 29315', 'SEGMENT 0x2c000 af34', 'SEGMENT 0x38620 2cb8', 'SEGMENT_HEADER filename=/usr/lib/python3.10/lib-dynload/_opcode.cpython-310-x86_64-linux-gnu.so num_segments=4 addr=0x7fe58b0b0000', 'SEGMENT (nil) 8d8', 'SEGMENT 0x1000 43d', 'SEGMENT 0x2000 2a4', 'SEGMENT 0x3e10 360', 'SEGMENT_HEADER filename=/usr/lib/python3.10/lib-dynload/_bz2.cpython-310-x86_64-linux-gnu.so num_segments=4 addr=0x7fe58b1d1000', 'SEGMENT (nil) 1618', 'SEGMENT 0x2000 2219', 'SEGMENT 0x5000 128c', 'SEGMENT 0x7db0 748', 'SEGMENT_HEADER filename=/lib/x86_64-linux-gnu/libbz2.so.1.0 num_segments=4 addr=0x7fe58b1b7000', 'SEGMENT (nil) 1248', 'SEGMENT 0x2000 c571', 'SEGMENT 0xf000 15e8', 'SEGMENT 0x11c90 f98', 'SEGMENT_HEADER filename=/usr/lib/python3.10/lib-dynload/_lzma.cpython-310-x86_64-linux-gnu.so num_segments=4 addr=0x7fe58ad5b000', 'SEGMENT (nil) 2208', 'SEGMENT 0x3000 38f1', 'SEGMENT 0x7000 243c', 'SEGMENT 0xad70 ac8', 'SEGMENT_HEADER filename=/lib/x86_64-linux-gnu/liblzma.so.5 num_segments=4 addr=0x7fe58ad30000', 'SEGMENT (nil) 27b0', 'SEGMENT 0x3000 1a0ed', 'SEGMENT 0x1e000 a84c', 'SEGMENT 0x29ab0 658', 'SEGMENT_HEADER filename=/usr/lib/python3.10/lib-dynload/_uuid.cpython-310-x86_64-linux-gnu.so num_segments=4 addr=0x7fe58b1cc000', 'SEGMENT (nil) 738', 'SEGMENT 0x1000 239', 'SEGMENT 0x2000 12c', 'SEGMENT 0x3e00 330', 'SEGMENT_HEADER filename=/lib/x86_64-linux-gnu/libuuid.so.1 num_segments=4 addr=0x7fe58afa0000', 'SEGMENT (nil) 1450', 'SEGMENT 0x2000 3d76', 'SEGMENT 0x6000 880', 'SEGMENT 0x7c70 3b8', 'SEGMENT_HEADER filename=/usr/lib/python3.10/lib-dynload/_json.cpython-310-x86_64-linux-gnu.so num_segments=4 addr=0x7fe58af93000', 'SEGMENT (nil) 1f30', 'SEGMENT 0x2000 6695', 'SEGMENT 0x9000 1454', 'SEGMENT 0xbdf8 a78', 'SEGMENT_HEADER filename=/usr/lib/python3.10/lib-dynload/_decimal.cpython-310-x86_64-linux-gnu.so num_segments=4 addr=0x7fe58a872000', 'SEGMENT (nil) 74f8', 'SEGMENT 0x8000 140d1', 'SEGMENT 0x1d000 b130', 'SEGMENT 0x29d18 2d38', 'SEGMENT_HEADER filename=/lib/x86_64-linux-gnu/libmpdec.so.3 num_segments=4 addr=0x7fe58a843000', 'SEGMENT (nil) 4f80', 'SEGMENT 0x5000 203f5', 'SEGMENT 0x26000 690c', 'SEGMENT 0x2dc10 618', 'SEGMENT_HEADER filename=/usr/lib/python3.10/lib-dynload/_hashlib.cpython-310-x86_64-linux-gnu.so num_segments=4 addr=0x7fe58af82000', 'SEGMENT (nil) 3998', 'SEGMENT 0x4000 5fd9', 'SEGMENT 0xa000 3708', 'SEGMENT 0xe7f0 1880', 'SEGMENT_HEADER filename=/lib/x86_64-linux-gnu/libcrypto.so.3 num_segments=4 addr=0x7fe58a200000', 'SEGMENT (nil) b1c28', 'SEGMENT 0xb2000 25de31', 'SEGMENT 0x310000 d1770', 'SEGMENT 0x3e2ff0 5f4d0', 'SEGMENT_HEADER filename=/usr/lib/python3.10/lib-dynload/_sqlite3.cpython-310-x86_64-linux-gnu.so num_segments=4 addr=0x7fe58a0e4000', 'SEGMENT (nil) 55e8', 'SEGMENT 0x6000 d155', 'SEGMENT 0x14000 49a4', 'SEGMENT 0x19bd0 1d78', 'SEGMENT_HEADER filename=/lib/x86_64-linux-gnu/libsqlite3.so.0 num_segments=4 addr=0x7fe589f97000', 'SEGMENT (nil) 1d7d8', 'SEGMENT 0x1e000 eb4dd', 'SEGMENT 0x10a000 3a3ec', 'SEGMENT 0x145ed0 6ae8', 'SEGMENT_HEADER filename=/home/kaiyaok2/.local/lib/python3.10/site-packages/coverage/tracer.cpython-310-x86_64-linux-gnu.so num_segments=4 addr=0x7fe58afa9000', 'SEGMENT (nil) 1970', 'SEGMENT 0x2000 19c1', 'SEGMENT 0x4000 8a4', 'SEGMENT 0x5d50 c18', 'SEGMENT_HEADER filename=/lib/x86_64-linux-gnu/libpthread.so.0 num_segments=4 addr=0x7fe58af76000', 'SEGMENT (nil) aa8', 'SEGMENT 0x1000 115', 'SEGMENT 0x2000 188', 'SEGMENT 0x3e00 228', 'SEGMENT_HEADER filename=/home/kaiyaok2/.local/lib/python3.10/site-packages/numpy/core/_multiarray_umath.cpython-310-x86_64-linux-gnu.so num_segments=6 addr=0x7fe5898d0000', 'SEGMENT (nil) 27c88', 'SEGMENT 0x28000 43abe5', 'SEGMENT 0x463000 116548', 'SEGMENT 0x57b0d0 43fd8', 'SEGMENT 0x5c0000 35e0', 'SEGMENT 0x5c4000 2e20', 'SEGMENT_HEADER filename=/home/kaiyaok2/.local/lib/python3.10/site-packages/numpy/core/../../numpy.libs/libopenblas64_p-r0-15028c96.3.21.so num_segments=7 addr=0x7fe587a56000', 'SEGMENT (nil) fc8a8', 'SEGMENT 0xfd000 7a00', 'SEGMENT 0x108000 1aaaca5', 'SEGMENT 0x1bb3000 1fb760', 'SEGMENT 0x1db0700 27328', 'SEGMENT 0x1dd8000 5d350', 'SEGMENT 0x1e36000 43ab0', 'SEGMENT_HEADER filename=/home/kaiyaok2/.local/lib/python3.10/site-packages/numpy/core/../../numpy.libs/libgfortran-040039e1.so.5.0.0 num_segments=4 addr=0x7fe587400000', 'SEGMENT (nil) 2752ec', 'SEGMENT 0x475310 2160', 'SEGMENT 0x478000 b5f0', 'SEGMENT 0x484000 8c70', 'SEGMENT_HEADER filename=/home/kaiyaok2/.local/lib/python3.10/site-packages/numpy/core/../../numpy.libs/libquadmath-96973f99.so.0.0.0 num_segments=3 addr=0x7fe587000000', 'SEGMENT (nil) 3a4cc', 'SEGMENT 0x23ada0 6f0', 'SEGMENT 0x23c000 738', 'SEGMENT_HEADER filename=/lib/x86_64-linux-gnu/libgcc_s.so.1 num_segments=4 addr=0x7fe587a36000', 'SEGMENT (nil) 2d08', 'SEGMENT 0x3000 16815', 'SEGMENT 0x1a000 32c4', 'SEGMENT 0x1edc8 520', 'SEGMENT_HEADER filename=/usr/lib/python3.10/lib-dynload/_contextvars.cpython-310-x86_64-linux-gnu.so num_segments=4 addr=0x7fe58af7d000', 'SEGMENT (nil) 708', 'SEGMENT 0x1000 1e5', 'SEGMENT 0x2000 160', 'SEGMENT 0x3e38 2f8', 'SEGMENT_HEADER filename=/home/kaiyaok2/.local/lib/python3.10/site-packages/numpy/core/_multiarray_tests.cpython-310-x86_64-linux-gnu.so num_segments=4 addr=0x7fe58790f000', 'SEGMENT (nil) 6bd8', 'SEGMENT 0x7000 16295', 'SEGMENT 0x1e000 55e0', 'SEGMENT 0x24d50 1700', 'SEGMENT_HEADER filename=/usr/lib/python3.10/lib-dynload/_ctypes.cpython-310-x86_64-linux-gnu.so num_segments=4 addr=0x7fe58ac0f000', 'SEGMENT (nil) 5ee0', 'SEGMENT 0x6000 fbb9', 'SEGMENT 0x16000 585c', 'SEGMENT 0x1cd58 3ec8', 'SEGMENT_HEADER filename=/lib/x86_64-linux-gnu/libffi.so.8 num_segments=4 addr=0x7fe58ac02000', 'SEGMENT (nil) 1880', 'SEGMENT 0x2000 63a1', 'SEGMENT 0x9000 fc8', 'SEGMENT 0xbc90 9a0', 'SEGMENT_HEADER filename=/home/kaiyaok2/.local/lib/python3.10/site-packages/numpy/linalg/_umath_linalg.cpython-310-x86_64-linux-gnu.so num_segments=6 addr=0x7fe58abcd000', 'SEGMENT (nil) 6740', 'SEGMENT 0x7000 203f5', 'SEGMENT 0x28000 4d20', 'SEGMENT 0x2ed18 1338', 'SEGMENT 0x31000 18f8', 'SEGMENT 0x33000 1380', 'SEGMENT_HEADER filename=/home/kaiyaok2/.local/lib/python3.10/site-packages/numpy/fft/_pocketfft_internal.cpython-310-x86_64-linux-gnu.so num_segments=4 addr=0x7fe58abb5000', 'SEGMENT (nil) b20', 'SEGMENT 0x1000 12a05', 'SEGMENT 0x14000 152c', 'SEGMENT 0x16dd8 3b8', 'SEGMENT_HEADER filename=/home/kaiyaok2/.local/lib/python3.10/site-packages/numpy/random/mtrand.cpython-310-x86_64-linux-gnu.so num_segments=4 addr=0x7fe58724e000', 'SEGMENT (nil) b4d8', 'SEGMENT 0xc000 4c119', 'SEGMENT 0x59000 2cee0', 'SEGMENT 0x87bf8 29610', 'SEGMENT_HEADER filename=/home/kaiyaok2/.local/lib/python3.10/site-packages/numpy/random/bit_generator.cpython-310-x86_64-linux-gnu.so num_segments=4 addr=0x7fe5878e0000', 'SEGMENT (nil) 5b40', 'SEGMENT 0x6000 1a819', 'SEGMENT 0x21000 73ac', 'SEGMENT 0x29ce0 4f88', 'SEGMENT_HEADER filename=/home/kaiyaok2/.local/lib/python3.10/site-packages/numpy/random/_common.cpython-310-x86_64-linux-gnu.so num_segments=4 addr=0x7fe5878a0000', 'SEGMENT (nil) 4870', 'SEGMENT 0x5000 32301', 'SEGMENT 0x38000 3bcc', 'SEGMENT 0x3ccc8 2dc0', 'SEGMENT_HEADER filename=/home/kaiyaok2/.local/lib/python3.10/site-packages/numpy/random/_bounded_integers.cpython-310-x86_64-linux-gnu.so num_segments=4 addr=0x7fe54d553000', 'SEGMENT (nil) 41d8', 'SEGMENT 0x5000 43869', 'SEGMENT 0x49000 80a8', 'SEGMENT 0x52d28 2268', 'SEGMENT_HEADER filename=/home/kaiyaok2/.local/lib/python3.10/site-packages/numpy/random/_mt19937.cpython-310-x86_64-linux-gnu.so num_segments=4 addr=0x7fe54d539000', 'SEGMENT (nil) 3420', 'SEGMENT 0x4000 daad', 'SEGMENT 0x12000 4014', 'SEGMENT 0x17d10 1f98', 'SEGMENT_HEADER filename=/home/kaiyaok2/.local/lib/python3.10/site-packages/numpy/random/_philox.cpython-310-x86_64-linux-gnu.so num_segments=4 addr=0x7fe58ab9f000', 'SEGMENT (nil) 2f78', 'SEGMENT 0x3000 b539', 'SEGMENT 0xf000 2fa4', 'SEGMENT 0x13d20 1ca8', 'SEGMENT_HEADER filename=/home/kaiyaok2/.local/lib/python3.10/site-packages/numpy/random/_pcg64.cpython-310-x86_64-linux-gnu.so num_segments=4 addr=0x7fe54d51f000', 'SEGMENT (nil) 30f0', 'SEGMENT 0x4000 d985', 'SEGMENT 0x12000 34e8', 'SEGMENT 0x16d30 26d8', 'SEGMENT_HEADER filename=/home/kaiyaok2/.local/lib/python3.10/site-packages/numpy/random/_sfc64.cpython-310-x86_64-linux-gnu.so num_segments=4 addr=0x7fe58af67000', 'SEGMENT (nil) 29c8', 'SEGMENT 0x3000 65b5', 'SEGMENT 0xa000 1d68', 'SEGMENT 0xdd40 11d8', 'SEGMENT_HEADER filename=/home/kaiyaok2/.local/lib/python3.10/site-packages/numpy/random/_generator.cpython-310-x86_64-linux-gnu.so num_segments=4 addr=0x7fe54d442000', 'SEGMENT (nil) c478', 'SEGMENT 0xd000 74dd1', 'SEGMENT 0x82000 309cc', 'SEGMENT 0xb3b90 28a88', 'SEGMENT_HEADER filename=/usr/lib/python3.10/lib-dynload/_ssl.cpython-310-x86_64-linux-gnu.so num_segments=4 addr=0x7fe54d30b000', 'SEGMENT (nil) 11d98', 'SEGMENT 0x12000 c071', 'SEGMENT 0x1f000 dc00', 'SEGMENT 0x2dc30 8b28', 'SEGMENT_HEADER filename=/lib/x86_64-linux-gnu/libssl.so.3 num_segments=4 addr=0x7fe54d267000', 'SEGMENT (nil) 1d418', 'SEGMENT 0x1e000 5aeed', 'SEGMENT 0x79000 1c1c0', 'SEGMENT 0x96eb0 c940', 'SEGMENT_HEADER filename=/usr/lib/python3.10/lib-dynload/_asyncio.cpython-310-x86_64-linux-gnu.so num_segments=4 addr=0x7fe54d153000', 'SEGMENT (nil) 3b38', 'SEGMENT 0x4000 76f9', 'SEGMENT 0xc000 3e74', 'SEGMENT 0x11c90 1eb0', 'SEGMENT_HEADER filename=/usr/lib/python3.10/lib-dynload/_queue.cpython-310-x86_64-linux-gnu.so num_segments=4 addr=0x7fe587899000', 'SEGMENT (nil) 1348', 'SEGMENT 0x2000 1259', 'SEGMENT 0x4000 c40', 'SEGMENT 0x5db0 6e0', 'SEGMENT_HEADER filename=/home/kaiyaok2/.local/lib/python3.10/site-packages/rpds/rpds.cpython-310-x86_64-linux-gnu.so num_segments=4 addr=0x7fe54cca0000', 'SEGMENT (nil) aea0', 'SEGMENT 0xb000 7e9a9', 'SEGMENT 0x8a000 20a54', 'SEGMENT 0xabbd8 6b08', 'SEGMENT_HEADER filename=/lib/x86_64-linux-gnu/librt.so.1 num_segments=4 addr=0x7fe58788d000', 'SEGMENT (nil) 808', 'SEGMENT 0x1000 285', 'SEGMENT 0x2000 274', 'SEGMENT 0x3dc0 278', 'SEGMENT_HEADER filename=/lib/x86_64-linux-gnu/libdl.so.2 num_segments=4 addr=0x7fe587249000', 'SEGMENT (nil) 678', 'SEGMENT 0x1000 115', 'SEGMENT 0x2000 110', 'SEGMENT 0x3e00 228', 'SEGMENT_HEADER filename=/home/kaiyaok2/.local/lib/python3.10/site-packages/zmq/backend/cython/_device.cpython-310-x86_64-linux-gnu.so num_segments=6 addr=0x7fe54c98e000', 'SEGMENT (nil) 29d8', 'SEGMENT 0x3000 61e5', 'SEGMENT 0xa000 17c8', 'SEGMENT 0xcd40 14a8', 'SEGMENT 0xf000 1198', 'SEGMENT 0x11000 9c0', 'SEGMENT_HEADER filename=/home/kaiyaok2/.local/lib/python3.10/site-packages/zmq/backend/cython/../../../pyzmq.libs/libzmq-fc4fcd2d.so.5.2.4 num_segments=6 addr=0x7fe54c89a000', 'SEGMENT (nil) 17d18', 'SEGMENT 0x18000 92779', 'SEGMENT 0xab000 3aef4', 'SEGMENT 0xe7c80 7ca0', 'SEGMENT 0xf0000 1c90', 'SEGMENT 0xf2000 1a10', 'SEGMENT_HEADER filename=/home/kaiyaok2/.local/lib/python3.10/site-packages/zmq/backend/cython/../../../pyzmq.libs/libsodium-a0cd10d3.so.23.3.0 num_segments=5 addr=0x7fe54c76f000', 'SEGMENT (nil) be90', 'SEGMENT 0xc000 1001c9', 'SEGMENT 0x10d000 13aa0', 'SEGMENT 0x122798 c78', 'SEGMENT 0x124000 6260', 'SEGMENT_HEADER filename=/lib/x86_64-linux-gnu/libstdc++.so.6 num_segments=4 addr=0x7fe54c543000', 'SEGMENT (nil) 99140', 'SEGMENT 0x9a000 110fd1', 'SEGMENT 0x1ab000 6e882', 'SEGMENT 0x21b880 10040', 'SEGMENT_HEADER filename=/home/kaiyaok2/.local/lib/python3.10/site-packages/zmq/backend/cython/context.cpython-310-x86_64-linux-gnu.so num_segments=6 addr=0x7fe54c52d000', 'SEGMENT (nil) 3580', 'SEGMENT 0x4000 8195', 'SEGMENT 0xd000 2144', 'SEGMENT 0x10d28 1ef8', 'SEGMENT 0x13000 1440', 'SEGMENT 0x15000 ae0', 'SEGMENT_HEADER filename=/home/kaiyaok2/.local/lib/python3.10/site-packages/zmq/backend/cython/socket.cpython-310-x86_64-linux-gnu.so num_segments=6 addr=0x7fe54c502000', 'SEGMENT (nil) 5710', 'SEGMENT 0x6000 17271', 'SEGMENT 0x1e000 3a90', 'SEGMENT 0x22d00 4f40', 'SEGMENT 0x28000 19d0', 'SEGMENT 0x2a000 d28', 'SEGMENT_HEADER filename=/home/kaiyaok2/.local/lib/python3.10/site-packages/zmq/backend/cython/message.cpython-310-x86_64-linux-gnu.so num_segments=6 addr=0x7fe54c4e5000', 'SEGMENT (nil) 4b30', 'SEGMENT 0x5000 d7a1', 'SEGMENT 0x13000 2c2c', 'SEGMENT 0x16ce8 2c40', 'SEGMENT 0x1a000 cb0', 'SEGMENT 0x1b000 1dd8', 'SEGMENT_HEADER filename=/home/kaiyaok2/.local/lib/python3.10/site-packages/zmq/backend/cython/_poll.cpython-310-x86_64-linux-gnu.so num_segments=6 addr=0x7fe54c4cf000', 'SEGMENT (nil) 3188', 'SEGMENT 0x4000 99b1', 'SEGMENT 0xe000 1c94', 'SEGMENT 0x10d18 18b0', 'SEGMENT 0x13000 1400', 'SEGMENT 0x15000 aa8', 'SEGMENT_HEADER filename=/home/kaiyaok2/.local/lib/python3.10/site-packages/zmq/backend/cython/_proxy_steerable.cpython-310-x86_64-linux-gnu.so num_segments=6 addr=0x7fe54c4be000', 'SEGMENT (nil) 2828', 'SEGMENT 0x3000 531d', 'SEGMENT 0x9000 1540', 'SEGMENT 0xbd58 1300', 'SEGMENT 0xe000 10e8', 'SEGMENT 0x10000 980', 'SEGMENT_HEADER filename=/home/kaiyaok2/.local/lib/python3.10/site-packages/zmq/backend/cython/_version.cpython-310-x86_64-linux-gnu.so num_segments=6 addr=0x7fe58723f000', 'SEGMENT (nil) 1f68', 'SEGMENT 0x2000 25c9', 'SEGMENT 0x5000 d78', 'SEGMENT 0x6d80 e08', 'SEGMENT 0x8000 ce8', 'SEGMENT 0x9000 7b0', 'SEGMENT_HEADER filename=/home/kaiyaok2/.local/lib/python3.10/site-packages/zmq/backend/cython/error.cpython-310-x86_64-linux-gnu.so num_segments=6 addr=0x7fe54c4b2000', 'SEGMENT (nil) 2170', 'SEGMENT 0x3000 2e99', 'SEGMENT 0x6000 fa0', 'SEGMENT 0x8d68 ed8', 'SEGMENT 0xa000 df8', 'SEGMENT 0xb000 810', 'SEGMENT_HEADER filename=/home/kaiyaok2/.local/lib/python3.10/site-packages/zmq/backend/cython/utils.cpython-310-x86_64-linux-gnu.so num_segments=6 addr=0x7fe54c4a3000', 'SEGMENT (nil) 2790', 'SEGMENT 0x3000 44b1', 'SEGMENT 0x8000 1220', 'SEGMENT 0xad50 1568', 'SEGMENT 0xd000 fe0', 'SEGMENT 0xe000 8f0', 'SEGMENT_HEADER filename=/home/kaiyaok2/.local/lib/python3.10/site-packages/tornado/speedups.abi3.so num_segments=4 addr=0x7fe587894000', 'SEGMENT (nil) 688', 'SEGMENT 0x1000 28d', 'SEGMENT 0x2000 d4', 'SEGMENT 0x3df8 330', 'SEGMENT_HEADER filename=/usr/lib/python3.10/lib-dynload/_curses.cpython-310-x86_64-linux-gnu.so num_segments=4 addr=0x7fe54c383000', 'SEGMENT (nil) 66c8', 'SEGMENT 0x7000 a079', 'SEGMENT 0x12000 a3c4', 'SEGMENT 0x1dd50 2258', 'SEGMENT_HEADER filename=/lib/x86_64-linux-gnu/libncursesw.so.6 num_segments=4 addr=0x7fe54c340000', 'SEGMENT (nil) 7f00', 'SEGMENT 0x8000 28639', 'SEGMENT 0x31000 7978', 'SEGMENT 0x3a8d8 8e8', 'SEGMENT_HEADER filename=/lib/x86_64-linux-gnu/libtinfo.so.6 num_segments=4 addr=0x7fe54c30e000', 'SEGMENT (nil) d610', 'SEGMENT 0xe000 101a9', 'SEGMENT 0x1f000 d690', 'SEGMENT 0x2db90 3d90', 'SEGMENT_HEADER filename=/usr/lib/python3.10/lib-dynload/termios.cpython-310-x86_64-linux-gnu.so num_segments=4 addr=0x7fe54c205000', 'SEGMENT (nil) 27c0', 'SEGMENT 0x3000 ee9', 'SEGMENT 0x4000 148c', 'SEGMENT 0x6e00 1410', 'SEGMENT_HEADER filename=/usr/lib/python3.10/lib-dynload/resource.cpython-310-x86_64-linux-gnu.so num_segments=4 addr=0x7fe54c37d000', 'SEGMENT (nil) 1230', 'SEGMENT 0x2000 e79', 'SEGMENT 0x3000 a0c', 'SEGMENT 0x4df0 5c0', 'SEGMENT_HEADER filename=/usr/lib/python3.10/lib-dynload/_lsprof.cpython-310-x86_64-linux-gnu.so num_segments=4 addr=0x7fe54d6e0000', 'SEGMENT (nil) 14f8', 'SEGMENT 0x2000 29a1', 'SEGMENT 0x5000 1160', 'SEGMENT 0x7e28 6c0', 'SEGMENT_HEADER filename=/home/kaiyaok2/.local/lib/python3.10/site-packages/debugpy/_vendored/pydevd/_pydevd_bundle/pydevd_cython.cpython-310-x86_64-linux-gnu.so num_segments=4 addr=0x7fe54b0f1000', 'SEGMENT (nil) 7ef8', 'SEGMENT 0x8000 7904d', 'SEGMENT 0x82000 8bb0', 'SEGMENT 0x8bc90 6880', 'SEGMENT_HEADER filename=/home/kaiyaok2/.local/lib/python3.10/site-packages/markupsafe/_speedups.cpython-310-x86_64-linux-gnu.so num_segments=4 addr=0x7fe54d6db000', 'SEGMENT (nil) a80', 'SEGMENT 0x1000 d05', 'SEGMENT 0x2000 7c8', 'SEGMENT 0x3dd8 3e0', 'SEGMENT_HEADER filename=/home/kaiyaok2/.local/lib/python3.10/site-packages/yaml/_yaml.cpython-310-x86_64-linux-gnu.so num_segments=4 addr=0x7fe54aa97000', 'SEGMENT (nil) 6368', 'SEGMENT 0x7000 45bd1', 'SEGMENT 0x4d000 70d8', 'SEGMENT 0x55d30 3d40', 'SEGMENT_HEADER filename=/home/kaiyaok2/.local/lib/python3.10/site-packages/_brotli.cpython-310-x86_64-linux-gnu.so num_segments=2 addr=0x7fe54a400000', 'SEGMENT (nil) d7e94', 'SEGMENT 0x2d8c90 d00', 'SEGMENT_HEADER filename=/home/kaiyaok2/.local/lib/python3.10/site-packages/simplejson/_speedups.cpython-310-x86_64-linux-gnu.so num_segments=4 addr=0x7fe54d6cd000', 'SEGMENT (nil) 21a0', 'SEGMENT 0x3000 65e5', 'SEGMENT 0xa000 1438', 'SEGMENT 0xcdb0 df8', 'SEGMENT_HEADER filename=/home/kaiyaok2/.local/lib/python3.10/site-packages/charset_normalizer/md.cpython-310-x86_64-linux-gnu.so num_segments=4 addr=0x7fe54d6c8000', 'SEGMENT (nil) 600', 'SEGMENT 0x1000 1c1', 'SEGMENT 0x2000 f8', 'SEGMENT 0x3df8 258', 'SEGMENT_HEADER filename=/home/kaiyaok2/.local/lib/python3.10/site-packages/charset_normalizer/md__mypyc.cpython-310-x86_64-linux-gnu.so num_segments=4 addr=0x7fe54a75e000', 'SEGMENT (nil) ccc0', 'SEGMENT 0xd000 1be11', 'SEGMENT 0x29000 8a5c', 'SEGMENT 0x337d0 5098', 'SEGMENT_HEADER filename=/usr/lib/python3.10/lib-dynload/_multibytecodec.cpython-310-x86_64-linux-gnu.so num_segments=4 addr=0x7fe54d6bb000', 'SEGMENT (nil) 2978', 'SEGMENT 0x3000 587d', 'SEGMENT 0x9000 1cd8', 'SEGMENT 0xbd50 ec8', 'SEGMENT_HEADER filename=/home/kaiyaok2/.local/lib/python3.10/site-packages/PyQt5/QtCore.abi3.so num_segments=2 addr=0x7fe549fe6000', 'SEGMENT (nil) 2c9a4c', 'SEGMENT 0x2ca948 4ee08', 'SEGMENT_HEADER filename=/home/kaiyaok2/.local/lib/python3.10/site-packages/PyQt5/Qt5/lib/libQt5Core.so.5 num_segments=2 addr=0x7fe549600000', 'SEGMENT (nil) 5e3d78', 'SEGMENT 0x7e4600 11928', 'SEGMENT_HEADER filename=/home/kaiyaok2/.local/lib/python3.10/site-packages/PyQt5/Qt5/lib/libicui18n.so.56 num_segments=2 addr=0x7fe549000000', 'SEGMENT (nil) 288128', 'SEGMENT 0x488ae0 f670', 'SEGMENT_HEADER filename=/home/kaiyaok2/.local/lib/python3.10/site-packages/PyQt5/Qt5/lib/libicuuc.so.56 num_segments=2 addr=0x7fe548c00000', 'SEGMENT (nil) 1a4db5', 'SEGMENT 0x3a50a8 12c18', 'SEGMENT_HEADER filename=/home/kaiyaok2/.local/lib/python3.10/site-packages/PyQt5/Qt5/lib/libicudata.so.56 num_segments=2 addr=0x7fe547200000', 'SEGMENT (nil) 17e2ab0', 'SEGMENT 0x19e2f10 f0', 'SEGMENT_HEADER filename=/lib/x86_64-linux-gnu/libgthread-2.0.so.0 num_segments=4 addr=0x7fe54d6af000', 'SEGMENT (nil) 5f8', 'SEGMENT 0x1000 1d1', 'SEGMENT 0x2000 1c0', 'SEGMENT 0x3d98 278', 'SEGMENT_HEADER filename=/lib/x86_64-linux-gnu/libglib-2.0.so.0 num_segments=4 addr=0x7fe549eac000', 'SEGMENT (nil) 1c5d0', 'SEGMENT 0x1d000 8ef31', 'SEGMENT 0xac000 897c0', 'SEGMENT 0x137428 1eb0', 'SEGMENT_HEADER filename=/lib/x86_64-linux-gnu/libpcre.so.3 num_segments=4 addr=0x7fe54a6e8000', 'SEGMENT (nil) 1350', 'SEGMENT 0x2000 545bd', 'SEGMENT 0x57000 1c66c', 'SEGMENT 0x74bf0 520', 'SEGMENT_HEADER filename=/home/kaiyaok2/.local/lib/python3.10/site-packages/PyQt5/sip.cpython-310-x86_64-linux-gnu.so num_segments=2 addr=0x7fe549e83000', 'SEGMENT (nil) 24c88', 'SEGMENT 0x257b0 28a0', 'SEGMENT_HEADER filename=/home/kaiyaok2/.local/lib/python3.10/site-packages/PyQt5/QtGui.abi3.so num_segments=2 addr=0x7fe546eac000', 'SEGMENT (nil) 2f331c', 'SEGMENT 0x2f4d88 5eec8', 'SEGMENT_HEADER filename=/home/kaiyaok2/.local/lib/python3.10/site-packages/PyQt5/Qt5/lib/libQt5Gui.so.5 num_segments=2 addr=0x7fe546400000', 'SEGMENT (nil) 70fa1c', 'SEGMENT 0x90fbb8 211b0', 'SEGMENT_HEADER filename=/lib/x86_64-linux-gnu/libGL.so.1 num_segments=4 addr=0x7fe549dfc000', 'SEGMENT (nil) 429e8', 'SEGMENT 0x43000 1e00d', 'SEGMENT 0x62000 14438', 'SEGMENT 0x77ce0 ec30', 'SEGMENT_HEADER filename=/lib/x86_64-linux-gnu/libGLdispatch.so.0 num_segments=4 addr=0x7fe546df4000', 'SEGMENT (nil) 3ffa0', 'SEGMENT 0x40000 3e00d', 'SEGMENT 0x7f000 12c60', 'SEGMENT 0x934e0 23e58', 'SEGMENT_HEADER filename=/lib/x86_64-linux-gnu/libGLX.so.0 num_segments=4 addr=0x7fe5494cc000', 'SEGMENT (nil) 2898', 'SEGMENT 0x3000 1a08d', 'SEGMENT 0x1e000 2a90', 'SEGMENT 0x22900 10c88', 'SEGMENT_HEADER filename=/lib/x86_64-linux-gnu/libX11.so.6 num_segments=4 addr=0x7fe5462c0000', 'SEGMENT (nil) 18038', 'SEGMENT 0x19000 8b6dd', 'SEGMENT 0xa5000 943e8', 'SEGMENT 0x13b1b0 4b80', 'SEGMENT_HEADER filename=/lib/x86_64-linux-gnu/libxcb.so.1 num_segments=4 addr=0x7fe5494a2000', 'SEGMENT (nil) af08', 'SEGMENT 0xb000 1366d', 'SEGMENT 0x1f000 85c0', 'SEGMENT 0x28cc0 5c8', 'SEGMENT_HEADER filename=/lib/x86_64-linux-gnu/libXau.so.6 num_segments=4 addr=0x7fe54d6a9000', 'SEGMENT (nil) c30', 'SEGMENT 0x1000 10a1', 'SEGMENT 0x3000 428', 'SEGMENT 0x4e00 308', 'SEGMENT_HEADER filename=/lib/x86_64-linux-gnu/libXdmcp.so.6 num_segments=4 addr=0x7fe54a6e0000', 'SEGMENT (nil) 1030', 'SEGMENT 0x2000 1975', 'SEGMENT 0x4000 19b0', 'SEGMENT 0x6df0 290', 'SEGMENT_HEADER filename=/lib/x86_64-linux-gnu/libbsd.so.0 num_segments=4 addr=0x7fe548fe8000', 'SEGMENT (nil) 3ba8', 'SEGMENT 0x4000 c235', 'SEGMENT 0x11000 2eac', 'SEGMENT 0x15960 1780', 'SEGMENT_HEADER filename=/lib/x86_64-linux-gnu/libmd.so.0 num_segments=4 addr=0x7fe548fdb000', 'SEGMENT (nil) 15c8', 'SEGMENT 0x2000 6749', 'SEGMENT 0x9000 16c0', 'SEGMENT 0xbcd0 418', 'SEGMENT_HEADER filename=/home/kaiyaok2/.local/lib/python3.10/site-packages/PyQt5/QtTest.abi3.so num_segments=2 addr=0x7fe548fc3000', 'SEGMENT (nil) 148a4', 'SEGMENT 0x15ab0 1ee0', 'SEGMENT_HEADER filename=/home/kaiyaok2/.local/lib/python3.10/site-packages/PyQt5/Qt5/lib/libQt5Widgets.so.5 num_segments=2 addr=0x7fe545a00000', 'SEGMENT (nil) 62f75c', 'SEGMENT 0x82fb30 32360', 'SEGMENT_HEADER filename=/home/kaiyaok2/.local/lib/python3.10/site-packages/PyQt5/Qt5/lib/libQt5Test.so.5 num_segments=2 addr=0x7fe545600000', 'SEGMENT (nil) 4b996', 'SEGMENT 0x24be18 61e8', 'SEGMENT_HEADER filename=/home/kaiyaok2/.local/lib/python3.10/site-packages/PyQt5/QtWidgets.abi3.so num_segments=2 addr=0x7fe5450b7000', 'SEGMENT (nil) 4d94a4', 'SEGMENT 0x4da910 6de60', 'SEGMENT_HEADER filename=/home/kaiyaok2/.local/lib/python3.10/site-packages/srsly/ujson/ujson.cpython-310-x86_64-linux-gnu.so num_segments=4 addr=0x7fe548bf3000', 'SEGMENT (nil) 2e90', 'SEGMENT 0x3000 4a6d', 'SEGMENT 0x8000 2288', 'SEGMENT 0xbc38 880', 'SEGMENT_HEADER filename=/home/kaiyaok2/.local/lib/python3.10/site-packages/srsly/msgpack/_packer.cpython-310-x86_64-linux-gnu.so num_segments=4 addr=0x7fe546dde000', 'SEGMENT (nil) 3250', 'SEGMENT 0x4000 bdb5', 'SEGMENT 0x10000 25d4', 'SEGMENT 0x13cd8 1878', 'SEGMENT_HEADER filename=/home/kaiyaok2/.local/lib/python3.10/site-packages/srsly/msgpack/_unpacker.cpython-310-x86_64-linux-gnu.so num_segments=4 addr=0x7fe546dc5000', 'SEGMENT (nil) 3e30', 'SEGMENT 0x4000 c909', 'SEGMENT 0x11000 33d0', 'SEGMENT 0x15d20 2708', 'SEGMENT_HEADER filename=/home/kaiyaok2/.local/lib/python3.10/site-packages/_ruamel_yaml.cpython-310-x86_64-linux-gnu.so num_segments=2 addr=0x7fe544c00000', 'SEGMENT (nil) 54ce4', 'SEGMENT 0x255cc8 2c30', 'SEGMENT_HEADER filename=/home/kaiyaok2/.local/lib/python3.10/site-packages/pydantic/__init__.cpython-310-x86_64-linux-gnu.so num_segments=4 addr=0x7fe548fb9000', 'SEGMENT (nil) 2e80', 'SEGMENT 0x3000 2b11', 'SEGMENT 0x6000 c68', 'SEGMENT 0x7da0 1f30', 'SEGMENT_HEADER filename=/home/kaiyaok2/.local/lib/python3.10/site-packages/pydantic/dataclasses.cpython-310-x86_64-linux-gnu.so num_segments=4 addr=0x7fe546d81000', 'SEGMENT (nil) 7158', 'SEGMENT 0x8000 2e3b1', 'SEGMENT 0x37000 5658', 'SEGMENT 0x3dcc0 5f30', 'SEGMENT_HEADER filename=/home/kaiyaok2/.local/lib/python3.10/site-packages/pydantic/class_validators.cpython-310-x86_64-linux-gnu.so num_segments=4 addr=0x7fe546d3d000', 'SEGMENT (nil) 7218', 'SEGMENT 0x8000 2d9fd', 'SEGMENT 0x36000 5f94', 'SEGMENT 0x3dcc8 5e80', 'SEGMENT_HEADER filename=/home/kaiyaok2/.local/lib/python3.10/site-packages/pydantic/errors.cpython-310-x86_64-linux-gnu.so num_segments=4 addr=0x7fe546283000', 'SEGMENT (nil) 8e00', 'SEGMENT 0x9000 23119', 'SEGMENT 0x2d000 627c', 'SEGMENT 0x34cd0 7af8', 'SEGMENT_HEADER filename=/home/kaiyaok2/.local/lib/python3.10/site-packages/pydantic/typing.cpython-310-x86_64-linux-gnu.so num_segments=4 addr=0x7fe5458bd000', 'SEGMENT (nil) 6f48', 'SEGMENT 0x7000 2edd1', 'SEGMENT 0x36000 4aa8', 'SEGMENT 0x3bcd0 6e08', 'SEGMENT_HEADER filename=/home/kaiyaok2/.local/lib/python3.10/site-packages/pydantic/utils.cpython-310-x86_64-linux-gnu.so num_segments=4 addr=0x7fe545853000', 'SEGMENT (nil) ace8', 'SEGMENT 0xb000 4914d', 'SEGMENT 0x55000 88c0', 'SEGMENT 0x5ec98 b130', 'SEGMENT_HEADER filename=/home/kaiyaok2/.local/lib/python3.10/site-packages/pydantic/version.cpython-310-x86_64-linux-gnu.so num_segments=4 addr=0x7fe546270000', 'SEGMENT (nil) 3780', 'SEGMENT 0x4000 84f5', 'SEGMENT 0xd000 1f28', 'SEGMENT 0x10d20 1f48', 'SEGMENT_HEADER filename=/home/kaiyaok2/.local/lib/python3.10/site-packages/pydantic/config.cpython-310-x86_64-linux-gnu.so num_segments=4 addr=0x7fe544e9d000', 'SEGMENT (nil) 4a40', 'SEGMENT 0x5000 deb1', 'SEGMENT 0x13000 22d4', 'SEGMENT 0x16d08 2d78', 'SEGMENT_HEADER filename=/home/kaiyaok2/.local/lib/python3.10/site-packages/pydantic/error_wrappers.cpython-310-x86_64-linux-gnu.so num_segments=4 addr=0x7fe544e75000', 'SEGMENT (nil) 5968', 'SEGMENT 0x6000 17261', 'SEGMENT 0x1e000 3d64', 'SEGMENT 0x23cc8 4210', 'SEGMENT_HEADER filename=/home/kaiyaok2/.local/lib/python3.10/site-packages/pydantic/json.cpython-310-x86_64-linux-gnu.so num_segments=4 addr=0x7fe544e5c000', 'SEGMENT (nil) 3f40', 'SEGMENT 0x4000 d2c9', 'SEGMENT 0x12000 1d64', 'SEGMENT 0x15d30 2620', 'SEGMENT_HEADER filename=/home/kaiyaok2/.local/lib/python3.10/site-packages/pydantic/color.cpython-310-x86_64-linux-gnu.so num_segments=4 addr=0x7fe544bb1000', 'SEGMENT (nil) 8940', 'SEGMENT 0x9000 35c61', 'SEGMENT 0x3f000 5898', 'SEGMENT 0x45cc8 8c08', 'SEGMENT_HEADER filename=/home/kaiyaok2/.local/lib/python3.10/site-packages/pydantic/networks.cpython-310-x86_64-linux-gnu.so num_segments=4 addr=0x7fe544b57000', 'SEGMENT (nil) 9210', 'SEGMENT 0xa000 3f121', 'SEGMENT 0x4a000 6a64', 'SEGMENT 0x51cc0 8138', 'SEGMENT_HEADER filename=/home/kaiyaok2/.local/lib/python3.10/site-packages/pydantic/validators.cpython-310-x86_64-linux-gnu.so num_segments=4 addr=0x7fe544ad9000', 'SEGMENT (nil) 8b28', 'SEGMENT 0x9000 62895', 'SEGMENT 0x6c000 7274', 'SEGMENT 0x74ca0 85b8', 'SEGMENT_HEADER filename=/home/kaiyaok2/.local/lib/python3.10/site-packages/pydantic/datetime_parse.cpython-310-x86_64-linux-gnu.so num_segments=4 addr=0x7fe544ab6000', 'SEGMENT (nil) 4308', 'SEGMENT 0x5000 16e89', 'SEGMENT 0x1c000 24b0', 'SEGMENT 0x1fd10 2a90', 'SEGMENT_HEADER filename=/home/kaiyaok2/.local/lib/python3.10/site-packages/pydantic/types.cpython-310-x86_64-linux-gnu.so num_segments=4 addr=0x7fe544939000', 'SEGMENT (nil) c810', 'SEGMENT 0xd000 55409', 'SEGMENT 0x63000 b2d4', 'SEGMENT 0x6fca8 d168', 'SEGMENT_HEADER filename=/home/kaiyaok2/.local/lib/python3.10/site-packages/pydantic/fields.cpython-310-x86_64-linux-gnu.so num_segments=4 addr=0x7fe5448a3000', 'SEGMENT (nil) ab28', 'SEGMENT 0xb000 75631', 'SEGMENT 0x81000 75d4', 'SEGMENT 0x89ca8 bca0', 'SEGMENT_HEADER filename=/home/kaiyaok2/.local/lib/python3.10/site-packages/pydantic/main.cpython-310-x86_64-linux-gnu.so num_segments=4 addr=0x7fe544802000', 'SEGMENT (nil) afc0', 'SEGMENT 0xb000 805a1', 'SEGMENT 0x8c000 8044', 'SEGMENT 0x95cb8 ab50', 'SEGMENT_HEADER filename=/home/kaiyaok2/.local/lib/python3.10/site-packages/pydantic/parse.cpython-310-x86_64-linux-gnu.so num_segments=4 addr=0x7fe5447f0000', 'SEGMENT (nil) 3200', 'SEGMENT 0x4000 8465', 'SEGMENT 0xd000 16ac', 'SEGMENT 0xfd40 1940', 'SEGMENT_HEADER filename=/home/kaiyaok2/.local/lib/python3.10/site-packages/pydantic/schema.cpython-310-x86_64-linux-gnu.so num_segments=4 addr=0x7fe544748000', 'SEGMENT (nil) 98a8', 'SEGMENT 0xa000 893a9', 'SEGMENT 0x94000 6a98', 'SEGMENT 0x9bc90 c008', 'SEGMENT_HEADER filename=/home/kaiyaok2/.local/lib/python3.10/site-packages/pydantic/annotated_types.cpython-310-x86_64-linux-gnu.so num_segments=4 addr=0x7fe544731000', 'SEGMENT (nil) 3bc8', 'SEGMENT 0x4000 bf01', 'SEGMENT 0x10000 28b8', 'SEGMENT 0x13d00 23f8', 'SEGMENT_HEADER filename=/home/kaiyaok2/.local/lib/python3.10/site-packages/pydantic/decorator.cpython-310-x86_64-linux-gnu.so num_segments=4 addr=0x7fe5446fe000', 'SEGMENT (nil) 5950', 'SEGMENT 0x6000 23e55', 'SEGMENT 0x2a000 3648', 'SEGMENT 0x2ecf8 40b0', 'SEGMENT_HEADER filename=/home/kaiyaok2/.local/lib/python3.10/site-packages/pydantic/env_settings.cpython-310-x86_64-linux-gnu.so num_segments=4 addr=0x7fe5446be000', 'SEGMENT (nil) 6e80', 'SEGMENT 0x7000 2bec9', 'SEGMENT 0x33000 4ff0', 'SEGMENT 0x39cb0 5790', 'SEGMENT_HEADER filename=/home/kaiyaok2/.local/lib/python3.10/site-packages/pydantic/tools.cpython-310-x86_64-linux-gnu.so num_segments=4 addr=0x7fe5446a9000', 'SEGMENT (nil) 36a8', 'SEGMENT 0x4000 b0b1', 'SEGMENT 0x10000 1a30', 'SEGMENT 0x12d50 2050', 'SEGMENT_HEADER filename=/home/kaiyaok2/.local/lib/python3.10/site-packages/torch/lib/libtorch_global_deps.so num_segments=6 addr=0x7fe54d6b4000', 'SEGMENT (nil) 548', 'SEGMENT 0x1000 111', 'SEGMENT 0x2000 4', 'SEGMENT 0x3d48 2e8', 'SEGMENT 0x5000 258', 'SEGMENT 0x6000 2d0', 'SEGMENT_HEADER filename=/home/kaiyaok2/.local/lib/python3.10/site-packages/torch/lib/../../nvidia/cufft/lib/libcufft.so.11 num_segments=2 addr=0x7fe538a00000', 'SEGMENT (nil) 3dc565e', 'SEGMENT 0x3fc6000 7af3bc8', 'SEGMENT_HEADER filename=/home/kaiyaok2/.local/lib/python3.10/site-packages/torch/lib/../../nvidia/curand/lib/libcurand.so.10 num_segments=2 addr=0x7fe532e00000', 'SEGMENT (nil) 3f8f63c', 'SEGMENT 0x4190000 1a69b68', 'SEGMENT_HEADER filename=/home/kaiyaok2/.local/lib/python3.10/site-packages/torch/lib/../../nvidia/cublas/lib/libcublas.so.12 num_segments=2 addr=0x7fe52c400000', 'SEGMENT (nil) 6670bf8', 'SEGMENT 0x6871000 15688', 'SEGMENT_HEADER filename=/home/kaiyaok2/.local/lib/python3.10/site-packages/torch/lib/../../nvidia/cublas/lib/libcublasLt.so.12 num_segments=2 addr=0x7fe50a400000', 'SEGMENT (nil) 1d98ddd8', 'SEGMENT 0x1db8e000 443b248', 'SEGMENT_HEADER filename=/home/kaiyaok2/.local/lib/python3.10/site-packages/torch/lib/../../nvidia/cuda_runtime/lib/libcudart.so.12 num_segments=2 addr=0x7fe50a000000', 'SEGMENT (nil) 9f5ac', 'SEGMENT 0x2a0000 6f48', 'SEGMENT_HEADER filename=/home/kaiyaok2/.local/lib/python3.10/site-packages/torch/lib/../../nvidia/nvtx/lib/libnvToolsExt.so.1 num_segments=2 addr=0x7fe509c00000', 'SEGMENT (nil) 7d6c', 'SEGMENT 0x208ca8 868', 'SEGMENT_HEADER filename=/home/kaiyaok2/.local/lib/python3.10/site-packages/torch/lib/libgomp-a34b3233.so.1 num_segments=3 addr=0x7fe509800000', 'SEGMENT (nil) 2408c', 'SEGMENT 0x224d70 840', 'SEGMENT 0x226000 3480', 'SEGMENT_HEADER filename=/home/kaiyaok2/.local/lib/python3.10/site-packages/torch/_C.cpython-310-x86_64-linux-gnu.so num_segments=5 addr=0x7fe54a6da000', 'SEGMENT (nil) 5c0', 'SEGMENT 0x1000 131', 'SEGMENT 0x2000 78', 'SEGMENT 0x3dd8 260', 'SEGMENT 0x5000 3e0', 'SEGMENT_HEADER filename=/home/kaiyaok2/.local/lib/python3.10/site-packages/torch/lib/libtorch_python.so num_segments=5 addr=0x7fe50862f000', 'SEGMENT (nil) 1f7780', 'SEGMENT 0x1f8000 ac9b91', 'SEGMENT 0xcc2000 33b8a8', 'SEGMENT 0xffecc8 d0268', 'SEGMENT 0x10cf000 1011e0', 'SEGMENT_HEADER filename=/home/kaiyaok2/.local/lib/python3.10/site-packages/torch/lib/libshm.so num_segments=5 addr=0x7fe548be8000', 'SEGMENT (nil) 25e8', 'SEGMENT 0x3000 25dd', 'SEGMENT 0x6000 cc0', 'SEGMENT 0x8c10 6a8', 'SEGMENT 0xa000 f38', 'SEGMENT_HEADER filename=/home/kaiyaok2/.local/lib/python3.10/site-packages/torch/lib/libtorch.so num_segments=5 addr=0x7fe544683000', 'SEGMENT (nil) b268', 'SEGMENT 0xc000 a019', 'SEGMENT 0x17000 4b35', 'SEGMENT 0x1db20 8c0', 'SEGMENT 0x1f000 6e10', 'SEGMENT_HEADER filename=/home/kaiyaok2/.local/lib/python3.10/site-packages/torch/lib/libtorch_cpu.so num_segments=6 addr=0x7fe4f1717000', 'SEGMENT (nil) f51f20', 'SEGMENT 0xf52000 122608c9', 'SEGMENT 0x131b3000 2da1da5', 'SEGMENT 0x15f55dc0 3c4b50', 'SEGMENT 0x1631b000 6413b8', 'SEGMENT 0x1695d000 5ba2b0', 'SEGMENT_HEADER filename=/home/kaiyaok2/.local/lib/python3.10/site-packages/torch/lib/libtorch_cuda.so num_segments=5 addr=0x7fe4c5e5d000', 'SEGMENT (nil) c37358', 'SEGMENT 0xc38000 25d2d35', 'SEGMENT 0x320b000 26f675c8', 'SEGMENT 0x2a174130 d8ae18', 'SEGMENT 0x2aeff000 9ba970', 'SEGMENT_HEADER filename=/home/kaiyaok2/.local/lib/python3.10/site-packages/torch/lib/libc10_cuda.so num_segments=5 addr=0x7fe544600000', 'SEGMENT (nil) fd00', 'SEGMENT 0x10000 501f9', 'SEGMENT 0x61000 12051', 'SEGMENT 0x74178 6670', 'SEGMENT 0x7b000 7c20', 'SEGMENT_HEADER filename=/home/kaiyaok2/.local/lib/python3.10/site-packages/torch/lib/libc10.so num_segments=5 addr=0x7fe544522000', 'SEGMENT (nil) 24b60', 'SEGMENT 0x25000 73f0d', 'SEGMENT 0x99000 25da7', 'SEGMENT 0xc07c0 9a28', 'SEGMENT 0xcb000 12fa0', 'SEGMENT_HEADER filename=/home/kaiyaok2/.local/lib/python3.10/site-packages/torch/lib/../../nvidia/cudnn/lib/libcudnn.so.8 num_segments=2 addr=0x7fe4c5c00000', 'SEGMENT (nil) 22fce', 'SEGMENT 0x223d30 1698', 'SEGMENT_HEADER filename=/home/kaiyaok2/.local/lib/python3.10/site-packages/torch/lib/../../nvidia/cuda_cupti/lib/libcupti.so.12 num_segments=2 addr=0x7fe4c5200000', 'SEGMENT (nil) 631630', 'SEGMENT 0x831cd8 11a828', 'SEGMENT_HEADER filename=/home/kaiyaok2/.local/lib/python3.10/site-packages/torch/lib/../../nvidia/cusparse/lib/libcusparse.so.12 num_segments=3 addr=0x7fe4b5200000', 'SEGMENT (nil) fc6c87c', 'SEGMENT 0xfe6d000 2e5f8', 'SEGMENT 0xfe9c000 4290', 'SEGMENT_HEADER filename=/home/kaiyaok2/.local/lib/python3.10/site-packages/torch/lib/../../nvidia/nccl/lib/libnccl.so.2 num_segments=2 addr=0x7fe4a7200000', 'SEGMENT (nil) dc3c16e', 'SEGMENT 0xde3d000 3bae8', 'SEGMENT_HEADER filename=/lib/x86_64-linux-gnu/libutil.so.1 num_segments=4 addr=0x7fe549df7000', 'SEGMENT (nil) 598', 'SEGMENT 0x1000 115', 'SEGMENT 0x2000 e8', 'SEGMENT 0x3e00 228', 'SEGMENT_HEADER filename=/home/kaiyaok2/.local/lib/python3.10/site-packages/torch/lib/../../nvidia/cusparse/lib/../../nvjitlink/lib/libnvJitLink.so.12 num_segments=2 addr=0x7fe4a3c00000', 'SEGMENT (nil) 2ba8e8c', 'SEGMENT 0x2da9178 692598', 'SEGMENT_HEADER filename=/home/kaiyaok2/.local/lib/python3.10/site-packages/torch/lib/libnvfuser_codegen.so num_segments=5 addr=0x7fe4a35b2000', 'SEGMENT (nil) f84c0', 'SEGMENT 0xf9000 3793a1', 'SEGMENT 0x473000 135715', 'SEGMENT 0x5aa0e0 1eba0', 'SEGMENT 0x5c9000 84df0', 'SEGMENT_HEADER filename=/home/kaiyaok2/.local/lib/python3.10/site-packages/torch/lib/../../nvidia/cuda_nvrtc/lib/libnvrtc.so.12 num_segments=3 addr=0x7fe49fc00000', 'SEGMENT (nil) 2e59f6c', 'SEGMENT 0x305a748 8dc5e0', 'SEGMENT 0x3937000 1940', 'SEGMENT_HEADER filename=/usr/lib/python3.10/lib-dynload/_multiprocessing.cpython-310-x86_64-linux-gnu.so num_segments=4 addr=0x7fe54949b000', 'SEGMENT (nil) 15f8', 'SEGMENT 0x2000 1669', 'SEGMENT 0x4000 a28', 'SEGMENT 0x5d90 900', 'SEGMENT_HEADER filename=/home/kaiyaok2/.local/lib/python3.10/site-packages/h5py/_errors.cpython-310-x86_64-linux-gnu.so num_segments=6 addr=0x7fe54b9f4000', 'SEGMENT (nil) 2ed0', 'SEGMENT 0x3000 651d', 'SEGMENT 0xa000 ce8', 'SEGMENT 0xcbc8 ff0', 'SEGMENT 0xe000 1740', 'SEGMENT 0x10000 bc8', 'SEGMENT_HEADER filename=/home/kaiyaok2/.local/lib/python3.10/site-packages/h5py/../h5py.libs/libhdf5-7f639dcd.so.310.2.0 num_segments=6 addr=0x7fe49d19d000', 'SEGMENT (nil) 4ca60', 'SEGMENT 0x4d000 2eb105', 'SEGMENT 0x339000 e5c28', 'SEGMENT 0x41fed0 16410', 'SEGMENT 0x437000 18120', 'SEGMENT 0x450000 11678', 'SEGMENT_HEADER filename=/home/kaiyaok2/.local/lib/python3.10/site-packages/h5py/../h5py.libs/libhdf5_hl-123198ff.so.310.0.2 num_segments=6 addr=0x7fe54b9cb000', 'SEGMENT (nil) 5710', 'SEGMENT 0x6000 156c1', 'SEGMENT 0x1c000 4cec', 'SEGMENT 0x22be8 1c80', 'SEGMENT 0x25000 1bb0', 'SEGMENT 0x27000 1678', 'SEGMENT_HEADER filename=/home/kaiyaok2/.local/lib/python3.10/site-packages/h5py/../h5py.libs/libsz-b66d1717.so.2.0.1 num_segments=6 addr=0x7fe54b9c4000', 'SEGMENT (nil) 6f0', 'SEGMENT 0x1000 8ad', 'SEGMENT 0x2000 144', 'SEGMENT 0x3de8 278', 'SEGMENT 0x5000 318', 'SEGMENT 0x6000 150', 'SEGMENT_HEADER filename=/home/kaiyaok2/.local/lib/python3.10/site-packages/h5py/../h5py.libs/libaec-001fb5f0.so.0.0.12 num_segments=5 addr=0x7fe54b9ba000', 'SEGMENT (nil) 7f0', 'SEGMENT 0x1000 4315', 'SEGMENT 0x6000 c18', 'SEGMENT 0x7df8 5f8', 'SEGMENT 0x9000 1b8', 'SEGMENT_HEADER filename=/home/kaiyaok2/.local/lib/python3.10/site-packages/h5py/h5.cpython-310-x86_64-linux-gnu.so num_segments=6 addr=0x7fe54b999000', 'SEGMENT (nil) 46f0', 'SEGMENT 0x5000 10749', 'SEGMENT 0x16000 37b8', 'SEGMENT 0x1ad00 2998', 'SEGMENT 0x1e000 1628', 'SEGMENT 0x20000 bc0', 'SEGMENT_HEADER filename=/home/kaiyaok2/.local/lib/python3.10/site-packages/h5py/defs.cpython-310-x86_64-linux-gnu.so num_segments=6 addr=0x7fe5444c5000', 'SEGMENT (nil) c710', 'SEGMENT 0xd000 2accd', 'SEGMENT 0x38000 147c8', 'SEGMENT 0x4dd70 6940', 'SEGMENT 0x55000 4a88', 'SEGMENT 0x5a000 20b0', 'SEGMENT_HEADER filename=/home/kaiyaok2/.local/lib/python3.10/site-packages/h5py/_objects.cpython-310-x86_64-linux-gnu.so num_segments=6 addr=0x7fe532cdb000', 'SEGMENT (nil) 4e18', 'SEGMENT 0x5000 14729', 'SEGMENT 0x1a000 3940', 'SEGMENT 0x1ece8 2fd0', 'SEGMENT 0x22000 1b40', 'SEGMENT 0x24000 e20', 'SEGMENT_HEADER filename=/home/kaiyaok2/.local/lib/python3.10/site-packages/h5py/_conv.cpython-310-x86_64-linux-gnu.so num_segments=6 addr=0x7fe532c9f000', 'SEGMENT (nil) 5a28', 'SEGMENT 0x6000 24831', 'SEGMENT 0x2b000 6da8', 'SEGMENT 0x33c08 3288', 'SEGMENT 0x37000 2180', 'SEGMENT 0x3a000 1058', 'SEGMENT_HEADER filename=/home/kaiyaok2/.local/lib/python3.10/site-packages/h5py/h5r.cpython-310-x86_64-linux-gnu.so num_segments=6 addr=0x7fe54b986000', 'SEGMENT (nil) 2fe0', 'SEGMENT 0x3000 6f35', 'SEGMENT 0xa000 20cc', 'SEGMENT 0xdd28 20e8', 'SEGMENT 0x10000 12a8', 'SEGMENT 0x12000 a50', 'SEGMENT_HEADER filename=/home/kaiyaok2/.local/lib/python3.10/site-packages/h5py/h5p.cpython-310-x86_64-linux-gnu.so num_segments=6 addr=0x7fe509e9d000', 'SEGMENT (nil) 95f8', 'SEGMENT 0xa000 3c825', 'SEGMENT 0x47000 a974', 'SEGMENT 0x52c80 cfe8', 'SEGMENT 0x60000 1af0', 'SEGMENT 0x62000 e10', 'SEGMENT_HEADER filename=/home/kaiyaok2/.local/lib/python3.10/site-packages/h5py/h5t.cpython-310-x86_64-linux-gnu.so num_segments=6 addr=0x7fe509e2b000', 'SEGMENT (nil) acf0', 'SEGMENT 0xb000 4ba21', 'SEGMENT 0x57000 7d94', 'SEGMENT 0x60b38 c3f0', 'SEGMENT 0x6d000 2560', 'SEGMENT 0x70000 1208', 'SEGMENT_HEADER filename=/home/kaiyaok2/.local/lib/python3.10/site-packages/h5py/utils.cpython-310-x86_64-linux-gnu.so num_segments=6 addr=0x7fe532c8e000', 'SEGMENT (nil) 2b58', 'SEGMENT 0x3000 69a1', 'SEGMENT 0xa000 1918', 'SEGMENT 0xcd00 ee8', 'SEGMENT 0xe000 14e0', 'SEGMENT 0x10000 b20', 'SEGMENT_HEADER filename=/home/kaiyaok2/.local/lib/python3.10/site-packages/h5py/h5s.cpython-310-x86_64-linux-gnu.so num_segments=6 addr=0x7fe52c3e0000', 'SEGMENT (nil) 3c70', 'SEGMENT 0x4000 ffb9', 'SEGMENT 0x14000 2dc8', 'SEGMENT 0x18d28 3528', 'SEGMENT 0x1d000 1360', 'SEGMENT 0x1f000 a90', 'SEGMENT_HEADER filename=/home/kaiyaok2/.local/lib/python3.10/site-packages/h5py/h5ac.cpython-310-x86_64-linux-gnu.so num_segments=6 addr=0x7fe52c3cd000', 'SEGMENT (nil) 26b8', 'SEGMENT 0x3000 8a09', 'SEGMENT 0xc000 27c8', 'SEGMENT 0xfd38 1000', 'SEGMENT 0x11000 fa8', 'SEGMENT 0x12000 910', 'SEGMENT_HEADER filename=/home/kaiyaok2/.local/lib/python3.10/site-packages/h5py/_proxy.cpython-310-x86_64-linux-gnu.so num_segments=6 addr=0x7fe50a2f1000', 'SEGMENT (nil) 1fa8', 'SEGMENT 0x2000 5e25', 'SEGMENT 0x8000 127c', 'SEGMENT 0xad58 aa0', 'SEGMENT 0xc000 1058', 'SEGMENT 0xe000 938', 'SEGMENT_HEADER filename=/home/kaiyaok2/.local/lib/python3.10/site-packages/h5py/h5z.cpython-310-x86_64-linux-gnu.so num_segments=6 addr=0x7fe50a2e0000', 'SEGMENT (nil) 2a18', 'SEGMENT 0x3000 581d', 'SEGMENT 0x9000 165c', 'SEGMENT 0xbcf0 1750', 'SEGMENT 0xe000 7c0', 'SEGMENT 0xf000 1300', 'SEGMENT_HEADER filename=/home/kaiyaok2/.local/lib/python3.10/site-packages/h5py/h5a.cpython-310-x86_64-linux-gnu.so num_segments=6 addr=0x7fe50a2ba000', 'SEGMENT (nil) 4278', 'SEGMENT 0x5000 13df5', 'SEGMENT 0x19000 3e60', 'SEGMENT 0x1ed08 3738', 'SEGMENT 0x23000 1520', 'SEGMENT 0x25000 b70', 'SEGMENT_HEADER filename=/home/kaiyaok2/.local/lib/python3.10/site-packages/h5py/h5d.cpython-310-x86_64-linux-gnu.so num_segments=6 addr=0x7fe509ab4000', 'SEGMENT (nil) 6b48', 'SEGMENT 0x7000 3023d', 'SEGMENT 0x38000 8844', 'SEGMENT 0x41cb0 6c50', 'SEGMENT 0x49000 1d90', 'SEGMENT 0x4b000 ed8', 'SEGMENT_HEADER filename=/home/kaiyaok2/.local/lib/python3.10/site-packages/h5py/h5ds.cpython-310-x86_64-linux-gnu.so num_segments=6 addr=0x7fe509e12000', 'SEGMENT (nil) 33c0', 'SEGMENT 0x4000 b451', 'SEGMENT 0x10000 2478', 'SEGMENT 0x13d20 1f50', 'SEGMENT 0x16000 13a0', 'SEGMENT 0x18000 ac8', 'SEGMENT_HEADER filename=/home/kaiyaok2/.local/lib/python3.10/site-packages/h5py/h5f.cpython-310-x86_64-linux-gnu.so num_segments=6 addr=0x7fe509a8c000', 'SEGMENT (nil) 4b40', 'SEGMENT 0x5000 15f6d', 'SEGMENT 0x1b000 381c', 'SEGMENT 0x1fd18 4a80', 'SEGMENT 0x25000 15e0', 'SEGMENT 0x27000 bc0', 'SEGMENT_HEADER filename=/home/kaiyaok2/.local/lib/python3.10/site-packages/h5py/h5g.cpython-310-x86_64-linux-gnu.so num_segments=6 addr=0x7fe509a5e000', 'SEGMENT (nil) 5290', 'SEGMENT 0x6000 1aae1', 'SEGMENT 0x21000 445c', 'SEGMENT 0x26cc8 4250', 'SEGMENT 0x2b000 18c8', 'SEGMENT 0x2d000 d18', 'SEGMENT_HEADER filename=/home/kaiyaok2/.local/lib/python3.10/site-packages/h5py/h5i.cpython-310-x86_64-linux-gnu.so num_segments=6 addr=0x7fe50a2a8000', 'SEGMENT (nil) 27e0', 'SEGMENT 0x3000 6be9', 'SEGMENT 0xa000 1364', 'SEGMENT 0xcd38 1720', 'SEGMENT 0xf000 1090', 'SEGMENT 0x11000 958', 'SEGMENT_HEADER filename=/home/kaiyaok2/.local/lib/python3.10/site-packages/h5py/h5fd.cpython-310-x86_64-linux-gnu.so num_segments=6 addr=0x7fe4c5e27000', 'SEGMENT (nil) 5990', 'SEGMENT 0x6000 20859', 'SEGMENT 0x27000 5e74', 'SEGMENT 0x2ec90 36b8', 'SEGMENT 0x33000 1e48', 'SEGMENT 0x35000 f18', 'SEGMENT_HEADER filename=/home/kaiyaok2/.local/lib/python3.10/site-packages/h5py/h5pl.cpython-310-x86_64-linux-gnu.so num_segments=6 addr=0x7fe546263000', 'SEGMENT (nil) 1d80', 'SEGMENT 0x2000 4591', 'SEGMENT 0x7000 10e8', 'SEGMENT 0x9d50 c80', 'SEGMENT 0xb000 e60', 'SEGMENT 0xc000 870', 'SEGMENT_HEADER filename=/home/kaiyaok2/.local/lib/python3.10/site-packages/h5py/h5o.cpython-310-x86_64-linux-gnu.so num_segments=6 addr=0x7fe509a3e000', 'SEGMENT (nil) 44f8', 'SEGMENT 0x5000 ea69', 'SEGMENT 0x14000 3808', 'SEGMENT 0x18d20 3bf0', 'SEGMENT 0x1d000 13f0', 'SEGMENT 0x1f000 ae8', 'SEGMENT_HEADER filename=/home/kaiyaok2/.local/lib/python3.10/site-packages/h5py/h5l.cpython-310-x86_64-linux-gnu.so num_segments=6 addr=0x7fe4c5be1000', 'SEGMENT (nil) 3c68', 'SEGMENT 0x4000 f051', 'SEGMENT 0x14000 3388', 'SEGMENT 0x18d18 2d48', 'SEGMENT 0x1c000 1440', 'SEGMENT 0x1e000 b10', 'SEGMENT_HEADER filename=/home/kaiyaok2/.local/lib/python3.10/site-packages/h5py/_selector.cpython-310-x86_64-linux-gnu.so num_segments=6 addr=0x7fe4c5bb3000', 'SEGMENT (nil) 5508', 'SEGMENT 0x6000 1aa65', 'SEGMENT 0x21000 4c44', 'SEGMENT 0x26c80 35a8', 'SEGMENT 0x2b000 1e10', 'SEGMENT 0x2d000 f28', 'SEGMENT_HEADER filename=/home/kaiyaok2/.local/lib/python3.10/site-packages/thinc/backends/numpy_ops.cpython-310-x86_64-linux-gnu.so num_segments=4 addr=0x7fe49cfc3000', 'SEGMENT (nil) 14318', 'SEGMENT 0x15000 a7245', 'SEGMENT 0xbd000 11805', 'SEGMENT 0xcfc00 9c98', 'SEGMENT_HEADER filename=/home/kaiyaok2/.local/lib/python3.10/site-packages/thinc/backends/cblas.cpython-310-x86_64-linux-gnu.so num_segments=4 addr=0x7fe4c5b89000', 'SEGMENT (nil) 5c68', 'SEGMENT 0x6000 1a915', 'SEGMENT 0x21000 4ad0', 'SEGMENT 0x26c10 2e28', 'SEGMENT_HEADER filename=/home/kaiyaok2/.local/lib/python3.10/site-packages/blis/cy.cpython-310-x86_64-linux-gnu.so num_segments=4 addr=0x7fe49c149000', 'SEGMENT (nil) 808d0', 'SEGMENT 0x81000 d35f41', 'SEGMENT 0xdb7000 a6040', 'SEGMENT 0xe5ee70 1a350', 'SEGMENT_HEADER filename=/home/kaiyaok2/.local/lib/python3.10/site-packages/cymem/cymem.cpython-310-x86_64-linux-gnu.so num_segments=4 addr=0x7fe4c5b6f000', 'SEGMENT (nil) 3680', 'SEGMENT 0x4000 e129', 'SEGMENT 0x13000 36f4', 'SEGMENT 0x17d08 1bb8', 'SEGMENT_HEADER filename=/home/kaiyaok2/.local/lib/python3.10/site-packages/preshed/maps.cpython-310-x86_64-linux-gnu.so num_segments=4 addr=0x7fe4c5b52000', 'SEGMENT (nil) 3980', 'SEGMENT 0x4000 10e29', 'SEGMENT 0x15000 4008', 'SEGMENT 0x1acd8 2240', 'SEGMENT_HEADER filename=/home/kaiyaok2/.local/lib/python3.10/site-packages/thinc/backends/linalg.cpython-310-x86_64-linux-gnu.so num_segments=4 addr=0x7fe546d33000', 'SEGMENT (nil) 1bd0', 'SEGMENT 0x2000 3349', 'SEGMENT 0x6000 de0', 'SEGMENT 0x8d70 1080', 'SEGMENT_HEADER filename=/home/kaiyaok2/.local/lib/python3.10/site-packages/blis/py.cpython-310-x86_64-linux-gnu.so num_segments=4 addr=0x7fe49b2b1000', 'SEGMENT (nil) 81a88', 'SEGMENT 0x82000 d50d01', 'SEGMENT 0xdd3000 a7a68', 'SEGMENT 0xe7be70 1b230', 'SEGMENT_HEADER filename=/home/kaiyaok2/.local/lib/python3.10/site-packages/murmurhash/mrmr.cpython-310-x86_64-linux-gnu.so num_segments=4 addr=0x7fe509a2f000', 'SEGMENT (nil) 2778', 'SEGMENT 0x3000 78d1', 'SEGMENT 0xb000 1970', 'SEGMENT 0xdd40 d58', 'SEGMENT_HEADER filename=/home/kaiyaok2/.local/lib/python3.10/site-packages/thinc/layers/premap_ids.cpython-310-x86_64-linux-gnu.so num_segments=4 addr=0x7fe4c50c9000', 'SEGMENT (nil) 5ea8', 'SEGMENT 0x6000 243b9', 'SEGMENT 0x2b000 63f0', 'SEGMENT 0x32cb8 3f18', 'SEGMENT_HEADER filename=/home/kaiyaok2/.local/lib/python3.10/site-packages/thinc/layers/sparselinear.cpython-310-x86_64-linux-gnu.so num_segments=4 addr=0x7fe4b50c1000', 'SEGMENT (nil) 6700', 'SEGMENT 0x7000 2accd', 'SEGMENT 0x32000 6c58', 'SEGMENT 0x39cb0 48e0', 'SEGMENT_HEADER filename=/home/kaiyaok2/.local/lib/python3.10/site-packages/psutil/_psutil_linux.abi3.so num_segments=4 addr=0x7fe5444bd000', 'SEGMENT (nil) 1bd8', 'SEGMENT 0x2000 248d', 'SEGMENT 0x5000 ad4', 'SEGMENT 0x6da8 7c0', 'SEGMENT_HEADER filename=/home/kaiyaok2/.local/lib/python3.10/site-packages/psutil/_psutil_posix.abi3.so num_segments=4 addr=0x7fe532c87000', 'SEGMENT (nil) 1190', 'SEGMENT 0x2000 16dd', 'SEGMENT 0x4000 6c8', 'SEGMENT 0x5dc8 500', 'SEGMENT_HEADER filename=/usr/lib/python3.10/lib-dynload/mmap.cpython-310-x86_64-linux-gnu.so num_segments=4 addr=0x7fe4c50c0000', 'SEGMENT (nil) 1bc0', 'SEGMENT 0x2000 2ae5', 'SEGMENT 0x5000 15f8', 'SEGMENT 0x7dc8 960', 'SEGMENT_HEADER filename=/home/kaiyaok2/.local/lib/python3.10/site-packages/google/_upb/_message.abi3.so num_segments=4 addr=0x7fe4b507b000', 'SEGMENT (nil) 8a58', 'SEGMENT 0x9000 25461', 'SEGMENT 0x2f000 11358', 'SEGMENT 0x417a0 3cd8', 'SEGMENT_HEADER filename=/home/kaiyaok2/.local/lib/python3.10/site-packages/pandas/_libs/interval.cpython-310-x86_64-linux-gnu.so num_segments=4 addr=0x7fe49a75e000', 'SEGMENT (nil) e148', 'SEGMENT 0xf000 113de9', 'SEGMENT 0x123000 20b20', 'SEGMENT 0x144ca8 d4f8', 'SEGMENT_HEADER filename=/home/kaiyaok2/.local/lib/python3.10/site-packages/pandas/_libs/hashtable.cpython-310-x86_64-linux-gnu.so num_segments=4 addr=0x7fe49a59b000', 'SEGMENT (nil) 14118', 'SEGMENT 0x15000 1606b9', 'SEGMENT 0x176000 23b7c', 'SEGMENT 0x19acc0 27dd8', 'SEGMENT_HEADER filename=/home/kaiyaok2/.local/lib/python3.10/site-packages/pandas/_libs/missing.cpython-310-x86_64-linux-gnu.so num_segments=4 addr=0x7fe4a70cf000', 'SEGMENT (nil) 64a8', 'SEGMENT 0x7000 1d6c9', 'SEGMENT 0x25000 5594', 'SEGMENT 0x2bd08 4c78', 'SEGMENT_HEADER filename=/home/kaiyaok2/.local/lib/python3.10/site-packages/pandas/_libs/tslibs/dtypes.cpython-310-x86_64-linux-gnu.so num_segments=4 addr=0x7fe4a70a9000', 'SEGMENT (nil) 5c08', 'SEGMENT 0x6000 156bd', 'SEGMENT 0x1c000 4100', 'SEGMENT 0x21d00 3f10', 'SEGMENT_HEADER filename=/home/kaiyaok2/.local/lib/python3.10/site-packages/pandas/_libs/tslibs/np_datetime.cpython-310-x86_64-linux-gnu.so num_segments=4 addr=0x7fe4a7084000', 'SEGMENT (nil) 4580', 'SEGMENT 0x5000 1741d', 'SEGMENT 0x1d000 3dfc', 'SEGMENT 0x22cd8 2120', 'SEGMENT_HEADER filename=/home/kaiyaok2/.local/lib/python3.10/site-packages/pandas/_libs/tslibs/conversion.cpython-310-x86_64-linux-gnu.so num_segments=4 addr=0x7fe4a7044000', 'SEGMENT (nil) 69e0', 'SEGMENT 0x7000 2b8d5', 'SEGMENT 0x33000 7880', 'SEGMENT 0x3bcc8 40a0', 'SEGMENT_HEADER filename=/home/kaiyaok2/.local/lib/python3.10/site-packages/pandas/_libs/tslibs/base.cpython-310-x86_64-linux-gnu.so num_segments=4 addr=0x7fe4c50b4000', 'SEGMENT (nil) 23b0', 'SEGMENT 0x3000 4359', 'SEGMENT 0x8000 10f8', 'SEGMENT 0xad68 e38', 'SEGMENT_HEADER filename=/home/kaiyaok2/.local/lib/python3.10/site-packages/pandas/_libs/tslibs/offsets.cpython-310-x86_64-linux-gnu.so num_segments=4 addr=0x7fe49a3af000', 'SEGMENT (nil) 10cd8', 'SEGMENT 0x11000 ab115', 'SEGMENT 0xbd000 19298', 'SEGMENT 0xd7c58 14080', 'SEGMENT_HEADER filename=/home/kaiyaok2/.local/lib/python3.10/site-packages/pandas/_libs/tslibs/timestamps.cpython-310-x86_64-linux-gnu.so num_segments=4 addr=0x7fe49a31e000', 'SEGMENT (nil) c7f8', 'SEGMENT 0xd000 5b8f9', 'SEGMENT 0x69000 17898', 'SEGMENT 0x81c58 f210', 'SEGMENT_HEADER filename=/home/kaiyaok2/.local/lib/python3.10/site-packages/pandas/_libs/tslibs/nattype.cpython-310-x86_64-linux-gnu.so num_segments=4 addr=0x7fe4a357e000', 'SEGMENT (nil) 6d68', 'SEGMENT 0x7000 1af55', 'SEGMENT 0x22000 a2f0', 'SEGMENT 0x2dd10 5660', 'SEGMENT_HEADER filename=/home/kaiyaok2/.local/lib/python3.10/site-packages/pandas/_libs/tslibs/timedeltas.cpython-310-x86_64-linux-gnu.so num_segments=4 addr=0x7fe49a28b000', 'SEGMENT (nil) c010', 'SEGMENT 0xd000 683ed', 'SEGMENT 0x76000 105b4', 'SEGMENT 0x87c98 a418', 'SEGMENT_HEADER filename=/home/kaiyaok2/.local/lib/python3.10/site-packages/pandas/_libs/tslibs/timezones.cpython-310-x86_64-linux-gnu.so num_segments=4 addr=0x7fe4a353c000', 'SEGMENT (nil) 6148', 'SEGMENT 0x7000 2c9f5', 'SEGMENT 0x34000 720c', 'SEGMENT 0x3cce0 4978', 'SEGMENT_HEADER filename=/usr/lib/python3.10/lib-dynload/_zoneinfo.cpython-310-x86_64-linux-gnu.so num_segments=4 addr=0x7fe4c50a8000', 'SEGMENT (nil) 1800', 'SEGMENT 0x2000 5901', 'SEGMENT 0x8000 1024', 'SEGMENT 0xade8 8d8', 'SEGMENT_HEADER filename=/home/kaiyaok2/.local/lib/python3.10/site-packages/pandas/_libs/tslibs/fields.cpython-310-x86_64-linux-gnu.so num_segments=4 addr=0x7fe49a236000', 'SEGMENT (nil) 81d8', 'SEGMENT 0x9000 3a045', 'SEGMENT 0x44000 8fd8', 'SEGMENT 0x4ecb0 5ee8', 'SEGMENT_HEADER filename=/home/kaiyaok2/.local/lib/python3.10/site-packages/pandas/_libs/tslibs/ccalendar.cpython-310-x86_64-linux-gnu.so num_segments=4 addr=0x7fe49a223000', 'SEGMENT (nil) 29b0', 'SEGMENT 0x3000 aaf9', 'SEGMENT 0xe000 1890', 'SEGMENT 0x10d58 1ba8', 'SEGMENT_HEADER filename=/home/kaiyaok2/.local/lib/python3.10/site-packages/pandas/_libs/tslibs/tzconversion.cpython-310-x86_64-linux-gnu.so num_segments=4 addr=0x7fe49a1d3000', 'SEGMENT (nil) 6870', 'SEGMENT 0x7000 399b5', 'SEGMENT 0x41000 8208', 'SEGMENT 0x4acd8 4b70', 'SEGMENT_HEADER filename=/home/kaiyaok2/.local/lib/python3.10/site-packages/pandas/_libs/properties.cpython-310-x86_64-linux-gnu.so num_segments=4 addr=0x7fe49a1c2000', 'SEGMENT (nil) 2c98', 'SEGMENT 0x3000 8385', 'SEGMENT 0xc000 1b8c', 'SEGMENT 0xed58 1568', 'SEGMENT_HEADER filename=/home/kaiyaok2/.local/lib/python3.10/site-packages/pandas/_libs/tslibs/parsing.cpython-310-x86_64-linux-gnu.so num_segments=4 addr=0x7fe49a156000', 'SEGMENT (nil) a2b8', 'SEGMENT 0xb000 4bc7d', 'SEGMENT 0x57000 b384', 'SEGMENT 0x63c70 8110', 'SEGMENT_HEADER filename=/home/kaiyaok2/.local/lib/python3.10/site-packages/pandas/_libs/tslibs/strptime.cpython-310-x86_64-linux-gnu.so num_segments=4 addr=0x7fe49a100000', 'SEGMENT (nil) 8928', 'SEGMENT 0x9000 3ba0d', 'SEGMENT 0x45000 9344', 'SEGMENT 0x4fca0 5ee0', 'SEGMENT_HEADER filename=/home/kaiyaok2/.local/lib/python3.10/site-packages/pandas/_libs/tslibs/period.cpython-310-x86_64-linux-gnu.so num_segments=4 addr=0x7fe49a08c000', 'SEGMENT (nil) a4d0', 'SEGMENT 0xb000 49955', 'SEGMENT 0x55000 139e8', 'SEGMENT 0x69c98 9d68', 'SEGMENT_HEADER filename=/home/kaiyaok2/.local/lib/python3.10/site-packages/pandas/_libs/tslibs/vectorized.cpython-310-x86_64-linux-gnu.so num_segments=4 addr=0x7fe49a052000', 'SEGMENT (nil) 5d80', 'SEGMENT 0x6000 266c9', 'SEGMENT 0x2d000 723c', 'SEGMENT 0x35ce0 3bf8', 'SEGMENT_HEADER filename=/home/kaiyaok2/.local/lib/python3.10/site-packages/pandas/_libs/ops_dispatch.cpython-310-x86_64-linux-gnu.so num_segments=4 addr=0x7fe49a042000', 'SEGMENT (nil) 33d8', 'SEGMENT 0x4000 6495', 'SEGMENT 0xb000 142c', 'SEGMENT 0xdd60 1d00', 'SEGMENT_HEADER filename=/home/kaiyaok2/.local/lib/python3.10/site-packages/pandas/_libs/algos.cpython-310-x86_64-linux-gnu.so num_segments=4 addr=0x7fe499e4a000', 'SEGMENT (nil) 12050', 'SEGMENT 0x13000 1afdc1', 'SEGMENT 0x1c3000 22898', 'SEGMENT 0x1e6cc0 103b8', 'SEGMENT_HEADER filename=/home/kaiyaok2/.local/lib/python3.10/site-packages/pandas/_libs/lib.cpython-310-x86_64-linux-gnu.so num_segments=4 addr=0x7fe499d9b000', 'SEGMENT (nil) da58', 'SEGMENT 0xe000 7d1f5', 'SEGMENT 0x8c000 113cc', 'SEGMENT 0x9eca8 fd50', 'SEGMENT_HEADER filename=/home/kaiyaok2/.local/lib/python3.10/site-packages/pandas/_libs/hashing.cpython-310-x86_64-linux-gnu.so num_segments=4 addr=0x7fe499d6b000', 'SEGMENT (nil) 52e8', 'SEGMENT 0x6000 1f8d1', 'SEGMENT 0x26000 5b1c', 'SEGMENT 0x2cce0 3298', 'SEGMENT_HEADER filename=/home/kaiyaok2/.local/lib/python3.10/site-packages/pyarrow/lib.cpython-310-x86_64-linux-gnu.so num_segments=4 addr=0x7fe49997a000', 'SEGMENT (nil) 53ae0', 'SEGMENT 0x54000 1b2fc9', 'SEGMENT 0x207000 6d548', 'SEGMENT 0x275910 7b220', 'SEGMENT_HEADER filename=/home/kaiyaok2/.local/lib/python3.10/site-packages/pyarrow/libarrow_python.so num_segments=4 addr=0x7fe4997a0000', 'SEGMENT (nil) 862a0', 'SEGMENT 0x87000 104435', 'SEGMENT 0x18c000 3e47f', 'SEGMENT 0x1cc3c8 d8f0', 'SEGMENT_HEADER filename=/home/kaiyaok2/.local/lib/python3.10/site-packages/pyarrow/libarrow_dataset.so.1100 num_segments=4 addr=0x7fe4995d6000', 'SEGMENT (nil) b0548', 'SEGMENT 0xb1000 c8be5', 'SEGMENT 0x17a000 43bf6', 'SEGMENT 0x1bf7a0 9ba0', 'SEGMENT_HEADER filename=/home/kaiyaok2/.local/lib/python3.10/site-packages/pyarrow/libparquet.so.1100 num_segments=4 addr=0x7fe498e7a000', 'SEGMENT (nil) 197f00', 'SEGMENT 0x198000 3f9a85', 'SEGMENT 0x592000 145a66', 'SEGMENT 0x6d9830 818b0', 'SEGMENT_HEADER filename=/home/kaiyaok2/.local/lib/python3.10/site-packages/pyarrow/libarrow.so.1100 num_segments=4 addr=0x7fe49676a000', 'SEGMENT (nil) 448ed0', 'SEGMENT 0x449000 18d21a5', 'SEGMENT 0x1d1c000 694c72', 'SEGMENT 0x23b2020 35d508', 'SEGMENT_HEADER filename=/home/kaiyaok2/.local/lib/python3.10/site-packages/pyarrow/_hdfsio.cpython-310-x86_64-linux-gnu.so num_segments=4 addr=0x7fe496746000', 'SEGMENT (nil) 5d50', 'SEGMENT 0x6000 14f19', 'SEGMENT 0x1b000 3927', 'SEGMENT 0x1fc88 38b8', 'SEGMENT_HEADER filename=/home/kaiyaok2/.local/lib/python3.10/site-packages/pandas/_libs/tslib.cpython-310-x86_64-linux-gnu.so num_segments=4 addr=0x7fe4955b3000', 'SEGMENT (nil) 7040', 'SEGMENT 0x8000 34e95', 'SEGMENT 0x3d000 8038', 'SEGMENT 0x46cc8 50f8', 'SEGMENT_HEADER filename=/home/kaiyaok2/.local/lib/python3.10/site-packages/pandas/_libs/ops.cpython-310-x86_64-linux-gnu.so num_segments=4 addr=0x7fe496609000', 'SEGMENT (nil) 5bd8', 'SEGMENT 0x6000 2a079', 'SEGMENT 0x31000 6648', 'SEGMENT 0x38cc8 3e50', 'SEGMENT_HEADER filename=/home/kaiyaok2/.local/lib/python3.10/site-packages/pyarrow/_compute.cpython-310-x86_64-linux-gnu.so num_segments=4 addr=0x7fe4954d9000', 'SEGMENT (nil) 31790', 'SEGMENT 0x32000 6e5d1', 'SEGMENT 0xa1000 1c928', 'SEGMENT 0xbf1e8 1a090', 'SEGMENT_HEADER filename=/home/kaiyaok2/.local/lib/python3.10/site-packages/pandas/_libs/arrays.cpython-310-x86_64-linux-gnu.so num_segments=4 addr=0x7fe4952c1000', 'SEGMENT (nil) 37b0', 'SEGMENT 0x4000 dc65', 'SEGMENT 0x12000 2a14', 'SEGMENT 0x15d18 1b80', 'SEGMENT_HEADER filename=/home/kaiyaok2/.local/lib/python3.10/site-packages/pandas/_libs/sparse.cpython-310-x86_64-linux-gnu.so num_segments=4 addr=0x7fe4950eb000', 'SEGMENT (nil) 8428', 'SEGMENT 0x9000 b6fd1', 'SEGMENT 0xc0000 d9c4', 'SEGMENT 0xcece0 6938', 'SEGMENT_HEADER filename=/home/kaiyaok2/.local/lib/python3.10/site-packages/pandas/_libs/reduction.cpython-310-x86_64-linux-gnu.so num_segments=4 addr=0x7fe509e0a000', 'SEGMENT (nil) 1f08', 'SEGMENT 0x2000 2e55', 'SEGMENT 0x5000 d50', 'SEGMENT 0x6d68 ac0', 'SEGMENT_HEADER filename=/home/kaiyaok2/.local/lib/python3.10/site-packages/pandas/_libs/indexing.cpython-310-x86_64-linux-gnu.so num_segments=4 addr=0x7fe4950de000', 'SEGMENT (nil) 2738', 'SEGMENT 0x3000 50a1', 'SEGMENT 0x9000 135c', 'SEGMENT 0xbd60 1020', 'SEGMENT_HEADER filename=/home/kaiyaok2/.local/lib/python3.10/site-packages/pandas/_libs/index.cpython-310-x86_64-linux-gnu.so num_segments=4 addr=0x7fe494f07000', 'SEGMENT (nil) b3d0', 'SEGMENT 0xc000 a8b39', 'SEGMENT 0xb5000 13a24', 'SEGMENT 0xc9c88 d120', 'SEGMENT_HEADER filename=/home/kaiyaok2/.local/lib/python3.10/site-packages/pandas/_libs/internals.cpython-310-x86_64-linux-gnu.so num_segments=4 addr=0x7fe494ead000', 'SEGMENT (nil) 7f90', 'SEGMENT 0x8000 3ebf1', 'SEGMENT 0x47000 a058', 'SEGMENT 0x52c68 7000', 'SEGMENT_HEADER filename=/home/kaiyaok2/.local/lib/python3.10/site-packages/pandas/_libs/join.cpython-310-x86_64-linux-gnu.so num_segments=4 addr=0x7fe494c53000', 'SEGMENT (nil) d950', 'SEGMENT 0xe000 229379', 'SEGMENT 0x238000 14fbc', 'SEGMENT 0x24ecd0 ad48', 'SEGMENT_HEADER filename=/home/kaiyaok2/.local/lib/python3.10/site-packages/pandas/_libs/writers.cpython-310-x86_64-linux-gnu.so num_segments=4 addr=0x7fe494b1c000', 'SEGMENT (nil) 62f8', 'SEGMENT 0x7000 23a71', 'SEGMENT 0x2b000 6bd8', 'SEGMENT 0x32ce0 42d0', 'SEGMENT_HEADER filename=/home/kaiyaok2/.local/lib/python3.10/site-packages/pandas/_libs/window/aggregations.cpython-310-x86_64-linux-gnu.so num_segments=4 addr=0x7fe494aba000', 'SEGMENT (nil) 8800', 'SEGMENT 0x9000 46881', 'SEGMENT 0x50000 8eb0', 'SEGMENT 0x5ac90 63a8', 'SEGMENT_HEADER filename=/home/kaiyaok2/.local/lib/python3.10/site-packages/pandas/_libs/window/indexers.cpython-310-x86_64-linux-gnu.so num_segments=4 addr=0x7fe494a8c000', 'SEGMENT (nil) 4f10', 'SEGMENT 0x5000 1e89d', 'SEGMENT 0x24000 5994', 'SEGMENT 0x2acf8 3278', 'SEGMENT_HEADER filename=/home/kaiyaok2/.local/lib/python3.10/site-packages/pandas/_libs/reshape.cpython-310-x86_64-linux-gnu.so num_segments=4 addr=0x7fe494948000', 'SEGMENT (nil) 6c98', 'SEGMENT 0x7000 2e815', 'SEGMENT 0x36000 77d0', 'SEGMENT 0x3ecd0 49a8', 'SEGMENT_HEADER filename=/home/kaiyaok2/.local/lib/python3.10/site-packages/pandas/_libs/groupby.cpython-310-x86_64-linux-gnu.so num_segments=4 addr=0x7fe494757000', 'SEGMENT (nil) 110c8', 'SEGMENT 0x12000 1a7705', 'SEGMENT 0x1ba000 247fc', 'SEGMENT 0x1dfc78 11080', 'SEGMENT_HEADER filename=/home/kaiyaok2/.local/lib/python3.10/site-packages/pandas/_libs/testing.cpython-310-x86_64-linux-gnu.so num_segments=4 addr=0x7fe49463e000', 'SEGMENT (nil) 34d0', 'SEGMENT 0x4000 f4b1', 'SEGMENT 0x14000 1860', 'SEGMENT 0x16d00 1a18', 'SEGMENT_HEADER filename=/home/kaiyaok2/.local/lib/python3.10/site-packages/pandas/_libs/parsers.cpython-310-x86_64-linux-gnu.so num_segments=4 addr=0x7fe4945b2000', 'SEGMENT (nil) ac20', 'SEGMENT 0xb000 69325', 'SEGMENT 0x75000 bc7c', 'SEGMENT 0x82c30 85f0', 'SEGMENT_HEADER filename=/home/kaiyaok2/.local/lib/python3.10/site-packages/pandas/_libs/json.cpython-310-x86_64-linux-gnu.so num_segments=4 addr=0x7fe494499000', 'SEGMENT (nil) 4e40', 'SEGMENT 0x5000 c3ad', 'SEGMENT 0x12000 430c', 'SEGMENT 0x17a78 b80', 'SEGMENT_HEADER filename=/home/kaiyaok2/.local/lib/python3.10/site-packages/scipy/_lib/_ccallback_c.cpython-310-x86_64-linux-gnu.so num_segments=4 addr=0x7fe494387000', 'SEGMENT (nil) 3138', 'SEGMENT 0x4000 81e9', 'SEGMENT 0xd000 1768', 'SEGMENT 0xfd30 18e8', 'SEGMENT_HEADER filename=/home/kaiyaok2/.local/lib/python3.10/site-packages/scipy/sparse/_sparsetools.cpython-310-x86_64-linux-gnu.so num_segments=4 addr=0x7fe48fc02000', 'SEGMENT (nil) 2c10', 'SEGMENT 0x3000 3a79f5', 'SEGMENT 0x3ab000 4ffc9', 'SEGMENT 0x3fcd10 fd0', 'SEGMENT_HEADER filename=/home/kaiyaok2/.local/lib/python3.10/site-packages/scipy/sparse/_csparsetools.cpython-310-x86_64-linux-gnu.so num_segments=4 addr=0x7fe4941f7000', 'SEGMENT (nil) 9e50', 'SEGMENT 0xa000 6e309', 'SEGMENT 0x79000 d5ac', 'SEGMENT 0x87cd0 7e48', 'SEGMENT_HEADER filename=/home/kaiyaok2/.local/lib/python3.10/site-packages/scipy/sparse/linalg/_isolve/_iterative.cpython-310-x86_64-linux-gnu.so num_segments=6 addr=0x7fe4941b8000', 'SEGMENT (nil) 3d18', 'SEGMENT 0x4000 2435d', 'SEGMENT 0x29000 9034', 'SEGMENT 0x33d78 78e0', 'SEGMENT 0x3c000 1070', 'SEGMENT 0x3e000 838', 'SEGMENT_HEADER filename=/home/kaiyaok2/.local/lib/python3.10/site-packages/scipy/sparse/linalg/_isolve/../../../../scipy.libs/libopenblasp-r0-23e5df77.3.21.dev.so num_segments=7 addr=0x7fe48dd85000', 'SEGMENT (nil) f9968', 'SEGMENT 0xfa000 7a20', 'SEGMENT 0x108000 1ab7ae9', 'SEGMENT 0x1bc0000 1f9d78', 'SEGMENT 0x1dbb5c0 26318', 'SEGMENT 0x1de2000 59c28', 'SEGMENT 0x1e3c000 402f0', 'SEGMENT_HEADER filename=/home/kaiyaok2/.local/lib/python3.10/site-packages/scipy/linalg/_fblas.cpython-310-x86_64-linux-gnu.so num_segments=6 addr=0x7fe494118000', 'SEGMENT (nil) dad8', 'SEGMENT 0xe000 4696d', 'SEGMENT 0x55000 1ffec', 'SEGMENT 0x76d18 25e60', 'SEGMENT 0x9d000 1f58', 'SEGMENT 0x9f000 b80', 'SEGMENT_HEADER filename=/home/kaiyaok2/.local/lib/python3.10/site-packages/scipy/linalg/_flapack.cpython-310-x86_64-linux-gnu.so num_segments=6 addr=0x7fe454354000', 'SEGMENT (nil) 25c00', 'SEGMENT 0x26000 f735d', 'SEGMENT 0x11e000 6b01c', 'SEGMENT 0x18ad10 87ca8', 'SEGMENT 0x213000 4bd8', 'SEGMENT 0x218000 17a0', 'SEGMENT_HEADER filename=/home/kaiyaok2/.local/lib/python3.10/site-packages/scipy/linalg/_cythonized_array_utils.cpython-310-x86_64-linux-gnu.so num_segments=4 addr=0x7fe4940a7000', 'SEGMENT (nil) 77c0', 'SEGMENT 0x8000 540e1', 'SEGMENT 0x5d000 bc74', 'SEGMENT 0x69cf8 6b20', 'SEGMENT_HEADER filename=/home/kaiyaok2/.local/lib/python3.10/site-packages/scipy/linalg/cython_lapack.cpython-310-x86_64-linux-gnu.so num_segments=6 addr=0x7fe494005000', 'SEGMENT (nil) 16d08', 'SEGMENT 0x17000 1bbf1', 'SEGMENT 0x33000 57e14', 'SEGMENT 0x8cd88 37c8', 'SEGMENT 0x91000 c770', 'SEGMENT 0x9e000 35e0', 'SEGMENT_HEADER filename=/home/kaiyaok2/.local/lib/python3.10/site-packages/scipy/linalg/_solve_toeplitz.cpython-310-x86_64-linux-gnu.so num_segments=4 addr=0x7fe454219000', 'SEGMENT (nil) 5f10', 'SEGMENT 0x6000 282c9', 'SEGMENT 0x2f000 6a30', 'SEGMENT 0x36cf8 4278', 'SEGMENT_HEADER filename=/home/kaiyaok2/.local/lib/python3.10/site-packages/scipy/linalg/_decomp_lu_cython.cpython-310-x86_64-linux-gnu.so num_segments=4 addr=0x7fe4541e4000', 'SEGMENT (nil) 4f98', 'SEGMENT 0x5000 24f31', 'SEGMENT 0x2a000 624c', 'SEGMENT 0x31d08 3190', 'SEGMENT_HEADER filename=/home/kaiyaok2/.local/lib/python3.10/site-packages/scipy/linalg/_matfuncs_sqrtm_triu.cpython-310-x86_64-linux-gnu.so num_segments=4 addr=0x7fe4541ae000', 'SEGMENT (nil) 5ab8', 'SEGMENT 0x6000 235e1', 'SEGMENT 0x2a000 68dc', 'SEGMENT 0x31d00 3950', 'SEGMENT_HEADER filename=/home/kaiyaok2/.local/lib/python3.10/site-packages/scipy/linalg/_matfuncs_expm.cpython-310-x86_64-linux-gnu.so num_segments=4 addr=0x7fe45414e000', 'SEGMENT (nil) 6f88', 'SEGMENT 0x7000 46a41', 'SEGMENT 0x4e000 a6e4', 'SEGMENT 0x59cc8 53e8', 'SEGMENT_HEADER filename=/home/kaiyaok2/.local/lib/python3.10/site-packages/scipy/linalg/cython_blas.cpython-310-x86_64-linux-gnu.so num_segments=6 addr=0x7fe45410b000', 'SEGMENT (nil) 73f8', 'SEGMENT 0x8000 231a1', 'SEGMENT 0x2c000 c50c', 'SEGMENT 0x39cf8 36a0', 'SEGMENT 0x3e000 2d28', 'SEGMENT 0x41000 1188', 'SEGMENT_HEADER filename=/home/kaiyaok2/.local/lib/python3.10/site-packages/scipy/linalg/_decomp_update.cpython-310-x86_64-linux-gnu.so num_segments=4 addr=0x7fe4540bd000', 'SEGMENT (nil) 42b0', 'SEGMENT 0x5000 354fd', 'SEGMENT 0x3b000 b1a0', 'SEGMENT 0x47d38 5e10', 'SEGMENT_HEADER filename=/home/kaiyaok2/.local/lib/python3.10/site-packages/scipy/linalg/_flinalg.cpython-310-x86_64-linux-gnu.so num_segments=6 addr=0x7fe4540a9000', 'SEGMENT (nil) 1f28', 'SEGMENT 0x2000 804d', 'SEGMENT 0xb000 283c', 'SEGMENT 0xed90 2a60', 'SEGMENT 0x12000 cd0', 'SEGMENT 0x13000 738', 'SEGMENT_HEADER filename=/home/kaiyaok2/.local/lib/python3.10/site-packages/scipy/sparse/linalg/_dsolve/_superlu.cpython-310-x86_64-linux-gnu.so num_segments=6 addr=0x7fe454052000', 'SEGMENT (nil) 27d8', 'SEGMENT 0x3000 43cc5', 'SEGMENT 0x47000 a39c', 'SEGMENT 0x52d78 11a8', 'SEGMENT 0x54000 11d0', 'SEGMENT 0x56000 828', 'SEGMENT_HEADER filename=/home/kaiyaok2/.local/lib/python3.10/site-packages/scipy/sparse/linalg/_eigen/arpack/_arpack.cpython-310-x86_64-linux-gnu.so num_segments=6 addr=0x7fe453fe1000', 'SEGMENT (nil) 5238', 'SEGMENT 0x6000 4a28d', 'SEGMENT 0x51000 fbc4', 'SEGMENT 0x61d60 b740', 'SEGMENT 0x6e000 1c40', 'SEGMENT 0x70000 bf0', 'SEGMENT_HEADER filename=/home/kaiyaok2/.local/lib/python3.10/site-packages/scipy/sparse/csgraph/_shortest_path.cpython-310-x86_64-linux-gnu.so num_segments=4 addr=0x7fe453f77000', 'SEGMENT (nil) 6de0', 'SEGMENT 0x7000 4a095', 'SEGMENT 0x52000 c5c8', 'SEGMENT 0x5fcf8 9920', 'SEGMENT_HEADER filename=/home/kaiyaok2/.local/lib/python3.10/site-packages/scipy/sparse/csgraph/_tools.cpython-310-x86_64-linux-gnu.so num_segments=4 addr=0x7fe453f4d000', 'SEGMENT (nil) 3938', 'SEGMENT 0x4000 183a5', 'SEGMENT 0x1d000 5db8', 'SEGMENT 0x24d48 5110', 'SEGMENT_HEADER filename=/home/kaiyaok2/.local/lib/python3.10/site-packages/scipy/sparse/csgraph/_traversal.cpython-310-x86_64-linux-gnu.so num_segments=4 addr=0x7fe453eca000', 'SEGMENT (nil) 78b0', 'SEGMENT 0x8000 64585', 'SEGMENT 0x6d000 c96c', 'SEGMENT 0x7acf0 7ca8', 'SEGMENT_HEADER filename=/home/kaiyaok2/.local/lib/python3.10/site-packages/scipy/sparse/csgraph/_min_spanning_tree.cpython-310-x86_64-linux-gnu.so num_segments=4 addr=0x7fe453e97000', 'SEGMENT (nil) 5058', 'SEGMENT 0x6000 20fed', 'SEGMENT 0x27000 66ec', 'SEGMENT 0x2ed08 3cf8', 'SEGMENT_HEADER filename=/home/kaiyaok2/.local/lib/python3.10/site-packages/scipy/sparse/csgraph/_flow.cpython-310-x86_64-linux-gnu.so num_segments=4 addr=0x7fe453e4f000', 'SEGMENT (nil) 65c0', 'SEGMENT 0x7000 2e7c1', 'SEGMENT 0x36000 907c', 'SEGMENT 0x40cf8 6620', 'SEGMENT_HEADER filename=/home/kaiyaok2/.local/lib/python3.10/site-packages/scipy/sparse/csgraph/_matching.cpython-310-x86_64-linux-gnu.so num_segments=4 addr=0x7fe453e07000', 'SEGMENT (nil) 5788', 'SEGMENT 0x6000 2f9ad', 'SEGMENT 0x36000 8fd8', 'SEGMENT 0x40d08 67a8', 'SEGMENT_HEADER filename=/home/kaiyaok2/.local/lib/python3.10/site-packages/scipy/sparse/csgraph/_reordering.cpython-310-x86_64-linux-gnu.so num_segments=4 addr=0x7fe453dc5000', 'SEGMENT (nil) 65e0', 'SEGMENT 0x7000 2cb4d', 'SEGMENT 0x34000 7b7c', 'SEGMENT 0x3ccf0 51e8', 'SEGMENT_HEADER filename=/home/kaiyaok2/.local/lib/python3.10/site-packages/memray/_memray.cpython-310-x86_64-linux-gnu.so num_segments=5 addr=0x7fe453600000', 'SEGMENT (nil) cfa96', 'SEGMENT 0x2cfd48 ea70', 'SEGMENT 0x2df000 7f88', 'SEGMENT 0x2e7000 74c0', 'SEGMENT 0x2ef000 7738', 'SEGMENT_HEADER filename=/home/kaiyaok2/.local/lib/python3.10/site-packages/memray/../memray.libs/liblz4-c29043df.so.1.7.1 num_segments=3 addr=0x7fe453200000', 'SEGMENT (nil) aab4', 'SEGMENT 0x20aab8 3e8', 'SEGMENT 0x20b000 c60', 'SEGMENT_HEADER filename=/home/kaiyaok2/.local/lib/python3.10/site-packages/memray/../memray.libs/libunwind-92483c07.so.8.0.1 num_segments=3 addr=0x7fe452e00000', 'SEGMENT (nil) 98a8', 'SEGMENT 0x2098a8 f140', 'SEGMENT 0x219000 5b0', 'SEGMENT_HEADER filename=/home/kaiyaok2/.local/lib/python3.10/site-packages/memray/_test_utils.cpython-310-x86_64-linux-gnu.so num_segments=2 addr=0x7fe452a00000', 'SEGMENT (nil) 25f50', 'SEGMENT 0x226cb0 2b30', 'NATIVE_TRACE_INDEX ip=(nil) index=0', 'NATIVE_TRACE_INDEX ip=0x561bc27b9f25 index=1', 'NATIVE_TRACE_INDEX ip=0x7fe58b750e40 index=2', 'NATIVE_TRACE_INDEX ip=0x7fe58b750d90 index=3', 'NATIVE_TRACE_INDEX ip=0x561bc27ba02d index=4', 'NATIVE_TRACE_INDEX ip=0x561bc27e38c8 index=5', 'NATIVE_TRACE_INDEX ip=0x561bc27e4c2d index=6', 'NATIVE_TRACE_INDEX ip=0x561bc26ec9fc index=7', 'NATIVE_TRACE_INDEX ip=0x561bc26d526d index=8', 'NATIVE_TRACE_INDEX ip=0x561bc26ec9fc index=9', 'NATIVE_TRACE_INDEX ip=0x561bc26d526d index=10', 'NATIVE_TRACE_INDEX ip=0x561bc26ecc59 index=11', 'NATIVE_TRACE_INDEX ip=0x561bc27cce2d index=12', 'NATIVE_TRACE_INDEX ip=0x561bc27c7256 index=13', 'NATIVE_TRACE_INDEX ip=0x561bc26d19c6 index=14', 'NATIVE_TRACE_INDEX ip=0x561bc26dacfa index=15', 'NATIVE_TRACE_INDEX ip=0x561bc26ec9fc index=16', 'NATIVE_TRACE_INDEX ip=0x561bc26d526d index=17', 'NATIVE_TRACE_INDEX ip=0x561bc26ec9fc index=18', 'NATIVE_TRACE_INDEX ip=0x561bc26dc150 index=19', 'NATIVE_TRACE_INDEX ip=0x561bc26e2a7b index=20', 'NATIVE_TRACE_INDEX ip=0x561bc2812700 index=21', 'NATIVE_TRACE_INDEX ip=0x561bc26f786c index=22', 'NATIVE_TRACE_INDEX ip=0x561bc26e1cbd index=23', 'NATIVE_TRACE_INDEX ip=0x561bc26ec9fc index=24', 'NATIVE_TRACE_INDEX ip=0x561bc26dacfa index=25', 'NATIVE_TRACE_INDEX ip=0x561bc26fa7f1 index=26', 'NATIVE_TRACE_INDEX ip=0x561bc26dacfa index=27', 'NATIVE_TRACE_INDEX ip=0x561bc26ec9fc index=28', 'NATIVE_TRACE_INDEX ip=0x561bc26d75d7 index=29', 'NATIVE_TRACE_INDEX ip=0x561bc26ec9fc index=30', 'NATIVE_TRACE_INDEX ip=0x561bc26d526d index=31', 'NATIVE_TRACE_INDEX ip=0x561bc26ec9fc index=32', 'NATIVE_TRACE_INDEX ip=0x561bc26d526d index=33', 'NATIVE_TRACE_INDEX ip=0x561bc26ec9fc index=34', 'NATIVE_TRACE_INDEX ip=0x561bc26dc150 index=35', 'NATIVE_TRACE_INDEX ip=0x561bc26e2a7b index=36', 'NATIVE_TRACE_INDEX ip=0x561bc2812700 index=37', 'NATIVE_TRACE_INDEX ip=0x561bc26f786c index=38', 'NATIVE_TRACE_INDEX ip=0x561bc26e1cbd index=39', 'NATIVE_TRACE_INDEX ip=0x561bc26ec9fc index=40', 'NATIVE_TRACE_INDEX ip=0x561bc26dacfa index=41', 'NATIVE_TRACE_INDEX ip=0x561bc26fa7f1 index=42', 'NATIVE_TRACE_INDEX ip=0x561bc26dacfa index=43', 'NATIVE_TRACE_INDEX ip=0x561bc26ec9fc index=44', 'NATIVE_TRACE_INDEX ip=0x561bc26d75d7 index=45', 'NATIVE_TRACE_INDEX ip=0x561bc26ec9fc index=46', 'NATIVE_TRACE_INDEX ip=0x561bc26dc8af index=47', 'NATIVE_TRACE_INDEX ip=0x561bc26e2a7b index=48', 'NATIVE_TRACE_INDEX ip=0x561bc2812700 index=49', 'NATIVE_TRACE_INDEX ip=0x561bc26f786c index=50', 'NATIVE_TRACE_INDEX ip=0x561bc26e1cbd index=51', 'NATIVE_TRACE_INDEX ip=0x561bc26ec9fc index=52', 'NATIVE_TRACE_INDEX ip=0x561bc26dc1f2 index=53', 'NATIVE_TRACE_INDEX ip=0x561bc27951c2 index=54', 'NATIVE_TRACE_INDEX ip=0x561bc26fa7f1 index=55', 'NATIVE_TRACE_INDEX ip=0x561bc26dc1f2 index=56', 'NATIVE_TRACE_INDEX ip=0x561bc27951c2 index=57', 'NATIVE_TRACE_INDEX ip=0x561bc26ec9fc index=58', 'NATIVE_TRACE_INDEX ip=0x561bc26d75d7 index=59', 'NATIVE_TRACE_INDEX ip=0x561bc26ec9fc index=60', 'NATIVE_TRACE_INDEX ip=0x561bc26dc8af index=61', 'NATIVE_TRACE_INDEX ip=0x561bc27951c2 index=62', 'NATIVE_TRACE_INDEX ip=0x561bc26ec9fc index=63', 'NATIVE_TRACE_INDEX ip=0x561bc26dbcbc index=64', 'NATIVE_TRACE_INDEX ip=0x561bc27951c2 index=65', 'NATIVE_TRACE_INDEX ip=0x561bc26ec9fc index=66', 'NATIVE_TRACE_INDEX ip=0x561bc26d75d7 index=67', 'NATIVE_TRACE_INDEX ip=0x561bc26ec9fc index=68', 'NATIVE_TRACE_INDEX ip=0x561bc26dc8af index=69', 'NATIVE_TRACE_INDEX ip=0x561bc27951c2 index=70', 'NATIVE_TRACE_INDEX ip=0x561bc26fa7f1 index=71', 'NATIVE_TRACE_INDEX ip=0x561bc26dbcbc index=72', 'NATIVE_TRACE_INDEX ip=0x561bc27951c2 index=73', 'NATIVE_TRACE_INDEX ip=0x561bc26ec9fc index=74', 'NATIVE_TRACE_INDEX ip=0x561bc26d75d7 index=75', 'NATIVE_TRACE_INDEX ip=0x561bc26fb42b index=76', 'NATIVE_TRACE_INDEX ip=0x561bc2812700 index=77', 'NATIVE_TRACE_INDEX ip=0x561bc26f786c index=78', 'NATIVE_TRACE_INDEX ip=0x561bc26e1cbd index=79', 'NATIVE_TRACE_INDEX ip=0x561bc26ec9fc index=80', 'NATIVE_TRACE_INDEX ip=0x561bc26dc1f2 index=81', 'NATIVE_TRACE_INDEX ip=0x561bc27951c2 index=82', 'NATIVE_TRACE_INDEX ip=0x561bc26fa7f1 index=83', 'NATIVE_TRACE_INDEX ip=0x561bc26dc1f2 index=84', 'NATIVE_TRACE_INDEX ip=0x561bc27951c2 index=85', 'NATIVE_TRACE_INDEX ip=0x561bc26ec9fc index=86', 'NATIVE_TRACE_INDEX ip=0x561bc26d75d7 index=87', 'NATIVE_TRACE_INDEX ip=0x561bc26ec9fc index=88', 'NATIVE_TRACE_INDEX ip=0x561bc26dc019 index=89', 'NATIVE_TRACE_INDEX ip=0x561bc27951c2 index=90', 'NATIVE_TRACE_INDEX ip=0x561bc26ec9fc index=91', 'NATIVE_TRACE_INDEX ip=0x561bc26dc8af index=92', 'NATIVE_TRACE_INDEX ip=0x561bc26e2a7b index=93', 'NATIVE_TRACE_INDEX ip=0x561bc2812700 index=94', 'NATIVE_TRACE_INDEX ip=0x561bc26f786c index=95', 'NATIVE_TRACE_INDEX ip=0x561bc26e1cbd index=96', 'NATIVE_TRACE_INDEX ip=0x561bc26ec9fc index=97', 'NATIVE_TRACE_INDEX ip=0x561bc26dc1f2 index=98', 'NATIVE_TRACE_INDEX ip=0x561bc27951c2 index=99', 'NATIVE_TRACE_INDEX ip=0x561bc26fa7f1 index=100', 'NATIVE_TRACE_INDEX ip=0x561bc26dc1f2 index=101', 'NATIVE_TRACE_INDEX ip=0x561bc27951c2 index=102', 'NATIVE_TRACE_INDEX ip=0x561bc26ec9fc index=103', 'NATIVE_TRACE_INDEX ip=0x561bc26d75d7 index=104', 'NATIVE_TRACE_INDEX ip=0x561bc26ec9fc index=105', 'NATIVE_TRACE_INDEX ip=0x561bc26d75d7 index=106', 'NATIVE_TRACE_INDEX ip=0x561bc26fb492 index=107', 'NATIVE_TRACE_INDEX ip=0x561bc26fa7f1 index=108', 'NATIVE_TRACE_INDEX ip=0x561bc26dc019 index=109', 'NATIVE_TRACE_INDEX ip=0x561bc27951c2 index=110', 'NATIVE_TRACE_INDEX ip=0x561bc26ec9fc index=111', 'NATIVE_TRACE_INDEX ip=0x561bc26dc019 index=112', 'NATIVE_TRACE_INDEX ip=0x561bc27951c2 index=113', 'NATIVE_TRACE_INDEX ip=0x7fe452a17b6b index=114', 'PYTHON_FRAME_INDEX frame_id=22 function_name=valloc filename=/home/kaiyaok2/.local/lib/python3.10/site-packages/memray/_test.py lineno=44 is_entry_frame=1', 'PYTHON_FRAME_INDEX frame_id=21 function_name=test_successful_parse_of_aggregated_capture_file filename=/home/kaiyaok2/PythonProjects/memray/tests/integration/test_main.py lineno=556 is_entry_frame=1', 'PYTHON_FRAME_INDEX frame_id=20 function_name=pytest_pyfunc_call filename=/home/kaiyaok2/.local/lib/python3.10/site-packages/_pytest/python.py lineno=195 is_entry_frame=1', 'PYTHON_FRAME_INDEX frame_id=19 function_name=runtest filename=/home/kaiyaok2/.local/lib/python3.10/site-packages/_pytest/python.py lineno=1789 is_entry_frame=1', 'PYTHON_FRAME_INDEX frame_id=18 function_name=pytest_runtest_call filename=/home/kaiyaok2/.local/lib/python3.10/site-packages/_pytest/runner.py lineno=167 is_entry_frame=1', 'PYTHON_FRAME_INDEX frame_id=17 function_name=<lambda> filename=/home/kaiyaok2/.local/lib/python3.10/site-packages/_pytest/runner.py lineno=260 is_entry_frame=1', 'PYTHON_FRAME_INDEX frame_id=16 function_name=from_call filename=/home/kaiyaok2/.local/lib/python3.10/site-packages/_pytest/runner.py lineno=339 is_entry_frame=1', 'PYTHON_FRAME_INDEX frame_id=15 function_name=call_runtest_hook filename=/home/kaiyaok2/.local/lib/python3.10/site-packages/_pytest/runner.py lineno=259 is_entry_frame=1', 'PYTHON_FRAME_INDEX frame_id=14 function_name=call_and_report filename=/home/kaiyaok2/.local/lib/python3.10/site-packages/_pytest/runner.py lineno=220 is_entry_frame=1', 'PYTHON_FRAME_INDEX frame_id=13 function_name=runtestprotocol filename=/home/kaiyaok2/.local/lib/python3.10/site-packages/_pytest/runner.py lineno=131 is_entry_frame=1', 'PYTHON_FRAME_INDEX frame_id=0 function_name=_run_module_as_main filename=/usr/lib/python3.10/runpy.py lineno=196 is_entry_frame=1', 'PYTHON_FRAME_INDEX frame_id=1 function_name=_run_code filename=/usr/lib/python3.10/runpy.py lineno=86 is_entry_frame=1', 'PYTHON_FRAME_INDEX frame_id=2 function_name=<module> filename=/home/kaiyaok2/.local/lib/python3.10/site-packages/pytest/__main__.py lineno=5 is_entry_frame=1', 'PYTHON_FRAME_INDEX frame_id=3 function_name=console_main filename=/home/kaiyaok2/.local/lib/python3.10/site-packages/_pytest/config/__init__.py lineno=190 is_entry_frame=1', 'PYTHON_FRAME_INDEX frame_id=4 function_name=main filename=/home/kaiyaok2/.local/lib/python3.10/site-packages/_pytest/config/__init__.py lineno=167 is_entry_frame=1', 'PYTHON_FRAME_INDEX frame_id=5 function_name=__call__ filename=/home/kaiyaok2/.local/lib/python3.10/site-packages/pluggy/_hooks.py lineno=493 is_entry_frame=1', 'PYTHON_FRAME_INDEX frame_id=6 function_name=_hookexec filename=/home/kaiyaok2/.local/lib/python3.10/site-packages/pluggy/_manager.py lineno=115 is_entry_frame=1', 'PYTHON_FRAME_INDEX frame_id=7 function_name=_multicall filename=/home/kaiyaok2/.local/lib/python3.10/site-packages/pluggy/_callers.py lineno=77 is_entry_frame=1', 'PYTHON_FRAME_INDEX frame_id=8 function_name=pytest_cmdline_main filename=/home/kaiyaok2/.local/lib/python3.10/site-packages/_pytest/main.py lineno=317 is_entry_frame=1', 'PYTHON_FRAME_INDEX frame_id=9 function_name=wrap_session filename=/home/kaiyaok2/.local/lib/python3.10/site-packages/_pytest/main.py lineno=270 is_entry_frame=1', 'PYTHON_FRAME_INDEX frame_id=10 function_name=_main filename=/home/kaiyaok2/.local/lib/python3.10/site-packages/_pytest/main.py lineno=324 is_entry_frame=1', 'PYTHON_FRAME_INDEX frame_id=11 function_name=pytest_runtestloop filename=/home/kaiyaok2/.local/lib/python3.10/site-packages/_pytest/main.py lineno=349 is_entry_frame=1', 'PYTHON_FRAME_INDEX frame_id=12 function_name=pytest_runtest_protocol filename=/home/kaiyaok2/.local/lib/python3.10/site-packages/_pytest/runner.py lineno=112 is_entry_frame=1', 'PYTHON_TRACE_INDEX frame_id=0 parent_index=0', 'PYTHON_TRACE_INDEX frame_id=1 parent_index=1', 'PYTHON_TRACE_INDEX frame_id=2 parent_index=2', 'PYTHON_TRACE_INDEX frame_id=3 parent_index=3', 'PYTHON_TRACE_INDEX frame_id=4 parent_index=4', 'PYTHON_TRACE_INDEX frame_id=5 parent_index=5', 'PYTHON_TRACE_INDEX frame_id=6 parent_index=6', 'PYTHON_TRACE_INDEX frame_id=7 parent_index=7', 'PYTHON_TRACE_INDEX frame_id=8 parent_index=8', 'PYTHON_TRACE_INDEX frame_id=9 parent_index=9', 'PYTHON_TRACE_INDEX frame_id=10 parent_index=10', 'PYTHON_TRACE_INDEX frame_id=5 parent_index=11', 'PYTHON_TRACE_INDEX frame_id=6 parent_index=12', 'PYTHON_TRACE_INDEX frame_id=7 parent_index=13', 'PYTHON_TRACE_INDEX frame_id=11 parent_index=14', 'PYTHON_TRACE_INDEX frame_id=5 parent_index=15', 'PYTHON_TRACE_INDEX frame_id=6 parent_index=16', 'PYTHON_TRACE_INDEX frame_id=7 parent_index=17', 'PYTHON_TRACE_INDEX frame_id=12 parent_index=18', 'PYTHON_TRACE_INDEX frame_id=13 parent_index=19', 'PYTHON_TRACE_INDEX frame_id=14 parent_index=20', 'PYTHON_TRACE_INDEX frame_id=15 parent_index=21', 'PYTHON_TRACE_INDEX frame_id=16 parent_index=22', 'PYTHON_TRACE_INDEX frame_id=17 parent_index=23', 'PYTHON_TRACE_INDEX frame_id=5 parent_index=24', 'PYTHON_TRACE_INDEX frame_id=6 parent_index=25', 'PYTHON_TRACE_INDEX frame_id=7 parent_index=26', 'PYTHON_TRACE_INDEX frame_id=18 parent_index=27', 'PYTHON_TRACE_INDEX frame_id=19 parent_index=28', 'PYTHON_TRACE_INDEX frame_id=5 parent_index=29', 'PYTHON_TRACE_INDEX frame_id=6 parent_index=30', 'PYTHON_TRACE_INDEX frame_id=7 parent_index=31', 'PYTHON_TRACE_INDEX frame_id=20 parent_index=32', 'PYTHON_TRACE_INDEX frame_id=21 parent_index=33', 'PYTHON_TRACE_INDEX frame_id=22 parent_index=34', 'AGGREGATED_ALLOCATION tid=1 allocator=valloc native_frame_id=115 python_frame_id=35 native_segment_generation=1 n_allocations_in_high_water_mark=1 n_allocations_leaked=0 bytes_in_high_water_mark=1024 bytes_leaked=0', 'AGGREGATED_TRAILER']
.
current test PASSED/SKIPPED -- test_successful_parse_of_aggregated_capture_file in /home/kaiyaok2/PythonProjects/memray/tests/integration/test_main.py: 81.46781778335571s cumulative, 2.5755884647369385s individual

.
current test PASSED/SKIPPED -- test_run_live_tracking_invalid_port in /home/kaiyaok2/PythonProjects/memray/tests/integration/test_main.py: 82.46878218650818s cumulative, 1.0009644031524658s individual

.
current test PASSED/SKIPPED -- test_run_live_tracking_invalid_port in /home/kaiyaok2/PythonProjects/memray/tests/integration/test_main.py: 83.83216524124146s cumulative, 1.3633830547332764s individual

.
current test PASSED/SKIPPED -- test_live_tracking_invalid_port in /home/kaiyaok2/PythonProjects/memray/tests/integration/test_main.py: 85.26537442207336s cumulative, 1.4332091808319092s individual

.
current test PASSED/SKIPPED -- test_live_tracking_waits_for_client in /home/kaiyaok2/PythonProjects/memray/tests/integration/test_main.py: 86.47448825836182s cumulative, 1.2091138362884521s individual

E
current test FAILED -- test_live_client_exits_properly_on_sigint_before_connecting in /home/kaiyaok2/PythonProjects/memray/tests/integration/test_main.py: 86.49715447425842s cumulative, 0.022666215896606445s individual

.
current test PASSED/SKIPPED -- test_run_live_tracking_invalid_port in /home/kaiyaok2/PythonProjects/memray/tests/integration/test_main.py: 87.75784611701965s cumulative, 1.2606916427612305s individual

.
current test PASSED/SKIPPED -- test_live_tracking_invalid_port in /home/kaiyaok2/PythonProjects/memray/tests/integration/test_main.py: 89.1664445400238s cumulative, 1.4085984230041504s individual

.
current test PASSED/SKIPPED -- test_live_tracking_server_exits_properly_on_sigint in /home/kaiyaok2/PythonProjects/memray/tests/integration/test_main.py: 91.2783784866333s cumulative, 2.111933946609497s individual

E
current test FAILED -- test_live_tracking_server_when_client_disconnects in /home/kaiyaok2/PythonProjects/memray/tests/integration/test_main.py: 91.30486011505127s cumulative, 0.02648162841796875s individual

.
current test PASSED/SKIPPED -- test_live_tracking_invalid_port in /home/kaiyaok2/PythonProjects/memray/tests/integration/test_main.py: 92.53694438934326s cumulative, 1.2320842742919922s individual

E
current test FAILED -- test_live_tracking in /home/kaiyaok2/PythonProjects/memray/tests/integration/test_main.py: 92.62115287780762s cumulative, 0.08420848846435547s individual

.
current test PASSED/SKIPPED -- test_live_tracking in /home/kaiyaok2/PythonProjects/memray/tests/integration/test_main.py: 97.1296181678772s cumulative, 4.50846529006958s individual

.
current test PASSED/SKIPPED -- test_summary_generated in /home/kaiyaok2/PythonProjects/memray/tests/integration/test_main.py: 100.56546974182129s cumulative, 3.435851573944092s individual

.
current test PASSED/SKIPPED -- test_temporary_allocations_summary in /home/kaiyaok2/PythonProjects/memray/tests/integration/test_main.py: 104.14201259613037s cumulative, 3.576542854309082s individual

.
current test PASSED/SKIPPED -- test_leaks_with_pymalloc_warning in /home/kaiyaok2/PythonProjects/memray/tests/integration/test_main.py: 110.07710099220276s cumulative, 5.935088396072388s individual

.
current test PASSED/SKIPPED -- test_split_threads_subcommand in /home/kaiyaok2/PythonProjects/memray/tests/integration/test_main.py: 113.83927798271179s cumulative, 3.762176990509033s individual

.
current test PASSED/SKIPPED -- test_leaks_with_pymalloc_warning in /home/kaiyaok2/PythonProjects/memray/tests/integration/test_main.py: 118.07703351974487s cumulative, 4.237755537033081s individual

.
current test PASSED/SKIPPED -- test_leaks_with_pymalloc_warning in /home/kaiyaok2/PythonProjects/memray/tests/integration/test_main.py: 122.51738429069519s cumulative, 4.440350770950317s individual

.
current test PASSED/SKIPPED -- test_writes_to_correct_file in /home/kaiyaok2/PythonProjects/memray/tests/integration/test_main.py: 126.36579942703247s cumulative, 3.8484151363372803s individual

.
current test PASSED/SKIPPED -- test_leaks_with_pymalloc_warning in /home/kaiyaok2/PythonProjects/memray/tests/integration/test_main.py: 129.6578722000122s cumulative, 3.2920727729797363s individual

.
current test PASSED/SKIPPED -- test_output_file_already_exists in /home/kaiyaok2/PythonProjects/memray/tests/integration/test_main.py: 131.40946745872498s cumulative, 1.7515952587127686s individual

.
current test PASSED/SKIPPED -- test_can_generate_reports_with_native_traces in /home/kaiyaok2/PythonProjects/memray/tests/integration/test_main.py: 135.3780722618103s cumulative, 3.968604803085327s individual

.
current test PASSED/SKIPPED -- test_reads_from_correct_file in /home/kaiyaok2/PythonProjects/memray/tests/integration/test_main.py: 138.92228269577026s cumulative, 3.544210433959961s individual

.
current test PASSED/SKIPPED -- test_temporary_allocations_tree in /home/kaiyaok2/PythonProjects/memray/tests/integration/test_main.py: 142.8933720588684s cumulative, 3.9710893630981445s individual

.
current test PASSED/SKIPPED -- test_tree_generated in /home/kaiyaok2/PythonProjects/memray/tests/integration/test_main.py: 149.53135538101196s cumulative, 6.637983322143555s individual

.
current test PASSED/SKIPPED -- test_report_detects_missing_input in /home/kaiyaok2/PythonProjects/memray/tests/integration/test_main.py: 151.66183710098267s cumulative, 2.130481719970703s individual

.
current test PASSED/SKIPPED -- test_report_detects_corrupt_input in /home/kaiyaok2/PythonProjects/memray/tests/integration/test_main.py: 153.65874934196472s cumulative, 1.9969122409820557s individual

.
current test PASSED/SKIPPED -- test_report_leaks_argument in /home/kaiyaok2/PythonProjects/memray/tests/integration/test_main.py: 156.76367807388306s cumulative, 3.104928731918335s individual

.
current test PASSED/SKIPPED -- test_run in /home/kaiyaok2/PythonProjects/memray/tests/integration/test_main.py: 158.262109041214s cumulative, 1.4984309673309326s individual

.
current test PASSED/SKIPPED -- test_sys_manipulations_when_running_module in /home/kaiyaok2/PythonProjects/memray/tests/integration/test_main.py: 159.756249666214s cumulative, 1.494140625s individual

.
current test PASSED/SKIPPED -- test_not_quiet_and_fork in /home/kaiyaok2/PythonProjects/memray/tests/integration/test_main.py: 161.37903928756714s cumulative, 1.6227896213531494s individual

.
current test PASSED/SKIPPED -- test_quiet in /home/kaiyaok2/PythonProjects/memray/tests/integration/test_main.py: 163.04772424697876s cumulative, 1.668684959411621s individual

.
current test PASSED/SKIPPED -- test_run_file_that_is_not_python in /home/kaiyaok2/PythonProjects/memray/tests/integration/test_main.py: 163.15782570838928s cumulative, 0.11010146141052246s individual

.
current test PASSED/SKIPPED -- test_sys_manipulations_when_running_cmd in /home/kaiyaok2/PythonProjects/memray/tests/integration/test_main.py: 164.55442333221436s cumulative, 1.3965976238250732s individual

.
current test PASSED/SKIPPED -- test_run_overwrite_output_file in /home/kaiyaok2/PythonProjects/memray/tests/integration/test_main.py: 166.83308172225952s cumulative, 2.278658390045166s individual

.
current test PASSED/SKIPPED -- test_sys_manipulations_when_running_script in /home/kaiyaok2/PythonProjects/memray/tests/integration/test_main.py: 168.21182322502136s cumulative, 1.3787415027618408s individual

.
current test PASSED/SKIPPED -- test_run_file_exists in /home/kaiyaok2/PythonProjects/memray/tests/integration/test_main.py: 168.28400802612305s cumulative, 0.07218480110168457s individual

.
current test PASSED/SKIPPED -- test_quiet in /home/kaiyaok2/PythonProjects/memray/tests/integration/test_main.py: 169.78264474868774s cumulative, 1.4986367225646973s individual

.
current test PASSED/SKIPPED -- test_run_file_that_is_not_python in /home/kaiyaok2/PythonProjects/memray/tests/integration/test_main.py: 169.8787877559662s cumulative, 0.09614300727844238s individual

.
current test PASSED/SKIPPED -- test_run_output_file_directory_does_not_exist in /home/kaiyaok2/PythonProjects/memray/tests/integration/test_main.py: 169.94113993644714s cumulative, 0.06235218048095703s individual

.
current test PASSED/SKIPPED -- test_run_file_that_is_not_python in /home/kaiyaok2/PythonProjects/memray/tests/integration/test_main.py: 170.02127742767334s cumulative, 0.08013749122619629s individual

.
current test PASSED/SKIPPED -- test_run_file_with_args in /home/kaiyaok2/PythonProjects/memray/tests/integration/test_main.py: 172.42746591567993s cumulative, 2.406188488006592s individual

.
current test PASSED/SKIPPED -- test_run_override_output in /home/kaiyaok2/PythonProjects/memray/tests/integration/test_main.py: 173.98440527915955s cumulative, 1.5569393634796143s individual

.
current test PASSED/SKIPPED -- test_report_detects_missing_input in /home/kaiyaok2/PythonProjects/memray/tests/integration/test_main.py: 175.34996724128723s cumulative, 1.3655619621276855s individual

.
current test PASSED/SKIPPED -- test_report_detects_missing_input in /home/kaiyaok2/PythonProjects/memray/tests/integration/test_main.py: 176.85258793830872s cumulative, 1.5026206970214844s individual

.
current test PASSED/SKIPPED -- test_report_detects_corrupt_input in /home/kaiyaok2/PythonProjects/memray/tests/integration/test_main.py: 178.4635899066925s cumulative, 1.611001968383789s individual

.
current test PASSED/SKIPPED -- test_report_leaks_argument in /home/kaiyaok2/PythonProjects/memray/tests/integration/test_main.py: 185.215393781662s cumulative, 6.751803874969482s individual

.
current test PASSED/SKIPPED -- test_report_temporary_allocations_argument in /home/kaiyaok2/PythonProjects/memray/tests/integration/test_main.py: 191.7586317062378s cumulative, 6.543237924575806s individual

.
current test PASSED/SKIPPED -- test_report_detects_missing_input in /home/kaiyaok2/PythonProjects/memray/tests/integration/test_main.py: 194.05298256874084s cumulative, 2.2943508625030518s individual

.
current test PASSED/SKIPPED -- test_report_detects_corrupt_input in /home/kaiyaok2/PythonProjects/memray/tests/integration/test_main.py: 196.4775848388672s cumulative, 2.4246022701263428s individual

.
current test PASSED/SKIPPED -- test_report_detects_missing_input in /home/kaiyaok2/PythonProjects/memray/tests/integration/test_main.py: 198.62425184249878s cumulative, 2.146667003631592s individual

.
current test PASSED/SKIPPED -- test_report_detects_missing_input in /home/kaiyaok2/PythonProjects/memray/tests/integration/test_main.py: 201.23632669448853s cumulative, 2.612074851989746s individual

.
current test PASSED/SKIPPED -- test_report_incompatible_arguments in /home/kaiyaok2/PythonProjects/memray/tests/integration/test_main.py: 204.73458433151245s cumulative, 3.498257637023926s individual

.
current test PASSED/SKIPPED -- test_report_detects_corrupt_input in /home/kaiyaok2/PythonProjects/memray/tests/integration/test_main.py: 206.56994771957397s cumulative, 1.8353633880615234s individual

.
current test PASSED/SKIPPED -- test_report_both_temporary_allocation_arguments in /home/kaiyaok2/PythonProjects/memray/tests/integration/test_main.py: 210.26965308189392s cumulative, 3.6997053623199463s individual

.
current test PASSED/SKIPPED -- test_report_incompatible_arguments in /home/kaiyaok2/PythonProjects/memray/tests/integration/test_main.py: 213.80326437950134s cumulative, 3.533611297607422s individual

.
current test PASSED/SKIPPED -- test_report_both_temporary_allocation_arguments in /home/kaiyaok2/PythonProjects/memray/tests/integration/test_main.py: 216.86885356903076s cumulative, 3.065589189529419s individual

.
current test PASSED/SKIPPED -- test_report_leaks_argument in /home/kaiyaok2/PythonProjects/memray/tests/integration/test_main.py: 221.165673494339s cumulative, 4.2968199253082275s individual

.
current test PASSED/SKIPPED -- test_report_temporary_allocations_argument in /home/kaiyaok2/PythonProjects/memray/tests/integration/test_main.py: 224.668794631958s cumulative, 3.5031211376190186s individual

.
current test PASSED/SKIPPED -- test_report_both_temporary_allocation_arguments in /home/kaiyaok2/PythonProjects/memray/tests/integration/test_main.py: 227.82836532592773s cumulative, 3.1595706939697266s individual

.
current test PASSED/SKIPPED -- test_report_detects_corrupt_input in /home/kaiyaok2/PythonProjects/memray/tests/integration/test_main.py: 229.37515950202942s cumulative, 1.5467941761016846s individual

.
current test PASSED/SKIPPED -- test_report_both_temporary_allocation_arguments in /home/kaiyaok2/PythonProjects/memray/tests/integration/test_main.py: 233.13416504859924s cumulative, 3.759005546569824s individual

.
current test PASSED/SKIPPED -- test_no_split_threads in /home/kaiyaok2/PythonProjects/memray/tests/integration/test_main.py: 234.95919847488403s cumulative, 1.82503342628479s individual

.
current test PASSED/SKIPPED -- test_reads_from_correct_file in /home/kaiyaok2/PythonProjects/memray/tests/integration/test_main.py: 239.43432784080505s cumulative, 4.4751293659210205s individual


unit/test_templates.py .
current test PASSED/SKIPPED -- test_title_for_regular_report in /home/kaiyaok2/PythonProjects/memray/tests/unit/test_templates.py: 239.46131777763367s cumulative, 0.02698993682861328s individual

.
current test PASSED/SKIPPED -- test_title_for_regular_report in /home/kaiyaok2/PythonProjects/memray/tests/unit/test_templates.py: 239.4986126422882s cumulative, 0.037294864654541016s individual

.
current test PASSED/SKIPPED -- test_title_for_regular_report in /home/kaiyaok2/PythonProjects/memray/tests/unit/test_templates.py: 239.51516819000244s cumulative, 0.0165555477142334s individual

.
current test PASSED/SKIPPED -- test_title_for_regular_report in /home/kaiyaok2/PythonProjects/memray/tests/unit/test_templates.py: 239.530335187912s cumulative, 0.015166997909545898s individual

.
current test PASSED/SKIPPED -- test_title_for_regular_report in /home/kaiyaok2/PythonProjects/memray/tests/unit/test_templates.py: 239.5478174686432s cumulative, 0.017482280731201172s individual

.
current test PASSED/SKIPPED -- test_title_for_regular_report in /home/kaiyaok2/PythonProjects/memray/tests/unit/test_templates.py: 239.5642421245575s cumulative, 0.01642465591430664s individual


unit/test_frame_tools.py .
current test PASSED/SKIPPED -- test_is_frame_from_import_system in /home/kaiyaok2/PythonProjects/memray/tests/unit/test_frame_tools.py: 239.5791256427765s cumulative, 0.01488351821899414s individual

.
current test PASSED/SKIPPED -- test_frame_interesting in /home/kaiyaok2/PythonProjects/memray/tests/unit/test_frame_tools.py: 239.59270191192627s cumulative, 0.013576269149780273s individual

.
current test PASSED/SKIPPED -- test_cpython_internal_calls in /home/kaiyaok2/PythonProjects/memray/tests/unit/test_frame_tools.py: 239.60674929618835s cumulative, 0.014047384262084961s individual

.
current test PASSED/SKIPPED -- test_cpython_internal_calls in /home/kaiyaok2/PythonProjects/memray/tests/unit/test_frame_tools.py: 239.6202311515808s cumulative, 0.013481855392456055s individual

.
current test PASSED/SKIPPED -- test_is_frame_from_import_system in /home/kaiyaok2/PythonProjects/memray/tests/unit/test_frame_tools.py: 239.63420510292053s cumulative, 0.01397395133972168s individual

.
current test PASSED/SKIPPED -- test_frame_interesting in /home/kaiyaok2/PythonProjects/memray/tests/unit/test_frame_tools.py: 239.64818215370178s cumulative, 0.01397705078125s individual

.
current test PASSED/SKIPPED -- test_cpython_internal_calls in /home/kaiyaok2/PythonProjects/memray/tests/unit/test_frame_tools.py: 239.66222429275513s cumulative, 0.014042139053344727s individual

.
current test PASSED/SKIPPED -- test_cpython_internal_calls in /home/kaiyaok2/PythonProjects/memray/tests/unit/test_frame_tools.py: 239.67762565612793s cumulative, 0.015401363372802734s individual

.
current test PASSED/SKIPPED -- test_cpython_internal_calls in /home/kaiyaok2/PythonProjects/memray/tests/unit/test_frame_tools.py: 239.69123601913452s cumulative, 0.013610363006591797s individual

.
current test PASSED/SKIPPED -- test_frame_interesting in /home/kaiyaok2/PythonProjects/memray/tests/unit/test_frame_tools.py: 239.70491552352905s cumulative, 0.01367950439453125s individual

.
current test PASSED/SKIPPED -- test_is_frame_from_import_system in /home/kaiyaok2/PythonProjects/memray/tests/unit/test_frame_tools.py: 239.7179675102234s cumulative, 0.013051986694335938s individual

.
current test PASSED/SKIPPED -- test_is_frame_from_import_system in /home/kaiyaok2/PythonProjects/memray/tests/unit/test_frame_tools.py: 239.7337565422058s cumulative, 0.015789031982421875s individual

.
current test PASSED/SKIPPED -- test_is_frame_from_import_system in /home/kaiyaok2/PythonProjects/memray/tests/unit/test_frame_tools.py: 239.7486035823822s cumulative, 0.014847040176391602s individual

.
current test PASSED/SKIPPED -- test_is_frame_from_import_system in /home/kaiyaok2/PythonProjects/memray/tests/unit/test_frame_tools.py: 239.7630422115326s cumulative, 0.014438629150390625s individual

.
current test PASSED/SKIPPED -- test_is_frame_from_import_system in /home/kaiyaok2/PythonProjects/memray/tests/unit/test_frame_tools.py: 239.77554988861084s cumulative, 0.01250767707824707s individual

.
current test PASSED/SKIPPED -- test_is_frame_from_import_system in /home/kaiyaok2/PythonProjects/memray/tests/unit/test_frame_tools.py: 239.79019951820374s cumulative, 0.014649629592895508s individual

.
current test PASSED/SKIPPED -- test_is_frame_from_import_system in /home/kaiyaok2/PythonProjects/memray/tests/unit/test_frame_tools.py: 239.80426597595215s cumulative, 0.014066457748413086s individual

.
current test PASSED/SKIPPED -- test_is_frame_from_import_system in /home/kaiyaok2/PythonProjects/memray/tests/unit/test_frame_tools.py: 239.81746768951416s cumulative, 0.013201713562011719s individual

.
current test PASSED/SKIPPED -- test_is_frame_from_import_system in /home/kaiyaok2/PythonProjects/memray/tests/unit/test_frame_tools.py: 239.83064723014832s cumulative, 0.013179540634155273s individual

.
current test PASSED/SKIPPED -- test_is_frame_from_import_system in /home/kaiyaok2/PythonProjects/memray/tests/unit/test_frame_tools.py: 239.8442964553833s cumulative, 0.013649225234985352s individual

.
current test PASSED/SKIPPED -- test_is_frame_from_import_system in /home/kaiyaok2/PythonProjects/memray/tests/unit/test_frame_tools.py: 239.85800409317017s cumulative, 0.013707637786865234s individual

.
current test PASSED/SKIPPED -- test_frame_interesting in /home/kaiyaok2/PythonProjects/memray/tests/unit/test_frame_tools.py: 239.8714635372162s cumulative, 0.013459444046020508s individual

.
current test PASSED/SKIPPED -- test_cpython_internal_calls in /home/kaiyaok2/PythonProjects/memray/tests/unit/test_frame_tools.py: 239.88585543632507s cumulative, 0.014391899108886719s individual

.
current test PASSED/SKIPPED -- test_cpython_internal_calls in /home/kaiyaok2/PythonProjects/memray/tests/unit/test_frame_tools.py: 239.89918565750122s cumulative, 0.013330221176147461s individual

.
current test PASSED/SKIPPED -- test_frame_interesting in /home/kaiyaok2/PythonProjects/memray/tests/unit/test_frame_tools.py: 239.91425228118896s cumulative, 0.01506662368774414s individual


unit/test_highwatermark_command.py ⚠  No debug information was found for the Python interpreter  ⚠

Without debug information reports showing native traces may not include file 
names and line numbers. Please use an interpreter built with debug symbols for 
best results. Check https://bloomberg.github.io/memray/native_mode.html for more
information regarding how memray resolves symbols.

.
current test PASSED/SKIPPED -- test_tracker_and_reporter_interactions_for_peak in /home/kaiyaok2/PythonProjects/memray/tests/unit/test_highwatermark_command.py: 241.67937850952148s cumulative, 1.7651262283325195s individual

⚠  No debug information was found for the Python interpreter  ⚠

Without debug information reports showing native traces may not include file 
names and line numbers. Please use an interpreter built with debug symbols for 
best results. Check https://bloomberg.github.io/memray/native_mode.html for more
information regarding how memray resolves symbols.

.
current test PASSED/SKIPPED -- test_tracker_and_reporter_interactions_for_temporary_allocations in /home/kaiyaok2/PythonProjects/memray/tests/unit/test_highwatermark_command.py: 243.31625628471375s cumulative, 1.6368777751922607s individual

⚠  No debug information was found for the Python interpreter  ⚠

Without debug information reports showing native traces may not include file 
names and line numbers. Please use an interpreter built with debug symbols for 
best results. Check https://bloomberg.github.io/memray/native_mode.html for more
information regarding how memray resolves symbols.

.
current test PASSED/SKIPPED -- test_tracker_and_reporter_interactions_for_leak in /home/kaiyaok2/PythonProjects/memray/tests/unit/test_highwatermark_command.py: 244.63378524780273s cumulative, 1.3175289630889893s individual

⚠  No debug information was found for the Python interpreter  ⚠

Without debug information reports showing native traces may not include file 
names and line numbers. Please use an interpreter built with debug symbols for 
best results. Check https://bloomberg.github.io/memray/native_mode.html for more
information regarding how memray resolves symbols.

.
current test PASSED/SKIPPED -- test_tracker_and_reporter_interactions_for_peak in /home/kaiyaok2/PythonProjects/memray/tests/unit/test_highwatermark_command.py: 245.9992697238922s cumulative, 1.3654844760894775s individual

⚠  No debug information was found for the Python interpreter  ⚠

Without debug information reports showing native traces may not include file 
names and line numbers. Please use an interpreter built with debug symbols for 
best results. Check https://bloomberg.github.io/memray/native_mode.html for more
information regarding how memray resolves symbols.

.
current test PASSED/SKIPPED -- test_tracker_and_reporter_interactions_for_temporary_allocations in /home/kaiyaok2/PythonProjects/memray/tests/unit/test_highwatermark_command.py: 247.6105535030365s cumulative, 1.611283779144287s individual

⚠  No debug information was found for the Python interpreter  ⚠

Without debug information reports showing native traces may not include file 
names and line numbers. Please use an interpreter built with debug symbols for 
best results. Check https://bloomberg.github.io/memray/native_mode.html for more
information regarding how memray resolves symbols.

.
current test PASSED/SKIPPED -- test_tracker_and_reporter_interactions_for_leak in /home/kaiyaok2/PythonProjects/memray/tests/unit/test_highwatermark_command.py: 249.34830927848816s cumulative, 1.7377557754516602s individual

.
current test PASSED/SKIPPED -- test_uses_output_name_as_given in /home/kaiyaok2/PythonProjects/memray/tests/unit/test_highwatermark_command.py: 249.38403797149658s cumulative, 0.03572869300842285s individual

.
current test PASSED/SKIPPED -- test_fails_when_fallback_output_exists in /home/kaiyaok2/PythonProjects/memray/tests/unit/test_highwatermark_command.py: 249.4247806072235s cumulative, 0.04074263572692871s individual

.
current test PASSED/SKIPPED -- test_fails_when_results_does_not_exist in /home/kaiyaok2/PythonProjects/memray/tests/unit/test_highwatermark_command.py: 249.45847606658936s cumulative, 0.03369545936584473s individual

.
current test PASSED/SKIPPED -- test_succeeds_when_fallback_output_exists_but_can_overwrite in /home/kaiyaok2/PythonProjects/memray/tests/unit/test_highwatermark_command.py: 249.49363207817078s cumulative, 0.0351560115814209s individual

.
current test PASSED/SKIPPED -- test_succeeds_when_given_output_exists_but_can_overwrite in /home/kaiyaok2/PythonProjects/memray/tests/unit/test_highwatermark_command.py: 249.55157256126404s cumulative, 0.05794048309326172s individual

.
current test PASSED/SKIPPED -- test_generates_output_name_when_none in /home/kaiyaok2/PythonProjects/memray/tests/unit/test_highwatermark_command.py: 249.63799023628235s cumulative, 0.08641767501831055s individual

.
current test PASSED/SKIPPED -- test_fails_when_given_output_exists in /home/kaiyaok2/PythonProjects/memray/tests/unit/test_highwatermark_command.py: 249.690856218338s cumulative, 0.05286598205566406s individual

.
current test PASSED/SKIPPED -- test_uses_determine_output_filename_when_output_is_none in /home/kaiyaok2/PythonProjects/memray/tests/unit/test_highwatermark_command.py: 249.7384443283081s cumulative, 0.04758810997009277s individual


unit/test_high_water_mark_aggregator.py .
current test PASSED/SKIPPED -- test_allocations_freed_over_two_snapshots in /home/kaiyaok2/PythonProjects/memray/tests/unit/test_high_water_mark_aggregator.py: 249.76384019851685s cumulative, 0.025395870208740234s individual

.
current test PASSED/SKIPPED -- test_one_allocation_freed_before_high_water_mark_in_second_snapshot in /home/kaiyaok2/PythonProjects/memray/tests/unit/test_high_water_mark_aggregator.py: 249.78491640090942s cumulative, 0.021076202392578125s individual

.
current test PASSED/SKIPPED -- test_allocation_after_high_water_mark_in_historical_snapshot in /home/kaiyaok2/PythonProjects/memray/tests/unit/test_high_water_mark_aggregator.py: 249.81831860542297s cumulative, 0.033402204513549805s individual

.
current test PASSED/SKIPPED -- test_one_allocation_before_first_snapshot in /home/kaiyaok2/PythonProjects/memray/tests/unit/test_high_water_mark_aggregator.py: 249.84568691253662s cumulative, 0.02736830711364746s individual

.
current test PASSED/SKIPPED -- test_one_allocation_is_both_high_water_mark_and_leaked in /home/kaiyaok2/PythonProjects/memray/tests/unit/test_high_water_mark_aggregator.py: 249.87254190444946s cumulative, 0.026854991912841797s individual

.
current test PASSED/SKIPPED -- test_different_allocators_at_one_location in /home/kaiyaok2/PythonProjects/memray/tests/unit/test_high_water_mark_aggregator.py: 249.90700316429138s cumulative, 0.034461259841918945s individual

.
current test PASSED/SKIPPED -- test_allocation_and_deallocation_across_multiple_snapshots in /home/kaiyaok2/PythonProjects/memray/tests/unit/test_high_water_mark_aggregator.py: 249.93433213233948s cumulative, 0.027328968048095703s individual

.
current test PASSED/SKIPPED -- test_split_range in /home/kaiyaok2/PythonProjects/memray/tests/unit/test_high_water_mark_aggregator.py: 249.960773229599s cumulative, 0.026441097259521484s individual

.
current test PASSED/SKIPPED -- test_zero_byte_allocation in /home/kaiyaok2/PythonProjects/memray/tests/unit/test_high_water_mark_aggregator.py: 250.004634141922s cumulative, 0.04386091232299805s individual

.
current test PASSED/SKIPPED -- test_reporting_on_true_high_water_mark_that_was_in_a_past_snapshot in /home/kaiyaok2/PythonProjects/memray/tests/unit/test_high_water_mark_aggregator.py: 250.03125095367432s cumulative, 0.026616811752319336s individual

.
current test PASSED/SKIPPED -- test_shrunk_range in /home/kaiyaok2/PythonProjects/memray/tests/unit/test_high_water_mark_aggregator.py: 250.05824947357178s cumulative, 0.026998519897460938s individual

.
current test PASSED/SKIPPED -- test_allocation_made_and_freed_between_high_water_marks in /home/kaiyaok2/PythonProjects/memray/tests/unit/test_high_water_mark_aggregator.py: 250.08751702308655s cumulative, 0.029267549514770508s individual

.
current test PASSED/SKIPPED -- test_same_stack_in_different_threads in /home/kaiyaok2/PythonProjects/memray/tests/unit/test_high_water_mark_aggregator.py: 250.11231064796448s cumulative, 0.024793624877929688s individual

.
current test PASSED/SKIPPED -- test_two_allocations_in_different_snapshots in /home/kaiyaok2/PythonProjects/memray/tests/unit/test_high_water_mark_aggregator.py: 250.13433003425598s cumulative, 0.022019386291503906s individual

.
current test PASSED/SKIPPED -- test_allocation_after_high_water_mark_in_current_snapshot in /home/kaiyaok2/PythonProjects/memray/tests/unit/test_high_water_mark_aggregator.py: 250.15759873390198s cumulative, 0.023268699645996094s individual

.
current test PASSED/SKIPPED -- test_one_allocation_freed_at_high_water_mark_in_second_snapshot in /home/kaiyaok2/PythonProjects/memray/tests/unit/test_high_water_mark_aggregator.py: 250.17263889312744s cumulative, 0.015040159225463867s individual

.
current test PASSED/SKIPPED -- test_split_then_freed_range in /home/kaiyaok2/PythonProjects/memray/tests/unit/test_high_water_mark_aggregator.py: 250.18940091133118s cumulative, 0.01676201820373535s individual

.
current test PASSED/SKIPPED -- test_shrunk_then_freed_range in /home/kaiyaok2/PythonProjects/memray/tests/unit/test_high_water_mark_aggregator.py: 250.20903730392456s cumulative, 0.01963639259338379s individual

.
current test PASSED/SKIPPED -- test_freeing_one_of_two_high_water_mark_allocations_at_different_locations in /home/kaiyaok2/PythonProjects/memray/tests/unit/test_high_water_mark_aggregator.py: 250.23009657859802s cumulative, 0.021059274673461914s individual

.
current test PASSED/SKIPPED -- test_allocation_made_and_leaked_after_high_water_mark in /home/kaiyaok2/PythonProjects/memray/tests/unit/test_high_water_mark_aggregator.py: 250.25185680389404s cumulative, 0.021760225296020508s individual

.
current test PASSED/SKIPPED -- test_allocation_made_between_high_water_marks_and_leaked in /home/kaiyaok2/PythonProjects/memray/tests/unit/test_high_water_mark_aggregator.py: 250.27383661270142s cumulative, 0.021979808807373047s individual

.
current test PASSED/SKIPPED -- test_allocation_freed_before_high_water_mark in /home/kaiyaok2/PythonProjects/memray/tests/unit/test_high_water_mark_aggregator.py: 250.29804396629333s cumulative, 0.024207353591918945s individual

.
current test PASSED/SKIPPED -- test_allocation_and_deallocation_across_multiple_snapshots_with_other_allocators in /home/kaiyaok2/PythonProjects/memray/tests/unit/test_high_water_mark_aggregator.py: 250.32203578948975s cumulative, 0.023991823196411133s individual

.
current test PASSED/SKIPPED -- test_allocations_freed_over_two_non_adjacent_snapshots in /home/kaiyaok2/PythonProjects/memray/tests/unit/test_high_water_mark_aggregator.py: 250.34784126281738s cumulative, 0.02580547332763672s individual

.
current test PASSED/SKIPPED -- test_allocation_made_and_freed_after_high_water_mark in /home/kaiyaok2/PythonProjects/memray/tests/unit/test_high_water_mark_aggregator.py: 250.38297295570374s cumulative, 0.03513169288635254s individual

.
current test PASSED/SKIPPED -- test_allocation_and_deallocation_after_high_water_mark in /home/kaiyaok2/PythonProjects/memray/tests/unit/test_high_water_mark_aggregator.py: 250.41133093833923s cumulative, 0.028357982635498047s individual

.
current test PASSED/SKIPPED -- test_completely_freed_range in /home/kaiyaok2/PythonProjects/memray/tests/unit/test_high_water_mark_aggregator.py: 250.44325971603394s cumulative, 0.03192877769470215s individual

.
current test PASSED/SKIPPED -- test_one_freed_allocation_is_high_water_mark_but_not_leaked in /home/kaiyaok2/PythonProjects/memray/tests/unit/test_high_water_mark_aggregator.py: 250.46935963630676s cumulative, 0.02609992027282715s individual

.
current test PASSED/SKIPPED -- test_freeing_one_of_two_high_water_mark_allocations_at_the_same_location in /home/kaiyaok2/PythonProjects/memray/tests/unit/test_high_water_mark_aggregator.py: 250.4900245666504s cumulative, 0.02066493034362793s individual

.
current test PASSED/SKIPPED -- test_allocation_made_between_high_water_marks_and_freed_after_high_water_mark in /home/kaiyaok2/PythonProjects/memray/tests/unit/test_high_water_mark_aggregator.py: 250.50519680976868s cumulative, 0.015172243118286133s individual

.
current test PASSED/SKIPPED -- test_one_allocation_after_first_snapshot in /home/kaiyaok2/PythonProjects/memray/tests/unit/test_high_water_mark_aggregator.py: 250.51876878738403s cumulative, 0.013571977615356445s individual

.
current test PASSED/SKIPPED -- test_no_allocations_at_start in /home/kaiyaok2/PythonProjects/memray/tests/unit/test_high_water_mark_aggregator.py: 250.5326702594757s cumulative, 0.013901472091674805s individual


integration/test_processes.py .
current test PASSED/SKIPPED -- test_allocations_with_multiprocessing in /home/kaiyaok2/PythonProjects/memray/tests/integration/test_processes.py: 254.97992706298828s cumulative, 4.447256803512573s individual

[AllocationRecord<tid=0x1, address=0x561bcb9f39a0, size=1.205KB, allocator=13, allocations=1>, AllocationRecord<tid=0x1, address=0x561bcb9f39a0, size=N/A, allocator=15, allocations=1>, AllocationRecord<tid=0x1, address=0x561bcb9f39a0, size=1.205KB, allocator=13, allocations=1>, AllocationRecord<tid=0x1, address=0x561bcb9f39a0, size=N/A, allocator=15, allocations=1>, AllocationRecord<tid=0x1, address=0x561bcb9f39a0, size=1.205KB, allocator=13, allocations=1>, AllocationRecord<tid=0x1, address=0x561bcb9f39a0, size=N/A, allocator=15, allocations=1>, AllocationRecord<tid=0x1, address=0x561bcb9f39a0, size=1.205KB, allocator=13, allocations=1>, AllocationRecord<tid=0x1, address=0x561bcb9f39a0, size=N/A, allocator=15, allocations=1>, AllocationRecord<tid=0x1, address=0x561bcb9f39a0, size=1.205KB, allocator=13, allocations=1>, AllocationRecord<tid=0x1, address=0x561bcb9f39a0, size=N/A, allocator=15, allocations=1>, AllocationRecord<tid=0x1, address=0x561bcb9f39a0, size=1.205KB, allocator=13, allocations=1>, AllocationRecord<tid=0x1, address=0x561bcb9f39a0, size=N/A, allocator=15, allocations=1>, AllocationRecord<tid=0x1, address=0x561bcb9f39a0, size=1.205KB, allocator=13, allocations=1>, AllocationRecord<tid=0x1, address=0x561bcb9f39a0, size=N/A, allocator=15, allocations=1>, AllocationRecord<tid=0x1, address=0x561bcb9f39a0, size=1.205KB, allocator=13, allocations=1>, AllocationRecord<tid=0x1, address=0x561bcb9f39a0, size=N/A, allocator=15, allocations=1>, AllocationRecord<tid=0x1, address=0x561bcb9f39a0, size=1.205KB, allocator=13, allocations=1>, AllocationRecord<tid=0x1, address=0x561bcb9f39a0, size=N/A, allocator=15, allocations=1>, AllocationRecord<tid=0x1, address=0x561bcb9f39a0, size=1.205KB, allocator=13, allocations=1>, AllocationRecord<tid=0x1, address=0x561bcb9f39a0, size=N/A, allocator=15, allocations=1>]
.
current test PASSED/SKIPPED -- test_pymalloc_allocations_after_fork in /home/kaiyaok2/PythonProjects/memray/tests/integration/test_processes.py: 260.3278467655182s cumulative, 5.347919702529907s individual

.
current test PASSED/SKIPPED -- test_stack_cleanup_after_fork in /home/kaiyaok2/PythonProjects/memray/tests/integration/test_processes.py: 269.10256791114807s cumulative, 8.774721145629883s individual

.
current test PASSED/SKIPPED -- test_allocations_with_multiprocessing_following_fork in /home/kaiyaok2/PythonProjects/memray/tests/integration/test_processes.py: 273.16694045066833s cumulative, 4.064372539520264s individual


integration/test_tracking.py .
current test PASSED/SKIPPED -- test_partial_munmap_split_in_middle in /home/kaiyaok2/PythonProjects/memray/tests/integration/test_tracking.py: 275.1850891113281s cumulative, 2.01814866065979s individual

.
current test PASSED/SKIPPED -- test_simple_cpp_allocation_tracking in /home/kaiyaok2/PythonProjects/memray/tests/integration/test_tracking.py: 276.6412901878357s cumulative, 1.4562010765075684s individual

s
current test PASSED/SKIPPED -- test_simple_allocation_tracking in /home/kaiyaok2/PythonProjects/memray/tests/integration/test_tracking.py: 278.1282448768616s cumulative, 1.486954689025879s individual

.
current test PASSED/SKIPPED -- test_simple_allocation_tracking in /home/kaiyaok2/PythonProjects/memray/tests/integration/test_tracking.py: 279.5982520580292s cumulative, 1.4700071811676025s individual

.
current test PASSED/SKIPPED -- test_simple_allocation_tracking in /home/kaiyaok2/PythonProjects/memray/tests/integration/test_tracking.py: 281.3950786590576s cumulative, 1.7968266010284424s individual

.
current test PASSED/SKIPPED -- test_non_freed_allocations_are_accounted_for in /home/kaiyaok2/PythonProjects/memray/tests/integration/test_tracking.py: 283.1069004535675s cumulative, 1.7118217945098877s individual

s
current test PASSED/SKIPPED -- test_simple_allocation_tracking in /home/kaiyaok2/PythonProjects/memray/tests/integration/test_tracking.py: 284.9536454677582s cumulative, 1.8467450141906738s individual

.
current test PASSED/SKIPPED -- test_partial_munmap_multiple_split_in_middle in /home/kaiyaok2/PythonProjects/memray/tests/integration/test_tracking.py: 286.6852660179138s cumulative, 1.7316205501556396s individual

.
current test PASSED/SKIPPED -- test_aggregation_same_python_stack_and_same_native_stack in /home/kaiyaok2/PythonProjects/memray/tests/integration/test_tracking.py: 288.835440158844s cumulative, 2.150174140930176s individual

.
current test PASSED/SKIPPED -- test_freed_after_high_watermark_do_not_appear in /home/kaiyaok2/PythonProjects/memray/tests/integration/test_tracking.py: 290.52810072898865s cumulative, 1.6926605701446533s individual

.
current test PASSED/SKIPPED -- test_pymalloc_allocation_tracking_deactivated in /home/kaiyaok2/PythonProjects/memray/tests/integration/test_tracking.py: 292.6949155330658s cumulative, 2.1668148040771484s individual

+10 kB
+ 9 kB
- 9 kB
+ 8 kB
+ 7 kB
- 7 kB
+ 6 kB
+ 5 kB
- 5 kB
+ 4 kB
+ 3 kB
- 3 kB
+ 2 kB
+ 1 kB
- 1 kB
- 2 kB
- 4 kB
- 6 kB
- 8 kB
-10 kB
.
current test PASSED/SKIPPED -- test_spiky_generally_increasing_to_final_peak in /home/kaiyaok2/PythonProjects/memray/tests/integration/test_tracking.py: 294.35783100128174s cumulative, 1.6629154682159424s individual

.
current test PASSED/SKIPPED -- test_munmap_multiple_mmaps_multiple_munmaps in /home/kaiyaok2/PythonProjects/memray/tests/integration/test_tracking.py: 296.17896723747253s cumulative, 1.821136236190796s individual

.
current test PASSED/SKIPPED -- test_munmap_multiple_mmaps in /home/kaiyaok2/PythonProjects/memray/tests/integration/test_tracking.py: 297.80945897102356s cumulative, 1.6304917335510254s individual

.
current test PASSED/SKIPPED -- test_multiple_high_watermark in /home/kaiyaok2/PythonProjects/memray/tests/integration/test_tracking.py: 299.5684857368469s cumulative, 1.7590267658233643s individual

.
current test PASSED/SKIPPED -- test_no_allocations_while_tracking in /home/kaiyaok2/PythonProjects/memray/tests/integration/test_tracking.py: 301.13787865638733s cumulative, 1.5693929195404053s individual

.
current test PASSED/SKIPPED -- test_simple_allocation_tracking in /home/kaiyaok2/PythonProjects/memray/tests/integration/test_tracking.py: 302.7284519672394s cumulative, 1.5905733108520508s individual

.
current test PASSED/SKIPPED -- test_simple_allocation_tracking in /home/kaiyaok2/PythonProjects/memray/tests/integration/test_tracking.py: 304.3771770000458s cumulative, 1.6487250328063965s individual

+10 kB
+ 9 kB
- 9 kB
+ 8 kB
+ 7 kB
- 7 kB
+ 6 kB
+ 5 kB
- 5 kB
+ 4 kB
+ 3 kB
- 3 kB
+ 2 kB
+ 1 kB
- 1 kB
- 2 kB
- 4 kB
- 6 kB
- 8 kB
-10 kB
.
current test PASSED/SKIPPED -- test_spiky_generally_increasing_to_final_peak in /home/kaiyaok2/PythonProjects/memray/tests/integration/test_tracking.py: 305.7613773345947s cumulative, 1.3842003345489502s individual

.
current test PASSED/SKIPPED -- test_simple_allocation_tracking in /home/kaiyaok2/PythonProjects/memray/tests/integration/test_tracking.py: 306.935665845871s cumulative, 1.1742885112762451s individual

.
current test PASSED/SKIPPED -- test_allocations_aggregation_on_same_line in /home/kaiyaok2/PythonProjects/memray/tests/integration/test_tracking.py: 308.6252362728119s cumulative, 1.689570426940918s individual

.
current test PASSED/SKIPPED -- test_aggregation_same_python_stack_and_same_native_stack in /home/kaiyaok2/PythonProjects/memray/tests/integration/test_tracking.py: 310.1621925830841s cumulative, 1.5369563102722168s individual

.
current test PASSED/SKIPPED -- test_final_allocation_is_peak in /home/kaiyaok2/PythonProjects/memray/tests/integration/test_tracking.py: 311.7686710357666s cumulative, 1.6064784526824951s individual

.
current test PASSED/SKIPPED -- test_pymalloc_allocation_tracking_deactivated in /home/kaiyaok2/PythonProjects/memray/tests/integration/test_tracking.py: 313.4310190677643s cumulative, 1.6623480319976807s individual

.
current test PASSED/SKIPPED -- test_pymalloc_allocation_tracking_deactivated in /home/kaiyaok2/PythonProjects/memray/tests/integration/test_tracking.py: 314.8598430156708s cumulative, 1.4288239479064941s individual

.
current test PASSED/SKIPPED -- test_simple_allocation_tracking in /home/kaiyaok2/PythonProjects/memray/tests/integration/test_tracking.py: 316.2912838459015s cumulative, 1.431440830230713s individual

.
current test PASSED/SKIPPED -- test_simple_allocation_tracking in /home/kaiyaok2/PythonProjects/memray/tests/integration/test_tracking.py: 317.814475774765s cumulative, 1.5231919288635254s individual

.
current test PASSED/SKIPPED -- test_simple_pymalloc_allocation_tracking in /home/kaiyaok2/PythonProjects/memray/tests/integration/test_tracking.py: 319.92312455177307s cumulative, 2.1086487770080566s individual

.
current test PASSED/SKIPPED -- test_final_allocation_is_peak in /home/kaiyaok2/PythonProjects/memray/tests/integration/test_tracking.py: 321.4420142173767s cumulative, 1.5188896656036377s individual

.
current test PASSED/SKIPPED -- test_non_freed_allocations_are_accounted_for in /home/kaiyaok2/PythonProjects/memray/tests/integration/test_tracking.py: 323.21481466293335s cumulative, 1.7728004455566406s individual

.
current test PASSED/SKIPPED -- test_allocations_after_high_watermark_is_freed_do_not_appear in /home/kaiyaok2/PythonProjects/memray/tests/integration/test_tracking.py: 324.68653869628906s cumulative, 1.471724033355713s individual

.
current test PASSED/SKIPPED -- test_pymalloc_allocation_tracking_deactivated in /home/kaiyaok2/PythonProjects/memray/tests/integration/test_tracking.py: 325.9070818424225s cumulative, 1.2205431461334229s individual

.
current test PASSED/SKIPPED -- test_simple_pymalloc_allocation_tracking in /home/kaiyaok2/PythonProjects/memray/tests/integration/test_tracking.py: 327.04425859451294s cumulative, 1.137176752090454s individual

.
current test PASSED/SKIPPED -- test_simple_allocation_tracking in /home/kaiyaok2/PythonProjects/memray/tests/integration/test_tracking.py: 328.2126953601837s cumulative, 1.1684367656707764s individual

.
current test PASSED/SKIPPED -- test_munmap_multiple_mmaps_multiple_munmaps in /home/kaiyaok2/PythonProjects/memray/tests/integration/test_tracking.py: 329.6100854873657s cumulative, 1.3973901271820068s individual

.
current test PASSED/SKIPPED -- test_freed_before_high_watermark_do_not_appear in /home/kaiyaok2/PythonProjects/memray/tests/integration/test_tracking.py: 330.8979926109314s cumulative, 1.2879071235656738s individual

.
current test PASSED/SKIPPED -- test_aggregation_same_python_stack_but_different_native_stack in /home/kaiyaok2/PythonProjects/memray/tests/integration/test_tracking.py: 332.2490825653076s cumulative, 1.3510899543762207s individual

.
current test PASSED/SKIPPED -- test_allocations_after_high_watermark_is_freed_do_not_appear in /home/kaiyaok2/PythonProjects/memray/tests/integration/test_tracking.py: 333.5686755180359s cumulative, 1.3195929527282715s individual

.
current test PASSED/SKIPPED -- test_pthread_tracking in /home/kaiyaok2/PythonProjects/memray/tests/integration/test_tracking.py: 334.8057737350464s cumulative, 1.237098217010498s individual

.
current test PASSED/SKIPPED -- test_tracking_with_SIGKILL in /home/kaiyaok2/PythonProjects/memray/tests/integration/test_tracking.py: 335.40334153175354s cumulative, 0.5975677967071533s individual

.
current test PASSED/SKIPPED -- test_simple_allocation_tracking in /home/kaiyaok2/PythonProjects/memray/tests/integration/test_tracking.py: 336.7121171951294s cumulative, 1.3087756633758545s individual

.
current test PASSED/SKIPPED -- test_simple_pymalloc_allocation_tracking in /home/kaiyaok2/PythonProjects/memray/tests/integration/test_tracking.py: 338.19842004776s cumulative, 1.4863028526306152s individual

.
current test PASSED/SKIPPED -- test_partial_munmap in /home/kaiyaok2/PythonProjects/memray/tests/integration/test_tracking.py: 339.594131231308s cumulative, 1.3957111835479736s individual

.
current test PASSED/SKIPPED -- test_multiple_high_watermark in /home/kaiyaok2/PythonProjects/memray/tests/integration/test_tracking.py: 341.0318193435669s cumulative, 1.4376881122589111s individual

s
current test PASSED/SKIPPED -- test_simple_allocation_tracking in /home/kaiyaok2/PythonProjects/memray/tests/integration/test_tracking.py: 342.41488552093506s cumulative, 1.383066177368164s individual

.
current test PASSED/SKIPPED -- test_simple_allocation_tracking in /home/kaiyaok2/PythonProjects/memray/tests/integration/test_tracking.py: 343.7724676132202s cumulative, 1.3575820922851562s individual

.
current test PASSED/SKIPPED -- test_allocations_aggregation_on_different_lines in /home/kaiyaok2/PythonProjects/memray/tests/integration/test_tracking.py: 344.9368963241577s cumulative, 1.1644287109375s individual

.
current test PASSED/SKIPPED -- test_partial_munmap_multiple_split_in_middle in /home/kaiyaok2/PythonProjects/memray/tests/integration/test_tracking.py: 346.16698932647705s cumulative, 1.230093002319336s individual

.
current test PASSED/SKIPPED -- test_simple_pymalloc_allocation_tracking in /home/kaiyaok2/PythonProjects/memray/tests/integration/test_tracking.py: 347.5541808605194s cumulative, 1.3871915340423584s individual

.
current test PASSED/SKIPPED -- test_freed_after_high_watermark_do_not_appear in /home/kaiyaok2/PythonProjects/memray/tests/integration/test_tracking.py: 348.9373552799225s cumulative, 1.3831744194030762s individual

.
current test PASSED/SKIPPED -- test_simple_pymalloc_allocation_tracking in /home/kaiyaok2/PythonProjects/memray/tests/integration/test_tracking.py: 350.382497549057s cumulative, 1.4451422691345215s individual

.
current test PASSED/SKIPPED -- test_simple_allocation_tracking in /home/kaiyaok2/PythonProjects/memray/tests/integration/test_tracking.py: 351.7778072357178s cumulative, 1.3953096866607666s individual

.
current test PASSED/SKIPPED -- test_unsupported_operations_on_aggregated_capture in /home/kaiyaok2/PythonProjects/memray/tests/integration/test_tracking.py: 352.5144844055176s cumulative, 0.7366771697998047s individual

.
current test PASSED/SKIPPED -- test_simple_allocation_tracking in /home/kaiyaok2/PythonProjects/memray/tests/integration/test_tracking.py: 353.89501547813416s cumulative, 1.3805310726165771s individual

.
current test PASSED/SKIPPED -- test_pymalloc_allocation_tracking_deactivated in /home/kaiyaok2/PythonProjects/memray/tests/integration/test_tracking.py: 355.2338697910309s cumulative, 1.3388543128967285s individual

.
current test PASSED/SKIPPED -- test_no_allocations in /home/kaiyaok2/PythonProjects/memray/tests/integration/test_tracking.py: 355.85162472724915s cumulative, 0.6177549362182617s individual

.
current test PASSED/SKIPPED -- test_mmap_tracking in /home/kaiyaok2/PythonProjects/memray/tests/integration/test_tracking.py: 357.34141206741333s cumulative, 1.4897873401641846s individual

.
current test PASSED/SKIPPED -- test_simple_allocation_tracking in /home/kaiyaok2/PythonProjects/memray/tests/integration/test_tracking.py: 358.70807433128357s cumulative, 1.3666622638702393s individual

.
current test PASSED/SKIPPED -- test_pymalloc_allocation_tracking_deactivated in /home/kaiyaok2/PythonProjects/memray/tests/integration/test_tracking.py: 360.05313897132874s cumulative, 1.345064640045166s individual

.
current test PASSED/SKIPPED -- test_aggregation_same_python_stack_but_different_native_stack in /home/kaiyaok2/PythonProjects/memray/tests/integration/test_tracking.py: 361.37966895103455s cumulative, 1.3265299797058105s individual

.
current test PASSED/SKIPPED -- test_partial_munmap_gap in /home/kaiyaok2/PythonProjects/memray/tests/integration/test_tracking.py: 362.69974088668823s cumulative, 1.3200719356536865s individual

.
current test PASSED/SKIPPED -- test_allocations_aggregation_on_same_line in /home/kaiyaok2/PythonProjects/memray/tests/integration/test_tracking.py: 364.0844404697418s cumulative, 1.3846995830535889s individual

.
current test PASSED/SKIPPED -- test_simple_pymalloc_allocation_tracking in /home/kaiyaok2/PythonProjects/memray/tests/integration/test_tracking.py: 365.4568998813629s cumulative, 1.3724594116210938s individual

.
current test PASSED/SKIPPED -- test_simple_pymalloc_allocation_tracking in /home/kaiyaok2/PythonProjects/memray/tests/integration/test_tracking.py: 366.7948498725891s cumulative, 1.3379499912261963s individual

.
current test PASSED/SKIPPED -- test_pymalloc_allocation_tracking_deactivated in /home/kaiyaok2/PythonProjects/memray/tests/integration/test_tracking.py: 368.1507263183594s cumulative, 1.3558764457702637s individual

.
current test PASSED/SKIPPED -- test_partial_munmap_gap in /home/kaiyaok2/PythonProjects/memray/tests/integration/test_tracking.py: 369.5314154624939s cumulative, 1.3806891441345215s individual

.
current test PASSED/SKIPPED -- test_simple_allocation_tracking in /home/kaiyaok2/PythonProjects/memray/tests/integration/test_tracking.py: 370.98431611061096s cumulative, 1.4529006481170654s individual

.
current test PASSED/SKIPPED -- test_pymalloc_allocation_tracking_deactivated in /home/kaiyaok2/PythonProjects/memray/tests/integration/test_tracking.py: 372.33596777915955s cumulative, 1.351651668548584s individual

.
current test PASSED/SKIPPED -- test_partial_munmap_split_in_middle in /home/kaiyaok2/PythonProjects/memray/tests/integration/test_tracking.py: 373.64019441604614s cumulative, 1.3042266368865967s individual

