============================= test session starts ==============================
platform linux -- Python 3.10.12, pytest-7.4.0, pluggy-1.3.0
Using --randomly-seed=1705795986
PyQt5 5.15.10 -- Qt runtime 5.15.2 -- Qt compiled 5.15.2
rootdir: /home/kaiyaok2/PythonProjects/memray
configfile: pyproject.toml
plugins: hypothesis-6.81.1, cov-4.1.0, randomly-3.1.0, typeguard-4.1.5, timeout-1.4.2, qt-4.3.1, nbval-0.10.0, xdist-3.5.0, mock-3.12.0, tcp-0.1.1, textual-snapshot-0.4.0, syrupy-4.6.0, anyio-3.7.1
collected 596 items
Using TCP weights 0.5-0.5
Collect TCP features took 0.10520243644714355s.
Compute TCP order took 0.014196634292602539s.

integration/test_tracing.py .
current test PASSED/SKIPPED -- test_traceback in /home/kaiyaok2/PythonProjects/memray/tests/integration/test_tracing.py: 1.2861130237579346s cumulative, 1.2861130237579346s individual


integration/test_extensions.py .
current test PASSED/SKIPPED -- test_multithreaded_extension in /home/kaiyaok2/PythonProjects/memray/tests/integration/test_extensions.py: 11.024109363555908s cumulative, 9.737996339797974s individual


integration/test_main.py .
current test PASSED/SKIPPED -- test_run_live_tracking_invalid_port in /home/kaiyaok2/PythonProjects/memray/tests/integration/test_main.py: 12.600069522857666s cumulative, 1.5759601593017578s individual

.
current test PASSED/SKIPPED -- test_live_tracking_invalid_port in /home/kaiyaok2/PythonProjects/memray/tests/integration/test_main.py: 14.777737379074097s cumulative, 2.1776678562164307s individual

.
current test PASSED/SKIPPED -- test_reads_from_correct_file in /home/kaiyaok2/PythonProjects/memray/tests/integration/test_main.py: 21.973539113998413s cumulative, 7.195801734924316s individual

.
current test PASSED/SKIPPED -- test_json_generated in /home/kaiyaok2/PythonProjects/memray/tests/integration/test_main.py: 31.104393005371094s cumulative, 9.13085389137268s individual

.
current test PASSED/SKIPPED -- test_report_leaks_argument in /home/kaiyaok2/PythonProjects/memray/tests/integration/test_main.py: 39.46915149688721s cumulative, 8.364758491516113s individual

.
current test PASSED/SKIPPED -- test_report_leaks_argument in /home/kaiyaok2/PythonProjects/memray/tests/integration/test_main.py: 46.69548201560974s cumulative, 7.226330518722534s individual

.
current test PASSED/SKIPPED -- test_not_quiet_and_fork in /home/kaiyaok2/PythonProjects/memray/tests/integration/test_main.py: 51.493404150009155s cumulative, 4.797922134399414s individual

.
current test PASSED/SKIPPED -- test_no_split_threads in /home/kaiyaok2/PythonProjects/memray/tests/integration/test_main.py: 56.374221324920654s cumulative, 4.880817174911499s individual


integration/test_tracing.py .
current test PASSED/SKIPPED -- test_allocation_after_unsetting_profile_function in /home/kaiyaok2/PythonProjects/memray/tests/integration/test_tracing.py: 59.28981256484985s cumulative, 2.915591239929199s individual


unit/test_tracker.py .
current test PASSED/SKIPPED -- test_two_trackers_cannot_be_active_at_the_same_time in /home/kaiyaok2/PythonProjects/memray/tests/unit/test_tracker.py: 62.13423180580139s cumulative, 2.844419240951538s individual


unit/test_highwatermark_command.py ⚠  No debug information was found for the Python interpreter  ⚠

Without debug information reports showing native traces may not include file 
names and line numbers. Please use an interpreter built with debug symbols for 
best results. Check https://bloomberg.github.io/memray/native_mode.html for more
information regarding how memray resolves symbols.

.
current test PASSED/SKIPPED -- test_tracker_and_reporter_interactions_for_leak in /home/kaiyaok2/PythonProjects/memray/tests/unit/test_highwatermark_command.py: 64.90642380714417s cumulative, 2.7721920013427734s individual


unit/test_tree_reporter.py .
current test PASSED/SKIPPED -- test_hide_import_system in /home/kaiyaok2/PythonProjects/memray/tests/unit/test_tree_reporter.py: 66.35399055480957s cumulative, 1.4475667476654053s individual


integration/test_tracking.py s
current test PASSED/SKIPPED -- test_simple_allocation_tracking in /home/kaiyaok2/PythonProjects/memray/tests/integration/test_tracking.py: 68.66680550575256s cumulative, 2.312814950942993s individual

s
current test PASSED/SKIPPED -- test_simple_allocation_tracking in /home/kaiyaok2/PythonProjects/memray/tests/integration/test_tracking.py: 71.51420187950134s cumulative, 2.8473963737487793s individual

s
current test PASSED/SKIPPED -- test_simple_allocation_tracking in /home/kaiyaok2/PythonProjects/memray/tests/integration/test_tracking.py: 73.91393232345581s cumulative, 2.3997304439544678s individual


integration/test_ipython.py .
current test PASSED/SKIPPED -- test_passing_valid_argument in /home/kaiyaok2/PythonProjects/memray/tests/integration/test_ipython.py: 77.10053706169128s cumulative, 3.1866047382354736s individual


integration/test_tracking.py .
current test PASSED/SKIPPED -- test_simple_allocation_tracking in /home/kaiyaok2/PythonProjects/memray/tests/integration/test_tracking.py: 80.15673661231995s cumulative, 3.056199550628662s individual

.
current test PASSED/SKIPPED -- test_aggregation_same_python_stack_but_different_native_stack in /home/kaiyaok2/PythonProjects/memray/tests/integration/test_tracking.py: 85.70214366912842s cumulative, 5.545407056808472s individual

.
current test PASSED/SKIPPED -- test_freed_after_high_watermark_do_not_appear in /home/kaiyaok2/PythonProjects/memray/tests/integration/test_tracking.py: 88.38144373893738s cumulative, 2.67930006980896s individual


integration/test_main.py .
current test PASSED/SKIPPED -- test_live_tracking_invalid_port in /home/kaiyaok2/PythonProjects/memray/tests/integration/test_main.py: 92.90260434150696s cumulative, 4.52116060256958s individual

.
current test PASSED/SKIPPED -- test_quiet in /home/kaiyaok2/PythonProjects/memray/tests/integration/test_main.py: 98.19586539268494s cumulative, 5.2932610511779785s individual

.
current test PASSED/SKIPPED -- test_run_overwrite_output_file in /home/kaiyaok2/PythonProjects/memray/tests/integration/test_main.py: 103.21572613716125s cumulative, 5.019860744476318s individual

.
current test PASSED/SKIPPED -- test_run_override_output in /home/kaiyaok2/PythonProjects/memray/tests/integration/test_main.py: 107.081716299057s cumulative, 3.865990161895752s individual

.
current test PASSED/SKIPPED -- test_report_detects_corrupt_input in /home/kaiyaok2/PythonProjects/memray/tests/integration/test_main.py: 108.59679651260376s cumulative, 1.515080213546753s individual


unit/test_reader.py .
current test PASSED/SKIPPED -- test_rejects_different_header_version in /home/kaiyaok2/PythonProjects/memray/tests/unit/test_reader.py: 109.71842813491821s cumulative, 1.1216316223144531s individual


integration/test_tracing.py .
current test PASSED/SKIPPED -- test_thread_surviving_multiple_trackers_with_changing_callstack in /home/kaiyaok2/PythonProjects/memray/tests/integration/test_tracing.py: 112.47474718093872s cumulative, 2.756319046020508s individual

.
current test PASSED/SKIPPED -- test_num_records in /home/kaiyaok2/PythonProjects/memray/tests/integration/test_tracing.py: 113.95820212364197s cumulative, 1.483454942703247s individual


integration/test_main.py E
current test FAILED -- test_live_tracking_server_when_client_disconnects in /home/kaiyaok2/PythonProjects/memray/tests/integration/test_main.py: 113.97147631645203s cumulative, 0.013274192810058594s individual


integration/test_tracking.py .
current test PASSED/SKIPPED -- test_simple_allocation_tracking in /home/kaiyaok2/PythonProjects/memray/tests/integration/test_tracking.py: 115.47607254981995s cumulative, 1.50459623336792s individual

.
current test PASSED/SKIPPED -- test_leak_that_happens_in_the_middle_is_detected in /home/kaiyaok2/PythonProjects/memray/tests/integration/test_tracking.py: 117.23170304298401s cumulative, 1.7556304931640625s individual

.
current test PASSED/SKIPPED -- test_simple_pymalloc_allocation_tracking in /home/kaiyaok2/PythonProjects/memray/tests/integration/test_tracking.py: 119.07596111297607s cumulative, 1.8442580699920654s individual

.
current test PASSED/SKIPPED -- test_pymalloc_allocation_tracking_deactivated in /home/kaiyaok2/PythonProjects/memray/tests/integration/test_tracking.py: 121.00029373168945s cumulative, 1.924332618713379s individual


integration/test_main.py .
current test PASSED/SKIPPED -- test_report_temporary_allocations_argument in /home/kaiyaok2/PythonProjects/memray/tests/integration/test_main.py: 126.92953586578369s cumulative, 5.929242134094238s individual


integration/test_tracing.py .
current test PASSED/SKIPPED -- test_records_can_be_retrieved_twice in /home/kaiyaok2/PythonProjects/memray/tests/integration/test_tracing.py: 127.98000693321228s cumulative, 1.0504710674285889s individual

.
current test PASSED/SKIPPED -- test_allocation_in_thread_after_unsetting_profile_function in /home/kaiyaok2/PythonProjects/memray/tests/integration/test_tracing.py: 129.551655292511s cumulative, 1.571648359298706s individual

.
current test PASSED/SKIPPED -- test_allocation_in_thread_started_before_tracking_starts in /home/kaiyaok2/PythonProjects/memray/tests/integration/test_tracing.py: 132.21262049674988s cumulative, 2.6609652042388916s individual


integration/test_main.py .
current test PASSED/SKIPPED -- test_sys_manipulations_when_running_script in /home/kaiyaok2/PythonProjects/memray/tests/integration/test_main.py: 135.61092114448547s cumulative, 3.3983006477355957s individual


integration/test_greenlet.py .
current test PASSED/SKIPPED -- test_integration_with_greenlet in /home/kaiyaok2/PythonProjects/memray/tests/integration/test_greenlet.py: 137.19797325134277s cumulative, 1.5870521068572998s individual


integration/test_main.py .
current test PASSED/SKIPPED -- test_temporary_allocations_tree in /home/kaiyaok2/PythonProjects/memray/tests/integration/test_main.py: 143.84707880020142s cumulative, 6.649105548858643s individual


unit/test_tui_reporter.py .
current test PASSED/SKIPPED -- test_command_line_display in /home/kaiyaok2/PythonProjects/memray/tests/unit/test_tui_reporter.py: 145.20319867134094s cumulative, 1.3561198711395264s individual


integration/test_main.py .
current test PASSED/SKIPPED -- test_report_both_temporary_allocation_arguments in /home/kaiyaok2/PythonProjects/memray/tests/integration/test_main.py: 149.4729459285736s cumulative, 4.269747257232666s individual

E
current test FAILED -- test_live_tracking in /home/kaiyaok2/PythonProjects/memray/tests/integration/test_main.py: 149.4830470085144s cumulative, 0.010101079940795898s individual


integration/test_tracing.py .
current test PASSED/SKIPPED -- test_cython_frame_in_pre_existing_thread_stack_when_restarting_tracking in /home/kaiyaok2/PythonProjects/memray/tests/integration/test_tracing.py: 151.7397334575653s cumulative, 2.2566864490509033s individual


integration/test_native_tracking.py .
current test PASSED/SKIPPED -- test_hybrid_stack_in_recursive_python_c_call in /home/kaiyaok2/PythonProjects/memray/tests/integration/test_native_tracking.py: 162.31224298477173s cumulative, 10.572509527206421s individual


integration/test_tracing.py .
current test PASSED/SKIPPED -- test_cython_frame_in_pre_existing_thread_stack in /home/kaiyaok2/PythonProjects/memray/tests/integration/test_tracing.py: 164.6739957332611s cumulative, 2.36175274848938s individual

.
current test PASSED/SKIPPED -- test_equal_stack_traces_compare_equal in /home/kaiyaok2/PythonProjects/memray/tests/integration/test_tracing.py: 166.54796695709229s cumulative, 1.8739712238311768s individual

.
current test PASSED/SKIPPED -- test_traceback_for_high_watermark in /home/kaiyaok2/PythonProjects/memray/tests/integration/test_tracing.py: 168.95805144309998s cumulative, 2.4100844860076904s individual

.
current test PASSED/SKIPPED -- test_allocation_in_thread_before_reacquiring_gil_after_tracking_starts in /home/kaiyaok2/PythonProjects/memray/tests/integration/test_tracing.py: 170.44297671318054s cumulative, 1.4849252700805664s individual


unit/test_highwatermark_command.py ⚠  No debug information was found for the Python interpreter  ⚠

Without debug information reports showing native traces may not include file 
names and line numbers. Please use an interpreter built with debug symbols for 
best results. Check https://bloomberg.github.io/memray/native_mode.html for more
information regarding how memray resolves symbols.

.
current test PASSED/SKIPPED -- test_tracker_and_reporter_interactions_for_peak in /home/kaiyaok2/PythonProjects/memray/tests/unit/test_highwatermark_command.py: 173.11815977096558s cumulative, 2.675183057785034s individual


integration/test_ipython.py .
current test PASSED/SKIPPED -- test_passing_invalid_argument in /home/kaiyaok2/PythonProjects/memray/tests/integration/test_ipython.py: 173.26339840888977s cumulative, 0.14523863792419434s individual


unit/test_tree_reporter.py .
current test PASSED/SKIPPED -- test_basic_node_selected_leaf in /home/kaiyaok2/PythonProjects/memray/tests/unit/test_tree_reporter.py: 176.58845472335815s cumulative, 3.325056314468384s individual


integration/test_main.py .
current test PASSED/SKIPPED -- test_quiet in /home/kaiyaok2/PythonProjects/memray/tests/integration/test_main.py: 179.3482596874237s cumulative, 2.7598049640655518s individual


integration/test_api.py .
current test PASSED/SKIPPED -- test_file_destination_str_path in /home/kaiyaok2/PythonProjects/memray/tests/integration/test_api.py: 181.08322095870972s cumulative, 1.7349612712860107s individual


integration/test_tracking.py .
current test PASSED/SKIPPED -- test_simple_allocation_tracking in /home/kaiyaok2/PythonProjects/memray/tests/integration/test_tracking.py: 182.77642107009888s cumulative, 1.6932001113891602s individual

.
current test PASSED/SKIPPED -- test_simple_allocation_tracking in /home/kaiyaok2/PythonProjects/memray/tests/integration/test_tracking.py: 184.4896194934845s cumulative, 1.7131984233856201s individual

.
current test PASSED/SKIPPED -- test_final_allocation_is_peak in /home/kaiyaok2/PythonProjects/memray/tests/integration/test_tracking.py: 185.98946356773376s cumulative, 1.4998440742492676s individual

.
current test PASSED/SKIPPED -- test_non_freed_allocations_are_accounted_for in /home/kaiyaok2/PythonProjects/memray/tests/integration/test_tracking.py: 187.327232837677s cumulative, 1.3377692699432373s individual

.
current test PASSED/SKIPPED -- test_simple_pymalloc_allocation_tracking in /home/kaiyaok2/PythonProjects/memray/tests/integration/test_tracking.py: 188.6388566493988s cumulative, 1.3116238117218018s individual

.
current test PASSED/SKIPPED -- test_simple_pymalloc_allocation_tracking in /home/kaiyaok2/PythonProjects/memray/tests/integration/test_tracking.py: 190.06648802757263s cumulative, 1.4276313781738281s individual

.
current test PASSED/SKIPPED -- test_memory_snapshots_limit_when_reading in /home/kaiyaok2/PythonProjects/memray/tests/integration/test_tracking.py: 192.09253334999084s cumulative, 2.026045322418213s individual

.
current test PASSED/SKIPPED -- test_simple_allocation_tracking in /home/kaiyaok2/PythonProjects/memray/tests/integration/test_tracking.py: 193.83672761917114s cumulative, 1.7441942691802979s individual

.
current test PASSED/SKIPPED -- test_leaks_that_happen_in_the_same_function_are_aggregated in /home/kaiyaok2/PythonProjects/memray/tests/integration/test_tracking.py: 195.74466514587402s cumulative, 1.9079375267028809s individual


integration/test_native_tracking.py ['PyType_GenericAlloc', '<unknown>', '_PyObject_MakeTpCall', '<module>', '<unknown>', 'PyEval_EvalCode', '<unknown>', '<unknown>', 'PyRun_StringFlags', 'PyRun_SimpleStringFlags', 'Py_RunMain', 'Py_BytesMain', '<unknown>', '__libc_start_main', '_start']
['_PyObject_GC_NewVar', '<unknown>', '<unknown>', '<unknown>', '<module>', '<unknown>', 'PyEval_EvalCode', '<unknown>', '<unknown>', 'PyRun_StringFlags', 'PyRun_SimpleStringFlags', 'Py_RunMain', 'Py_BytesMain', '<unknown>', '__libc_start_main', '_start']
['_PyObject_GC_NewVar', '<unknown>', '_PyFunction_Vectorcall', '_PyObject_CallFunction_SizeT', 'run_recursive', '<unknown>', '_PyObject_MakeTpCall', '<unknown>', 'foo', '<unknown>', '<unknown>', '<module>', '<unknown>', 'PyEval_EvalCode', '<unknown>', '<unknown>', 'PyRun_StringFlags', 'PyRun_SimpleStringFlags', 'Py_RunMain', 'Py_BytesMain', '<unknown>', '__libc_start_main', '_start']
.
current test PASSED/SKIPPED -- test_hybrid_stack_of_allocations_inside_ceval in /home/kaiyaok2/PythonProjects/memray/tests/integration/test_native_tracking.py: 204.046231508255s cumulative, 8.301566362380981s individual


integration/test_main.py .
current test PASSED/SKIPPED -- test_successful_parse in /home/kaiyaok2/PythonProjects/memray/tests/integration/test_main.py: 208.32311916351318s cumulative, 4.276887655258179s individual

.
current test PASSED/SKIPPED -- test_json_generated_to_known_file in /home/kaiyaok2/PythonProjects/memray/tests/integration/test_main.py: 212.3603870868683s cumulative, 4.0372679233551025s individual


integration/test_socket.py E
current test FAILED -- test_command_line in /home/kaiyaok2/PythonProjects/memray/tests/integration/test_socket.py: 212.36913228034973s cumulative, 0.008745193481445312s individual

E
current test FAILED -- test_multi_allocation_snapshot in /home/kaiyaok2/PythonProjects/memray/tests/integration/test_socket.py: 212.37385249137878s cumulative, 0.004720211029052734s individual

E
current test FAILED -- test_single_allocation_snapshot in /home/kaiyaok2/PythonProjects/memray/tests/integration/test_socket.py: 212.383154630661s cumulative, 0.009302139282226562s individual

E
current test FAILED -- test_empty_snapshot_after_free in /home/kaiyaok2/PythonProjects/memray/tests/integration/test_socket.py: 212.38821244239807s cumulative, 0.005057811737060547s individual

E
current test FAILED -- test_get_current_snapshot_first_yield_after_context_raises in /home/kaiyaok2/PythonProjects/memray/tests/integration/test_socket.py: 212.39672565460205s cumulative, 0.008513212203979492s individual

E
current test FAILED -- test_get_current_snapshot_raises_after_context in /home/kaiyaok2/PythonProjects/memray/tests/integration/test_socket.py: 212.41153693199158s cumulative, 0.014811277389526367s individual


integration/test_tracking.py .
current test PASSED/SKIPPED -- test_partial_munmap_gap in /home/kaiyaok2/PythonProjects/memray/tests/integration/test_tracking.py: 214.1149616241455s cumulative, 1.7034246921539307s individual

+10 kB
+ 9 kB
- 9 kB
+ 8 kB
+ 7 kB
- 7 kB
+ 6 kB
+ 5 kB
- 5 kB
+ 4 kB
+ 3 kB
- 3 kB
+ 2 kB
+ 1 kB
- 1 kB
- 2 kB
- 4 kB
- 6 kB
- 8 kB
-10 kB
.
current test PASSED/SKIPPED -- test_spiky_generally_increasing_to_final_peak in /home/kaiyaok2/PythonProjects/memray/tests/integration/test_tracking.py: 215.9211015701294s cumulative, 1.8061399459838867s individual

.
current test PASSED/SKIPPED -- test_simple_allocation_tracking in /home/kaiyaok2/PythonProjects/memray/tests/integration/test_tracking.py: 218.03284978866577s cumulative, 2.111748218536377s individual

.
current test PASSED/SKIPPED -- test_aggregation_same_python_stack_and_same_native_stack in /home/kaiyaok2/PythonProjects/memray/tests/integration/test_tracking.py: 219.84702396392822s cumulative, 1.8141741752624512s individual

.
current test PASSED/SKIPPED -- test_simple_allocation_tracking in /home/kaiyaok2/PythonProjects/memray/tests/integration/test_tracking.py: 221.3988196849823s cumulative, 1.5517957210540771s individual

.
current test PASSED/SKIPPED -- test_temporary_allocations_outside_buffer_are_not_detected in /home/kaiyaok2/PythonProjects/memray/tests/integration/test_tracking.py: 222.46952772140503s cumulative, 1.0707080364227295s individual

.
current test PASSED/SKIPPED -- test_pymalloc_allocation_tracking_deactivated in /home/kaiyaok2/PythonProjects/memray/tests/integration/test_tracking.py: 223.66423869132996s cumulative, 1.1947109699249268s individual

.
current test PASSED/SKIPPED -- test_allocations_after_high_watermark_is_freed_do_not_appear in /home/kaiyaok2/PythonProjects/memray/tests/integration/test_tracking.py: 225.04742646217346s cumulative, 1.3831877708435059s individual

.
current test PASSED/SKIPPED -- test_partial_munmap in /home/kaiyaok2/PythonProjects/memray/tests/integration/test_tracking.py: 226.10398650169373s cumulative, 1.0565600395202637s individual

.
current test PASSED/SKIPPED -- test_leaks_allocations_are_detected in /home/kaiyaok2/PythonProjects/memray/tests/integration/test_tracking.py: 227.63075733184814s cumulative, 1.526770830154419s individual

.
current test PASSED/SKIPPED -- test_leaks_allocations_are_detected in /home/kaiyaok2/PythonProjects/memray/tests/integration/test_tracking.py: 228.58931612968445s cumulative, 0.9585587978363037s individual

.
current test PASSED/SKIPPED -- test_simple_allocation_tracking in /home/kaiyaok2/PythonProjects/memray/tests/integration/test_tracking.py: 229.4476888179779s cumulative, 0.858372688293457s individual

.
current test PASSED/SKIPPED -- test_unmatched_deallocations_are_not_reported in /home/kaiyaok2/PythonProjects/memray/tests/integration/test_tracking.py: 230.6814305782318s cumulative, 1.2337417602539062s individual


integration/test_native_tracking.py .
current test PASSED/SKIPPED -- test_native_tracing_header in /home/kaiyaok2/PythonProjects/memray/tests/integration/test_native_tracking.py: 231.83442568778992s cumulative, 1.1529951095581055s individual

.
current test PASSED/SKIPPED -- test_native_tracing_header in /home/kaiyaok2/PythonProjects/memray/tests/integration/test_native_tracking.py: 233.13914275169373s cumulative, 1.3047170639038086s individual


unit/test_tui_reporter.py .
current test PASSED/SKIPPED -- test_tui_pause in /home/kaiyaok2/PythonProjects/memray/tests/unit/test_tui_reporter.py: 235.2238495349884s cumulative, 2.0847067832946777s individual


unit/test_tree_reporter.py .
current test PASSED/SKIPPED -- test_works_with_no_allocations in /home/kaiyaok2/PythonProjects/memray/tests/unit/test_tree_reporter.py: 235.22957682609558s cumulative, 0.005727291107177734s individual

.
current test PASSED/SKIPPED -- test_works_with_multiple_top_level_nodes in /home/kaiyaok2/PythonProjects/memray/tests/unit/test_tree_reporter.py: 235.23849773406982s cumulative, 0.008920907974243164s individual

.
current test PASSED/SKIPPED -- test_uses_hybrid_stack_for_native_traces in /home/kaiyaok2/PythonProjects/memray/tests/unit/test_tree_reporter.py: 235.24357867240906s cumulative, 0.0050809383392333984s individual

.
current test PASSED/SKIPPED -- test_drops_cpython_frames in /home/kaiyaok2/PythonProjects/memray/tests/unit/test_tree_reporter.py: 235.2501997947693s cumulative, 0.006621122360229492s individual

.
current test PASSED/SKIPPED -- test_works_with_multiple_stacks_from_same_caller in /home/kaiyaok2/PythonProjects/memray/tests/unit/test_tree_reporter.py: 235.25925636291504s cumulative, 0.009056568145751953s individual

.
current test PASSED/SKIPPED -- test_works_with_single_call in /home/kaiyaok2/PythonProjects/memray/tests/unit/test_tree_reporter.py: 235.2666666507721s cumulative, 0.007410287857055664s individual

.
current test PASSED/SKIPPED -- test_works_with_multiple_stacks_from_same_caller_two_frames_above in /home/kaiyaok2/PythonProjects/memray/tests/unit/test_tree_reporter.py: 235.27535581588745s cumulative, 0.008689165115356445s individual

.
current test PASSED/SKIPPED -- test_works_with_recursive_calls in /home/kaiyaok2/PythonProjects/memray/tests/unit/test_tree_reporter.py: 235.28137946128845s cumulative, 0.0060236454010009766s individual

.
current test PASSED/SKIPPED -- test_works_with_merged_threads in /home/kaiyaok2/PythonProjects/memray/tests/unit/test_tree_reporter.py: 235.28687262535095s cumulative, 0.0054931640625s individual

.
current test PASSED/SKIPPED -- test_works_with_split_threads in /home/kaiyaok2/PythonProjects/memray/tests/unit/test_tree_reporter.py: 235.29388046264648s cumulative, 0.0070078372955322266s individual

.
current test PASSED/SKIPPED -- test_render_runs_the_app in /home/kaiyaok2/PythonProjects/memray/tests/unit/test_tree_reporter.py: 235.3104648590088s cumulative, 0.016584396362304688s individual


integration/test_native_tracking.py .
current test PASSED/SKIPPED -- test_hybrid_stack_of_python_thread_starts_with_native_frames in /home/kaiyaok2/PythonProjects/memray/tests/integration/test_native_tracking.py: 236.81935262680054s cumulative, 1.508887767791748s individual


integration/test_ipython.py .
current test PASSED/SKIPPED -- test_passing_help_argument in /home/kaiyaok2/PythonProjects/memray/tests/integration/test_ipython.py: 236.968266248703s cumulative, 0.14891362190246582s individual


unit/test_tui_reporter.py .
current test PASSED/SKIPPED -- test_update_thread in /home/kaiyaok2/PythonProjects/memray/tests/unit/test_tui_reporter.py: 237.7256977558136s cumulative, 0.7574315071105957s individual


integration/test_api.py .
current test PASSED/SKIPPED -- test_follow_fork_with_socket_destination in /home/kaiyaok2/PythonProjects/memray/tests/integration/test_api.py: 237.73438143730164s cumulative, 0.00868368148803711s individual

.
current test PASSED/SKIPPED -- test_no_destination_arg in /home/kaiyaok2/PythonProjects/memray/tests/integration/test_api.py: 237.74000191688538s cumulative, 0.005620479583740234s individual

.
current test PASSED/SKIPPED -- test_combine_destination_args in /home/kaiyaok2/PythonProjects/memray/tests/integration/test_api.py: 237.74546766281128s cumulative, 0.00546574592590332s individual

.
current test PASSED/SKIPPED -- test_aggregated_capture_with_socket_destination in /home/kaiyaok2/PythonProjects/memray/tests/integration/test_api.py: 237.75264716148376s cumulative, 0.0071794986724853516s individual


unit/test_frame_tools.py .
current test PASSED/SKIPPED -- test_cpython_internal_calls in /home/kaiyaok2/PythonProjects/memray/tests/unit/test_frame_tools.py: 237.75989842414856s cumulative, 0.007251262664794922s individual

.
current test PASSED/SKIPPED -- test_frame_interesting in /home/kaiyaok2/PythonProjects/memray/tests/unit/test_frame_tools.py: 237.76493191719055s cumulative, 0.0050334930419921875s individual

.
current test PASSED/SKIPPED -- test_is_frame_from_import_system in /home/kaiyaok2/PythonProjects/memray/tests/unit/test_frame_tools.py: 237.77068710327148s cumulative, 0.005755186080932617s individual

.
current test PASSED/SKIPPED -- test_is_frame_from_import_system in /home/kaiyaok2/PythonProjects/memray/tests/unit/test_frame_tools.py: 237.77604722976685s cumulative, 0.005360126495361328s individual

.
current test PASSED/SKIPPED -- test_is_frame_from_import_system in /home/kaiyaok2/PythonProjects/memray/tests/unit/test_frame_tools.py: 237.78121781349182s cumulative, 0.005170583724975586s individual

.
current test PASSED/SKIPPED -- test_frame_interesting in /home/kaiyaok2/PythonProjects/memray/tests/unit/test_frame_tools.py: 237.78680419921875s cumulative, 0.005586385726928711s individual

.
current test PASSED/SKIPPED -- test_is_frame_from_import_system in /home/kaiyaok2/PythonProjects/memray/tests/unit/test_frame_tools.py: 237.79209780693054s cumulative, 0.005293607711791992s individual

.
current test PASSED/SKIPPED -- test_cpython_internal_calls in /home/kaiyaok2/PythonProjects/memray/tests/unit/test_frame_tools.py: 237.79626727104187s cumulative, 0.004169464111328125s individual

.
current test PASSED/SKIPPED -- test_cpython_internal_calls in /home/kaiyaok2/PythonProjects/memray/tests/unit/test_frame_tools.py: 237.80090188980103s cumulative, 0.0046346187591552734s individual

.
current test PASSED/SKIPPED -- test_cpython_internal_calls in /home/kaiyaok2/PythonProjects/memray/tests/unit/test_frame_tools.py: 237.8049988746643s cumulative, 0.00409698486328125s individual

.
current test PASSED/SKIPPED -- test_frame_interesting in /home/kaiyaok2/PythonProjects/memray/tests/unit/test_frame_tools.py: 237.80921864509583s cumulative, 0.004219770431518555s individual

.
current test PASSED/SKIPPED -- test_is_frame_from_import_system in /home/kaiyaok2/PythonProjects/memray/tests/unit/test_frame_tools.py: 237.81209301948547s cumulative, 0.0028743743896484375s individual

.
current test PASSED/SKIPPED -- test_is_frame_from_import_system in /home/kaiyaok2/PythonProjects/memray/tests/unit/test_frame_tools.py: 237.81478905677795s cumulative, 0.0026960372924804688s individual

.
current test PASSED/SKIPPED -- test_cpython_internal_calls in /home/kaiyaok2/PythonProjects/memray/tests/unit/test_frame_tools.py: 237.81762051582336s cumulative, 0.0028314590454101562s individual

.
current test PASSED/SKIPPED -- test_is_frame_from_import_system in /home/kaiyaok2/PythonProjects/memray/tests/unit/test_frame_tools.py: 237.82017827033997s cumulative, 0.0025577545166015625s individual

.
current test PASSED/SKIPPED -- test_is_frame_from_import_system in /home/kaiyaok2/PythonProjects/memray/tests/unit/test_frame_tools.py: 237.8233597278595s cumulative, 0.00318145751953125s individual

.
current test PASSED/SKIPPED -- test_cpython_internal_calls in /home/kaiyaok2/PythonProjects/memray/tests/unit/test_frame_tools.py: 237.8279688358307s cumulative, 0.004609107971191406s individual

.
current test PASSED/SKIPPED -- test_cpython_internal_calls in /home/kaiyaok2/PythonProjects/memray/tests/unit/test_frame_tools.py: 237.8331892490387s cumulative, 0.0052204132080078125s individual

.
current test PASSED/SKIPPED -- test_is_frame_from_import_system in /home/kaiyaok2/PythonProjects/memray/tests/unit/test_frame_tools.py: 237.83849120140076s cumulative, 0.005301952362060547s individual

.
current test PASSED/SKIPPED -- test_is_frame_from_import_system in /home/kaiyaok2/PythonProjects/memray/tests/unit/test_frame_tools.py: 237.84481287002563s cumulative, 0.00632166862487793s individual

.
current test PASSED/SKIPPED -- test_frame_interesting in /home/kaiyaok2/PythonProjects/memray/tests/unit/test_frame_tools.py: 237.85117626190186s cumulative, 0.006363391876220703s individual

.
current test PASSED/SKIPPED -- test_is_frame_from_import_system in /home/kaiyaok2/PythonProjects/memray/tests/unit/test_frame_tools.py: 237.858323097229s cumulative, 0.0071468353271484375s individual

.
current test PASSED/SKIPPED -- test_frame_interesting in /home/kaiyaok2/PythonProjects/memray/tests/unit/test_frame_tools.py: 237.86416292190552s cumulative, 0.005839824676513672s individual

.
current test PASSED/SKIPPED -- test_is_frame_from_import_system in /home/kaiyaok2/PythonProjects/memray/tests/unit/test_frame_tools.py: 237.8703305721283s cumulative, 0.00616765022277832s individual

.
current test PASSED/SKIPPED -- test_is_frame_from_import_system in /home/kaiyaok2/PythonProjects/memray/tests/unit/test_frame_tools.py: 237.8773865699768s cumulative, 0.007055997848510742s individual


integration/test_main.py .
current test PASSED/SKIPPED -- test_report_detects_missing_input in /home/kaiyaok2/PythonProjects/memray/tests/integration/test_main.py: 242.38523268699646s cumulative, 4.507846117019653s individual


unit/test_tui_reporter.py .
current test PASSED/SKIPPED -- test_command_line_display in /home/kaiyaok2/PythonProjects/memray/tests/unit/test_tui_reporter.py: 244.64996671676636s cumulative, 2.2647340297698975s individual


integration/test_tracking.py .
current test PASSED/SKIPPED -- test_simple_pymalloc_allocation_tracking in /home/kaiyaok2/PythonProjects/memray/tests/integration/test_tracking.py: 246.88641333580017s cumulative, 2.2364466190338135s individual

.
current test PASSED/SKIPPED -- test_temporary_allocations_that_happen_in_the_same_function_are_aggregated in /home/kaiyaok2/PythonProjects/memray/tests/integration/test_tracking.py: 248.3999741077423s cumulative, 1.5135607719421387s individual

.
current test PASSED/SKIPPED -- test_pthread_tracking in /home/kaiyaok2/PythonProjects/memray/tests/integration/test_tracking.py: 249.89578652381897s cumulative, 1.4958124160766602s individual

.
current test PASSED/SKIPPED -- test_freed_before_high_watermark_do_not_appear in /home/kaiyaok2/PythonProjects/memray/tests/integration/test_tracking.py: 251.1684513092041s cumulative, 1.2726647853851318s individual

.
current test PASSED/SKIPPED -- test_freed_before_high_watermark_do_not_appear in /home/kaiyaok2/PythonProjects/memray/tests/integration/test_tracking.py: 252.38845419883728s cumulative, 1.2200028896331787s individual

.
current test PASSED/SKIPPED -- test_freed_after_high_watermark_do_not_appear in /home/kaiyaok2/PythonProjects/memray/tests/integration/test_tracking.py: 253.74277424812317s cumulative, 1.3543200492858887s individual

.
current test PASSED/SKIPPED -- test_allocations_after_high_watermark_is_freed_do_not_appear in /home/kaiyaok2/PythonProjects/memray/tests/integration/test_tracking.py: 255.111554145813s cumulative, 1.3687798976898193s individual


integration/test_main.py .
current test PASSED/SKIPPED -- test_temporary_allocations_summary in /home/kaiyaok2/PythonProjects/memray/tests/integration/test_main.py: 258.64929151535034s cumulative, 3.5377373695373535s individual

.
current test PASSED/SKIPPED -- test_summary_generated in /home/kaiyaok2/PythonProjects/memray/tests/integration/test_main.py: 265.7496280670166s cumulative, 7.10033655166626s individual

.
current test PASSED/SKIPPED -- test_report_both_temporary_allocation_arguments in /home/kaiyaok2/PythonProjects/memray/tests/integration/test_main.py: 270.3197889328003s cumulative, 4.570160865783691s individual


unit/test_highwatermark_command.py ⚠  No debug information was found for the Python interpreter  ⚠

Without debug information reports showing native traces may not include file 
names and line numbers. Please use an interpreter built with debug symbols for 
best results. Check https://bloomberg.github.io/memray/native_mode.html for more
information regarding how memray resolves symbols.

.
current test PASSED/SKIPPED -- test_tracker_and_reporter_interactions_for_peak in /home/kaiyaok2/PythonProjects/memray/tests/unit/test_highwatermark_command.py: 271.84208154678345s cumulative, 1.5222926139831543s individual


unit/test_stats_reporter.py .
current test PASSED/SKIPPED -- test_stats_output in /home/kaiyaok2/PythonProjects/memray/tests/unit/test_stats_reporter.py: 271.85279083251953s cumulative, 0.010709285736083984s individual

.
current test PASSED/SKIPPED -- test_get_histogram_databins in /home/kaiyaok2/PythonProjects/memray/tests/unit/test_stats_reporter.py: 271.8560128211975s cumulative, 0.0032219886779785156s individual

.
current test PASSED/SKIPPED -- test_draw_histogram in /home/kaiyaok2/PythonProjects/memray/tests/unit/test_stats_reporter.py: 271.8599486351013s cumulative, 0.003935813903808594s individual

.
current test PASSED/SKIPPED -- test_draw_histogram_invalid_input in /home/kaiyaok2/PythonProjects/memray/tests/unit/test_stats_reporter.py: 271.86438727378845s cumulative, 0.004438638687133789s individual

.
current test PASSED/SKIPPED -- test_get_histogram_databins_invalid_bins in /home/kaiyaok2/PythonProjects/memray/tests/unit/test_stats_reporter.py: 271.86860847473145s cumulative, 0.004221200942993164s individual

.
current test PASSED/SKIPPED -- test_get_histogram_databins_rounding in /home/kaiyaok2/PythonProjects/memray/tests/unit/test_stats_reporter.py: 271.872816324234s cumulative, 0.0042078495025634766s individual

.
current test PASSED/SKIPPED -- test_get_histogram_all_allocations_same_size in /home/kaiyaok2/PythonProjects/memray/tests/unit/test_stats_reporter.py: 271.87531208992004s cumulative, 0.0024957656860351562s individual

.
current test PASSED/SKIPPED -- test_stats_output_json in /home/kaiyaok2/PythonProjects/memray/tests/unit/test_stats_reporter.py: 271.88702368736267s cumulative, 0.011711597442626953s individual

.
current test PASSED/SKIPPED -- test_get_histogram_over_bound in /home/kaiyaok2/PythonProjects/memray/tests/unit/test_stats_reporter.py: 271.88987922668457s cumulative, 0.002855539321899414s individual

.
current test PASSED/SKIPPED -- test_draw_histogram_smaller_scale_factor in /home/kaiyaok2/PythonProjects/memray/tests/unit/test_stats_reporter.py: 271.89283299446106s cumulative, 0.002953767776489258s individual


integration/test_tracking.py .
current test PASSED/SKIPPED -- test_leak_that_happens_in_the_middle_is_detected in /home/kaiyaok2/PythonProjects/memray/tests/integration/test_tracking.py: 273.64644026756287s cumulative, 1.7536072731018066s individual

.
current test PASSED/SKIPPED -- test_partial_munmap_gap in /home/kaiyaok2/PythonProjects/memray/tests/integration/test_tracking.py: 275.23318243026733s cumulative, 1.5867421627044678s individual

.
current test PASSED/SKIPPED -- test_no_allocations_while_tracking in /home/kaiyaok2/PythonProjects/memray/tests/integration/test_tracking.py: 277.0361797809601s cumulative, 1.802997350692749s individual

.
current test PASSED/SKIPPED -- test_simple_pymalloc_allocation_tracking in /home/kaiyaok2/PythonProjects/memray/tests/integration/test_tracking.py: 278.52914357185364s cumulative, 1.4929637908935547s individual

.
current test PASSED/SKIPPED -- test_mmap_tracking in /home/kaiyaok2/PythonProjects/memray/tests/integration/test_tracking.py: 280.15036368370056s cumulative, 1.6212201118469238s individual

.
current test PASSED/SKIPPED -- test_temporary_allocations_outside_buffer_are_not_detected in /home/kaiyaok2/PythonProjects/memray/tests/integration/test_tracking.py: 282.1827118396759s cumulative, 2.032348155975342s individual


unit/test_tree_reporter.py .
current test PASSED/SKIPPED -- test_show_uninteresting in /home/kaiyaok2/PythonProjects/memray/tests/unit/test_tree_reporter.py: 286.7758641242981s cumulative, 4.593152284622192s individual


integration/test_native_tracking.py .
current test PASSED/SKIPPED -- test_multithreaded_extension_with_native_tracking in /home/kaiyaok2/PythonProjects/memray/tests/integration/test_native_tracking.py: 297.7645671367645s cumulative, 10.98870301246643s individual


unit/test_flamegraph_reporter.py .
current test PASSED/SKIPPED -- test_inverted_two_branches_first_is_importlib in /home/kaiyaok2/PythonProjects/memray/tests/unit/test_flamegraph_reporter.py: 297.80828976631165s cumulative, 0.04372262954711914s individual


integration/test_processes.py [AllocationRecord<tid=0x1, address=0x55e25ac92f70, size=1.205KB, allocator=13, allocations=1>, AllocationRecord<tid=0x1, address=0x55e25ac92f70, size=N/A, allocator=15, allocations=1>, AllocationRecord<tid=0x1, address=0x55e25ac92f70, size=1.205KB, allocator=13, allocations=1>, AllocationRecord<tid=0x1, address=0x55e25ac92f70, size=N/A, allocator=15, allocations=1>, AllocationRecord<tid=0x1, address=0x55e25ac92f70, size=1.205KB, allocator=13, allocations=1>, AllocationRecord<tid=0x1, address=0x55e25ac92f70, size=N/A, allocator=15, allocations=1>, AllocationRecord<tid=0x1, address=0x55e25ac92f70, size=1.205KB, allocator=13, allocations=1>, AllocationRecord<tid=0x1, address=0x55e25ac92f70, size=N/A, allocator=15, allocations=1>, AllocationRecord<tid=0x1, address=0x55e25ac92f70, size=1.205KB, allocator=13, allocations=1>, AllocationRecord<tid=0x1, address=0x55e25ac92f70, size=N/A, allocator=15, allocations=1>, AllocationRecord<tid=0x1, address=0x55e25ac92f70, size=1.205KB, allocator=13, allocations=1>, AllocationRecord<tid=0x1, address=0x55e25ac92f70, size=N/A, allocator=15, allocations=1>, AllocationRecord<tid=0x1, address=0x55e25ac92f70, size=1.205KB, allocator=13, allocations=1>, AllocationRecord<tid=0x1, address=0x55e25ac92f70, size=N/A, allocator=15, allocations=1>, AllocationRecord<tid=0x1, address=0x55e25ac92f70, size=1.205KB, allocator=13, allocations=1>, AllocationRecord<tid=0x1, address=0x55e25ac92f70, size=N/A, allocator=15, allocations=1>, AllocationRecord<tid=0x1, address=0x55e25ac92f70, size=1.205KB, allocator=13, allocations=1>, AllocationRecord<tid=0x1, address=0x55e25ac92f70, size=N/A, allocator=15, allocations=1>, AllocationRecord<tid=0x1, address=0x55e25ac92f70, size=1.205KB, allocator=13, allocations=1>, AllocationRecord<tid=0x1, address=0x55e25ac92f70, size=N/A, allocator=15, allocations=1>]
.
current test PASSED/SKIPPED -- test_pymalloc_allocations_after_fork in /home/kaiyaok2/PythonProjects/memray/tests/integration/test_processes.py: 301.02679204940796s cumulative, 3.2185022830963135s individual

.
current test PASSED/SKIPPED -- test_allocations_with_multiprocessing in /home/kaiyaok2/PythonProjects/memray/tests/integration/test_processes.py: 303.5539565086365s cumulative, 2.5271644592285156s individual


integration/test_main.py .
current test PASSED/SKIPPED -- test_run_file_exists in /home/kaiyaok2/PythonProjects/memray/tests/integration/test_main.py: 303.646359205246s cumulative, 0.09240269660949707s individual


integration/test_extensions.py .
current test PASSED/SKIPPED -- test_hard_exit in /home/kaiyaok2/PythonProjects/memray/tests/integration/test_extensions.py: 304.7711980342865s cumulative, 1.1248388290405273s individual


integration/test_tracking.py .
current test PASSED/SKIPPED -- test_simple_pymalloc_allocation_tracking in /home/kaiyaok2/PythonProjects/memray/tests/integration/test_tracking.py: 306.49298644065857s cumulative, 1.7217884063720703s individual

.
current test PASSED/SKIPPED -- test_pymalloc_allocation_tracking_deactivated in /home/kaiyaok2/PythonProjects/memray/tests/integration/test_tracking.py: 308.2486264705658s cumulative, 1.7556400299072266s individual

.
current test PASSED/SKIPPED -- test_thread_allocations_multiple_threads in /home/kaiyaok2/PythonProjects/memray/tests/integration/test_tracking.py: 309.8441171646118s cumulative, 1.5954906940460205s individual

.
current test PASSED/SKIPPED -- test_aggregation_same_python_stack_and_same_native_stack in /home/kaiyaok2/PythonProjects/memray/tests/integration/test_tracking.py: 311.1221160888672s cumulative, 1.277998924255371s individual


unit/test_tree_reporter.py .
current test PASSED/SKIPPED -- test_show_uninteresting_system in /home/kaiyaok2/PythonProjects/memray/tests/unit/test_tree_reporter.py: 311.75716280937195s cumulative, 0.6350467205047607s individual


test_utils.py .
current test PASSED/SKIPPED -- test_filters_for_valloc_and_free in /home/kaiyaok2/PythonProjects/memray/tests/test_utils.py: 311.76183557510376s cumulative, 0.0046727657318115234s individual

.
current test PASSED/SKIPPED -- test_free_records_with_unmatched_addresses_do_not_appear in /home/kaiyaok2/PythonProjects/memray/tests/test_utils.py: 311.7644913196564s cumulative, 0.0026557445526123047s individual

.
current test PASSED/SKIPPED -- test_filters_based_on_addresses in /home/kaiyaok2/PythonProjects/memray/tests/test_utils.py: 311.76708602905273s cumulative, 0.0025947093963623047s individual

.
current test PASSED/SKIPPED -- test_free_records_with_valid_addresses_that_dont_match_do_not_appear in /home/kaiyaok2/PythonProjects/memray/tests/test_utils.py: 311.7693576812744s cumulative, 0.0022716522216796875s individual

.
current test PASSED/SKIPPED -- test_holds_values_at_correct_names in /home/kaiyaok2/PythonProjects/memray/tests/test_utils.py: 311.771781206131s cumulative, 0.002423524856567383s individual

.
current test PASSED/SKIPPED -- test_equality in /home/kaiyaok2/PythonProjects/memray/tests/test_utils.py: 311.7741229534149s cumulative, 0.002341747283935547s individual

.
current test PASSED/SKIPPED -- test_looks_like_AllocationRecord in /home/kaiyaok2/PythonProjects/memray/tests/test_utils.py: 311.77670526504517s cumulative, 0.0025823116302490234s individual


unit/test_flamegraph_reporter.py .
current test PASSED/SKIPPED -- test_inverted_sanity_check_with_real_allocations in /home/kaiyaok2/PythonProjects/memray/tests/unit/test_flamegraph_reporter.py: 313.1582918167114s cumulative, 1.3815865516662598s individual


integration/test_main.py .
current test PASSED/SKIPPED -- test_report_generated in /home/kaiyaok2/PythonProjects/memray/tests/integration/test_main.py: 316.399062871933s cumulative, 3.2407710552215576s individual

.
current test PASSED/SKIPPED -- test_report_incompatible_arguments in /home/kaiyaok2/PythonProjects/memray/tests/integration/test_main.py: 320.934611082077s cumulative, 4.535548210144043s individual

.
current test PASSED/SKIPPED -- test_report_leaks_argument in /home/kaiyaok2/PythonProjects/memray/tests/integration/test_main.py: 326.54487562179565s cumulative, 5.610264539718628s individual


unit/test_highwatermark_command.py ⚠  No debug information was found for the Python interpreter  ⚠

Without debug information reports showing native traces may not include file 
names and line numbers. Please use an interpreter built with debug symbols for 
best results. Check https://bloomberg.github.io/memray/native_mode.html for more
information regarding how memray resolves symbols.

.
current test PASSED/SKIPPED -- test_tracker_and_reporter_interactions_for_temporary_allocations in /home/kaiyaok2/PythonProjects/memray/tests/unit/test_highwatermark_command.py: 328.1118848323822s cumulative, 1.5670092105865479s individual


unit/test_tree_reporter.py .
current test PASSED/SKIPPED -- test_show_uninteresting_idempotency in /home/kaiyaok2/PythonProjects/memray/tests/unit/test_tree_reporter.py: 330.6623978614807s cumulative, 2.5505130290985107s individual


unit/test_tui_reporter.py .
current test PASSED/SKIPPED -- test_empty in /home/kaiyaok2/PythonProjects/memray/tests/unit/test_tui_reporter.py: 330.6701555252075s cumulative, 0.007757663726806641s individual

.
current test PASSED/SKIPPED -- test_one_point_lower_than_max in /home/kaiyaok2/PythonProjects/memray/tests/unit/test_tui_reporter.py: 330.67642855644226s cumulative, 0.006273031234741211s individual

.
current test PASSED/SKIPPED -- test_one_point_bigger_than_max_after_resize in /home/kaiyaok2/PythonProjects/memray/tests/unit/test_tui_reporter.py: 330.6911098957062s cumulative, 0.014681339263916016s individual

.
current test PASSED/SKIPPED -- test_multiple_points in /home/kaiyaok2/PythonProjects/memray/tests/unit/test_tui_reporter.py: 330.7074830532074s cumulative, 0.016373157501220703s individual

.
current test PASSED/SKIPPED -- test_size_of_graph in /home/kaiyaok2/PythonProjects/memray/tests/unit/test_tui_reporter.py: 330.72024607658386s cumulative, 0.012763023376464844s individual

.
current test PASSED/SKIPPED -- test_multiple_points_scattered in /home/kaiyaok2/PythonProjects/memray/tests/unit/test_tui_reporter.py: 330.7346000671387s cumulative, 0.01435399055480957s individual

.
current test PASSED/SKIPPED -- test_one_point_bigger_than_max in /home/kaiyaok2/PythonProjects/memray/tests/unit/test_tui_reporter.py: 330.74128699302673s cumulative, 0.0066869258880615234s individual

.
current test PASSED/SKIPPED -- test_native_frames in /home/kaiyaok2/PythonProjects/memray/tests/unit/test_tui_reporter.py: 330.7448284626007s cumulative, 0.0035414695739746094s individual

.
current test PASSED/SKIPPED -- test_missing_frames in /home/kaiyaok2/PythonProjects/memray/tests/unit/test_tui_reporter.py: 330.74827575683594s cumulative, 0.003447294235229492s individual

.
current test PASSED/SKIPPED -- test_simple_allocations in /home/kaiyaok2/PythonProjects/memray/tests/unit/test_tui_reporter.py: 330.7519805431366s cumulative, 0.0037047863006591797s individual


integration/test_extensions.py .
current test PASSED/SKIPPED -- test_valloc_at_thread_exit_in_subprocess in /home/kaiyaok2/PythonProjects/memray/tests/integration/test_extensions.py: 335.81060886383057s cumulative, 5.05862832069397s individual


integration/test_greenlet.py .
current test PASSED/SKIPPED -- test_importing_greenlet_after_tracking_starts in /home/kaiyaok2/PythonProjects/memray/tests/integration/test_greenlet.py: 336.8179740905762s cumulative, 1.0073652267456055s individual


integration/test_tracking.py .
current test PASSED/SKIPPED -- test_simple_allocation_tracking in /home/kaiyaok2/PythonProjects/memray/tests/integration/test_tracking.py: 338.18718433380127s cumulative, 1.3692102432250977s individual

.
current test PASSED/SKIPPED -- test_munmap_multiple_mmaps in /home/kaiyaok2/PythonProjects/memray/tests/integration/test_tracking.py: 339.6673390865326s cumulative, 1.4801547527313232s individual

.
current test PASSED/SKIPPED -- test_allocations_that_are_freed_do_not_appear_as_leaks in /home/kaiyaok2/PythonProjects/memray/tests/integration/test_tracking.py: 340.91325306892395s cumulative, 1.2459139823913574s individual

.
current test PASSED/SKIPPED -- test_leaks_that_happen_in_different_lines in /home/kaiyaok2/PythonProjects/memray/tests/integration/test_tracking.py: 342.71931862831116s cumulative, 1.806065559387207s individual

.
current test PASSED/SKIPPED -- test_simple_pymalloc_allocation_tracking in /home/kaiyaok2/PythonProjects/memray/tests/integration/test_tracking.py: 343.73743891716003s cumulative, 1.018120288848877s individual

.
current test PASSED/SKIPPED -- test_partial_munmap_multiple_split_in_middle in /home/kaiyaok2/PythonProjects/memray/tests/integration/test_tracking.py: 345.26505279541016s cumulative, 1.527613878250122s individual

.
current test PASSED/SKIPPED -- test_simple_allocation_tracking in /home/kaiyaok2/PythonProjects/memray/tests/integration/test_tracking.py: 346.5896451473236s cumulative, 1.3245923519134521s individual

.
current test PASSED/SKIPPED -- test_simple_allocation_tracking in /home/kaiyaok2/PythonProjects/memray/tests/integration/test_tracking.py: 347.3987066745758s cumulative, 0.8090615272521973s individual

.
current test PASSED/SKIPPED -- test_leaks_that_happen_in_different_lines in /home/kaiyaok2/PythonProjects/memray/tests/integration/test_tracking.py: 348.22666096687317s cumulative, 0.8279542922973633s individual


integration/test_main.py .
current test PASSED/SKIPPED -- test_live_tracking_waits_for_client in /home/kaiyaok2/PythonProjects/memray/tests/integration/test_main.py: 351.46773505210876s cumulative, 3.2410740852355957s individual


integration/test_tracing.py .
current test PASSED/SKIPPED -- test_traceback_can_be_retrieved_twice in /home/kaiyaok2/PythonProjects/memray/tests/integration/test_tracing.py: 352.82931685447693s cumulative, 1.361581802368164s individual


unit/test_reader.py .
current test PASSED/SKIPPED -- test_filereader_fails_to_open_file in /home/kaiyaok2/PythonProjects/memray/tests/unit/test_reader.py: 352.8433222770691s cumulative, 0.014005422592163086s individual


unit/test_tui_reporter.py .
current test PASSED/SKIPPED -- test_header_with_no_snapshots in /home/kaiyaok2/PythonProjects/memray/tests/unit/test_tui_reporter.py: 354.2703127861023s cumulative, 1.4269905090332031s individual


integration/test_main.py .
current test PASSED/SKIPPED -- test_run_live_tracking_invalid_port in /home/kaiyaok2/PythonProjects/memray/tests/integration/test_main.py: 356.18310713768005s cumulative, 1.9127943515777588s individual

.
current test PASSED/SKIPPED -- test_json_generated_to_existing_known_file in /home/kaiyaok2/PythonProjects/memray/tests/integration/test_main.py: 364.11692237854004s cumulative, 7.933815240859985s individual

.
current test PASSED/SKIPPED -- test_error_when_stdout_is_a_tty in /home/kaiyaok2/PythonProjects/memray/tests/integration/test_main.py: 373.26157569885254s cumulative, 9.1446533203125s individual

.
current test PASSED/SKIPPED -- test_run in /home/kaiyaok2/PythonProjects/memray/tests/integration/test_main.py: 378.11647772789s cumulative, 4.854902029037476s individual

.
current test PASSED/SKIPPED -- test_output_file_already_exists in /home/kaiyaok2/PythonProjects/memray/tests/integration/test_main.py: 380.16906356811523s cumulative, 2.0525858402252197s individual

.
current test PASSED/SKIPPED -- test_writes_to_correct_file in /home/kaiyaok2/PythonProjects/memray/tests/integration/test_main.py: 384.19489765167236s cumulative, 4.025834083557129s individual


unit/test_tree_reporter.py .
current test PASSED/SKIPPED -- test_very_deep_call_is_limited in /home/kaiyaok2/PythonProjects/memray/tests/unit/test_tree_reporter.py: 400.31862592697144s cumulative, 16.123728275299072s individual


integration/test_tracking.py .
current test PASSED/SKIPPED -- test_pymalloc_allocation_tracking_deactivated in /home/kaiyaok2/PythonProjects/memray/tests/integration/test_tracking.py: 402.4646153450012s cumulative, 2.145989418029785s individual

.
current test PASSED/SKIPPED -- test_simple_cpp_allocation_tracking in /home/kaiyaok2/PythonProjects/memray/tests/integration/test_tracking.py: 404.33313274383545s cumulative, 1.8685173988342285s individual

.
current test PASSED/SKIPPED -- test_multiple_high_watermark in /home/kaiyaok2/PythonProjects/memray/tests/integration/test_tracking.py: 405.4310972690582s cumulative, 1.0979645252227783s individual

.
current test PASSED/SKIPPED -- test_no_allocations in /home/kaiyaok2/PythonProjects/memray/tests/integration/test_tracking.py: 405.99396991729736s cumulative, 0.5628726482391357s individual


unit/test_tui_reporter.py .
current test PASSED/SKIPPED -- test_switching_threads in /home/kaiyaok2/PythonProjects/memray/tests/unit/test_tui_reporter.py: 410.4395534992218s cumulative, 4.4455835819244385s individual

.
current test PASSED/SKIPPED -- test_command_line_display in /home/kaiyaok2/PythonProjects/memray/tests/unit/test_tui_reporter.py: 416.17120122909546s cumulative, 5.731647729873657s individual


unit/test_templates.py .
current test PASSED/SKIPPED -- test_title_for_regular_report in /home/kaiyaok2/PythonProjects/memray/tests/unit/test_templates.py: 416.17776560783386s cumulative, 0.00656437873840332s individual

.
current test PASSED/SKIPPED -- test_title_for_regular_report in /home/kaiyaok2/PythonProjects/memray/tests/unit/test_templates.py: 416.1819574832916s cumulative, 0.004191875457763672s individual

.
current test PASSED/SKIPPED -- test_title_for_regular_report in /home/kaiyaok2/PythonProjects/memray/tests/unit/test_templates.py: 416.186306476593s cumulative, 0.0043489933013916016s individual

.
current test PASSED/SKIPPED -- test_title_for_regular_report in /home/kaiyaok2/PythonProjects/memray/tests/unit/test_templates.py: 416.19002413749695s cumulative, 0.003717660903930664s individual

.
current test PASSED/SKIPPED -- test_title_for_regular_report in /home/kaiyaok2/PythonProjects/memray/tests/unit/test_templates.py: 416.1940233707428s cumulative, 0.003999233245849609s individual

.
current test PASSED/SKIPPED -- test_title_for_regular_report in /home/kaiyaok2/PythonProjects/memray/tests/unit/test_templates.py: 416.19758009910583s cumulative, 0.0035567283630371094s individual


integration/test_tracking.py +10 kB
+ 9 kB
- 9 kB
+ 8 kB
+ 7 kB
- 7 kB
+ 6 kB
+ 5 kB
- 5 kB
+ 4 kB
+ 3 kB
- 3 kB
+ 2 kB
+ 1 kB
- 1 kB
- 2 kB
- 4 kB
- 6 kB
- 8 kB
-10 kB
.
current test PASSED/SKIPPED -- test_spiky_generally_increasing_to_final_peak in /home/kaiyaok2/PythonProjects/memray/tests/integration/test_tracking.py: 418.00567388534546s cumulative, 1.808093786239624s individual

.
current test PASSED/SKIPPED -- test_allocations_aggregation_on_different_lines in /home/kaiyaok2/PythonProjects/memray/tests/integration/test_tracking.py: 420.2316138744354s cumulative, 2.225939989089966s individual


integration/test_main.py .
current test PASSED/SKIPPED -- test_run_file_that_is_not_python in /home/kaiyaok2/PythonProjects/memray/tests/integration/test_main.py: 420.42230677604675s cumulative, 0.19069290161132812s individual

.
current test PASSED/SKIPPED -- test_run_file_that_is_not_python in /home/kaiyaok2/PythonProjects/memray/tests/integration/test_main.py: 420.57691955566406s cumulative, 0.15461277961730957s individual

.
current test PASSED/SKIPPED -- test_run_output_file_directory_does_not_exist in /home/kaiyaok2/PythonProjects/memray/tests/integration/test_main.py: 420.6495909690857s cumulative, 0.07267141342163086s individual

.
current test PASSED/SKIPPED -- test_run_file_that_is_not_python in /home/kaiyaok2/PythonProjects/memray/tests/integration/test_main.py: 420.76218247413635s cumulative, 0.11259150505065918s individual


integration/test_socket.py E
current test FAILED -- test_reading_allocations_while_reading_stack_traces in /home/kaiyaok2/PythonProjects/memray/tests/integration/test_socket.py: 420.7734522819519s cumulative, 0.011269807815551758s individual


integration/test_main.py .
current test PASSED/SKIPPED -- test_sys_manipulations_when_running_module in /home/kaiyaok2/PythonProjects/memray/tests/integration/test_main.py: 422.8257329463959s cumulative, 2.0522806644439697s individual

.
current test PASSED/SKIPPED -- test_leaks_with_pymalloc_warning in /home/kaiyaok2/PythonProjects/memray/tests/integration/test_main.py: 427.3141052722931s cumulative, 4.488372325897217s individual


integration/test_threads.py .
current test PASSED/SKIPPED -- test_thread_name in /home/kaiyaok2/PythonProjects/memray/tests/integration/test_threads.py: 428.2569351196289s cumulative, 0.9428298473358154s individual


unit/test_tree_reporter.py .
current test PASSED/SKIPPED -- test_select_screen in /home/kaiyaok2/PythonProjects/memray/tests/unit/test_tree_reporter.py: 431.26701378822327s cumulative, 3.0100786685943604s individual


integration/test_tracking.py .
current test PASSED/SKIPPED -- test_simple_allocation_tracking in /home/kaiyaok2/PythonProjects/memray/tests/integration/test_tracking.py: 432.7980537414551s cumulative, 1.5310399532318115s individual

.
current test PASSED/SKIPPED -- test_header_allocator in /home/kaiyaok2/PythonProjects/memray/tests/integration/test_tracking.py: 433.49011182785034s cumulative, 0.6920580863952637s individual

.
current test PASSED/SKIPPED -- test_leaks_that_happen_in_the_same_function_are_aggregated in /home/kaiyaok2/PythonProjects/memray/tests/integration/test_tracking.py: 434.7952480316162s cumulative, 1.3051362037658691s individual

.
current test PASSED/SKIPPED -- test_no_allocations_while_tracking in /home/kaiyaok2/PythonProjects/memray/tests/integration/test_tracking.py: 436.2325086593628s cumulative, 1.437260627746582s individual


integration/test_extensions.py .
current test PASSED/SKIPPED -- test_valloc_at_thread_exit in /home/kaiyaok2/PythonProjects/memray/tests/integration/test_extensions.py: 444.9928207397461s cumulative, 8.7603120803833s individual


unit/test_tui_reporter.py .
current test PASSED/SKIPPED -- test_tui_basic in /home/kaiyaok2/PythonProjects/memray/tests/unit/test_tui_reporter.py: 447.79361510276794s cumulative, 2.8007943630218506s individual


unit/test_reader.py .
current test PASSED/SKIPPED -- test_rejects_different_header_magic in /home/kaiyaok2/PythonProjects/memray/tests/unit/test_reader.py: 449.5412838459015s cumulative, 1.747668743133545s individual


integration/test_main.py .
current test PASSED/SKIPPED -- test_json_generated_to_pretty_file_name in /home/kaiyaok2/PythonProjects/memray/tests/integration/test_main.py: 455.8061556816101s cumulative, 6.264871835708618s individual

.
current test PASSED/SKIPPED -- test_reads_from_correct_file in /home/kaiyaok2/PythonProjects/memray/tests/integration/test_main.py: 462.20998668670654s cumulative, 6.4038310050964355s individual

.
current test PASSED/SKIPPED -- test_report_detects_missing_input in /home/kaiyaok2/PythonProjects/memray/tests/integration/test_main.py: 463.321391582489s cumulative, 1.1114048957824707s individual


unit/test_tui_reporter.py .
current test PASSED/SKIPPED -- test_header_with_empty_snapshot in /home/kaiyaok2/PythonProjects/memray/tests/unit/test_tui_reporter.py: 464.2584183216095s cumulative, 0.9370267391204834s individual


integration/test_tracing.py [AllocationRecord<tid=0x1, address=0x7f5ec3409000, size=1.000B, allocator=10, allocations=1>, AllocationRecord<tid=0x1, address=0x7f5ec3407000, size=1.000B, allocator=10, allocations=1>, AllocationRecord<tid=0x1, address=0x7f5ec3409000, size=1.000B, allocator=11, allocations=1>, AllocationRecord<tid=0x1, address=0x7f5ec3407000, size=1.000B, allocator=11, allocations=1>]
.
current test PASSED/SKIPPED -- test_allocations_in_root_frame_have_correct_line_number in /home/kaiyaok2/PythonProjects/memray/tests/integration/test_tracing.py: 465.33685326576233s cumulative, 1.078434944152832s individual

.
current test PASSED/SKIPPED -- test_restart_tracing_function_gets_correctly_the_frames in /home/kaiyaok2/PythonProjects/memray/tests/integration/test_tracing.py: 466.97403621673584s cumulative, 1.6371829509735107s individual


integration/test_tracking.py .
current test PASSED/SKIPPED -- test_unsupported_operations_on_aggregated_capture in /home/kaiyaok2/PythonProjects/memray/tests/integration/test_tracking.py: 467.6143698692322s cumulative, 0.6403336524963379s individual

.
current test PASSED/SKIPPED -- test_tracking_with_SIGKILL in /home/kaiyaok2/PythonProjects/memray/tests/integration/test_tracking.py: 468.2983787059784s cumulative, 0.6840088367462158s individual


integration/test_processes.py .
current test PASSED/SKIPPED -- test_stack_cleanup_after_fork in /home/kaiyaok2/PythonProjects/memray/tests/integration/test_processes.py: 475.70569229125977s cumulative, 7.407313585281372s individual


unit/test_reader.py .
current test PASSED/SKIPPED -- test_read_pid in /home/kaiyaok2/PythonProjects/memray/tests/unit/test_reader.py: 477.1896855831146s cumulative, 1.4839932918548584s individual


unit/test_tree_reporter.py .
current test PASSED/SKIPPED -- test_two_chains in /home/kaiyaok2/PythonProjects/memray/tests/unit/test_tree_reporter.py: 478.1066327095032s cumulative, 0.9169471263885498s individual


unit/test_cli.py .
current test PASSED/SKIPPED -- test_run_with_follow_fork_and_live_remote_mode in /home/kaiyaok2/PythonProjects/memray/tests/unit/test_cli.py: 478.1556406021118s cumulative, 0.04900789260864258s individual

.
current test PASSED/SKIPPED -- test_run_with_follow_fork_and_live_mode in /home/kaiyaok2/PythonProjects/memray/tests/unit/test_cli.py: 481.0467691421509s cumulative, 2.8911285400390625s individual

.
current test PASSED/SKIPPED -- test_run_without_arguments in /home/kaiyaok2/PythonProjects/memray/tests/unit/test_cli.py: 481.1018693447113s cumulative, 0.055100202560424805s individual

.
current test PASSED/SKIPPED -- test_run_with_live_port_but_not_live_remote in /home/kaiyaok2/PythonProjects/memray/tests/unit/test_cli.py: 481.1572494506836s cumulative, 0.05538010597229004s individual

Writing profile results into memray-foobar.0.bin
[memray] Successfully generated profile results.

You can now generate reports from the stored allocation records.
Some example commands to generate reports:

/usr/bin/python3 -m memray flamegraph memray-foobar.0.bin
.
current test PASSED/SKIPPED -- test_run_with_pymalloc_tracing in /home/kaiyaok2/PythonProjects/memray/tests/unit/test_cli.py: 481.2106029987335s cumulative, 0.05335354804992676s individual

Writing profile results into memray-foobar.0.bin
[memray] Successfully generated profile results.

You can now generate reports from the stored allocation records.
Some example commands to generate reports:

/usr/bin/python3 -m memray flamegraph memray-foobar.0.bin
.
current test PASSED/SKIPPED -- test_run_with_follow_fork in /home/kaiyaok2/PythonProjects/memray/tests/unit/test_cli.py: 481.28054428100586s cumulative, 0.06994128227233887s individual

.
current test PASSED/SKIPPED -- test_parser_rejects_no_arguments in /home/kaiyaok2/PythonProjects/memray/tests/unit/test_cli.py: 481.2965054512024s cumulative, 0.015961170196533203s individual

.
current test PASSED/SKIPPED -- test_parser_rejects_when_no_results_provided in /home/kaiyaok2/PythonProjects/memray/tests/unit/test_cli.py: 481.31166529655457s cumulative, 0.015159845352172852s individual

.
current test PASSED/SKIPPED -- test_parser_accepts_single_argument in /home/kaiyaok2/PythonProjects/memray/tests/unit/test_cli.py: 481.3231086730957s cumulative, 0.011443376541137695s individual

.
current test PASSED/SKIPPED -- test_parser_takes_force_flag in /home/kaiyaok2/PythonProjects/memray/tests/unit/test_cli.py: 481.3347017765045s cumulative, 0.011593103408813477s individual

.
current test PASSED/SKIPPED -- test_parser_takes_memory_leaks_as_a_flag in /home/kaiyaok2/PythonProjects/memray/tests/unit/test_cli.py: 481.3465859889984s cumulative, 0.011884212493896484s individual

.
current test PASSED/SKIPPED -- test_parser_accepts_short_form_output_1 in /home/kaiyaok2/PythonProjects/memray/tests/unit/test_cli.py: 481.35817074775696s cumulative, 0.011584758758544922s individual

.
current test PASSED/SKIPPED -- test_parser_accepts_short_form_output_2 in /home/kaiyaok2/PythonProjects/memray/tests/unit/test_cli.py: 481.3695409297943s cumulative, 0.011370182037353516s individual

.
current test PASSED/SKIPPED -- test_parser_accepts_long_form_output_2 in /home/kaiyaok2/PythonProjects/memray/tests/unit/test_cli.py: 481.38488483428955s cumulative, 0.015343904495239258s individual

.
current test PASSED/SKIPPED -- test_parser_accepts_long_form_output_1 in /home/kaiyaok2/PythonProjects/memray/tests/unit/test_cli.py: 481.40045857429504s cumulative, 0.015573740005493164s individual

.
current test PASSED/SKIPPED -- test_determine_output in /home/kaiyaok2/PythonProjects/memray/tests/unit/test_cli.py: 481.4100778102875s cumulative, 0.00961923599243164s individual

.
current test PASSED/SKIPPED -- test_determine_output in /home/kaiyaok2/PythonProjects/memray/tests/unit/test_cli.py: 481.4184761047363s cumulative, 0.008398294448852539s individual

.
current test PASSED/SKIPPED -- test_determine_output in /home/kaiyaok2/PythonProjects/memray/tests/unit/test_cli.py: 481.42840051651s cumulative, 0.00992441177368164s individual

.
current test PASSED/SKIPPED -- test_determine_output in /home/kaiyaok2/PythonProjects/memray/tests/unit/test_cli.py: 481.4380626678467s cumulative, 0.009662151336669922s individual

.
current test PASSED/SKIPPED -- test_parser_acceps_biggest_allocs_long_form in /home/kaiyaok2/PythonProjects/memray/tests/unit/test_cli.py: 481.4516694545746s cumulative, 0.013606786727905273s individual

.
current test PASSED/SKIPPED -- test_determine_output in /home/kaiyaok2/PythonProjects/memray/tests/unit/test_cli.py: 481.4604289531708s cumulative, 0.008759498596191406s individual

.
current test PASSED/SKIPPED -- test_determine_output in /home/kaiyaok2/PythonProjects/memray/tests/unit/test_cli.py: 481.4671719074249s cumulative, 0.006742954254150391s individual

.
current test PASSED/SKIPPED -- test_parser_acceps_biggest_allocs_short_form in /home/kaiyaok2/PythonProjects/memray/tests/unit/test_cli.py: 481.48074555397034s cumulative, 0.013573646545410156s individual

.
current test PASSED/SKIPPED -- test_parser_rejects_no_arguments in /home/kaiyaok2/PythonProjects/memray/tests/unit/test_cli.py: 481.49927020072937s cumulative, 0.018524646759033203s individual

.
current test PASSED/SKIPPED -- test_determine_output in /home/kaiyaok2/PythonProjects/memray/tests/unit/test_cli.py: 481.50673842430115s cumulative, 0.007468223571777344s individual

.
current test PASSED/SKIPPED -- test_determine_output in /home/kaiyaok2/PythonProjects/memray/tests/unit/test_cli.py: 481.51446533203125s cumulative, 0.007726907730102539s individual

.
current test PASSED/SKIPPED -- test_parser_accepts_single_argument in /home/kaiyaok2/PythonProjects/memray/tests/unit/test_cli.py: 481.524569272995s cumulative, 0.010103940963745117s individual

.
current test PASSED/SKIPPED -- test_determine_output in /home/kaiyaok2/PythonProjects/memray/tests/unit/test_cli.py: 481.530148267746s cumulative, 0.0055789947509765625s individual

.
current test PASSED/SKIPPED -- test_parser_rejects_when_no_results_provided in /home/kaiyaok2/PythonProjects/memray/tests/unit/test_cli.py: 481.5432958602905s cumulative, 0.013147592544555664s individual

.
current test PASSED/SKIPPED -- test_parser_rejects_when_no_results_provided in /home/kaiyaok2/PythonProjects/memray/tests/unit/test_cli.py: 481.5591163635254s cumulative, 0.01582050323486328s individual

.
current test PASSED/SKIPPED -- test_parser_accepts_long_form_output_2 in /home/kaiyaok2/PythonProjects/memray/tests/unit/test_cli.py: 481.56615710258484s cumulative, 0.007040739059448242s individual

.
current test PASSED/SKIPPED -- test_parser_invalid_format in /home/kaiyaok2/PythonProjects/memray/tests/unit/test_cli.py: 481.575749874115s cumulative, 0.009592771530151367s individual

.
current test PASSED/SKIPPED -- test_parser_takes_force_flag in /home/kaiyaok2/PythonProjects/memray/tests/unit/test_cli.py: 481.5844871997833s cumulative, 0.008737325668334961s individual

.
current test PASSED/SKIPPED -- test_parser_takes_memory_leaks_as_a_flag in /home/kaiyaok2/PythonProjects/memray/tests/unit/test_cli.py: 481.59334421157837s cumulative, 0.008857011795043945s individual

.
current test PASSED/SKIPPED -- test_parser_accepts_long_form_output_1 in /home/kaiyaok2/PythonProjects/memray/tests/unit/test_cli.py: 481.6066384315491s cumulative, 0.013294219970703125s individual

.
current test PASSED/SKIPPED -- test_parser_accepts_short_form_output_1 in /home/kaiyaok2/PythonProjects/memray/tests/unit/test_cli.py: 481.6177861690521s cumulative, 0.011147737503051758s individual

.
current test PASSED/SKIPPED -- test_parser_accepts_single_argument_with_format in /home/kaiyaok2/PythonProjects/memray/tests/unit/test_cli.py: 481.6297709941864s cumulative, 0.011984825134277344s individual

.
current test PASSED/SKIPPED -- test_parser_accepts_short_form_output_2 in /home/kaiyaok2/PythonProjects/memray/tests/unit/test_cli.py: 481.6432273387909s cumulative, 0.013456344604492188s individual

.
current test PASSED/SKIPPED -- test_parser_rejects_no_arguments in /home/kaiyaok2/PythonProjects/memray/tests/unit/test_cli.py: 481.65866446495056s cumulative, 0.015437126159667969s individual

.
current test PASSED/SKIPPED -- test_parser_takes_force_flag in /home/kaiyaok2/PythonProjects/memray/tests/unit/test_cli.py: 481.67053270339966s cumulative, 0.01186823844909668s individual

.
current test PASSED/SKIPPED -- test_parser_accepts_long_form_output_1 in /home/kaiyaok2/PythonProjects/memray/tests/unit/test_cli.py: 481.6817424297333s cumulative, 0.011209726333618164s individual

.
current test PASSED/SKIPPED -- test_parser_accepts_short_form_output_2 in /home/kaiyaok2/PythonProjects/memray/tests/unit/test_cli.py: 481.6938052177429s cumulative, 0.012062788009643555s individual

.
current test PASSED/SKIPPED -- test_parser_accepts_long_form_output_2 in /home/kaiyaok2/PythonProjects/memray/tests/unit/test_cli.py: 481.70683431625366s cumulative, 0.013029098510742188s individual

.
current test PASSED/SKIPPED -- test_parser_accepts_short_form_output_1 in /home/kaiyaok2/PythonProjects/memray/tests/unit/test_cli.py: 481.71725034713745s cumulative, 0.010416030883789062s individual

.
current test PASSED/SKIPPED -- test_parser_takes_memory_leaks_as_a_flag in /home/kaiyaok2/PythonProjects/memray/tests/unit/test_cli.py: 481.72789096832275s cumulative, 0.010640621185302734s individual

.
current test PASSED/SKIPPED -- test_parser_rejects_when_no_results_provided in /home/kaiyaok2/PythonProjects/memray/tests/unit/test_cli.py: 481.7412254810333s cumulative, 0.013334512710571289s individual

.
current test PASSED/SKIPPED -- test_parser_accepts_single_argument in /home/kaiyaok2/PythonProjects/memray/tests/unit/test_cli.py: 481.75341176986694s cumulative, 0.012186288833618164s individual

.
current test PASSED/SKIPPED -- test_parser_rejects_no_arguments in /home/kaiyaok2/PythonProjects/memray/tests/unit/test_cli.py: 481.76492953300476s cumulative, 0.011517763137817383s individual

.
current test PASSED/SKIPPED -- test_parser_accepts_single_argument in /home/kaiyaok2/PythonProjects/memray/tests/unit/test_cli.py: 481.77844285964966s cumulative, 0.013513326644897461s individual

.
current test PASSED/SKIPPED -- test_parser_accepts_valid_num_largest_allocators in /home/kaiyaok2/PythonProjects/memray/tests/unit/test_cli.py: 481.7895815372467s cumulative, 0.011138677597045898s individual

.
current test PASSED/SKIPPED -- test_parser_rejects_invalid_num_largest_allocators in /home/kaiyaok2/PythonProjects/memray/tests/unit/test_cli.py: 481.80083894729614s cumulative, 0.011257410049438477s individual

.
current test PASSED/SKIPPED -- test_parser_rejects_no_arguments in /home/kaiyaok2/PythonProjects/memray/tests/unit/test_cli.py: 481.8078348636627s cumulative, 0.0069959163665771484s individual

.
current test PASSED/SKIPPED -- test_parser_accepts_sort_column_sort_form in /home/kaiyaok2/PythonProjects/memray/tests/unit/test_cli.py: 481.8135862350464s cumulative, 0.005751371383666992s individual

.
current test PASSED/SKIPPED -- test_parser_rejects_sort_column_incorrect_values in /home/kaiyaok2/PythonProjects/memray/tests/unit/test_cli.py: 481.82178592681885s cumulative, 0.008199691772460938s individual

.
current test PASSED/SKIPPED -- test_parser_rejects_no_arguments in /home/kaiyaok2/PythonProjects/memray/tests/unit/test_cli.py: 481.8275399208069s cumulative, 0.005753993988037109s individual

.
current test PASSED/SKIPPED -- test_parser_accepts_single_argument in /home/kaiyaok2/PythonProjects/memray/tests/unit/test_cli.py: 481.8315360546112s cumulative, 0.003996133804321289s individual

.
current test PASSED/SKIPPED -- test_parser_rejects_sort_column_incorrect_values in /home/kaiyaok2/PythonProjects/memray/tests/unit/test_cli.py: 481.837229013443s cumulative, 0.005692958831787109s individual

.
current test PASSED/SKIPPED -- test_parser_accepts_max_rows_sort_form in /home/kaiyaok2/PythonProjects/memray/tests/unit/test_cli.py: 481.8412854671478s cumulative, 0.004056453704833984s individual

.
current test PASSED/SKIPPED -- test_parser_accepts_max_rows_long_form in /home/kaiyaok2/PythonProjects/memray/tests/unit/test_cli.py: 481.8453094959259s cumulative, 0.004024028778076172s individual

.
current test PASSED/SKIPPED -- test_parser_accepts_sort_column_long_form in /home/kaiyaok2/PythonProjects/memray/tests/unit/test_cli.py: 481.85006880760193s cumulative, 0.004759311676025391s individual


integration/test_main.py .
current test PASSED/SKIPPED -- test_report_incompatible_arguments in /home/kaiyaok2/PythonProjects/memray/tests/integration/test_main.py: 486.3122818470001s cumulative, 4.462213039398193s individual

.
current test PASSED/SKIPPED -- test_tree_generated in /home/kaiyaok2/PythonProjects/memray/tests/integration/test_main.py: 491.67253279685974s cumulative, 5.360250949859619s individual

.
current test PASSED/SKIPPED -- test_report_detects_missing_input in /home/kaiyaok2/PythonProjects/memray/tests/integration/test_main.py: 493.0751442909241s cumulative, 1.402611494064331s individual

.
current test PASSED/SKIPPED -- test_report_temporary_allocations_argument in /home/kaiyaok2/PythonProjects/memray/tests/integration/test_main.py: 495.882333278656s cumulative, 2.8071889877319336s individual

.
current test PASSED/SKIPPED -- test_leaks_with_pymalloc_warning in /home/kaiyaok2/PythonProjects/memray/tests/integration/test_main.py: 499.11134147644043s cumulative, 3.229008197784424s individual


integration/test_tracing.py .
current test PASSED/SKIPPED -- test_mmap_in_thread in /home/kaiyaok2/PythonProjects/memray/tests/integration/test_tracing.py: 499.9067327976227s cumulative, 0.795391321182251s individual


integration/test_socket.py E
current test FAILED -- test_get_current_snapshot_raises_before_context in /home/kaiyaok2/PythonProjects/memray/tests/integration/test_socket.py: 499.91348099708557s cumulative, 0.006748199462890625s individual


unit/test_highwatermark_command.py ⚠  No debug information was found for the Python interpreter  ⚠

Without debug information reports showing native traces may not include file 
names and line numbers. Please use an interpreter built with debug symbols for 
best results. Check https://bloomberg.github.io/memray/native_mode.html for more
information regarding how memray resolves symbols.

.
current test PASSED/SKIPPED -- test_tracker_and_reporter_interactions_for_temporary_allocations in /home/kaiyaok2/PythonProjects/memray/tests/unit/test_highwatermark_command.py: 501.11008501052856s cumulative, 1.1966040134429932s individual


unit/test_tui_reporter.py .
current test PASSED/SKIPPED -- test_command_line_display in /home/kaiyaok2/PythonProjects/memray/tests/unit/test_tui_reporter.py: 501.8714301586151s cumulative, 0.7613451480865479s individual


integration/test_native_tracking.py .
current test PASSED/SKIPPED -- test_simple_call_chain_with_native_tracking in /home/kaiyaok2/PythonProjects/memray/tests/integration/test_native_tracking.py: 504.7132143974304s cumulative, 2.8417842388153076s individual

.
current test PASSED/SKIPPED -- test_hybrid_stack_in_a_thread in /home/kaiyaok2/PythonProjects/memray/tests/integration/test_native_tracking.py: 507.04789876937866s cumulative, 2.334684371948242s individual


integration/test_main.py .
current test PASSED/SKIPPED -- test_live_tracking_server_exits_properly_on_sigint in /home/kaiyaok2/PythonProjects/memray/tests/integration/test_main.py: 508.6765067577362s cumulative, 1.628607988357544s individual


integration/test_tracing.py .
current test PASSED/SKIPPED -- test_traceback_iteration_does_not_depend_on_the_order_of_elements in /home/kaiyaok2/PythonProjects/memray/tests/integration/test_tracing.py: 509.5641927719116s cumulative, 0.887686014175415s individual


integration/test_api.py .
current test PASSED/SKIPPED -- test_file_destination in /home/kaiyaok2/PythonProjects/memray/tests/integration/test_api.py: 510.4949097633362s cumulative, 0.9307169914245605s individual

.
current test PASSED/SKIPPED -- test_file_reader_as_context_manager in /home/kaiyaok2/PythonProjects/memray/tests/integration/test_api.py: 511.3583707809448s cumulative, 0.8634610176086426s individual


integration/test_native_tracking.py .
current test PASSED/SKIPPED -- test_hybrid_stack_in_pure_python_with_callbacks in /home/kaiyaok2/PythonProjects/memray/tests/integration/test_native_tracking.py: 512.147919178009s cumulative, 0.789548397064209s individual

.
current test PASSED/SKIPPED -- test_hybrid_stack_in_pure_python in /home/kaiyaok2/PythonProjects/memray/tests/integration/test_native_tracking.py: 513.0937457084656s cumulative, 0.945826530456543s individual


unit/test_flamegraph_reporter.py .
current test PASSED/SKIPPED -- test_very_deep_call_is_limited in /home/kaiyaok2/PythonProjects/memray/tests/unit/test_flamegraph_reporter.py: 513.3825445175171s cumulative, 0.28879880905151367s individual


integration/test_socket.py E
current test FAILED -- test_multiple_context_entries_does_not_crash in /home/kaiyaok2/PythonProjects/memray/tests/integration/test_socket.py: 513.3880302906036s cumulative, 0.0054857730865478516s individual


unit/test_allocation_lifetime_aggregator.py .
current test PASSED/SKIPPED -- test_split_then_freed_range in /home/kaiyaok2/PythonProjects/memray/tests/unit/test_allocation_lifetime_aggregator.py: 513.3908085823059s cumulative, 0.002778291702270508s individual

.
current test PASSED/SKIPPED -- test_range_leaked in /home/kaiyaok2/PythonProjects/memray/tests/unit/test_allocation_lifetime_aggregator.py: 513.3930561542511s cumulative, 0.0022475719451904297s individual

.
current test PASSED/SKIPPED -- test_allocations_from_same_location_and_different_snapshots_freed_in_one_snapshot in /home/kaiyaok2/PythonProjects/memray/tests/unit/test_allocation_lifetime_aggregator.py: 513.3953058719635s cumulative, 0.0022497177124023438s individual

.
current test PASSED/SKIPPED -- test_freed_allocations_from_different_locations_are_not_aggregated in /home/kaiyaok2/PythonProjects/memray/tests/unit/test_allocation_lifetime_aggregator.py: 513.3976085186005s cumulative, 0.0023026466369628906s individual

.
current test PASSED/SKIPPED -- test_range_freed_in_same_snapshot in /home/kaiyaok2/PythonProjects/memray/tests/unit/test_allocation_lifetime_aggregator.py: 513.3997004032135s cumulative, 0.0020918846130371094s individual

.
current test PASSED/SKIPPED -- test_allocations_made_and_freed_together_are_aggregated in /home/kaiyaok2/PythonProjects/memray/tests/unit/test_allocation_lifetime_aggregator.py: 513.4018683433533s cumulative, 0.002167940139770508s individual

.
current test PASSED/SKIPPED -- test_no_allocations_at_start in /home/kaiyaok2/PythonProjects/memray/tests/unit/test_allocation_lifetime_aggregator.py: 513.4040973186493s cumulative, 0.002228975296020508s individual

.
current test PASSED/SKIPPED -- test_multiple_snapshots_between_allocation_and_deallocation in /home/kaiyaok2/PythonProjects/memray/tests/unit/test_allocation_lifetime_aggregator.py: 513.4064748287201s cumulative, 0.0023775100708007812s individual

.
current test PASSED/SKIPPED -- test_allocation_reported_when_freed_within_different_snapshot in /home/kaiyaok2/PythonProjects/memray/tests/unit/test_allocation_lifetime_aggregator.py: 513.408682346344s cumulative, 0.002207517623901367s individual

.
current test PASSED/SKIPPED -- test_leaked_allocations_from_different_locations_are_not_aggregated in /home/kaiyaok2/PythonProjects/memray/tests/unit/test_allocation_lifetime_aggregator.py: 513.4107060432434s cumulative, 0.0020236968994140625s individual

.
current test PASSED/SKIPPED -- test_leaked_allocations_within_one_snapshot_are_aggregated in /home/kaiyaok2/PythonProjects/memray/tests/unit/test_allocation_lifetime_aggregator.py: 513.4128129482269s cumulative, 0.002106904983520508s individual

.
current test PASSED/SKIPPED -- test_split_then_leaked_range in /home/kaiyaok2/PythonProjects/memray/tests/unit/test_allocation_lifetime_aggregator.py: 513.4149851799011s cumulative, 0.002172231674194336s individual

.
current test PASSED/SKIPPED -- test_two_leaked_allocations_from_one_location in /home/kaiyaok2/PythonProjects/memray/tests/unit/test_allocation_lifetime_aggregator.py: 513.4173502922058s cumulative, 0.0023651123046875s individual

.
current test PASSED/SKIPPED -- test_range_freed_in_different_snapshot in /home/kaiyaok2/PythonProjects/memray/tests/unit/test_allocation_lifetime_aggregator.py: 513.4196667671204s cumulative, 0.0023164749145507812s individual

.
current test PASSED/SKIPPED -- test_allocation_reported_when_leaked in /home/kaiyaok2/PythonProjects/memray/tests/unit/test_allocation_lifetime_aggregator.py: 513.4219920635223s cumulative, 0.002325296401977539s individual

.
current test PASSED/SKIPPED -- test_shrunk_then_freed_range in /home/kaiyaok2/PythonProjects/memray/tests/unit/test_allocation_lifetime_aggregator.py: 513.4242882728577s cumulative, 0.0022962093353271484s individual

.
current test PASSED/SKIPPED -- test_allocations_from_same_location_and_snapshot_freed_in_different_snapshots in /home/kaiyaok2/PythonProjects/memray/tests/unit/test_allocation_lifetime_aggregator.py: 513.4266352653503s cumulative, 0.0023469924926757812s individual

.
current test PASSED/SKIPPED -- test_shrunk_then_leaked_range in /home/kaiyaok2/PythonProjects/memray/tests/unit/test_allocation_lifetime_aggregator.py: 513.4288785457611s cumulative, 0.0022432804107666016s individual

.
current test PASSED/SKIPPED -- test_allocation_not_reported_when_freed_within_same_snapshot in /home/kaiyaok2/PythonProjects/memray/tests/unit/test_allocation_lifetime_aggregator.py: 513.4310941696167s cumulative, 0.0022156238555908203s individual


integration/test_extensions.py .
current test PASSED/SKIPPED -- test_native_dlopen in /home/kaiyaok2/PythonProjects/memray/tests/integration/test_extensions.py: 518.1246445178986s cumulative, 4.69355034828186s individual


integration/test_socket.py E
current test FAILED -- test_get_is_active_after_context in /home/kaiyaok2/PythonProjects/memray/tests/integration/test_socket.py: 518.1278510093689s cumulative, 0.003206491470336914s individual

E
current test FAILED -- test_nested_context_is_diallowed in /home/kaiyaok2/PythonProjects/memray/tests/integration/test_socket.py: 518.1303369998932s cumulative, 0.002485990524291992s individual


integration/test_extensions.py .
current test PASSED/SKIPPED -- test_extension_that_uses_pygilstate_ensure in /home/kaiyaok2/PythonProjects/memray/tests/integration/test_extensions.py: 521.7121171951294s cumulative, 3.581780195236206s individual


unit/test_cli.py Writing profile results into memray-string.<MagicMock name='getpid()' id='140044856637472'>.bin
[memray] Successfully generated profile results.

You can now generate reports from the stored allocation records.
Some example commands to generate reports:

/usr/bin/python3 -m memray flamegraph memray-string.<MagicMock name='getpid()' id='140044856637472'>.bin
Writing profile results into memray-string.<MagicMock name='getpid()' id='140044856637472'>.bin
[memray] Successfully generated profile results.

You can now generate reports from the stored allocation records.
Some example commands to generate reports:

/usr/bin/python3 -m memray flamegraph memray-string.<MagicMock name='getpid()' id='140044856637472'>.bin
.
current test PASSED/SKIPPED -- test_run_cmd_is_validated in /home/kaiyaok2/PythonProjects/memray/tests/unit/test_cli.py: 521.7595069408417s cumulative, 0.04738974571228027s individual


integration/test_attach.py s
current test PASSED/SKIPPED -- test_aggregated_attach in /home/kaiyaok2/PythonProjects/memray/tests/integration/test_attach.py: 521.7721493244171s cumulative, 0.012642383575439453s individual

s
current test PASSED/SKIPPED -- test_attach_time in /home/kaiyaok2/PythonProjects/memray/tests/integration/test_attach.py: 521.7788290977478s cumulative, 0.0066797733306884766s individual

s
current test PASSED/SKIPPED -- test_basic_attach in /home/kaiyaok2/PythonProjects/memray/tests/integration/test_attach.py: 521.7893588542938s cumulative, 0.010529756546020508s individual

s
current test PASSED/SKIPPED -- test_aggregated_attach in /home/kaiyaok2/PythonProjects/memray/tests/integration/test_attach.py: 521.7958445549011s cumulative, 0.006485700607299805s individual

s
current test PASSED/SKIPPED -- test_attach_time in /home/kaiyaok2/PythonProjects/memray/tests/integration/test_attach.py: 521.8011829853058s cumulative, 0.005338430404663086s individual

s
current test PASSED/SKIPPED -- test_detach_without_attach in /home/kaiyaok2/PythonProjects/memray/tests/integration/test_attach.py: 521.8047063350677s cumulative, 0.0035233497619628906s individual

s
current test PASSED/SKIPPED -- test_detach_without_attach in /home/kaiyaok2/PythonProjects/memray/tests/integration/test_attach.py: 521.810661315918s cumulative, 0.0059549808502197266s individual

s
current test PASSED/SKIPPED -- test_basic_attach in /home/kaiyaok2/PythonProjects/memray/tests/integration/test_attach.py: 521.8162407875061s cumulative, 0.005579471588134766s individual


integration/test_main.py .
current test PASSED/SKIPPED -- test_report_detects_corrupt_input in /home/kaiyaok2/PythonProjects/memray/tests/integration/test_main.py: 522.9680659770966s cumulative, 1.151825189590454s individual

.
current test PASSED/SKIPPED -- test_report_both_temporary_allocation_arguments in /home/kaiyaok2/PythonProjects/memray/tests/integration/test_main.py: 525.0508372783661s cumulative, 2.0827713012695312s individual

.
current test PASSED/SKIPPED -- test_report_detects_corrupt_input in /home/kaiyaok2/PythonProjects/memray/tests/integration/test_main.py: 527.2275576591492s cumulative, 2.176720380783081s individual

['MEMORY_SNAPSHOT time=1705796545895 rss=887476224 heap=0', 'MEMORY_SNAPSHOT time=1705796545907 rss=887476224 heap=0', 'MEMORY_SNAPSHOT time=1705796545917 rss=887476224 heap=0', 'MEMORY_SNAPSHOT time=1705796545927 rss=887476224 heap=0', 'MEMORY_SNAPSHOT time=1705796545938 rss=887476224 heap=0', 'MEMORY_SNAPSHOT time=1705796545948 rss=887476224 heap=0', 'MEMORY_SNAPSHOT time=1705796545958 rss=887476224 heap=0', 'MEMORY_SNAPSHOT time=1705796545968 rss=887476224 heap=0', 'MEMORY_SNAPSHOT time=1705796545979 rss=887476224 heap=0', 'MEMORY_SNAPSHOT time=1705796545989 rss=887476224 heap=0', 'MEMORY_SNAPSHOT time=1705796545999 rss=887476224 heap=0', 'MEMORY_SNAPSHOT time=1705796546009 rss=887476224 heap=0', 'MEMORY_SNAPSHOT time=1705796546020 rss=887476224 heap=0', 'MEMORY_SNAPSHOT time=1705796546030 rss=887476224 heap=0', 'MEMORY_SNAPSHOT time=1705796546040 rss=887476224 heap=0', 'MEMORY_SNAPSHOT time=1705796546050 rss=887476224 heap=0', 'MEMORY_SNAPSHOT time=1705796546061 rss=887476224 heap=0', 'MEMORY_SNAPSHOT time=1705796546071 rss=887476224 heap=0', 'MEMORY_SNAPSHOT time=1705796546081 rss=887476224 heap=0', 'MEMORY_SNAPSHOT time=1705796546091 rss=887476224 heap=0', 'MEMORY_SNAPSHOT time=1705796546101 rss=887476224 heap=0', 'MEMORY_SNAPSHOT time=1705796546112 rss=887476224 heap=0', 'MEMORY_SNAPSHOT time=1705796546122 rss=887476224 heap=0', 'MEMORY_SNAPSHOT time=1705796546132 rss=887476224 heap=0', 'MEMORY_SNAPSHOT time=1705796546142 rss=887476224 heap=0', 'MEMORY_SNAPSHOT time=1705796546152 rss=887476224 heap=0', 'MEMORY_SNAPSHOT time=1705796546163 rss=887476224 heap=0', 'MEMORY_SNAPSHOT time=1705796546173 rss=887476224 heap=0', 'MEMORY_SNAPSHOT time=1705796546183 rss=887476224 heap=0', 'MEMORY_SNAPSHOT time=1705796546193 rss=887476224 heap=0', 'MEMORY_SNAPSHOT time=1705796546203 rss=887476224 heap=0', 'MEMORY_SNAPSHOT time=1705796546214 rss=887476224 heap=0', 'MEMORY_SNAPSHOT time=1705796546224 rss=887476224 heap=0', 'MEMORY_SNAPSHOT time=1705796546234 rss=887476224 heap=0', 'MEMORY_SNAPSHOT time=1705796546244 rss=887476224 heap=0', 'MEMORY_SNAPSHOT time=1705796546254 rss=887476224 heap=0', 'MEMORY_SNAPSHOT time=1705796546265 rss=887476224 heap=0', 'MEMORY_SNAPSHOT time=1705796546275 rss=887476224 heap=0', 'MEMORY_SNAPSHOT time=1705796546285 rss=887476224 heap=0', 'MEMORY_SNAPSHOT time=1705796546295 rss=887476224 heap=0', 'MEMORY_SNAPSHOT time=1705796546305 rss=887476224 heap=0', 'MEMORY_SNAPSHOT time=1705796546316 rss=887476224 heap=0', 'MEMORY_SNAPSHOT time=1705796546334 rss=887476224 heap=0', 'MEMORY_SNAPSHOT time=1705796546344 rss=887476224 heap=0', 'MEMORY_SNAPSHOT time=1705796546355 rss=887476224 heap=0', 'MEMORY_SNAPSHOT time=1705796546365 rss=887476224 heap=0', 'MEMORY_SNAPSHOT time=1705796546376 rss=887476224 heap=0', 'MEMORY_SNAPSHOT time=1705796546386 rss=887476224 heap=0', 'MEMORY_SNAPSHOT time=1705796546396 rss=887476224 heap=0', 'MEMORY_SNAPSHOT time=1705796546407 rss=887476224 heap=0', 'MEMORY_SNAPSHOT time=1705796546417 rss=887476224 heap=0', 'MEMORY_SNAPSHOT time=1705796546427 rss=887476224 heap=0', 'MEMORY_SNAPSHOT time=1705796546438 rss=887476224 heap=0', 'MEMORY_SNAPSHOT time=1705796546448 rss=887476224 heap=0', 'MEMORY_SNAPSHOT time=1705796546458 rss=887476224 heap=0', 'MEMORY_SNAPSHOT time=1705796546468 rss=887476224 heap=0', 'MEMORY_SNAPSHOT time=1705796546478 rss=887476224 heap=0', 'MEMORY_SNAPSHOT time=1705796546489 rss=887476224 heap=0', 'MEMORY_SNAPSHOT time=1705796546499 rss=887476224 heap=0', 'MEMORY_SNAPSHOT time=1705796546509 rss=887476224 heap=0', 'MEMORY_SNAPSHOT time=1705796546519 rss=887476224 heap=0', 'MEMORY_SNAPSHOT time=1705796546530 rss=887476224 heap=0', 'MEMORY_SNAPSHOT time=1705796546540 rss=887476224 heap=0', 'MEMORY_SNAPSHOT time=1705796546550 rss=887476224 heap=0', 'MEMORY_SNAPSHOT time=1705796546560 rss=887476224 heap=0', 'MEMORY_SNAPSHOT time=1705796546570 rss=887476224 heap=0', 'MEMORY_SNAPSHOT time=1705796546581 rss=887476224 heap=0', 'MEMORY_SNAPSHOT time=1705796546591 rss=887476224 heap=0', 'MEMORY_SNAPSHOT time=1705796546601 rss=887476224 heap=0', 'MEMORY_SNAPSHOT time=1705796546611 rss=887476224 heap=0', 'MEMORY_SNAPSHOT time=1705796546622 rss=887476224 heap=0', 'MEMORY_SNAPSHOT time=1705796546632 rss=887476224 heap=0', 'MEMORY_SNAPSHOT time=1705796546642 rss=887476224 heap=0', 'MEMORY_SNAPSHOT time=1705796546652 rss=887476224 heap=0', 'MEMORY_SNAPSHOT time=1705796546663 rss=887476224 heap=0', 'MEMORY_SNAPSHOT time=1705796546673 rss=887476224 heap=0', 'MEMORY_SNAPSHOT time=1705796546683 rss=887476224 heap=0', 'MEMORY_SNAPSHOT time=1705796546693 rss=887476224 heap=0', 'MEMORY_SNAPSHOT time=1705796546703 rss=887476224 heap=0', 'MEMORY_SNAPSHOT time=1705796546714 rss=887476224 heap=0', 'MEMORY_SNAPSHOT time=1705796546724 rss=887476224 heap=0', 'MEMORY_SNAPSHOT time=1705796546734 rss=887476224 heap=0', 'MEMORY_SNAPSHOT time=1705796546744 rss=887476224 heap=0', 'MEMORY_SNAPSHOT time=1705796546754 rss=887476224 heap=0', 'MEMORY_SNAPSHOT time=1705796546765 rss=887476224 heap=0', 'MEMORY_SNAPSHOT time=1705796546775 rss=887476224 heap=0', 'MEMORY_SNAPSHOT time=1705796546785 rss=887476224 heap=0', 'MEMORY_SNAPSHOT time=1705796546795 rss=887476224 heap=0', 'MEMORY_SNAPSHOT time=1705796546805 rss=887476224 heap=0', 'MEMORY_SNAPSHOT time=1705796546816 rss=887476224 heap=0', 'MEMORY_SNAPSHOT time=1705796546826 rss=887476224 heap=0', 'MEMORY_SNAPSHOT time=1705796546836 rss=887476224 heap=0', 'MEMORY_SNAPSHOT time=1705796546846 rss=887476224 heap=0', 'MEMORY_SNAPSHOT time=1705796546856 rss=887476224 heap=0', 'CONTEXT_SWITCH tid=1', 'THREAD_RECORD main', 'MEMORY_MAP_START', 'SEGMENT_HEADER filename=/usr/bin/python3.10 num_segments=4 addr=0x55e252a25000', 'SEGMENT (nil) 6c228', 'SEGMENT 0x6d000 2af2fd', 'SEGMENT 0x31d000 23e548', 'SEGMENT 0x55c830 8b6a8', 'SEGMENT_HEADER filename=/lib/x86_64-linux-gnu/libm.so.6 num_segments=4 addr=0x7f5ed2de4000', 'SEGMENT (nil) d2e0', 'SEGMENT 0xe000 7b8d5', 'SEGMENT 0x8a000 5a7e4', 'SEGMENT 0xe5d80 388', 'SEGMENT_HEADER filename=/lib/x86_64-linux-gnu/libexpat.so.1 num_segments=4 addr=0x7f5ed2db3000', 'SEGMENT (nil) 3288', 'SEGMENT 0x4000 1e5b5', 'SEGMENT 0x23000 9c0c', 'SEGMENT 0x2e590 1b28', 'SEGMENT_HEADER filename=/lib/x86_64-linux-gnu/libz.so.1 num_segments=4 addr=0x7f5ed2d97000', 'SEGMENT (nil) 1f38', 'SEGMENT 0x2000 10c21', 'SEGMENT 0x13000 5e74', 'SEGMENT 0x1ac90 428', 'SEGMENT_HEADER filename=/lib/x86_64-linux-gnu/libc.so.6 num_segments=4 addr=0x7f5ed2b6e000', 'SEGMENT (nil) 27fe0', 'SEGMENT 0x28000 194341', 'SEGMENT 0x1bd000 57924', 'SEGMENT 0x2168f0 12560', 'SEGMENT_HEADER filename=/lib64/ld-linux-x86-64.so.2 num_segments=4 addr=0x7f5ed2ed4000', 'SEGMENT (nil) 1b50', 'SEGMENT 0x2000 29315', 'SEGMENT 0x2c000 af34', 'SEGMENT 0x38620 2cb8', 'SEGMENT_HEADER filename=/usr/lib/python3.10/lib-dynload/_opcode.cpython-310-x86_64-linux-gnu.so num_segments=4 addr=0x7f5ed261c000', 'SEGMENT (nil) 8d8', 'SEGMENT 0x1000 43d', 'SEGMENT 0x2000 2a4', 'SEGMENT 0x3e10 360', 'SEGMENT_HEADER filename=/usr/lib/python3.10/lib-dynload/_bz2.cpython-310-x86_64-linux-gnu.so num_segments=4 addr=0x7f5ed2613000', 'SEGMENT (nil) 1618', 'SEGMENT 0x2000 2219', 'SEGMENT 0x5000 128c', 'SEGMENT 0x7db0 748', 'SEGMENT_HEADER filename=/lib/x86_64-linux-gnu/libbz2.so.1.0 num_segments=4 addr=0x7f5ed22a0000', 'SEGMENT (nil) 1248', 'SEGMENT 0x2000 c571', 'SEGMENT 0xf000 15e8', 'SEGMENT 0x11c90 f98', 'SEGMENT_HEADER filename=/usr/lib/python3.10/lib-dynload/_lzma.cpython-310-x86_64-linux-gnu.so num_segments=4 addr=0x7f5ed2607000', 'SEGMENT (nil) 2208', 'SEGMENT 0x3000 38f1', 'SEGMENT 0x7000 243c', 'SEGMENT 0xad70 ac8', 'SEGMENT_HEADER filename=/lib/x86_64-linux-gnu/liblzma.so.5 num_segments=4 addr=0x7f5ed2275000', 'SEGMENT (nil) 27b0', 'SEGMENT 0x3000 1a0ed', 'SEGMENT 0x1e000 a84c', 'SEGMENT 0x29ab0 658', 'SEGMENT_HEADER filename=/usr/lib/python3.10/lib-dynload/_uuid.cpython-310-x86_64-linux-gnu.so num_segments=4 addr=0x7f5ed2602000', 'SEGMENT (nil) 738', 'SEGMENT 0x1000 239', 'SEGMENT 0x2000 12c', 'SEGMENT 0x3e00 330', 'SEGMENT_HEADER filename=/lib/x86_64-linux-gnu/libuuid.so.1 num_segments=4 addr=0x7f5ed2065000', 'SEGMENT (nil) 1450', 'SEGMENT 0x2000 3d76', 'SEGMENT 0x6000 880', 'SEGMENT 0x7c70 3b8', 'SEGMENT_HEADER filename=/usr/lib/python3.10/lib-dynload/_json.cpython-310-x86_64-linux-gnu.so num_segments=4 addr=0x7f5ed23ef000', 'SEGMENT (nil) 1f30', 'SEGMENT 0x2000 6695', 'SEGMENT 0x9000 1454', 'SEGMENT 0xbdf8 a78', 'SEGMENT_HEADER filename=/usr/lib/python3.10/lib-dynload/_decimal.cpython-310-x86_64-linux-gnu.so num_segments=4 addr=0x7f5ed23c2000', 'SEGMENT (nil) 74f8', 'SEGMENT 0x8000 140d1', 'SEGMENT 0x1d000 b130', 'SEGMENT 0x29d18 2d38', 'SEGMENT_HEADER filename=/lib/x86_64-linux-gnu/libmpdec.so.3 num_segments=4 addr=0x7f5ed1da5000', 'SEGMENT (nil) 4f80', 'SEGMENT 0x5000 203f5', 'SEGMENT 0x26000 690c', 'SEGMENT 0x2dc10 618', 'SEGMENT_HEADER filename=/usr/lib/python3.10/lib-dynload/_hashlib.cpython-310-x86_64-linux-gnu.so num_segments=4 addr=0x7f5ed1a94000', 'SEGMENT (nil) 3998', 'SEGMENT 0x4000 5fd9', 'SEGMENT 0xa000 3708', 'SEGMENT 0xe7f0 1880', 'SEGMENT_HEADER filename=/lib/x86_64-linux-gnu/libcrypto.so.3 num_segments=4 addr=0x7f5ed1651000', 'SEGMENT (nil) b1c28', 'SEGMENT 0xb2000 25de31', 'SEGMENT 0x310000 d1770', 'SEGMENT 0x3e2ff0 5f4d0', 'SEGMENT_HEADER filename=/usr/lib/python3.10/lib-dynload/_sqlite3.cpython-310-x86_64-linux-gnu.so num_segments=4 addr=0x7f5ed1635000', 'SEGMENT (nil) 55e8', 'SEGMENT 0x6000 d155', 'SEGMENT 0x14000 49a4', 'SEGMENT 0x19bd0 1d78', 'SEGMENT_HEADER filename=/lib/x86_64-linux-gnu/libsqlite3.so.0 num_segments=4 addr=0x7f5ed14e8000', 'SEGMENT (nil) 1d7d8', 'SEGMENT 0x1e000 eb4dd', 'SEGMENT 0x10a000 3a3ec', 'SEGMENT 0x145ed0 6ae8', 'SEGMENT_HEADER filename=/home/kaiyaok2/.local/lib/python3.10/site-packages/coverage/tracer.cpython-310-x86_64-linux-gnu.so num_segments=4 addr=0x7f5ed23bb000', 'SEGMENT (nil) 1970', 'SEGMENT 0x2000 19c1', 'SEGMENT 0x4000 8a4', 'SEGMENT 0x5d50 c18', 'SEGMENT_HEADER filename=/lib/x86_64-linux-gnu/libpthread.so.0 num_segments=4 addr=0x7f5ed25fd000', 'SEGMENT (nil) aa8', 'SEGMENT 0x1000 115', 'SEGMENT 0x2000 188', 'SEGMENT 0x3e00 228', 'SEGMENT_HEADER filename=/home/kaiyaok2/.local/lib/python3.10/site-packages/numpy/core/_multiarray_umath.cpython-310-x86_64-linux-gnu.so num_segments=6 addr=0x7f5ed0e71000', 'SEGMENT (nil) 27f28', 'SEGMENT 0x28000 3f9045', 'SEGMENT 0x422000 107608', 'SEGMENT 0x52b2f0 43d18', 'SEGMENT 0x570000 38e0', 'SEGMENT 0x574000 2ff0', 'SEGMENT_HEADER filename=/home/kaiyaok2/.local/lib/python3.10/site-packages/numpy/core/../../numpy.libs/libopenblas64_p-r0-742d56dc.3.20.so num_segments=4 addr=0x7f5ecee00000', 'SEGMENT (nil) 1d98558', 'SEGMENT 0x1f98700 2af28', 'SEGMENT 0x1fc4000 5d188', 'SEGMENT 0x2022000 43938', 'SEGMENT_HEADER filename=/home/kaiyaok2/.local/lib/python3.10/site-packages/numpy/core/../../numpy.libs/libgfortran-040039e1.so.5.0.0 num_segments=4 addr=0x7f5ece800000', 'SEGMENT (nil) 2752ec', 'SEGMENT 0x475310 2160', 'SEGMENT 0x478000 b5f0', 'SEGMENT 0x484000 8c70', 'SEGMENT_HEADER filename=/home/kaiyaok2/.local/lib/python3.10/site-packages/numpy/core/../../numpy.libs/libquadmath-96973f99.so.0.0.0 num_segments=3 addr=0x7f5ece400000', 'SEGMENT (nil) 3a4cc', 'SEGMENT 0x23ada0 6f0', 'SEGMENT 0x23c000 738', 'SEGMENT_HEADER filename=/lib/x86_64-linux-gnu/libgcc_s.so.1 num_segments=4 addr=0x7f5ecede0000', 'SEGMENT (nil) 2d08', 'SEGMENT 0x3000 16815', 'SEGMENT 0x1a000 32c4', 'SEGMENT 0x1edc8 520', 'SEGMENT_HEADER filename=/home/kaiyaok2/.local/lib/python3.10/site-packages/numpy/core/_multiarray_tests.cpython-310-x86_64-linux-gnu.so num_segments=4 addr=0x7f5ececb7000', 'SEGMENT (nil) 7f60', 'SEGMENT 0x8000 165c5', 'SEGMENT 0x1f000 5fc8', 'SEGMENT 0x26d50 18a0', 'SEGMENT_HEADER filename=/usr/lib/python3.10/lib-dynload/_ctypes.cpython-310-x86_64-linux-gnu.so num_segments=4 addr=0x7f5ecec96000', 'SEGMENT (nil) 5ee0', 'SEGMENT 0x6000 fbb9', 'SEGMENT 0x16000 585c', 'SEGMENT 0x1cd58 3ec8', 'SEGMENT_HEADER filename=/lib/x86_64-linux-gnu/libffi.so.8 num_segments=4 addr=0x7f5ece6f3000', 'SEGMENT (nil) 1880', 'SEGMENT 0x2000 63a1', 'SEGMENT 0x9000 fc8', 'SEGMENT 0xbc90 9a0', 'SEGMENT_HEADER filename=/home/kaiyaok2/.local/lib/python3.10/site-packages/numpy/linalg/_umath_linalg.cpython-310-x86_64-linux-gnu.so num_segments=6 addr=0x7f5ed202f000', 'SEGMENT (nil) 7da0', 'SEGMENT 0x8000 20955', 'SEGMENT 0x29000 56f8', 'SEGMENT 0x2fd18 1538', 'SEGMENT 0x32000 1e18', 'SEGMENT 0x34000 1660', 'SEGMENT_HEADER filename=/home/kaiyaok2/.local/lib/python3.10/site-packages/numpy/fft/_pocketfft_internal.cpython-310-x86_64-linux-gnu.so num_segments=4 addr=0x7f5ed2017000', 'SEGMENT (nil) b20', 'SEGMENT 0x1000 12a09', 'SEGMENT 0x14000 145c', 'SEGMENT 0x16dd8 3b8', 'SEGMENT_HEADER filename=/home/kaiyaok2/.local/lib/python3.10/site-packages/numpy/random/mtrand.cpython-310-x86_64-linux-gnu.so num_segments=4 addr=0x7f5ece63f000', 'SEGMENT (nil) e348', 'SEGMENT 0xf000 4c6e5', 'SEGMENT 0x5c000 2d798', 'SEGMENT 0x8abf8 28690', 'SEGMENT_HEADER filename=/home/kaiyaok2/.local/lib/python3.10/site-packages/numpy/random/bit_generator.cpython-310-x86_64-linux-gnu.so num_segments=4 addr=0x7f5ed1fe8000', 'SEGMENT (nil) 5b40', 'SEGMENT 0x6000 1a759', 'SEGMENT 0x21000 722c', 'SEGMENT 0x29ce0 4f88', 'SEGMENT_HEADER filename=/home/kaiyaok2/.local/lib/python3.10/site-packages/numpy/random/_common.cpython-310-x86_64-linux-gnu.so num_segments=4 addr=0x7f5e94968000', 'SEGMENT (nil) 4870', 'SEGMENT 0x5000 322e1', 'SEGMENT 0x38000 3aec', 'SEGMENT 0x3ccc8 2dc0', 'SEGMENT_HEADER filename=/home/kaiyaok2/.local/lib/python3.10/site-packages/numpy/random/_bounded_integers.cpython-310-x86_64-linux-gnu.so num_segments=4 addr=0x7f5e9490c000', 'SEGMENT (nil) 72c0', 'SEGMENT 0x8000 45995', 'SEGMENT 0x4e000 9570', 'SEGMENT 0x58d28 25c8', 'SEGMENT_HEADER filename=/home/kaiyaok2/.local/lib/python3.10/site-packages/numpy/random/_mt19937.cpython-310-x86_64-linux-gnu.so num_segments=4 addr=0x7f5e948f2000', 'SEGMENT (nil) 3420', 'SEGMENT 0x4000 da8d', 'SEGMENT 0x12000 3f34', 'SEGMENT 0x17d10 1f98', 'SEGMENT_HEADER filename=/home/kaiyaok2/.local/lib/python3.10/site-packages/numpy/random/_philox.cpython-310-x86_64-linux-gnu.so num_segments=4 addr=0x7f5e948dc000', 'SEGMENT (nil) 2f78', 'SEGMENT 0x3000 b519', 'SEGMENT 0xf000 2ec4', 'SEGMENT 0x13d20 1ca8', 'SEGMENT_HEADER filename=/home/kaiyaok2/.local/lib/python3.10/site-packages/numpy/random/_pcg64.cpython-310-x86_64-linux-gnu.so num_segments=4 addr=0x7f5e948c2000', 'SEGMENT (nil) 30f0', 'SEGMENT 0x4000 d965', 'SEGMENT 0x12000 34e8', 'SEGMENT 0x16d30 26d8', 'SEGMENT_HEADER filename=/home/kaiyaok2/.local/lib/python3.10/site-packages/numpy/random/_sfc64.cpython-310-x86_64-linux-gnu.so num_segments=4 addr=0x7f5ed1fd9000', 'SEGMENT (nil) 29c8', 'SEGMENT 0x3000 6595', 'SEGMENT 0xa000 1d68', 'SEGMENT 0xdd40 11d8', 'SEGMENT_HEADER filename=/home/kaiyaok2/.local/lib/python3.10/site-packages/numpy/random/_generator.cpython-310-x86_64-linux-gnu.so num_segments=4 addr=0x7f5e946df000', 'SEGMENT (nil) f628', 'SEGMENT 0x10000 75225', 'SEGMENT 0x86000 31cd0', 'SEGMENT 0xb9b80 28c68', 'SEGMENT_HEADER filename=/usr/lib/python3.10/lib-dynload/_ssl.cpython-310-x86_64-linux-gnu.so num_segments=4 addr=0x7f5e946a8000', 'SEGMENT (nil) 11d98', 'SEGMENT 0x12000 c071', 'SEGMENT 0x1f000 dc00', 'SEGMENT 0x2dc30 8b28', 'SEGMENT_HEADER filename=/lib/x86_64-linux-gnu/libssl.so.3 num_segments=4 addr=0x7f5e94604000', 'SEGMENT (nil) 1d418', 'SEGMENT 0x1e000 5aeed', 'SEGMENT 0x79000 1c1c0', 'SEGMENT 0x96eb0 c940', 'SEGMENT_HEADER filename=/usr/lib/python3.10/lib-dynload/_contextvars.cpython-310-x86_64-linux-gnu.so num_segments=4 addr=0x7f5ed23b6000', 'SEGMENT (nil) 708', 'SEGMENT 0x1000 1e5', 'SEGMENT 0x2000 160', 'SEGMENT 0x3e38 2f8', 'SEGMENT_HEADER filename=/usr/lib/python3.10/lib-dynload/_asyncio.cpython-310-x86_64-linux-gnu.so num_segments=4 addr=0x7f5e944f0000', 'SEGMENT (nil) 3b38', 'SEGMENT 0x4000 76f9', 'SEGMENT 0xc000 3e74', 'SEGMENT 0x11c90 1eb0', 'SEGMENT_HEADER filename=/usr/lib/python3.10/lib-dynload/_queue.cpython-310-x86_64-linux-gnu.so num_segments=4 addr=0x7f5ed206e000', 'SEGMENT (nil) 1348', 'SEGMENT 0x2000 1259', 'SEGMENT 0x4000 c40', 'SEGMENT 0x5db0 6e0', 'SEGMENT_HEADER filename=/home/kaiyaok2/.local/lib/python3.10/site-packages/rpds/rpds.cpython-310-x86_64-linux-gnu.so num_segments=4 addr=0x7f5e93f3d000', 'SEGMENT (nil) aea0', 'SEGMENT 0xb000 7e9a9', 'SEGMENT 0x8a000 20a54', 'SEGMENT 0xabbd8 6b08', 'SEGMENT_HEADER filename=/lib/x86_64-linux-gnu/librt.so.1 num_segments=4 addr=0x7f5ed1fd4000', 'SEGMENT (nil) 808', 'SEGMENT 0x1000 285', 'SEGMENT 0x2000 274', 'SEGMENT 0x3dc0 278', 'SEGMENT_HEADER filename=/lib/x86_64-linux-gnu/libdl.so.2 num_segments=4 addr=0x7f5ecec91000', 'SEGMENT (nil) 678', 'SEGMENT 0x1000 115', 'SEGMENT 0x2000 110', 'SEGMENT 0x3e00 228', 'SEGMENT_HEADER filename=/home/kaiyaok2/.local/lib/python3.10/site-packages/zmq/backend/cython/_device.cpython-310-x86_64-linux-gnu.so num_segments=6 addr=0x7f5e93c2b000', 'SEGMENT (nil) 29d8', 'SEGMENT 0x3000 61e5', 'SEGMENT 0xa000 17c8', 'SEGMENT 0xcd40 14a8', 'SEGMENT 0xf000 1198', 'SEGMENT 0x11000 9c0', 'SEGMENT_HEADER filename=/home/kaiyaok2/.local/lib/python3.10/site-packages/zmq/backend/cython/../../../pyzmq.libs/libzmq-fc4fcd2d.so.5.2.4 num_segments=6 addr=0x7f5e93b37000', 'SEGMENT (nil) 17d18', 'SEGMENT 0x18000 92779', 'SEGMENT 0xab000 3aef4', 'SEGMENT 0xe7c80 7ca0', 'SEGMENT 0xf0000 1c90', 'SEGMENT 0xf2000 1a10', 'SEGMENT_HEADER filename=/home/kaiyaok2/.local/lib/python3.10/site-packages/zmq/backend/cython/../../../pyzmq.libs/libsodium-a0cd10d3.so.23.3.0 num_segments=5 addr=0x7f5e93a0c000', 'SEGMENT (nil) be90', 'SEGMENT 0xc000 1001c9', 'SEGMENT 0x10d000 13aa0', 'SEGMENT 0x122798 c78', 'SEGMENT 0x124000 6260', 'SEGMENT_HEADER filename=/lib/x86_64-linux-gnu/libstdc++.so.6 num_segments=4 addr=0x7f5e937e0000', 'SEGMENT (nil) 99140', 'SEGMENT 0x9a000 110fd1', 'SEGMENT 0x1ab000 6e882', 'SEGMENT 0x21b880 10040', 'SEGMENT_HEADER filename=/home/kaiyaok2/.local/lib/python3.10/site-packages/zmq/backend/cython/context.cpython-310-x86_64-linux-gnu.so num_segments=6 addr=0x7f5e937ca000', 'SEGMENT (nil) 3580', 'SEGMENT 0x4000 8195', 'SEGMENT 0xd000 2144', 'SEGMENT 0x10d28 1ef8', 'SEGMENT 0x13000 1440', 'SEGMENT 0x15000 ae0', 'SEGMENT_HEADER filename=/home/kaiyaok2/.local/lib/python3.10/site-packages/zmq/backend/cython/socket.cpython-310-x86_64-linux-gnu.so num_segments=6 addr=0x7f5e9379f000', 'SEGMENT (nil) 5710', 'SEGMENT 0x6000 17271', 'SEGMENT 0x1e000 3a90', 'SEGMENT 0x22d00 4f40', 'SEGMENT 0x28000 19d0', 'SEGMENT 0x2a000 d28', 'SEGMENT_HEADER filename=/home/kaiyaok2/.local/lib/python3.10/site-packages/zmq/backend/cython/message.cpython-310-x86_64-linux-gnu.so num_segments=6 addr=0x7f5e93782000', 'SEGMENT (nil) 4b30', 'SEGMENT 0x5000 d7a1', 'SEGMENT 0x13000 2c2c', 'SEGMENT 0x16ce8 2c40', 'SEGMENT 0x1a000 cb0', 'SEGMENT 0x1b000 1dd8', 'SEGMENT_HEADER filename=/home/kaiyaok2/.local/lib/python3.10/site-packages/zmq/backend/cython/_poll.cpython-310-x86_64-linux-gnu.so num_segments=6 addr=0x7f5e9376c000', 'SEGMENT (nil) 3188', 'SEGMENT 0x4000 99b1', 'SEGMENT 0xe000 1c94', 'SEGMENT 0x10d18 18b0', 'SEGMENT 0x13000 1400', 'SEGMENT 0x15000 aa8', 'SEGMENT_HEADER filename=/home/kaiyaok2/.local/lib/python3.10/site-packages/zmq/backend/cython/_proxy_steerable.cpython-310-x86_64-linux-gnu.so num_segments=6 addr=0x7f5e9375b000', 'SEGMENT (nil) 2828', 'SEGMENT 0x3000 531d', 'SEGMENT 0x9000 1540', 'SEGMENT 0xbd58 1300', 'SEGMENT 0xe000 10e8', 'SEGMENT 0x10000 980', 'SEGMENT_HEADER filename=/home/kaiyaok2/.local/lib/python3.10/site-packages/zmq/backend/cython/_version.cpython-310-x86_64-linux-gnu.so num_segments=6 addr=0x7f5ed0e67000', 'SEGMENT (nil) 1f68', 'SEGMENT 0x2000 25c9', 'SEGMENT 0x5000 d78', 'SEGMENT 0x6d80 e08', 'SEGMENT 0x8000 ce8', 'SEGMENT 0x9000 7b0', 'SEGMENT_HEADER filename=/home/kaiyaok2/.local/lib/python3.10/site-packages/zmq/backend/cython/error.cpython-310-x86_64-linux-gnu.so num_segments=6 addr=0x7f5e9374f000', 'SEGMENT (nil) 2170', 'SEGMENT 0x3000 2e99', 'SEGMENT 0x6000 fa0', 'SEGMENT 0x8d68 ed8', 'SEGMENT 0xa000 df8', 'SEGMENT 0xb000 810', 'SEGMENT_HEADER filename=/home/kaiyaok2/.local/lib/python3.10/site-packages/zmq/backend/cython/utils.cpython-310-x86_64-linux-gnu.so num_segments=6 addr=0x7f5e93740000', 'SEGMENT (nil) 2790', 'SEGMENT 0x3000 44b1', 'SEGMENT 0x8000 1220', 'SEGMENT 0xad50 1568', 'SEGMENT 0xd000 fe0', 'SEGMENT 0xe000 8f0', 'SEGMENT_HEADER filename=/home/kaiyaok2/.local/lib/python3.10/site-packages/tornado/speedups.abi3.so num_segments=4 addr=0x7f5e9363b000', 'SEGMENT (nil) 688', 'SEGMENT 0x1000 28d', 'SEGMENT 0x2000 d4', 'SEGMENT 0x3df8 330', 'SEGMENT_HEADER filename=/usr/lib/python3.10/lib-dynload/_curses.cpython-310-x86_64-linux-gnu.so num_segments=4 addr=0x7f5e9361b000', 'SEGMENT (nil) 66c8', 'SEGMENT 0x7000 a079', 'SEGMENT 0x12000 a3c4', 'SEGMENT 0x1dd50 2258', 'SEGMENT_HEADER filename=/lib/x86_64-linux-gnu/libncursesw.so.6 num_segments=4 addr=0x7f5e935d8000', 'SEGMENT (nil) 7f00', 'SEGMENT 0x8000 28639', 'SEGMENT 0x31000 7978', 'SEGMENT 0x3a8d8 8e8', 'SEGMENT_HEADER filename=/lib/x86_64-linux-gnu/libtinfo.so.6 num_segments=4 addr=0x7f5e935a6000', 'SEGMENT (nil) d610', 'SEGMENT 0xe000 101a9', 'SEGMENT 0x1f000 d690', 'SEGMENT 0x2db90 3d90', 'SEGMENT_HEADER filename=/usr/lib/python3.10/lib-dynload/termios.cpython-310-x86_64-linux-gnu.so num_segments=4 addr=0x7f5e9349d000', 'SEGMENT (nil) 27c0', 'SEGMENT 0x3000 ee9', 'SEGMENT 0x4000 148c', 'SEGMENT 0x6e00 1410', 'SEGMENT_HEADER filename=/usr/lib/python3.10/lib-dynload/resource.cpython-310-x86_64-linux-gnu.so num_segments=4 addr=0x7f5e93615000', 'SEGMENT (nil) 1230', 'SEGMENT 0x2000 e79', 'SEGMENT 0x3000 a0c', 'SEGMENT 0x4df0 5c0', 'SEGMENT_HEADER filename=/usr/lib/python3.10/lib-dynload/_lsprof.cpython-310-x86_64-linux-gnu.so num_segments=4 addr=0x7f5e94ae0000', 'SEGMENT (nil) 14f8', 'SEGMENT 0x2000 29a1', 'SEGMENT 0x5000 1160', 'SEGMENT 0x7e28 6c0', 'SEGMENT_HEADER filename=/home/kaiyaok2/.local/lib/python3.10/site-packages/debugpy/_vendored/pydevd/_pydevd_bundle/pydevd_cython.cpython-310-x86_64-linux-gnu.so num_segments=4 addr=0x7f5e92589000', 'SEGMENT (nil) 7ef8', 'SEGMENT 0x8000 7904d', 'SEGMENT 0x82000 8bb0', 'SEGMENT 0x8bc90 6880', 'SEGMENT_HEADER filename=/home/kaiyaok2/.local/lib/python3.10/site-packages/markupsafe/_speedups.cpython-310-x86_64-linux-gnu.so num_segments=4 addr=0x7f5e94adb000', 'SEGMENT (nil) a80', 'SEGMENT 0x1000 d05', 'SEGMENT 0x2000 7c8', 'SEGMENT 0x3dd8 3e0', 'SEGMENT_HEADER filename=/home/kaiyaok2/.local/lib/python3.10/site-packages/PyQt5/QtCore.abi3.so num_segments=2 addr=0x7f5e91b6f000', 'SEGMENT (nil) 2c9a4c', 'SEGMENT 0x2ca948 4ee08', 'SEGMENT_HEADER filename=/home/kaiyaok2/.local/lib/python3.10/site-packages/PyQt5/Qt5/lib/libQt5Core.so.5 num_segments=2 addr=0x7f5e91200000', 'SEGMENT (nil) 5e3d78', 'SEGMENT 0x7e4600 11928', 'SEGMENT_HEADER filename=/home/kaiyaok2/.local/lib/python3.10/site-packages/PyQt5/Qt5/lib/libicui18n.so.56 num_segments=2 addr=0x7f5e90c00000', 'SEGMENT (nil) 288128', 'SEGMENT 0x488ae0 f670', 'SEGMENT_HEADER filename=/home/kaiyaok2/.local/lib/python3.10/site-packages/PyQt5/Qt5/lib/libicuuc.so.56 num_segments=2 addr=0x7f5e90800000', 'SEGMENT (nil) 1a4db5', 'SEGMENT 0x3a50a8 12c18', 'SEGMENT_HEADER filename=/home/kaiyaok2/.local/lib/python3.10/site-packages/PyQt5/Qt5/lib/libicudata.so.56 num_segments=2 addr=0x7f5e8ee00000', 'SEGMENT (nil) 17e2ab0', 'SEGMENT 0x19e2f10 f0', 'SEGMENT_HEADER filename=/lib/x86_64-linux-gnu/libgthread-2.0.so.0 num_segments=4 addr=0x7f5e94acf000', 'SEGMENT (nil) 5f8', 'SEGMENT 0x1000 1d1', 'SEGMENT 0x2000 1c0', 'SEGMENT 0x3d98 278', 'SEGMENT_HEADER filename=/lib/x86_64-linux-gnu/libglib-2.0.so.0 num_segments=4 addr=0x7f5e91a35000', 'SEGMENT (nil) 1c5d0', 'SEGMENT 0x1d000 8ef31', 'SEGMENT 0xac000 897c0', 'SEGMENT 0x137428 1eb0', 'SEGMENT_HEADER filename=/lib/x86_64-linux-gnu/libpcre.so.3 num_segments=4 addr=0x7f5e9118a000', 'SEGMENT (nil) 1350', 'SEGMENT 0x2000 545bd', 'SEGMENT 0x57000 1c66c', 'SEGMENT 0x74bf0 520', 'SEGMENT_HEADER filename=/home/kaiyaok2/.local/lib/python3.10/site-packages/PyQt5/sip.cpython-310-x86_64-linux-gnu.so num_segments=2 addr=0x7f5e91a0c000', 'SEGMENT (nil) 24c88', 'SEGMENT 0x257b0 28a0', 'SEGMENT_HEADER filename=/home/kaiyaok2/.local/lib/python3.10/site-packages/PyQt5/QtGui.abi3.so num_segments=2 addr=0x7f5e8eaac000', 'SEGMENT (nil) 2f331c', 'SEGMENT 0x2f4d88 5eec8', 'SEGMENT_HEADER filename=/home/kaiyaok2/.local/lib/python3.10/site-packages/PyQt5/Qt5/lib/libQt5Gui.so.5 num_segments=2 addr=0x7f5e8e000000', 'SEGMENT (nil) 70fa1c', 'SEGMENT 0x90fbb8 211b0', 'SEGMENT_HEADER filename=/lib/x86_64-linux-gnu/libGL.so.1 num_segments=4 addr=0x7f5e91103000', 'SEGMENT (nil) 429e8', 'SEGMENT 0x43000 1e00d', 'SEGMENT 0x62000 14438', 'SEGMENT 0x77ce0 ec30', 'SEGMENT_HEADER filename=/lib/x86_64-linux-gnu/libGLdispatch.so.0 num_segments=4 addr=0x7f5e8e9f4000', 'SEGMENT (nil) 3ffa0', 'SEGMENT 0x40000 3e00d', 'SEGMENT 0x7f000 12c60', 'SEGMENT 0x934e0 23e58', 'SEGMENT_HEADER filename=/lib/x86_64-linux-gnu/libGLX.so.0 num_segments=4 addr=0x7f5e910cf000', 'SEGMENT (nil) 2898', 'SEGMENT 0x3000 1a08d', 'SEGMENT 0x1e000 2a90', 'SEGMENT 0x22900 10c88', 'SEGMENT_HEADER filename=/lib/x86_64-linux-gnu/libX11.so.6 num_segments=4 addr=0x7f5e8dec0000', 'SEGMENT (nil) 18038', 'SEGMENT 0x19000 8b6dd', 'SEGMENT 0xa5000 943e8', 'SEGMENT 0x13b1b0 4b80', 'SEGMENT_HEADER filename=/lib/x86_64-linux-gnu/libxcb.so.1 num_segments=4 addr=0x7f5e910a5000', 'SEGMENT (nil) af08', 'SEGMENT 0xb000 1366d', 'SEGMENT 0x1f000 85c0', 'SEGMENT 0x28cc0 5c8', 'SEGMENT_HEADER filename=/lib/x86_64-linux-gnu/libXau.so.6 num_segments=4 addr=0x7f5e94ac9000', 'SEGMENT (nil) c30', 'SEGMENT 0x1000 10a1', 'SEGMENT 0x3000 428', 'SEGMENT 0x4e00 308', 'SEGMENT_HEADER filename=/lib/x86_64-linux-gnu/libXdmcp.so.6 num_segments=4 addr=0x7f5e94ac1000', 'SEGMENT (nil) 1030', 'SEGMENT 0x2000 1975', 'SEGMENT 0x4000 19b0', 'SEGMENT 0x6df0 290', 'SEGMENT_HEADER filename=/lib/x86_64-linux-gnu/libbsd.so.0 num_segments=4 addr=0x7f5e94aa9000', 'SEGMENT (nil) 3ba8', 'SEGMENT 0x4000 c235', 'SEGMENT 0x11000 2eac', 'SEGMENT 0x15960 1780', 'SEGMENT_HEADER filename=/lib/x86_64-linux-gnu/libmd.so.0 num_segments=4 addr=0x7f5e919ff000', 'SEGMENT (nil) 15c8', 'SEGMENT 0x2000 6749', 'SEGMENT 0x9000 16c0', 'SEGMENT 0xbcd0 418', 'SEGMENT_HEADER filename=/home/kaiyaok2/.local/lib/python3.10/site-packages/PyQt5/QtTest.abi3.so num_segments=2 addr=0x7f5e90be8000', 'SEGMENT (nil) 148a4', 'SEGMENT 0x15ab0 1ee0', 'SEGMENT_HEADER filename=/home/kaiyaok2/.local/lib/python3.10/site-packages/PyQt5/Qt5/lib/libQt5Widgets.so.5 num_segments=2 addr=0x7f5e8d400000', 'SEGMENT (nil) 62f75c', 'SEGMENT 0x82fb30 32360', 'SEGMENT_HEADER filename=/home/kaiyaok2/.local/lib/python3.10/site-packages/PyQt5/Qt5/lib/libQt5Test.so.5 num_segments=2 addr=0x7f5e8d000000', 'SEGMENT (nil) 4b996', 'SEGMENT 0x24be18 61e8', 'SEGMENT_HEADER filename=/home/kaiyaok2/.local/lib/python3.10/site-packages/PyQt5/QtWidgets.abi3.so num_segments=2 addr=0x7f5e8cab7000', 'SEGMENT (nil) 4d94a4', 'SEGMENT 0x4da910 6de60', 'SEGMENT_HEADER filename=/home/kaiyaok2/.local/lib/python3.10/site-packages/srsly/ujson/ujson.cpython-310-x86_64-linux-gnu.so num_segments=4 addr=0x7f5e90bdb000', 'SEGMENT (nil) 2e90', 'SEGMENT 0x3000 4a6d', 'SEGMENT 0x8000 2288', 'SEGMENT 0xbc38 880', 'SEGMENT_HEADER filename=/home/kaiyaok2/.local/lib/python3.10/site-packages/srsly/msgpack/_packer.cpython-310-x86_64-linux-gnu.so num_segments=4 addr=0x7f5e90bc5000', 'SEGMENT (nil) 3250', 'SEGMENT 0x4000 bdb5', 'SEGMENT 0x10000 25d4', 'SEGMENT 0x13cd8 1878', 'SEGMENT_HEADER filename=/home/kaiyaok2/.local/lib/python3.10/site-packages/srsly/msgpack/_unpacker.cpython-310-x86_64-linux-gnu.so num_segments=4 addr=0x7f5e907e7000', 'SEGMENT (nil) 3e30', 'SEGMENT 0x4000 c909', 'SEGMENT 0x11000 33d0', 'SEGMENT 0x15d20 2708', 'SEGMENT_HEADER filename=/home/kaiyaok2/.local/lib/python3.10/site-packages/_ruamel_yaml.cpython-310-x86_64-linux-gnu.so num_segments=2 addr=0x7f5e8c800000', 'SEGMENT (nil) 54ce4', 'SEGMENT 0x255cc8 2c30', 'SEGMENT_HEADER filename=/home/kaiyaok2/.local/lib/python3.10/site-packages/pydantic/__init__.cpython-310-x86_64-linux-gnu.so num_segments=4 addr=0x7f5e9109b000', 'SEGMENT (nil) 2e80', 'SEGMENT 0x3000 2b11', 'SEGMENT 0x6000 c68', 'SEGMENT 0x7da0 1f30', 'SEGMENT_HEADER filename=/home/kaiyaok2/.local/lib/python3.10/site-packages/pydantic/dataclasses.cpython-310-x86_64-linux-gnu.so num_segments=4 addr=0x7f5e8e9b0000', 'SEGMENT (nil) 7158', 'SEGMENT 0x8000 2e3b1', 'SEGMENT 0x37000 5658', 'SEGMENT 0x3dcc0 5f30', 'SEGMENT_HEADER filename=/home/kaiyaok2/.local/lib/python3.10/site-packages/pydantic/class_validators.cpython-310-x86_64-linux-gnu.so num_segments=4 addr=0x7f5e8e96c000', 'SEGMENT (nil) 7218', 'SEGMENT 0x8000 2d9fd', 'SEGMENT 0x36000 5f94', 'SEGMENT 0x3dcc8 5e80', 'SEGMENT_HEADER filename=/home/kaiyaok2/.local/lib/python3.10/site-packages/pydantic/errors.cpython-310-x86_64-linux-gnu.so num_segments=4 addr=0x7f5e8dc83000', 'SEGMENT (nil) 8e00', 'SEGMENT 0x9000 23119', 'SEGMENT 0x2d000 627c', 'SEGMENT 0x34cd0 7af8', 'SEGMENT_HEADER filename=/home/kaiyaok2/.local/lib/python3.10/site-packages/pydantic/typing.cpython-310-x86_64-linux-gnu.so num_segments=4 addr=0x7f5e8d2bd000', 'SEGMENT (nil) 6f48', 'SEGMENT 0x7000 2edd1', 'SEGMENT 0x36000 4aa8', 'SEGMENT 0x3bcd0 6e08', 'SEGMENT_HEADER filename=/home/kaiyaok2/.local/lib/python3.10/site-packages/pydantic/utils.cpython-310-x86_64-linux-gnu.so num_segments=4 addr=0x7f5e8d253000', 'SEGMENT (nil) ace8', 'SEGMENT 0xb000 4914d', 'SEGMENT 0x55000 88c0', 'SEGMENT 0x5ec98 b130', 'SEGMENT_HEADER filename=/home/kaiyaok2/.local/lib/python3.10/site-packages/pydantic/version.cpython-310-x86_64-linux-gnu.so num_segments=4 addr=0x7f5e8e959000', 'SEGMENT (nil) 3780', 'SEGMENT 0x4000 84f5', 'SEGMENT 0xd000 1f28', 'SEGMENT 0x10d20 1f48', 'SEGMENT_HEADER filename=/home/kaiyaok2/.local/lib/python3.10/site-packages/pydantic/config.cpython-310-x86_64-linux-gnu.so num_segments=4 addr=0x7f5e8e93f000', 'SEGMENT (nil) 4a40', 'SEGMENT 0x5000 deb1', 'SEGMENT 0x13000 22d4', 'SEGMENT 0x16d08 2d78', 'SEGMENT_HEADER filename=/home/kaiyaok2/.local/lib/python3.10/site-packages/pydantic/error_wrappers.cpython-310-x86_64-linux-gnu.so num_segments=4 addr=0x7f5e8ca8f000', 'SEGMENT (nil) 5968', 'SEGMENT 0x6000 17261', 'SEGMENT 0x1e000 3d64', 'SEGMENT 0x23cc8 4210', 'SEGMENT_HEADER filename=/home/kaiyaok2/.local/lib/python3.10/site-packages/pydantic/json.cpython-310-x86_64-linux-gnu.so num_segments=4 addr=0x7f5e8dc6a000', 'SEGMENT (nil) 3f40', 'SEGMENT 0x4000 d2c9', 'SEGMENT 0x12000 1d64', 'SEGMENT 0x15d30 2620', 'SEGMENT_HEADER filename=/home/kaiyaok2/.local/lib/python3.10/site-packages/pydantic/color.cpython-310-x86_64-linux-gnu.so num_segments=4 addr=0x7f5e8c6b1000', 'SEGMENT (nil) 8940', 'SEGMENT 0x9000 35c61', 'SEGMENT 0x3f000 5898', 'SEGMENT 0x45cc8 8c08', 'SEGMENT_HEADER filename=/home/kaiyaok2/.local/lib/python3.10/site-packages/pydantic/networks.cpython-310-x86_64-linux-gnu.so num_segments=4 addr=0x7f5e8c657000', 'SEGMENT (nil) 9210', 'SEGMENT 0xa000 3f121', 'SEGMENT 0x4a000 6a64', 'SEGMENT 0x51cc0 8138', 'SEGMENT_HEADER filename=/home/kaiyaok2/.local/lib/python3.10/site-packages/pydantic/validators.cpython-310-x86_64-linux-gnu.so num_segments=4 addr=0x7f5e8c5d9000', 'SEGMENT (nil) 8b28', 'SEGMENT 0x9000 62895', 'SEGMENT 0x6c000 7274', 'SEGMENT 0x74ca0 85b8', 'SEGMENT_HEADER filename=/home/kaiyaok2/.local/lib/python3.10/site-packages/pydantic/datetime_parse.cpython-310-x86_64-linux-gnu.so num_segments=4 addr=0x7f5e8ca6c000', 'SEGMENT (nil) 4308', 'SEGMENT 0x5000 16e89', 'SEGMENT 0x1c000 24b0', 'SEGMENT 0x1fd10 2a90', 'SEGMENT_HEADER filename=/home/kaiyaok2/.local/lib/python3.10/site-packages/pydantic/types.cpython-310-x86_64-linux-gnu.so num_segments=4 addr=0x7f5e8c55c000', 'SEGMENT (nil) c810', 'SEGMENT 0xd000 55409', 'SEGMENT 0x63000 b2d4', 'SEGMENT 0x6fca8 d168', 'SEGMENT_HEADER filename=/home/kaiyaok2/.local/lib/python3.10/site-packages/pydantic/fields.cpython-310-x86_64-linux-gnu.so num_segments=4 addr=0x7f5e8c4c6000', 'SEGMENT (nil) ab28', 'SEGMENT 0xb000 75631', 'SEGMENT 0x81000 75d4', 'SEGMENT 0x89ca8 bca0', 'SEGMENT_HEADER filename=/home/kaiyaok2/.local/lib/python3.10/site-packages/pydantic/main.cpython-310-x86_64-linux-gnu.so num_segments=4 addr=0x7f5e8c325000', 'SEGMENT (nil) afc0', 'SEGMENT 0xb000 805a1', 'SEGMENT 0x8c000 8044', 'SEGMENT 0x95cb8 ab50', 'SEGMENT_HEADER filename=/home/kaiyaok2/.local/lib/python3.10/site-packages/pydantic/parse.cpython-310-x86_64-linux-gnu.so num_segments=4 addr=0x7f5e8ca5a000', 'SEGMENT (nil) 3200', 'SEGMENT 0x4000 8465', 'SEGMENT 0xd000 16ac', 'SEGMENT 0xfd40 1940', 'SEGMENT_HEADER filename=/home/kaiyaok2/.local/lib/python3.10/site-packages/pydantic/schema.cpython-310-x86_64-linux-gnu.so num_segments=4 addr=0x7f5e8c27d000', 'SEGMENT (nil) 98a8', 'SEGMENT 0xa000 893a9', 'SEGMENT 0x94000 6a98', 'SEGMENT 0x9bc90 c008', 'SEGMENT_HEADER filename=/home/kaiyaok2/.local/lib/python3.10/site-packages/pydantic/annotated_types.cpython-310-x86_64-linux-gnu.so num_segments=4 addr=0x7f5e8c266000', 'SEGMENT (nil) 3bc8', 'SEGMENT 0x4000 bf01', 'SEGMENT 0x10000 28b8', 'SEGMENT 0x13d00 23f8', 'SEGMENT_HEADER filename=/home/kaiyaok2/.local/lib/python3.10/site-packages/pydantic/decorator.cpython-310-x86_64-linux-gnu.so num_segments=4 addr=0x7f5e8c233000', 'SEGMENT (nil) 5950', 'SEGMENT 0x6000 23e55', 'SEGMENT 0x2a000 3648', 'SEGMENT 0x2ecf8 40b0', 'SEGMENT_HEADER filename=/home/kaiyaok2/.local/lib/python3.10/site-packages/pydantic/env_settings.cpython-310-x86_64-linux-gnu.so num_segments=4 addr=0x7f5e8c1f3000', 'SEGMENT (nil) 6e80', 'SEGMENT 0x7000 2bec9', 'SEGMENT 0x33000 4ff0', 'SEGMENT 0x39cb0 5790', 'SEGMENT_HEADER filename=/home/kaiyaok2/.local/lib/python3.10/site-packages/pydantic/tools.cpython-310-x86_64-linux-gnu.so num_segments=4 addr=0x7f5e8c1de000', 'SEGMENT (nil) 36a8', 'SEGMENT 0x4000 b0b1', 'SEGMENT 0x10000 1a30', 'SEGMENT 0x12d50 2050', 'SEGMENT_HEADER filename=/home/kaiyaok2/.local/lib/python3.10/site-packages/torch/lib/libtorch_global_deps.so num_segments=6 addr=0x7f5e94ad4000', 'SEGMENT (nil) 548', 'SEGMENT 0x1000 111', 'SEGMENT 0x2000 4', 'SEGMENT 0x3d48 2e8', 'SEGMENT 0x5000 258', 'SEGMENT 0x6000 2d0', 'SEGMENT_HEADER filename=/home/kaiyaok2/.local/lib/python3.10/site-packages/torch/lib/../../nvidia/curand/lib/libcurand.so.10 num_segments=2 addr=0x7f5e86400000', 'SEGMENT (nil) 3f8f63c', 'SEGMENT 0x4190000 1a69b68', 'SEGMENT_HEADER filename=/home/kaiyaok2/.local/lib/python3.10/site-packages/torch/lib/../../nvidia/cufft/lib/libcufft.so.10 num_segments=2 addr=0x7f5e75400000', 'SEGMENT (nil) 2e6e2e2', 'SEGMENT 0x306f000 de6bbe8', 'SEGMENT_HEADER filename=/home/kaiyaok2/.local/lib/python3.10/site-packages/torch/lib/../../nvidia/cublas/lib/libcublas.so.11 num_segments=2 addr=0x7f5e6c000000', 'SEGMENT (nil) 900d4a4', 'SEGMENT 0x920e000 4fd38', 'SEGMENT_HEADER filename=/home/kaiyaok2/.local/lib/python3.10/site-packages/torch/lib/../../nvidia/cublas/lib/libcublasLt.so.11 num_segments=2 addr=0x7f5e58000000', 'SEGMENT (nil) 1144a9c4', 'SEGMENT 0x1164b000 2955b20', 'SEGMENT_HEADER filename=/home/kaiyaok2/.local/lib/python3.10/site-packages/torch/lib/../../nvidia/cuda_runtime/lib/libcudart.so.11.0 num_segments=2 addr=0x7f5e57c00000', 'SEGMENT (nil) 9d2bc', 'SEGMENT 0x29e000 6ee8', 'SEGMENT_HEADER filename=/home/kaiyaok2/.local/lib/python3.10/site-packages/torch/lib/../../nvidia/nvtx/lib/libnvToolsExt.so.1 num_segments=2 addr=0x7f5e57800000', 'SEGMENT (nil) 7d6c', 'SEGMENT 0x208ca8 868', 'SEGMENT_HEADER filename=/home/kaiyaok2/.local/lib/python3.10/site-packages/torch/lib/libgomp-a34b3233.so.1 num_segments=3 addr=0x7f5e57400000', 'SEGMENT (nil) 2408c', 'SEGMENT 0x224d70 840', 'SEGMENT 0x226000 3480', 'SEGMENT_HEADER filename=/home/kaiyaok2/.local/lib/python3.10/site-packages/torch/_C.cpython-310-x86_64-linux-gnu.so num_segments=5 addr=0x7f5e919f9000', 'SEGMENT (nil) 5c0', 'SEGMENT 0x1000 131', 'SEGMENT 0x2000 78', 'SEGMENT 0x3dd8 260', 'SEGMENT 0x5000 3e0', 'SEGMENT_HEADER filename=/home/kaiyaok2/.local/lib/python3.10/site-packages/torch/lib/libtorch_python.so num_segments=5 addr=0x7f5e5634a000', 'SEGMENT (nil) 1e3748', 'SEGMENT 0x1e4000 a02a81', 'SEGMENT 0xbe7000 30cbd0', 'SEGMENT 0xef4e08 c9630', 'SEGMENT 0xfbf000 f6138', 'SEGMENT_HEADER filename=/home/kaiyaok2/.local/lib/python3.10/site-packages/torch/lib/libshm.so num_segments=5 addr=0x7f5e90bba000', 'SEGMENT (nil) 2650', 'SEGMENT 0x3000 261d', 'SEGMENT 0x6000 cc0', 'SEGMENT 0x8c08 6b8', 'SEGMENT 0xa000 f40', 'SEGMENT_HEADER filename=/home/kaiyaok2/.local/lib/python3.10/site-packages/torch/lib/libtorch.so num_segments=5 addr=0x7f5e8c1b8000', 'SEGMENT (nil) b238', 'SEGMENT 0xc000 a019', 'SEGMENT 0x17000 4b35', 'SEGMENT 0x1db20 8c0', 'SEGMENT 0x1f000 6de8', 'SEGMENT_HEADER filename=/home/kaiyaok2/.local/lib/python3.10/site-packages/torch/lib/libtorch_cpu.so num_segments=6 addr=0x7f5e3d497000', 'SEGMENT (nil) 1040358', 'SEGMENT 0x1041000 12ef3319', 'SEGMENT 0x13f35000 3e9bdcd', 'SEGMENT 0x17dd2b80 5783d0', 'SEGMENT 0x1834b000 5f6240', 'SEGMENT 0x18942000 570be0', 'SEGMENT_HEADER filename=/home/kaiyaok2/.local/lib/python3.10/site-packages/torch/lib/libtorch_cuda.so num_segments=5 addr=0x7f5e173d7000', 'SEGMENT (nil) c2cd88', 'SEGMENT 0xc2d000 23746f5', 'SEGMENT 0x2fa2000 2240cd40', 'SEGMENT 0x253b0260 3562a8', 'SEGMENT 0x25707000 9b8610', 'SEGMENT_HEADER filename=/home/kaiyaok2/.local/lib/python3.10/site-packages/torch/lib/libc10_cuda.so num_segments=5 addr=0x7f5e8c14a000', 'SEGMENT (nil) efe0', 'SEGMENT 0xf000 41469', 'SEGMENT 0x51000 ebe1', 'SEGMENT 0x612c0 42c8', 'SEGMENT 0x66000 77e0', 'SEGMENT_HEADER filename=/home/kaiyaok2/.local/lib/python3.10/site-packages/torch/lib/libc10.so num_segments=5 addr=0x7f5e8c08f000', 'SEGMENT (nil) 1eed8', 'SEGMENT 0x1f000 606bd', 'SEGMENT 0x80000 1ee1f', 'SEGMENT 0xa0d20 91e8', 'SEGMENT 0xaa000 10198', 'SEGMENT_HEADER filename=/home/kaiyaok2/.local/lib/python3.10/site-packages/torch/lib/../../nvidia/cudnn/lib/libcudnn.so.8 num_segments=2 addr=0x7f5e17000000', 'SEGMENT (nil) 22fce', 'SEGMENT 0x223d30 1698', 'SEGMENT_HEADER filename=/home/kaiyaok2/.local/lib/python3.10/site-packages/torch/lib/../../nvidia/cuda_cupti/lib/libcupti.so.11.7 num_segments=2 addr=0x7f5e16600000', 'SEGMENT (nil) 5e61b4', 'SEGMENT 0x7e6310 1144d0', 'SEGMENT_HEADER filename=/home/kaiyaok2/.local/lib/python3.10/site-packages/torch/lib/../../nvidia/cusparse/lib/libcusparse.so.11 num_segments=2 addr=0x7f5e07e00000', 'SEGMENT (nil) e46578c', 'SEGMENT 0xe666000 37c98', 'SEGMENT_HEADER filename=/home/kaiyaok2/.local/lib/python3.10/site-packages/torch/lib/../../nvidia/nccl/lib/libnccl.so.2 num_segments=2 addr=0x7f5df9e00000', 'SEGMENT (nil) dc3c16e', 'SEGMENT 0xde3d000 3bae8', 'SEGMENT_HEADER filename=/lib/x86_64-linux-gnu/libutil.so.1 num_segments=4 addr=0x7f5e8e933000', 'SEGMENT (nil) 598', 'SEGMENT 0x1000 115', 'SEGMENT 0x2000 e8', 'SEGMENT 0x3e00 228', 'SEGMENT_HEADER filename=/home/kaiyaok2/.local/lib/python3.10/site-packages/torch/lib/libnvfuser_codegen.so num_segments=5 addr=0x7f5df97b3000', 'SEGMENT (nil) f82d0', 'SEGMENT 0xf9000 378541', 'SEGMENT 0x472000 135321', 'SEGMENT 0x5a90e0 1eb80', 'SEGMENT 0x5c8000 84cc8', 'SEGMENT_HEADER filename=/home/kaiyaok2/.local/lib/python3.10/site-packages/torch/lib/../../nvidia/cuda_nvrtc/lib/libnvrtc.so.11.2 num_segments=3 addr=0x7f5df6800000', 'SEGMENT (nil) 2592edc', 'SEGMENT 0x2793768 6fb7e0', 'SEGMENT 0x2e8f000 1888', 'SEGMENT_HEADER filename=/usr/lib/python3.10/lib-dynload/_multiprocessing.cpython-310-x86_64-linux-gnu.so num_segments=4 addr=0x7f5e8e938000', 'SEGMENT (nil) 15f8', 'SEGMENT 0x2000 1669', 'SEGMENT 0x4000 a28', 'SEGMENT 0x5d90 900', 'SEGMENT_HEADER filename=/home/kaiyaok2/.local/lib/python3.10/site-packages/nvfuser/_C.cpython-310-x86_64-linux-gnu.so num_segments=4 addr=0x7f5df6008000', 'SEGMENT (nil) 21a18', 'SEGMENT 0x22000 a3539', 'SEGMENT 0xc6000 29bf4', 'SEGMENT 0xf1400 6770', 'SEGMENT_HEADER filename=/home/kaiyaok2/.local/lib/python3.10/site-packages/h5py/_errors.cpython-310-x86_64-linux-gnu.so num_segments=6 addr=0x7f5e92d8c000', 'SEGMENT (nil) 2ed0', 'SEGMENT 0x3000 651d', 'SEGMENT 0xa000 ce8', 'SEGMENT 0xcbc8 ff0', 'SEGMENT 0xe000 1740', 'SEGMENT 0x10000 bc8', 'SEGMENT_HEADER filename=/home/kaiyaok2/.local/lib/python3.10/site-packages/h5py/../h5py.libs/libhdf5-7f639dcd.so.310.2.0 num_segments=6 addr=0x7f5df41a5000', 'SEGMENT (nil) 4ca60', 'SEGMENT 0x4d000 2eb105', 'SEGMENT 0x339000 e5c28', 'SEGMENT 0x41fed0 16410', 'SEGMENT 0x437000 18120', 'SEGMENT 0x450000 11678', 'SEGMENT_HEADER filename=/home/kaiyaok2/.local/lib/python3.10/site-packages/h5py/../h5py.libs/libhdf5_hl-123198ff.so.310.0.2 num_segments=6 addr=0x7f5e92d63000', 'SEGMENT (nil) 5710', 'SEGMENT 0x6000 156c1', 'SEGMENT 0x1c000 4cec', 'SEGMENT 0x22be8 1c80', 'SEGMENT 0x25000 1bb0', 'SEGMENT 0x27000 1678', 'SEGMENT_HEADER filename=/home/kaiyaok2/.local/lib/python3.10/site-packages/h5py/../h5py.libs/libsz-b66d1717.so.2.0.1 num_segments=6 addr=0x7f5e92d5c000', 'SEGMENT (nil) 6f0', 'SEGMENT 0x1000 8ad', 'SEGMENT 0x2000 144', 'SEGMENT 0x3de8 278', 'SEGMENT 0x5000 318', 'SEGMENT 0x6000 150', 'SEGMENT_HEADER filename=/home/kaiyaok2/.local/lib/python3.10/site-packages/h5py/../h5py.libs/libaec-001fb5f0.so.0.0.12 num_segments=5 addr=0x7f5e92d52000', 'SEGMENT (nil) 7f0', 'SEGMENT 0x1000 4315', 'SEGMENT 0x6000 c18', 'SEGMENT 0x7df8 5f8', 'SEGMENT 0x9000 1b8', 'SEGMENT_HEADER filename=/home/kaiyaok2/.local/lib/python3.10/site-packages/h5py/h5.cpython-310-x86_64-linux-gnu.so num_segments=6 addr=0x7f5e92d31000', 'SEGMENT (nil) 46f0', 'SEGMENT 0x5000 10749', 'SEGMENT 0x16000 37b8', 'SEGMENT 0x1ad00 2998', 'SEGMENT 0x1e000 1628', 'SEGMENT 0x20000 bc0', 'SEGMENT_HEADER filename=/home/kaiyaok2/.local/lib/python3.10/site-packages/h5py/defs.cpython-310-x86_64-linux-gnu.so num_segments=6 addr=0x7f5e8c032000', 'SEGMENT (nil) c710', 'SEGMENT 0xd000 2accd', 'SEGMENT 0x38000 147c8', 'SEGMENT 0x4dd70 6940', 'SEGMENT 0x55000 4a88', 'SEGMENT 0x5a000 20b0', 'SEGMENT_HEADER filename=/home/kaiyaok2/.local/lib/python3.10/site-packages/h5py/_objects.cpython-310-x86_64-linux-gnu.so num_segments=6 addr=0x7f5e8c00d000', 'SEGMENT (nil) 4e18', 'SEGMENT 0x5000 14729', 'SEGMENT 0x1a000 3940', 'SEGMENT 0x1ece8 2fd0', 'SEGMENT 0x22000 1b40', 'SEGMENT 0x24000 e20', 'SEGMENT_HEADER filename=/home/kaiyaok2/.local/lib/python3.10/site-packages/h5py/_conv.cpython-310-x86_64-linux-gnu.so num_segments=6 addr=0x7f5e752c4000', 'SEGMENT (nil) 5a28', 'SEGMENT 0x6000 24831', 'SEGMENT 0x2b000 6da8', 'SEGMENT 0x33c08 3288', 'SEGMENT 0x37000 2180', 'SEGMENT 0x3a000 1058', 'SEGMENT_HEADER filename=/home/kaiyaok2/.local/lib/python3.10/site-packages/h5py/h5r.cpython-310-x86_64-linux-gnu.so num_segments=6 addr=0x7f5e92d1e000', 'SEGMENT (nil) 2fe0', 'SEGMENT 0x3000 6f35', 'SEGMENT 0xa000 20cc', 'SEGMENT 0xdd28 20e8', 'SEGMENT 0x10000 12a8', 'SEGMENT 0x12000 a50', 'SEGMENT_HEADER filename=/home/kaiyaok2/.local/lib/python3.10/site-packages/h5py/h5p.cpython-310-x86_64-linux-gnu.so num_segments=6 addr=0x7f5e75261000', 'SEGMENT (nil) 95f8', 'SEGMENT 0xa000 3c825', 'SEGMENT 0x47000 a974', 'SEGMENT 0x52c80 cfe8', 'SEGMENT 0x60000 1af0', 'SEGMENT 0x62000 e10', 'SEGMENT_HEADER filename=/home/kaiyaok2/.local/lib/python3.10/site-packages/h5py/h5t.cpython-310-x86_64-linux-gnu.so num_segments=6 addr=0x7f5e57a8e000', 'SEGMENT (nil) acf0', 'SEGMENT 0xb000 4ba21', 'SEGMENT 0x57000 7d94', 'SEGMENT 0x60b38 c3f0', 'SEGMENT 0x6d000 2560', 'SEGMENT 0x70000 1208', 'SEGMENT_HEADER filename=/home/kaiyaok2/.local/lib/python3.10/site-packages/h5py/utils.cpython-310-x86_64-linux-gnu.so num_segments=6 addr=0x7f5e8bffc000', 'SEGMENT (nil) 2b58', 'SEGMENT 0x3000 69a1', 'SEGMENT 0xa000 1918', 'SEGMENT 0xcd00 ee8', 'SEGMENT 0xe000 14e0', 'SEGMENT 0x10000 b20', 'SEGMENT_HEADER filename=/home/kaiyaok2/.local/lib/python3.10/site-packages/h5py/h5s.cpython-310-x86_64-linux-gnu.so num_segments=6 addr=0x7f5e862e0000', 'SEGMENT (nil) 3c70', 'SEGMENT 0x4000 ffb9', 'SEGMENT 0x14000 2dc8', 'SEGMENT 0x18d28 3528', 'SEGMENT 0x1d000 1360', 'SEGMENT 0x1f000 a90', 'SEGMENT_HEADER filename=/home/kaiyaok2/.local/lib/python3.10/site-packages/h5py/h5ac.cpython-310-x86_64-linux-gnu.so num_segments=6 addr=0x7f5e6bfed000', 'SEGMENT (nil) 26b8', 'SEGMENT 0x3000 8a09', 'SEGMENT 0xc000 27c8', 'SEGMENT 0xfd38 1000', 'SEGMENT 0x11000 fa8', 'SEGMENT 0x12000 910', 'SEGMENT_HEADER filename=/home/kaiyaok2/.local/lib/python3.10/site-packages/h5py/_proxy.cpython-310-x86_64-linux-gnu.so num_segments=6 addr=0x7f5e6bfde000', 'SEGMENT (nil) 1fa8', 'SEGMENT 0x2000 5e25', 'SEGMENT 0x8000 127c', 'SEGMENT 0xad58 aa0', 'SEGMENT 0xc000 1058', 'SEGMENT 0xe000 938', 'SEGMENT_HEADER filename=/home/kaiyaok2/.local/lib/python3.10/site-packages/h5py/h5z.cpython-310-x86_64-linux-gnu.so num_segments=6 addr=0x7f5e6bfcd000', 'SEGMENT (nil) 2a18', 'SEGMENT 0x3000 581d', 'SEGMENT 0x9000 165c', 'SEGMENT 0xbcf0 1750', 'SEGMENT 0xe000 7c0', 'SEGMENT 0xf000 1300', 'SEGMENT_HEADER filename=/home/kaiyaok2/.local/lib/python3.10/site-packages/h5py/h5a.cpython-310-x86_64-linux-gnu.so num_segments=6 addr=0x7f5e6bfa7000', 'SEGMENT (nil) 4278', 'SEGMENT 0x5000 13df5', 'SEGMENT 0x19000 3e60', 'SEGMENT 0x1ed08 3738', 'SEGMENT 0x23000 1520', 'SEGMENT 0x25000 b70', 'SEGMENT_HEADER filename=/home/kaiyaok2/.local/lib/python3.10/site-packages/h5py/h5d.cpython-310-x86_64-linux-gnu.so num_segments=6 addr=0x7f5e57eb4000', 'SEGMENT (nil) 6b48', 'SEGMENT 0x7000 3023d', 'SEGMENT 0x38000 8844', 'SEGMENT 0x41cb0 6c50', 'SEGMENT 0x49000 1d90', 'SEGMENT 0x4b000 ed8', 'SEGMENT_HEADER filename=/home/kaiyaok2/.local/lib/python3.10/site-packages/h5py/h5ds.cpython-310-x86_64-linux-gnu.so num_segments=6 addr=0x7f5e57a75000', 'SEGMENT (nil) 33c0', 'SEGMENT 0x4000 b451', 'SEGMENT 0x10000 2478', 'SEGMENT 0x13d20 1f50', 'SEGMENT 0x16000 13a0', 'SEGMENT 0x18000 ac8', 'SEGMENT_HEADER filename=/home/kaiyaok2/.local/lib/python3.10/site-packages/h5py/h5f.cpython-310-x86_64-linux-gnu.so num_segments=6 addr=0x7f5e57a4d000', 'SEGMENT (nil) 4b40', 'SEGMENT 0x5000 15f6d', 'SEGMENT 0x1b000 381c', 'SEGMENT 0x1fd18 4a80', 'SEGMENT 0x25000 15e0', 'SEGMENT 0x27000 bc0', 'SEGMENT_HEADER filename=/home/kaiyaok2/.local/lib/python3.10/site-packages/h5py/h5g.cpython-310-x86_64-linux-gnu.so num_segments=6 addr=0x7f5e57a1f000', 'SEGMENT (nil) 5290', 'SEGMENT 0x6000 1aae1', 'SEGMENT 0x21000 445c', 'SEGMENT 0x26cc8 4250', 'SEGMENT 0x2b000 18c8', 'SEGMENT 0x2d000 d18', 'SEGMENT_HEADER filename=/home/kaiyaok2/.local/lib/python3.10/site-packages/h5py/h5i.cpython-310-x86_64-linux-gnu.so num_segments=6 addr=0x7f5e57a0d000', 'SEGMENT (nil) 27e0', 'SEGMENT 0x3000 6be9', 'SEGMENT 0xa000 1364', 'SEGMENT 0xcd38 1720', 'SEGMENT 0xf000 1090', 'SEGMENT 0x11000 958', 'SEGMENT_HEADER filename=/home/kaiyaok2/.local/lib/python3.10/site-packages/h5py/h5fd.cpython-310-x86_64-linux-gnu.so num_segments=6 addr=0x7f5e576ca000', 'SEGMENT (nil) 5990', 'SEGMENT 0x6000 20859', 'SEGMENT 0x27000 5e74', 'SEGMENT 0x2ec90 36b8', 'SEGMENT 0x33000 1e48', 'SEGMENT 0x35000 f18', 'SEGMENT_HEADER filename=/home/kaiyaok2/.local/lib/python3.10/site-packages/h5py/h5pl.cpython-310-x86_64-linux-gnu.so num_segments=6 addr=0x7f5e57ea7000', 'SEGMENT (nil) 1d80', 'SEGMENT 0x2000 4591', 'SEGMENT 0x7000 10e8', 'SEGMENT 0x9d50 c80', 'SEGMENT 0xb000 e60', 'SEGMENT 0xc000 870', 'SEGMENT_HEADER filename=/home/kaiyaok2/.local/lib/python3.10/site-packages/h5py/h5o.cpython-310-x86_64-linux-gnu.so num_segments=6 addr=0x7f5e576aa000', 'SEGMENT (nil) 44f8', 'SEGMENT 0x5000 ea69', 'SEGMENT 0x14000 3808', 'SEGMENT 0x18d20 3bf0', 'SEGMENT 0x1d000 13f0', 'SEGMENT 0x1f000 ae8', 'SEGMENT_HEADER filename=/home/kaiyaok2/.local/lib/python3.10/site-packages/h5py/h5l.cpython-310-x86_64-linux-gnu.so num_segments=6 addr=0x7f5e5768b000', 'SEGMENT (nil) 3c68', 'SEGMENT 0x4000 f051', 'SEGMENT 0x14000 3388', 'SEGMENT 0x18d18 2d48', 'SEGMENT 0x1c000 1440', 'SEGMENT 0x1e000 b10', 'SEGMENT_HEADER filename=/home/kaiyaok2/.local/lib/python3.10/site-packages/h5py/_selector.cpython-310-x86_64-linux-gnu.so num_segments=6 addr=0x7f5e5765d000', 'SEGMENT (nil) 5508', 'SEGMENT 0x6000 1aa65', 'SEGMENT 0x21000 4c44', 'SEGMENT 0x26c80 35a8', 'SEGMENT 0x2b000 1e10', 'SEGMENT 0x2d000 f28', 'SEGMENT_HEADER filename=/home/kaiyaok2/.local/lib/python3.10/site-packages/thinc/backends/numpy_ops.cpython-310-x86_64-linux-gnu.so num_segments=4 addr=0x7f5df3ecb000', 'SEGMENT (nil) 14318', 'SEGMENT 0x15000 a7245', 'SEGMENT 0xbd000 11805', 'SEGMENT 0xcfc00 9c98', 'SEGMENT_HEADER filename=/home/kaiyaok2/.local/lib/python3.10/site-packages/thinc/backends/cblas.cpython-310-x86_64-linux-gnu.so num_segments=4 addr=0x7f5e57633000', 'SEGMENT (nil) 5c68', 'SEGMENT 0x6000 1a915', 'SEGMENT 0x21000 4ad0', 'SEGMENT 0x26c10 2e28', 'SEGMENT_HEADER filename=/home/kaiyaok2/.local/lib/python3.10/site-packages/blis/cy.cpython-310-x86_64-linux-gnu.so num_segments=4 addr=0x7f5df3051000', 'SEGMENT (nil) 808d0', 'SEGMENT 0x81000 d35f41', 'SEGMENT 0xdb7000 a6040', 'SEGMENT 0xe5ee70 1a350', 'SEGMENT_HEADER filename=/home/kaiyaok2/.local/lib/python3.10/site-packages/cymem/cymem.cpython-310-x86_64-linux-gnu.so num_segments=4 addr=0x7f5e172bd000', 'SEGMENT (nil) 3680', 'SEGMENT 0x4000 e129', 'SEGMENT 0x13000 36f4', 'SEGMENT 0x17d08 1bb8', 'SEGMENT_HEADER filename=/home/kaiyaok2/.local/lib/python3.10/site-packages/preshed/maps.cpython-310-x86_64-linux-gnu.so num_segments=4 addr=0x7f5e172a0000', 'SEGMENT (nil) 3980', 'SEGMENT 0x4000 10e29', 'SEGMENT 0x15000 4008', 'SEGMENT 0x1acd8 2240', 'SEGMENT_HEADER filename=/home/kaiyaok2/.local/lib/python3.10/site-packages/thinc/backends/linalg.cpython-310-x86_64-linux-gnu.so num_segments=4 addr=0x7f5e17296000', 'SEGMENT (nil) 1bd0', 'SEGMENT 0x2000 3349', 'SEGMENT 0x6000 de0', 'SEGMENT 0x8d70 1080', 'SEGMENT_HEADER filename=/home/kaiyaok2/.local/lib/python3.10/site-packages/blis/py.cpython-310-x86_64-linux-gnu.so num_segments=4 addr=0x7f5df21b9000', 'SEGMENT (nil) 81a88', 'SEGMENT 0x82000 d50d01', 'SEGMENT 0xdd3000 a7a68', 'SEGMENT 0xe7be70 1b230', 'SEGMENT_HEADER filename=/home/kaiyaok2/.local/lib/python3.10/site-packages/murmurhash/mrmr.cpython-310-x86_64-linux-gnu.so num_segments=4 addr=0x7f5e17287000', 'SEGMENT (nil) 2778', 'SEGMENT 0x3000 78d1', 'SEGMENT 0xb000 1970', 'SEGMENT 0xdd40 d58', 'SEGMENT_HEADER filename=/home/kaiyaok2/.local/lib/python3.10/site-packages/thinc/layers/premap_ids.cpython-310-x86_64-linux-gnu.so num_segments=4 addr=0x7f5e17250000', 'SEGMENT (nil) 5ea8', 'SEGMENT 0x6000 243b9', 'SEGMENT 0x2b000 63f0', 'SEGMENT 0x32cb8 3f18', 'SEGMENT_HEADER filename=/home/kaiyaok2/.local/lib/python3.10/site-packages/thinc/layers/sparselinear.cpython-310-x86_64-linux-gnu.so num_segments=4 addr=0x7f5e164c1000', 'SEGMENT (nil) 6700', 'SEGMENT 0x7000 2accd', 'SEGMENT 0x32000 6c58', 'SEGMENT 0x39cb0 48e0', 'SEGMENT_HEADER filename=/home/kaiyaok2/.local/lib/python3.10/site-packages/memray/_memray.cpython-310-x86_64-linux-gnu.so num_segments=5 addr=0x7f5df1c00000', 'SEGMENT (nil) cfa96', 'SEGMENT 0x2cfd48 ea70', 'SEGMENT 0x2df000 7f88', 'SEGMENT 0x2e7000 74c0', 'SEGMENT 0x2ef000 7738', 'SEGMENT_HEADER filename=/home/kaiyaok2/.local/lib/python3.10/site-packages/memray/../memray.libs/liblz4-c29043df.so.1.7.1 num_segments=3 addr=0x7f5df1800000', 'SEGMENT (nil) aab4', 'SEGMENT 0x20aab8 3e8', 'SEGMENT 0x20b000 c60', 'SEGMENT_HEADER filename=/home/kaiyaok2/.local/lib/python3.10/site-packages/memray/../memray.libs/libunwind-92483c07.so.8.0.1 num_segments=3 addr=0x7f5df1400000', 'SEGMENT (nil) 98a8', 'SEGMENT 0x2098a8 f140', 'SEGMENT 0x219000 5b0', 'SEGMENT_HEADER filename=/usr/lib/python3.10/lib-dynload/mmap.cpython-310-x86_64-linux-gnu.so num_segments=4 addr=0x7f5e5762a000', 'SEGMENT (nil) 1bc0', 'SEGMENT 0x2000 2ae5', 'SEGMENT 0x5000 15f8', 'SEGMENT 0x7dc8 960', 'SEGMENT_HEADER filename=/home/kaiyaok2/.local/lib/python3.10/site-packages/memray/_test_utils.cpython-310-x86_64-linux-gnu.so num_segments=2 addr=0x7f5df1000000', 'SEGMENT (nil) 25f50', 'SEGMENT 0x226cb0 2b30', 'SEGMENT_HEADER filename=/tmp/pytest-of-kaiyaok2/pytest-45/test_multithreaded_extension0/multithreaded_extension/testext.cpython-310-x86_64-linux-gnu.so num_segments=4 addr=0x7f5e8dc65000', 'SEGMENT (nil) 918', 'SEGMENT 0x1000 59d', 'SEGMENT 0x2000 2d8', 'SEGMENT 0x3e08 6b8', 'SEGMENT_HEADER filename=/tmp/pytest-of-kaiyaok2/pytest-45/test_hybrid_stack_in_recursive0/multithreaded_extension/native_ext.cpython-310-x86_64-linux-gnu.so num_segments=4 addr=0x7f5dc92ba000', 'SEGMENT (nil) b00', 'SEGMENT 0x1000 535', 'SEGMENT 0x2000 3ec', 'SEGMENT 0x3e08 3c8', 'SEGMENT_HEADER filename=/tmp/pytest-of-kaiyaok2/pytest-45/test_native_dlopen0/misbehaving_extension/misbehaving.cpython-310-x86_64-linux-gnu.so num_segments=4 addr=0x7f5eaf683000', 'SEGMENT (nil) c08', 'SEGMENT 0x1000 595', 'SEGMENT 0x2000 260', 'SEGMENT 0x3df8 3d8', 'NATIVE_TRACE_INDEX ip=(nil) index=0', 'NATIVE_TRACE_INDEX ip=0x55e252c4cf25 index=1', 'NATIVE_TRACE_INDEX ip=0x7f5ed2b97e40 index=2', 'NATIVE_TRACE_INDEX ip=0x7f5ed2b97d90 index=3', 'NATIVE_TRACE_INDEX ip=0x55e252c4d02d index=4', 'NATIVE_TRACE_INDEX ip=0x55e252c768c8 index=5', 'NATIVE_TRACE_INDEX ip=0x55e252c77c2d index=6', 'NATIVE_TRACE_INDEX ip=0x55e252b7f9fc index=7', 'NATIVE_TRACE_INDEX ip=0x55e252b6826d index=8', 'NATIVE_TRACE_INDEX ip=0x55e252b7f9fc index=9', 'NATIVE_TRACE_INDEX ip=0x55e252b6826d index=10', 'NATIVE_TRACE_INDEX ip=0x55e252b7fc59 index=11', 'NATIVE_TRACE_INDEX ip=0x55e252c5fe2d index=12', 'NATIVE_TRACE_INDEX ip=0x55e252c5a256 index=13', 'NATIVE_TRACE_INDEX ip=0x55e252b649c6 index=14', 'NATIVE_TRACE_INDEX ip=0x55e252b6dcfa index=15', 'NATIVE_TRACE_INDEX ip=0x55e252b7f9fc index=16', 'NATIVE_TRACE_INDEX ip=0x55e252b6826d index=17', 'NATIVE_TRACE_INDEX ip=0x55e252b7f9fc index=18', 'NATIVE_TRACE_INDEX ip=0x55e252b6f150 index=19', 'NATIVE_TRACE_INDEX ip=0x55e252b75a7b index=20', 'NATIVE_TRACE_INDEX ip=0x55e252ca5700 index=21', 'NATIVE_TRACE_INDEX ip=0x55e252b8a86c index=22', 'NATIVE_TRACE_INDEX ip=0x55e252b74cbd index=23', 'NATIVE_TRACE_INDEX ip=0x55e252b7f9fc index=24', 'NATIVE_TRACE_INDEX ip=0x55e252b6dcfa index=25', 'NATIVE_TRACE_INDEX ip=0x55e252b8d7f1 index=26', 'NATIVE_TRACE_INDEX ip=0x55e252b6dcfa index=27', 'NATIVE_TRACE_INDEX ip=0x55e252b7f9fc index=28', 'NATIVE_TRACE_INDEX ip=0x55e252b6a5d7 index=29', 'NATIVE_TRACE_INDEX ip=0x55e252b7f9fc index=30', 'NATIVE_TRACE_INDEX ip=0x55e252b6826d index=31', 'NATIVE_TRACE_INDEX ip=0x55e252b7f9fc index=32', 'NATIVE_TRACE_INDEX ip=0x55e252b6826d index=33', 'NATIVE_TRACE_INDEX ip=0x55e252b7f9fc index=34', 'NATIVE_TRACE_INDEX ip=0x55e252b6f150 index=35', 'NATIVE_TRACE_INDEX ip=0x55e252b75a7b index=36', 'NATIVE_TRACE_INDEX ip=0x55e252ca5700 index=37', 'NATIVE_TRACE_INDEX ip=0x55e252b8a86c index=38', 'NATIVE_TRACE_INDEX ip=0x55e252b74cbd index=39', 'NATIVE_TRACE_INDEX ip=0x55e252b7f9fc index=40', 'NATIVE_TRACE_INDEX ip=0x55e252b6dcfa index=41', 'NATIVE_TRACE_INDEX ip=0x55e252b8d7f1 index=42', 'NATIVE_TRACE_INDEX ip=0x55e252b6dcfa index=43', 'NATIVE_TRACE_INDEX ip=0x55e252b7f9fc index=44', 'NATIVE_TRACE_INDEX ip=0x55e252b6a5d7 index=45', 'NATIVE_TRACE_INDEX ip=0x55e252b7f9fc index=46', 'NATIVE_TRACE_INDEX ip=0x55e252b6f150 index=47', 'NATIVE_TRACE_INDEX ip=0x55e252b75a7b index=48', 'NATIVE_TRACE_INDEX ip=0x55e252ca5700 index=49', 'NATIVE_TRACE_INDEX ip=0x55e252b8a86c index=50', 'NATIVE_TRACE_INDEX ip=0x55e252b74cbd index=51', 'NATIVE_TRACE_INDEX ip=0x55e252b7f9fc index=52', 'NATIVE_TRACE_INDEX ip=0x55e252b6dcfa index=53', 'NATIVE_TRACE_INDEX ip=0x55e252b8d7f1 index=54', 'NATIVE_TRACE_INDEX ip=0x55e252b6dcfa index=55', 'NATIVE_TRACE_INDEX ip=0x55e252b7f9fc index=56', 'NATIVE_TRACE_INDEX ip=0x55e252b6a5d7 index=57', 'NATIVE_TRACE_INDEX ip=0x55e252b7f9fc index=58', 'NATIVE_TRACE_INDEX ip=0x55e252b6953c index=59', 'NATIVE_TRACE_INDEX ip=0x55e252b7f9fc index=60', 'NATIVE_TRACE_INDEX ip=0x55e252b6826d index=61', 'NATIVE_TRACE_INDEX ip=0x55e252b7f9fc index=62', 'NATIVE_TRACE_INDEX ip=0x55e252b6a5d7 index=63', 'NATIVE_TRACE_INDEX ip=0x55e252b7f9fc index=64', 'NATIVE_TRACE_INDEX ip=0x55e252b6953c index=65', 'NATIVE_TRACE_INDEX ip=0x55e252b8d7f1 index=66', 'NATIVE_TRACE_INDEX ip=0x55e252b6826d index=67', 'NATIVE_TRACE_INDEX ip=0x55e252b7f9fc index=68', 'NATIVE_TRACE_INDEX ip=0x55e252b6a5d7 index=69', 'NATIVE_TRACE_INDEX ip=0x55e252b8e42b index=70', 'NATIVE_TRACE_INDEX ip=0x55e252ca5700 index=71', 'NATIVE_TRACE_INDEX ip=0x55e252b8a86c index=72', 'NATIVE_TRACE_INDEX ip=0x55e252b74cbd index=73', 'NATIVE_TRACE_INDEX ip=0x55e252b7f9fc index=74', 'NATIVE_TRACE_INDEX ip=0x55e252b6dcfa index=75', 'NATIVE_TRACE_INDEX ip=0x55e252b8d7f1 index=76', 'NATIVE_TRACE_INDEX ip=0x55e252b6dcfa index=77', 'NATIVE_TRACE_INDEX ip=0x55e252b7f9fc index=78', 'NATIVE_TRACE_INDEX ip=0x55e252b6a5d7 index=79', 'NATIVE_TRACE_INDEX ip=0x55e252b7f9fc index=80', 'NATIVE_TRACE_INDEX ip=0x55e252b6845c index=81', 'NATIVE_TRACE_INDEX ip=0x55e252b7f9fc index=82', 'NATIVE_TRACE_INDEX ip=0x55e252b6f150 index=83', 'NATIVE_TRACE_INDEX ip=0x55e252b75a7b index=84', 'NATIVE_TRACE_INDEX ip=0x55e252ca5700 index=85', 'NATIVE_TRACE_INDEX ip=0x55e252b8a86c index=86', 'NATIVE_TRACE_INDEX ip=0x55e252b74cbd index=87', 'NATIVE_TRACE_INDEX ip=0x55e252b7f9fc index=88', 'NATIVE_TRACE_INDEX ip=0x55e252b6dcfa index=89', 'NATIVE_TRACE_INDEX ip=0x55e252b8d7f1 index=90', 'NATIVE_TRACE_INDEX ip=0x55e252b6dcfa index=91', 'NATIVE_TRACE_INDEX ip=0x55e252b7f9fc index=92', 'NATIVE_TRACE_INDEX ip=0x55e252b6a5d7 index=93', 'NATIVE_TRACE_INDEX ip=0x55e252b7f9fc index=94', 'NATIVE_TRACE_INDEX ip=0x55e252b6a5d7 index=95', 'NATIVE_TRACE_INDEX ip=0x55e252b8e492 index=96', 'NATIVE_TRACE_INDEX ip=0x55e252b8d7f1 index=97', 'NATIVE_TRACE_INDEX ip=0x55e252b6f019 index=98', 'NATIVE_TRACE_INDEX ip=0x55e252c281c2 index=99', 'NATIVE_TRACE_INDEX ip=0x55e252b7f9fc index=100', 'NATIVE_TRACE_INDEX ip=0x55e252b6f019 index=101', 'NATIVE_TRACE_INDEX ip=0x55e252c281c2 index=102', 'NATIVE_TRACE_INDEX ip=0x7f5df1017b6b index=103', 'PYTHON_FRAME_INDEX frame_id=22 function_name=valloc filename=/home/kaiyaok2/.local/lib/python3.10/site-packages/memray/_test.py lineno=44 is_entry_frame=1', 'PYTHON_FRAME_INDEX frame_id=21 function_name=test_successful_parse_of_aggregated_capture_file filename=/home/kaiyaok2/PythonProjects/memray/tests/integration/test_main.py lineno=556 is_entry_frame=1', 'PYTHON_FRAME_INDEX frame_id=20 function_name=pytest_pyfunc_call filename=/home/kaiyaok2/.local/lib/python3.10/site-packages/_pytest/python.py lineno=194 is_entry_frame=1', 'PYTHON_FRAME_INDEX frame_id=19 function_name=runtest filename=/home/kaiyaok2/.local/lib/python3.10/site-packages/_pytest/python.py lineno=1788 is_entry_frame=1', 'PYTHON_FRAME_INDEX frame_id=18 function_name=pytest_runtest_call filename=/home/kaiyaok2/.local/lib/python3.10/site-packages/_pytest/runner.py lineno=169 is_entry_frame=1', 'PYTHON_FRAME_INDEX frame_id=17 function_name=<lambda> filename=/home/kaiyaok2/.local/lib/python3.10/site-packages/_pytest/runner.py lineno=262 is_entry_frame=1', 'PYTHON_FRAME_INDEX frame_id=16 function_name=from_call filename=/home/kaiyaok2/.local/lib/python3.10/site-packages/_pytest/runner.py lineno=341 is_entry_frame=1', 'PYTHON_FRAME_INDEX frame_id=15 function_name=call_runtest_hook filename=/home/kaiyaok2/.local/lib/python3.10/site-packages/_pytest/runner.py lineno=261 is_entry_frame=1', 'PYTHON_FRAME_INDEX frame_id=14 function_name=call_and_report filename=/home/kaiyaok2/.local/lib/python3.10/site-packages/_pytest/runner.py lineno=222 is_entry_frame=1', 'PYTHON_FRAME_INDEX frame_id=13 function_name=runtestprotocol filename=/home/kaiyaok2/.local/lib/python3.10/site-packages/_pytest/runner.py lineno=133 is_entry_frame=1', 'PYTHON_FRAME_INDEX frame_id=0 function_name=_run_module_as_main filename=/usr/lib/python3.10/runpy.py lineno=196 is_entry_frame=1', 'PYTHON_FRAME_INDEX frame_id=1 function_name=_run_code filename=/usr/lib/python3.10/runpy.py lineno=86 is_entry_frame=1', 'PYTHON_FRAME_INDEX frame_id=2 function_name=<module> filename=/home/kaiyaok2/.local/lib/python3.10/site-packages/pytest/__main__.py lineno=5 is_entry_frame=1', 'PYTHON_FRAME_INDEX frame_id=3 function_name=console_main filename=/home/kaiyaok2/.local/lib/python3.10/site-packages/_pytest/config/__init__.py lineno=189 is_entry_frame=1', 'PYTHON_FRAME_INDEX frame_id=4 function_name=main filename=/home/kaiyaok2/.local/lib/python3.10/site-packages/_pytest/config/__init__.py lineno=166 is_entry_frame=1', 'PYTHON_FRAME_INDEX frame_id=5 function_name=__call__ filename=/home/kaiyaok2/.local/lib/python3.10/site-packages/pluggy/_hooks.py lineno=493 is_entry_frame=1', 'PYTHON_FRAME_INDEX frame_id=6 function_name=_hookexec filename=/home/kaiyaok2/.local/lib/python3.10/site-packages/pluggy/_manager.py lineno=115 is_entry_frame=1', 'PYTHON_FRAME_INDEX frame_id=7 function_name=_multicall filename=/home/kaiyaok2/.local/lib/python3.10/site-packages/pluggy/_callers.py lineno=77 is_entry_frame=1', 'PYTHON_FRAME_INDEX frame_id=8 function_name=pytest_cmdline_main filename=/home/kaiyaok2/.local/lib/python3.10/site-packages/_pytest/main.py lineno=317 is_entry_frame=1', 'PYTHON_FRAME_INDEX frame_id=9 function_name=wrap_session filename=/home/kaiyaok2/.local/lib/python3.10/site-packages/_pytest/main.py lineno=270 is_entry_frame=1', 'PYTHON_FRAME_INDEX frame_id=10 function_name=_main filename=/home/kaiyaok2/.local/lib/python3.10/site-packages/_pytest/main.py lineno=324 is_entry_frame=1', 'PYTHON_FRAME_INDEX frame_id=11 function_name=pytest_runtestloop filename=/home/kaiyaok2/.local/lib/python3.10/site-packages/_pytest/main.py lineno=349 is_entry_frame=1', 'PYTHON_FRAME_INDEX frame_id=12 function_name=pytest_runtest_protocol filename=/home/kaiyaok2/.local/lib/python3.10/site-packages/_pytest/runner.py lineno=114 is_entry_frame=1', 'PYTHON_TRACE_INDEX frame_id=0 parent_index=0', 'PYTHON_TRACE_INDEX frame_id=1 parent_index=1', 'PYTHON_TRACE_INDEX frame_id=2 parent_index=2', 'PYTHON_TRACE_INDEX frame_id=3 parent_index=3', 'PYTHON_TRACE_INDEX frame_id=4 parent_index=4', 'PYTHON_TRACE_INDEX frame_id=5 parent_index=5', 'PYTHON_TRACE_INDEX frame_id=6 parent_index=6', 'PYTHON_TRACE_INDEX frame_id=7 parent_index=7', 'PYTHON_TRACE_INDEX frame_id=8 parent_index=8', 'PYTHON_TRACE_INDEX frame_id=9 parent_index=9', 'PYTHON_TRACE_INDEX frame_id=10 parent_index=10', 'PYTHON_TRACE_INDEX frame_id=5 parent_index=11', 'PYTHON_TRACE_INDEX frame_id=6 parent_index=12', 'PYTHON_TRACE_INDEX frame_id=7 parent_index=13', 'PYTHON_TRACE_INDEX frame_id=11 parent_index=14', 'PYTHON_TRACE_INDEX frame_id=5 parent_index=15', 'PYTHON_TRACE_INDEX frame_id=6 parent_index=16', 'PYTHON_TRACE_INDEX frame_id=7 parent_index=17', 'PYTHON_TRACE_INDEX frame_id=12 parent_index=18', 'PYTHON_TRACE_INDEX frame_id=13 parent_index=19', 'PYTHON_TRACE_INDEX frame_id=14 parent_index=20', 'PYTHON_TRACE_INDEX frame_id=15 parent_index=21', 'PYTHON_TRACE_INDEX frame_id=16 parent_index=22', 'PYTHON_TRACE_INDEX frame_id=17 parent_index=23', 'PYTHON_TRACE_INDEX frame_id=5 parent_index=24', 'PYTHON_TRACE_INDEX frame_id=6 parent_index=25', 'PYTHON_TRACE_INDEX frame_id=7 parent_index=26', 'PYTHON_TRACE_INDEX frame_id=18 parent_index=27', 'PYTHON_TRACE_INDEX frame_id=19 parent_index=28', 'PYTHON_TRACE_INDEX frame_id=5 parent_index=29', 'PYTHON_TRACE_INDEX frame_id=6 parent_index=30', 'PYTHON_TRACE_INDEX frame_id=7 parent_index=31', 'PYTHON_TRACE_INDEX frame_id=20 parent_index=32', 'PYTHON_TRACE_INDEX frame_id=21 parent_index=33', 'PYTHON_TRACE_INDEX frame_id=22 parent_index=34', 'AGGREGATED_ALLOCATION tid=1 allocator=valloc native_frame_id=104 python_frame_id=35 native_segment_generation=1 n_allocations_in_high_water_mark=1 n_allocations_leaked=0 bytes_in_high_water_mark=1024 bytes_leaked=0', 'AGGREGATED_TRAILER']
.
current test PASSED/SKIPPED -- test_successful_parse_of_aggregated_capture_file in /home/kaiyaok2/PythonProjects/memray/tests/integration/test_main.py: 530.3751795291901s cumulative, 3.1476218700408936s individual

.
current test PASSED/SKIPPED -- test_error_when_input_file_does_not_exist in /home/kaiyaok2/PythonProjects/memray/tests/integration/test_main.py: 531.3247723579407s cumulative, 0.9495928287506104s individual


unit/test_tui_reporter.py .
current test PASSED/SKIPPED -- test_tui_basic in /home/kaiyaok2/PythonProjects/memray/tests/unit/test_tui_reporter.py: 532.7079331874847s cumulative, 1.3831608295440674s individual


unit/test_tree_reporter.py .
current test PASSED/SKIPPED -- test_expand_linear_chain in /home/kaiyaok2/PythonProjects/memray/tests/unit/test_tree_reporter.py: 533.1691234111786s cumulative, 0.46119022369384766s individual

.
current test PASSED/SKIPPED -- test_single_chain_is_expanded in /home/kaiyaok2/PythonProjects/memray/tests/unit/test_tree_reporter.py: 533.4785692691803s cumulative, 0.309445858001709s individual


unit/test_cli.py F
current test FAILED -- test_run_with_live in /home/kaiyaok2/PythonProjects/memray/tests/unit/test_cli.py: 534.3595027923584s cumulative, 0.8809335231781006s individual

F
current test FAILED -- test_run_with_live_and_trace_python_allocators in /home/kaiyaok2/PythonProjects/memray/tests/unit/test_cli.py: 534.571414232254s cumulative, 0.21191143989562988s individual


unit/test_tui_reporter.py .
current test PASSED/SKIPPED -- test_tui_gradient in /home/kaiyaok2/PythonProjects/memray/tests/unit/test_tui_reporter.py: 537.7305335998535s cumulative, 3.1591193675994873s individual


unit/test_tree_reporter.py .
current test PASSED/SKIPPED -- test_biggest_allocations in /home/kaiyaok2/PythonProjects/memray/tests/unit/test_tree_reporter.py: 538.4341876506805s cumulative, 0.7036540508270264s individual


integration/test_tracking.py .
current test PASSED/SKIPPED -- test_munmap_multiple_mmaps in /home/kaiyaok2/PythonProjects/memray/tests/integration/test_tracking.py: 539.2573204040527s cumulative, 0.8231327533721924s individual

.
current test PASSED/SKIPPED -- test_pymalloc_allocation_tracking_deactivated in /home/kaiyaok2/PythonProjects/memray/tests/integration/test_tracking.py: 540.2957532405853s cumulative, 1.0384328365325928s individual

.
current test PASSED/SKIPPED -- test_simple_allocation_tracking in /home/kaiyaok2/PythonProjects/memray/tests/integration/test_tracking.py: 540.9974799156189s cumulative, 0.7017266750335693s individual

.
current test PASSED/SKIPPED -- test_munmap_multiple_mmaps_multiple_munmaps in /home/kaiyaok2/PythonProjects/memray/tests/integration/test_tracking.py: 541.784010887146s cumulative, 0.7865309715270996s individual

.
current test PASSED/SKIPPED -- test_no_allocations_while_tracking in /home/kaiyaok2/PythonProjects/memray/tests/integration/test_tracking.py: 542.599648475647s cumulative, 0.8156375885009766s individual


unit/test_tree_reporter.py .
current test PASSED/SKIPPED -- test_basic_node_selected_not_leaf in /home/kaiyaok2/PythonProjects/memray/tests/unit/test_tree_reporter.py: 543.543897151947s cumulative, 0.9442486763000488s individual


integration/test_ipython.py [0;31m---------------------------------------------------------------------------[0m
[0;31mZeroDivisionError[0m                         Traceback (most recent call last)
Cell [0;32mIn[1], line 9[0m
[1;32m      2[0m [38;5;28;01mwith[39;00m Tracker(
[1;32m      3[0m     [38;5;124m"[39m[38;5;124mmemray-results/tmp49hrg7j_/memray.dump[39m[38;5;124m"[39m,
[1;32m      4[0m     native_traces[38;5;241m=[39m[38;5;28;01mFalse[39;00m,
[1;32m      5[0m     trace_python_allocators[38;5;241m=[39m[38;5;28;01mFalse[39;00m,
[1;32m      6[0m     follow_fork[38;5;241m=[39m[38;5;28;01mFalse[39;00m,
[1;32m      7[0m ) [38;5;28;01mas[39;00m tracker:
[1;32m      8[0m     x [38;5;241m=[39m [38;5;124m"[39m[38;5;124ma[39m[38;5;124m"[39m [38;5;241m*[39m [38;5;241m10000[39m
[0;32m----> 9[0m     [38;5;241;43m1[39;49m[38;5;241;43m/[39;49m[38;5;241;43m0[39;49m

[0;31mZeroDivisionError[0m: division by zero


Results saved to memray-results/tmp49hrg7j_/flamegraph.html
.
current test PASSED/SKIPPED -- test_exception_while_ipython_profiling in /home/kaiyaok2/PythonProjects/memray/tests/integration/test_ipython.py: 545.3095388412476s cumulative, 1.765641689300537s individual


unit/test_table_reporter.py .
current test PASSED/SKIPPED -- test_single_allocation in /home/kaiyaok2/PythonProjects/memray/tests/unit/test_table_reporter.py: 545.3123636245728s cumulative, 0.0028247833251953125s individual

.
current test PASSED/SKIPPED -- test_single_native_allocation in /home/kaiyaok2/PythonProjects/memray/tests/unit/test_table_reporter.py: 545.3145842552185s cumulative, 0.002220630645751953s individual

.
current test PASSED/SKIPPED -- test_multiple_allocations in /home/kaiyaok2/PythonProjects/memray/tests/unit/test_table_reporter.py: 545.3169059753418s cumulative, 0.0023217201232910156s individual

.
current test PASSED/SKIPPED -- test_empty_report in /home/kaiyaok2/PythonProjects/memray/tests/unit/test_table_reporter.py: 545.3190746307373s cumulative, 0.0021686553955078125s individual

.
current test PASSED/SKIPPED -- test_empty_stack_trace in /home/kaiyaok2/PythonProjects/memray/tests/unit/test_table_reporter.py: 545.3213136196136s cumulative, 0.0022389888763427734s individual


unit/test_flamegraph_reporter.py .
current test PASSED/SKIPPED -- test_sanity_check_with_real_allocations in /home/kaiyaok2/PythonProjects/memray/tests/unit/test_flamegraph_reporter.py: 546.3122742176056s cumulative, 0.9909605979919434s individual


integration/test_native_tracking.py .
current test PASSED/SKIPPED -- test_inlined_call_chain_with_native_tracking in /home/kaiyaok2/PythonProjects/memray/tests/integration/test_native_tracking.py: 550.6094944477081s cumulative, 4.297220230102539s individual


integration/test_tracing.py .
current test PASSED/SKIPPED -- test_identical_stack_traces_started_in_different_lines_in_the_root_do_not_compare_equal in /home/kaiyaok2/PythonProjects/memray/tests/integration/test_tracing.py: 551.6980812549591s cumulative, 1.0885868072509766s individual

.
current test PASSED/SKIPPED -- test_large_number_of_frame_pops_between_subsequent_allocations in /home/kaiyaok2/PythonProjects/memray/tests/integration/test_tracing.py: 552.8694312572479s cumulative, 1.1713500022888184s individual


integration/test_native_tracking.py .
current test PASSED/SKIPPED -- test_deep_call_chain_with_native_tracking in /home/kaiyaok2/PythonProjects/memray/tests/integration/test_native_tracking.py: 557.0432872772217s cumulative, 4.173856019973755s individual


integration/test_tracing.py .
current test PASSED/SKIPPED -- test_profile_function_is_restored_after_tracking in /home/kaiyaok2/PythonProjects/memray/tests/integration/test_tracing.py: 557.9036128520966s cumulative, 0.8603255748748779s individual


integration/test_main.py .
current test PASSED/SKIPPED -- test_leaks_with_pymalloc_warning in /home/kaiyaok2/PythonProjects/memray/tests/integration/test_main.py: 561.4791944026947s cumulative, 3.5755815505981445s individual


unit/test_highwatermark_command.py .
current test PASSED/SKIPPED -- test_fails_when_results_does_not_exist in /home/kaiyaok2/PythonProjects/memray/tests/unit/test_highwatermark_command.py: 561.5004985332489s cumulative, 0.02130413055419922s individual

.
current test PASSED/SKIPPED -- test_uses_determine_output_filename_when_output_is_none in /home/kaiyaok2/PythonProjects/memray/tests/unit/test_highwatermark_command.py: 561.5228719711304s cumulative, 0.022373437881469727s individual

.
current test PASSED/SKIPPED -- test_succeeds_when_fallback_output_exists_but_can_overwrite in /home/kaiyaok2/PythonProjects/memray/tests/unit/test_highwatermark_command.py: 561.5453979969025s cumulative, 0.022526025772094727s individual

.
current test PASSED/SKIPPED -- test_generates_output_name_when_none in /home/kaiyaok2/PythonProjects/memray/tests/unit/test_highwatermark_command.py: 561.5681500434875s cumulative, 0.022752046585083008s individual

.
current test PASSED/SKIPPED -- test_fails_when_fallback_output_exists in /home/kaiyaok2/PythonProjects/memray/tests/unit/test_highwatermark_command.py: 561.593462228775s cumulative, 0.025312185287475586s individual

.
current test PASSED/SKIPPED -- test_uses_output_name_as_given in /home/kaiyaok2/PythonProjects/memray/tests/unit/test_highwatermark_command.py: 561.6468050479889s cumulative, 0.05334281921386719s individual

.
current test PASSED/SKIPPED -- test_succeeds_when_given_output_exists_but_can_overwrite in /home/kaiyaok2/PythonProjects/memray/tests/unit/test_highwatermark_command.py: 561.6764748096466s cumulative, 0.029669761657714844s individual

.
current test PASSED/SKIPPED -- test_fails_when_given_output_exists in /home/kaiyaok2/PythonProjects/memray/tests/unit/test_highwatermark_command.py: 561.7003464698792s cumulative, 0.023871660232543945s individual


unit/test_transform_reporter.py .
current test PASSED/SKIPPED -- test_single_native_allocation in /home/kaiyaok2/PythonProjects/memray/tests/unit/test_transform_reporter.py: 561.7132506370544s cumulative, 0.012904167175292969s individual

.
current test PASSED/SKIPPED -- test_empty_stack_trace in /home/kaiyaok2/PythonProjects/memray/tests/unit/test_transform_reporter.py: 561.7259433269501s cumulative, 0.012692689895629883s individual

.
current test PASSED/SKIPPED -- test_single_allocation in /home/kaiyaok2/PythonProjects/memray/tests/unit/test_transform_reporter.py: 561.7372918128967s cumulative, 0.011348485946655273s individual

.
current test PASSED/SKIPPED -- test_empty_report in /home/kaiyaok2/PythonProjects/memray/tests/unit/test_transform_reporter.py: 561.7660691738129s cumulative, 0.028777360916137695s individual

.
current test PASSED/SKIPPED -- test_multiple_allocations in /home/kaiyaok2/PythonProjects/memray/tests/unit/test_transform_reporter.py: 561.7809002399445s cumulative, 0.014831066131591797s individual

.
current test PASSED/SKIPPED -- test_multiple_stack_frames in /home/kaiyaok2/PythonProjects/memray/tests/unit/test_transform_reporter.py: 561.7944974899292s cumulative, 0.013597249984741211s individual

.
current test PASSED/SKIPPED -- test_single_allocation in /home/kaiyaok2/PythonProjects/memray/tests/unit/test_transform_reporter.py: 561.8116788864136s cumulative, 0.017181396484375s individual

.
current test PASSED/SKIPPED -- test_single_native_allocation in /home/kaiyaok2/PythonProjects/memray/tests/unit/test_transform_reporter.py: 561.8260853290558s cumulative, 0.014406442642211914s individual

.
current test PASSED/SKIPPED -- test_empty_stack_trace in /home/kaiyaok2/PythonProjects/memray/tests/unit/test_transform_reporter.py: 561.84126496315s cumulative, 0.015179634094238281s individual

.
current test PASSED/SKIPPED -- test_multiple_allocations in /home/kaiyaok2/PythonProjects/memray/tests/unit/test_transform_reporter.py: 561.8573844432831s cumulative, 0.01611948013305664s individual

.
current test PASSED/SKIPPED -- test_empty_report in /home/kaiyaok2/PythonProjects/memray/tests/unit/test_transform_reporter.py: 561.8724293708801s cumulative, 0.015044927597045898s individual


integration/test_main.py .
current test PASSED/SKIPPED -- test_sys_manipulations_when_running_cmd in /home/kaiyaok2/PythonProjects/memray/tests/integration/test_main.py: 563.1287269592285s cumulative, 1.2562975883483887s individual

.
current test PASSED/SKIPPED -- test_can_generate_reports_with_native_traces in /home/kaiyaok2/PythonProjects/memray/tests/integration/test_main.py: 566.6787097454071s cumulative, 3.549982786178589s individual

.
current test PASSED/SKIPPED -- test_report_detects_corrupt_input in /home/kaiyaok2/PythonProjects/memray/tests/integration/test_main.py: 568.0697405338287s cumulative, 1.3910307884216309s individual

.
current test PASSED/SKIPPED -- test_report_detects_corrupt_input in /home/kaiyaok2/PythonProjects/memray/tests/integration/test_main.py: 569.9620287418365s cumulative, 1.8922882080078125s individual


integration/test_tracing.py .
current test PASSED/SKIPPED -- test_thread_surviving_multiple_trackers in /home/kaiyaok2/PythonProjects/memray/tests/integration/test_tracing.py: 572.2352352142334s cumulative, 2.2732064723968506s individual


integration/test_tracking.py .
current test PASSED/SKIPPED -- test_pymalloc_allocation_tracking_deactivated in /home/kaiyaok2/PythonProjects/memray/tests/integration/test_tracking.py: 573.407454252243s cumulative, 1.1722190380096436s individual

.
current test PASSED/SKIPPED -- test_thread_allocations_multiple_threads in /home/kaiyaok2/PythonProjects/memray/tests/integration/test_tracking.py: 574.8529055118561s cumulative, 1.445451259613037s individual

.
current test PASSED/SKIPPED -- test_simple_pymalloc_allocation_tracking in /home/kaiyaok2/PythonProjects/memray/tests/integration/test_tracking.py: 576.2469973564148s cumulative, 1.3940918445587158s individual

.
current test PASSED/SKIPPED -- test_non_freed_allocations_are_accounted_for in /home/kaiyaok2/PythonProjects/memray/tests/integration/test_tracking.py: 577.614289522171s cumulative, 1.3672921657562256s individual

.
current test PASSED/SKIPPED -- test_simple_allocation_tracking in /home/kaiyaok2/PythonProjects/memray/tests/integration/test_tracking.py: 579.1952953338623s cumulative, 1.5810058116912842s individual

.
current test PASSED/SKIPPED -- test_aggregation_same_python_stack_but_different_native_stack in /home/kaiyaok2/PythonProjects/memray/tests/integration/test_tracking.py: 580.6847891807556s cumulative, 1.4894938468933105s individual

.
current test PASSED/SKIPPED -- test_thread_allocations_multiple_threads in /home/kaiyaok2/PythonProjects/memray/tests/integration/test_tracking.py: 582.2470471858978s cumulative, 1.562258005142212s individual


unit/test_tree_reporter.py .
current test PASSED/SKIPPED -- test_hide_import_system_idempotency in /home/kaiyaok2/PythonProjects/memray/tests/unit/test_tree_reporter.py: 584.2304515838623s cumulative, 1.9834043979644775s individual


integration/test_tracking.py .
current test PASSED/SKIPPED -- test_unmatched_allocations_are_not_reported in /home/kaiyaok2/PythonProjects/memray/tests/integration/test_tracking.py: 585.762241601944s cumulative, 1.531790018081665s individual


unit/test_tree_reporter.py .
current test PASSED/SKIPPED -- test_two_chains_after_expanding_second in /home/kaiyaok2/PythonProjects/memray/tests/unit/test_tree_reporter.py: 590.5435688495636s cumulative, 4.781327247619629s individual


integration/test_tracking.py .
current test PASSED/SKIPPED -- test_unmatched_deallocations_are_not_reported in /home/kaiyaok2/PythonProjects/memray/tests/integration/test_tracking.py: 591.6829228401184s cumulative, 1.1393539905548096s individual

.
current test PASSED/SKIPPED -- test_simple_pymalloc_allocation_tracking in /home/kaiyaok2/PythonProjects/memray/tests/integration/test_tracking.py: 592.6507768630981s cumulative, 0.9678540229797363s individual

.
current test PASSED/SKIPPED -- test_allocations_that_are_freed_do_not_appear_as_leaks in /home/kaiyaok2/PythonProjects/memray/tests/integration/test_tracking.py: 593.8296389579773s cumulative, 1.1788620948791504s individual

.
current test PASSED/SKIPPED -- test_simple_allocation_tracking in /home/kaiyaok2/PythonProjects/memray/tests/integration/test_tracking.py: 594.7381269931793s cumulative, 0.9084880352020264s individual

.
current test PASSED/SKIPPED -- test_allocations_aggregation_on_same_line in /home/kaiyaok2/PythonProjects/memray/tests/integration/test_tracking.py: 595.7484860420227s cumulative, 1.0103590488433838s individual


unit/test_tui_reporter.py .
current test PASSED/SKIPPED -- test_sorting in /home/kaiyaok2/PythonProjects/memray/tests/unit/test_tui_reporter.py: 602.1047606468201s cumulative, 6.356274604797363s individual

.
current test PASSED/SKIPPED -- test_tui_pause in /home/kaiyaok2/PythonProjects/memray/tests/unit/test_tui_reporter.py: 606.8517470359802s cumulative, 4.746986389160156s individual

.
current test PASSED/SKIPPED -- test_pid_display in /home/kaiyaok2/PythonProjects/memray/tests/unit/test_tui_reporter.py: 609.2611885070801s cumulative, 2.4094414710998535s individual


unit/test_tree_reporter.py .
current test PASSED/SKIPPED -- test_hide_import_system in /home/kaiyaok2/PythonProjects/memray/tests/unit/test_tree_reporter.py: 611.6298756599426s cumulative, 2.368687152862549s individual


unit/test_cli.py Run 'memray3.10 live 1234' in another shell to see live results
.
current test PASSED/SKIPPED -- test_run_with_live_remote in /home/kaiyaok2/PythonProjects/memray/tests/unit/test_cli.py: 611.7395539283752s cumulative, 0.10967826843261719s individual

Writing profile results into my_output
[memray] Successfully generated profile results.

You can now generate reports from the stored allocation records.
Some example commands to generate reports:

/usr/bin/python3 -m memray flamegraph my_output
.
current test PASSED/SKIPPED -- test_run_overwrite_output_file in /home/kaiyaok2/PythonProjects/memray/tests/unit/test_cli.py: 611.8515484333038s cumulative, 0.11199450492858887s individual

Writing profile results into memray-foobar.0.bin
[memray] Successfully generated profile results.

You can now generate reports from the stored allocation records.
Some example commands to generate reports:

/usr/bin/python3 -m memray flamegraph memray-foobar.0.bin
.
current test PASSED/SKIPPED -- test_run_with_native_mode in /home/kaiyaok2/PythonProjects/memray/tests/unit/test_cli.py: 611.9586641788483s cumulative, 0.1071157455444336s individual

Writing profile results into memray-foobar.py.<MagicMock name='getpid()' id='140036377836128'>.bin
[memray] Successfully generated profile results.

You can now generate reports from the stored allocation records.
Some example commands to generate reports:

/usr/bin/python3 -m memray flamegraph memray-foobar.py.<MagicMock name='getpid()' id='140036377836128'>.bin
.
current test PASSED/SKIPPED -- test_run_file in /home/kaiyaok2/PythonProjects/memray/tests/unit/test_cli.py: 612.084671497345s cumulative, 0.1260073184967041s individual

Writing profile results into memray-foobar.<MagicMock name='getpid()' id='140036377435904'>.bin
[memray] Successfully generated profile results.

You can now generate reports from the stored allocation records.
Some example commands to generate reports:

/usr/bin/python3 -m memray flamegraph memray-foobar.<MagicMock name='getpid()' id='140036377435904'>.bin
.
current test PASSED/SKIPPED -- test_run_module in /home/kaiyaok2/PythonProjects/memray/tests/unit/test_cli.py: 612.2015850543976s cumulative, 0.1169135570526123s individual

Writing profile results into my_output
[memray] Successfully generated profile results.

You can now generate reports from the stored allocation records.
Some example commands to generate reports:

/usr/bin/python3 -m memray flamegraph my_output
.
current test PASSED/SKIPPED -- test_run_override_output in /home/kaiyaok2/PythonProjects/memray/tests/unit/test_cli.py: 612.2973837852478s cumulative, 0.09579873085021973s individual

Run 'memray3.10 live 1111' in another shell to see live results
.
current test PASSED/SKIPPED -- test_run_with_live_remote_and_live_port in /home/kaiyaok2/PythonProjects/memray/tests/unit/test_cli.py: 612.4104323387146s cumulative, 0.11304855346679688s individual

Writing profile results into memray-foobar.0.bin
[memray] Successfully generated profile results.

You can now generate reports from the stored allocation records.
Some example commands to generate reports:

/usr/bin/python3 -m memray flamegraph memray-foobar.0.bin
.
current test PASSED/SKIPPED -- test_run_default_output in /home/kaiyaok2/PythonProjects/memray/tests/unit/test_cli.py: 612.5263113975525s cumulative, 0.11587905883789062s individual

Writing profile results into memray-string.<MagicMock name='getpid()' id='140036377978544'>.bin
[memray] Successfully generated profile results.

You can now generate reports from the stored allocation records.
Some example commands to generate reports:

/usr/bin/python3 -m memray flamegraph memray-string.<MagicMock name='getpid()' id='140036377978544'>.bin
.
current test PASSED/SKIPPED -- test_run_cmd in /home/kaiyaok2/PythonProjects/memray/tests/unit/test_cli.py: 612.638843536377s cumulative, 0.11253213882446289s individual

Run 'memray3.10 live 1234' in another shell to see live results
.
current test PASSED/SKIPPED -- test_run_with_trace_python_allocators_and_live_remote_mode in /home/kaiyaok2/PythonProjects/memray/tests/unit/test_cli.py: 612.7694659233093s cumulative, 0.13062238693237305s individual

.
current test PASSED/SKIPPED -- test_no_args_passed in /home/kaiyaok2/PythonProjects/memray/tests/unit/test_cli.py: 612.8469777107239s cumulative, 0.07751178741455078s individual

Writing profile results into ./directory/memray-foobar.py.0.bin
[memray] Successfully generated profile results.

You can now generate reports from the stored allocation records.
Some example commands to generate reports:

/usr/bin/python3 -m memray flamegraph ./directory/memray-foobar.py.0.bin
.
current test PASSED/SKIPPED -- test_run_relative_file in /home/kaiyaok2/PythonProjects/memray/tests/unit/test_cli.py: 612.9339601993561s cumulative, 0.08698248863220215s individual


integration/test_tracing.py .
current test PASSED/SKIPPED -- test_identical_stack_traces_started_in_different_lines_in_a_function_do_not_compare_equal in /home/kaiyaok2/PythonProjects/memray/tests/integration/test_tracing.py: 613.79336977005s cumulative, 0.8594095706939697s individual

.
current test PASSED/SKIPPED -- test_high_watermark_records_can_be_retrieved_twice in /home/kaiyaok2/PythonProjects/memray/tests/integration/test_tracing.py: 614.7407474517822s cumulative, 0.9473776817321777s individual

.
current test PASSED/SKIPPED -- test_initial_tracking_frames_are_correctly_populated in /home/kaiyaok2/PythonProjects/memray/tests/integration/test_tracing.py: 615.875643491745s cumulative, 1.1348960399627686s individual


unit/test_tui_reporter.py .
current test PASSED/SKIPPED -- test_pid_display in /home/kaiyaok2/PythonProjects/memray/tests/unit/test_tui_reporter.py: 618.1123855113983s cumulative, 2.2367420196533203s individual

.
current test PASSED/SKIPPED -- test_tui_pause in /home/kaiyaok2/PythonProjects/memray/tests/unit/test_tui_reporter.py: 622.7075650691986s cumulative, 4.595179557800293s individual

.
current test PASSED/SKIPPED -- test_tui_basic in /home/kaiyaok2/PythonProjects/memray/tests/unit/test_tui_reporter.py: 627.6135778427124s cumulative, 4.906012773513794s individual


unit/test_tree_reporter.py .
current test PASSED/SKIPPED -- test_allocations_of_different_sizes in /home/kaiyaok2/PythonProjects/memray/tests/unit/test_tree_reporter.py: 636.3451557159424s cumulative, 8.73157787322998s individual


integration/test_main.py .
current test PASSED/SKIPPED -- test_report_detects_missing_input in /home/kaiyaok2/PythonProjects/memray/tests/integration/test_main.py: 637.8846428394318s cumulative, 1.5394871234893799s individual


unit/test_tree_reporter.py .
current test PASSED/SKIPPED -- test_show_uninteresting_and_hide_import_system in /home/kaiyaok2/PythonProjects/memray/tests/unit/test_tree_reporter.py: 640.3868796825409s cumulative, 2.502236843109131s individual


unit/test_tracker.py .
current test PASSED/SKIPPED -- test_the_same_tracker_cannot_be_activated_twice in /home/kaiyaok2/PythonProjects/memray/tests/unit/test_tracker.py: 641.2932002544403s cumulative, 0.9063205718994141s individual


unit/test_highwatermark_command.py ⚠  No debug information was found for the Python interpreter  ⚠

Without debug information reports showing native traces may not include file 
names and line numbers. Please use an interpreter built with debug symbols for 
best results. Check https://bloomberg.github.io/memray/native_mode.html for more
information regarding how memray resolves symbols.

.
current test PASSED/SKIPPED -- test_tracker_and_reporter_interactions_for_leak in /home/kaiyaok2/PythonProjects/memray/tests/unit/test_highwatermark_command.py: 642.4968974590302s cumulative, 1.2036972045898438s individual


integration/test_tracing.py .
current test PASSED/SKIPPED -- test_traceback_for_high_watermark_records_can_be_retrieved_twice in /home/kaiyaok2/PythonProjects/memray/tests/integration/test_tracing.py: 643.3524644374847s cumulative, 0.8555669784545898s individual

.
current test PASSED/SKIPPED -- test_cython_traceback in /home/kaiyaok2/PythonProjects/memray/tests/integration/test_tracing.py: 644.2658135890961s cumulative, 0.9133491516113281s individual


integration/test_tracking.py .
current test PASSED/SKIPPED -- test_header_allocator in /home/kaiyaok2/PythonProjects/memray/tests/integration/test_tracking.py: 644.8159377574921s cumulative, 0.5501241683959961s individual

.
current test PASSED/SKIPPED -- test_get_header_after_snapshot in /home/kaiyaok2/PythonProjects/memray/tests/integration/test_tracking.py: 645.5801882743835s cumulative, 0.7642505168914795s individual


unit/test_tree_reporter.py .
current test PASSED/SKIPPED -- test_basic in /home/kaiyaok2/PythonProjects/memray/tests/unit/test_tree_reporter.py: 647.2388534545898s cumulative, 1.6586651802062988s individual


unit/test_attach.py Error usage: memray [-h] [-v] [-V]
              {run,flamegraph,table,live,tree,parse,summary,stats,transform,attach,detach}
              ...
memray: error: Can't use aggregated mode without an output file.

.
current test PASSED/SKIPPED -- test_memray_attach_aggregated_without_output_file in /home/kaiyaok2/PythonProjects/memray/tests/unit/test_attach.py: 647.2927587032318s cumulative, 0.05390524864196777s individual


integration/test_processes.py .
current test PASSED/SKIPPED -- test_allocations_with_multiprocessing_following_fork in /home/kaiyaok2/PythonProjects/memray/tests/integration/test_processes.py: 649.8370788097382s cumulative, 2.5443201065063477s individual


unit/test_tui_reporter.py .
current test PASSED/SKIPPED -- test_update_thread in /home/kaiyaok2/PythonProjects/memray/tests/unit/test_tui_reporter.py: 651.3715662956238s cumulative, 1.5344874858856201s individual


unit/test_flamegraph_reporter.py .
current test PASSED/SKIPPED -- test_uses_hybrid_stack_for_native_traces in /home/kaiyaok2/PythonProjects/memray/tests/unit/test_flamegraph_reporter.py: 651.3873076438904s cumulative, 0.015741348266601562s individual

.
current test PASSED/SKIPPED -- test_inverted_works_with_one_top_level_node in /home/kaiyaok2/PythonProjects/memray/tests/unit/test_flamegraph_reporter.py: 651.397552728653s cumulative, 0.010245084762573242s individual

.
current test PASSED/SKIPPED -- test_inverted_works_with_no_allocations in /home/kaiyaok2/PythonProjects/memray/tests/unit/test_flamegraph_reporter.py: 651.4062306880951s cumulative, 0.008677959442138672s individual

.
current test PASSED/SKIPPED -- test_inverted_works_with_merged_threads in /home/kaiyaok2/PythonProjects/memray/tests/unit/test_flamegraph_reporter.py: 651.4174203872681s cumulative, 0.011189699172973633s individual

.
current test PASSED/SKIPPED -- test_two_branches_first_is_importlib in /home/kaiyaok2/PythonProjects/memray/tests/unit/test_flamegraph_reporter.py: 651.4292094707489s cumulative, 0.011789083480834961s individual

.
current test PASSED/SKIPPED -- test_importlib_full_stack_is_detected in /home/kaiyaok2/PythonProjects/memray/tests/unit/test_flamegraph_reporter.py: 651.4388039112091s cumulative, 0.009594440460205078s individual

.
current test PASSED/SKIPPED -- test_works_with_recursive_calls in /home/kaiyaok2/PythonProjects/memray/tests/unit/test_flamegraph_reporter.py: 651.4538118839264s cumulative, 0.015007972717285156s individual

.
current test PASSED/SKIPPED -- test_works_with_no_allocations in /home/kaiyaok2/PythonProjects/memray/tests/unit/test_flamegraph_reporter.py: 651.4612097740173s cumulative, 0.007397890090942383s individual

.
current test PASSED/SKIPPED -- test_inverted_single_importlib_frame_is_detected in /home/kaiyaok2/PythonProjects/memray/tests/unit/test_flamegraph_reporter.py: 651.4754800796509s cumulative, 0.014270305633544922s individual

.
current test PASSED/SKIPPED -- test_inverted_drops_cpython_frames in /home/kaiyaok2/PythonProjects/memray/tests/unit/test_flamegraph_reporter.py: 651.4882831573486s cumulative, 0.012803077697753906s individual

.
current test PASSED/SKIPPED -- test_inverted_two_branches_both_are_importlib in /home/kaiyaok2/PythonProjects/memray/tests/unit/test_flamegraph_reporter.py: 651.5021994113922s cumulative, 0.013916254043579102s individual

.
current test PASSED/SKIPPED -- test_inverted_works_with_single_call in /home/kaiyaok2/PythonProjects/memray/tests/unit/test_flamegraph_reporter.py: 651.5151927471161s cumulative, 0.012993335723876953s individual

.
current test PASSED/SKIPPED -- test_works_with_multiple_top_level_nodes in /home/kaiyaok2/PythonProjects/memray/tests/unit/test_flamegraph_reporter.py: 651.5236988067627s cumulative, 0.008506059646606445s individual

.
current test PASSED/SKIPPED -- test_inverted_works_with_split_threads in /home/kaiyaok2/PythonProjects/memray/tests/unit/test_flamegraph_reporter.py: 651.5330975055695s cumulative, 0.009398698806762695s individual

.
current test PASSED/SKIPPED -- test_inverted_works_with_recursive_calls in /home/kaiyaok2/PythonProjects/memray/tests/unit/test_flamegraph_reporter.py: 651.5537416934967s cumulative, 0.020644187927246094s individual

.
current test PASSED/SKIPPED -- test_works_with_multiple_stacks_from_same_caller_two_frames_above in /home/kaiyaok2/PythonProjects/memray/tests/unit/test_flamegraph_reporter.py: 651.5669939517975s cumulative, 0.01325225830078125s individual

.
current test PASSED/SKIPPED -- test_two_branches_second_is_importlib in /home/kaiyaok2/PythonProjects/memray/tests/unit/test_flamegraph_reporter.py: 651.5783452987671s cumulative, 0.011351346969604492s individual

.
current test PASSED/SKIPPED -- test_inverted_works_with_multiple_stacks_from_same_caller_two_frames_above in /home/kaiyaok2/PythonProjects/memray/tests/unit/test_flamegraph_reporter.py: 651.5980339050293s cumulative, 0.01968860626220703s individual

.
current test PASSED/SKIPPED -- test_drops_cpython_frames in /home/kaiyaok2/PythonProjects/memray/tests/unit/test_flamegraph_reporter.py: 651.6072125434875s cumulative, 0.009178638458251953s individual

.
current test PASSED/SKIPPED -- test_inverted_importlib_full_stack_is_detected in /home/kaiyaok2/PythonProjects/memray/tests/unit/test_flamegraph_reporter.py: 651.616705417633s cumulative, 0.009492874145507812s individual

.
current test PASSED/SKIPPED -- test_inverted_two_branches_second_is_importlib in /home/kaiyaok2/PythonProjects/memray/tests/unit/test_flamegraph_reporter.py: 651.6337878704071s cumulative, 0.01708245277404785s individual

.
current test PASSED/SKIPPED -- test_works_with_multiple_stacks_from_same_caller in /home/kaiyaok2/PythonProjects/memray/tests/unit/test_flamegraph_reporter.py: 651.6453549861908s cumulative, 0.011567115783691406s individual

.
current test PASSED/SKIPPED -- test_two_branches_both_are_importlib in /home/kaiyaok2/PythonProjects/memray/tests/unit/test_flamegraph_reporter.py: 651.65931391716s cumulative, 0.013958930969238281s individual

.
current test PASSED/SKIPPED -- test_works_with_single_call in /home/kaiyaok2/PythonProjects/memray/tests/unit/test_flamegraph_reporter.py: 651.6736419200897s cumulative, 0.0143280029296875s individual

.
current test PASSED/SKIPPED -- test_inverted_importlib_partial_stack_is_detected in /home/kaiyaok2/PythonProjects/memray/tests/unit/test_flamegraph_reporter.py: 651.6917066574097s cumulative, 0.01806473731994629s individual

.
current test PASSED/SKIPPED -- test_works_with_split_threads in /home/kaiyaok2/PythonProjects/memray/tests/unit/test_flamegraph_reporter.py: 651.7058193683624s cumulative, 0.014112710952758789s individual

.
current test PASSED/SKIPPED -- test_inverted_uses_hybrid_stack_for_native_traces in /home/kaiyaok2/PythonProjects/memray/tests/unit/test_flamegraph_reporter.py: 651.7201430797577s cumulative, 0.014323711395263672s individual

.
current test PASSED/SKIPPED -- test_works_with_merged_threads in /home/kaiyaok2/PythonProjects/memray/tests/unit/test_flamegraph_reporter.py: 651.7280766963959s cumulative, 0.007933616638183594s individual

.
current test PASSED/SKIPPED -- test_single_importlib_frame_is_detected in /home/kaiyaok2/PythonProjects/memray/tests/unit/test_flamegraph_reporter.py: 651.7550282478333s cumulative, 0.02695155143737793s individual

.
current test PASSED/SKIPPED -- test_inverted_works_with_multiple_top_level_nodes_with_merge in /home/kaiyaok2/PythonProjects/memray/tests/unit/test_flamegraph_reporter.py: 651.7674562931061s cumulative, 0.012428045272827148s individual

.
current test PASSED/SKIPPED -- test_importlib_partial_stack_is_detected in /home/kaiyaok2/PythonProjects/memray/tests/unit/test_flamegraph_reporter.py: 651.7785432338715s cumulative, 0.01108694076538086s individual


integration/test_tracking.py .
current test PASSED/SKIPPED -- test_temporary_allocations_outside_buffer_are_not_detected in /home/kaiyaok2/PythonProjects/memray/tests/integration/test_tracking.py: 652.5994894504547s cumulative, 0.820946216583252s individual

.
current test PASSED/SKIPPED -- test_munmap_multiple_mmaps_multiple_munmaps in /home/kaiyaok2/PythonProjects/memray/tests/integration/test_tracking.py: 653.5762059688568s cumulative, 0.9767165184020996s individual


integration/test_main.py .
current test PASSED/SKIPPED -- test_report_detects_missing_input in /home/kaiyaok2/PythonProjects/memray/tests/integration/test_main.py: 655.0247068405151s cumulative, 1.4485008716583252s individual

.
current test PASSED/SKIPPED -- test_run_live_tracking_invalid_port in /home/kaiyaok2/PythonProjects/memray/tests/integration/test_main.py: 656.5577466487885s cumulative, 1.5330398082733154s individual


integration/test_tracing.py .
current test PASSED/SKIPPED -- test_mmap in /home/kaiyaok2/PythonProjects/memray/tests/integration/test_tracing.py: 657.6303839683533s cumulative, 1.0726373195648193s individual


unit/test_tree_reporter.py .
current test PASSED/SKIPPED -- test_uninteresting_leaves in /home/kaiyaok2/PythonProjects/memray/tests/unit/test_tree_reporter.py: 659.2198464870453s cumulative, 1.5894625186920166s individual

.
current test PASSED/SKIPPED -- test_no_allocations in /home/kaiyaok2/PythonProjects/memray/tests/unit/test_tree_reporter.py: 660.1132397651672s cumulative, 0.8933932781219482s individual

.
current test PASSED/SKIPPED -- test_only_biggest_chain_is_expanded in /home/kaiyaok2/PythonProjects/memray/tests/unit/test_tree_reporter.py: 661.0210378170013s cumulative, 0.9077980518341064s individual


integration/test_tracking.py .
current test PASSED/SKIPPED -- test_simple_allocation_tracking in /home/kaiyaok2/PythonProjects/memray/tests/integration/test_tracking.py: 661.8475382328033s cumulative, 0.826500415802002s individual


unit/test_tui_reporter.py .
current test PASSED/SKIPPED -- test_command_line_display in /home/kaiyaok2/PythonProjects/memray/tests/unit/test_tui_reporter.py: 669.5183498859406s cumulative, 7.670811653137207s individual


integration/test_tracking.py .
current test PASSED/SKIPPED -- test_memory_snapshots_are_written in /home/kaiyaok2/PythonProjects/memray/tests/integration/test_tracking.py: 671.0203652381897s cumulative, 1.5020153522491455s individual

.
current test PASSED/SKIPPED -- test_temporary_allocations_with_two_allocators_are_detected in /home/kaiyaok2/PythonProjects/memray/tests/integration/test_tracking.py: 672.3905446529388s cumulative, 1.3701794147491455s individual

.
current test PASSED/SKIPPED -- test_temporary_allocations_are_detected in /home/kaiyaok2/PythonProjects/memray/tests/integration/test_tracking.py: 673.7893595695496s cumulative, 1.3988149166107178s individual

.
current test PASSED/SKIPPED -- test_partial_munmap_split_in_middle in /home/kaiyaok2/PythonProjects/memray/tests/integration/test_tracking.py: 674.7197799682617s cumulative, 0.9304203987121582s individual


unit/test_tui_reporter.py .
current test PASSED/SKIPPED -- test_tui_basic in /home/kaiyaok2/PythonProjects/memray/tests/unit/test_tui_reporter.py: 680.6482813358307s cumulative, 5.92850136756897s individual


integration/test_extensions.py .
current test PASSED/SKIPPED -- test_misbehaving_extension in /home/kaiyaok2/PythonProjects/memray/tests/integration/test_extensions.py: 684.2374606132507s cumulative, 3.589179277420044s individual


unit/test_flamegraph_reporter.py .
current test PASSED/SKIPPED -- test_inverted_very_deep_call_is_limited in /home/kaiyaok2/PythonProjects/memray/tests/unit/test_flamegraph_reporter.py: 686.8670909404755s cumulative, 2.6296303272247314s individual


integration/test_main.py .
current test PASSED/SKIPPED -- test_live_tracking_invalid_port in /home/kaiyaok2/PythonProjects/memray/tests/integration/test_main.py: 687.8953619003296s cumulative, 1.028270959854126s individual

.
current test PASSED/SKIPPED -- test_run_file_with_args in /home/kaiyaok2/PythonProjects/memray/tests/integration/test_main.py: 689.442845582962s cumulative, 1.5474836826324463s individual


integration/test_ipython.py 

Results saved to memray-results/tmpf6_bk2hi/flamegraph.html
.
current test PASSED/SKIPPED -- test_ipython_profiling in /home/kaiyaok2/PythonProjects/memray/tests/integration/test_ipython.py: 690.7042491436005s cumulative, 1.2614035606384277s individual


integration/test_tracking.py .
current test PASSED/SKIPPED -- test_partial_munmap_multiple_split_in_middle in /home/kaiyaok2/PythonProjects/memray/tests/integration/test_tracking.py: 691.8595492839813s cumulative, 1.1553001403808594s individual

.
current test PASSED/SKIPPED -- test_partial_munmap in /home/kaiyaok2/PythonProjects/memray/tests/integration/test_tracking.py: 693.2046308517456s cumulative, 1.3450815677642822s individual

.
current test PASSED/SKIPPED -- test_simple_allocation_tracking in /home/kaiyaok2/PythonProjects/memray/tests/integration/test_tracking.py: 694.7871172428131s cumulative, 1.5824863910675049s individual

.
current test PASSED/SKIPPED -- test_allocations_aggregation_on_same_line in /home/kaiyaok2/PythonProjects/memray/tests/integration/test_tracking.py: 696.0037043094635s cumulative, 1.2165870666503906s individual

.
current test PASSED/SKIPPED -- test_simple_allocation_tracking in /home/kaiyaok2/PythonProjects/memray/tests/integration/test_tracking.py: 697.137051820755s cumulative, 1.133347511291504s individual

.
current test PASSED/SKIPPED -- test_pymalloc_allocation_tracking_deactivated in /home/kaiyaok2/PythonProjects/memray/tests/integration/test_tracking.py: 698.7145299911499s cumulative, 1.5774781703948975s individual

.
current test PASSED/SKIPPED -- test_simple_allocation_tracking in /home/kaiyaok2/PythonProjects/memray/tests/integration/test_tracking.py: 699.8103783130646s cumulative, 1.0958483219146729s individual

.
current test PASSED/SKIPPED -- test_pymalloc_allocation_tracking_deactivated in /home/kaiyaok2/PythonProjects/memray/tests/integration/test_tracking.py: 700.9465448856354s cumulative, 1.1361665725708008s individual

.
current test PASSED/SKIPPED -- test_temporary_allocations_that_happen_in_different_lines in /home/kaiyaok2/PythonProjects/memray/tests/integration/test_tracking.py: 702.1257405281067s cumulative, 1.1791956424713135s individual

.
current test PASSED/SKIPPED -- test_pymalloc_allocation_tracking_deactivated in /home/kaiyaok2/PythonProjects/memray/tests/integration/test_tracking.py: 703.125997543335s cumulative, 1.0002570152282715s individual

.
current test PASSED/SKIPPED -- test_temporary_allocations_when_filling_vector_without_preallocating in /home/kaiyaok2/PythonProjects/memray/tests/integration/test_tracking.py: 704.179093837738s cumulative, 1.0530962944030762s individual


integration/test_main.py .
current test PASSED/SKIPPED -- test_json_overwrites_existing_known_file in /home/kaiyaok2/PythonProjects/memray/tests/integration/test_main.py: 707.0854241847992s cumulative, 2.9063303470611572s individual

.
current test PASSED/SKIPPED -- test_leaks_with_pymalloc_warning in /home/kaiyaok2/PythonProjects/memray/tests/integration/test_main.py: 711.7578942775726s cumulative, 4.6724700927734375s individual


integration/test_threads.py .
current test PASSED/SKIPPED -- test_thread_allocations_after_tracker_is_deactivated in /home/kaiyaok2/PythonProjects/memray/tests/integration/test_threads.py: 712.8139395713806s cumulative, 1.0560452938079834s individual


unit/test_high_water_mark_aggregator.py .
current test PASSED/SKIPPED -- test_different_allocators_at_one_location in /home/kaiyaok2/PythonProjects/memray/tests/unit/test_high_water_mark_aggregator.py: 712.8248121738434s cumulative, 0.010872602462768555s individual

.
current test PASSED/SKIPPED -- test_allocation_made_between_high_water_marks_and_leaked in /home/kaiyaok2/PythonProjects/memray/tests/unit/test_high_water_mark_aggregator.py: 712.8345596790314s cumulative, 0.009747505187988281s individual

.
current test PASSED/SKIPPED -- test_allocation_and_deallocation_across_multiple_snapshots in /home/kaiyaok2/PythonProjects/memray/tests/unit/test_high_water_mark_aggregator.py: 712.8463897705078s cumulative, 0.01183009147644043s individual

.
current test PASSED/SKIPPED -- test_allocation_made_between_high_water_marks_and_freed_after_high_water_mark in /home/kaiyaok2/PythonProjects/memray/tests/unit/test_high_water_mark_aggregator.py: 712.8573122024536s cumulative, 0.010922431945800781s individual

.
current test PASSED/SKIPPED -- test_allocation_after_high_water_mark_in_historical_snapshot in /home/kaiyaok2/PythonProjects/memray/tests/unit/test_high_water_mark_aggregator.py: 712.8651642799377s cumulative, 0.00785207748413086s individual

.
current test PASSED/SKIPPED -- test_freeing_one_of_two_high_water_mark_allocations_at_different_locations in /home/kaiyaok2/PythonProjects/memray/tests/unit/test_high_water_mark_aggregator.py: 712.8751821517944s cumulative, 0.010017871856689453s individual

.
current test PASSED/SKIPPED -- test_allocation_and_deallocation_after_high_water_mark in /home/kaiyaok2/PythonProjects/memray/tests/unit/test_high_water_mark_aggregator.py: 712.8859627246857s cumulative, 0.010780572891235352s individual

.
current test PASSED/SKIPPED -- test_zero_byte_allocation in /home/kaiyaok2/PythonProjects/memray/tests/unit/test_high_water_mark_aggregator.py: 712.8980708122253s cumulative, 0.012108087539672852s individual

.
current test PASSED/SKIPPED -- test_allocation_made_and_freed_between_high_water_marks in /home/kaiyaok2/PythonProjects/memray/tests/unit/test_high_water_mark_aggregator.py: 712.9073362350464s cumulative, 0.009265422821044922s individual

.
current test PASSED/SKIPPED -- test_one_allocation_freed_at_high_water_mark_in_second_snapshot in /home/kaiyaok2/PythonProjects/memray/tests/unit/test_high_water_mark_aggregator.py: 712.915096282959s cumulative, 0.007760047912597656s individual

.
current test PASSED/SKIPPED -- test_allocation_made_and_freed_after_high_water_mark in /home/kaiyaok2/PythonProjects/memray/tests/unit/test_high_water_mark_aggregator.py: 712.9229874610901s cumulative, 0.007891178131103516s individual

.
current test PASSED/SKIPPED -- test_allocations_freed_over_two_non_adjacent_snapshots in /home/kaiyaok2/PythonProjects/memray/tests/unit/test_high_water_mark_aggregator.py: 712.9340968132019s cumulative, 0.011109352111816406s individual

.
current test PASSED/SKIPPED -- test_split_range in /home/kaiyaok2/PythonProjects/memray/tests/unit/test_high_water_mark_aggregator.py: 712.9617776870728s cumulative, 0.02768087387084961s individual

.
current test PASSED/SKIPPED -- test_shrunk_range in /home/kaiyaok2/PythonProjects/memray/tests/unit/test_high_water_mark_aggregator.py: 713.0139582157135s cumulative, 0.05218052864074707s individual

.
current test PASSED/SKIPPED -- test_allocation_and_deallocation_across_multiple_snapshots_with_other_allocators in /home/kaiyaok2/PythonProjects/memray/tests/unit/test_high_water_mark_aggregator.py: 713.0398788452148s cumulative, 0.025920629501342773s individual

.
current test PASSED/SKIPPED -- test_allocation_freed_before_high_water_mark in /home/kaiyaok2/PythonProjects/memray/tests/unit/test_high_water_mark_aggregator.py: 713.0551979541779s cumulative, 0.015319108963012695s individual

.
current test PASSED/SKIPPED -- test_freeing_one_of_two_high_water_mark_allocations_at_the_same_location in /home/kaiyaok2/PythonProjects/memray/tests/unit/test_high_water_mark_aggregator.py: 713.0685765743256s cumulative, 0.013378620147705078s individual

.
current test PASSED/SKIPPED -- test_allocation_after_high_water_mark_in_current_snapshot in /home/kaiyaok2/PythonProjects/memray/tests/unit/test_high_water_mark_aggregator.py: 713.0779106616974s cumulative, 0.009334087371826172s individual

.
current test PASSED/SKIPPED -- test_one_allocation_freed_before_high_water_mark_in_second_snapshot in /home/kaiyaok2/PythonProjects/memray/tests/unit/test_high_water_mark_aggregator.py: 713.0868494510651s cumulative, 0.008938789367675781s individual

.
current test PASSED/SKIPPED -- test_one_freed_allocation_is_high_water_mark_but_not_leaked in /home/kaiyaok2/PythonProjects/memray/tests/unit/test_high_water_mark_aggregator.py: 713.0946850776672s cumulative, 0.007835626602172852s individual

.
current test PASSED/SKIPPED -- test_two_allocations_in_different_snapshots in /home/kaiyaok2/PythonProjects/memray/tests/unit/test_high_water_mark_aggregator.py: 713.1024959087372s cumulative, 0.007810831069946289s individual

.
current test PASSED/SKIPPED -- test_split_then_freed_range in /home/kaiyaok2/PythonProjects/memray/tests/unit/test_high_water_mark_aggregator.py: 713.1103565692902s cumulative, 0.007860660552978516s individual

.
current test PASSED/SKIPPED -- test_completely_freed_range in /home/kaiyaok2/PythonProjects/memray/tests/unit/test_high_water_mark_aggregator.py: 713.1178956031799s cumulative, 0.007539033889770508s individual

.
current test PASSED/SKIPPED -- test_no_allocations_at_start in /home/kaiyaok2/PythonProjects/memray/tests/unit/test_high_water_mark_aggregator.py: 713.1256234645844s cumulative, 0.007727861404418945s individual

.
current test PASSED/SKIPPED -- test_allocation_made_and_leaked_after_high_water_mark in /home/kaiyaok2/PythonProjects/memray/tests/unit/test_high_water_mark_aggregator.py: 713.1343698501587s cumulative, 0.00874638557434082s individual

.
current test PASSED/SKIPPED -- test_reporting_on_true_high_water_mark_that_was_in_a_past_snapshot in /home/kaiyaok2/PythonProjects/memray/tests/unit/test_high_water_mark_aggregator.py: 713.1425840854645s cumulative, 0.008214235305786133s individual

.
current test PASSED/SKIPPED -- test_shrunk_then_freed_range in /home/kaiyaok2/PythonProjects/memray/tests/unit/test_high_water_mark_aggregator.py: 713.1522541046143s cumulative, 0.009670019149780273s individual

.
current test PASSED/SKIPPED -- test_one_allocation_before_first_snapshot in /home/kaiyaok2/PythonProjects/memray/tests/unit/test_high_water_mark_aggregator.py: 713.1601128578186s cumulative, 0.007858753204345703s individual

.
current test PASSED/SKIPPED -- test_allocations_freed_over_two_snapshots in /home/kaiyaok2/PythonProjects/memray/tests/unit/test_high_water_mark_aggregator.py: 713.1684174537659s cumulative, 0.008304595947265625s individual

.
current test PASSED/SKIPPED -- test_one_allocation_is_both_high_water_mark_and_leaked in /home/kaiyaok2/PythonProjects/memray/tests/unit/test_high_water_mark_aggregator.py: 713.1773788928986s cumulative, 0.00896143913269043s individual

.
current test PASSED/SKIPPED -- test_same_stack_in_different_threads in /home/kaiyaok2/PythonProjects/memray/tests/unit/test_high_water_mark_aggregator.py: 713.1860229969025s cumulative, 0.00864410400390625s individual

.
current test PASSED/SKIPPED -- test_one_allocation_after_first_snapshot in /home/kaiyaok2/PythonProjects/memray/tests/unit/test_high_water_mark_aggregator.py: 713.1958136558533s cumulative, 0.009790658950805664s individual


integration/test_extensions.py .
current test PASSED/SKIPPED -- test_hard_exit in /home/kaiyaok2/PythonProjects/memray/tests/integration/test_extensions.py: 714.2334063053131s cumulative, 1.0375926494598389s individual


integration/test_main.py .
current test PASSED/SKIPPED -- test_report_detects_corrupt_input in /home/kaiyaok2/PythonProjects/memray/tests/integration/test_main.py: 716.6776399612427s cumulative, 2.4442336559295654s individual

.
current test PASSED/SKIPPED -- test_report_detects_missing_input in /home/kaiyaok2/PythonProjects/memray/tests/integration/test_main.py: 718.3738107681274s cumulative, 1.6961708068847656s individual


unit/test_summary_reporter.py .
current test PASSED/SKIPPED -- test_max_rows in /home/kaiyaok2/PythonProjects/memray/tests/unit/test_summary_reporter.py: 718.4926857948303s cumulative, 0.11887502670288086s individual

.
current test PASSED/SKIPPED -- test_sort_column in /home/kaiyaok2/PythonProjects/memray/tests/unit/test_summary_reporter.py: 718.5869927406311s cumulative, 0.09430694580078125s individual

.
current test PASSED/SKIPPED -- test_with_multiple_allocations_and_native_traces in /home/kaiyaok2/PythonProjects/memray/tests/unit/test_summary_reporter.py: 718.642876625061s cumulative, 0.05588388442993164s individual

.
current test PASSED/SKIPPED -- test_with_multiple_allocations in /home/kaiyaok2/PythonProjects/memray/tests/unit/test_summary_reporter.py: 718.7316739559174s cumulative, 0.08879733085632324s individual

.
current test PASSED/SKIPPED -- test_non_sequence_iterable in /home/kaiyaok2/PythonProjects/memray/tests/unit/test_summary_reporter.py: 718.787445306778s cumulative, 0.0557713508605957s individual


integration/test_tracking.py .
current test PASSED/SKIPPED -- test_final_allocation_is_peak in /home/kaiyaok2/PythonProjects/memray/tests/integration/test_tracking.py: 720.0929152965546s cumulative, 1.3054699897766113s individual

.
current test PASSED/SKIPPED -- test_allocations_aggregation_on_different_lines in /home/kaiyaok2/PythonProjects/memray/tests/integration/test_tracking.py: 721.1792230606079s cumulative, 1.0863077640533447s individual

.
current test PASSED/SKIPPED -- test_partial_munmap_split_in_middle in /home/kaiyaok2/PythonProjects/memray/tests/integration/test_tracking.py: 722.3457248210907s cumulative, 1.166501760482788s individual

.
current test PASSED/SKIPPED -- test_multiple_high_watermark in /home/kaiyaok2/PythonProjects/memray/tests/integration/test_tracking.py: 723.4305152893066s cumulative, 1.0847904682159424s individual

.
current test PASSED/SKIPPED -- test_memory_snapshots_tick_interval in /home/kaiyaok2/PythonProjects/memray/tests/integration/test_tracking.py: 725.8880729675293s cumulative, 2.4575576782226562s individual

.
current test PASSED/SKIPPED -- test_temporary_allocations_when_filling_vector_without_preallocating_small_buffer in /home/kaiyaok2/PythonProjects/memray/tests/integration/test_tracking.py: 727.3213443756104s cumulative, 1.4332714080810547s individual

.
current test PASSED/SKIPPED -- test_temporary_allocations_outside_buffer_are_not_detected in /home/kaiyaok2/PythonProjects/memray/tests/integration/test_tracking.py: 728.8674318790436s cumulative, 1.5460875034332275s individual

.
current test PASSED/SKIPPED -- test_simple_allocation_tracking in /home/kaiyaok2/PythonProjects/memray/tests/integration/test_tracking.py: 730.3304734230042s cumulative, 1.4630415439605713s individual

.
current test PASSED/SKIPPED -- test_simple_allocation_tracking in /home/kaiyaok2/PythonProjects/memray/tests/integration/test_tracking.py: 732.1092481613159s cumulative, 1.7787747383117676s individual


integration/test_main.py E
current test FAILED -- test_live_client_exits_properly_on_sigint_before_connecting in /home/kaiyaok2/PythonProjects/memray/tests/integration/test_main.py: 732.1571125984192s cumulative, 0.047864437103271484s individual

.
current test PASSED/SKIPPED -- test_split_threads_subcommand in /home/kaiyaok2/PythonProjects/memray/tests/integration/test_main.py: 737.8266758918762s cumulative, 5.669563293457031s individual

.
current test PASSED/SKIPPED -- test_report_both_temporary_allocation_arguments in /home/kaiyaok2/PythonProjects/memray/tests/integration/test_main.py: 742.5119533538818s cumulative, 4.685277462005615s individual

.
current test PASSED/SKIPPED -- test_live_tracking in /home/kaiyaok2/PythonProjects/memray/tests/integration/test_main.py: 749.3670036792755s cumulative, 6.855050325393677s individual


integration/test_tracking.py .
current test PASSED/SKIPPED -- test_get_header in /home/kaiyaok2/PythonProjects/memray/tests/integration/test_tracking.py: 751.0014927387238s cumulative, 1.6344890594482422s individual

.
current test PASSED/SKIPPED -- test_header_allocator in /home/kaiyaok2/PythonProjects/memray/tests/integration/test_tracking.py: 751.8659403324127s cumulative, 0.8644475936889648s individual

.
current test PASSED/SKIPPED -- test_intertwined_temporary_allocations_in_threads in /home/kaiyaok2/PythonProjects/memray/tests/integration/test_tracking.py: 753.0540795326233s cumulative, 1.1881392002105713s individual



==================================== ERRORS ====================================
_ ERROR at setup of TestLiveRemoteSubcommand.test_live_tracking_server_when_client_disconnects _
file /home/kaiyaok2/PythonProjects/memray/tests/integration/test_main.py, line 1402
      def test_live_tracking_server_when_client_disconnects(self, free_port, tmp_path):
E       fixture 'free_port' not found
>       available fixtures: anyio_backend, anyio_backend_name, anyio_backend_options, cache, capfd, capfdbinary, caplog, capsys, capsysbinary, class_mocker, cov, doctest_namespace, mocker, module_mocker, monkeypatch, no_cover, package_mocker, pytestconfig, qapp, qapp_args, qapp_cls, qtbot, qtlog, qtmodeltester, record_property, record_testsuite_property, record_xml_attribute, recwarn, run_around_tests, session_mocker, simple_test_file, snap_compare, snapshot, test_file_returns_from_fork, testrun_uid, tmp_path, tmp_path_factory, tmpdir, tmpdir_factory, worker_id
>       use 'pytest --fixtures [testpath]' for help on them.

/home/kaiyaok2/PythonProjects/memray/tests/integration/test_main.py:1402
________ ERROR at setup of TestLiveRemoteSubcommand.test_live_tracking _________
file /home/kaiyaok2/PythonProjects/memray/tests/integration/test_main.py, line 1285
      def test_live_tracking(self, tmp_path, simple_test_file, free_port):
E       fixture 'free_port' not found
>       available fixtures: anyio_backend, anyio_backend_name, anyio_backend_options, cache, capfd, capfdbinary, caplog, capsys, capsysbinary, class_mocker, cov, doctest_namespace, mocker, module_mocker, monkeypatch, no_cover, package_mocker, pytestconfig, qapp, qapp_args, qapp_cls, qtbot, qtlog, qtmodeltester, record_property, record_testsuite_property, record_xml_attribute, recwarn, run_around_tests, session_mocker, simple_test_file, snap_compare, snapshot, test_file_returns_from_fork, testrun_uid, tmp_path, tmp_path_factory, tmpdir, tmpdir_factory, worker_id
>       use 'pytest --fixtures [testpath]' for help on them.

/home/kaiyaok2/PythonProjects/memray/tests/integration/test_main.py:1285
__________ ERROR at setup of TestSocketReaderAccess.test_command_line __________
file /home/kaiyaok2/PythonProjects/memray/tests/integration/test_socket.py, line 341
      @pytest.mark.valgrind
      def test_command_line(self, free_port: int, tmp_path: Path) -> None:
E       fixture 'free_port' not found
>       available fixtures: anyio_backend, anyio_backend_name, anyio_backend_options, cache, capfd, capfdbinary, caplog, capsys, capsysbinary, class_mocker, cov, doctest_namespace, mocker, module_mocker, monkeypatch, no_cover, package_mocker, pytestconfig, qapp, qapp_args, qapp_cls, qtbot, qtlog, qtmodeltester, record_property, record_testsuite_property, record_xml_attribute, recwarn, run_around_tests, session_mocker, snap_compare, snapshot, testrun_uid, tmp_path, tmp_path_factory, tmpdir, tmpdir_factory, worker_id
>       use 'pytest --fixtures [testpath]' for help on them.

/home/kaiyaok2/PythonProjects/memray/tests/integration/test_socket.py:341
___ ERROR at setup of TestSocketReaderAccess.test_multi_allocation_snapshot ____
file /home/kaiyaok2/PythonProjects/memray/tests/integration/test_socket.py, line 283
      @pytest.mark.valgrind
      def test_multi_allocation_snapshot(self, free_port: int, tmp_path: Path) -> None:
E       fixture 'free_port' not found
>       available fixtures: anyio_backend, anyio_backend_name, anyio_backend_options, cache, capfd, capfdbinary, caplog, capsys, capsysbinary, class_mocker, cov, doctest_namespace, mocker, module_mocker, monkeypatch, no_cover, package_mocker, pytestconfig, qapp, qapp_args, qapp_cls, qtbot, qtlog, qtmodeltester, record_property, record_testsuite_property, record_xml_attribute, recwarn, run_around_tests, session_mocker, snap_compare, snapshot, testrun_uid, tmp_path, tmp_path_factory, tmpdir, tmpdir_factory, worker_id
>       use 'pytest --fixtures [testpath]' for help on them.

/home/kaiyaok2/PythonProjects/memray/tests/integration/test_socket.py:283
___ ERROR at setup of TestSocketReaderAccess.test_single_allocation_snapshot ___
file /home/kaiyaok2/PythonProjects/memray/tests/integration/test_socket.py, line 255
      @pytest.mark.valgrind
      def test_single_allocation_snapshot(self, free_port: int, tmp_path: Path) -> None:
E       fixture 'free_port' not found
>       available fixtures: anyio_backend, anyio_backend_name, anyio_backend_options, cache, capfd, capfdbinary, caplog, capsys, capsysbinary, class_mocker, cov, doctest_namespace, mocker, module_mocker, monkeypatch, no_cover, package_mocker, pytestconfig, qapp, qapp_args, qapp_cls, qtbot, qtlog, qtmodeltester, record_property, record_testsuite_property, record_xml_attribute, recwarn, run_around_tests, session_mocker, snap_compare, snapshot, testrun_uid, tmp_path, tmp_path_factory, tmpdir, tmpdir_factory, worker_id
>       use 'pytest --fixtures [testpath]' for help on them.

/home/kaiyaok2/PythonProjects/memray/tests/integration/test_socket.py:255
___ ERROR at setup of TestSocketReaderAccess.test_empty_snapshot_after_free ____
file /home/kaiyaok2/PythonProjects/memray/tests/integration/test_socket.py, line 236
      @pytest.mark.valgrind
      def test_empty_snapshot_after_free(self, free_port: int, tmp_path: Path) -> None:
E       fixture 'free_port' not found
>       available fixtures: anyio_backend, anyio_backend_name, anyio_backend_options, cache, capfd, capfdbinary, caplog, capsys, capsysbinary, class_mocker, cov, doctest_namespace, mocker, module_mocker, monkeypatch, no_cover, package_mocker, pytestconfig, qapp, qapp_args, qapp_cls, qtbot, qtlog, qtmodeltester, record_property, record_testsuite_property, record_xml_attribute, recwarn, run_around_tests, session_mocker, snap_compare, snapshot, testrun_uid, tmp_path, tmp_path_factory, tmpdir, tmpdir_factory, worker_id
>       use 'pytest --fixtures [testpath]' for help on them.

/home/kaiyaok2/PythonProjects/memray/tests/integration/test_socket.py:236
_ ERROR at setup of TestSocketReaderErrorHandling.test_get_current_snapshot_first_yield_after_context_raises _
file /home/kaiyaok2/PythonProjects/memray/tests/integration/test_socket.py, line 193
      @pytest.mark.valgrind
      def test_get_current_snapshot_first_yield_after_context_raises(
E       fixture 'free_port' not found
>       available fixtures: anyio_backend, anyio_backend_name, anyio_backend_options, cache, capfd, capfdbinary, caplog, capsys, capsysbinary, class_mocker, cov, doctest_namespace, mocker, module_mocker, monkeypatch, no_cover, package_mocker, pytestconfig, qapp, qapp_args, qapp_cls, qtbot, qtlog, qtmodeltester, record_property, record_testsuite_property, record_xml_attribute, recwarn, run_around_tests, session_mocker, snap_compare, snapshot, testrun_uid, tmp_path, tmp_path_factory, tmpdir, tmpdir_factory, worker_id
>       use 'pytest --fixtures [testpath]' for help on them.

/home/kaiyaok2/PythonProjects/memray/tests/integration/test_socket.py:193
_ ERROR at setup of TestSocketReaderErrorHandling.test_get_current_snapshot_raises_after_context _
file /home/kaiyaok2/PythonProjects/memray/tests/integration/test_socket.py, line 172
      @pytest.mark.valgrind
      def test_get_current_snapshot_raises_after_context(
E       fixture 'free_port' not found
>       available fixtures: anyio_backend, anyio_backend_name, anyio_backend_options, cache, capfd, capfdbinary, caplog, capsys, capsysbinary, class_mocker, cov, doctest_namespace, mocker, module_mocker, monkeypatch, no_cover, package_mocker, pytestconfig, qapp, qapp_args, qapp_cls, qtbot, qtlog, qtmodeltester, record_property, record_testsuite_property, record_xml_attribute, recwarn, run_around_tests, session_mocker, snap_compare, snapshot, testrun_uid, tmp_path, tmp_path_factory, tmpdir, tmpdir_factory, worker_id
>       use 'pytest --fixtures [testpath]' for help on them.

/home/kaiyaok2/PythonProjects/memray/tests/integration/test_socket.py:172
_ ERROR at setup of TestSocketReaderAccess.test_reading_allocations_while_reading_stack_traces _
file /home/kaiyaok2/PythonProjects/memray/tests/integration/test_socket.py, line 361
      @pytest.mark.valgrind
      def test_reading_allocations_while_reading_stack_traces(
E       fixture 'free_port' not found
>       available fixtures: anyio_backend, anyio_backend_name, anyio_backend_options, cache, capfd, capfdbinary, caplog, capsys, capsysbinary, class_mocker, cov, doctest_namespace, mocker, module_mocker, monkeypatch, no_cover, package_mocker, pytestconfig, qapp, qapp_args, qapp_cls, qtbot, qtlog, qtmodeltester, record_property, record_testsuite_property, record_xml_attribute, recwarn, run_around_tests, session_mocker, snap_compare, snapshot, testrun_uid, tmp_path, tmp_path_factory, tmpdir, tmpdir_factory, worker_id
>       use 'pytest --fixtures [testpath]' for help on them.

/home/kaiyaok2/PythonProjects/memray/tests/integration/test_socket.py:361
_ ERROR at setup of TestSocketReaderErrorHandling.test_get_current_snapshot_raises_before_context _
file /home/kaiyaok2/PythonProjects/memray/tests/integration/test_socket.py, line 146
      @pytest.mark.valgrind
      def test_get_current_snapshot_raises_before_context(self, free_port: int) -> None:
E       fixture 'free_port' not found
>       available fixtures: anyio_backend, anyio_backend_name, anyio_backend_options, cache, capfd, capfdbinary, caplog, capsys, capsysbinary, class_mocker, cov, doctest_namespace, mocker, module_mocker, monkeypatch, no_cover, package_mocker, pytestconfig, qapp, qapp_args, qapp_cls, qtbot, qtlog, qtmodeltester, record_property, record_testsuite_property, record_xml_attribute, recwarn, run_around_tests, session_mocker, snap_compare, snapshot, testrun_uid, tmp_path, tmp_path_factory, tmpdir, tmpdir_factory, worker_id
>       use 'pytest --fixtures [testpath]' for help on them.

/home/kaiyaok2/PythonProjects/memray/tests/integration/test_socket.py:146
_ ERROR at setup of TestSocketReaderAccess.test_multiple_context_entries_does_not_crash _
file /home/kaiyaok2/PythonProjects/memray/tests/integration/test_socket.py, line 311
      @pytest.mark.valgrind
      def test_multiple_context_entries_does_not_crash(
E       fixture 'free_port' not found
>       available fixtures: anyio_backend, anyio_backend_name, anyio_backend_options, cache, capfd, capfdbinary, caplog, capsys, capsysbinary, class_mocker, cov, doctest_namespace, mocker, module_mocker, monkeypatch, no_cover, package_mocker, pytestconfig, qapp, qapp_args, qapp_cls, qtbot, qtlog, qtmodeltester, record_property, record_testsuite_property, record_xml_attribute, recwarn, run_around_tests, session_mocker, snap_compare, snapshot, testrun_uid, tmp_path, tmp_path_factory, tmpdir, tmpdir_factory, worker_id
>       use 'pytest --fixtures [testpath]' for help on them.

/home/kaiyaok2/PythonProjects/memray/tests/integration/test_socket.py:311
_ ERROR at setup of TestSocketReaderErrorHandling.test_get_is_active_after_context _
file /home/kaiyaok2/PythonProjects/memray/tests/integration/test_socket.py, line 155
      def test_get_is_active_after_context(self, free_port: int, tmp_path: Path) -> None:
E       fixture 'free_port' not found
>       available fixtures: anyio_backend, anyio_backend_name, anyio_backend_options, cache, capfd, capfdbinary, caplog, capsys, capsysbinary, class_mocker, cov, doctest_namespace, mocker, module_mocker, monkeypatch, no_cover, package_mocker, pytestconfig, qapp, qapp_args, qapp_cls, qtbot, qtlog, qtmodeltester, record_property, record_testsuite_property, record_xml_attribute, recwarn, run_around_tests, session_mocker, snap_compare, snapshot, testrun_uid, tmp_path, tmp_path_factory, tmpdir, tmpdir_factory, worker_id
>       use 'pytest --fixtures [testpath]' for help on them.

/home/kaiyaok2/PythonProjects/memray/tests/integration/test_socket.py:155
_ ERROR at setup of TestSocketReaderErrorHandling.test_nested_context_is_diallowed _
file /home/kaiyaok2/PythonProjects/memray/tests/integration/test_socket.py, line 214
      @pytest.mark.valgrind
      def test_nested_context_is_diallowed(self, free_port: int, tmp_path: Path) -> None:
E       fixture 'free_port' not found
>       available fixtures: anyio_backend, anyio_backend_name, anyio_backend_options, cache, capfd, capfdbinary, caplog, capsys, capsysbinary, class_mocker, cov, doctest_namespace, mocker, module_mocker, monkeypatch, no_cover, package_mocker, pytestconfig, qapp, qapp_args, qapp_cls, qtbot, qtlog, qtmodeltester, record_property, record_testsuite_property, record_xml_attribute, recwarn, run_around_tests, session_mocker, snap_compare, snapshot, testrun_uid, tmp_path, tmp_path_factory, tmpdir, tmpdir_factory, worker_id
>       use 'pytest --fixtures [testpath]' for help on them.

/home/kaiyaok2/PythonProjects/memray/tests/integration/test_socket.py:214
_ ERROR at setup of TestLiveRemoteSubcommand.test_live_client_exits_properly_on_sigint_before_connecting _
file /home/kaiyaok2/PythonProjects/memray/tests/integration/test_main.py, line 1494
      def test_live_client_exits_properly_on_sigint_before_connecting(self, free_port):
E       fixture 'free_port' not found
>       available fixtures: anyio_backend, anyio_backend_name, anyio_backend_options, cache, capfd, capfdbinary, caplog, capsys, capsysbinary, class_mocker, cov, doctest_namespace, mocker, module_mocker, monkeypatch, no_cover, package_mocker, pytestconfig, qapp, qapp_args, qapp_cls, qtbot, qtlog, qtmodeltester, record_property, record_testsuite_property, record_xml_attribute, recwarn, run_around_tests, session_mocker, simple_test_file, snap_compare, snapshot, test_file_returns_from_fork, testrun_uid, tmp_path, tmp_path_factory, tmpdir, tmpdir_factory, worker_id
>       use 'pytest --fixtures [testpath]' for help on them.

/home/kaiyaok2/PythonProjects/memray/tests/integration/test_main.py:1494
=================================== FAILURES ===================================
_____________________ TestRunSubCommand.test_run_with_live _____________________

self = <MagicMock name='LiveCommand().start_live_interface' id='140044567580528'>
args = (1234,), kwargs = {'cmdline_override': './directory/foobar.py arg1 arg2'}
expected = call(1234, cmdline_override='./directory/foobar.py arg1 arg2')
actual = call(1234, cmdline_override='/tmp/pytest-of-kaiyaok2/pytest-45/test_tui_basic_very_wide_termi0/main.py')
_error_message = <function NonCallableMock.assert_called_with.<locals>._error_message at 0x7f5ebc1a1090>
cause = None

    def assert_called_with(self, /, *args, **kwargs):
        """assert that the last call was made with the specified arguments.
    
        Raises an AssertionError if the args and keyword args passed in are
        different to the last call to the mock."""
        if self.call_args is None:
            expected = self._format_mock_call_signature(args, kwargs)
            actual = 'not called.'
            error_message = ('expected call not found.\nExpected: %s\nActual: %s'
                    % (expected, actual))
            raise AssertionError(error_message)
    
        def _error_message():
            msg = self._format_mock_failure_message(args, kwargs)
            return msg
        expected = self._call_matcher(_Call((args, kwargs), two=True))
        actual = self._call_matcher(self.call_args)
        if actual != expected:
            cause = expected if isinstance(expected, Exception) else None
>           raise AssertionError(_error_message()) from cause
E           AssertionError: expected call not found.
E           Expected: start_live_interface(1234, cmdline_override='./directory/foobar.py arg1 arg2')
E           Actual: start_live_interface(1234, cmdline_override='/tmp/pytest-of-kaiyaok2/pytest-45/test_tui_basic_very_wide_termi0/main.py')

/usr/lib/python3.10/unittest/mock.py:929: AssertionError

During handling of the above exception, another exception occurred:

self = <tests.unit.test_cli.TestRunSubCommand object at 0x7f5df0d00fd0>
live_command_mock = <MagicMock name='LiveCommand' id='140044646047584'>
popen_mock = <MagicMock name='Popen' id='140044567380368'>
getpid_mock = <MagicMock name='getpid' id='140044567388192'>
runpy_mock = <MagicMock name='runpy' id='140044567396016'>
tracker_mock = <MagicMock name='Tracker' id='140044567420288'>
validate_mock = <MagicMock name='validate_target_file' id='140044567428160'>

    @patch("memray.commands.run.subprocess.Popen")
    @patch("memray.commands.run.LiveCommand")
    def test_run_with_live(
        self,
        live_command_mock,
        popen_mock,
        getpid_mock,
        runpy_mock,
        tracker_mock,
        validate_mock,
    ):
        getpid_mock.return_value = 0
        popen_mock().__enter__().returncode = 0
        with patch("memray.commands.run._get_free_port", return_value=1234):
            assert 0 == main(["run", "--live", "./directory/foobar.py", "arg1", "arg2"])
        popen_mock.assert_called_with(
            [
                sys.executable,
                "-c",
                "from memray.commands.run import _child_process;"
                "_child_process(1234,False,False,False,False,False,"
                "'./directory/foobar.py',['arg1', 'arg2'])",
            ],
            stderr=-1,
            stdout=-3,
            text=True,
        )
>       live_command_mock().start_live_interface.assert_called_with(
            1234,
            cmdline_override="./directory/foobar.py arg1 arg2",
        )
E       AssertionError: expected call not found.
E       Expected: start_live_interface(1234, cmdline_override='./directory/foobar.py arg1 arg2')
E       Actual: start_live_interface(1234, cmdline_override='/tmp/pytest-of-kaiyaok2/pytest-45/test_tui_basic_very_wide_termi0/main.py')
E       
E       pytest introspection follows:
E       
E       Kwargs:
E       assert {'cmdline_ove...rmi0/main.py'} == {'cmdline_ove...py arg1 arg2'}
E         Differing items:
E         {'cmdline_override': '/tmp/pytest-of-kaiyaok2/pytest-45/test_tui_basic_very_wide_termi0/main.py'} != {'cmdline_override': './directory/foobar.py arg1 arg2'}
E         Use -v to get more diff

unit/test_cli.py:178: AssertionError
_______ TestRunSubCommand.test_run_with_live_and_trace_python_allocators _______

self = <MagicMock name='LiveCommand().start_live_interface' id='140044566187600'>
args = (1234,), kwargs = {'cmdline_override': './directory/foobar.py arg1 arg2'}
expected = call(1234, cmdline_override='./directory/foobar.py arg1 arg2')
actual = call(1234, cmdline_override='/tmp/pytest-of-kaiyaok2/pytest-45/test_tui_basic_very_wide_termi0/main.py')
_error_message = <function NonCallableMock.assert_called_with.<locals>._error_message at 0x7f5ebc1a1d80>
cause = None

    def assert_called_with(self, /, *args, **kwargs):
        """assert that the last call was made with the specified arguments.
    
        Raises an AssertionError if the args and keyword args passed in are
        different to the last call to the mock."""
        if self.call_args is None:
            expected = self._format_mock_call_signature(args, kwargs)
            actual = 'not called.'
            error_message = ('expected call not found.\nExpected: %s\nActual: %s'
                    % (expected, actual))
            raise AssertionError(error_message)
    
        def _error_message():
            msg = self._format_mock_failure_message(args, kwargs)
            return msg
        expected = self._call_matcher(_Call((args, kwargs), two=True))
        actual = self._call_matcher(self.call_args)
        if actual != expected:
            cause = expected if isinstance(expected, Exception) else None
>           raise AssertionError(_error_message()) from cause
E           AssertionError: expected call not found.
E           Expected: start_live_interface(1234, cmdline_override='./directory/foobar.py arg1 arg2')
E           Actual: start_live_interface(1234, cmdline_override='/tmp/pytest-of-kaiyaok2/pytest-45/test_tui_basic_very_wide_termi0/main.py')

/usr/lib/python3.10/unittest/mock.py:929: AssertionError

During handling of the above exception, another exception occurred:

self = <tests.unit.test_cli.TestRunSubCommand object at 0x7f5df0d01150>
live_command_mock = <MagicMock name='LiveCommand' id='140044566377952'>
popen_mock = <MagicMock name='Popen' id='140044566369264'>
getpid_mock = <MagicMock name='getpid' id='140044567378912'>
runpy_mock = <MagicMock name='runpy' id='140044567464688'>
tracker_mock = <MagicMock name='Tracker' id='140044566630400'>
validate_mock = <MagicMock name='validate_target_file' id='140044566638368'>

    @patch("memray.commands.run.subprocess.Popen")
    @patch("memray.commands.run.LiveCommand")
    def test_run_with_live_and_trace_python_allocators(
        self,
        live_command_mock,
        popen_mock,
        getpid_mock,
        runpy_mock,
        tracker_mock,
        validate_mock,
    ):
        getpid_mock.return_value = 0
        popen_mock().__enter__().returncode = 0
        with patch("memray.commands.run._get_free_port", return_value=1234):
            assert 0 == main(
                [
                    "run",
                    "--live",
                    "--trace-python-allocators",
                    "./directory/foobar.py",
                    "arg1",
                    "arg2",
                ]
            )
        popen_mock.assert_called_with(
            [
                sys.executable,
                "-c",
                "from memray.commands.run import _child_process;"
                "_child_process(1234,False,True,False,False,False,"
                "'./directory/foobar.py',['arg1', 'arg2'])",
            ],
            stderr=-1,
            stdout=-3,
            text=True,
        )
>       live_command_mock().start_live_interface.assert_called_with(
            1234,
            cmdline_override="./directory/foobar.py arg1 arg2",
        )
E       AssertionError: expected call not found.
E       Expected: start_live_interface(1234, cmdline_override='./directory/foobar.py arg1 arg2')
E       Actual: start_live_interface(1234, cmdline_override='/tmp/pytest-of-kaiyaok2/pytest-45/test_tui_basic_very_wide_termi0/main.py')
E       
E       pytest introspection follows:
E       
E       Kwargs:
E       assert {'cmdline_ove...rmi0/main.py'} == {'cmdline_ove...py arg1 arg2'}
E         Differing items:
E         {'cmdline_override': '/tmp/pytest-of-kaiyaok2/pytest-45/test_tui_basic_very_wide_termi0/main.py'} != {'cmdline_override': './directory/foobar.py arg1 arg2'}
E         Use -v to get more diff

unit/test_cli.py:219: AssertionError
--------------------------- snapshot report summary ----------------------------
19 snapshots passed.
=========================== short test summary info ============================
FAILED unit/test_cli.py::TestRunSubCommand::test_run_with_live - AssertionErr...
FAILED unit/test_cli.py::TestRunSubCommand::test_run_with_live_and_trace_python_allocators
ERROR integration/test_main.py::TestLiveRemoteSubcommand::test_live_tracking_server_when_client_disconnects
ERROR integration/test_main.py::TestLiveRemoteSubcommand::test_live_tracking
ERROR integration/test_socket.py::TestSocketReaderAccess::test_command_line
ERROR integration/test_socket.py::TestSocketReaderAccess::test_multi_allocation_snapshot
ERROR integration/test_socket.py::TestSocketReaderAccess::test_single_allocation_snapshot
ERROR integration/test_socket.py::TestSocketReaderAccess::test_empty_snapshot_after_free
ERROR integration/test_socket.py::TestSocketReaderErrorHandling::test_get_current_snapshot_first_yield_after_context_raises
ERROR integration/test_socket.py::TestSocketReaderErrorHandling::test_get_current_snapshot_raises_after_context
ERROR integration/test_socket.py::TestSocketReaderAccess::test_reading_allocations_while_reading_stack_traces
ERROR integration/test_socket.py::TestSocketReaderErrorHandling::test_get_current_snapshot_raises_before_context
ERROR integration/test_socket.py::TestSocketReaderAccess::test_multiple_context_entries_does_not_crash
ERROR integration/test_socket.py::TestSocketReaderErrorHandling::test_get_is_active_after_context
ERROR integration/test_socket.py::TestSocketReaderErrorHandling::test_nested_context_is_diallowed
ERROR integration/test_main.py::TestLiveRemoteSubcommand::test_live_client_exits_properly_on_sigint_before_connecting
======= 2 failed, 569 passed, 11 skipped, 14 errors in 782.05s (0:13:02) =======
