============================= test session starts ==============================
platform linux -- Python 3.10.12, pytest-7.4.4, pluggy-1.3.0
Using --randomly-seed=1705804378
PyQt5 5.15.10 -- Qt runtime 5.15.2 -- Qt compiled 5.15.2
rootdir: /home/kaiyaok2/PythonProjects/memray
configfile: pyproject.toml
plugins: hypothesis-6.81.1, cov-4.1.0, randomly-3.1.0, typeguard-4.1.5, timeout-1.4.2, qt-4.3.1, nbval-0.10.0, xdist-3.5.0, mock-3.12.0, tcp-0.1.1, textual-snapshot-0.4.0, cookies-0.7.0, instafail-0.5.0, syrupy-4.6.0, anyio-3.7.1
collected 596 items
Using TCP weights 1-0
Collect TCP features took 0.06943392753601074s.
Compute TCP order took 0.011677742004394531s.

unit/test_tui_reporter.py .
current test PASSED/SKIPPED -- test_tui_pause in /home/kaiyaok2/PythonProjects/memray/tests/unit/test_tui_reporter.py: 4.053006410598755s cumulative, 4.053006410598755s individual


unit/test_summary_reporter.py .
current test PASSED/SKIPPED -- test_max_rows in /home/kaiyaok2/PythonProjects/memray/tests/unit/test_summary_reporter.py: 4.085899591445923s cumulative, 0.03289318084716797s individual

.
current test PASSED/SKIPPED -- test_with_multiple_allocations in /home/kaiyaok2/PythonProjects/memray/tests/unit/test_summary_reporter.py: 4.129547834396362s cumulative, 0.04364824295043945s individual

.
current test PASSED/SKIPPED -- test_sort_column in /home/kaiyaok2/PythonProjects/memray/tests/unit/test_summary_reporter.py: 4.167588949203491s cumulative, 0.038041114807128906s individual

.
current test PASSED/SKIPPED -- test_with_multiple_allocations_and_native_traces in /home/kaiyaok2/PythonProjects/memray/tests/unit/test_summary_reporter.py: 4.197209358215332s cumulative, 0.02962040901184082s individual

.
current test PASSED/SKIPPED -- test_non_sequence_iterable in /home/kaiyaok2/PythonProjects/memray/tests/unit/test_summary_reporter.py: 4.233555316925049s cumulative, 0.0363459587097168s individual


unit/test_tree_reporter.py .
current test PASSED/SKIPPED -- test_two_chains_after_expanding_second in /home/kaiyaok2/PythonProjects/memray/tests/unit/test_tree_reporter.py: 7.443509817123413s cumulative, 3.2099545001983643s individual

.
current test PASSED/SKIPPED -- test_basic_node_selected_leaf in /home/kaiyaok2/PythonProjects/memray/tests/unit/test_tree_reporter.py: 8.704980611801147s cumulative, 1.2614707946777344s individual


integration/test_native_tracking.py .
current test PASSED/SKIPPED -- test_deep_call_chain_with_native_tracking in /home/kaiyaok2/PythonProjects/memray/tests/integration/test_native_tracking.py: 17.30598258972168s cumulative, 8.601001977920532s individual

.
current test PASSED/SKIPPED -- test_hybrid_stack_in_recursive_python_c_call in /home/kaiyaok2/PythonProjects/memray/tests/integration/test_native_tracking.py: 25.596174955368042s cumulative, 8.290192365646362s individual


unit/test_reader.py .
current test PASSED/SKIPPED -- test_rejects_different_header_magic in /home/kaiyaok2/PythonProjects/memray/tests/unit/test_reader.py: 27.141894817352295s cumulative, 1.545719861984253s individual

.
current test PASSED/SKIPPED -- test_rejects_different_header_version in /home/kaiyaok2/PythonProjects/memray/tests/unit/test_reader.py: 28.523451805114746s cumulative, 1.3815569877624512s individual


integration/test_tracking.py .
current test PASSED/SKIPPED -- test_aggregation_same_python_stack_but_different_native_stack in /home/kaiyaok2/PythonProjects/memray/tests/integration/test_tracking.py: 29.60047197341919s cumulative, 1.0770201683044434s individual

.
current test PASSED/SKIPPED -- test_simple_allocation_tracking in /home/kaiyaok2/PythonProjects/memray/tests/integration/test_tracking.py: 30.728386640548706s cumulative, 1.1279146671295166s individual

.
current test PASSED/SKIPPED -- test_munmap_multiple_mmaps in /home/kaiyaok2/PythonProjects/memray/tests/integration/test_tracking.py: 33.02853488922119s cumulative, 2.3001482486724854s individual

.
current test PASSED/SKIPPED -- test_no_allocations_while_tracking in /home/kaiyaok2/PythonProjects/memray/tests/integration/test_tracking.py: 34.816452980041504s cumulative, 1.7879180908203125s individual

.
current test PASSED/SKIPPED -- test_simple_allocation_tracking in /home/kaiyaok2/PythonProjects/memray/tests/integration/test_tracking.py: 38.386231422424316s cumulative, 3.5697784423828125s individual

.
current test PASSED/SKIPPED -- test_simple_allocation_tracking in /home/kaiyaok2/PythonProjects/memray/tests/integration/test_tracking.py: 41.69397807121277s cumulative, 3.307746648788452s individual

.
current test PASSED/SKIPPED -- test_aggregation_same_python_stack_and_same_native_stack in /home/kaiyaok2/PythonProjects/memray/tests/integration/test_tracking.py: 44.95286750793457s cumulative, 3.2588894367218018s individual

.
current test PASSED/SKIPPED -- test_munmap_multiple_mmaps_multiple_munmaps in /home/kaiyaok2/PythonProjects/memray/tests/integration/test_tracking.py: 47.844690561294556s cumulative, 2.8918230533599854s individual

+10 kB
+ 9 kB
- 9 kB
+ 8 kB
+ 7 kB
- 7 kB
+ 6 kB
+ 5 kB
- 5 kB
+ 4 kB
+ 3 kB
- 3 kB
+ 2 kB
+ 1 kB
- 1 kB
- 2 kB
- 4 kB
- 6 kB
- 8 kB
-10 kB
.
current test PASSED/SKIPPED -- test_spiky_generally_increasing_to_final_peak in /home/kaiyaok2/PythonProjects/memray/tests/integration/test_tracking.py: 50.15682864189148s cumulative, 2.312138080596924s individual

.
current test PASSED/SKIPPED -- test_freed_before_high_watermark_do_not_appear in /home/kaiyaok2/PythonProjects/memray/tests/integration/test_tracking.py: 52.283615589141846s cumulative, 2.126786947250366s individual

.
current test PASSED/SKIPPED -- test_simple_allocation_tracking in /home/kaiyaok2/PythonProjects/memray/tests/integration/test_tracking.py: 54.26975774765015s cumulative, 1.9861421585083008s individual

.
current test PASSED/SKIPPED -- test_temporary_allocations_when_filling_vector_without_preallocating_small_buffer in /home/kaiyaok2/PythonProjects/memray/tests/integration/test_tracking.py: 56.294466495513916s cumulative, 2.0247087478637695s individual

.
current test PASSED/SKIPPED -- test_pymalloc_allocation_tracking_deactivated in /home/kaiyaok2/PythonProjects/memray/tests/integration/test_tracking.py: 58.11316680908203s cumulative, 1.8187003135681152s individual

.
current test PASSED/SKIPPED -- test_simple_pymalloc_allocation_tracking in /home/kaiyaok2/PythonProjects/memray/tests/integration/test_tracking.py: 59.13578462600708s cumulative, 1.0226178169250488s individual

.
current test PASSED/SKIPPED -- test_temporary_allocations_outside_buffer_are_not_detected in /home/kaiyaok2/PythonProjects/memray/tests/integration/test_tracking.py: 60.126049757003784s cumulative, 0.9902651309967041s individual

.
current test PASSED/SKIPPED -- test_simple_pymalloc_allocation_tracking in /home/kaiyaok2/PythonProjects/memray/tests/integration/test_tracking.py: 61.13982105255127s cumulative, 1.0137712955474854s individual

.
current test PASSED/SKIPPED -- test_simple_allocation_tracking in /home/kaiyaok2/PythonProjects/memray/tests/integration/test_tracking.py: 62.044841051101685s cumulative, 0.905019998550415s individual

.
current test PASSED/SKIPPED -- test_mmap_tracking in /home/kaiyaok2/PythonProjects/memray/tests/integration/test_tracking.py: 63.133827924728394s cumulative, 1.088986873626709s individual

.
current test PASSED/SKIPPED -- test_temporary_allocations_outside_buffer_are_not_detected in /home/kaiyaok2/PythonProjects/memray/tests/integration/test_tracking.py: 64.16656064987183s cumulative, 1.0327327251434326s individual

.
current test PASSED/SKIPPED -- test_leaks_allocations_are_detected in /home/kaiyaok2/PythonProjects/memray/tests/integration/test_tracking.py: 65.34543800354004s cumulative, 1.178877353668213s individual

.
current test PASSED/SKIPPED -- test_leak_that_happens_in_the_middle_is_detected in /home/kaiyaok2/PythonProjects/memray/tests/integration/test_tracking.py: 66.7821295261383s cumulative, 1.4366915225982666s individual

.
current test PASSED/SKIPPED -- test_leaks_that_happen_in_different_lines in /home/kaiyaok2/PythonProjects/memray/tests/integration/test_tracking.py: 67.87167406082153s cumulative, 1.0895445346832275s individual


unit/test_highwatermark_command.py ⚠  No debug information was found for the Python interpreter  ⚠

Without debug information reports showing native traces may not include file 
names and line numbers. Please use an interpreter built with debug symbols for 
best results. Check https://bloomberg.github.io/memray/native_mode.html for more
information regarding how memray resolves symbols.

.
current test PASSED/SKIPPED -- test_tracker_and_reporter_interactions_for_leak in /home/kaiyaok2/PythonProjects/memray/tests/unit/test_highwatermark_command.py: 69.35552310943604s cumulative, 1.483849048614502s individual

⚠  No debug information was found for the Python interpreter  ⚠

Without debug information reports showing native traces may not include file 
names and line numbers. Please use an interpreter built with debug symbols for 
best results. Check https://bloomberg.github.io/memray/native_mode.html for more
information regarding how memray resolves symbols.

.
current test PASSED/SKIPPED -- test_tracker_and_reporter_interactions_for_leak in /home/kaiyaok2/PythonProjects/memray/tests/unit/test_highwatermark_command.py: 71.61881828308105s cumulative, 2.2632951736450195s individual

⚠  No debug information was found for the Python interpreter  ⚠

Without debug information reports showing native traces may not include file 
names and line numbers. Please use an interpreter built with debug symbols for 
best results. Check https://bloomberg.github.io/memray/native_mode.html for more
information regarding how memray resolves symbols.

.
current test PASSED/SKIPPED -- test_tracker_and_reporter_interactions_for_peak in /home/kaiyaok2/PythonProjects/memray/tests/unit/test_highwatermark_command.py: 73.85934638977051s cumulative, 2.240528106689453s individual

⚠  No debug information was found for the Python interpreter  ⚠

Without debug information reports showing native traces may not include file 
names and line numbers. Please use an interpreter built with debug symbols for 
best results. Check https://bloomberg.github.io/memray/native_mode.html for more
information regarding how memray resolves symbols.

.
current test PASSED/SKIPPED -- test_tracker_and_reporter_interactions_for_peak in /home/kaiyaok2/PythonProjects/memray/tests/unit/test_highwatermark_command.py: 76.08038520812988s cumulative, 2.221038818359375s individual

⚠  No debug information was found for the Python interpreter  ⚠

Without debug information reports showing native traces may not include file 
names and line numbers. Please use an interpreter built with debug symbols for 
best results. Check https://bloomberg.github.io/memray/native_mode.html for more
information regarding how memray resolves symbols.

.
current test PASSED/SKIPPED -- test_tracker_and_reporter_interactions_for_temporary_allocations in /home/kaiyaok2/PythonProjects/memray/tests/unit/test_highwatermark_command.py: 77.72572803497314s cumulative, 1.6453428268432617s individual


integration/test_tracking.py .
current test PASSED/SKIPPED -- test_simple_allocation_tracking in /home/kaiyaok2/PythonProjects/memray/tests/integration/test_tracking.py: 78.96872067451477s cumulative, 1.242992639541626s individual

.
current test PASSED/SKIPPED -- test_simple_pymalloc_allocation_tracking in /home/kaiyaok2/PythonProjects/memray/tests/integration/test_tracking.py: 79.98046731948853s cumulative, 1.0117466449737549s individual

.
current test PASSED/SKIPPED -- test_simple_pymalloc_allocation_tracking in /home/kaiyaok2/PythonProjects/memray/tests/integration/test_tracking.py: 80.96184611320496s cumulative, 0.9813787937164307s individual

.
current test PASSED/SKIPPED -- test_temporary_allocations_are_detected in /home/kaiyaok2/PythonProjects/memray/tests/integration/test_tracking.py: 82.24766421318054s cumulative, 1.285818099975586s individual

.
current test PASSED/SKIPPED -- test_intertwined_temporary_allocations_in_threads in /home/kaiyaok2/PythonProjects/memray/tests/integration/test_tracking.py: 83.46011710166931s cumulative, 1.2124528884887695s individual

.
current test PASSED/SKIPPED -- test_pymalloc_allocation_tracking_deactivated in /home/kaiyaok2/PythonProjects/memray/tests/integration/test_tracking.py: 84.43107795715332s cumulative, 0.9709608554840088s individual

.
current test PASSED/SKIPPED -- test_pymalloc_allocation_tracking_deactivated in /home/kaiyaok2/PythonProjects/memray/tests/integration/test_tracking.py: 85.5380630493164s cumulative, 1.106985092163086s individual

.
current test PASSED/SKIPPED -- test_thread_allocations_multiple_threads in /home/kaiyaok2/PythonProjects/memray/tests/integration/test_tracking.py: 86.80902862548828s cumulative, 1.270965576171875s individual

.
current test PASSED/SKIPPED -- test_partial_munmap_split_in_middle in /home/kaiyaok2/PythonProjects/memray/tests/integration/test_tracking.py: 88.05755233764648s cumulative, 1.2485237121582031s individual

+10 kB
+ 9 kB
- 9 kB
+ 8 kB
+ 7 kB
- 7 kB
+ 6 kB
+ 5 kB
- 5 kB
+ 4 kB
+ 3 kB
- 3 kB
+ 2 kB
+ 1 kB
- 1 kB
- 2 kB
- 4 kB
- 6 kB
- 8 kB
-10 kB
.
current test PASSED/SKIPPED -- test_spiky_generally_increasing_to_final_peak in /home/kaiyaok2/PythonProjects/memray/tests/integration/test_tracking.py: 89.09239339828491s cumulative, 1.0348410606384277s individual

.
current test PASSED/SKIPPED -- test_simple_allocation_tracking in /home/kaiyaok2/PythonProjects/memray/tests/integration/test_tracking.py: 90.30851173400879s cumulative, 1.216118335723877s individual

.
current test PASSED/SKIPPED -- test_allocations_aggregation_on_different_lines in /home/kaiyaok2/PythonProjects/memray/tests/integration/test_tracking.py: 91.39262866973877s cumulative, 1.0841169357299805s individual

.
current test PASSED/SKIPPED -- test_partial_munmap_split_in_middle in /home/kaiyaok2/PythonProjects/memray/tests/integration/test_tracking.py: 92.51840734481812s cumulative, 1.1257786750793457s individual

.
current test PASSED/SKIPPED -- test_allocations_aggregation_on_same_line in /home/kaiyaok2/PythonProjects/memray/tests/integration/test_tracking.py: 93.71017742156982s cumulative, 1.191770076751709s individual

.
current test PASSED/SKIPPED -- test_simple_allocation_tracking in /home/kaiyaok2/PythonProjects/memray/tests/integration/test_tracking.py: 94.91656732559204s cumulative, 1.2063899040222168s individual

.
current test PASSED/SKIPPED -- test_final_allocation_is_peak in /home/kaiyaok2/PythonProjects/memray/tests/integration/test_tracking.py: 95.89204287528992s cumulative, 0.975475549697876s individual

.
current test PASSED/SKIPPED -- test_leaks_allocations_are_detected in /home/kaiyaok2/PythonProjects/memray/tests/integration/test_tracking.py: 96.77427291870117s cumulative, 0.8822300434112549s individual

.
current test PASSED/SKIPPED -- test_header_allocator in /home/kaiyaok2/PythonProjects/memray/tests/integration/test_tracking.py: 97.3080906867981s cumulative, 0.5338177680969238s individual


unit/test_stats_reporter.py .
current test PASSED/SKIPPED -- test_draw_histogram_invalid_input in /home/kaiyaok2/PythonProjects/memray/tests/unit/test_stats_reporter.py: 97.31262445449829s cumulative, 0.0045337677001953125s individual

.
current test PASSED/SKIPPED -- test_stats_output in /home/kaiyaok2/PythonProjects/memray/tests/unit/test_stats_reporter.py: 97.32079553604126s cumulative, 0.00817108154296875s individual

.
current test PASSED/SKIPPED -- test_get_histogram_databins in /home/kaiyaok2/PythonProjects/memray/tests/unit/test_stats_reporter.py: 97.32415390014648s cumulative, 0.0033583641052246094s individual

.
current test PASSED/SKIPPED -- test_draw_histogram in /home/kaiyaok2/PythonProjects/memray/tests/unit/test_stats_reporter.py: 97.33228874206543s cumulative, 0.008134841918945312s individual

.
current test PASSED/SKIPPED -- test_get_histogram_over_bound in /home/kaiyaok2/PythonProjects/memray/tests/unit/test_stats_reporter.py: 97.33637833595276s cumulative, 0.0040895938873291016s individual

.
current test PASSED/SKIPPED -- test_get_histogram_databins_rounding in /home/kaiyaok2/PythonProjects/memray/tests/unit/test_stats_reporter.py: 97.33992648124695s cumulative, 0.003548145294189453s individual

.
current test PASSED/SKIPPED -- test_draw_histogram_smaller_scale_factor in /home/kaiyaok2/PythonProjects/memray/tests/unit/test_stats_reporter.py: 97.34412360191345s cumulative, 0.004197120666503906s individual

.
current test PASSED/SKIPPED -- test_get_histogram_all_allocations_same_size in /home/kaiyaok2/PythonProjects/memray/tests/unit/test_stats_reporter.py: 97.3482723236084s cumulative, 0.004148721694946289s individual

.
current test PASSED/SKIPPED -- test_get_histogram_databins_invalid_bins in /home/kaiyaok2/PythonProjects/memray/tests/unit/test_stats_reporter.py: 97.35257482528687s cumulative, 0.004302501678466797s individual

.
current test PASSED/SKIPPED -- test_stats_output_json in /home/kaiyaok2/PythonProjects/memray/tests/unit/test_stats_reporter.py: 97.36100912094116s cumulative, 0.008434295654296875s individual


integration/test_main.py .
current test PASSED/SKIPPED -- test_live_tracking_invalid_port in /home/kaiyaok2/PythonProjects/memray/tests/integration/test_main.py: 99.41045784950256s cumulative, 2.0494487285614014s individual

.
current test PASSED/SKIPPED -- test_not_quiet_and_fork in /home/kaiyaok2/PythonProjects/memray/tests/integration/test_main.py: 101.22328639030457s cumulative, 1.812828540802002s individual

.
current test PASSED/SKIPPED -- test_json_generated_to_existing_known_file in /home/kaiyaok2/PythonProjects/memray/tests/integration/test_main.py: 104.5078854560852s cumulative, 3.2845990657806396s individual

['MEMORY_SNAPSHOT time=1705804508080 rss=766140416 heap=0', 'MEMORY_SNAPSHOT time=1705804508091 rss=766140416 heap=0', 'MEMORY_SNAPSHOT time=1705804508101 rss=766140416 heap=0', 'MEMORY_SNAPSHOT time=1705804508111 rss=766140416 heap=0', 'MEMORY_SNAPSHOT time=1705804508121 rss=766140416 heap=0', 'MEMORY_SNAPSHOT time=1705804508131 rss=766140416 heap=0', 'MEMORY_SNAPSHOT time=1705804508142 rss=766140416 heap=0', 'MEMORY_SNAPSHOT time=1705804508152 rss=766140416 heap=0', 'MEMORY_SNAPSHOT time=1705804508162 rss=766140416 heap=0', 'MEMORY_SNAPSHOT time=1705804508172 rss=766140416 heap=0', 'MEMORY_SNAPSHOT time=1705804508182 rss=766140416 heap=0', 'MEMORY_SNAPSHOT time=1705804508192 rss=766140416 heap=0', 'MEMORY_SNAPSHOT time=1705804508202 rss=766140416 heap=0', 'MEMORY_SNAPSHOT time=1705804508213 rss=766140416 heap=0', 'MEMORY_SNAPSHOT time=1705804508223 rss=766140416 heap=0', 'MEMORY_SNAPSHOT time=1705804508233 rss=766140416 heap=0', 'MEMORY_SNAPSHOT time=1705804508243 rss=766140416 heap=0', 'MEMORY_SNAPSHOT time=1705804508253 rss=766140416 heap=0', 'MEMORY_SNAPSHOT time=1705804508263 rss=766140416 heap=0', 'MEMORY_SNAPSHOT time=1705804508273 rss=766140416 heap=0', 'MEMORY_SNAPSHOT time=1705804508283 rss=766140416 heap=0', 'MEMORY_SNAPSHOT time=1705804508293 rss=766140416 heap=0', 'MEMORY_SNAPSHOT time=1705804508304 rss=766140416 heap=0', 'MEMORY_SNAPSHOT time=1705804508314 rss=766140416 heap=0', 'MEMORY_SNAPSHOT time=1705804508324 rss=766140416 heap=0', 'MEMORY_SNAPSHOT time=1705804508334 rss=766140416 heap=0', 'MEMORY_SNAPSHOT time=1705804508344 rss=766140416 heap=0', 'MEMORY_SNAPSHOT time=1705804508354 rss=766140416 heap=0', 'MEMORY_SNAPSHOT time=1705804508365 rss=766140416 heap=0', 'MEMORY_SNAPSHOT time=1705804508375 rss=766140416 heap=0', 'MEMORY_SNAPSHOT time=1705804508385 rss=766140416 heap=0', 'MEMORY_SNAPSHOT time=1705804508395 rss=766140416 heap=0', 'MEMORY_SNAPSHOT time=1705804508405 rss=766140416 heap=0', 'MEMORY_SNAPSHOT time=1705804508415 rss=766140416 heap=0', 'MEMORY_SNAPSHOT time=1705804508426 rss=766140416 heap=0', 'MEMORY_SNAPSHOT time=1705804508436 rss=766140416 heap=0', 'MEMORY_SNAPSHOT time=1705804508446 rss=766140416 heap=0', 'MEMORY_SNAPSHOT time=1705804508456 rss=766140416 heap=0', 'MEMORY_SNAPSHOT time=1705804508466 rss=766140416 heap=0', 'MEMORY_SNAPSHOT time=1705804508476 rss=766140416 heap=0', 'MEMORY_SNAPSHOT time=1705804508486 rss=766140416 heap=0', 'MEMORY_SNAPSHOT time=1705804508497 rss=766140416 heap=0', 'MEMORY_SNAPSHOT time=1705804508507 rss=766140416 heap=0', 'MEMORY_SNAPSHOT time=1705804508517 rss=766140416 heap=0', 'MEMORY_SNAPSHOT time=1705804508527 rss=766140416 heap=0', 'MEMORY_SNAPSHOT time=1705804508537 rss=766140416 heap=0', 'MEMORY_SNAPSHOT time=1705804508547 rss=766140416 heap=0', 'MEMORY_SNAPSHOT time=1705804508558 rss=766140416 heap=0', 'MEMORY_SNAPSHOT time=1705804508568 rss=766140416 heap=0', 'MEMORY_SNAPSHOT time=1705804508578 rss=766140416 heap=0', 'MEMORY_SNAPSHOT time=1705804508588 rss=766140416 heap=0', 'MEMORY_SNAPSHOT time=1705804508598 rss=766140416 heap=0', 'MEMORY_SNAPSHOT time=1705804508608 rss=766140416 heap=0', 'CONTEXT_SWITCH tid=1', 'THREAD_RECORD main', 'MEMORY_MAP_START', 'SEGMENT_HEADER filename=/usr/bin/python3.10 num_segments=4 addr=0x55f9506bf000', 'SEGMENT (nil) 6c228', 'SEGMENT 0x6d000 2af2fd', 'SEGMENT 0x31d000 23e548', 'SEGMENT 0x55c830 8b6a8', 'SEGMENT_HEADER filename=/lib/x86_64-linux-gnu/libm.so.6 num_segments=4 addr=0x7feacb11c000', 'SEGMENT (nil) d2e0', 'SEGMENT 0xe000 7b8d5', 'SEGMENT 0x8a000 5a7e4', 'SEGMENT 0xe5d80 388', 'SEGMENT_HEADER filename=/lib/x86_64-linux-gnu/libexpat.so.1 num_segments=4 addr=0x7feacb0eb000', 'SEGMENT (nil) 3288', 'SEGMENT 0x4000 1e5b5', 'SEGMENT 0x23000 9c0c', 'SEGMENT 0x2e590 1b28', 'SEGMENT_HEADER filename=/lib/x86_64-linux-gnu/libz.so.1 num_segments=4 addr=0x7feacb0cf000', 'SEGMENT (nil) 1f38', 'SEGMENT 0x2000 10c21', 'SEGMENT 0x13000 5e74', 'SEGMENT 0x1ac90 428', 'SEGMENT_HEADER filename=/lib/x86_64-linux-gnu/libc.so.6 num_segments=4 addr=0x7feacaea6000', 'SEGMENT (nil) 27fe0', 'SEGMENT 0x28000 194341', 'SEGMENT 0x1bd000 57924', 'SEGMENT 0x2168f0 12560', 'SEGMENT_HEADER filename=/lib64/ld-linux-x86-64.so.2 num_segments=4 addr=0x7feacb20c000', 'SEGMENT (nil) 1b50', 'SEGMENT 0x2000 29315', 'SEGMENT 0x2c000 af34', 'SEGMENT 0x38620 2cb8', 'SEGMENT_HEADER filename=/usr/lib/python3.10/lib-dynload/_opcode.cpython-310-x86_64-linux-gnu.so num_segments=4 addr=0x7feaca954000', 'SEGMENT (nil) 8d8', 'SEGMENT 0x1000 43d', 'SEGMENT 0x2000 2a4', 'SEGMENT 0x3e10 360', 'SEGMENT_HEADER filename=/usr/lib/python3.10/lib-dynload/_bz2.cpython-310-x86_64-linux-gnu.so num_segments=4 addr=0x7feaca94b000', 'SEGMENT (nil) 1618', 'SEGMENT 0x2000 2219', 'SEGMENT 0x5000 128c', 'SEGMENT 0x7db0 748', 'SEGMENT_HEADER filename=/lib/x86_64-linux-gnu/libbz2.so.1.0 num_segments=4 addr=0x7feaca5d8000', 'SEGMENT (nil) 1248', 'SEGMENT 0x2000 c571', 'SEGMENT 0xf000 15e8', 'SEGMENT 0x11c90 f98', 'SEGMENT_HEADER filename=/usr/lib/python3.10/lib-dynload/_lzma.cpython-310-x86_64-linux-gnu.so num_segments=4 addr=0x7feaca93f000', 'SEGMENT (nil) 2208', 'SEGMENT 0x3000 38f1', 'SEGMENT 0x7000 243c', 'SEGMENT 0xad70 ac8', 'SEGMENT_HEADER filename=/lib/x86_64-linux-gnu/liblzma.so.5 num_segments=4 addr=0x7feaca5ad000', 'SEGMENT (nil) 27b0', 'SEGMENT 0x3000 1a0ed', 'SEGMENT 0x1e000 a84c', 'SEGMENT 0x29ab0 658', 'SEGMENT_HEADER filename=/usr/lib/python3.10/lib-dynload/_uuid.cpython-310-x86_64-linux-gnu.so num_segments=4 addr=0x7feaca93a000', 'SEGMENT (nil) 738', 'SEGMENT 0x1000 239', 'SEGMENT 0x2000 12c', 'SEGMENT 0x3e00 330', 'SEGMENT_HEADER filename=/lib/x86_64-linux-gnu/libuuid.so.1 num_segments=4 addr=0x7feaca39d000', 'SEGMENT (nil) 1450', 'SEGMENT 0x2000 3d76', 'SEGMENT 0x6000 880', 'SEGMENT 0x7c70 3b8', 'SEGMENT_HEADER filename=/usr/lib/python3.10/lib-dynload/_json.cpython-310-x86_64-linux-gnu.so num_segments=4 addr=0x7feaca727000', 'SEGMENT (nil) 1f30', 'SEGMENT 0x2000 6695', 'SEGMENT 0x9000 1454', 'SEGMENT 0xbdf8 a78', 'SEGMENT_HEADER filename=/usr/lib/python3.10/lib-dynload/_decimal.cpython-310-x86_64-linux-gnu.so num_segments=4 addr=0x7feaca6fa000', 'SEGMENT (nil) 74f8', 'SEGMENT 0x8000 140d1', 'SEGMENT 0x1d000 b130', 'SEGMENT 0x29d18 2d38', 'SEGMENT_HEADER filename=/lib/x86_64-linux-gnu/libmpdec.so.3 num_segments=4 addr=0x7feaca0dd000', 'SEGMENT (nil) 4f80', 'SEGMENT 0x5000 203f5', 'SEGMENT 0x26000 690c', 'SEGMENT 0x2dc10 618', 'SEGMENT_HEADER filename=/usr/lib/python3.10/lib-dynload/_hashlib.cpython-310-x86_64-linux-gnu.so num_segments=4 addr=0x7feac9dcc000', 'SEGMENT (nil) 3998', 'SEGMENT 0x4000 5fd9', 'SEGMENT 0xa000 3708', 'SEGMENT 0xe7f0 1880', 'SEGMENT_HEADER filename=/lib/x86_64-linux-gnu/libcrypto.so.3 num_segments=4 addr=0x7feac9989000', 'SEGMENT (nil) b1c28', 'SEGMENT 0xb2000 25de31', 'SEGMENT 0x310000 d1770', 'SEGMENT 0x3e2ff0 5f4d0', 'SEGMENT_HEADER filename=/usr/lib/python3.10/lib-dynload/_sqlite3.cpython-310-x86_64-linux-gnu.so num_segments=4 addr=0x7feac996d000', 'SEGMENT (nil) 55e8', 'SEGMENT 0x6000 d155', 'SEGMENT 0x14000 49a4', 'SEGMENT 0x19bd0 1d78', 'SEGMENT_HEADER filename=/lib/x86_64-linux-gnu/libsqlite3.so.0 num_segments=4 addr=0x7feac9820000', 'SEGMENT (nil) 1d7d8', 'SEGMENT 0x1e000 eb4dd', 'SEGMENT 0x10a000 3a3ec', 'SEGMENT 0x145ed0 6ae8', 'SEGMENT_HEADER filename=/home/kaiyaok2/.local/lib/python3.10/site-packages/coverage/tracer.cpython-310-x86_64-linux-gnu.so num_segments=4 addr=0x7feaca6f3000', 'SEGMENT (nil) 1970', 'SEGMENT 0x2000 19c1', 'SEGMENT 0x4000 8a4', 'SEGMENT 0x5d50 c18', 'SEGMENT_HEADER filename=/lib/x86_64-linux-gnu/libpthread.so.0 num_segments=4 addr=0x7feaca935000', 'SEGMENT (nil) aa8', 'SEGMENT 0x1000 115', 'SEGMENT 0x2000 188', 'SEGMENT 0x3e00 228', 'SEGMENT_HEADER filename=/home/kaiyaok2/.local/lib/python3.10/site-packages/numpy/core/_multiarray_umath.cpython-310-x86_64-linux-gnu.so num_segments=6 addr=0x7feac91a9000', 'SEGMENT (nil) 27f28', 'SEGMENT 0x28000 3f9045', 'SEGMENT 0x422000 107608', 'SEGMENT 0x52b2f0 43d18', 'SEGMENT 0x570000 38e0', 'SEGMENT 0x574000 2ff0', 'SEGMENT_HEADER filename=/home/kaiyaok2/.local/lib/python3.10/site-packages/numpy/core/../../numpy.libs/libopenblas64_p-r0-742d56dc.3.20.so num_segments=4 addr=0x7feac7000000', 'SEGMENT (nil) 1d98558', 'SEGMENT 0x1f98700 2af28', 'SEGMENT 0x1fc4000 5d188', 'SEGMENT 0x2022000 43938', 'SEGMENT_HEADER filename=/home/kaiyaok2/.local/lib/python3.10/site-packages/numpy/core/../../numpy.libs/libgfortran-040039e1.so.5.0.0 num_segments=4 addr=0x7feac6a00000', 'SEGMENT (nil) 2752ec', 'SEGMENT 0x475310 2160', 'SEGMENT 0x478000 b5f0', 'SEGMENT 0x484000 8c70', 'SEGMENT_HEADER filename=/home/kaiyaok2/.local/lib/python3.10/site-packages/numpy/core/../../numpy.libs/libquadmath-96973f99.so.0.0.0 num_segments=3 addr=0x7feac6600000', 'SEGMENT (nil) 3a4cc', 'SEGMENT 0x23ada0 6f0', 'SEGMENT 0x23c000 738', 'SEGMENT_HEADER filename=/lib/x86_64-linux-gnu/libgcc_s.so.1 num_segments=4 addr=0x7feac9189000', 'SEGMENT (nil) 2d08', 'SEGMENT 0x3000 16815', 'SEGMENT 0x1a000 32c4', 'SEGMENT 0x1edc8 520', 'SEGMENT_HEADER filename=/home/kaiyaok2/.local/lib/python3.10/site-packages/numpy/core/_multiarray_tests.cpython-310-x86_64-linux-gnu.so num_segments=4 addr=0x7feac6ed7000', 'SEGMENT (nil) 7f60', 'SEGMENT 0x8000 165c5', 'SEGMENT 0x1f000 5fc8', 'SEGMENT 0x26d50 18a0', 'SEGMENT_HEADER filename=/usr/lib/python3.10/lib-dynload/_ctypes.cpython-310-x86_64-linux-gnu.so num_segments=4 addr=0x7feac9068000', 'SEGMENT (nil) 5ee0', 'SEGMENT 0x6000 fbb9', 'SEGMENT 0x16000 585c', 'SEGMENT 0x1cd58 3ec8', 'SEGMENT_HEADER filename=/lib/x86_64-linux-gnu/libffi.so.8 num_segments=4 addr=0x7feac6eca000', 'SEGMENT (nil) 1880', 'SEGMENT 0x2000 63a1', 'SEGMENT 0x9000 fc8', 'SEGMENT 0xbc90 9a0', 'SEGMENT_HEADER filename=/home/kaiyaok2/.local/lib/python3.10/site-packages/numpy/linalg/_umath_linalg.cpython-310-x86_64-linux-gnu.so num_segments=6 addr=0x7feaca367000', 'SEGMENT (nil) 7da0', 'SEGMENT 0x8000 20955', 'SEGMENT 0x29000 56f8', 'SEGMENT 0x2fd18 1538', 'SEGMENT 0x32000 1e18', 'SEGMENT 0x34000 1660', 'SEGMENT_HEADER filename=/home/kaiyaok2/.local/lib/python3.10/site-packages/numpy/fft/_pocketfft_internal.cpython-310-x86_64-linux-gnu.so num_segments=4 addr=0x7feaca34f000', 'SEGMENT (nil) b20', 'SEGMENT 0x1000 12a09', 'SEGMENT 0x14000 145c', 'SEGMENT 0x16dd8 3b8', 'SEGMENT_HEADER filename=/home/kaiyaok2/.local/lib/python3.10/site-packages/numpy/random/mtrand.cpython-310-x86_64-linux-gnu.so num_segments=4 addr=0x7fea8cc35000', 'SEGMENT (nil) e348', 'SEGMENT 0xf000 4c6e5', 'SEGMENT 0x5c000 2d798', 'SEGMENT 0x8abf8 28690', 'SEGMENT_HEADER filename=/home/kaiyaok2/.local/lib/python3.10/site-packages/numpy/random/bit_generator.cpython-310-x86_64-linux-gnu.so num_segments=4 addr=0x7feaca320000', 'SEGMENT (nil) 5b40', 'SEGMENT 0x6000 1a759', 'SEGMENT 0x21000 722c', 'SEGMENT 0x29ce0 4f88', 'SEGMENT_HEADER filename=/home/kaiyaok2/.local/lib/python3.10/site-packages/numpy/random/_common.cpython-310-x86_64-linux-gnu.so num_segments=4 addr=0x7feac687f000', 'SEGMENT (nil) 4870', 'SEGMENT 0x5000 322e1', 'SEGMENT 0x38000 3aec', 'SEGMENT 0x3ccc8 2dc0', 'SEGMENT_HEADER filename=/home/kaiyaok2/.local/lib/python3.10/site-packages/numpy/random/_bounded_integers.cpython-310-x86_64-linux-gnu.so num_segments=4 addr=0x7fea8cad9000', 'SEGMENT (nil) 72c0', 'SEGMENT 0x8000 45995', 'SEGMENT 0x4e000 9570', 'SEGMENT 0x58d28 25c8', 'SEGMENT_HEADER filename=/home/kaiyaok2/.local/lib/python3.10/site-packages/numpy/random/_mt19937.cpython-310-x86_64-linux-gnu.so num_segments=4 addr=0x7feac6eb0000', 'SEGMENT (nil) 3420', 'SEGMENT 0x4000 da8d', 'SEGMENT 0x12000 3f34', 'SEGMENT 0x17d10 1f98', 'SEGMENT_HEADER filename=/home/kaiyaok2/.local/lib/python3.10/site-packages/numpy/random/_philox.cpython-310-x86_64-linux-gnu.so num_segments=4 addr=0x7feac6e9a000', 'SEGMENT (nil) 2f78', 'SEGMENT 0x3000 b519', 'SEGMENT 0xf000 2ec4', 'SEGMENT 0x13d20 1ca8', 'SEGMENT_HEADER filename=/home/kaiyaok2/.local/lib/python3.10/site-packages/numpy/random/_pcg64.cpython-310-x86_64-linux-gnu.so num_segments=4 addr=0x7feac6865000', 'SEGMENT (nil) 30f0', 'SEGMENT 0x4000 d965', 'SEGMENT 0x12000 34e8', 'SEGMENT 0x16d30 26d8', 'SEGMENT_HEADER filename=/home/kaiyaok2/.local/lib/python3.10/site-packages/numpy/random/_sfc64.cpython-310-x86_64-linux-gnu.so num_segments=4 addr=0x7feaca311000', 'SEGMENT (nil) 29c8', 'SEGMENT 0x3000 6595', 'SEGMENT 0xa000 1d68', 'SEGMENT 0xdd40 11d8', 'SEGMENT_HEADER filename=/home/kaiyaok2/.local/lib/python3.10/site-packages/numpy/random/_generator.cpython-310-x86_64-linux-gnu.so num_segments=4 addr=0x7fea8c9f6000', 'SEGMENT (nil) f628', 'SEGMENT 0x10000 75225', 'SEGMENT 0x86000 31cd0', 'SEGMENT 0xb9b80 28c68', 'SEGMENT_HEADER filename=/usr/lib/python3.10/lib-dynload/_ssl.cpython-310-x86_64-linux-gnu.so num_segments=4 addr=0x7fea8c8bf000', 'SEGMENT (nil) 11d98', 'SEGMENT 0x12000 c071', 'SEGMENT 0x1f000 dc00', 'SEGMENT 0x2dc30 8b28', 'SEGMENT_HEADER filename=/lib/x86_64-linux-gnu/libssl.so.3 num_segments=4 addr=0x7fea8c81b000', 'SEGMENT (nil) 1d418', 'SEGMENT 0x1e000 5aeed', 'SEGMENT 0x79000 1c1c0', 'SEGMENT 0x96eb0 c940', 'SEGMENT_HEADER filename=/usr/lib/python3.10/lib-dynload/_contextvars.cpython-310-x86_64-linux-gnu.so num_segments=4 addr=0x7feaca6ee000', 'SEGMENT (nil) 708', 'SEGMENT 0x1000 1e5', 'SEGMENT 0x2000 160', 'SEGMENT 0x3e38 2f8', 'SEGMENT_HEADER filename=/usr/lib/python3.10/lib-dynload/_asyncio.cpython-310-x86_64-linux-gnu.so num_segments=4 addr=0x7feac6851000', 'SEGMENT (nil) 3b38', 'SEGMENT 0x4000 76f9', 'SEGMENT 0xc000 3e74', 'SEGMENT 0x11c90 1eb0', 'SEGMENT_HEADER filename=/usr/lib/python3.10/lib-dynload/_queue.cpython-310-x86_64-linux-gnu.so num_segments=4 addr=0x7feaca3a6000', 'SEGMENT (nil) 1348', 'SEGMENT 0x2000 1259', 'SEGMENT 0x4000 c40', 'SEGMENT 0x5db0 6e0', 'SEGMENT_HEADER filename=/home/kaiyaok2/.local/lib/python3.10/site-packages/rpds/rpds.cpython-310-x86_64-linux-gnu.so num_segments=4 addr=0x7fea8c268000', 'SEGMENT (nil) aea0', 'SEGMENT 0xb000 7e9a9', 'SEGMENT 0x8a000 20a54', 'SEGMENT 0xabbd8 6b08', 'SEGMENT_HEADER filename=/lib/x86_64-linux-gnu/librt.so.1 num_segments=4 addr=0x7feaca30c000', 'SEGMENT (nil) 808', 'SEGMENT 0x1000 285', 'SEGMENT 0x2000 274', 'SEGMENT 0x3dc0 278', 'SEGMENT_HEADER filename=/lib/x86_64-linux-gnu/libdl.so.2 num_segments=4 addr=0x7feac6e8e000', 'SEGMENT (nil) 678', 'SEGMENT 0x1000 115', 'SEGMENT 0x2000 110', 'SEGMENT 0x3e00 228', 'SEGMENT_HEADER filename=/home/kaiyaok2/.local/lib/python3.10/site-packages/zmq/backend/cython/_device.cpython-310-x86_64-linux-gnu.so num_segments=6 addr=0x7feac683f000', 'SEGMENT (nil) 29d8', 'SEGMENT 0x3000 61e5', 'SEGMENT 0xa000 17c8', 'SEGMENT 0xcd40 14a8', 'SEGMENT 0xf000 1198', 'SEGMENT 0x11000 9c0', 'SEGMENT_HEADER filename=/home/kaiyaok2/.local/lib/python3.10/site-packages/zmq/backend/cython/../../../pyzmq.libs/libzmq-fc4fcd2d.so.5.2.4 num_segments=6 addr=0x7fea8be74000', 'SEGMENT (nil) 17d18', 'SEGMENT 0x18000 92779', 'SEGMENT 0xab000 3aef4', 'SEGMENT 0xe7c80 7ca0', 'SEGMENT 0xf0000 1c90', 'SEGMENT 0xf2000 1a10', 'SEGMENT_HEADER filename=/home/kaiyaok2/.local/lib/python3.10/site-packages/zmq/backend/cython/../../../pyzmq.libs/libsodium-a0cd10d3.so.23.3.0 num_segments=5 addr=0x7fea8bd49000', 'SEGMENT (nil) be90', 'SEGMENT 0xc000 1001c9', 'SEGMENT 0x10d000 13aa0', 'SEGMENT 0x122798 c78', 'SEGMENT 0x124000 6260', 'SEGMENT_HEADER filename=/lib/x86_64-linux-gnu/libstdc++.so.6 num_segments=4 addr=0x7fea8bb1d000', 'SEGMENT (nil) 99140', 'SEGMENT 0x9a000 110fd1', 'SEGMENT 0x1ab000 6e882', 'SEGMENT 0x21b880 10040', 'SEGMENT_HEADER filename=/home/kaiyaok2/.local/lib/python3.10/site-packages/zmq/backend/cython/context.cpython-310-x86_64-linux-gnu.so num_segments=6 addr=0x7fea8bb07000', 'SEGMENT (nil) 3580', 'SEGMENT 0x4000 8195', 'SEGMENT 0xd000 2144', 'SEGMENT 0x10d28 1ef8', 'SEGMENT 0x13000 1440', 'SEGMENT 0x15000 ae0', 'SEGMENT_HEADER filename=/home/kaiyaok2/.local/lib/python3.10/site-packages/zmq/backend/cython/socket.cpython-310-x86_64-linux-gnu.so num_segments=6 addr=0x7fea8badc000', 'SEGMENT (nil) 5710', 'SEGMENT 0x6000 17271', 'SEGMENT 0x1e000 3a90', 'SEGMENT 0x22d00 4f40', 'SEGMENT 0x28000 19d0', 'SEGMENT 0x2a000 d28', 'SEGMENT_HEADER filename=/home/kaiyaok2/.local/lib/python3.10/site-packages/zmq/backend/cython/message.cpython-310-x86_64-linux-gnu.so num_segments=6 addr=0x7fea8babf000', 'SEGMENT (nil) 4b30', 'SEGMENT 0x5000 d7a1', 'SEGMENT 0x13000 2c2c', 'SEGMENT 0x16ce8 2c40', 'SEGMENT 0x1a000 cb0', 'SEGMENT 0x1b000 1dd8', 'SEGMENT_HEADER filename=/home/kaiyaok2/.local/lib/python3.10/site-packages/zmq/backend/cython/_poll.cpython-310-x86_64-linux-gnu.so num_segments=6 addr=0x7fea8baa9000', 'SEGMENT (nil) 3188', 'SEGMENT 0x4000 99b1', 'SEGMENT 0xe000 1c94', 'SEGMENT 0x10d18 18b0', 'SEGMENT 0x13000 1400', 'SEGMENT 0x15000 aa8', 'SEGMENT_HEADER filename=/home/kaiyaok2/.local/lib/python3.10/site-packages/zmq/backend/cython/_proxy_steerable.cpython-310-x86_64-linux-gnu.so num_segments=6 addr=0x7fea8ba98000', 'SEGMENT (nil) 2828', 'SEGMENT 0x3000 531d', 'SEGMENT 0x9000 1540', 'SEGMENT 0xbd58 1300', 'SEGMENT 0xe000 10e8', 'SEGMENT 0x10000 980', 'SEGMENT_HEADER filename=/home/kaiyaok2/.local/lib/python3.10/site-packages/zmq/backend/cython/_version.cpython-310-x86_64-linux-gnu.so num_segments=6 addr=0x7fea8ba8e000', 'SEGMENT (nil) 1f68', 'SEGMENT 0x2000 25c9', 'SEGMENT 0x5000 d78', 'SEGMENT 0x6d80 e08', 'SEGMENT 0x8000 ce8', 'SEGMENT 0x9000 7b0', 'SEGMENT_HEADER filename=/home/kaiyaok2/.local/lib/python3.10/site-packages/zmq/backend/cython/error.cpython-310-x86_64-linux-gnu.so num_segments=6 addr=0x7fea8ba82000', 'SEGMENT (nil) 2170', 'SEGMENT 0x3000 2e99', 'SEGMENT 0x6000 fa0', 'SEGMENT 0x8d68 ed8', 'SEGMENT 0xa000 df8', 'SEGMENT 0xb000 810', 'SEGMENT_HEADER filename=/home/kaiyaok2/.local/lib/python3.10/site-packages/zmq/backend/cython/utils.cpython-310-x86_64-linux-gnu.so num_segments=6 addr=0x7fea8ba73000', 'SEGMENT (nil) 2790', 'SEGMENT 0x3000 44b1', 'SEGMENT 0x8000 1220', 'SEGMENT 0xad50 1568', 'SEGMENT 0xd000 fe0', 'SEGMENT 0xe000 8f0', 'SEGMENT_HEADER filename=/home/kaiyaok2/.local/lib/python3.10/site-packages/tornado/speedups.abi3.so num_segments=4 addr=0x7feac6e95000', 'SEGMENT (nil) 688', 'SEGMENT 0x1000 28d', 'SEGMENT 0x2000 d4', 'SEGMENT 0x3df8 330', 'SEGMENT_HEADER filename=/usr/lib/python3.10/lib-dynload/_curses.cpython-310-x86_64-linux-gnu.so num_segments=4 addr=0x7fea8b953000', 'SEGMENT (nil) 66c8', 'SEGMENT 0x7000 a079', 'SEGMENT 0x12000 a3c4', 'SEGMENT 0x1dd50 2258', 'SEGMENT_HEADER filename=/lib/x86_64-linux-gnu/libncursesw.so.6 num_segments=4 addr=0x7fea8b910000', 'SEGMENT (nil) 7f00', 'SEGMENT 0x8000 28639', 'SEGMENT 0x31000 7978', 'SEGMENT 0x3a8d8 8e8', 'SEGMENT_HEADER filename=/lib/x86_64-linux-gnu/libtinfo.so.6 num_segments=4 addr=0x7fea8b8de000', 'SEGMENT (nil) d610', 'SEGMENT 0xe000 101a9', 'SEGMENT 0x1f000 d690', 'SEGMENT 0x2db90 3d90', 'SEGMENT_HEADER filename=/usr/lib/python3.10/lib-dynload/termios.cpython-310-x86_64-linux-gnu.so num_segments=4 addr=0x7fea8b7d5000', 'SEGMENT (nil) 27c0', 'SEGMENT 0x3000 ee9', 'SEGMENT 0x4000 148c', 'SEGMENT 0x6e00 1410', 'SEGMENT_HEADER filename=/usr/lib/python3.10/lib-dynload/resource.cpython-310-x86_64-linux-gnu.so num_segments=4 addr=0x7fea8b94d000', 'SEGMENT (nil) 1230', 'SEGMENT 0x2000 e79', 'SEGMENT 0x3000 a0c', 'SEGMENT 0x4df0 5c0', 'SEGMENT_HEADER filename=/usr/lib/python3.10/lib-dynload/_lsprof.cpython-310-x86_64-linux-gnu.so num_segments=4 addr=0x7feac68f7000', 'SEGMENT (nil) 14f8', 'SEGMENT 0x2000 29a1', 'SEGMENT 0x5000 1160', 'SEGMENT 0x7e28 6c0', 'SEGMENT_HEADER filename=/home/kaiyaok2/.local/lib/python3.10/site-packages/debugpy/_vendored/pydevd/_pydevd_bundle/pydevd_cython.cpython-310-x86_64-linux-gnu.so num_segments=4 addr=0x7fea8a8c1000', 'SEGMENT (nil) 7ef8', 'SEGMENT 0x8000 7904d', 'SEGMENT 0x82000 8bb0', 'SEGMENT 0x8bc90 6880', 'SEGMENT_HEADER filename=/home/kaiyaok2/.local/lib/python3.10/site-packages/markupsafe/_speedups.cpython-310-x86_64-linux-gnu.so num_segments=4 addr=0x7feac68f2000', 'SEGMENT (nil) a80', 'SEGMENT 0x1000 d05', 'SEGMENT 0x2000 7c8', 'SEGMENT 0x3dd8 3e0', 'SEGMENT_HEADER filename=/home/kaiyaok2/.local/lib/python3.10/site-packages/yaml/_yaml.cpython-310-x86_64-linux-gnu.so num_segments=4 addr=0x7fea8a167000', 'SEGMENT (nil) 6368', 'SEGMENT 0x7000 45bd1', 'SEGMENT 0x4d000 70d8', 'SEGMENT 0x55d30 3d40', 'SEGMENT_HEADER filename=/home/kaiyaok2/.local/lib/python3.10/site-packages/_brotli.cpython-310-x86_64-linux-gnu.so num_segments=2 addr=0x7fea89c00000', 'SEGMENT (nil) d7e94', 'SEGMENT 0x2d8c90 d00', 'SEGMENT_HEADER filename=/home/kaiyaok2/.local/lib/python3.10/site-packages/charset_normalizer/md.cpython-310-x86_64-linux-gnu.so num_segments=4 addr=0x7feac68ed000', 'SEGMENT (nil) 600', 'SEGMENT 0x1000 1c1', 'SEGMENT 0x2000 f8', 'SEGMENT 0x3df8 258', 'SEGMENT_HEADER filename=/home/kaiyaok2/.local/lib/python3.10/site-packages/charset_normalizer/md__mypyc.cpython-310-x86_64-linux-gnu.so num_segments=4 addr=0x7fea89f2e000', 'SEGMENT (nil) ccc0', 'SEGMENT 0xd000 1be11', 'SEGMENT 0x29000 8a5c', 'SEGMENT 0x337d0 5098', 'SEGMENT_HEADER filename=/usr/lib/python3.10/lib-dynload/_multibytecodec.cpython-310-x86_64-linux-gnu.so num_segments=4 addr=0x7feac68e0000', 'SEGMENT (nil) 2978', 'SEGMENT 0x3000 587d', 'SEGMENT 0x9000 1cd8', 'SEGMENT 0xbd50 ec8', 'SEGMENT_HEADER filename=/home/kaiyaok2/.local/lib/python3.10/site-packages/PyQt5/QtCore.abi3.so num_segments=2 addr=0x7fea897e6000', 'SEGMENT (nil) 2c9a4c', 'SEGMENT 0x2ca948 4ee08', 'SEGMENT_HEADER filename=/home/kaiyaok2/.local/lib/python3.10/site-packages/PyQt5/Qt5/lib/libQt5Core.so.5 num_segments=2 addr=0x7fea88e00000', 'SEGMENT (nil) 5e3d78', 'SEGMENT 0x7e4600 11928', 'SEGMENT_HEADER filename=/home/kaiyaok2/.local/lib/python3.10/site-packages/PyQt5/Qt5/lib/libicui18n.so.56 num_segments=2 addr=0x7fea88800000', 'SEGMENT (nil) 288128', 'SEGMENT 0x488ae0 f670', 'SEGMENT_HEADER filename=/home/kaiyaok2/.local/lib/python3.10/site-packages/PyQt5/Qt5/lib/libicuuc.so.56 num_segments=2 addr=0x7fea88400000', 'SEGMENT (nil) 1a4db5', 'SEGMENT 0x3a50a8 12c18', 'SEGMENT_HEADER filename=/home/kaiyaok2/.local/lib/python3.10/site-packages/PyQt5/Qt5/lib/libicudata.so.56 num_segments=2 addr=0x7fea86a00000', 'SEGMENT (nil) 17e2ab0', 'SEGMENT 0x19e2f10 f0', 'SEGMENT_HEADER filename=/lib/x86_64-linux-gnu/libgthread-2.0.so.0 num_segments=4 addr=0x7feac68d4000', 'SEGMENT (nil) 5f8', 'SEGMENT 0x1000 1d1', 'SEGMENT 0x2000 1c0', 'SEGMENT 0x3d98 278', 'SEGMENT_HEADER filename=/lib/x86_64-linux-gnu/libglib-2.0.so.0 num_segments=4 addr=0x7fea896ac000', 'SEGMENT (nil) 1c5d0', 'SEGMENT 0x1d000 8ef31', 'SEGMENT 0xac000 897c0', 'SEGMENT 0x137428 1eb0', 'SEGMENT_HEADER filename=/lib/x86_64-linux-gnu/libpcre.so.3 num_segments=4 addr=0x7fea89636000', 'SEGMENT (nil) 1350', 'SEGMENT 0x2000 545bd', 'SEGMENT 0x57000 1c66c', 'SEGMENT 0x74bf0 520', 'SEGMENT_HEADER filename=/home/kaiyaok2/.local/lib/python3.10/site-packages/PyQt5/sip.cpython-310-x86_64-linux-gnu.so num_segments=2 addr=0x7fea89f05000', 'SEGMENT (nil) 24c88', 'SEGMENT 0x257b0 28a0', 'SEGMENT_HEADER filename=/home/kaiyaok2/.local/lib/python3.10/site-packages/PyQt5/QtGui.abi3.so num_segments=2 addr=0x7fea866ac000', 'SEGMENT (nil) 2f331c', 'SEGMENT 0x2f4d88 5eec8', 'SEGMENT_HEADER filename=/home/kaiyaok2/.local/lib/python3.10/site-packages/PyQt5/Qt5/lib/libQt5Gui.so.5 num_segments=2 addr=0x7fea85c00000', 'SEGMENT (nil) 70fa1c', 'SEGMENT 0x90fbb8 211b0', 'SEGMENT_HEADER filename=/lib/x86_64-linux-gnu/libGL.so.1 num_segments=4 addr=0x7fea86625000', 'SEGMENT (nil) 429e8', 'SEGMENT 0x43000 1e00d', 'SEGMENT 0x62000 14438', 'SEGMENT 0x77ce0 ec30', 'SEGMENT_HEADER filename=/lib/x86_64-linux-gnu/libGLdispatch.so.0 num_segments=4 addr=0x7fea8656d000', 'SEGMENT (nil) 3ffa0', 'SEGMENT 0x40000 3e00d', 'SEGMENT 0x7f000 12c60', 'SEGMENT 0x934e0 23e58', 'SEGMENT_HEADER filename=/lib/x86_64-linux-gnu/libGLX.so.0 num_segments=4 addr=0x7fea89602000', 'SEGMENT (nil) 2898', 'SEGMENT 0x3000 1a08d', 'SEGMENT 0x1e000 2a90', 'SEGMENT 0x22900 10c88', 'SEGMENT_HEADER filename=/lib/x86_64-linux-gnu/libX11.so.6 num_segments=4 addr=0x7fea85ac0000', 'SEGMENT (nil) 18038', 'SEGMENT 0x19000 8b6dd', 'SEGMENT 0xa5000 943e8', 'SEGMENT 0x13b1b0 4b80', 'SEGMENT_HEADER filename=/lib/x86_64-linux-gnu/libxcb.so.1 num_segments=4 addr=0x7fea89edb000', 'SEGMENT (nil) af08', 'SEGMENT 0xb000 1366d', 'SEGMENT 0x1f000 85c0', 'SEGMENT 0x28cc0 5c8', 'SEGMENT_HEADER filename=/lib/x86_64-linux-gnu/libXau.so.6 num_segments=4 addr=0x7feac68ce000', 'SEGMENT (nil) c30', 'SEGMENT 0x1000 10a1', 'SEGMENT 0x3000 428', 'SEGMENT 0x4e00 308', 'SEGMENT_HEADER filename=/lib/x86_64-linux-gnu/libXdmcp.so.6 num_segments=4 addr=0x7feac68c6000', 'SEGMENT (nil) 1030', 'SEGMENT 0x2000 1975', 'SEGMENT 0x4000 19b0', 'SEGMENT 0x6df0 290', 'SEGMENT_HEADER filename=/lib/x86_64-linux-gnu/libbsd.so.0 num_segments=4 addr=0x7fea88ce8000', 'SEGMENT (nil) 3ba8', 'SEGMENT 0x4000 c235', 'SEGMENT 0x11000 2eac', 'SEGMENT 0x15960 1780', 'SEGMENT_HEADER filename=/lib/x86_64-linux-gnu/libmd.so.0 num_segments=4 addr=0x7fea88cdb000', 'SEGMENT (nil) 15c8', 'SEGMENT 0x2000 6749', 'SEGMENT 0x9000 16c0', 'SEGMENT 0xbcd0 418', 'SEGMENT_HEADER filename=/home/kaiyaok2/.local/lib/python3.10/site-packages/PyQt5/QtTest.abi3.so num_segments=2 addr=0x7fea88cc3000', 'SEGMENT (nil) 148a4', 'SEGMENT 0x15ab0 1ee0', 'SEGMENT_HEADER filename=/home/kaiyaok2/.local/lib/python3.10/site-packages/PyQt5/Qt5/lib/libQt5Widgets.so.5 num_segments=2 addr=0x7fea85200000', 'SEGMENT (nil) 62f75c', 'SEGMENT 0x82fb30 32360', 'SEGMENT_HEADER filename=/home/kaiyaok2/.local/lib/python3.10/site-packages/PyQt5/Qt5/lib/libQt5Test.so.5 num_segments=2 addr=0x7fea84e00000', 'SEGMENT (nil) 4b996', 'SEGMENT 0x24be18 61e8', 'SEGMENT_HEADER filename=/home/kaiyaok2/.local/lib/python3.10/site-packages/PyQt5/QtWidgets.abi3.so num_segments=2 addr=0x7fea848b7000', 'SEGMENT (nil) 4d94a4', 'SEGMENT 0x4da910 6de60', 'SEGMENT_HEADER filename=/home/kaiyaok2/.local/lib/python3.10/site-packages/srsly/ujson/ujson.cpython-310-x86_64-linux-gnu.so num_segments=4 addr=0x7fea88cb6000', 'SEGMENT (nil) 2e90', 'SEGMENT 0x3000 4a6d', 'SEGMENT 0x8000 2288', 'SEGMENT 0xbc38 880', 'SEGMENT_HEADER filename=/home/kaiyaok2/.local/lib/python3.10/site-packages/srsly/msgpack/_packer.cpython-310-x86_64-linux-gnu.so num_segments=4 addr=0x7fea88ca0000', 'SEGMENT (nil) 3250', 'SEGMENT 0x4000 bdb5', 'SEGMENT 0x10000 25d4', 'SEGMENT 0x13cd8 1878', 'SEGMENT_HEADER filename=/home/kaiyaok2/.local/lib/python3.10/site-packages/srsly/msgpack/_unpacker.cpython-310-x86_64-linux-gnu.so num_segments=4 addr=0x7fea887e7000', 'SEGMENT (nil) 3e30', 'SEGMENT 0x4000 c909', 'SEGMENT 0x11000 33d0', 'SEGMENT 0x15d20 2708', 'SEGMENT_HEADER filename=/home/kaiyaok2/.local/lib/python3.10/site-packages/_ruamel_yaml.cpython-310-x86_64-linux-gnu.so num_segments=2 addr=0x7fea84400000', 'SEGMENT (nil) 54ce4', 'SEGMENT 0x255cc8 2c30', 'SEGMENT_HEADER filename=/home/kaiyaok2/.local/lib/python3.10/site-packages/pydantic/__init__.cpython-310-x86_64-linux-gnu.so num_segments=4 addr=0x7fea895f8000', 'SEGMENT (nil) 2e80', 'SEGMENT 0x3000 2b11', 'SEGMENT 0x6000 c68', 'SEGMENT 0x7da0 1f30', 'SEGMENT_HEADER filename=/home/kaiyaok2/.local/lib/python3.10/site-packages/pydantic/dataclasses.cpython-310-x86_64-linux-gnu.so num_segments=4 addr=0x7fea85a7c000', 'SEGMENT (nil) 7158', 'SEGMENT 0x8000 2e3b1', 'SEGMENT 0x37000 5658', 'SEGMENT 0x3dcc0 5f30', 'SEGMENT_HEADER filename=/home/kaiyaok2/.local/lib/python3.10/site-packages/pydantic/class_validators.cpython-310-x86_64-linux-gnu.so num_segments=4 addr=0x7fea850bc000', 'SEGMENT (nil) 7218', 'SEGMENT 0x8000 2d9fd', 'SEGMENT 0x36000 5f94', 'SEGMENT 0x3dcc8 5e80', 'SEGMENT_HEADER filename=/home/kaiyaok2/.local/lib/python3.10/site-packages/pydantic/errors.cpython-310-x86_64-linux-gnu.so num_segments=4 addr=0x7fea8507f000', 'SEGMENT (nil) 8e00', 'SEGMENT 0x9000 23119', 'SEGMENT 0x2d000 627c', 'SEGMENT 0x34cd0 7af8', 'SEGMENT_HEADER filename=/home/kaiyaok2/.local/lib/python3.10/site-packages/pydantic/typing.cpython-310-x86_64-linux-gnu.so num_segments=4 addr=0x7fea84674000', 'SEGMENT (nil) 6f48', 'SEGMENT 0x7000 2edd1', 'SEGMENT 0x36000 4aa8', 'SEGMENT 0x3bcd0 6e08', 'SEGMENT_HEADER filename=/home/kaiyaok2/.local/lib/python3.10/site-packages/pydantic/utils.cpython-310-x86_64-linux-gnu.so num_segments=4 addr=0x7fea84396000', 'SEGMENT (nil) ace8', 'SEGMENT 0xb000 4914d', 'SEGMENT 0x55000 88c0', 'SEGMENT 0x5ec98 b130', 'SEGMENT_HEADER filename=/home/kaiyaok2/.local/lib/python3.10/site-packages/pydantic/version.cpython-310-x86_64-linux-gnu.so num_segments=4 addr=0x7fea887d4000', 'SEGMENT (nil) 3780', 'SEGMENT 0x4000 84f5', 'SEGMENT 0xd000 1f28', 'SEGMENT 0x10d20 1f48', 'SEGMENT_HEADER filename=/home/kaiyaok2/.local/lib/python3.10/site-packages/pydantic/config.cpython-310-x86_64-linux-gnu.so num_segments=4 addr=0x7fea887ba000', 'SEGMENT (nil) 4a40', 'SEGMENT 0x5000 deb1', 'SEGMENT 0x13000 22d4', 'SEGMENT 0x16d08 2d78', 'SEGMENT_HEADER filename=/home/kaiyaok2/.local/lib/python3.10/site-packages/pydantic/error_wrappers.cpython-310-x86_64-linux-gnu.so num_segments=4 addr=0x7fea86545000', 'SEGMENT (nil) 5968', 'SEGMENT 0x6000 17261', 'SEGMENT 0x1e000 3d64', 'SEGMENT 0x23cc8 4210', 'SEGMENT_HEADER filename=/home/kaiyaok2/.local/lib/python3.10/site-packages/pydantic/json.cpython-310-x86_64-linux-gnu.so num_segments=4 addr=0x7fea883e7000', 'SEGMENT (nil) 3f40', 'SEGMENT 0x4000 d2c9', 'SEGMENT 0x12000 1d64', 'SEGMENT 0x15d30 2620', 'SEGMENT_HEADER filename=/home/kaiyaok2/.local/lib/python3.10/site-packages/pydantic/color.cpython-310-x86_64-linux-gnu.so num_segments=4 addr=0x7fea84347000', 'SEGMENT (nil) 8940', 'SEGMENT 0x9000 35c61', 'SEGMENT 0x3f000 5898', 'SEGMENT 0x45cc8 8c08', 'SEGMENT_HEADER filename=/home/kaiyaok2/.local/lib/python3.10/site-packages/pydantic/networks.cpython-310-x86_64-linux-gnu.so num_segments=4 addr=0x7fea842ed000', 'SEGMENT (nil) 9210', 'SEGMENT 0xa000 3f121', 'SEGMENT 0x4a000 6a64', 'SEGMENT 0x51cc0 8138', 'SEGMENT_HEADER filename=/home/kaiyaok2/.local/lib/python3.10/site-packages/pydantic/validators.cpython-310-x86_64-linux-gnu.so num_segments=4 addr=0x7fea8426f000', 'SEGMENT (nil) 8b28', 'SEGMENT 0x9000 62895', 'SEGMENT 0x6c000 7274', 'SEGMENT 0x74ca0 85b8', 'SEGMENT_HEADER filename=/home/kaiyaok2/.local/lib/python3.10/site-packages/pydantic/datetime_parse.cpython-310-x86_64-linux-gnu.so num_segments=4 addr=0x7fea8505c000', 'SEGMENT (nil) 4308', 'SEGMENT 0x5000 16e89', 'SEGMENT 0x1c000 24b0', 'SEGMENT 0x1fd10 2a90', 'SEGMENT_HEADER filename=/home/kaiyaok2/.local/lib/python3.10/site-packages/pydantic/types.cpython-310-x86_64-linux-gnu.so num_segments=4 addr=0x7fea840f2000', 'SEGMENT (nil) c810', 'SEGMENT 0xd000 55409', 'SEGMENT 0x63000 b2d4', 'SEGMENT 0x6fca8 d168', 'SEGMENT_HEADER filename=/home/kaiyaok2/.local/lib/python3.10/site-packages/pydantic/fields.cpython-310-x86_64-linux-gnu.so num_segments=4 addr=0x7fea8405c000', 'SEGMENT (nil) ab28', 'SEGMENT 0xb000 75631', 'SEGMENT 0x81000 75d4', 'SEGMENT 0x89ca8 bca0', 'SEGMENT_HEADER filename=/home/kaiyaok2/.local/lib/python3.10/site-packages/pydantic/main.cpython-310-x86_64-linux-gnu.so num_segments=4 addr=0x7fea83fbb000', 'SEGMENT (nil) afc0', 'SEGMENT 0xb000 805a1', 'SEGMENT 0x8c000 8044', 'SEGMENT 0x95cb8 ab50', 'SEGMENT_HEADER filename=/home/kaiyaok2/.local/lib/python3.10/site-packages/pydantic/parse.cpython-310-x86_64-linux-gnu.so num_segments=4 addr=0x7fea86533000', 'SEGMENT (nil) 3200', 'SEGMENT 0x4000 8465', 'SEGMENT 0xd000 16ac', 'SEGMENT 0xfd40 1940', 'SEGMENT_HEADER filename=/home/kaiyaok2/.local/lib/python3.10/site-packages/pydantic/schema.cpython-310-x86_64-linux-gnu.so num_segments=4 addr=0x7fea83f13000', 'SEGMENT (nil) 98a8', 'SEGMENT 0xa000 893a9', 'SEGMENT 0x94000 6a98', 'SEGMENT 0x9bc90 c008', 'SEGMENT_HEADER filename=/home/kaiyaok2/.local/lib/python3.10/site-packages/pydantic/annotated_types.cpython-310-x86_64-linux-gnu.so num_segments=4 addr=0x7fea85a65000', 'SEGMENT (nil) 3bc8', 'SEGMENT 0x4000 bf01', 'SEGMENT 0x10000 28b8', 'SEGMENT 0x13d00 23f8', 'SEGMENT_HEADER filename=/home/kaiyaok2/.local/lib/python3.10/site-packages/pydantic/decorator.cpython-310-x86_64-linux-gnu.so num_segments=4 addr=0x7fea83ee0000', 'SEGMENT (nil) 5950', 'SEGMENT 0x6000 23e55', 'SEGMENT 0x2a000 3648', 'SEGMENT 0x2ecf8 40b0', 'SEGMENT_HEADER filename=/home/kaiyaok2/.local/lib/python3.10/site-packages/pydantic/env_settings.cpython-310-x86_64-linux-gnu.so num_segments=4 addr=0x7fea83ea0000', 'SEGMENT (nil) 6e80', 'SEGMENT 0x7000 2bec9', 'SEGMENT 0x33000 4ff0', 'SEGMENT 0x39cb0 5790', 'SEGMENT_HEADER filename=/home/kaiyaok2/.local/lib/python3.10/site-packages/pydantic/tools.cpython-310-x86_64-linux-gnu.so num_segments=4 addr=0x7fea8465f000', 'SEGMENT (nil) 36a8', 'SEGMENT 0x4000 b0b1', 'SEGMENT 0x10000 1a30', 'SEGMENT 0x12d50 2050', 'SEGMENT_HEADER filename=/home/kaiyaok2/.local/lib/python3.10/site-packages/torch/lib/libtorch_global_deps.so num_segments=6 addr=0x7feac68d9000', 'SEGMENT (nil) 548', 'SEGMENT 0x1000 111', 'SEGMENT 0x2000 4', 'SEGMENT 0x3d48 2e8', 'SEGMENT 0x5000 258', 'SEGMENT 0x6000 2d0', 'SEGMENT_HEADER filename=/home/kaiyaok2/.local/lib/python3.10/site-packages/torch/lib/../../nvidia/curand/lib/libcurand.so.10 num_segments=2 addr=0x7fea7e200000', 'SEGMENT (nil) 3f8f63c', 'SEGMENT 0x4190000 1a69b68', 'SEGMENT_HEADER filename=/home/kaiyaok2/.local/lib/python3.10/site-packages/torch/lib/../../nvidia/cufft/lib/libcufft.so.10 num_segments=2 addr=0x7fea6d200000', 'SEGMENT (nil) 2e6e2e2', 'SEGMENT 0x306f000 de6bbe8', 'SEGMENT_HEADER filename=/home/kaiyaok2/.local/lib/python3.10/site-packages/torch/lib/../../nvidia/cublas/lib/libcublas.so.11 num_segments=2 addr=0x7fea63e00000', 'SEGMENT (nil) 900d4a4', 'SEGMENT 0x920e000 4fd38', 'SEGMENT_HEADER filename=/home/kaiyaok2/.local/lib/python3.10/site-packages/torch/lib/../../nvidia/cublas/lib/libcublasLt.so.11 num_segments=2 addr=0x7fea4fe00000', 'SEGMENT (nil) 1144a9c4', 'SEGMENT 0x1164b000 2955b20', 'SEGMENT_HEADER filename=/home/kaiyaok2/.local/lib/python3.10/site-packages/torch/lib/../../nvidia/cuda_runtime/lib/libcudart.so.11.0 num_segments=2 addr=0x7fea4fa00000', 'SEGMENT (nil) 9d2bc', 'SEGMENT 0x29e000 6ee8', 'SEGMENT_HEADER filename=/home/kaiyaok2/.local/lib/python3.10/site-packages/torch/lib/../../nvidia/nvtx/lib/libnvToolsExt.so.1 num_segments=2 addr=0x7fea4f600000', 'SEGMENT (nil) 7d6c', 'SEGMENT 0x208ca8 868', 'SEGMENT_HEADER filename=/home/kaiyaok2/.local/lib/python3.10/site-packages/torch/lib/libgomp-a34b3233.so.1 num_segments=3 addr=0x7fea4f200000', 'SEGMENT (nil) 2408c', 'SEGMENT 0x224d70 840', 'SEGMENT 0x226000 3480', 'SEGMENT_HEADER filename=/home/kaiyaok2/.local/lib/python3.10/site-packages/torch/_C.cpython-310-x86_64-linux-gnu.so num_segments=5 addr=0x7feac68c0000', 'SEGMENT (nil) 5c0', 'SEGMENT 0x1000 131', 'SEGMENT 0x2000 78', 'SEGMENT 0x3dd8 260', 'SEGMENT 0x5000 3e0', 'SEGMENT_HEADER filename=/home/kaiyaok2/.local/lib/python3.10/site-packages/torch/lib/libtorch_python.so num_segments=5 addr=0x7fea4e14a000', 'SEGMENT (nil) 1e3748', 'SEGMENT 0x1e4000 a02a81', 'SEGMENT 0xbe7000 30cbd0', 'SEGMENT 0xef4e08 c9630', 'SEGMENT 0xfbf000 f6138', 'SEGMENT_HEADER filename=/home/kaiyaok2/.local/lib/python3.10/site-packages/torch/lib/libshm.so num_segments=5 addr=0x7fea83e95000', 'SEGMENT (nil) 2650', 'SEGMENT 0x3000 261d', 'SEGMENT 0x6000 cc0', 'SEGMENT 0x8c08 6b8', 'SEGMENT 0xa000 f40', 'SEGMENT_HEADER filename=/home/kaiyaok2/.local/lib/python3.10/site-packages/torch/lib/libtorch.so num_segments=5 addr=0x7fea83e6f000', 'SEGMENT (nil) b238', 'SEGMENT 0xc000 a019', 'SEGMENT 0x17000 4b35', 'SEGMENT 0x1db20 8c0', 'SEGMENT 0x1f000 6de8', 'SEGMENT_HEADER filename=/home/kaiyaok2/.local/lib/python3.10/site-packages/torch/lib/libtorch_cpu.so num_segments=6 addr=0x7fea35297000', 'SEGMENT (nil) 1040358', 'SEGMENT 0x1041000 12ef3319', 'SEGMENT 0x13f35000 3e9bdcd', 'SEGMENT 0x17dd2b80 5783d0', 'SEGMENT 0x1834b000 5f6240', 'SEGMENT 0x18942000 570be0', 'SEGMENT_HEADER filename=/home/kaiyaok2/.local/lib/python3.10/site-packages/torch/lib/libtorch_cuda.so num_segments=5 addr=0x7fea0f1d7000', 'SEGMENT (nil) c2cd88', 'SEGMENT 0xc2d000 23746f5', 'SEGMENT 0x2fa2000 2240cd40', 'SEGMENT 0x253b0260 3562a8', 'SEGMENT 0x25707000 9b8610', 'SEGMENT_HEADER filename=/home/kaiyaok2/.local/lib/python3.10/site-packages/torch/lib/libc10_cuda.so num_segments=5 addr=0x7fea83e01000', 'SEGMENT (nil) efe0', 'SEGMENT 0xf000 41469', 'SEGMENT 0x51000 ebe1', 'SEGMENT 0x612c0 42c8', 'SEGMENT 0x66000 77e0', 'SEGMENT_HEADER filename=/home/kaiyaok2/.local/lib/python3.10/site-packages/torch/lib/libc10.so num_segments=5 addr=0x7fea7e145000', 'SEGMENT (nil) 1eed8', 'SEGMENT 0x1f000 606bd', 'SEGMENT 0x80000 1ee1f', 'SEGMENT 0xa0d20 91e8', 'SEGMENT 0xaa000 10198', 'SEGMENT_HEADER filename=/home/kaiyaok2/.local/lib/python3.10/site-packages/torch/lib/../../nvidia/cudnn/lib/libcudnn.so.8 num_segments=2 addr=0x7fea0ee00000', 'SEGMENT (nil) 22fce', 'SEGMENT 0x223d30 1698', 'SEGMENT_HEADER filename=/home/kaiyaok2/.local/lib/python3.10/site-packages/torch/lib/../../nvidia/cuda_cupti/lib/libcupti.so.11.7 num_segments=2 addr=0x7fea0e400000', 'SEGMENT (nil) 5e61b4', 'SEGMENT 0x7e6310 1144d0', 'SEGMENT_HEADER filename=/home/kaiyaok2/.local/lib/python3.10/site-packages/torch/lib/../../nvidia/cusparse/lib/libcusparse.so.11 num_segments=2 addr=0x7fe9ffc00000', 'SEGMENT (nil) e46578c', 'SEGMENT 0xe666000 37c98', 'SEGMENT_HEADER filename=/home/kaiyaok2/.local/lib/python3.10/site-packages/torch/lib/../../nvidia/nccl/lib/libnccl.so.2 num_segments=2 addr=0x7fe9f1c00000', 'SEGMENT (nil) dc3c16e', 'SEGMENT 0xde3d000 3bae8', 'SEGMENT_HEADER filename=/lib/x86_64-linux-gnu/libutil.so.1 num_segments=4 addr=0x7fea85057000', 'SEGMENT (nil) 598', 'SEGMENT 0x1000 115', 'SEGMENT 0x2000 e8', 'SEGMENT 0x3e00 228', 'SEGMENT_HEADER filename=/home/kaiyaok2/.local/lib/python3.10/site-packages/torch/lib/libnvfuser_codegen.so num_segments=5 addr=0x7fe9f15b3000', 'SEGMENT (nil) f82d0', 'SEGMENT 0xf9000 378541', 'SEGMENT 0x472000 135321', 'SEGMENT 0x5a90e0 1eb80', 'SEGMENT 0x5c8000 84cc8', 'SEGMENT_HEADER filename=/home/kaiyaok2/.local/lib/python3.10/site-packages/torch/lib/../../nvidia/cuda_nvrtc/lib/libnvrtc.so.11.2 num_segments=3 addr=0x7fe9ee600000', 'SEGMENT (nil) 2592edc', 'SEGMENT 0x2793768 6fb7e0', 'SEGMENT 0x2e8f000 1888', 'SEGMENT_HEADER filename=/usr/lib/python3.10/lib-dynload/_multiprocessing.cpython-310-x86_64-linux-gnu.so num_segments=4 addr=0x7fea88c99000', 'SEGMENT (nil) 15f8', 'SEGMENT 0x2000 1669', 'SEGMENT 0x4000 a28', 'SEGMENT 0x5d90 900', 'SEGMENT_HEADER filename=/home/kaiyaok2/.local/lib/python3.10/site-packages/nvfuser/_C.cpython-310-x86_64-linux-gnu.so num_segments=4 addr=0x7fe9edc08000', 'SEGMENT (nil) 21a18', 'SEGMENT 0x22000 a3539', 'SEGMENT 0xc6000 29bf4', 'SEGMENT 0xf1400 6770', 'SEGMENT_HEADER filename=/home/kaiyaok2/.local/lib/python3.10/site-packages/h5py/_errors.cpython-310-x86_64-linux-gnu.so num_segments=6 addr=0x7fea8b0c4000', 'SEGMENT (nil) 2ed0', 'SEGMENT 0x3000 651d', 'SEGMENT 0xa000 ce8', 'SEGMENT 0xcbc8 ff0', 'SEGMENT 0xe000 1740', 'SEGMENT 0x10000 bc8', 'SEGMENT_HEADER filename=/home/kaiyaok2/.local/lib/python3.10/site-packages/h5py/../h5py.libs/libhdf5-7f639dcd.so.310.2.0 num_segments=6 addr=0x7fe9ebda5000', 'SEGMENT (nil) 4ca60', 'SEGMENT 0x4d000 2eb105', 'SEGMENT 0x339000 e5c28', 'SEGMENT 0x41fed0 16410', 'SEGMENT 0x437000 18120', 'SEGMENT 0x450000 11678', 'SEGMENT_HEADER filename=/home/kaiyaok2/.local/lib/python3.10/site-packages/h5py/../h5py.libs/libhdf5_hl-123198ff.so.310.0.2 num_segments=6 addr=0x7fea8b09b000', 'SEGMENT (nil) 5710', 'SEGMENT 0x6000 156c1', 'SEGMENT 0x1c000 4cec', 'SEGMENT 0x22be8 1c80', 'SEGMENT 0x25000 1bb0', 'SEGMENT 0x27000 1678', 'SEGMENT_HEADER filename=/home/kaiyaok2/.local/lib/python3.10/site-packages/h5py/../h5py.libs/libsz-b66d1717.so.2.0.1 num_segments=6 addr=0x7fea8b094000', 'SEGMENT (nil) 6f0', 'SEGMENT 0x1000 8ad', 'SEGMENT 0x2000 144', 'SEGMENT 0x3de8 278', 'SEGMENT 0x5000 318', 'SEGMENT 0x6000 150', 'SEGMENT_HEADER filename=/home/kaiyaok2/.local/lib/python3.10/site-packages/h5py/../h5py.libs/libaec-001fb5f0.so.0.0.12 num_segments=5 addr=0x7fea8b08a000', 'SEGMENT (nil) 7f0', 'SEGMENT 0x1000 4315', 'SEGMENT 0x6000 c18', 'SEGMENT 0x7df8 5f8', 'SEGMENT 0x9000 1b8', 'SEGMENT_HEADER filename=/home/kaiyaok2/.local/lib/python3.10/site-packages/h5py/h5.cpython-310-x86_64-linux-gnu.so num_segments=6 addr=0x7fea8b069000', 'SEGMENT (nil) 46f0', 'SEGMENT 0x5000 10749', 'SEGMENT 0x16000 37b8', 'SEGMENT 0x1ad00 2998', 'SEGMENT 0x1e000 1628', 'SEGMENT 0x20000 bc0', 'SEGMENT_HEADER filename=/home/kaiyaok2/.local/lib/python3.10/site-packages/h5py/defs.cpython-310-x86_64-linux-gnu.so num_segments=6 addr=0x7fea7e0e8000', 'SEGMENT (nil) c710', 'SEGMENT 0xd000 2accd', 'SEGMENT 0x38000 147c8', 'SEGMENT 0x4dd70 6940', 'SEGMENT 0x55000 4a88', 'SEGMENT 0x5a000 20b0', 'SEGMENT_HEADER filename=/home/kaiyaok2/.local/lib/python3.10/site-packages/h5py/_objects.cpython-310-x86_64-linux-gnu.so num_segments=6 addr=0x7fea6d0db000', 'SEGMENT (nil) 4e18', 'SEGMENT 0x5000 14729', 'SEGMENT 0x1a000 3940', 'SEGMENT 0x1ece8 2fd0', 'SEGMENT 0x22000 1b40', 'SEGMENT 0x24000 e20', 'SEGMENT_HEADER filename=/home/kaiyaok2/.local/lib/python3.10/site-packages/h5py/_conv.cpython-310-x86_64-linux-gnu.so num_segments=6 addr=0x7fea6d09f000', 'SEGMENT (nil) 5a28', 'SEGMENT 0x6000 24831', 'SEGMENT 0x2b000 6da8', 'SEGMENT 0x33c08 3288', 'SEGMENT 0x37000 2180', 'SEGMENT 0x3a000 1058', 'SEGMENT_HEADER filename=/home/kaiyaok2/.local/lib/python3.10/site-packages/h5py/h5r.cpython-310-x86_64-linux-gnu.so num_segments=6 addr=0x7fea8b056000', 'SEGMENT (nil) 2fe0', 'SEGMENT 0x3000 6f35', 'SEGMENT 0xa000 20cc', 'SEGMENT 0xdd28 20e8', 'SEGMENT 0x10000 12a8', 'SEGMENT 0x12000 a50', 'SEGMENT_HEADER filename=/home/kaiyaok2/.local/lib/python3.10/site-packages/h5py/h5p.cpython-310-x86_64-linux-gnu.so num_segments=6 addr=0x7fea4f89d000', 'SEGMENT (nil) 95f8', 'SEGMENT 0xa000 3c825', 'SEGMENT 0x47000 a974', 'SEGMENT 0x52c80 cfe8', 'SEGMENT 0x60000 1af0', 'SEGMENT 0x62000 e10', 'SEGMENT_HEADER filename=/home/kaiyaok2/.local/lib/python3.10/site-packages/h5py/h5t.cpython-310-x86_64-linux-gnu.so num_segments=6 addr=0x7fea4f82b000', 'SEGMENT (nil) acf0', 'SEGMENT 0xb000 4ba21', 'SEGMENT 0x57000 7d94', 'SEGMENT 0x60b38 c3f0', 'SEGMENT 0x6d000 2560', 'SEGMENT 0x70000 1208', 'SEGMENT_HEADER filename=/home/kaiyaok2/.local/lib/python3.10/site-packages/h5py/utils.cpython-310-x86_64-linux-gnu.so num_segments=6 addr=0x7fea6d08e000', 'SEGMENT (nil) 2b58', 'SEGMENT 0x3000 69a1', 'SEGMENT 0xa000 1918', 'SEGMENT 0xcd00 ee8', 'SEGMENT 0xe000 14e0', 'SEGMENT 0x10000 b20', 'SEGMENT_HEADER filename=/home/kaiyaok2/.local/lib/python3.10/site-packages/h5py/h5s.cpython-310-x86_64-linux-gnu.so num_segments=6 addr=0x7fea6d06e000', 'SEGMENT (nil) 3c70', 'SEGMENT 0x4000 ffb9', 'SEGMENT 0x14000 2dc8', 'SEGMENT 0x18d28 3528', 'SEGMENT 0x1d000 1360', 'SEGMENT 0x1f000 a90', 'SEGMENT_HEADER filename=/home/kaiyaok2/.local/lib/python3.10/site-packages/h5py/h5ac.cpython-310-x86_64-linux-gnu.so num_segments=6 addr=0x7fea63ded000', 'SEGMENT (nil) 26b8', 'SEGMENT 0x3000 8a09', 'SEGMENT 0xc000 27c8', 'SEGMENT 0xfd38 1000', 'SEGMENT 0x11000 fa8', 'SEGMENT 0x12000 910', 'SEGMENT_HEADER filename=/home/kaiyaok2/.local/lib/python3.10/site-packages/h5py/_proxy.cpython-310-x86_64-linux-gnu.so num_segments=6 addr=0x7fea6d05f000', 'SEGMENT (nil) 1fa8', 'SEGMENT 0x2000 5e25', 'SEGMENT 0x8000 127c', 'SEGMENT 0xad58 aa0', 'SEGMENT 0xc000 1058', 'SEGMENT 0xe000 938', 'SEGMENT_HEADER filename=/home/kaiyaok2/.local/lib/python3.10/site-packages/h5py/h5z.cpython-310-x86_64-linux-gnu.so num_segments=6 addr=0x7fea63ddc000', 'SEGMENT (nil) 2a18', 'SEGMENT 0x3000 581d', 'SEGMENT 0x9000 165c', 'SEGMENT 0xbcf0 1750', 'SEGMENT 0xe000 7c0', 'SEGMENT 0xf000 1300', 'SEGMENT_HEADER filename=/home/kaiyaok2/.local/lib/python3.10/site-packages/h5py/h5a.cpython-310-x86_64-linux-gnu.so num_segments=6 addr=0x7fea63db6000', 'SEGMENT (nil) 4278', 'SEGMENT 0x5000 13df5', 'SEGMENT 0x19000 3e60', 'SEGMENT 0x1ed08 3738', 'SEGMENT 0x23000 1520', 'SEGMENT 0x25000 b70', 'SEGMENT_HEADER filename=/home/kaiyaok2/.local/lib/python3.10/site-packages/h5py/h5d.cpython-310-x86_64-linux-gnu.so num_segments=6 addr=0x7fea4fcb4000', 'SEGMENT (nil) 6b48', 'SEGMENT 0x7000 3023d', 'SEGMENT 0x38000 8844', 'SEGMENT 0x41cb0 6c50', 'SEGMENT 0x49000 1d90', 'SEGMENT 0x4b000 ed8', 'SEGMENT_HEADER filename=/home/kaiyaok2/.local/lib/python3.10/site-packages/h5py/h5ds.cpython-310-x86_64-linux-gnu.so num_segments=6 addr=0x7fea4f812000', 'SEGMENT (nil) 33c0', 'SEGMENT 0x4000 b451', 'SEGMENT 0x10000 2478', 'SEGMENT 0x13d20 1f50', 'SEGMENT 0x16000 13a0', 'SEGMENT 0x18000 ac8', 'SEGMENT_HEADER filename=/home/kaiyaok2/.local/lib/python3.10/site-packages/h5py/h5f.cpython-310-x86_64-linux-gnu.so num_segments=6 addr=0x7fea4f4d8000', 'SEGMENT (nil) 4b40', 'SEGMENT 0x5000 15f6d', 'SEGMENT 0x1b000 381c', 'SEGMENT 0x1fd18 4a80', 'SEGMENT 0x25000 15e0', 'SEGMENT 0x27000 bc0', 'SEGMENT_HEADER filename=/home/kaiyaok2/.local/lib/python3.10/site-packages/h5py/h5g.cpython-310-x86_64-linux-gnu.so num_segments=6 addr=0x7fea4f4aa000', 'SEGMENT (nil) 5290', 'SEGMENT 0x6000 1aae1', 'SEGMENT 0x21000 445c', 'SEGMENT 0x26cc8 4250', 'SEGMENT 0x2b000 18c8', 'SEGMENT 0x2d000 d18', 'SEGMENT_HEADER filename=/home/kaiyaok2/.local/lib/python3.10/site-packages/h5py/h5i.cpython-310-x86_64-linux-gnu.so num_segments=6 addr=0x7fea63da4000', 'SEGMENT (nil) 27e0', 'SEGMENT 0x3000 6be9', 'SEGMENT 0xa000 1364', 'SEGMENT 0xcd38 1720', 'SEGMENT 0xf000 1090', 'SEGMENT 0x11000 958', 'SEGMENT_HEADER filename=/home/kaiyaok2/.local/lib/python3.10/site-packages/h5py/h5fd.cpython-310-x86_64-linux-gnu.so num_segments=6 addr=0x7fea4f474000', 'SEGMENT (nil) 5990', 'SEGMENT 0x6000 20859', 'SEGMENT 0x27000 5e74', 'SEGMENT 0x2ec90 36b8', 'SEGMENT 0x33000 1e48', 'SEGMENT 0x35000 f18', 'SEGMENT_HEADER filename=/home/kaiyaok2/.local/lib/python3.10/site-packages/h5py/h5pl.cpython-310-x86_64-linux-gnu.so num_segments=6 addr=0x7fea7e0db000', 'SEGMENT (nil) 1d80', 'SEGMENT 0x2000 4591', 'SEGMENT 0x7000 10e8', 'SEGMENT 0x9d50 c80', 'SEGMENT 0xb000 e60', 'SEGMENT 0xc000 870', 'SEGMENT_HEADER filename=/home/kaiyaok2/.local/lib/python3.10/site-packages/h5py/h5o.cpython-310-x86_64-linux-gnu.so num_segments=6 addr=0x7fea4f454000', 'SEGMENT (nil) 44f8', 'SEGMENT 0x5000 ea69', 'SEGMENT 0x14000 3808', 'SEGMENT 0x18d20 3bf0', 'SEGMENT 0x1d000 13f0', 'SEGMENT 0x1f000 ae8', 'SEGMENT_HEADER filename=/home/kaiyaok2/.local/lib/python3.10/site-packages/h5py/h5l.cpython-310-x86_64-linux-gnu.so num_segments=6 addr=0x7fea4f435000', 'SEGMENT (nil) 3c68', 'SEGMENT 0x4000 f051', 'SEGMENT 0x14000 3388', 'SEGMENT 0x18d18 2d48', 'SEGMENT 0x1c000 1440', 'SEGMENT 0x1e000 b10', 'SEGMENT_HEADER filename=/home/kaiyaok2/.local/lib/python3.10/site-packages/h5py/_selector.cpython-310-x86_64-linux-gnu.so num_segments=6 addr=0x7fea0f0a9000', 'SEGMENT (nil) 5508', 'SEGMENT 0x6000 1aa65', 'SEGMENT 0x21000 4c44', 'SEGMENT 0x26c80 35a8', 'SEGMENT 0x2b000 1e10', 'SEGMENT 0x2d000 f28', 'SEGMENT_HEADER filename=/home/kaiyaok2/.local/lib/python3.10/site-packages/thinc/backends/numpy_ops.cpython-310-x86_64-linux-gnu.so num_segments=4 addr=0x7fe9ebbcb000', 'SEGMENT (nil) 14318', 'SEGMENT 0x15000 a7245', 'SEGMENT 0xbd000 11805', 'SEGMENT 0xcfc00 9c98', 'SEGMENT_HEADER filename=/home/kaiyaok2/.local/lib/python3.10/site-packages/thinc/backends/cblas.cpython-310-x86_64-linux-gnu.so num_segments=4 addr=0x7fea0f07f000', 'SEGMENT (nil) 5c68', 'SEGMENT 0x6000 1a915', 'SEGMENT 0x21000 4ad0', 'SEGMENT 0x26c10 2e28', 'SEGMENT_HEADER filename=/home/kaiyaok2/.local/lib/python3.10/site-packages/blis/cy.cpython-310-x86_64-linux-gnu.so num_segments=4 addr=0x7fe9ead51000', 'SEGMENT (nil) 808d0', 'SEGMENT 0x81000 d35f41', 'SEGMENT 0xdb7000 a6040', 'SEGMENT 0xe5ee70 1a350', 'SEGMENT_HEADER filename=/home/kaiyaok2/.local/lib/python3.10/site-packages/cymem/cymem.cpython-310-x86_64-linux-gnu.so num_segments=4 addr=0x7fea0f065000', 'SEGMENT (nil) 3680', 'SEGMENT 0x4000 e129', 'SEGMENT 0x13000 36f4', 'SEGMENT 0x17d08 1bb8', 'SEGMENT_HEADER filename=/home/kaiyaok2/.local/lib/python3.10/site-packages/preshed/maps.cpython-310-x86_64-linux-gnu.so num_segments=4 addr=0x7fea0f048000', 'SEGMENT (nil) 3980', 'SEGMENT 0x4000 10e29', 'SEGMENT 0x15000 4008', 'SEGMENT 0x1acd8 2240', 'SEGMENT_HEADER filename=/home/kaiyaok2/.local/lib/python3.10/site-packages/thinc/backends/linalg.cpython-310-x86_64-linux-gnu.so num_segments=4 addr=0x7fea4fcaa000', 'SEGMENT (nil) 1bd0', 'SEGMENT 0x2000 3349', 'SEGMENT 0x6000 de0', 'SEGMENT 0x8d70 1080', 'SEGMENT_HEADER filename=/home/kaiyaok2/.local/lib/python3.10/site-packages/blis/py.cpython-310-x86_64-linux-gnu.so num_segments=4 addr=0x7fe9e9eb9000', 'SEGMENT (nil) 81a88', 'SEGMENT 0x82000 d50d01', 'SEGMENT 0xdd3000 a7a68', 'SEGMENT 0xe7be70 1b230', 'SEGMENT_HEADER filename=/home/kaiyaok2/.local/lib/python3.10/site-packages/murmurhash/mrmr.cpython-310-x86_64-linux-gnu.so num_segments=4 addr=0x7fea0f039000', 'SEGMENT (nil) 2778', 'SEGMENT 0x3000 78d1', 'SEGMENT 0xb000 1970', 'SEGMENT 0xdd40 d58', 'SEGMENT_HEADER filename=/home/kaiyaok2/.local/lib/python3.10/site-packages/thinc/layers/premap_ids.cpython-310-x86_64-linux-gnu.so num_segments=4 addr=0x7fea0e2c9000', 'SEGMENT (nil) 5ea8', 'SEGMENT 0x6000 243b9', 'SEGMENT 0x2b000 63f0', 'SEGMENT 0x32cb8 3f18', 'SEGMENT_HEADER filename=/home/kaiyaok2/.local/lib/python3.10/site-packages/thinc/layers/sparselinear.cpython-310-x86_64-linux-gnu.so num_segments=4 addr=0x7fe9ffac1000', 'SEGMENT (nil) 6700', 'SEGMENT 0x7000 2accd', 'SEGMENT 0x32000 6c58', 'SEGMENT 0x39cb0 48e0', 'SEGMENT_HEADER filename=/home/kaiyaok2/.local/lib/python3.10/site-packages/memray/_memray.cpython-310-x86_64-linux-gnu.so num_segments=5 addr=0x7fe9e9800000', 'SEGMENT (nil) cfa96', 'SEGMENT 0x2cfd48 ea70', 'SEGMENT 0x2df000 7f88', 'SEGMENT 0x2e7000 74c0', 'SEGMENT 0x2ef000 7738', 'SEGMENT_HEADER filename=/home/kaiyaok2/.local/lib/python3.10/site-packages/memray/../memray.libs/liblz4-c29043df.so.1.7.1 num_segments=3 addr=0x7fe9e9400000', 'SEGMENT (nil) aab4', 'SEGMENT 0x20aab8 3e8', 'SEGMENT 0x20b000 c60', 'SEGMENT_HEADER filename=/home/kaiyaok2/.local/lib/python3.10/site-packages/memray/../memray.libs/libunwind-92483c07.so.8.0.1 num_segments=3 addr=0x7fe9e9000000', 'SEGMENT (nil) 98a8', 'SEGMENT 0x2098a8 f140', 'SEGMENT 0x219000 5b0', 'SEGMENT_HEADER filename=/usr/lib/python3.10/lib-dynload/mmap.cpython-310-x86_64-linux-gnu.so num_segments=4 addr=0x7fea4f42c000', 'SEGMENT (nil) 1bc0', 'SEGMENT 0x2000 2ae5', 'SEGMENT 0x5000 15f8', 'SEGMENT 0x7dc8 960', 'SEGMENT_HEADER filename=/home/kaiyaok2/.local/lib/python3.10/site-packages/memray/_test_utils.cpython-310-x86_64-linux-gnu.so num_segments=2 addr=0x7fe9e8c00000', 'SEGMENT (nil) 25f50', 'SEGMENT 0x226cb0 2b30', 'SEGMENT_HEADER filename=/tmp/pytest-of-kaiyaok2/pytest-57/test_deep_call_chain_with_nati0/multithreaded_extension/native_ext.cpython-310-x86_64-linux-gnu.so num_segments=4 addr=0x7fea85052000', 'SEGMENT (nil) b00', 'SEGMENT 0x1000 535', 'SEGMENT 0x2000 3ec', 'SEGMENT 0x3e08 3c8', 'NATIVE_TRACE_INDEX ip=(nil) index=0', 'NATIVE_TRACE_INDEX ip=0x55f9508e6f25 index=1', 'NATIVE_TRACE_INDEX ip=0x7feacaecfe40 index=2', 'NATIVE_TRACE_INDEX ip=0x7feacaecfd90 index=3', 'NATIVE_TRACE_INDEX ip=0x55f9508e702d index=4', 'NATIVE_TRACE_INDEX ip=0x55f9509108c8 index=5', 'NATIVE_TRACE_INDEX ip=0x55f950911c2d index=6', 'NATIVE_TRACE_INDEX ip=0x55f9508199fc index=7', 'NATIVE_TRACE_INDEX ip=0x55f95080226d index=8', 'NATIVE_TRACE_INDEX ip=0x55f9508199fc index=9', 'NATIVE_TRACE_INDEX ip=0x55f95080226d index=10', 'NATIVE_TRACE_INDEX ip=0x55f950819c59 index=11', 'NATIVE_TRACE_INDEX ip=0x55f9508f9e2d index=12', 'NATIVE_TRACE_INDEX ip=0x55f9508f4256 index=13', 'NATIVE_TRACE_INDEX ip=0x55f9507fe9c6 index=14', 'NATIVE_TRACE_INDEX ip=0x55f950807cfa index=15', 'NATIVE_TRACE_INDEX ip=0x55f9508199fc index=16', 'NATIVE_TRACE_INDEX ip=0x55f95080226d index=17', 'NATIVE_TRACE_INDEX ip=0x55f9508199fc index=18', 'NATIVE_TRACE_INDEX ip=0x55f950809150 index=19', 'NATIVE_TRACE_INDEX ip=0x55f95080fa7b index=20', 'NATIVE_TRACE_INDEX ip=0x55f95093f700 index=21', 'NATIVE_TRACE_INDEX ip=0x55f95082486c index=22', 'NATIVE_TRACE_INDEX ip=0x55f95080ecbd index=23', 'NATIVE_TRACE_INDEX ip=0x55f9508199fc index=24', 'NATIVE_TRACE_INDEX ip=0x55f950807cfa index=25', 'NATIVE_TRACE_INDEX ip=0x55f9508277f1 index=26', 'NATIVE_TRACE_INDEX ip=0x55f950807cfa index=27', 'NATIVE_TRACE_INDEX ip=0x55f9508199fc index=28', 'NATIVE_TRACE_INDEX ip=0x55f9508045d7 index=29', 'NATIVE_TRACE_INDEX ip=0x55f9508199fc index=30', 'NATIVE_TRACE_INDEX ip=0x55f95080226d index=31', 'NATIVE_TRACE_INDEX ip=0x55f9508199fc index=32', 'NATIVE_TRACE_INDEX ip=0x55f95080226d index=33', 'NATIVE_TRACE_INDEX ip=0x55f9508199fc index=34', 'NATIVE_TRACE_INDEX ip=0x55f950809150 index=35', 'NATIVE_TRACE_INDEX ip=0x55f95080fa7b index=36', 'NATIVE_TRACE_INDEX ip=0x55f95093f700 index=37', 'NATIVE_TRACE_INDEX ip=0x55f95082486c index=38', 'NATIVE_TRACE_INDEX ip=0x55f95080ecbd index=39', 'NATIVE_TRACE_INDEX ip=0x55f9508199fc index=40', 'NATIVE_TRACE_INDEX ip=0x55f950807cfa index=41', 'NATIVE_TRACE_INDEX ip=0x55f9508277f1 index=42', 'NATIVE_TRACE_INDEX ip=0x55f950807cfa index=43', 'NATIVE_TRACE_INDEX ip=0x55f9508199fc index=44', 'NATIVE_TRACE_INDEX ip=0x55f9508045d7 index=45', 'NATIVE_TRACE_INDEX ip=0x55f9508199fc index=46', 'NATIVE_TRACE_INDEX ip=0x55f950809150 index=47', 'NATIVE_TRACE_INDEX ip=0x55f95080fa7b index=48', 'NATIVE_TRACE_INDEX ip=0x55f95093f700 index=49', 'NATIVE_TRACE_INDEX ip=0x55f95082486c index=50', 'NATIVE_TRACE_INDEX ip=0x55f95080ecbd index=51', 'NATIVE_TRACE_INDEX ip=0x55f9508199fc index=52', 'NATIVE_TRACE_INDEX ip=0x55f950807cfa index=53', 'NATIVE_TRACE_INDEX ip=0x55f9508277f1 index=54', 'NATIVE_TRACE_INDEX ip=0x55f950807cfa index=55', 'NATIVE_TRACE_INDEX ip=0x55f9508199fc index=56', 'NATIVE_TRACE_INDEX ip=0x55f9508045d7 index=57', 'NATIVE_TRACE_INDEX ip=0x55f9508199fc index=58', 'NATIVE_TRACE_INDEX ip=0x55f95080353c index=59', 'NATIVE_TRACE_INDEX ip=0x55f9508199fc index=60', 'NATIVE_TRACE_INDEX ip=0x55f95080226d index=61', 'NATIVE_TRACE_INDEX ip=0x55f9508199fc index=62', 'NATIVE_TRACE_INDEX ip=0x55f9508045d7 index=63', 'NATIVE_TRACE_INDEX ip=0x55f9508199fc index=64', 'NATIVE_TRACE_INDEX ip=0x55f95080353c index=65', 'NATIVE_TRACE_INDEX ip=0x55f9508277f1 index=66', 'NATIVE_TRACE_INDEX ip=0x55f95080226d index=67', 'NATIVE_TRACE_INDEX ip=0x55f9508199fc index=68', 'NATIVE_TRACE_INDEX ip=0x55f9508045d7 index=69', 'NATIVE_TRACE_INDEX ip=0x55f95082842b index=70', 'NATIVE_TRACE_INDEX ip=0x55f95093f700 index=71', 'NATIVE_TRACE_INDEX ip=0x55f95082486c index=72', 'NATIVE_TRACE_INDEX ip=0x55f95080ecbd index=73', 'NATIVE_TRACE_INDEX ip=0x55f9508199fc index=74', 'NATIVE_TRACE_INDEX ip=0x55f950807cfa index=75', 'NATIVE_TRACE_INDEX ip=0x55f9508277f1 index=76', 'NATIVE_TRACE_INDEX ip=0x55f950807cfa index=77', 'NATIVE_TRACE_INDEX ip=0x55f9508199fc index=78', 'NATIVE_TRACE_INDEX ip=0x55f9508045d7 index=79', 'NATIVE_TRACE_INDEX ip=0x55f9508199fc index=80', 'NATIVE_TRACE_INDEX ip=0x55f95080245c index=81', 'NATIVE_TRACE_INDEX ip=0x55f9508199fc index=82', 'NATIVE_TRACE_INDEX ip=0x55f950809150 index=83', 'NATIVE_TRACE_INDEX ip=0x55f95080fa7b index=84', 'NATIVE_TRACE_INDEX ip=0x55f95093f700 index=85', 'NATIVE_TRACE_INDEX ip=0x55f95082486c index=86', 'NATIVE_TRACE_INDEX ip=0x55f95080ecbd index=87', 'NATIVE_TRACE_INDEX ip=0x55f9508199fc index=88', 'NATIVE_TRACE_INDEX ip=0x55f950807cfa index=89', 'NATIVE_TRACE_INDEX ip=0x55f9508277f1 index=90', 'NATIVE_TRACE_INDEX ip=0x55f950807cfa index=91', 'NATIVE_TRACE_INDEX ip=0x55f9508199fc index=92', 'NATIVE_TRACE_INDEX ip=0x55f9508045d7 index=93', 'NATIVE_TRACE_INDEX ip=0x55f9508199fc index=94', 'NATIVE_TRACE_INDEX ip=0x55f9508045d7 index=95', 'NATIVE_TRACE_INDEX ip=0x55f950828492 index=96', 'NATIVE_TRACE_INDEX ip=0x55f9508277f1 index=97', 'NATIVE_TRACE_INDEX ip=0x55f950809019 index=98', 'NATIVE_TRACE_INDEX ip=0x55f9508c21c2 index=99', 'NATIVE_TRACE_INDEX ip=0x55f9508199fc index=100', 'NATIVE_TRACE_INDEX ip=0x55f950809019 index=101', 'NATIVE_TRACE_INDEX ip=0x55f9508c21c2 index=102', 'NATIVE_TRACE_INDEX ip=0x7fe9e8c17b6b index=103', 'PYTHON_FRAME_INDEX frame_id=22 function_name=valloc filename=/home/kaiyaok2/.local/lib/python3.10/site-packages/memray/_test.py lineno=44 is_entry_frame=1', 'PYTHON_FRAME_INDEX frame_id=21 function_name=test_successful_parse_of_aggregated_capture_file filename=/home/kaiyaok2/PythonProjects/memray/tests/integration/test_main.py lineno=556 is_entry_frame=1', 'PYTHON_FRAME_INDEX frame_id=20 function_name=pytest_pyfunc_call filename=/home/kaiyaok2/.local/lib/python3.10/site-packages/_pytest/python.py lineno=194 is_entry_frame=1', 'PYTHON_FRAME_INDEX frame_id=19 function_name=runtest filename=/home/kaiyaok2/.local/lib/python3.10/site-packages/_pytest/python.py lineno=1792 is_entry_frame=1', 'PYTHON_FRAME_INDEX frame_id=18 function_name=pytest_runtest_call filename=/home/kaiyaok2/.local/lib/python3.10/site-packages/_pytest/runner.py lineno=169 is_entry_frame=1', 'PYTHON_FRAME_INDEX frame_id=17 function_name=<lambda> filename=/home/kaiyaok2/.local/lib/python3.10/site-packages/_pytest/runner.py lineno=262 is_entry_frame=1', 'PYTHON_FRAME_INDEX frame_id=16 function_name=from_call filename=/home/kaiyaok2/.local/lib/python3.10/site-packages/_pytest/runner.py lineno=341 is_entry_frame=1', 'PYTHON_FRAME_INDEX frame_id=15 function_name=call_runtest_hook filename=/home/kaiyaok2/.local/lib/python3.10/site-packages/_pytest/runner.py lineno=261 is_entry_frame=1', 'PYTHON_FRAME_INDEX frame_id=14 function_name=call_and_report filename=/home/kaiyaok2/.local/lib/python3.10/site-packages/_pytest/runner.py lineno=222 is_entry_frame=1', 'PYTHON_FRAME_INDEX frame_id=13 function_name=runtestprotocol filename=/home/kaiyaok2/.local/lib/python3.10/site-packages/_pytest/runner.py lineno=133 is_entry_frame=1', 'PYTHON_FRAME_INDEX frame_id=0 function_name=_run_module_as_main filename=/usr/lib/python3.10/runpy.py lineno=196 is_entry_frame=1', 'PYTHON_FRAME_INDEX frame_id=1 function_name=_run_code filename=/usr/lib/python3.10/runpy.py lineno=86 is_entry_frame=1', 'PYTHON_FRAME_INDEX frame_id=2 function_name=<module> filename=/home/kaiyaok2/.local/lib/python3.10/site-packages/pytest/__main__.py lineno=5 is_entry_frame=1', 'PYTHON_FRAME_INDEX frame_id=3 function_name=console_main filename=/home/kaiyaok2/.local/lib/python3.10/site-packages/_pytest/config/__init__.py lineno=192 is_entry_frame=1', 'PYTHON_FRAME_INDEX frame_id=4 function_name=main filename=/home/kaiyaok2/.local/lib/python3.10/site-packages/_pytest/config/__init__.py lineno=169 is_entry_frame=1', 'PYTHON_FRAME_INDEX frame_id=5 function_name=__call__ filename=/home/kaiyaok2/.local/lib/python3.10/site-packages/pluggy/_hooks.py lineno=493 is_entry_frame=1', 'PYTHON_FRAME_INDEX frame_id=6 function_name=_hookexec filename=/home/kaiyaok2/.local/lib/python3.10/site-packages/pluggy/_manager.py lineno=115 is_entry_frame=1', 'PYTHON_FRAME_INDEX frame_id=7 function_name=_multicall filename=/home/kaiyaok2/.local/lib/python3.10/site-packages/pluggy/_callers.py lineno=77 is_entry_frame=1', 'PYTHON_FRAME_INDEX frame_id=8 function_name=pytest_cmdline_main filename=/home/kaiyaok2/.local/lib/python3.10/site-packages/_pytest/main.py lineno=318 is_entry_frame=1', 'PYTHON_FRAME_INDEX frame_id=9 function_name=wrap_session filename=/home/kaiyaok2/.local/lib/python3.10/site-packages/_pytest/main.py lineno=271 is_entry_frame=1', 'PYTHON_FRAME_INDEX frame_id=10 function_name=_main filename=/home/kaiyaok2/.local/lib/python3.10/site-packages/_pytest/main.py lineno=325 is_entry_frame=1', 'PYTHON_FRAME_INDEX frame_id=11 function_name=pytest_runtestloop filename=/home/kaiyaok2/.local/lib/python3.10/site-packages/_pytest/main.py lineno=350 is_entry_frame=1', 'PYTHON_FRAME_INDEX frame_id=12 function_name=pytest_runtest_protocol filename=/home/kaiyaok2/.local/lib/python3.10/site-packages/_pytest/runner.py lineno=114 is_entry_frame=1', 'PYTHON_TRACE_INDEX frame_id=0 parent_index=0', 'PYTHON_TRACE_INDEX frame_id=1 parent_index=1', 'PYTHON_TRACE_INDEX frame_id=2 parent_index=2', 'PYTHON_TRACE_INDEX frame_id=3 parent_index=3', 'PYTHON_TRACE_INDEX frame_id=4 parent_index=4', 'PYTHON_TRACE_INDEX frame_id=5 parent_index=5', 'PYTHON_TRACE_INDEX frame_id=6 parent_index=6', 'PYTHON_TRACE_INDEX frame_id=7 parent_index=7', 'PYTHON_TRACE_INDEX frame_id=8 parent_index=8', 'PYTHON_TRACE_INDEX frame_id=9 parent_index=9', 'PYTHON_TRACE_INDEX frame_id=10 parent_index=10', 'PYTHON_TRACE_INDEX frame_id=5 parent_index=11', 'PYTHON_TRACE_INDEX frame_id=6 parent_index=12', 'PYTHON_TRACE_INDEX frame_id=7 parent_index=13', 'PYTHON_TRACE_INDEX frame_id=11 parent_index=14', 'PYTHON_TRACE_INDEX frame_id=5 parent_index=15', 'PYTHON_TRACE_INDEX frame_id=6 parent_index=16', 'PYTHON_TRACE_INDEX frame_id=7 parent_index=17', 'PYTHON_TRACE_INDEX frame_id=12 parent_index=18', 'PYTHON_TRACE_INDEX frame_id=13 parent_index=19', 'PYTHON_TRACE_INDEX frame_id=14 parent_index=20', 'PYTHON_TRACE_INDEX frame_id=15 parent_index=21', 'PYTHON_TRACE_INDEX frame_id=16 parent_index=22', 'PYTHON_TRACE_INDEX frame_id=17 parent_index=23', 'PYTHON_TRACE_INDEX frame_id=5 parent_index=24', 'PYTHON_TRACE_INDEX frame_id=6 parent_index=25', 'PYTHON_TRACE_INDEX frame_id=7 parent_index=26', 'PYTHON_TRACE_INDEX frame_id=18 parent_index=27', 'PYTHON_TRACE_INDEX frame_id=19 parent_index=28', 'PYTHON_TRACE_INDEX frame_id=5 parent_index=29', 'PYTHON_TRACE_INDEX frame_id=6 parent_index=30', 'PYTHON_TRACE_INDEX frame_id=7 parent_index=31', 'PYTHON_TRACE_INDEX frame_id=20 parent_index=32', 'PYTHON_TRACE_INDEX frame_id=21 parent_index=33', 'PYTHON_TRACE_INDEX frame_id=22 parent_index=34', 'AGGREGATED_ALLOCATION tid=1 allocator=valloc native_frame_id=104 python_frame_id=35 native_segment_generation=1 n_allocations_in_high_water_mark=1 n_allocations_leaked=0 bytes_in_high_water_mark=1024 bytes_leaked=0', 'AGGREGATED_TRAILER']
.
current test PASSED/SKIPPED -- test_successful_parse_of_aggregated_capture_file in /home/kaiyaok2/PythonProjects/memray/tests/integration/test_main.py: 106.74157047271729s cumulative, 2.23368501663208s individual

.
current test PASSED/SKIPPED -- test_error_when_input_file_does_not_exist in /home/kaiyaok2/PythonProjects/memray/tests/integration/test_main.py: 110.40986323356628s cumulative, 3.668292760848999s individual

.
current test PASSED/SKIPPED -- test_run_live_tracking_invalid_port in /home/kaiyaok2/PythonProjects/memray/tests/integration/test_main.py: 112.4459810256958s cumulative, 2.0361177921295166s individual

.
current test PASSED/SKIPPED -- test_quiet in /home/kaiyaok2/PythonProjects/memray/tests/integration/test_main.py: 114.10010766983032s cumulative, 1.6541266441345215s individual


integration/test_extensions.py .
current test PASSED/SKIPPED -- test_native_dlopen in /home/kaiyaok2/PythonProjects/memray/tests/integration/test_extensions.py: 120.80269575119019s cumulative, 6.702588081359863s individual


unit/test_reader.py .
current test PASSED/SKIPPED -- test_read_pid in /home/kaiyaok2/PythonProjects/memray/tests/unit/test_reader.py: 121.91107439994812s cumulative, 1.1083786487579346s individual


integration/test_greenlet.py .
current test PASSED/SKIPPED -- test_importing_greenlet_after_tracking_starts in /home/kaiyaok2/PythonProjects/memray/tests/integration/test_greenlet.py: 122.81290912628174s cumulative, 0.9018347263336182s individual


integration/test_extensions.py .
current test PASSED/SKIPPED -- test_misbehaving_extension in /home/kaiyaok2/PythonProjects/memray/tests/integration/test_extensions.py: 128.98357486724854s cumulative, 6.170665740966797s individual


integration/test_main.py .
current test PASSED/SKIPPED -- test_report_detects_corrupt_input in /home/kaiyaok2/PythonProjects/memray/tests/integration/test_main.py: 132.48070311546326s cumulative, 3.4971282482147217s individual


integration/test_extensions.py .
current test PASSED/SKIPPED -- test_valloc_at_thread_exit_in_subprocess in /home/kaiyaok2/PythonProjects/memray/tests/integration/test_extensions.py: 142.88759088516235s cumulative, 10.406887769699097s individual


integration/test_native_tracking.py .
current test PASSED/SKIPPED -- test_simple_call_chain_with_native_tracking in /home/kaiyaok2/PythonProjects/memray/tests/integration/test_native_tracking.py: 149.71685099601746s cumulative, 6.8292601108551025s individual


integration/test_main.py .
current test PASSED/SKIPPED -- test_run_live_tracking_invalid_port in /home/kaiyaok2/PythonProjects/memray/tests/integration/test_main.py: 151.74974393844604s cumulative, 2.032892942428589s individual

.
current test PASSED/SKIPPED -- test_split_threads_subcommand in /home/kaiyaok2/PythonProjects/memray/tests/integration/test_main.py: 157.10640263557434s cumulative, 5.356658697128296s individual

.
current test PASSED/SKIPPED -- test_successful_parse in /home/kaiyaok2/PythonProjects/memray/tests/integration/test_main.py: 162.12751364707947s cumulative, 5.021111011505127s individual

.
current test PASSED/SKIPPED -- test_report_incompatible_arguments in /home/kaiyaok2/PythonProjects/memray/tests/integration/test_main.py: 165.24261236190796s cumulative, 3.115098714828491s individual

.
current test PASSED/SKIPPED -- test_reads_from_correct_file in /home/kaiyaok2/PythonProjects/memray/tests/integration/test_main.py: 168.21670937538147s cumulative, 2.9740970134735107s individual


unit/test_tracker.py .
current test PASSED/SKIPPED -- test_the_same_tracker_cannot_be_activated_twice in /home/kaiyaok2/PythonProjects/memray/tests/unit/test_tracker.py: 169.16177415847778s cumulative, 0.9450647830963135s individual

.
current test PASSED/SKIPPED -- test_two_trackers_cannot_be_active_at_the_same_time in /home/kaiyaok2/PythonProjects/memray/tests/unit/test_tracker.py: 169.93951439857483s cumulative, 0.7777402400970459s individual


unit/test_tree_reporter.py .
current test PASSED/SKIPPED -- test_two_chains in /home/kaiyaok2/PythonProjects/memray/tests/unit/test_tree_reporter.py: 171.71209287643433s cumulative, 1.772578477859497s individual

.
current test PASSED/SKIPPED -- test_show_uninteresting_idempotency in /home/kaiyaok2/PythonProjects/memray/tests/unit/test_tree_reporter.py: 172.11664414405823s cumulative, 0.40455126762390137s individual

.
current test PASSED/SKIPPED -- test_hide_import_system in /home/kaiyaok2/PythonProjects/memray/tests/unit/test_tree_reporter.py: 172.4452440738678s cumulative, 0.3285999298095703s individual

.
current test PASSED/SKIPPED -- test_show_uninteresting_system in /home/kaiyaok2/PythonProjects/memray/tests/unit/test_tree_reporter.py: 172.76805424690247s cumulative, 0.32281017303466797s individual


integration/test_api.py .
current test PASSED/SKIPPED -- test_combine_destination_args in /home/kaiyaok2/PythonProjects/memray/tests/integration/test_api.py: 172.77194690704346s cumulative, 0.003892660140991211s individual

.
current test PASSED/SKIPPED -- test_follow_fork_with_socket_destination in /home/kaiyaok2/PythonProjects/memray/tests/integration/test_api.py: 172.7745087146759s cumulative, 0.002561807632446289s individual

.
current test PASSED/SKIPPED -- test_aggregated_capture_with_socket_destination in /home/kaiyaok2/PythonProjects/memray/tests/integration/test_api.py: 172.77707433700562s cumulative, 0.002565622329711914s individual

.
current test PASSED/SKIPPED -- test_no_destination_arg in /home/kaiyaok2/PythonProjects/memray/tests/integration/test_api.py: 172.77943444252014s cumulative, 0.002360105514526367s individual


integration/test_main.py .
current test PASSED/SKIPPED -- test_run_file_that_is_not_python in /home/kaiyaok2/PythonProjects/memray/tests/integration/test_main.py: 172.83863282203674s cumulative, 0.05919837951660156s individual

.
current test PASSED/SKIPPED -- test_run_file_that_is_not_python in /home/kaiyaok2/PythonProjects/memray/tests/integration/test_main.py: 172.88692045211792s cumulative, 0.04828763008117676s individual


integration/test_native_tracking.py .
current test PASSED/SKIPPED -- test_native_tracing_header in /home/kaiyaok2/PythonProjects/memray/tests/integration/test_native_tracking.py: 173.98785853385925s cumulative, 1.100938081741333s individual


integration/test_tracing.py .
current test PASSED/SKIPPED -- test_restart_tracing_function_gets_correctly_the_frames in /home/kaiyaok2/PythonProjects/memray/tests/integration/test_tracing.py: 175.95030760765076s cumulative, 1.962449073791504s individual

.
current test PASSED/SKIPPED -- test_profile_function_is_restored_after_tracking in /home/kaiyaok2/PythonProjects/memray/tests/integration/test_tracing.py: 176.74837040901184s cumulative, 0.798062801361084s individual


unit/test_tui_reporter.py .
current test PASSED/SKIPPED -- test_pid_display in /home/kaiyaok2/PythonProjects/memray/tests/unit/test_tui_reporter.py: 178.60371589660645s cumulative, 1.8553454875946045s individual


integration/test_tracking.py .
current test PASSED/SKIPPED -- test_memory_snapshots_are_written in /home/kaiyaok2/PythonProjects/memray/tests/integration/test_tracking.py: 179.58898043632507s cumulative, 0.9852645397186279s individual


integration/test_tracing.py .
current test PASSED/SKIPPED -- test_traceback_for_high_watermark in /home/kaiyaok2/PythonProjects/memray/tests/integration/test_tracing.py: 180.66943335533142s cumulative, 1.0804529190063477s individual


integration/test_api.py .
current test PASSED/SKIPPED -- test_file_destination_str_path in /home/kaiyaok2/PythonProjects/memray/tests/integration/test_api.py: 181.58376169204712s cumulative, 0.9143283367156982s individual


unit/test_transform_reporter.py .
current test PASSED/SKIPPED -- test_empty_report in /home/kaiyaok2/PythonProjects/memray/tests/unit/test_transform_reporter.py: 181.59339570999146s cumulative, 0.009634017944335938s individual

.
current test PASSED/SKIPPED -- test_single_allocation in /home/kaiyaok2/PythonProjects/memray/tests/unit/test_transform_reporter.py: 181.60190153121948s cumulative, 0.008505821228027344s individual

.
current test PASSED/SKIPPED -- test_multiple_allocations in /home/kaiyaok2/PythonProjects/memray/tests/unit/test_transform_reporter.py: 181.61102771759033s cumulative, 0.00912618637084961s individual

.
current test PASSED/SKIPPED -- test_empty_stack_trace in /home/kaiyaok2/PythonProjects/memray/tests/unit/test_transform_reporter.py: 181.618825674057s cumulative, 0.007797956466674805s individual

.
current test PASSED/SKIPPED -- test_single_native_allocation in /home/kaiyaok2/PythonProjects/memray/tests/unit/test_transform_reporter.py: 181.62718868255615s cumulative, 0.008363008499145508s individual

.
current test PASSED/SKIPPED -- test_empty_stack_trace in /home/kaiyaok2/PythonProjects/memray/tests/unit/test_transform_reporter.py: 181.6345055103302s cumulative, 0.0073168277740478516s individual

.
current test PASSED/SKIPPED -- test_single_allocation in /home/kaiyaok2/PythonProjects/memray/tests/unit/test_transform_reporter.py: 181.64180707931519s cumulative, 0.0073015689849853516s individual

.
current test PASSED/SKIPPED -- test_single_native_allocation in /home/kaiyaok2/PythonProjects/memray/tests/unit/test_transform_reporter.py: 181.64900851249695s cumulative, 0.007201433181762695s individual

.
current test PASSED/SKIPPED -- test_multiple_stack_frames in /home/kaiyaok2/PythonProjects/memray/tests/unit/test_transform_reporter.py: 181.65666246414185s cumulative, 0.007653951644897461s individual

.
current test PASSED/SKIPPED -- test_multiple_allocations in /home/kaiyaok2/PythonProjects/memray/tests/unit/test_transform_reporter.py: 181.6639986038208s cumulative, 0.007336139678955078s individual

.
current test PASSED/SKIPPED -- test_empty_report in /home/kaiyaok2/PythonProjects/memray/tests/unit/test_transform_reporter.py: 181.67107343673706s cumulative, 0.007074832916259766s individual


integration/test_tracing.py .
current test PASSED/SKIPPED -- test_initial_tracking_frames_are_correctly_populated in /home/kaiyaok2/PythonProjects/memray/tests/integration/test_tracing.py: 182.34681153297424s cumulative, 0.6757380962371826s individual


integration/test_native_tracking.py ['PyType_GenericAlloc', '<unknown>', '_PyObject_MakeTpCall', '<module>', '<unknown>', 'PyEval_EvalCode', '<unknown>', '<unknown>', 'PyRun_StringFlags', 'PyRun_SimpleStringFlags', 'Py_RunMain', 'Py_BytesMain', '<unknown>', '__libc_start_main', '_start']
['_PyObject_GC_NewVar', '<unknown>', '<unknown>', '<unknown>', '<module>', '<unknown>', 'PyEval_EvalCode', '<unknown>', '<unknown>', 'PyRun_StringFlags', 'PyRun_SimpleStringFlags', 'Py_RunMain', 'Py_BytesMain', '<unknown>', '__libc_start_main', '_start']
['_PyObject_GC_NewVar', '<unknown>', '_PyFunction_Vectorcall', '_PyObject_CallFunction_SizeT', 'run_recursive', '<unknown>', '_PyObject_MakeTpCall', '<unknown>', 'foo', '<unknown>', '<unknown>', '<module>', '<unknown>', 'PyEval_EvalCode', '<unknown>', '<unknown>', 'PyRun_StringFlags', 'PyRun_SimpleStringFlags', 'Py_RunMain', 'Py_BytesMain', '<unknown>', '__libc_start_main', '_start']
.
current test PASSED/SKIPPED -- test_hybrid_stack_of_allocations_inside_ceval in /home/kaiyaok2/PythonProjects/memray/tests/integration/test_native_tracking.py: 186.52259635925293s cumulative, 4.1757848262786865s individual


integration/test_socket.py E
current test FAILED -- test_reading_allocations_while_reading_stack_traces in /home/kaiyaok2/PythonProjects/memray/tests/integration/test_socket.py: 186.5424816608429s cumulative, 0.01988530158996582s individual


integration/test_main.py .
current test PASSED/SKIPPED -- test_report_both_temporary_allocation_arguments in /home/kaiyaok2/PythonProjects/memray/tests/integration/test_main.py: 189.69481229782104s cumulative, 3.1523306369781494s individual


integration/test_attach.py s
current test PASSED/SKIPPED -- test_basic_attach in /home/kaiyaok2/PythonProjects/memray/tests/integration/test_attach.py: 189.72043371200562s cumulative, 0.025621414184570312s individual

s
current test PASSED/SKIPPED -- test_aggregated_attach in /home/kaiyaok2/PythonProjects/memray/tests/integration/test_attach.py: 189.74318027496338s cumulative, 0.022746562957763672s individual

s
current test PASSED/SKIPPED -- test_attach_time in /home/kaiyaok2/PythonProjects/memray/tests/integration/test_attach.py: 189.7594997882843s cumulative, 0.01631951332092285s individual

s
current test PASSED/SKIPPED -- test_detach_without_attach in /home/kaiyaok2/PythonProjects/memray/tests/integration/test_attach.py: 189.7796492576599s cumulative, 0.02014946937561035s individual

s
current test PASSED/SKIPPED -- test_basic_attach in /home/kaiyaok2/PythonProjects/memray/tests/integration/test_attach.py: 189.80569410324097s cumulative, 0.026044845581054688s individual

s
current test PASSED/SKIPPED -- test_aggregated_attach in /home/kaiyaok2/PythonProjects/memray/tests/integration/test_attach.py: 189.83061599731445s cumulative, 0.024921894073486328s individual

s
current test PASSED/SKIPPED -- test_attach_time in /home/kaiyaok2/PythonProjects/memray/tests/integration/test_attach.py: 189.85435962677002s cumulative, 0.023743629455566406s individual

s
current test PASSED/SKIPPED -- test_detach_without_attach in /home/kaiyaok2/PythonProjects/memray/tests/integration/test_attach.py: 189.86549377441406s cumulative, 0.011134147644042969s individual


integration/test_tracking.py s
current test PASSED/SKIPPED -- test_simple_allocation_tracking in /home/kaiyaok2/PythonProjects/memray/tests/integration/test_tracking.py: 190.92200207710266s cumulative, 1.0565083026885986s individual

s
current test PASSED/SKIPPED -- test_simple_allocation_tracking in /home/kaiyaok2/PythonProjects/memray/tests/integration/test_tracking.py: 192.045725107193s cumulative, 1.123723030090332s individual

s
current test PASSED/SKIPPED -- test_simple_allocation_tracking in /home/kaiyaok2/PythonProjects/memray/tests/integration/test_tracking.py: 193.01701974868774s cumulative, 0.971294641494751s individual


integration/test_main.py .
current test PASSED/SKIPPED -- test_live_tracking_invalid_port in /home/kaiyaok2/PythonProjects/memray/tests/integration/test_main.py: 194.2601010799408s cumulative, 1.2430813312530518s individual

.
current test PASSED/SKIPPED -- test_report_incompatible_arguments in /home/kaiyaok2/PythonProjects/memray/tests/integration/test_main.py: 197.0381784439087s cumulative, 2.7780773639678955s individual


unit/test_tui_reporter.py .
current test PASSED/SKIPPED -- test_tui_gradient in /home/kaiyaok2/PythonProjects/memray/tests/unit/test_tui_reporter.py: 200.2822573184967s cumulative, 3.2440788745880127s individual


integration/test_extensions.py .
current test PASSED/SKIPPED -- test_valloc_at_thread_exit in /home/kaiyaok2/PythonProjects/memray/tests/integration/test_extensions.py: 203.7062623500824s cumulative, 3.4240050315856934s individual


integration/test_tracking.py .
current test PASSED/SKIPPED -- test_non_freed_allocations_are_accounted_for in /home/kaiyaok2/PythonProjects/memray/tests/integration/test_tracking.py: 204.46157097816467s cumulative, 0.7553086280822754s individual

.
current test PASSED/SKIPPED -- test_simple_allocation_tracking in /home/kaiyaok2/PythonProjects/memray/tests/integration/test_tracking.py: 205.29438185691833s cumulative, 0.8328108787536621s individual

.
current test PASSED/SKIPPED -- test_freed_after_high_watermark_do_not_appear in /home/kaiyaok2/PythonProjects/memray/tests/integration/test_tracking.py: 206.24998998641968s cumulative, 0.9556081295013428s individual

.
current test PASSED/SKIPPED -- test_simple_pymalloc_allocation_tracking in /home/kaiyaok2/PythonProjects/memray/tests/integration/test_tracking.py: 207.5156328678131s cumulative, 1.2656428813934326s individual

.
current test PASSED/SKIPPED -- test_header_allocator in /home/kaiyaok2/PythonProjects/memray/tests/integration/test_tracking.py: 208.58155345916748s cumulative, 1.0659205913543701s individual


integration/test_ipython.py 

Results saved to memray-results/tmphso68fb2/flamegraph.html
.
current test PASSED/SKIPPED -- test_ipython_profiling in /home/kaiyaok2/PythonProjects/memray/tests/integration/test_ipython.py: 210.0621256828308s cumulative, 1.48057222366333s individual


integration/test_tracking.py .
current test PASSED/SKIPPED -- test_simple_allocation_tracking in /home/kaiyaok2/PythonProjects/memray/tests/integration/test_tracking.py: 211.2751922607422s cumulative, 1.213066577911377s individual

.
current test PASSED/SKIPPED -- test_memory_snapshots_tick_interval in /home/kaiyaok2/PythonProjects/memray/tests/integration/test_tracking.py: 213.37454295158386s cumulative, 2.099350690841675s individual

.
current test PASSED/SKIPPED -- test_multiple_high_watermark in /home/kaiyaok2/PythonProjects/memray/tests/integration/test_tracking.py: 214.18237972259521s cumulative, 0.8078367710113525s individual


unit/test_tui_reporter.py .
current test PASSED/SKIPPED -- test_tui_basic in /home/kaiyaok2/PythonProjects/memray/tests/unit/test_tui_reporter.py: 220.71057724952698s cumulative, 6.528197526931763s individual

.
current test PASSED/SKIPPED -- test_command_line_display in /home/kaiyaok2/PythonProjects/memray/tests/unit/test_tui_reporter.py: 223.1728937625885s cumulative, 2.4623165130615234s individual

.
current test PASSED/SKIPPED -- test_update_thread in /home/kaiyaok2/PythonProjects/memray/tests/unit/test_tui_reporter.py: 224.80949568748474s cumulative, 1.6366019248962402s individual

.
current test PASSED/SKIPPED -- test_pid_display in /home/kaiyaok2/PythonProjects/memray/tests/unit/test_tui_reporter.py: 226.95968198776245s cumulative, 2.15018630027771s individual

.
current test PASSED/SKIPPED -- test_command_line_display in /home/kaiyaok2/PythonProjects/memray/tests/unit/test_tui_reporter.py: 229.17901706695557s cumulative, 2.2193350791931152s individual


integration/test_main.py E
current test FAILED -- test_live_tracking in /home/kaiyaok2/PythonProjects/memray/tests/integration/test_main.py: 229.20061540603638s cumulative, 0.021598339080810547s individual

.
current test PASSED/SKIPPED -- test_live_tracking in /home/kaiyaok2/PythonProjects/memray/tests/integration/test_main.py: 232.4623851776123s cumulative, 3.2617697715759277s individual

.
current test PASSED/SKIPPED -- test_leaks_with_pymalloc_warning in /home/kaiyaok2/PythonProjects/memray/tests/integration/test_main.py: 237.92373251914978s cumulative, 5.461347341537476s individual

.
current test PASSED/SKIPPED -- test_report_leaks_argument in /home/kaiyaok2/PythonProjects/memray/tests/integration/test_main.py: 244.01789331436157s cumulative, 6.094160795211792s individual

.
current test PASSED/SKIPPED -- test_report_both_temporary_allocation_arguments in /home/kaiyaok2/PythonProjects/memray/tests/integration/test_main.py: 247.18414783477783s cumulative, 3.1662545204162598s individual

.
current test PASSED/SKIPPED -- test_leaks_with_pymalloc_warning in /home/kaiyaok2/PythonProjects/memray/tests/integration/test_main.py: 252.8356475830078s cumulative, 5.6514997482299805s individual

.
current test PASSED/SKIPPED -- test_leaks_with_pymalloc_warning in /home/kaiyaok2/PythonProjects/memray/tests/integration/test_main.py: 257.5343039035797s cumulative, 4.698656320571899s individual

.
current test PASSED/SKIPPED -- test_can_generate_reports_with_native_traces in /home/kaiyaok2/PythonProjects/memray/tests/integration/test_main.py: 262.77683329582214s cumulative, 5.242529392242432s individual

.
current test PASSED/SKIPPED -- test_report_both_temporary_allocation_arguments in /home/kaiyaok2/PythonProjects/memray/tests/integration/test_main.py: 267.25346279144287s cumulative, 4.4766294956207275s individual


integration/test_socket.py E
current test FAILED -- test_get_current_snapshot_raises_before_context in /home/kaiyaok2/PythonProjects/memray/tests/integration/test_socket.py: 267.2687919139862s cumulative, 0.015329122543334961s individual


unit/test_frame_tools.py .
current test PASSED/SKIPPED -- test_is_frame_from_import_system in /home/kaiyaok2/PythonProjects/memray/tests/unit/test_frame_tools.py: 267.2830023765564s cumulative, 0.01421046257019043s individual

.
current test PASSED/SKIPPED -- test_is_frame_from_import_system in /home/kaiyaok2/PythonProjects/memray/tests/unit/test_frame_tools.py: 267.29877376556396s cumulative, 0.01577138900756836s individual

.
current test PASSED/SKIPPED -- test_is_frame_from_import_system in /home/kaiyaok2/PythonProjects/memray/tests/unit/test_frame_tools.py: 267.3128094673157s cumulative, 0.014035701751708984s individual

.
current test PASSED/SKIPPED -- test_cpython_internal_calls in /home/kaiyaok2/PythonProjects/memray/tests/unit/test_frame_tools.py: 267.3328149318695s cumulative, 0.020005464553833008s individual

.
current test PASSED/SKIPPED -- test_cpython_internal_calls in /home/kaiyaok2/PythonProjects/memray/tests/unit/test_frame_tools.py: 267.3472580909729s cumulative, 0.014443159103393555s individual

.
current test PASSED/SKIPPED -- test_is_frame_from_import_system in /home/kaiyaok2/PythonProjects/memray/tests/unit/test_frame_tools.py: 267.3625113964081s cumulative, 0.015253305435180664s individual

.
current test PASSED/SKIPPED -- test_frame_interesting in /home/kaiyaok2/PythonProjects/memray/tests/unit/test_frame_tools.py: 267.37368297576904s cumulative, 0.011171579360961914s individual

.
current test PASSED/SKIPPED -- test_frame_interesting in /home/kaiyaok2/PythonProjects/memray/tests/unit/test_frame_tools.py: 267.3857638835907s cumulative, 0.012080907821655273s individual

.
current test PASSED/SKIPPED -- test_cpython_internal_calls in /home/kaiyaok2/PythonProjects/memray/tests/unit/test_frame_tools.py: 267.4217517375946s cumulative, 0.03598785400390625s individual

.
current test PASSED/SKIPPED -- test_is_frame_from_import_system in /home/kaiyaok2/PythonProjects/memray/tests/unit/test_frame_tools.py: 267.45631194114685s cumulative, 0.034560203552246094s individual

.
current test PASSED/SKIPPED -- test_is_frame_from_import_system in /home/kaiyaok2/PythonProjects/memray/tests/unit/test_frame_tools.py: 267.4690570831299s cumulative, 0.012745141983032227s individual

.
current test PASSED/SKIPPED -- test_is_frame_from_import_system in /home/kaiyaok2/PythonProjects/memray/tests/unit/test_frame_tools.py: 267.4794681072235s cumulative, 0.01041102409362793s individual

.
current test PASSED/SKIPPED -- test_is_frame_from_import_system in /home/kaiyaok2/PythonProjects/memray/tests/unit/test_frame_tools.py: 267.49205493927s cumulative, 0.012586832046508789s individual

.
current test PASSED/SKIPPED -- test_cpython_internal_calls in /home/kaiyaok2/PythonProjects/memray/tests/unit/test_frame_tools.py: 267.50234627723694s cumulative, 0.010291337966918945s individual

.
current test PASSED/SKIPPED -- test_frame_interesting in /home/kaiyaok2/PythonProjects/memray/tests/unit/test_frame_tools.py: 267.5144934654236s cumulative, 0.012147188186645508s individual

.
current test PASSED/SKIPPED -- test_is_frame_from_import_system in /home/kaiyaok2/PythonProjects/memray/tests/unit/test_frame_tools.py: 267.52522230148315s cumulative, 0.010728836059570312s individual

.
current test PASSED/SKIPPED -- test_cpython_internal_calls in /home/kaiyaok2/PythonProjects/memray/tests/unit/test_frame_tools.py: 267.5344114303589s cumulative, 0.009189128875732422s individual

.
current test PASSED/SKIPPED -- test_is_frame_from_import_system in /home/kaiyaok2/PythonProjects/memray/tests/unit/test_frame_tools.py: 267.5459063053131s cumulative, 0.011494874954223633s individual

.
current test PASSED/SKIPPED -- test_frame_interesting in /home/kaiyaok2/PythonProjects/memray/tests/unit/test_frame_tools.py: 267.5566508769989s cumulative, 0.010744571685791016s individual

.
current test PASSED/SKIPPED -- test_is_frame_from_import_system in /home/kaiyaok2/PythonProjects/memray/tests/unit/test_frame_tools.py: 267.56855154037476s cumulative, 0.011900663375854492s individual

.
current test PASSED/SKIPPED -- test_is_frame_from_import_system in /home/kaiyaok2/PythonProjects/memray/tests/unit/test_frame_tools.py: 267.57912373542786s cumulative, 0.010572195053100586s individual

.
current test PASSED/SKIPPED -- test_cpython_internal_calls in /home/kaiyaok2/PythonProjects/memray/tests/unit/test_frame_tools.py: 267.5919806957245s cumulative, 0.01285696029663086s individual

.
current test PASSED/SKIPPED -- test_is_frame_from_import_system in /home/kaiyaok2/PythonProjects/memray/tests/unit/test_frame_tools.py: 267.60511445999146s cumulative, 0.013133764266967773s individual

.
current test PASSED/SKIPPED -- test_frame_interesting in /home/kaiyaok2/PythonProjects/memray/tests/unit/test_frame_tools.py: 267.6172091960907s cumulative, 0.012094736099243164s individual

.
current test PASSED/SKIPPED -- test_cpython_internal_calls in /home/kaiyaok2/PythonProjects/memray/tests/unit/test_frame_tools.py: 267.63203597068787s cumulative, 0.014826774597167969s individual


unit/test_tree_reporter.py .
current test PASSED/SKIPPED -- test_single_chain_is_expanded in /home/kaiyaok2/PythonProjects/memray/tests/unit/test_tree_reporter.py: 268.74862480163574s cumulative, 1.116588830947876s individual


integration/test_ipython.py .
current test PASSED/SKIPPED -- test_passing_help_argument in /home/kaiyaok2/PythonProjects/memray/tests/integration/test_ipython.py: 269.0284264087677s cumulative, 0.279801607131958s individual

.
current test PASSED/SKIPPED -- test_passing_invalid_argument in /home/kaiyaok2/PythonProjects/memray/tests/integration/test_ipython.py: 269.2690453529358s cumulative, 0.24061894416809082s individual


integration/test_native_tracking.py .
current test PASSED/SKIPPED -- test_inlined_call_chain_with_native_tracking in /home/kaiyaok2/PythonProjects/memray/tests/integration/test_native_tracking.py: 274.5947861671448s cumulative, 5.325740814208984s individual


unit/test_cli.py .
current test PASSED/SKIPPED -- test_parser_accepts_short_form_output_1 in /home/kaiyaok2/PythonProjects/memray/tests/unit/test_cli.py: 274.62862062454224s cumulative, 0.03383445739746094s individual

.
current test PASSED/SKIPPED -- test_parser_rejects_when_no_results_provided in /home/kaiyaok2/PythonProjects/memray/tests/unit/test_cli.py: 274.6641421318054s cumulative, 0.035521507263183594s individual

.
current test PASSED/SKIPPED -- test_parser_accepts_long_form_output_2 in /home/kaiyaok2/PythonProjects/memray/tests/unit/test_cli.py: 274.69238018989563s cumulative, 0.02823805809020996s individual

.
current test PASSED/SKIPPED -- test_parser_accepts_long_form_output_1 in /home/kaiyaok2/PythonProjects/memray/tests/unit/test_cli.py: 274.7206666469574s cumulative, 0.028286457061767578s individual

.
current test PASSED/SKIPPED -- test_parser_takes_force_flag in /home/kaiyaok2/PythonProjects/memray/tests/unit/test_cli.py: 274.75397539138794s cumulative, 0.03330874443054199s individual

.
current test PASSED/SKIPPED -- test_parser_accepts_single_argument in /home/kaiyaok2/PythonProjects/memray/tests/unit/test_cli.py: 274.80353593826294s cumulative, 0.049560546875s individual

.
current test PASSED/SKIPPED -- test_parser_rejects_no_arguments in /home/kaiyaok2/PythonProjects/memray/tests/unit/test_cli.py: 274.8601930141449s cumulative, 0.05665707588195801s individual

.
current test PASSED/SKIPPED -- test_parser_takes_memory_leaks_as_a_flag in /home/kaiyaok2/PythonProjects/memray/tests/unit/test_cli.py: 274.8909010887146s cumulative, 0.03070807456970215s individual

.
current test PASSED/SKIPPED -- test_parser_accepts_short_form_output_2 in /home/kaiyaok2/PythonProjects/memray/tests/unit/test_cli.py: 274.91961002349854s cumulative, 0.028708934783935547s individual

.
current test PASSED/SKIPPED -- test_parser_accepts_single_argument in /home/kaiyaok2/PythonProjects/memray/tests/unit/test_cli.py: 274.9478986263275s cumulative, 0.028288602828979492s individual

.
current test PASSED/SKIPPED -- test_parser_accepts_max_rows_sort_form in /home/kaiyaok2/PythonProjects/memray/tests/unit/test_cli.py: 274.97627902030945s cumulative, 0.028380393981933594s individual

.
current test PASSED/SKIPPED -- test_parser_accepts_sort_column_sort_form in /home/kaiyaok2/PythonProjects/memray/tests/unit/test_cli.py: 275.00931668281555s cumulative, 0.033037662506103516s individual

.
current test PASSED/SKIPPED -- test_parser_rejects_sort_column_incorrect_values in /home/kaiyaok2/PythonProjects/memray/tests/unit/test_cli.py: 275.0414605140686s cumulative, 0.03214383125305176s individual

.
current test PASSED/SKIPPED -- test_parser_rejects_sort_column_incorrect_values in /home/kaiyaok2/PythonProjects/memray/tests/unit/test_cli.py: 275.0723259449005s cumulative, 0.03086543083190918s individual

.
current test PASSED/SKIPPED -- test_parser_accepts_max_rows_long_form in /home/kaiyaok2/PythonProjects/memray/tests/unit/test_cli.py: 275.1070656776428s cumulative, 0.03473973274230957s individual

.
current test PASSED/SKIPPED -- test_parser_rejects_no_arguments in /home/kaiyaok2/PythonProjects/memray/tests/unit/test_cli.py: 275.1402883529663s cumulative, 0.03322267532348633s individual

.
current test PASSED/SKIPPED -- test_parser_accepts_sort_column_long_form in /home/kaiyaok2/PythonProjects/memray/tests/unit/test_cli.py: 275.16567063331604s cumulative, 0.025382280349731445s individual

.
current test PASSED/SKIPPED -- test_parser_rejects_no_arguments in /home/kaiyaok2/PythonProjects/memray/tests/unit/test_cli.py: 275.1960952281952s cumulative, 0.03042459487915039s individual

.
current test PASSED/SKIPPED -- test_parser_accepts_single_argument in /home/kaiyaok2/PythonProjects/memray/tests/unit/test_cli.py: 275.21618700027466s cumulative, 0.020091772079467773s individual

.
current test PASSED/SKIPPED -- test_parser_accepts_valid_num_largest_allocators in /home/kaiyaok2/PythonProjects/memray/tests/unit/test_cli.py: 275.2387058734894s cumulative, 0.02251887321472168s individual

.
current test PASSED/SKIPPED -- test_parser_rejects_invalid_num_largest_allocators in /home/kaiyaok2/PythonProjects/memray/tests/unit/test_cli.py: 275.261780500412s cumulative, 0.023074626922607422s individual

.
current test PASSED/SKIPPED -- test_run_with_follow_fork_and_live_remote_mode in /home/kaiyaok2/PythonProjects/memray/tests/unit/test_cli.py: 275.38249230384827s cumulative, 0.1207118034362793s individual

.
current test PASSED/SKIPPED -- test_run_with_live_port_but_not_live_remote in /home/kaiyaok2/PythonProjects/memray/tests/unit/test_cli.py: 275.52283930778503s cumulative, 0.14034700393676758s individual

.
current test PASSED/SKIPPED -- test_run_without_arguments in /home/kaiyaok2/PythonProjects/memray/tests/unit/test_cli.py: 275.6266276836395s cumulative, 0.10378837585449219s individual

.
current test PASSED/SKIPPED -- test_run_with_follow_fork_and_live_mode in /home/kaiyaok2/PythonProjects/memray/tests/unit/test_cli.py: 275.72758984565735s cumulative, 0.10096216201782227s individual

.
current test PASSED/SKIPPED -- test_parser_accepts_single_argument_with_format in /home/kaiyaok2/PythonProjects/memray/tests/unit/test_cli.py: 275.75419902801514s cumulative, 0.026609182357788086s individual

.
current test PASSED/SKIPPED -- test_parser_takes_force_flag in /home/kaiyaok2/PythonProjects/memray/tests/unit/test_cli.py: 275.78203201293945s cumulative, 0.027832984924316406s individual

.
current test PASSED/SKIPPED -- test_parser_invalid_format in /home/kaiyaok2/PythonProjects/memray/tests/unit/test_cli.py: 275.81423568725586s cumulative, 0.03220367431640625s individual

.
current test PASSED/SKIPPED -- test_parser_accepts_long_form_output_1 in /home/kaiyaok2/PythonProjects/memray/tests/unit/test_cli.py: 275.8461513519287s cumulative, 0.03191566467285156s individual

.
current test PASSED/SKIPPED -- test_parser_rejects_no_arguments in /home/kaiyaok2/PythonProjects/memray/tests/unit/test_cli.py: 275.87971210479736s cumulative, 0.033560752868652344s individual

.
current test PASSED/SKIPPED -- test_parser_accepts_short_form_output_1 in /home/kaiyaok2/PythonProjects/memray/tests/unit/test_cli.py: 275.9067211151123s cumulative, 0.027009010314941406s individual

.
current test PASSED/SKIPPED -- test_parser_accepts_long_form_output_2 in /home/kaiyaok2/PythonProjects/memray/tests/unit/test_cli.py: 275.9349329471588s cumulative, 0.02821183204650879s individual

.
current test PASSED/SKIPPED -- test_parser_rejects_when_no_results_provided in /home/kaiyaok2/PythonProjects/memray/tests/unit/test_cli.py: 275.972473859787s cumulative, 0.03754091262817383s individual

.
current test PASSED/SKIPPED -- test_parser_takes_memory_leaks_as_a_flag in /home/kaiyaok2/PythonProjects/memray/tests/unit/test_cli.py: 276.0003788471222s cumulative, 0.027904987335205078s individual

.
current test PASSED/SKIPPED -- test_parser_accepts_short_form_output_2 in /home/kaiyaok2/PythonProjects/memray/tests/unit/test_cli.py: 276.0345003604889s cumulative, 0.03412151336669922s individual

.
current test PASSED/SKIPPED -- test_determine_output in /home/kaiyaok2/PythonProjects/memray/tests/unit/test_cli.py: 276.06864380836487s cumulative, 0.03414344787597656s individual

.
current test PASSED/SKIPPED -- test_determine_output in /home/kaiyaok2/PythonProjects/memray/tests/unit/test_cli.py: 276.09159779548645s cumulative, 0.02295398712158203s individual

.
current test PASSED/SKIPPED -- test_parser_acceps_biggest_allocs_short_form in /home/kaiyaok2/PythonProjects/memray/tests/unit/test_cli.py: 276.1236515045166s cumulative, 0.03205370903015137s individual

.
current test PASSED/SKIPPED -- test_determine_output in /home/kaiyaok2/PythonProjects/memray/tests/unit/test_cli.py: 276.17556071281433s cumulative, 0.05190920829772949s individual

.
current test PASSED/SKIPPED -- test_parser_rejects_when_no_results_provided in /home/kaiyaok2/PythonProjects/memray/tests/unit/test_cli.py: 276.2256145477295s cumulative, 0.05005383491516113s individual

.
current test PASSED/SKIPPED -- test_determine_output in /home/kaiyaok2/PythonProjects/memray/tests/unit/test_cli.py: 276.24790835380554s cumulative, 0.022293806076049805s individual

.
current test PASSED/SKIPPED -- test_determine_output in /home/kaiyaok2/PythonProjects/memray/tests/unit/test_cli.py: 276.2704050540924s cumulative, 0.022496700286865234s individual

.
current test PASSED/SKIPPED -- test_parser_acceps_biggest_allocs_long_form in /home/kaiyaok2/PythonProjects/memray/tests/unit/test_cli.py: 276.29447293281555s cumulative, 0.02406787872314453s individual

.
current test PASSED/SKIPPED -- test_determine_output in /home/kaiyaok2/PythonProjects/memray/tests/unit/test_cli.py: 276.322154045105s cumulative, 0.02768111228942871s individual

.
current test PASSED/SKIPPED -- test_determine_output in /home/kaiyaok2/PythonProjects/memray/tests/unit/test_cli.py: 276.356974363327s cumulative, 0.0348203182220459s individual

.
current test PASSED/SKIPPED -- test_determine_output in /home/kaiyaok2/PythonProjects/memray/tests/unit/test_cli.py: 276.38868856430054s cumulative, 0.03171420097351074s individual

.
current test PASSED/SKIPPED -- test_parser_rejects_no_arguments in /home/kaiyaok2/PythonProjects/memray/tests/unit/test_cli.py: 276.44765615463257s cumulative, 0.05896759033203125s individual

.
current test PASSED/SKIPPED -- test_no_args_passed in /home/kaiyaok2/PythonProjects/memray/tests/unit/test_cli.py: 276.5460567474365s cumulative, 0.09840059280395508s individual

.
current test PASSED/SKIPPED -- test_determine_output in /home/kaiyaok2/PythonProjects/memray/tests/unit/test_cli.py: 276.5762047767639s cumulative, 0.030148029327392578s individual

.
current test PASSED/SKIPPED -- test_parser_accepts_single_argument in /home/kaiyaok2/PythonProjects/memray/tests/unit/test_cli.py: 276.61283707618713s cumulative, 0.03663229942321777s individual

.
current test PASSED/SKIPPED -- test_parser_accepts_long_form_output_2 in /home/kaiyaok2/PythonProjects/memray/tests/unit/test_cli.py: 276.6483483314514s cumulative, 0.03551125526428223s individual

.
current test PASSED/SKIPPED -- test_parser_accepts_short_form_output_1 in /home/kaiyaok2/PythonProjects/memray/tests/unit/test_cli.py: 276.6744306087494s cumulative, 0.026082277297973633s individual

.
current test PASSED/SKIPPED -- test_parser_accepts_short_form_output_2 in /home/kaiyaok2/PythonProjects/memray/tests/unit/test_cli.py: 276.70639634132385s cumulative, 0.03196573257446289s individual

.
current test PASSED/SKIPPED -- test_parser_accepts_long_form_output_1 in /home/kaiyaok2/PythonProjects/memray/tests/unit/test_cli.py: 276.7367835044861s cumulative, 0.030387163162231445s individual

.
current test PASSED/SKIPPED -- test_parser_rejects_no_arguments in /home/kaiyaok2/PythonProjects/memray/tests/unit/test_cli.py: 276.78803610801697s cumulative, 0.05125260353088379s individual

.
current test PASSED/SKIPPED -- test_parser_takes_force_flag in /home/kaiyaok2/PythonProjects/memray/tests/unit/test_cli.py: 276.81830978393555s cumulative, 0.0302736759185791s individual

.
current test PASSED/SKIPPED -- test_parser_accepts_single_argument in /home/kaiyaok2/PythonProjects/memray/tests/unit/test_cli.py: 276.8469350337982s cumulative, 0.0286252498626709s individual

.
current test PASSED/SKIPPED -- test_parser_takes_memory_leaks_as_a_flag in /home/kaiyaok2/PythonProjects/memray/tests/unit/test_cli.py: 276.8781945705414s cumulative, 0.03125953674316406s individual

.
current test PASSED/SKIPPED -- test_parser_rejects_when_no_results_provided in /home/kaiyaok2/PythonProjects/memray/tests/unit/test_cli.py: 276.9127149581909s cumulative, 0.03452038764953613s individual


integration/test_tracing.py .
current test PASSED/SKIPPED -- test_identical_stack_traces_started_in_different_lines_in_a_function_do_not_compare_equal in /home/kaiyaok2/PythonProjects/memray/tests/integration/test_tracing.py: 278.779016494751s cumulative, 1.8663015365600586s individual


integration/test_tracking.py .
current test PASSED/SKIPPED -- test_unmatched_deallocations_are_not_reported in /home/kaiyaok2/PythonProjects/memray/tests/integration/test_tracking.py: 280.329717874527s cumulative, 1.550701379776001s individual

.
current test PASSED/SKIPPED -- test_pymalloc_allocation_tracking_deactivated in /home/kaiyaok2/PythonProjects/memray/tests/integration/test_tracking.py: 282.26947832107544s cumulative, 1.939760446548462s individual

.
current test PASSED/SKIPPED -- test_allocations_that_are_freed_do_not_appear_as_leaks in /home/kaiyaok2/PythonProjects/memray/tests/integration/test_tracking.py: 284.21685242652893s cumulative, 1.9473741054534912s individual

.
current test PASSED/SKIPPED -- test_unmatched_deallocations_are_not_reported in /home/kaiyaok2/PythonProjects/memray/tests/integration/test_tracking.py: 286.30372953414917s cumulative, 2.0868771076202393s individual

.
current test PASSED/SKIPPED -- test_leak_that_happens_in_the_middle_is_detected in /home/kaiyaok2/PythonProjects/memray/tests/integration/test_tracking.py: 288.0901737213135s cumulative, 1.7864441871643066s individual

.
current test PASSED/SKIPPED -- test_no_allocations_while_tracking in /home/kaiyaok2/PythonProjects/memray/tests/integration/test_tracking.py: 289.7493214607239s cumulative, 1.6591477394104004s individual

.
current test PASSED/SKIPPED -- test_allocations_aggregation_on_same_line in /home/kaiyaok2/PythonProjects/memray/tests/integration/test_tracking.py: 291.2507371902466s cumulative, 1.501415729522705s individual

.
current test PASSED/SKIPPED -- test_partial_munmap_gap in /home/kaiyaok2/PythonProjects/memray/tests/integration/test_tracking.py: 293.14687037467957s cumulative, 1.8961331844329834s individual

.
current test PASSED/SKIPPED -- test_partial_munmap_gap in /home/kaiyaok2/PythonProjects/memray/tests/integration/test_tracking.py: 294.7955894470215s cumulative, 1.648719072341919s individual


integration/test_ipython.py .
current test PASSED/SKIPPED -- test_passing_valid_argument in /home/kaiyaok2/PythonProjects/memray/tests/integration/test_ipython.py: 296.9814085960388s cumulative, 2.185819149017334s individual


integration/test_main.py .
current test PASSED/SKIPPED -- test_output_file_already_exists in /home/kaiyaok2/PythonProjects/memray/tests/integration/test_main.py: 299.72748017311096s cumulative, 2.7460715770721436s individual

.
current test PASSED/SKIPPED -- test_report_detects_missing_input in /home/kaiyaok2/PythonProjects/memray/tests/integration/test_main.py: 302.0816969871521s cumulative, 2.3542168140411377s individual

.
current test PASSED/SKIPPED -- test_json_generated_to_known_file in /home/kaiyaok2/PythonProjects/memray/tests/integration/test_main.py: 307.51589703559875s cumulative, 5.434200048446655s individual


unit/test_tui_reporter.py .
current test PASSED/SKIPPED -- test_one_point_bigger_than_max_after_resize in /home/kaiyaok2/PythonProjects/memray/tests/unit/test_tui_reporter.py: 307.5840218067169s cumulative, 0.06812477111816406s individual

.
current test PASSED/SKIPPED -- test_multiple_points_scattered in /home/kaiyaok2/PythonProjects/memray/tests/unit/test_tui_reporter.py: 307.62505435943604s cumulative, 0.04103255271911621s individual

.
current test PASSED/SKIPPED -- test_empty in /home/kaiyaok2/PythonProjects/memray/tests/unit/test_tui_reporter.py: 307.65866470336914s cumulative, 0.03361034393310547s individual

.
current test PASSED/SKIPPED -- test_one_point_lower_than_max in /home/kaiyaok2/PythonProjects/memray/tests/unit/test_tui_reporter.py: 307.6888997554779s cumulative, 0.03023505210876465s individual

.
current test PASSED/SKIPPED -- test_multiple_points in /home/kaiyaok2/PythonProjects/memray/tests/unit/test_tui_reporter.py: 307.7410879135132s cumulative, 0.05218815803527832s individual

.
current test PASSED/SKIPPED -- test_size_of_graph in /home/kaiyaok2/PythonProjects/memray/tests/unit/test_tui_reporter.py: 307.79708766937256s cumulative, 0.055999755859375s individual

.
current test PASSED/SKIPPED -- test_one_point_bigger_than_max in /home/kaiyaok2/PythonProjects/memray/tests/unit/test_tui_reporter.py: 307.837238073349s cumulative, 0.04015040397644043s individual

.
current test PASSED/SKIPPED -- test_missing_frames in /home/kaiyaok2/PythonProjects/memray/tests/unit/test_tui_reporter.py: 307.8556807041168s cumulative, 0.018442630767822266s individual

.
current test PASSED/SKIPPED -- test_native_frames in /home/kaiyaok2/PythonProjects/memray/tests/unit/test_tui_reporter.py: 307.87206411361694s cumulative, 0.01638340950012207s individual

.
current test PASSED/SKIPPED -- test_simple_allocations in /home/kaiyaok2/PythonProjects/memray/tests/unit/test_tui_reporter.py: 307.8906078338623s cumulative, 0.018543720245361328s individual

.
current test PASSED/SKIPPED -- test_command_line_display in /home/kaiyaok2/PythonProjects/memray/tests/unit/test_tui_reporter.py: 319.29349541664124s cumulative, 11.40288758277893s individual

.
current test PASSED/SKIPPED -- test_update_thread in /home/kaiyaok2/PythonProjects/memray/tests/unit/test_tui_reporter.py: 321.62861156463623s cumulative, 2.335116147994995s individual


integration/test_tracing.py .
current test PASSED/SKIPPED -- test_allocation_after_unsetting_profile_function in /home/kaiyaok2/PythonProjects/memray/tests/integration/test_tracing.py: 323.22376441955566s cumulative, 1.5951528549194336s individual


unit/test_attach.py Error usage: memray [-h] [-v] [-V]
              {run,flamegraph,table,live,tree,parse,summary,stats,transform,attach,detach}
              ...
memray: error: Can't use aggregated mode without an output file.

.
current test PASSED/SKIPPED -- test_memray_attach_aggregated_without_output_file in /home/kaiyaok2/PythonProjects/memray/tests/unit/test_attach.py: 323.3708188533783s cumulative, 0.14705443382263184s individual


integration/test_main.py .
current test PASSED/SKIPPED -- test_live_tracking_server_exits_properly_on_sigint in /home/kaiyaok2/PythonProjects/memray/tests/integration/test_main.py: 326.2209162712097s cumulative, 2.850097417831421s individual

.
current test PASSED/SKIPPED -- test_report_detects_corrupt_input in /home/kaiyaok2/PythonProjects/memray/tests/integration/test_main.py: 327.9245171546936s cumulative, 1.7036008834838867s individual


integration/test_tracking.py .
current test PASSED/SKIPPED -- test_final_allocation_is_peak in /home/kaiyaok2/PythonProjects/memray/tests/integration/test_tracking.py: 329.4172611236572s cumulative, 1.492743968963623s individual

.
current test PASSED/SKIPPED -- test_simple_allocation_tracking in /home/kaiyaok2/PythonProjects/memray/tests/integration/test_tracking.py: 330.67406606674194s cumulative, 1.2568049430847168s individual

.
current test PASSED/SKIPPED -- test_partial_munmap_multiple_split_in_middle in /home/kaiyaok2/PythonProjects/memray/tests/integration/test_tracking.py: 332.1412920951843s cumulative, 1.4672260284423828s individual

.
current test PASSED/SKIPPED -- test_simple_allocation_tracking in /home/kaiyaok2/PythonProjects/memray/tests/integration/test_tracking.py: 334.04160952568054s cumulative, 1.9003174304962158s individual

.
current test PASSED/SKIPPED -- test_get_header_after_snapshot in /home/kaiyaok2/PythonProjects/memray/tests/integration/test_tracking.py: 335.30919790267944s cumulative, 1.2675883769989014s individual


integration/test_main.py .
current test PASSED/SKIPPED -- test_report_temporary_allocations_argument in /home/kaiyaok2/PythonProjects/memray/tests/integration/test_main.py: 340.0223379135132s cumulative, 4.71314001083374s individual

.
current test PASSED/SKIPPED -- test_report_both_temporary_allocation_arguments in /home/kaiyaok2/PythonProjects/memray/tests/integration/test_main.py: 344.4698762893677s cumulative, 4.447538375854492s individual

.
current test PASSED/SKIPPED -- test_sys_manipulations_when_running_module in /home/kaiyaok2/PythonProjects/memray/tests/integration/test_main.py: 346.82732582092285s cumulative, 2.357449531555176s individual


unit/test_tree_reporter.py .
current test PASSED/SKIPPED -- test_works_with_multiple_top_level_nodes in /home/kaiyaok2/PythonProjects/memray/tests/unit/test_tree_reporter.py: 346.8460383415222s cumulative, 0.018712520599365234s individual

.
current test PASSED/SKIPPED -- test_works_with_multiple_stacks_from_same_caller in /home/kaiyaok2/PythonProjects/memray/tests/unit/test_tree_reporter.py: 346.8667929172516s cumulative, 0.020754575729370117s individual

.
current test PASSED/SKIPPED -- test_works_with_no_allocations in /home/kaiyaok2/PythonProjects/memray/tests/unit/test_tree_reporter.py: 346.88778591156006s cumulative, 0.02099299430847168s individual

.
current test PASSED/SKIPPED -- test_works_with_single_call in /home/kaiyaok2/PythonProjects/memray/tests/unit/test_tree_reporter.py: 346.9265968799591s cumulative, 0.03881096839904785s individual

.
current test PASSED/SKIPPED -- test_works_with_multiple_stacks_from_same_caller_two_frames_above in /home/kaiyaok2/PythonProjects/memray/tests/unit/test_tree_reporter.py: 346.9598035812378s cumulative, 0.03320670127868652s individual

.
current test PASSED/SKIPPED -- test_works_with_split_threads in /home/kaiyaok2/PythonProjects/memray/tests/unit/test_tree_reporter.py: 346.97721457481384s cumulative, 0.017410993576049805s individual

.
current test PASSED/SKIPPED -- test_works_with_recursive_calls in /home/kaiyaok2/PythonProjects/memray/tests/unit/test_tree_reporter.py: 346.99160742759705s cumulative, 0.014392852783203125s individual

.
current test PASSED/SKIPPED -- test_works_with_merged_threads in /home/kaiyaok2/PythonProjects/memray/tests/unit/test_tree_reporter.py: 347.009033203125s cumulative, 0.0174257755279541s individual

.
current test PASSED/SKIPPED -- test_drops_cpython_frames in /home/kaiyaok2/PythonProjects/memray/tests/unit/test_tree_reporter.py: 347.02112460136414s cumulative, 0.012091398239135742s individual

.
current test PASSED/SKIPPED -- test_uses_hybrid_stack_for_native_traces in /home/kaiyaok2/PythonProjects/memray/tests/unit/test_tree_reporter.py: 347.03161692619324s cumulative, 0.010492324829101562s individual

.
current test PASSED/SKIPPED -- test_render_runs_the_app in /home/kaiyaok2/PythonProjects/memray/tests/unit/test_tree_reporter.py: 347.0701251029968s cumulative, 0.03850817680358887s individual


integration/test_socket.py E
current test FAILED -- test_multiple_context_entries_does_not_crash in /home/kaiyaok2/PythonProjects/memray/tests/integration/test_socket.py: 347.09487414360046s cumulative, 0.024749040603637695s individual


integration/test_tracing.py .
current test PASSED/SKIPPED -- test_mmap_in_thread in /home/kaiyaok2/PythonProjects/memray/tests/integration/test_tracing.py: 349.0027208328247s cumulative, 1.9078466892242432s individual


integration/test_main.py E
current test FAILED -- test_live_tracking_server_when_client_disconnects in /home/kaiyaok2/PythonProjects/memray/tests/integration/test_main.py: 349.03641963005066s cumulative, 0.03369879722595215s individual


unit/test_high_water_mark_aggregator.py .
current test PASSED/SKIPPED -- test_shrunk_range in /home/kaiyaok2/PythonProjects/memray/tests/unit/test_high_water_mark_aggregator.py: 349.0651288032532s cumulative, 0.02870917320251465s individual

.
current test PASSED/SKIPPED -- test_different_allocators_at_one_location in /home/kaiyaok2/PythonProjects/memray/tests/unit/test_high_water_mark_aggregator.py: 349.0845890045166s cumulative, 0.019460201263427734s individual

.
current test PASSED/SKIPPED -- test_freeing_one_of_two_high_water_mark_allocations_at_the_same_location in /home/kaiyaok2/PythonProjects/memray/tests/unit/test_high_water_mark_aggregator.py: 349.0974934101105s cumulative, 0.01290440559387207s individual

.
current test PASSED/SKIPPED -- test_one_allocation_freed_at_high_water_mark_in_second_snapshot in /home/kaiyaok2/PythonProjects/memray/tests/unit/test_high_water_mark_aggregator.py: 349.1119611263275s cumulative, 0.014467716217041016s individual

.
current test PASSED/SKIPPED -- test_allocation_made_and_freed_after_high_water_mark in /home/kaiyaok2/PythonProjects/memray/tests/unit/test_high_water_mark_aggregator.py: 349.12782621383667s cumulative, 0.015865087509155273s individual

.
current test PASSED/SKIPPED -- test_allocation_made_between_high_water_marks_and_freed_after_high_water_mark in /home/kaiyaok2/PythonProjects/memray/tests/unit/test_high_water_mark_aggregator.py: 349.14069843292236s cumulative, 0.01287221908569336s individual

.
current test PASSED/SKIPPED -- test_split_range in /home/kaiyaok2/PythonProjects/memray/tests/unit/test_high_water_mark_aggregator.py: 349.1509704589844s cumulative, 0.010272026062011719s individual

.
current test PASSED/SKIPPED -- test_one_allocation_after_first_snapshot in /home/kaiyaok2/PythonProjects/memray/tests/unit/test_high_water_mark_aggregator.py: 349.1609673500061s cumulative, 0.009996891021728516s individual

.
current test PASSED/SKIPPED -- test_freeing_one_of_two_high_water_mark_allocations_at_different_locations in /home/kaiyaok2/PythonProjects/memray/tests/unit/test_high_water_mark_aggregator.py: 349.1780092716217s cumulative, 0.017041921615600586s individual

.
current test PASSED/SKIPPED -- test_one_allocation_freed_before_high_water_mark_in_second_snapshot in /home/kaiyaok2/PythonProjects/memray/tests/unit/test_high_water_mark_aggregator.py: 349.1908919811249s cumulative, 0.012882709503173828s individual

.
current test PASSED/SKIPPED -- test_allocation_made_and_leaked_after_high_water_mark in /home/kaiyaok2/PythonProjects/memray/tests/unit/test_high_water_mark_aggregator.py: 349.2043459415436s cumulative, 0.013453960418701172s individual

.
current test PASSED/SKIPPED -- test_allocations_freed_over_two_non_adjacent_snapshots in /home/kaiyaok2/PythonProjects/memray/tests/unit/test_high_water_mark_aggregator.py: 349.2190773487091s cumulative, 0.014731407165527344s individual

.
current test PASSED/SKIPPED -- test_split_then_freed_range in /home/kaiyaok2/PythonProjects/memray/tests/unit/test_high_water_mark_aggregator.py: 349.2419741153717s cumulative, 0.022896766662597656s individual

.
current test PASSED/SKIPPED -- test_one_allocation_is_both_high_water_mark_and_leaked in /home/kaiyaok2/PythonProjects/memray/tests/unit/test_high_water_mark_aggregator.py: 349.2627420425415s cumulative, 0.020767927169799805s individual

.
current test PASSED/SKIPPED -- test_allocation_after_high_water_mark_in_historical_snapshot in /home/kaiyaok2/PythonProjects/memray/tests/unit/test_high_water_mark_aggregator.py: 349.2840747833252s cumulative, 0.021332740783691406s individual

.
current test PASSED/SKIPPED -- test_shrunk_then_freed_range in /home/kaiyaok2/PythonProjects/memray/tests/unit/test_high_water_mark_aggregator.py: 349.3095645904541s cumulative, 0.02548980712890625s individual

.
current test PASSED/SKIPPED -- test_allocation_and_deallocation_across_multiple_snapshots_with_other_allocators in /home/kaiyaok2/PythonProjects/memray/tests/unit/test_high_water_mark_aggregator.py: 349.3626263141632s cumulative, 0.053061723709106445s individual

.
current test PASSED/SKIPPED -- test_allocation_and_deallocation_after_high_water_mark in /home/kaiyaok2/PythonProjects/memray/tests/unit/test_high_water_mark_aggregator.py: 349.39266443252563s cumulative, 0.030038118362426758s individual

.
current test PASSED/SKIPPED -- test_reporting_on_true_high_water_mark_that_was_in_a_past_snapshot in /home/kaiyaok2/PythonProjects/memray/tests/unit/test_high_water_mark_aggregator.py: 349.43105149269104s cumulative, 0.03838706016540527s individual

.
current test PASSED/SKIPPED -- test_no_allocations_at_start in /home/kaiyaok2/PythonProjects/memray/tests/unit/test_high_water_mark_aggregator.py: 349.46339082717896s cumulative, 0.03233933448791504s individual

.
current test PASSED/SKIPPED -- test_one_freed_allocation_is_high_water_mark_but_not_leaked in /home/kaiyaok2/PythonProjects/memray/tests/unit/test_high_water_mark_aggregator.py: 349.47681999206543s cumulative, 0.01342916488647461s individual

.
current test PASSED/SKIPPED -- test_allocation_made_between_high_water_marks_and_leaked in /home/kaiyaok2/PythonProjects/memray/tests/unit/test_high_water_mark_aggregator.py: 349.48924708366394s cumulative, 0.012427091598510742s individual

.
current test PASSED/SKIPPED -- test_same_stack_in_different_threads in /home/kaiyaok2/PythonProjects/memray/tests/unit/test_high_water_mark_aggregator.py: 349.5029606819153s cumulative, 0.013713598251342773s individual

.
current test PASSED/SKIPPED -- test_zero_byte_allocation in /home/kaiyaok2/PythonProjects/memray/tests/unit/test_high_water_mark_aggregator.py: 349.52071046829224s cumulative, 0.017749786376953125s individual

.
current test PASSED/SKIPPED -- test_two_allocations_in_different_snapshots in /home/kaiyaok2/PythonProjects/memray/tests/unit/test_high_water_mark_aggregator.py: 349.53393936157227s cumulative, 0.013228893280029297s individual

.
current test PASSED/SKIPPED -- test_allocation_after_high_water_mark_in_current_snapshot in /home/kaiyaok2/PythonProjects/memray/tests/unit/test_high_water_mark_aggregator.py: 349.54573154449463s cumulative, 0.011792182922363281s individual

.
current test PASSED/SKIPPED -- test_allocation_and_deallocation_across_multiple_snapshots in /home/kaiyaok2/PythonProjects/memray/tests/unit/test_high_water_mark_aggregator.py: 349.5630702972412s cumulative, 0.01733875274658203s individual

.
current test PASSED/SKIPPED -- test_completely_freed_range in /home/kaiyaok2/PythonProjects/memray/tests/unit/test_high_water_mark_aggregator.py: 349.5809745788574s cumulative, 0.017904281616210938s individual

.
current test PASSED/SKIPPED -- test_one_allocation_before_first_snapshot in /home/kaiyaok2/PythonProjects/memray/tests/unit/test_high_water_mark_aggregator.py: 349.59359788894653s cumulative, 0.012623310089111328s individual

.
current test PASSED/SKIPPED -- test_allocation_made_and_freed_between_high_water_marks in /home/kaiyaok2/PythonProjects/memray/tests/unit/test_high_water_mark_aggregator.py: 349.60608291625977s cumulative, 0.012485027313232422s individual

.
current test PASSED/SKIPPED -- test_allocation_freed_before_high_water_mark in /home/kaiyaok2/PythonProjects/memray/tests/unit/test_high_water_mark_aggregator.py: 349.6198513507843s cumulative, 0.013768434524536133s individual

.
current test PASSED/SKIPPED -- test_allocations_freed_over_two_snapshots in /home/kaiyaok2/PythonProjects/memray/tests/unit/test_high_water_mark_aggregator.py: 349.63519835472107s cumulative, 0.015347003936767578s individual


unit/test_flamegraph_reporter.py .
current test PASSED/SKIPPED -- test_inverted_sanity_check_with_real_allocations in /home/kaiyaok2/PythonProjects/memray/tests/unit/test_flamegraph_reporter.py: 351.51360177993774s cumulative, 1.8784034252166748s individual


integration/test_tracking.py .
current test PASSED/SKIPPED -- test_munmap_multiple_mmaps_multiple_munmaps in /home/kaiyaok2/PythonProjects/memray/tests/integration/test_tracking.py: 353.5501072406769s cumulative, 2.0365054607391357s individual

.
current test PASSED/SKIPPED -- test_allocations_after_high_watermark_is_freed_do_not_appear in /home/kaiyaok2/PythonProjects/memray/tests/integration/test_tracking.py: 355.96811628341675s cumulative, 2.418009042739868s individual

.
current test PASSED/SKIPPED -- test_multiple_high_watermark in /home/kaiyaok2/PythonProjects/memray/tests/integration/test_tracking.py: 358.1205337047577s cumulative, 2.1524174213409424s individual

.
current test PASSED/SKIPPED -- test_simple_allocation_tracking in /home/kaiyaok2/PythonProjects/memray/tests/integration/test_tracking.py: 359.8498306274414s cumulative, 1.7292969226837158s individual

.
current test PASSED/SKIPPED -- test_simple_allocation_tracking in /home/kaiyaok2/PythonProjects/memray/tests/integration/test_tracking.py: 361.93717908859253s cumulative, 2.087348461151123s individual

.
current test PASSED/SKIPPED -- test_allocations_after_high_watermark_is_freed_do_not_appear in /home/kaiyaok2/PythonProjects/memray/tests/integration/test_tracking.py: 363.9325706958771s cumulative, 1.995391607284546s individual

.
current test PASSED/SKIPPED -- test_partial_munmap in /home/kaiyaok2/PythonProjects/memray/tests/integration/test_tracking.py: 366.54832887649536s cumulative, 2.615758180618286s individual

.
current test PASSED/SKIPPED -- test_simple_pymalloc_allocation_tracking in /home/kaiyaok2/PythonProjects/memray/tests/integration/test_tracking.py: 369.3035235404968s cumulative, 2.755194664001465s individual

.
current test PASSED/SKIPPED -- test_temporary_allocations_with_two_allocators_are_detected in /home/kaiyaok2/PythonProjects/memray/tests/integration/test_tracking.py: 371.1759686470032s cumulative, 1.8724451065063477s individual

.
current test PASSED/SKIPPED -- test_unmatched_allocations_are_not_reported in /home/kaiyaok2/PythonProjects/memray/tests/integration/test_tracking.py: 372.91876125335693s cumulative, 1.7427926063537598s individual

.
current test PASSED/SKIPPED -- test_temporary_allocations_that_happen_in_different_lines in /home/kaiyaok2/PythonProjects/memray/tests/integration/test_tracking.py: 374.20909333229065s cumulative, 1.2903320789337158s individual

.
current test PASSED/SKIPPED -- test_pymalloc_allocation_tracking_deactivated in /home/kaiyaok2/PythonProjects/memray/tests/integration/test_tracking.py: 375.373389005661s cumulative, 1.1642956733703613s individual

.
current test PASSED/SKIPPED -- test_pymalloc_allocation_tracking_deactivated in /home/kaiyaok2/PythonProjects/memray/tests/integration/test_tracking.py: 376.71828746795654s cumulative, 1.3448984622955322s individual

.
current test PASSED/SKIPPED -- test_no_allocations in /home/kaiyaok2/PythonProjects/memray/tests/integration/test_tracking.py: 377.6722483634949s cumulative, 0.9539608955383301s individual

.
current test PASSED/SKIPPED -- test_temporary_allocations_outside_buffer_are_not_detected in /home/kaiyaok2/PythonProjects/memray/tests/integration/test_tracking.py: 379.3915505409241s cumulative, 1.7193021774291992s individual

.
current test PASSED/SKIPPED -- test_unsupported_operations_on_aggregated_capture in /home/kaiyaok2/PythonProjects/memray/tests/integration/test_tracking.py: 380.135146856308s cumulative, 0.7435963153839111s individual

.
current test PASSED/SKIPPED -- test_temporary_allocations_that_happen_in_the_same_function_are_aggregated in /home/kaiyaok2/PythonProjects/memray/tests/integration/test_tracking.py: 381.4402391910553s cumulative, 1.3050923347473145s individual

.
current test PASSED/SKIPPED -- test_no_allocations_while_tracking in /home/kaiyaok2/PythonProjects/memray/tests/integration/test_tracking.py: 383.5456602573395s cumulative, 2.1054210662841797s individual

.
current test PASSED/SKIPPED -- test_temporary_allocations_outside_buffer_are_not_detected in /home/kaiyaok2/PythonProjects/memray/tests/integration/test_tracking.py: 385.4600899219513s cumulative, 1.9144296646118164s individual

.
current test PASSED/SKIPPED -- test_simple_pymalloc_allocation_tracking in /home/kaiyaok2/PythonProjects/memray/tests/integration/test_tracking.py: 387.1613738536835s cumulative, 1.7012839317321777s individual

.
current test PASSED/SKIPPED -- test_simple_pymalloc_allocation_tracking in /home/kaiyaok2/PythonProjects/memray/tests/integration/test_tracking.py: 388.9966878890991s cumulative, 1.8353140354156494s individual

.
current test PASSED/SKIPPED -- test_thread_allocations_multiple_threads in /home/kaiyaok2/PythonProjects/memray/tests/integration/test_tracking.py: 390.9902980327606s cumulative, 1.993610143661499s individual

.
current test PASSED/SKIPPED -- test_leaks_that_happen_in_the_same_function_are_aggregated in /home/kaiyaok2/PythonProjects/memray/tests/integration/test_tracking.py: 393.2619307041168s cumulative, 2.271632671356201s individual


unit/test_tui_reporter.py .
current test PASSED/SKIPPED -- test_header_with_empty_snapshot in /home/kaiyaok2/PythonProjects/memray/tests/unit/test_tui_reporter.py: 396.81395173072815s cumulative, 3.552021026611328s individual


unit/test_flamegraph_reporter.py .
current test PASSED/SKIPPED -- test_very_deep_call_is_limited in /home/kaiyaok2/PythonProjects/memray/tests/unit/test_flamegraph_reporter.py: 397.7315731048584s cumulative, 0.917621374130249s individual


unit/test_templates.py .
current test PASSED/SKIPPED -- test_title_for_regular_report in /home/kaiyaok2/PythonProjects/memray/tests/unit/test_templates.py: 397.7459442615509s cumulative, 0.014371156692504883s individual

.
current test PASSED/SKIPPED -- test_title_for_regular_report in /home/kaiyaok2/PythonProjects/memray/tests/unit/test_templates.py: 397.7593710422516s cumulative, 0.013426780700683594s individual

.
current test PASSED/SKIPPED -- test_title_for_regular_report in /home/kaiyaok2/PythonProjects/memray/tests/unit/test_templates.py: 397.77423071861267s cumulative, 0.014859676361083984s individual

.
current test PASSED/SKIPPED -- test_title_for_regular_report in /home/kaiyaok2/PythonProjects/memray/tests/unit/test_templates.py: 397.78481221199036s cumulative, 0.010581493377685547s individual

.
current test PASSED/SKIPPED -- test_title_for_regular_report in /home/kaiyaok2/PythonProjects/memray/tests/unit/test_templates.py: 397.79507875442505s cumulative, 0.010266542434692383s individual

.
current test PASSED/SKIPPED -- test_title_for_regular_report in /home/kaiyaok2/PythonProjects/memray/tests/unit/test_templates.py: 397.807363986969s cumulative, 0.012285232543945312s individual


unit/test_highwatermark_command.py ⚠  No debug information was found for the Python interpreter  ⚠

Without debug information reports showing native traces may not include file 
names and line numbers. Please use an interpreter built with debug symbols for 
best results. Check https://bloomberg.github.io/memray/native_mode.html for more
information regarding how memray resolves symbols.

.
current test PASSED/SKIPPED -- test_tracker_and_reporter_interactions_for_temporary_allocations in /home/kaiyaok2/PythonProjects/memray/tests/unit/test_highwatermark_command.py: 399.27224826812744s cumulative, 1.4648842811584473s individual


integration/test_greenlet.py .
current test PASSED/SKIPPED -- test_integration_with_greenlet in /home/kaiyaok2/PythonProjects/memray/tests/integration/test_greenlet.py: 400.1831703186035s cumulative, 0.9109220504760742s individual


unit/test_tui_reporter.py .
current test PASSED/SKIPPED -- test_tui_pause in /home/kaiyaok2/PythonProjects/memray/tests/unit/test_tui_reporter.py: 404.4589605331421s cumulative, 4.275790214538574s individual

.
current test PASSED/SKIPPED -- test_tui_basic in /home/kaiyaok2/PythonProjects/memray/tests/unit/test_tui_reporter.py: 408.93766164779663s cumulative, 4.478701114654541s individual

.
current test PASSED/SKIPPED -- test_sorting in /home/kaiyaok2/PythonProjects/memray/tests/unit/test_tui_reporter.py: 412.7131049633026s cumulative, 3.7754433155059814s individual


integration/test_main.py .
current test PASSED/SKIPPED -- test_run_file_exists in /home/kaiyaok2/PythonProjects/memray/tests/integration/test_main.py: 412.82349395751953s cumulative, 0.11038899421691895s individual

.
current test PASSED/SKIPPED -- test_run_file_that_is_not_python in /home/kaiyaok2/PythonProjects/memray/tests/integration/test_main.py: 412.96684551239014s cumulative, 0.14335155487060547s individual


integration/test_threads.py .
current test PASSED/SKIPPED -- test_thread_allocations_after_tracker_is_deactivated in /home/kaiyaok2/PythonProjects/memray/tests/integration/test_threads.py: 414.2356822490692s cumulative, 1.2688367366790771s individual


integration/test_tracing.py .
current test PASSED/SKIPPED -- test_thread_surviving_multiple_trackers in /home/kaiyaok2/PythonProjects/memray/tests/integration/test_tracing.py: 416.8134777545929s cumulative, 2.5777955055236816s individual


unit/test_cli.py Writing profile results into memray-foobar.0.bin
[memray] Successfully generated profile results.

You can now generate reports from the stored allocation records.
Some example commands to generate reports:

/usr/bin/python3 -m memray flamegraph memray-foobar.0.bin
.
current test PASSED/SKIPPED -- test_run_with_follow_fork in /home/kaiyaok2/PythonProjects/memray/tests/unit/test_cli.py: 416.93263363838196s cumulative, 0.1191558837890625s individual

Writing profile results into my_output
[memray] Successfully generated profile results.

You can now generate reports from the stored allocation records.
Some example commands to generate reports:

/usr/bin/python3 -m memray flamegraph my_output
.
current test PASSED/SKIPPED -- test_run_overwrite_output_file in /home/kaiyaok2/PythonProjects/memray/tests/unit/test_cli.py: 417.0529680252075s cumulative, 0.12033438682556152s individual

Writing profile results into memray-foobar.py.<MagicMock name='getpid()' id='140646024522544'>.bin
[memray] Successfully generated profile results.

You can now generate reports from the stored allocation records.
Some example commands to generate reports:

/usr/bin/python3 -m memray flamegraph memray-foobar.py.<MagicMock name='getpid()' id='140646024522544'>.bin
.
current test PASSED/SKIPPED -- test_run_file in /home/kaiyaok2/PythonProjects/memray/tests/unit/test_cli.py: 417.2070801258087s cumulative, 0.1541121006011963s individual

Writing profile results into memray-foobar.<MagicMock name='getpid()' id='140646024418240'>.bin
[memray] Successfully generated profile results.

You can now generate reports from the stored allocation records.
Some example commands to generate reports:

/usr/bin/python3 -m memray flamegraph memray-foobar.<MagicMock name='getpid()' id='140646024418240'>.bin
.
current test PASSED/SKIPPED -- test_run_module in /home/kaiyaok2/PythonProjects/memray/tests/unit/test_cli.py: 417.3651473522186s cumulative, 0.1580672264099121s individual

Run 'memray3.10 live 1234' in another shell to see live results
.
current test PASSED/SKIPPED -- test_run_with_trace_python_allocators_and_live_remote_mode in /home/kaiyaok2/PythonProjects/memray/tests/unit/test_cli.py: 417.4988622665405s cumulative, 0.13371491432189941s individual

Writing profile results into memray-foobar.0.bin
[memray] Successfully generated profile results.

You can now generate reports from the stored allocation records.
Some example commands to generate reports:

/usr/bin/python3 -m memray flamegraph memray-foobar.0.bin
.
current test PASSED/SKIPPED -- test_run_with_native_mode in /home/kaiyaok2/PythonProjects/memray/tests/unit/test_cli.py: 417.6269619464874s cumulative, 0.12809967994689941s individual

Writing profile results into memray-string.<MagicMock name='getpid()' id='140646024289136'>.bin
[memray] Successfully generated profile results.

You can now generate reports from the stored allocation records.
Some example commands to generate reports:

/usr/bin/python3 -m memray flamegraph memray-string.<MagicMock name='getpid()' id='140646024289136'>.bin
.
current test PASSED/SKIPPED -- test_run_cmd in /home/kaiyaok2/PythonProjects/memray/tests/unit/test_cli.py: 417.7353513240814s cumulative, 0.10838937759399414s individual

Writing profile results into ./directory/memray-foobar.py.0.bin
[memray] Successfully generated profile results.

You can now generate reports from the stored allocation records.
Some example commands to generate reports:

/usr/bin/python3 -m memray flamegraph ./directory/memray-foobar.py.0.bin
.
current test PASSED/SKIPPED -- test_run_relative_file in /home/kaiyaok2/PythonProjects/memray/tests/unit/test_cli.py: 417.83366870880127s cumulative, 0.09831738471984863s individual

Writing profile results into my_output
[memray] Successfully generated profile results.

You can now generate reports from the stored allocation records.
Some example commands to generate reports:

/usr/bin/python3 -m memray flamegraph my_output
.
current test PASSED/SKIPPED -- test_run_override_output in /home/kaiyaok2/PythonProjects/memray/tests/unit/test_cli.py: 417.9456236362457s cumulative, 0.11195492744445801s individual

Writing profile results into memray-foobar.0.bin
[memray] Successfully generated profile results.

You can now generate reports from the stored allocation records.
Some example commands to generate reports:

/usr/bin/python3 -m memray flamegraph memray-foobar.0.bin
.
current test PASSED/SKIPPED -- test_run_default_output in /home/kaiyaok2/PythonProjects/memray/tests/unit/test_cli.py: 418.04906153678894s cumulative, 0.10343790054321289s individual

Run 'memray3.10 live 1234' in another shell to see live results
.
current test PASSED/SKIPPED -- test_run_with_live_remote in /home/kaiyaok2/PythonProjects/memray/tests/unit/test_cli.py: 418.14326429367065s cumulative, 0.09420275688171387s individual

Writing profile results into memray-string.<MagicMock name='getpid()' id='140646025165600'>.bin
[memray] Successfully generated profile results.

You can now generate reports from the stored allocation records.
Some example commands to generate reports:

/usr/bin/python3 -m memray flamegraph memray-string.<MagicMock name='getpid()' id='140646025165600'>.bin
Writing profile results into memray-string.<MagicMock name='getpid()' id='140646025165600'>.bin
[memray] Successfully generated profile results.

You can now generate reports from the stored allocation records.
Some example commands to generate reports:

/usr/bin/python3 -m memray flamegraph memray-string.<MagicMock name='getpid()' id='140646025165600'>.bin
.
current test PASSED/SKIPPED -- test_run_cmd_is_validated in /home/kaiyaok2/PythonProjects/memray/tests/unit/test_cli.py: 418.3581347465515s cumulative, 0.21487045288085938s individual

F
current test FAILED -- test_run_with_live_and_trace_python_allocators in /home/kaiyaok2/PythonProjects/memray/tests/unit/test_cli.py: 424.339825630188s cumulative, 5.981690883636475s individual

F
current test FAILED -- test_run_with_live in /home/kaiyaok2/PythonProjects/memray/tests/unit/test_cli.py: 425.44875621795654s cumulative, 1.1089305877685547s individual

Run 'memray3.10 live 1111' in another shell to see live results
.
current test PASSED/SKIPPED -- test_run_with_live_remote_and_live_port in /home/kaiyaok2/PythonProjects/memray/tests/unit/test_cli.py: 425.58194637298584s cumulative, 0.13319015502929688s individual

Writing profile results into memray-foobar.0.bin
[memray] Successfully generated profile results.

You can now generate reports from the stored allocation records.
Some example commands to generate reports:

/usr/bin/python3 -m memray flamegraph memray-foobar.0.bin
.
current test PASSED/SKIPPED -- test_run_with_pymalloc_tracing in /home/kaiyaok2/PythonProjects/memray/tests/unit/test_cli.py: 425.74671626091003s cumulative, 0.16476988792419434s individual


integration/test_tracking.py .
current test PASSED/SKIPPED -- test_partial_munmap in /home/kaiyaok2/PythonProjects/memray/tests/integration/test_tracking.py: 427.26690196990967s cumulative, 1.5201857089996338s individual

.
current test PASSED/SKIPPED -- test_memory_snapshots_limit_when_reading in /home/kaiyaok2/PythonProjects/memray/tests/integration/test_tracking.py: 428.75139570236206s cumulative, 1.4844937324523926s individual

.
current test PASSED/SKIPPED -- test_temporary_allocations_when_filling_vector_without_preallocating in /home/kaiyaok2/PythonProjects/memray/tests/integration/test_tracking.py: 430.30434465408325s cumulative, 1.5529489517211914s individual


unit/test_highwatermark_command.py .
current test PASSED/SKIPPED -- test_generates_output_name_when_none in /home/kaiyaok2/PythonProjects/memray/tests/unit/test_highwatermark_command.py: 430.3387200832367s cumulative, 0.03437542915344238s individual

.
current test PASSED/SKIPPED -- test_succeeds_when_fallback_output_exists_but_can_overwrite in /home/kaiyaok2/PythonProjects/memray/tests/unit/test_highwatermark_command.py: 430.3710238933563s cumulative, 0.032303810119628906s individual

.
current test PASSED/SKIPPED -- test_fails_when_results_does_not_exist in /home/kaiyaok2/PythonProjects/memray/tests/unit/test_highwatermark_command.py: 430.41402983665466s cumulative, 0.043005943298339844s individual

.
current test PASSED/SKIPPED -- test_uses_output_name_as_given in /home/kaiyaok2/PythonProjects/memray/tests/unit/test_highwatermark_command.py: 430.47406578063965s cumulative, 0.06003594398498535s individual

.
current test PASSED/SKIPPED -- test_fails_when_fallback_output_exists in /home/kaiyaok2/PythonProjects/memray/tests/unit/test_highwatermark_command.py: 430.52283477783203s cumulative, 0.04876899719238281s individual

.
current test PASSED/SKIPPED -- test_succeeds_when_given_output_exists_but_can_overwrite in /home/kaiyaok2/PythonProjects/memray/tests/unit/test_highwatermark_command.py: 430.56814336776733s cumulative, 0.045308589935302734s individual

.
current test PASSED/SKIPPED -- test_fails_when_given_output_exists in /home/kaiyaok2/PythonProjects/memray/tests/unit/test_highwatermark_command.py: 430.609539270401s cumulative, 0.04139590263366699s individual

.
current test PASSED/SKIPPED -- test_uses_determine_output_filename_when_output_is_none in /home/kaiyaok2/PythonProjects/memray/tests/unit/test_highwatermark_command.py: 430.65459752082825s cumulative, 0.045058250427246094s individual


integration/test_main.py .
current test PASSED/SKIPPED -- test_run_override_output in /home/kaiyaok2/PythonProjects/memray/tests/integration/test_main.py: 433.41636323928833s cumulative, 2.761765718460083s individual

.
current test PASSED/SKIPPED -- test_sys_manipulations_when_running_script in /home/kaiyaok2/PythonProjects/memray/tests/integration/test_main.py: 436.1302583217621s cumulative, 2.713895082473755s individual

.
current test PASSED/SKIPPED -- test_run_overwrite_output_file in /home/kaiyaok2/PythonProjects/memray/tests/integration/test_main.py: 438.3257677555084s cumulative, 2.195509433746338s individual

.
current test PASSED/SKIPPED -- test_report_detects_missing_input in /home/kaiyaok2/PythonProjects/memray/tests/integration/test_main.py: 440.14139318466187s cumulative, 1.8156254291534424s individual


unit/test_tui_reporter.py .
current test PASSED/SKIPPED -- test_command_line_display in /home/kaiyaok2/PythonProjects/memray/tests/unit/test_tui_reporter.py: 442.7383134365082s cumulative, 2.5969202518463135s individual


integration/test_main.py .
current test PASSED/SKIPPED -- test_report_detects_corrupt_input in /home/kaiyaok2/PythonProjects/memray/tests/integration/test_main.py: 445.0576264858246s cumulative, 2.3193130493164062s individual

.
current test PASSED/SKIPPED -- test_live_tracking_invalid_port in /home/kaiyaok2/PythonProjects/memray/tests/integration/test_main.py: 446.5517358779907s cumulative, 1.4941093921661377s individual


integration/test_tracing.py .
current test PASSED/SKIPPED -- test_high_watermark_records_can_be_retrieved_twice in /home/kaiyaok2/PythonProjects/memray/tests/integration/test_tracing.py: 447.9675405025482s cumulative, 1.4158046245574951s individual


unit/test_tui_reporter.py .
current test PASSED/SKIPPED -- test_switching_threads in /home/kaiyaok2/PythonProjects/memray/tests/unit/test_tui_reporter.py: 462.145690202713s cumulative, 14.178149700164795s individual

.
current test PASSED/SKIPPED -- test_tui_pause in /home/kaiyaok2/PythonProjects/memray/tests/unit/test_tui_reporter.py: 467.5744581222534s cumulative, 5.428767919540405s individual


integration/test_tracing.py .
current test PASSED/SKIPPED -- test_large_number_of_frame_pops_between_subsequent_allocations in /home/kaiyaok2/PythonProjects/memray/tests/integration/test_tracing.py: 469.10676097869873s cumulative, 1.5323028564453125s individual

.
current test PASSED/SKIPPED -- test_records_can_be_retrieved_twice in /home/kaiyaok2/PythonProjects/memray/tests/integration/test_tracing.py: 470.5691900253296s cumulative, 1.4624290466308594s individual

.
current test PASSED/SKIPPED -- test_allocation_in_thread_started_before_tracking_starts in /home/kaiyaok2/PythonProjects/memray/tests/integration/test_tracing.py: 472.04462361335754s cumulative, 1.475433588027954s individual


integration/test_tracking.py .
current test PASSED/SKIPPED -- test_pymalloc_allocation_tracking_deactivated in /home/kaiyaok2/PythonProjects/memray/tests/integration/test_tracking.py: 473.294230222702s cumulative, 1.2496066093444824s individual

.
current test PASSED/SKIPPED -- test_simple_allocation_tracking in /home/kaiyaok2/PythonProjects/memray/tests/integration/test_tracking.py: 474.80261492729187s cumulative, 1.5083847045898438s individual

.
current test PASSED/SKIPPED -- test_simple_allocation_tracking in /home/kaiyaok2/PythonProjects/memray/tests/integration/test_tracking.py: 476.07680225372314s cumulative, 1.2741873264312744s individual

.
current test PASSED/SKIPPED -- test_allocations_that_are_freed_do_not_appear_as_leaks in /home/kaiyaok2/PythonProjects/memray/tests/integration/test_tracking.py: 477.4479694366455s cumulative, 1.3711671829223633s individual

.
current test PASSED/SKIPPED -- test_simple_allocation_tracking in /home/kaiyaok2/PythonProjects/memray/tests/integration/test_tracking.py: 478.7017855644226s cumulative, 1.2538161277770996s individual

.
current test PASSED/SKIPPED -- test_pymalloc_allocation_tracking_deactivated in /home/kaiyaok2/PythonProjects/memray/tests/integration/test_tracking.py: 479.92120122909546s cumulative, 1.2194156646728516s individual

.
current test PASSED/SKIPPED -- test_thread_allocations_multiple_threads in /home/kaiyaok2/PythonProjects/memray/tests/integration/test_tracking.py: 481.3255889415741s cumulative, 1.4043877124786377s individual

.
current test PASSED/SKIPPED -- test_pymalloc_allocation_tracking_deactivated in /home/kaiyaok2/PythonProjects/memray/tests/integration/test_tracking.py: 482.7211356163025s cumulative, 1.3955466747283936s individual

.
current test PASSED/SKIPPED -- test_leaks_that_happen_in_the_same_function_are_aggregated in /home/kaiyaok2/PythonProjects/memray/tests/integration/test_tracking.py: 484.18001341819763s cumulative, 1.4588778018951416s individual

.
current test PASSED/SKIPPED -- test_aggregation_same_python_stack_and_same_native_stack in /home/kaiyaok2/PythonProjects/memray/tests/integration/test_tracking.py: 485.30687975883484s cumulative, 1.126866340637207s individual

.
current test PASSED/SKIPPED -- test_simple_allocation_tracking in /home/kaiyaok2/PythonProjects/memray/tests/integration/test_tracking.py: 486.7840807437897s cumulative, 1.477200984954834s individual

.
current test PASSED/SKIPPED -- test_aggregation_same_python_stack_but_different_native_stack in /home/kaiyaok2/PythonProjects/memray/tests/integration/test_tracking.py: 488.5218737125397s cumulative, 1.73779296875s individual

.
current test PASSED/SKIPPED -- test_simple_allocation_tracking in /home/kaiyaok2/PythonProjects/memray/tests/integration/test_tracking.py: 490.4166977405548s cumulative, 1.8948240280151367s individual

.
current test PASSED/SKIPPED -- test_partial_munmap_multiple_split_in_middle in /home/kaiyaok2/PythonProjects/memray/tests/integration/test_tracking.py: 492.2237801551819s cumulative, 1.8070824146270752s individual


integration/test_main.py .
current test PASSED/SKIPPED -- test_tree_generated in /home/kaiyaok2/PythonProjects/memray/tests/integration/test_main.py: 502.13750433921814s cumulative, 9.913724184036255s individual


integration/test_tracing.py .
current test PASSED/SKIPPED -- test_thread_surviving_multiple_trackers_with_changing_callstack in /home/kaiyaok2/PythonProjects/memray/tests/integration/test_tracing.py: 505.4741611480713s cumulative, 3.3366568088531494s individual

.
current test PASSED/SKIPPED -- test_cython_frame_in_pre_existing_thread_stack_when_restarting_tracking in /home/kaiyaok2/PythonProjects/memray/tests/integration/test_tracing.py: 509.90236711502075s cumulative, 4.428205966949463s individual


unit/test_tui_reporter.py .
current test PASSED/SKIPPED -- test_header_with_no_snapshots in /home/kaiyaok2/PythonProjects/memray/tests/unit/test_tui_reporter.py: 513.2545948028564s cumulative, 3.3522276878356934s individual


integration/test_tracing.py .
current test PASSED/SKIPPED -- test_cython_traceback in /home/kaiyaok2/PythonProjects/memray/tests/integration/test_tracing.py: 514.6299922466278s cumulative, 1.3753974437713623s individual

.
current test PASSED/SKIPPED -- test_allocation_in_thread_after_unsetting_profile_function in /home/kaiyaok2/PythonProjects/memray/tests/integration/test_tracing.py: 516.1796844005585s cumulative, 1.549692153930664s individual


integration/test_native_tracking.py .
current test PASSED/SKIPPED -- test_hybrid_stack_in_pure_python_with_callbacks in /home/kaiyaok2/PythonProjects/memray/tests/integration/test_native_tracking.py: 517.7271378040314s cumulative, 1.5474534034729004s individual

.
current test PASSED/SKIPPED -- test_hybrid_stack_of_python_thread_starts_with_native_frames in /home/kaiyaok2/PythonProjects/memray/tests/integration/test_native_tracking.py: 519.1110153198242s cumulative, 1.3838775157928467s individual

.
current test PASSED/SKIPPED -- test_hybrid_stack_in_pure_python in /home/kaiyaok2/PythonProjects/memray/tests/integration/test_native_tracking.py: 520.418931722641s cumulative, 1.3079164028167725s individual


integration/test_tracing.py .
current test PASSED/SKIPPED -- test_allocation_in_thread_before_reacquiring_gil_after_tracking_starts in /home/kaiyaok2/PythonProjects/memray/tests/integration/test_tracing.py: 521.9623589515686s cumulative, 1.5434272289276123s individual

.
current test PASSED/SKIPPED -- test_traceback in /home/kaiyaok2/PythonProjects/memray/tests/integration/test_tracing.py: 523.4082200527191s cumulative, 1.4458611011505127s individual


unit/test_tree_reporter.py .
current test PASSED/SKIPPED -- test_hide_import_system_idempotency in /home/kaiyaok2/PythonProjects/memray/tests/unit/test_tree_reporter.py: 531.7709846496582s cumulative, 8.362764596939087s individual

.
current test PASSED/SKIPPED -- test_expand_linear_chain in /home/kaiyaok2/PythonProjects/memray/tests/unit/test_tree_reporter.py: 538.9078862667084s cumulative, 7.136901617050171s individual

.
current test PASSED/SKIPPED -- test_no_allocations in /home/kaiyaok2/PythonProjects/memray/tests/unit/test_tree_reporter.py: 540.42800116539s cumulative, 1.5201148986816406s individual

.
current test PASSED/SKIPPED -- test_allocations_of_different_sizes in /home/kaiyaok2/PythonProjects/memray/tests/unit/test_tree_reporter.py: 550.8637359142303s cumulative, 10.435734748840332s individual

.
current test PASSED/SKIPPED -- test_show_uninteresting in /home/kaiyaok2/PythonProjects/memray/tests/unit/test_tree_reporter.py: 557.5888376235962s cumulative, 6.725101709365845s individual

.
current test PASSED/SKIPPED -- test_uninteresting_leaves in /home/kaiyaok2/PythonProjects/memray/tests/unit/test_tree_reporter.py: 558.6434874534607s cumulative, 1.054649829864502s individual


unit/test_allocation_lifetime_aggregator.py .
current test PASSED/SKIPPED -- test_no_allocations_at_start in /home/kaiyaok2/PythonProjects/memray/tests/unit/test_allocation_lifetime_aggregator.py: 558.6622636318207s cumulative, 0.01877617835998535s individual

.
current test PASSED/SKIPPED -- test_range_freed_in_same_snapshot in /home/kaiyaok2/PythonProjects/memray/tests/unit/test_allocation_lifetime_aggregator.py: 558.677809715271s cumulative, 0.015546083450317383s individual

.
current test PASSED/SKIPPED -- test_split_then_leaked_range in /home/kaiyaok2/PythonProjects/memray/tests/unit/test_allocation_lifetime_aggregator.py: 558.6887607574463s cumulative, 0.010951042175292969s individual

.
current test PASSED/SKIPPED -- test_split_then_freed_range in /home/kaiyaok2/PythonProjects/memray/tests/unit/test_allocation_lifetime_aggregator.py: 558.6992297172546s cumulative, 0.01046895980834961s individual

.
current test PASSED/SKIPPED -- test_leaked_allocations_within_one_snapshot_are_aggregated in /home/kaiyaok2/PythonProjects/memray/tests/unit/test_allocation_lifetime_aggregator.py: 558.7100260257721s cumulative, 0.010796308517456055s individual

.
current test PASSED/SKIPPED -- test_freed_allocations_from_different_locations_are_not_aggregated in /home/kaiyaok2/PythonProjects/memray/tests/unit/test_allocation_lifetime_aggregator.py: 558.7211258411407s cumulative, 0.011099815368652344s individual

.
current test PASSED/SKIPPED -- test_shrunk_then_leaked_range in /home/kaiyaok2/PythonProjects/memray/tests/unit/test_allocation_lifetime_aggregator.py: 558.7301487922668s cumulative, 0.009022951126098633s individual

.
current test PASSED/SKIPPED -- test_allocations_made_and_freed_together_are_aggregated in /home/kaiyaok2/PythonProjects/memray/tests/unit/test_allocation_lifetime_aggregator.py: 558.7465834617615s cumulative, 0.016434669494628906s individual

.
current test PASSED/SKIPPED -- test_allocation_reported_when_leaked in /home/kaiyaok2/PythonProjects/memray/tests/unit/test_allocation_lifetime_aggregator.py: 558.7687196731567s cumulative, 0.022136211395263672s individual

.
current test PASSED/SKIPPED -- test_shrunk_then_freed_range in /home/kaiyaok2/PythonProjects/memray/tests/unit/test_allocation_lifetime_aggregator.py: 558.7930924892426s cumulative, 0.02437281608581543s individual

.
current test PASSED/SKIPPED -- test_allocation_reported_when_freed_within_different_snapshot in /home/kaiyaok2/PythonProjects/memray/tests/unit/test_allocation_lifetime_aggregator.py: 558.8161504268646s cumulative, 0.023057937622070312s individual

.
current test PASSED/SKIPPED -- test_range_freed_in_different_snapshot in /home/kaiyaok2/PythonProjects/memray/tests/unit/test_allocation_lifetime_aggregator.py: 558.8377094268799s cumulative, 0.02155900001525879s individual

.
current test PASSED/SKIPPED -- test_range_leaked in /home/kaiyaok2/PythonProjects/memray/tests/unit/test_allocation_lifetime_aggregator.py: 558.8638906478882s cumulative, 0.02618122100830078s individual

.
current test PASSED/SKIPPED -- test_allocations_from_same_location_and_snapshot_freed_in_different_snapshots in /home/kaiyaok2/PythonProjects/memray/tests/unit/test_allocation_lifetime_aggregator.py: 558.8895699977875s cumulative, 0.025679349899291992s individual

.
current test PASSED/SKIPPED -- test_multiple_snapshots_between_allocation_and_deallocation in /home/kaiyaok2/PythonProjects/memray/tests/unit/test_allocation_lifetime_aggregator.py: 558.9085011482239s cumulative, 0.018931150436401367s individual

.
current test PASSED/SKIPPED -- test_leaked_allocations_from_different_locations_are_not_aggregated in /home/kaiyaok2/PythonProjects/memray/tests/unit/test_allocation_lifetime_aggregator.py: 558.9304676055908s cumulative, 0.02196645736694336s individual

.
current test PASSED/SKIPPED -- test_two_leaked_allocations_from_one_location in /home/kaiyaok2/PythonProjects/memray/tests/unit/test_allocation_lifetime_aggregator.py: 558.9591903686523s cumulative, 0.028722763061523438s individual

.
current test PASSED/SKIPPED -- test_allocation_not_reported_when_freed_within_same_snapshot in /home/kaiyaok2/PythonProjects/memray/tests/unit/test_allocation_lifetime_aggregator.py: 558.985169172287s cumulative, 0.025978803634643555s individual

.
current test PASSED/SKIPPED -- test_allocations_from_same_location_and_different_snapshots_freed_in_one_snapshot in /home/kaiyaok2/PythonProjects/memray/tests/unit/test_allocation_lifetime_aggregator.py: 559.0058157444s cumulative, 0.02064657211303711s individual


integration/test_main.py .
current test PASSED/SKIPPED -- test_run_output_file_directory_does_not_exist in /home/kaiyaok2/PythonProjects/memray/tests/integration/test_main.py: 559.1330502033234s cumulative, 0.12723445892333984s individual


integration/test_native_tracking.py .
current test PASSED/SKIPPED -- test_hybrid_stack_in_a_thread in /home/kaiyaok2/PythonProjects/memray/tests/integration/test_native_tracking.py: 564.7001140117645s cumulative, 5.567063808441162s individual


integration/test_tracing.py .
current test PASSED/SKIPPED -- test_mmap in /home/kaiyaok2/PythonProjects/memray/tests/integration/test_tracing.py: 566.3164155483246s cumulative, 1.6163015365600586s individual


integration/test_main.py .
current test PASSED/SKIPPED -- test_report_detects_missing_input in /home/kaiyaok2/PythonProjects/memray/tests/integration/test_main.py: 568.0726449489594s cumulative, 1.7562294006347656s individual

.
current test PASSED/SKIPPED -- test_quiet in /home/kaiyaok2/PythonProjects/memray/tests/integration/test_main.py: 570.2214734554291s cumulative, 2.1488285064697266s individual


unit/test_tree_reporter.py .
current test PASSED/SKIPPED -- test_very_deep_call_is_limited in /home/kaiyaok2/PythonProjects/memray/tests/unit/test_tree_reporter.py: 598.0938713550568s cumulative, 27.872397899627686s individual


integration/test_tracing.py .
current test PASSED/SKIPPED -- test_num_records in /home/kaiyaok2/PythonProjects/memray/tests/integration/test_tracing.py: 600.5774719715118s cumulative, 2.483600616455078s individual

.
current test PASSED/SKIPPED -- test_traceback_iteration_does_not_depend_on_the_order_of_elements in /home/kaiyaok2/PythonProjects/memray/tests/integration/test_tracing.py: 602.4354476928711s cumulative, 1.857975721359253s individual


integration/test_main.py .
current test PASSED/SKIPPED -- test_report_detects_missing_input in /home/kaiyaok2/PythonProjects/memray/tests/integration/test_main.py: 604.2464776039124s cumulative, 1.8110299110412598s individual

.
current test PASSED/SKIPPED -- test_report_detects_corrupt_input in /home/kaiyaok2/PythonProjects/memray/tests/integration/test_main.py: 605.9811413288116s cumulative, 1.734663724899292s individual


integration/test_tracing.py .
current test PASSED/SKIPPED -- test_traceback_can_be_retrieved_twice in /home/kaiyaok2/PythonProjects/memray/tests/integration/test_tracing.py: 607.0002529621124s cumulative, 1.0191116333007812s individual


unit/test_tui_reporter.py .
current test PASSED/SKIPPED -- test_tui_basic in /home/kaiyaok2/PythonProjects/memray/tests/unit/test_tui_reporter.py: 609.8797075748444s cumulative, 2.8794546127319336s individual


integration/test_main.py .
current test PASSED/SKIPPED -- test_report_detects_corrupt_input in /home/kaiyaok2/PythonProjects/memray/tests/integration/test_main.py: 611.2215785980225s cumulative, 1.3418710231781006s individual

.
current test PASSED/SKIPPED -- test_sys_manipulations_when_running_cmd in /home/kaiyaok2/PythonProjects/memray/tests/integration/test_main.py: 612.4340379238129s cumulative, 1.2124593257904053s individual


test_utils.py .
current test PASSED/SKIPPED -- test_filters_based_on_addresses in /home/kaiyaok2/PythonProjects/memray/tests/test_utils.py: 612.4412140846252s cumulative, 0.00717616081237793s individual

.
current test PASSED/SKIPPED -- test_filters_for_valloc_and_free in /home/kaiyaok2/PythonProjects/memray/tests/test_utils.py: 612.4477889537811s cumulative, 0.006574869155883789s individual

.
current test PASSED/SKIPPED -- test_free_records_with_valid_addresses_that_dont_match_do_not_appear in /home/kaiyaok2/PythonProjects/memray/tests/test_utils.py: 612.4543213844299s cumulative, 0.006532430648803711s individual

.
current test PASSED/SKIPPED -- test_free_records_with_unmatched_addresses_do_not_appear in /home/kaiyaok2/PythonProjects/memray/tests/test_utils.py: 612.4606621265411s cumulative, 0.006340742111206055s individual

.
current test PASSED/SKIPPED -- test_equality in /home/kaiyaok2/PythonProjects/memray/tests/test_utils.py: 612.4671301841736s cumulative, 0.006468057632446289s individual

.
current test PASSED/SKIPPED -- test_holds_values_at_correct_names in /home/kaiyaok2/PythonProjects/memray/tests/test_utils.py: 612.4734783172607s cumulative, 0.006348133087158203s individual

.
current test PASSED/SKIPPED -- test_looks_like_AllocationRecord in /home/kaiyaok2/PythonProjects/memray/tests/test_utils.py: 612.4799506664276s cumulative, 0.006472349166870117s individual


unit/test_table_reporter.py .
current test PASSED/SKIPPED -- test_empty_stack_trace in /home/kaiyaok2/PythonProjects/memray/tests/unit/test_table_reporter.py: 612.4872329235077s cumulative, 0.007282257080078125s individual

.
current test PASSED/SKIPPED -- test_multiple_allocations in /home/kaiyaok2/PythonProjects/memray/tests/unit/test_table_reporter.py: 612.4943490028381s cumulative, 0.007116079330444336s individual

.
current test PASSED/SKIPPED -- test_single_native_allocation in /home/kaiyaok2/PythonProjects/memray/tests/unit/test_table_reporter.py: 612.5013859272003s cumulative, 0.007036924362182617s individual

.
current test PASSED/SKIPPED -- test_single_allocation in /home/kaiyaok2/PythonProjects/memray/tests/unit/test_table_reporter.py: 612.5083954334259s cumulative, 0.0070095062255859375s individual

.
current test PASSED/SKIPPED -- test_empty_report in /home/kaiyaok2/PythonProjects/memray/tests/unit/test_table_reporter.py: 612.5153427124023s cumulative, 0.00694727897644043s individual


integration/test_tracing.py [AllocationRecord<tid=0x1, address=0x7feab92d5000, size=1.000B, allocator=10, allocations=1>, AllocationRecord<tid=0x1, address=0x7feab8e8f000, size=1.000B, allocator=10, allocations=1>, AllocationRecord<tid=0x1, address=0x7feab92d5000, size=1.000B, allocator=11, allocations=1>, AllocationRecord<tid=0x1, address=0x7feab8e8f000, size=1.000B, allocator=11, allocations=1>]
.
current test PASSED/SKIPPED -- test_allocations_in_root_frame_have_correct_line_number in /home/kaiyaok2/PythonProjects/memray/tests/integration/test_tracing.py: 613.4296300411224s cumulative, 0.9142873287200928s individual


integration/test_tracking.py .
current test PASSED/SKIPPED -- test_get_header in /home/kaiyaok2/PythonProjects/memray/tests/integration/test_tracking.py: 614.1922540664673s cumulative, 0.7626240253448486s individual

.
current test PASSED/SKIPPED -- test_simple_allocation_tracking in /home/kaiyaok2/PythonProjects/memray/tests/integration/test_tracking.py: 614.9210906028748s cumulative, 0.7288365364074707s individual

.
current test PASSED/SKIPPED -- test_pthread_tracking in /home/kaiyaok2/PythonProjects/memray/tests/integration/test_tracking.py: 615.8262479305267s cumulative, 0.9051573276519775s individual

.
current test PASSED/SKIPPED -- test_munmap_multiple_mmaps in /home/kaiyaok2/PythonProjects/memray/tests/integration/test_tracking.py: 617.2033267021179s cumulative, 1.3770787715911865s individual

.
current test PASSED/SKIPPED -- test_non_freed_allocations_are_accounted_for in /home/kaiyaok2/PythonProjects/memray/tests/integration/test_tracking.py: 618.2342019081116s cumulative, 1.0308752059936523s individual

.
current test PASSED/SKIPPED -- test_simple_cpp_allocation_tracking in /home/kaiyaok2/PythonProjects/memray/tests/integration/test_tracking.py: 619.6271369457245s cumulative, 1.392935037612915s individual


integration/test_main.py .
current test PASSED/SKIPPED -- test_report_detects_missing_input in /home/kaiyaok2/PythonProjects/memray/tests/integration/test_main.py: 621.7284395694733s cumulative, 2.1013026237487793s individual

E
current test FAILED -- test_live_client_exits_properly_on_sigint_before_connecting in /home/kaiyaok2/PythonProjects/memray/tests/integration/test_main.py: 621.755761384964s cumulative, 0.027321815490722656s individual


integration/test_tracking.py .
current test PASSED/SKIPPED -- test_header_allocator in /home/kaiyaok2/PythonProjects/memray/tests/integration/test_tracking.py: 622.9565315246582s cumulative, 1.2007701396942139s individual

.
current test PASSED/SKIPPED -- test_tracking_with_SIGKILL in /home/kaiyaok2/PythonProjects/memray/tests/integration/test_tracking.py: 623.8844938278198s cumulative, 0.9279623031616211s individual


integration/test_api.py .
current test PASSED/SKIPPED -- test_file_destination in /home/kaiyaok2/PythonProjects/memray/tests/integration/test_api.py: 625.152129650116s cumulative, 1.2676358222961426s individual

.
current test PASSED/SKIPPED -- test_file_reader_as_context_manager in /home/kaiyaok2/PythonProjects/memray/tests/integration/test_api.py: 626.2758319377899s cumulative, 1.1237022876739502s individual


unit/test_reader.py .
current test PASSED/SKIPPED -- test_filereader_fails_to_open_file in /home/kaiyaok2/PythonProjects/memray/tests/unit/test_reader.py: 626.3085978031158s cumulative, 0.032765865325927734s individual


integration/test_socket.py E
current test FAILED -- test_single_allocation_snapshot in /home/kaiyaok2/PythonProjects/memray/tests/integration/test_socket.py: 626.333664894104s cumulative, 0.02506709098815918s individual

E
current test FAILED -- test_empty_snapshot_after_free in /home/kaiyaok2/PythonProjects/memray/tests/integration/test_socket.py: 626.3504099845886s cumulative, 0.01674509048461914s individual

E
current test FAILED -- test_multi_allocation_snapshot in /home/kaiyaok2/PythonProjects/memray/tests/integration/test_socket.py: 626.3708822727203s cumulative, 0.020472288131713867s individual

E
current test FAILED -- test_command_line in /home/kaiyaok2/PythonProjects/memray/tests/integration/test_socket.py: 626.3870964050293s cumulative, 0.01621413230895996s individual

E
current test FAILED -- test_get_current_snapshot_first_yield_after_context_raises in /home/kaiyaok2/PythonProjects/memray/tests/integration/test_socket.py: 626.4063031673431s cumulative, 0.019206762313842773s individual

E
current test FAILED -- test_get_current_snapshot_raises_after_context in /home/kaiyaok2/PythonProjects/memray/tests/integration/test_socket.py: 626.4297275543213s cumulative, 0.023424386978149414s individual


integration/test_extensions.py .
current test PASSED/SKIPPED -- test_hard_exit in /home/kaiyaok2/PythonProjects/memray/tests/integration/test_extensions.py: 627.0403060913086s cumulative, 0.6105785369873047s individual

.
current test PASSED/SKIPPED -- test_hard_exit in /home/kaiyaok2/PythonProjects/memray/tests/integration/test_extensions.py: 627.4630692005157s cumulative, 0.4227631092071533s individual


integration/test_socket.py E
current test FAILED -- test_get_is_active_after_context in /home/kaiyaok2/PythonProjects/memray/tests/integration/test_socket.py: 627.4751191139221s cumulative, 0.01204991340637207s individual

E
current test FAILED -- test_nested_context_is_diallowed in /home/kaiyaok2/PythonProjects/memray/tests/integration/test_socket.py: 627.4842321872711s cumulative, 0.009113073348999023s individual


unit/test_tui_reporter.py .
current test PASSED/SKIPPED -- test_tui_basic in /home/kaiyaok2/PythonProjects/memray/tests/unit/test_tui_reporter.py: 632.919282913208s cumulative, 5.43505072593689s individual


integration/test_main.py .
current test PASSED/SKIPPED -- test_run in /home/kaiyaok2/PythonProjects/memray/tests/integration/test_main.py: 633.8039267063141s cumulative, 0.8846437931060791s individual

.
current test PASSED/SKIPPED -- test_json_generated in /home/kaiyaok2/PythonProjects/memray/tests/integration/test_main.py: 635.5818076133728s cumulative, 1.7778809070587158s individual


integration/test_tracing.py .
current test PASSED/SKIPPED -- test_traceback_for_high_watermark_records_can_be_retrieved_twice in /home/kaiyaok2/PythonProjects/memray/tests/integration/test_tracing.py: 636.3423116207123s cumulative, 0.7605040073394775s individual


integration/test_processes.py [AllocationRecord<tid=0x1, address=0x55f95a06dca0, size=1.205KB, allocator=13, allocations=1>, AllocationRecord<tid=0x1, address=0x55f95a06dca0, size=N/A, allocator=15, allocations=1>, AllocationRecord<tid=0x1, address=0x55f95a06dca0, size=1.205KB, allocator=13, allocations=1>, AllocationRecord<tid=0x1, address=0x55f95a06dca0, size=N/A, allocator=15, allocations=1>, AllocationRecord<tid=0x1, address=0x55f95a06dca0, size=1.205KB, allocator=13, allocations=1>, AllocationRecord<tid=0x1, address=0x55f95a06dca0, size=N/A, allocator=15, allocations=1>, AllocationRecord<tid=0x1, address=0x55f95a06dca0, size=1.205KB, allocator=13, allocations=1>, AllocationRecord<tid=0x1, address=0x55f95a06dca0, size=N/A, allocator=15, allocations=1>, AllocationRecord<tid=0x1, address=0x55f95a06dca0, size=1.205KB, allocator=13, allocations=1>, AllocationRecord<tid=0x1, address=0x55f95a06dca0, size=N/A, allocator=15, allocations=1>, AllocationRecord<tid=0x1, address=0x55f95a06dca0, size=1.205KB, allocator=13, allocations=1>, AllocationRecord<tid=0x1, address=0x55f95a06dca0, size=N/A, allocator=15, allocations=1>, AllocationRecord<tid=0x1, address=0x55f95a06dca0, size=1.205KB, allocator=13, allocations=1>, AllocationRecord<tid=0x1, address=0x55f95a06dca0, size=N/A, allocator=15, allocations=1>, AllocationRecord<tid=0x1, address=0x55f95a06dca0, size=1.205KB, allocator=13, allocations=1>, AllocationRecord<tid=0x1, address=0x55f95a06dca0, size=N/A, allocator=15, allocations=1>, AllocationRecord<tid=0x1, address=0x55f95a06dca0, size=1.205KB, allocator=13, allocations=1>, AllocationRecord<tid=0x1, address=0x55f95a06dca0, size=N/A, allocator=15, allocations=1>, AllocationRecord<tid=0x1, address=0x55f95a06dca0, size=1.205KB, allocator=13, allocations=1>, AllocationRecord<tid=0x1, address=0x55f95a06dca0, size=N/A, allocator=15, allocations=1>]
.
current test PASSED/SKIPPED -- test_pymalloc_allocations_after_fork in /home/kaiyaok2/PythonProjects/memray/tests/integration/test_processes.py: 638.433051109314s cumulative, 2.0907394886016846s individual


unit/test_tree_reporter.py .
current test PASSED/SKIPPED -- test_show_uninteresting_and_hide_import_system in /home/kaiyaok2/PythonProjects/memray/tests/unit/test_tree_reporter.py: 640.3754308223724s cumulative, 1.9423797130584717s individual


unit/test_flamegraph_reporter.py .
current test PASSED/SKIPPED -- test_sanity_check_with_real_allocations in /home/kaiyaok2/PythonProjects/memray/tests/unit/test_flamegraph_reporter.py: 640.9988822937012s cumulative, 0.6234514713287354s individual


integration/test_threads.py .
current test PASSED/SKIPPED -- test_thread_name in /home/kaiyaok2/PythonProjects/memray/tests/integration/test_threads.py: 641.6256282329559s cumulative, 0.6267459392547607s individual


unit/test_flamegraph_reporter.py .
current test PASSED/SKIPPED -- test_works_with_multiple_stacks_from_same_caller_two_frames_above in /home/kaiyaok2/PythonProjects/memray/tests/unit/test_flamegraph_reporter.py: 641.6380307674408s cumulative, 0.012402534484863281s individual

.
current test PASSED/SKIPPED -- test_inverted_works_with_merged_threads in /home/kaiyaok2/PythonProjects/memray/tests/unit/test_flamegraph_reporter.py: 641.646454334259s cumulative, 0.008423566818237305s individual

.
current test PASSED/SKIPPED -- test_inverted_works_with_multiple_top_level_nodes_with_merge in /home/kaiyaok2/PythonProjects/memray/tests/unit/test_flamegraph_reporter.py: 641.6556830406189s cumulative, 0.009228706359863281s individual

.
current test PASSED/SKIPPED -- test_single_importlib_frame_is_detected in /home/kaiyaok2/PythonProjects/memray/tests/unit/test_flamegraph_reporter.py: 641.6629903316498s cumulative, 0.007307291030883789s individual

.
current test PASSED/SKIPPED -- test_works_with_multiple_top_level_nodes in /home/kaiyaok2/PythonProjects/memray/tests/unit/test_flamegraph_reporter.py: 641.6711447238922s cumulative, 0.00815439224243164s individual

.
current test PASSED/SKIPPED -- test_works_with_merged_threads in /home/kaiyaok2/PythonProjects/memray/tests/unit/test_flamegraph_reporter.py: 641.6786861419678s cumulative, 0.0075414180755615234s individual

.
current test PASSED/SKIPPED -- test_inverted_importlib_full_stack_is_detected in /home/kaiyaok2/PythonProjects/memray/tests/unit/test_flamegraph_reporter.py: 641.6877281665802s cumulative, 0.009042024612426758s individual

.
current test PASSED/SKIPPED -- test_drops_cpython_frames in /home/kaiyaok2/PythonProjects/memray/tests/unit/test_flamegraph_reporter.py: 641.696718454361s cumulative, 0.008990287780761719s individual

.
current test PASSED/SKIPPED -- test_inverted_works_with_single_call in /home/kaiyaok2/PythonProjects/memray/tests/unit/test_flamegraph_reporter.py: 641.7086563110352s cumulative, 0.011937856674194336s individual

.
current test PASSED/SKIPPED -- test_inverted_works_with_one_top_level_node in /home/kaiyaok2/PythonProjects/memray/tests/unit/test_flamegraph_reporter.py: 641.7170457839966s cumulative, 0.008389472961425781s individual

.
current test PASSED/SKIPPED -- test_inverted_uses_hybrid_stack_for_native_traces in /home/kaiyaok2/PythonProjects/memray/tests/unit/test_flamegraph_reporter.py: 641.7293183803558s cumulative, 0.01227259635925293s individual

.
current test PASSED/SKIPPED -- test_two_branches_first_is_importlib in /home/kaiyaok2/PythonProjects/memray/tests/unit/test_flamegraph_reporter.py: 641.7398309707642s cumulative, 0.010512590408325195s individual

.
current test PASSED/SKIPPED -- test_inverted_two_branches_both_are_importlib in /home/kaiyaok2/PythonProjects/memray/tests/unit/test_flamegraph_reporter.py: 641.7504251003265s cumulative, 0.01059412956237793s individual

.
current test PASSED/SKIPPED -- test_uses_hybrid_stack_for_native_traces in /home/kaiyaok2/PythonProjects/memray/tests/unit/test_flamegraph_reporter.py: 641.7599854469299s cumulative, 0.009560346603393555s individual

.
current test PASSED/SKIPPED -- test_works_with_recursive_calls in /home/kaiyaok2/PythonProjects/memray/tests/unit/test_flamegraph_reporter.py: 641.7727172374725s cumulative, 0.012731790542602539s individual

.
current test PASSED/SKIPPED -- test_works_with_single_call in /home/kaiyaok2/PythonProjects/memray/tests/unit/test_flamegraph_reporter.py: 641.7822892665863s cumulative, 0.009572029113769531s individual

.
current test PASSED/SKIPPED -- test_importlib_partial_stack_is_detected in /home/kaiyaok2/PythonProjects/memray/tests/unit/test_flamegraph_reporter.py: 641.7919828891754s cumulative, 0.009693622589111328s individual

.
current test PASSED/SKIPPED -- test_works_with_split_threads in /home/kaiyaok2/PythonProjects/memray/tests/unit/test_flamegraph_reporter.py: 641.7999022006989s cumulative, 0.0079193115234375s individual

.
current test PASSED/SKIPPED -- test_importlib_full_stack_is_detected in /home/kaiyaok2/PythonProjects/memray/tests/unit/test_flamegraph_reporter.py: 641.8087494373322s cumulative, 0.008847236633300781s individual

.
current test PASSED/SKIPPED -- test_works_with_no_allocations in /home/kaiyaok2/PythonProjects/memray/tests/unit/test_flamegraph_reporter.py: 641.8158185482025s cumulative, 0.007069110870361328s individual

.
current test PASSED/SKIPPED -- test_inverted_importlib_partial_stack_is_detected in /home/kaiyaok2/PythonProjects/memray/tests/unit/test_flamegraph_reporter.py: 641.8270568847656s cumulative, 0.011238336563110352s individual

.
current test PASSED/SKIPPED -- test_inverted_two_branches_first_is_importlib in /home/kaiyaok2/PythonProjects/memray/tests/unit/test_flamegraph_reporter.py: 641.8414647579193s cumulative, 0.014407873153686523s individual

.
current test PASSED/SKIPPED -- test_two_branches_both_are_importlib in /home/kaiyaok2/PythonProjects/memray/tests/unit/test_flamegraph_reporter.py: 641.851859331131s cumulative, 0.010394573211669922s individual

.
current test PASSED/SKIPPED -- test_inverted_works_with_multiple_stacks_from_same_caller_two_frames_above in /home/kaiyaok2/PythonProjects/memray/tests/unit/test_flamegraph_reporter.py: 641.8684964179993s cumulative, 0.016637086868286133s individual

.
current test PASSED/SKIPPED -- test_inverted_works_with_recursive_calls in /home/kaiyaok2/PythonProjects/memray/tests/unit/test_flamegraph_reporter.py: 641.8867411613464s cumulative, 0.01824474334716797s individual

.
current test PASSED/SKIPPED -- test_inverted_works_with_split_threads in /home/kaiyaok2/PythonProjects/memray/tests/unit/test_flamegraph_reporter.py: 641.896703004837s cumulative, 0.009961843490600586s individual

.
current test PASSED/SKIPPED -- test_inverted_single_importlib_frame_is_detected in /home/kaiyaok2/PythonProjects/memray/tests/unit/test_flamegraph_reporter.py: 641.9040100574493s cumulative, 0.0073070526123046875s individual

.
current test PASSED/SKIPPED -- test_two_branches_second_is_importlib in /home/kaiyaok2/PythonProjects/memray/tests/unit/test_flamegraph_reporter.py: 641.9144299030304s cumulative, 0.010419845581054688s individual

.
current test PASSED/SKIPPED -- test_works_with_multiple_stacks_from_same_caller in /home/kaiyaok2/PythonProjects/memray/tests/unit/test_flamegraph_reporter.py: 641.9248678684235s cumulative, 0.010437965393066406s individual

.
current test PASSED/SKIPPED -- test_inverted_works_with_no_allocations in /home/kaiyaok2/PythonProjects/memray/tests/unit/test_flamegraph_reporter.py: 641.9320781230927s cumulative, 0.007210254669189453s individual

.
current test PASSED/SKIPPED -- test_inverted_two_branches_second_is_importlib in /home/kaiyaok2/PythonProjects/memray/tests/unit/test_flamegraph_reporter.py: 641.9828054904938s cumulative, 0.05072736740112305s individual

.
current test PASSED/SKIPPED -- test_inverted_drops_cpython_frames in /home/kaiyaok2/PythonProjects/memray/tests/unit/test_flamegraph_reporter.py: 642.0198771953583s cumulative, 0.03707170486450195s individual


integration/test_tracing.py .
current test PASSED/SKIPPED -- test_equal_stack_traces_compare_equal in /home/kaiyaok2/PythonProjects/memray/tests/integration/test_tracing.py: 642.9114632606506s cumulative, 0.8915860652923584s individual


integration/test_processes.py .
current test PASSED/SKIPPED -- test_stack_cleanup_after_fork in /home/kaiyaok2/PythonProjects/memray/tests/integration/test_processes.py: 653.719212770462s cumulative, 10.807749509811401s individual


integration/test_extensions.py .
current test PASSED/SKIPPED -- test_multithreaded_extension in /home/kaiyaok2/PythonProjects/memray/tests/integration/test_extensions.py: 658.4012641906738s cumulative, 4.682051420211792s individual


integration/test_main.py .
current test PASSED/SKIPPED -- test_summary_generated in /home/kaiyaok2/PythonProjects/memray/tests/integration/test_main.py: 661.9431300163269s cumulative, 3.541865825653076s individual

.
current test PASSED/SKIPPED -- test_reads_from_correct_file in /home/kaiyaok2/PythonProjects/memray/tests/integration/test_main.py: 664.5699450969696s cumulative, 2.6268150806427s individual


unit/test_tree_reporter.py .
current test PASSED/SKIPPED -- test_biggest_allocations in /home/kaiyaok2/PythonProjects/memray/tests/unit/test_tree_reporter.py: 667.8011829853058s cumulative, 3.2312378883361816s individual


integration/test_native_tracking.py .
current test PASSED/SKIPPED -- test_multithreaded_extension_with_native_tracking in /home/kaiyaok2/PythonProjects/memray/tests/integration/test_native_tracking.py: 703.2212529182434s cumulative, 35.42006993293762s individual


integration/test_main.py .
current test PASSED/SKIPPED -- test_report_leaks_argument in /home/kaiyaok2/PythonProjects/memray/tests/integration/test_main.py: 725.6367101669312s cumulative, 22.415457248687744s individual

.
current test PASSED/SKIPPED -- test_report_temporary_allocations_argument in /home/kaiyaok2/PythonProjects/memray/tests/integration/test_main.py: 733.3632318973541s cumulative, 7.726521730422974s individual


integration/test_tracing.py .
current test PASSED/SKIPPED -- test_identical_stack_traces_started_in_different_lines_in_the_root_do_not_compare_equal in /home/kaiyaok2/PythonProjects/memray/tests/integration/test_tracing.py: 734.2055683135986s cumulative, 0.8423364162445068s individual

.
current test PASSED/SKIPPED -- test_cython_frame_in_pre_existing_thread_stack in /home/kaiyaok2/PythonProjects/memray/tests/integration/test_tracing.py: 735.218257188797s cumulative, 1.0126888751983643s individual


integration/test_main.py .
current test PASSED/SKIPPED -- test_leaks_with_pymalloc_warning in /home/kaiyaok2/PythonProjects/memray/tests/integration/test_main.py: 737.5295071601868s cumulative, 2.3112499713897705s individual

.
current test PASSED/SKIPPED -- test_writes_to_correct_file in /home/kaiyaok2/PythonProjects/memray/tests/integration/test_main.py: 740.2751214504242s cumulative, 2.7456142902374268s individual

.
current test PASSED/SKIPPED -- test_temporary_allocations_tree in /home/kaiyaok2/PythonProjects/memray/tests/integration/test_main.py: 743.7600758075714s cumulative, 3.484954357147217s individual


unit/test_tui_reporter.py .
current test PASSED/SKIPPED -- test_command_line_display in /home/kaiyaok2/PythonProjects/memray/tests/unit/test_tui_reporter.py: 745.8388023376465s cumulative, 2.0787265300750732s individual


unit/test_tree_reporter.py .
current test PASSED/SKIPPED -- test_basic in /home/kaiyaok2/PythonProjects/memray/tests/unit/test_tree_reporter.py: 747.2267904281616s cumulative, 1.3879880905151367s individual

.
current test PASSED/SKIPPED -- test_only_biggest_chain_is_expanded in /home/kaiyaok2/PythonProjects/memray/tests/unit/test_tree_reporter.py: 747.9697289466858s cumulative, 0.7429385185241699s individual


unit/test_flamegraph_reporter.py .
current test PASSED/SKIPPED -- test_inverted_very_deep_call_is_limited in /home/kaiyaok2/PythonProjects/memray/tests/unit/test_flamegraph_reporter.py: 750.1909217834473s cumulative, 2.2211928367614746s individual


unit/test_tree_reporter.py .
current test PASSED/SKIPPED -- test_basic_node_selected_not_leaf in /home/kaiyaok2/PythonProjects/memray/tests/unit/test_tree_reporter.py: 752.4285755157471s cumulative, 2.2376537322998047s individual

.
current test PASSED/SKIPPED -- test_select_screen in /home/kaiyaok2/PythonProjects/memray/tests/unit/test_tree_reporter.py: 755.8282122612s cumulative, 3.399636745452881s individual


integration/test_extensions.py .
current test PASSED/SKIPPED -- test_extension_that_uses_pygilstate_ensure in /home/kaiyaok2/PythonProjects/memray/tests/integration/test_extensions.py: 760.88538813591s cumulative, 5.057175874710083s individual


integration/test_processes.py .
current test PASSED/SKIPPED -- test_allocations_with_multiprocessing in /home/kaiyaok2/PythonProjects/memray/tests/integration/test_processes.py: 762.4449319839478s cumulative, 1.5595438480377197s individual


integration/test_main.py .
current test PASSED/SKIPPED -- test_report_leaks_argument in /home/kaiyaok2/PythonProjects/memray/tests/integration/test_main.py: 764.7716331481934s cumulative, 2.3267011642456055s individual

.
current test PASSED/SKIPPED -- test_error_when_stdout_is_a_tty in /home/kaiyaok2/PythonProjects/memray/tests/integration/test_main.py: 766.4744782447815s cumulative, 1.7028450965881348s individual

.
current test PASSED/SKIPPED -- test_report_detects_corrupt_input in /home/kaiyaok2/PythonProjects/memray/tests/integration/test_main.py: 767.3132891654968s cumulative, 0.838810920715332s individual

.
current test PASSED/SKIPPED -- test_report_generated in /home/kaiyaok2/PythonProjects/memray/tests/integration/test_main.py: 770.1978526115417s cumulative, 2.884563446044922s individual

.
current test PASSED/SKIPPED -- test_json_generated_to_pretty_file_name in /home/kaiyaok2/PythonProjects/memray/tests/integration/test_main.py: 772.2159280776978s cumulative, 2.018075466156006s individual

.
current test PASSED/SKIPPED -- test_json_overwrites_existing_known_file in /home/kaiyaok2/PythonProjects/memray/tests/integration/test_main.py: 774.4707071781158s cumulative, 2.254779100418091s individual

.
current test PASSED/SKIPPED -- test_report_detects_missing_input in /home/kaiyaok2/PythonProjects/memray/tests/integration/test_main.py: 775.862879037857s cumulative, 1.392171859741211s individual

.
current test PASSED/SKIPPED -- test_run_file_with_args in /home/kaiyaok2/PythonProjects/memray/tests/integration/test_main.py: 777.0184187889099s cumulative, 1.1555397510528564s individual

.
current test PASSED/SKIPPED -- test_run_live_tracking_invalid_port in /home/kaiyaok2/PythonProjects/memray/tests/integration/test_main.py: 778.5805168151855s cumulative, 1.5620980262756348s individual


integration/test_ipython.py [0;31m---------------------------------------------------------------------------[0m
[0;31mZeroDivisionError[0m                         Traceback (most recent call last)
Cell [0;32mIn[1], line 9[0m
[1;32m      2[0m [38;5;28;01mwith[39;00m Tracker(
[1;32m      3[0m     [38;5;124m"[39m[38;5;124mmemray-results/tmphi5hbpgr/memray.dump[39m[38;5;124m"[39m,
[1;32m      4[0m     native_traces[38;5;241m=[39m[38;5;28;01mFalse[39;00m,
[1;32m      5[0m     trace_python_allocators[38;5;241m=[39m[38;5;28;01mFalse[39;00m,
[1;32m      6[0m     follow_fork[38;5;241m=[39m[38;5;28;01mFalse[39;00m,
[1;32m      7[0m ) [38;5;28;01mas[39;00m tracker:
[1;32m      8[0m     x [38;5;241m=[39m [38;5;124m"[39m[38;5;124ma[39m[38;5;124m"[39m [38;5;241m*[39m [38;5;241m10000[39m
[0;32m----> 9[0m     [38;5;241;43m1[39;49m[38;5;241;43m/[39;49m[38;5;241;43m0[39;49m

[0;31mZeroDivisionError[0m: division by zero


Results saved to memray-results/tmphi5hbpgr/flamegraph.html
.
current test PASSED/SKIPPED -- test_exception_while_ipython_profiling in /home/kaiyaok2/PythonProjects/memray/tests/integration/test_ipython.py: 788.1782464981079s cumulative, 9.597729682922363s individual


unit/test_tree_reporter.py .
current test PASSED/SKIPPED -- test_hide_import_system in /home/kaiyaok2/PythonProjects/memray/tests/unit/test_tree_reporter.py: 790.1968626976013s cumulative, 2.018616199493408s individual


integration/test_tracking.py .
current test PASSED/SKIPPED -- test_simple_allocation_tracking in /home/kaiyaok2/PythonProjects/memray/tests/integration/test_tracking.py: 791.3493413925171s cumulative, 1.1524786949157715s individual

.
current test PASSED/SKIPPED -- test_simple_pymalloc_allocation_tracking in /home/kaiyaok2/PythonProjects/memray/tests/integration/test_tracking.py: 792.2874794006348s cumulative, 0.9381380081176758s individual

.
current test PASSED/SKIPPED -- test_leaks_that_happen_in_different_lines in /home/kaiyaok2/PythonProjects/memray/tests/integration/test_tracking.py: 793.1041617393494s cumulative, 0.8166823387145996s individual

.
current test PASSED/SKIPPED -- test_freed_before_high_watermark_do_not_appear in /home/kaiyaok2/PythonProjects/memray/tests/integration/test_tracking.py: 794.2190358638763s cumulative, 1.1148741245269775s individual

.
current test PASSED/SKIPPED -- test_freed_after_high_watermark_do_not_appear in /home/kaiyaok2/PythonProjects/memray/tests/integration/test_tracking.py: 795.6857035160065s cumulative, 1.466667652130127s individual

.
current test PASSED/SKIPPED -- test_allocations_aggregation_on_different_lines in /home/kaiyaok2/PythonProjects/memray/tests/integration/test_tracking.py: 796.7600736618042s cumulative, 1.0743701457977295s individual


integration/test_processes.py .
current test PASSED/SKIPPED -- test_allocations_with_multiprocessing_following_fork in /home/kaiyaok2/PythonProjects/memray/tests/integration/test_processes.py: 800.6940138339996s cumulative, 3.9339401721954346s individual


integration/test_native_tracking.py .
current test PASSED/SKIPPED -- test_native_tracing_header in /home/kaiyaok2/PythonProjects/memray/tests/integration/test_native_tracking.py: 802.2058930397034s cumulative, 1.5118792057037354s individual


integration/test_main.py .
current test PASSED/SKIPPED -- test_temporary_allocations_summary in /home/kaiyaok2/PythonProjects/memray/tests/integration/test_main.py: 806.4591658115387s cumulative, 4.253272771835327s individual

.
current test PASSED/SKIPPED -- test_live_tracking_waits_for_client in /home/kaiyaok2/PythonProjects/memray/tests/integration/test_main.py: 807.9254627227783s cumulative, 1.466296911239624s individual

.
current test PASSED/SKIPPED -- test_no_split_threads in /home/kaiyaok2/PythonProjects/memray/tests/integration/test_main.py: 809.3535673618317s cumulative, 1.4281046390533447s individual



==================================== ERRORS ====================================
_ ERROR at setup of TestSocketReaderAccess.test_reading_allocations_while_reading_stack_traces _
file /home/kaiyaok2/PythonProjects/memray/tests/integration/test_socket.py, line 361
      @pytest.mark.valgrind
      def test_reading_allocations_while_reading_stack_traces(
E       fixture 'free_port' not found
>       available fixtures: _cookiecutter_config_file, anyio_backend, anyio_backend_name, anyio_backend_options, cache, capfd, capfdbinary, caplog, capsys, capsysbinary, class_mocker, cookies, cookies_session, cov, doctest_namespace, mocker, module_mocker, monkeypatch, no_cover, package_mocker, pytestconfig, qapp, qapp_args, qapp_cls, qtbot, qtlog, qtmodeltester, record_property, record_testsuite_property, record_xml_attribute, recwarn, run_around_tests, session_mocker, snap_compare, snapshot, testrun_uid, tmp_path, tmp_path_factory, tmpdir, tmpdir_factory, worker_id
>       use 'pytest --fixtures [testpath]' for help on them.

/home/kaiyaok2/PythonProjects/memray/tests/integration/test_socket.py:361
________ ERROR at setup of TestLiveRemoteSubcommand.test_live_tracking _________
file /home/kaiyaok2/PythonProjects/memray/tests/integration/test_main.py, line 1285
      def test_live_tracking(self, tmp_path, simple_test_file, free_port):
E       fixture 'free_port' not found
>       available fixtures: _cookiecutter_config_file, anyio_backend, anyio_backend_name, anyio_backend_options, cache, capfd, capfdbinary, caplog, capsys, capsysbinary, class_mocker, cookies, cookies_session, cov, doctest_namespace, mocker, module_mocker, monkeypatch, no_cover, package_mocker, pytestconfig, qapp, qapp_args, qapp_cls, qtbot, qtlog, qtmodeltester, record_property, record_testsuite_property, record_xml_attribute, recwarn, run_around_tests, session_mocker, simple_test_file, snap_compare, snapshot, test_file_returns_from_fork, testrun_uid, tmp_path, tmp_path_factory, tmpdir, tmpdir_factory, worker_id
>       use 'pytest --fixtures [testpath]' for help on them.

/home/kaiyaok2/PythonProjects/memray/tests/integration/test_main.py:1285
_ ERROR at setup of TestSocketReaderErrorHandling.test_get_current_snapshot_raises_before_context _
file /home/kaiyaok2/PythonProjects/memray/tests/integration/test_socket.py, line 146
      @pytest.mark.valgrind
      def test_get_current_snapshot_raises_before_context(self, free_port: int) -> None:
E       fixture 'free_port' not found
>       available fixtures: _cookiecutter_config_file, anyio_backend, anyio_backend_name, anyio_backend_options, cache, capfd, capfdbinary, caplog, capsys, capsysbinary, class_mocker, cookies, cookies_session, cov, doctest_namespace, mocker, module_mocker, monkeypatch, no_cover, package_mocker, pytestconfig, qapp, qapp_args, qapp_cls, qtbot, qtlog, qtmodeltester, record_property, record_testsuite_property, record_xml_attribute, recwarn, run_around_tests, session_mocker, snap_compare, snapshot, testrun_uid, tmp_path, tmp_path_factory, tmpdir, tmpdir_factory, worker_id
>       use 'pytest --fixtures [testpath]' for help on them.

/home/kaiyaok2/PythonProjects/memray/tests/integration/test_socket.py:146
_ ERROR at setup of TestSocketReaderAccess.test_multiple_context_entries_does_not_crash _
file /home/kaiyaok2/PythonProjects/memray/tests/integration/test_socket.py, line 311
      @pytest.mark.valgrind
      def test_multiple_context_entries_does_not_crash(
E       fixture 'free_port' not found
>       available fixtures: _cookiecutter_config_file, anyio_backend, anyio_backend_name, anyio_backend_options, cache, capfd, capfdbinary, caplog, capsys, capsysbinary, class_mocker, cookies, cookies_session, cov, doctest_namespace, mocker, module_mocker, monkeypatch, no_cover, package_mocker, pytestconfig, qapp, qapp_args, qapp_cls, qtbot, qtlog, qtmodeltester, record_property, record_testsuite_property, record_xml_attribute, recwarn, run_around_tests, session_mocker, snap_compare, snapshot, testrun_uid, tmp_path, tmp_path_factory, tmpdir, tmpdir_factory, worker_id
>       use 'pytest --fixtures [testpath]' for help on them.

/home/kaiyaok2/PythonProjects/memray/tests/integration/test_socket.py:311
_ ERROR at setup of TestLiveRemoteSubcommand.test_live_tracking_server_when_client_disconnects _
file /home/kaiyaok2/PythonProjects/memray/tests/integration/test_main.py, line 1402
      def test_live_tracking_server_when_client_disconnects(self, free_port, tmp_path):
E       fixture 'free_port' not found
>       available fixtures: _cookiecutter_config_file, anyio_backend, anyio_backend_name, anyio_backend_options, cache, capfd, capfdbinary, caplog, capsys, capsysbinary, class_mocker, cookies, cookies_session, cov, doctest_namespace, mocker, module_mocker, monkeypatch, no_cover, package_mocker, pytestconfig, qapp, qapp_args, qapp_cls, qtbot, qtlog, qtmodeltester, record_property, record_testsuite_property, record_xml_attribute, recwarn, run_around_tests, session_mocker, simple_test_file, snap_compare, snapshot, test_file_returns_from_fork, testrun_uid, tmp_path, tmp_path_factory, tmpdir, tmpdir_factory, worker_id
>       use 'pytest --fixtures [testpath]' for help on them.

/home/kaiyaok2/PythonProjects/memray/tests/integration/test_main.py:1402
_ ERROR at setup of TestLiveRemoteSubcommand.test_live_client_exits_properly_on_sigint_before_connecting _
file /home/kaiyaok2/PythonProjects/memray/tests/integration/test_main.py, line 1494
      def test_live_client_exits_properly_on_sigint_before_connecting(self, free_port):
E       fixture 'free_port' not found
>       available fixtures: _cookiecutter_config_file, anyio_backend, anyio_backend_name, anyio_backend_options, cache, capfd, capfdbinary, caplog, capsys, capsysbinary, class_mocker, cookies, cookies_session, cov, doctest_namespace, mocker, module_mocker, monkeypatch, no_cover, package_mocker, pytestconfig, qapp, qapp_args, qapp_cls, qtbot, qtlog, qtmodeltester, record_property, record_testsuite_property, record_xml_attribute, recwarn, run_around_tests, session_mocker, simple_test_file, snap_compare, snapshot, test_file_returns_from_fork, testrun_uid, tmp_path, tmp_path_factory, tmpdir, tmpdir_factory, worker_id
>       use 'pytest --fixtures [testpath]' for help on them.

/home/kaiyaok2/PythonProjects/memray/tests/integration/test_main.py:1494
___ ERROR at setup of TestSocketReaderAccess.test_single_allocation_snapshot ___
file /home/kaiyaok2/PythonProjects/memray/tests/integration/test_socket.py, line 255
      @pytest.mark.valgrind
      def test_single_allocation_snapshot(self, free_port: int, tmp_path: Path) -> None:
E       fixture 'free_port' not found
>       available fixtures: _cookiecutter_config_file, anyio_backend, anyio_backend_name, anyio_backend_options, cache, capfd, capfdbinary, caplog, capsys, capsysbinary, class_mocker, cookies, cookies_session, cov, doctest_namespace, mocker, module_mocker, monkeypatch, no_cover, package_mocker, pytestconfig, qapp, qapp_args, qapp_cls, qtbot, qtlog, qtmodeltester, record_property, record_testsuite_property, record_xml_attribute, recwarn, run_around_tests, session_mocker, snap_compare, snapshot, testrun_uid, tmp_path, tmp_path_factory, tmpdir, tmpdir_factory, worker_id
>       use 'pytest --fixtures [testpath]' for help on them.

/home/kaiyaok2/PythonProjects/memray/tests/integration/test_socket.py:255
___ ERROR at setup of TestSocketReaderAccess.test_empty_snapshot_after_free ____
file /home/kaiyaok2/PythonProjects/memray/tests/integration/test_socket.py, line 236
      @pytest.mark.valgrind
      def test_empty_snapshot_after_free(self, free_port: int, tmp_path: Path) -> None:
E       fixture 'free_port' not found
>       available fixtures: _cookiecutter_config_file, anyio_backend, anyio_backend_name, anyio_backend_options, cache, capfd, capfdbinary, caplog, capsys, capsysbinary, class_mocker, cookies, cookies_session, cov, doctest_namespace, mocker, module_mocker, monkeypatch, no_cover, package_mocker, pytestconfig, qapp, qapp_args, qapp_cls, qtbot, qtlog, qtmodeltester, record_property, record_testsuite_property, record_xml_attribute, recwarn, run_around_tests, session_mocker, snap_compare, snapshot, testrun_uid, tmp_path, tmp_path_factory, tmpdir, tmpdir_factory, worker_id
>       use 'pytest --fixtures [testpath]' for help on them.

/home/kaiyaok2/PythonProjects/memray/tests/integration/test_socket.py:236
___ ERROR at setup of TestSocketReaderAccess.test_multi_allocation_snapshot ____
file /home/kaiyaok2/PythonProjects/memray/tests/integration/test_socket.py, line 283
      @pytest.mark.valgrind
      def test_multi_allocation_snapshot(self, free_port: int, tmp_path: Path) -> None:
E       fixture 'free_port' not found
>       available fixtures: _cookiecutter_config_file, anyio_backend, anyio_backend_name, anyio_backend_options, cache, capfd, capfdbinary, caplog, capsys, capsysbinary, class_mocker, cookies, cookies_session, cov, doctest_namespace, mocker, module_mocker, monkeypatch, no_cover, package_mocker, pytestconfig, qapp, qapp_args, qapp_cls, qtbot, qtlog, qtmodeltester, record_property, record_testsuite_property, record_xml_attribute, recwarn, run_around_tests, session_mocker, snap_compare, snapshot, testrun_uid, tmp_path, tmp_path_factory, tmpdir, tmpdir_factory, worker_id
>       use 'pytest --fixtures [testpath]' for help on them.

/home/kaiyaok2/PythonProjects/memray/tests/integration/test_socket.py:283
__________ ERROR at setup of TestSocketReaderAccess.test_command_line __________
file /home/kaiyaok2/PythonProjects/memray/tests/integration/test_socket.py, line 341
      @pytest.mark.valgrind
      def test_command_line(self, free_port: int, tmp_path: Path) -> None:
E       fixture 'free_port' not found
>       available fixtures: _cookiecutter_config_file, anyio_backend, anyio_backend_name, anyio_backend_options, cache, capfd, capfdbinary, caplog, capsys, capsysbinary, class_mocker, cookies, cookies_session, cov, doctest_namespace, mocker, module_mocker, monkeypatch, no_cover, package_mocker, pytestconfig, qapp, qapp_args, qapp_cls, qtbot, qtlog, qtmodeltester, record_property, record_testsuite_property, record_xml_attribute, recwarn, run_around_tests, session_mocker, snap_compare, snapshot, testrun_uid, tmp_path, tmp_path_factory, tmpdir, tmpdir_factory, worker_id
>       use 'pytest --fixtures [testpath]' for help on them.

/home/kaiyaok2/PythonProjects/memray/tests/integration/test_socket.py:341
_ ERROR at setup of TestSocketReaderErrorHandling.test_get_current_snapshot_first_yield_after_context_raises _
file /home/kaiyaok2/PythonProjects/memray/tests/integration/test_socket.py, line 193
      @pytest.mark.valgrind
      def test_get_current_snapshot_first_yield_after_context_raises(
E       fixture 'free_port' not found
>       available fixtures: _cookiecutter_config_file, anyio_backend, anyio_backend_name, anyio_backend_options, cache, capfd, capfdbinary, caplog, capsys, capsysbinary, class_mocker, cookies, cookies_session, cov, doctest_namespace, mocker, module_mocker, monkeypatch, no_cover, package_mocker, pytestconfig, qapp, qapp_args, qapp_cls, qtbot, qtlog, qtmodeltester, record_property, record_testsuite_property, record_xml_attribute, recwarn, run_around_tests, session_mocker, snap_compare, snapshot, testrun_uid, tmp_path, tmp_path_factory, tmpdir, tmpdir_factory, worker_id
>       use 'pytest --fixtures [testpath]' for help on them.

/home/kaiyaok2/PythonProjects/memray/tests/integration/test_socket.py:193
_ ERROR at setup of TestSocketReaderErrorHandling.test_get_current_snapshot_raises_after_context _
file /home/kaiyaok2/PythonProjects/memray/tests/integration/test_socket.py, line 172
      @pytest.mark.valgrind
      def test_get_current_snapshot_raises_after_context(
E       fixture 'free_port' not found
>       available fixtures: _cookiecutter_config_file, anyio_backend, anyio_backend_name, anyio_backend_options, cache, capfd, capfdbinary, caplog, capsys, capsysbinary, class_mocker, cookies, cookies_session, cov, doctest_namespace, mocker, module_mocker, monkeypatch, no_cover, package_mocker, pytestconfig, qapp, qapp_args, qapp_cls, qtbot, qtlog, qtmodeltester, record_property, record_testsuite_property, record_xml_attribute, recwarn, run_around_tests, session_mocker, snap_compare, snapshot, testrun_uid, tmp_path, tmp_path_factory, tmpdir, tmpdir_factory, worker_id
>       use 'pytest --fixtures [testpath]' for help on them.

/home/kaiyaok2/PythonProjects/memray/tests/integration/test_socket.py:172
_ ERROR at setup of TestSocketReaderErrorHandling.test_get_is_active_after_context _
file /home/kaiyaok2/PythonProjects/memray/tests/integration/test_socket.py, line 155
      def test_get_is_active_after_context(self, free_port: int, tmp_path: Path) -> None:
E       fixture 'free_port' not found
>       available fixtures: _cookiecutter_config_file, anyio_backend, anyio_backend_name, anyio_backend_options, cache, capfd, capfdbinary, caplog, capsys, capsysbinary, class_mocker, cookies, cookies_session, cov, doctest_namespace, mocker, module_mocker, monkeypatch, no_cover, package_mocker, pytestconfig, qapp, qapp_args, qapp_cls, qtbot, qtlog, qtmodeltester, record_property, record_testsuite_property, record_xml_attribute, recwarn, run_around_tests, session_mocker, snap_compare, snapshot, testrun_uid, tmp_path, tmp_path_factory, tmpdir, tmpdir_factory, worker_id
>       use 'pytest --fixtures [testpath]' for help on them.

/home/kaiyaok2/PythonProjects/memray/tests/integration/test_socket.py:155
_ ERROR at setup of TestSocketReaderErrorHandling.test_nested_context_is_diallowed _
file /home/kaiyaok2/PythonProjects/memray/tests/integration/test_socket.py, line 214
      @pytest.mark.valgrind
      def test_nested_context_is_diallowed(self, free_port: int, tmp_path: Path) -> None:
E       fixture 'free_port' not found
>       available fixtures: _cookiecutter_config_file, anyio_backend, anyio_backend_name, anyio_backend_options, cache, capfd, capfdbinary, caplog, capsys, capsysbinary, class_mocker, cookies, cookies_session, cov, doctest_namespace, mocker, module_mocker, monkeypatch, no_cover, package_mocker, pytestconfig, qapp, qapp_args, qapp_cls, qtbot, qtlog, qtmodeltester, record_property, record_testsuite_property, record_xml_attribute, recwarn, run_around_tests, session_mocker, snap_compare, snapshot, testrun_uid, tmp_path, tmp_path_factory, tmpdir, tmpdir_factory, worker_id
>       use 'pytest --fixtures [testpath]' for help on them.

/home/kaiyaok2/PythonProjects/memray/tests/integration/test_socket.py:214
=================================== FAILURES ===================================
_______ TestRunSubCommand.test_run_with_live_and_trace_python_allocators _______

self = <MagicMock name='LiveCommand().start_live_interface' id='140646025189248'>
args = (1234,), kwargs = {'cmdline_override': './directory/foobar.py arg1 arg2'}
expected = call(1234, cmdline_override='./directory/foobar.py arg1 arg2')
actual = call(1234, cmdline_override='-c')
_error_message = <function NonCallableMock.assert_called_with.<locals>._error_message at 0x7fe971b31750>
cause = None

    def assert_called_with(self, /, *args, **kwargs):
        """assert that the last call was made with the specified arguments.
    
        Raises an AssertionError if the args and keyword args passed in are
        different to the last call to the mock."""
        if self.call_args is None:
            expected = self._format_mock_call_signature(args, kwargs)
            actual = 'not called.'
            error_message = ('expected call not found.\nExpected: %s\nActual: %s'
                    % (expected, actual))
            raise AssertionError(error_message)
    
        def _error_message():
            msg = self._format_mock_failure_message(args, kwargs)
            return msg
        expected = self._call_matcher(_Call((args, kwargs), two=True))
        actual = self._call_matcher(self.call_args)
        if actual != expected:
            cause = expected if isinstance(expected, Exception) else None
>           raise AssertionError(_error_message()) from cause
E           AssertionError: expected call not found.
E           Expected: start_live_interface(1234, cmdline_override='./directory/foobar.py arg1 arg2')
E           Actual: start_live_interface(1234, cmdline_override='-c')

/usr/lib/python3.10/unittest/mock.py:929: AssertionError

During handling of the above exception, another exception occurred:

self = <tests.unit.test_cli.TestRunSubCommand object at 0x7fe9e8a099f0>
live_command_mock = <MagicMock name='LiveCommand' id='140646024803472'>
popen_mock = <MagicMock name='Popen' id='140646025218992'>
getpid_mock = <MagicMock name='getpid' id='140646024283472'>
runpy_mock = <MagicMock name='runpy' id='140646024291920'>
tracker_mock = <MagicMock name='Tracker' id='140646024716704'>
validate_mock = <MagicMock name='validate_target_file' id='140646024708544'>

    @patch("memray.commands.run.subprocess.Popen")
    @patch("memray.commands.run.LiveCommand")
    def test_run_with_live_and_trace_python_allocators(
        self,
        live_command_mock,
        popen_mock,
        getpid_mock,
        runpy_mock,
        tracker_mock,
        validate_mock,
    ):
        getpid_mock.return_value = 0
        popen_mock().__enter__().returncode = 0
        with patch("memray.commands.run._get_free_port", return_value=1234):
            assert 0 == main(
                [
                    "run",
                    "--live",
                    "--trace-python-allocators",
                    "./directory/foobar.py",
                    "arg1",
                    "arg2",
                ]
            )
        popen_mock.assert_called_with(
            [
                sys.executable,
                "-c",
                "from memray.commands.run import _child_process;"
                "_child_process(1234,False,True,False,False,False,"
                "'./directory/foobar.py',['arg1', 'arg2'])",
            ],
            stderr=-1,
            stdout=-3,
            text=True,
        )
>       live_command_mock().start_live_interface.assert_called_with(
            1234,
            cmdline_override="./directory/foobar.py arg1 arg2",
        )
E       AssertionError: expected call not found.
E       Expected: start_live_interface(1234, cmdline_override='./directory/foobar.py arg1 arg2')
E       Actual: start_live_interface(1234, cmdline_override='-c')
E       
E       pytest introspection follows:
E       
E       Kwargs:
E       assert {'cmdline_override': '-c'} == {'cmdline_ove...py arg1 arg2'}
E         Differing items:
E         {'cmdline_override': '-c'} != {'cmdline_override': './directory/foobar.py arg1 arg2'}
E         Use -v to get more diff

unit/test_cli.py:219: AssertionError
_____________________ TestRunSubCommand.test_run_with_live _____________________

self = <MagicMock name='LiveCommand().start_live_interface' id='140646024285680'>
args = (1234,), kwargs = {'cmdline_override': './directory/foobar.py arg1 arg2'}
expected = call(1234, cmdline_override='./directory/foobar.py arg1 arg2')
actual = call(1234, cmdline_override='-c')
_error_message = <function NonCallableMock.assert_called_with.<locals>._error_message at 0x7feab4410940>
cause = None

    def assert_called_with(self, /, *args, **kwargs):
        """assert that the last call was made with the specified arguments.
    
        Raises an AssertionError if the args and keyword args passed in are
        different to the last call to the mock."""
        if self.call_args is None:
            expected = self._format_mock_call_signature(args, kwargs)
            actual = 'not called.'
            error_message = ('expected call not found.\nExpected: %s\nActual: %s'
                    % (expected, actual))
            raise AssertionError(error_message)
    
        def _error_message():
            msg = self._format_mock_failure_message(args, kwargs)
            return msg
        expected = self._call_matcher(_Call((args, kwargs), two=True))
        actual = self._call_matcher(self.call_args)
        if actual != expected:
            cause = expected if isinstance(expected, Exception) else None
>           raise AssertionError(_error_message()) from cause
E           AssertionError: expected call not found.
E           Expected: start_live_interface(1234, cmdline_override='./directory/foobar.py arg1 arg2')
E           Actual: start_live_interface(1234, cmdline_override='-c')

/usr/lib/python3.10/unittest/mock.py:929: AssertionError

During handling of the above exception, another exception occurred:

self = <tests.unit.test_cli.TestRunSubCommand object at 0x7fe9e8a08e50>
live_command_mock = <MagicMock name='LiveCommand' id='140646023180160'>
popen_mock = <MagicMock name='Popen' id='140646023176320'>
getpid_mock = <MagicMock name='getpid' id='140646023168736'>
runpy_mock = <MagicMock name='runpy' id='140646023144032'>
tracker_mock = <MagicMock name='Tracker' id='140646023135824'>
validate_mock = <MagicMock name='validate_target_file' id='140646024407088'>

    @patch("memray.commands.run.subprocess.Popen")
    @patch("memray.commands.run.LiveCommand")
    def test_run_with_live(
        self,
        live_command_mock,
        popen_mock,
        getpid_mock,
        runpy_mock,
        tracker_mock,
        validate_mock,
    ):
        getpid_mock.return_value = 0
        popen_mock().__enter__().returncode = 0
        with patch("memray.commands.run._get_free_port", return_value=1234):
            assert 0 == main(["run", "--live", "./directory/foobar.py", "arg1", "arg2"])
        popen_mock.assert_called_with(
            [
                sys.executable,
                "-c",
                "from memray.commands.run import _child_process;"
                "_child_process(1234,False,False,False,False,False,"
                "'./directory/foobar.py',['arg1', 'arg2'])",
            ],
            stderr=-1,
            stdout=-3,
            text=True,
        )
>       live_command_mock().start_live_interface.assert_called_with(
            1234,
            cmdline_override="./directory/foobar.py arg1 arg2",
        )
E       AssertionError: expected call not found.
E       Expected: start_live_interface(1234, cmdline_override='./directory/foobar.py arg1 arg2')
E       Actual: start_live_interface(1234, cmdline_override='-c')
E       
E       pytest introspection follows:
E       
E       Kwargs:
E       assert {'cmdline_override': '-c'} == {'cmdline_ove...py arg1 arg2'}
E         Differing items:
E         {'cmdline_override': '-c'} != {'cmdline_override': './directory/foobar.py arg1 arg2'}
E         Use -v to get more diff

unit/test_cli.py:178: AssertionError
--------------------------- snapshot report summary ----------------------------
19 snapshots passed.
=========================== short test summary info ============================
FAILED unit/test_cli.py::TestRunSubCommand::test_run_with_live_and_trace_python_allocators
FAILED unit/test_cli.py::TestRunSubCommand::test_run_with_live - AssertionErr...
ERROR integration/test_socket.py::TestSocketReaderAccess::test_reading_allocations_while_reading_stack_traces
ERROR integration/test_main.py::TestLiveRemoteSubcommand::test_live_tracking
ERROR integration/test_socket.py::TestSocketReaderErrorHandling::test_get_current_snapshot_raises_before_context
ERROR integration/test_socket.py::TestSocketReaderAccess::test_multiple_context_entries_does_not_crash
ERROR integration/test_main.py::TestLiveRemoteSubcommand::test_live_tracking_server_when_client_disconnects
ERROR integration/test_main.py::TestLiveRemoteSubcommand::test_live_client_exits_properly_on_sigint_before_connecting
ERROR integration/test_socket.py::TestSocketReaderAccess::test_single_allocation_snapshot
ERROR integration/test_socket.py::TestSocketReaderAccess::test_empty_snapshot_after_free
ERROR integration/test_socket.py::TestSocketReaderAccess::test_multi_allocation_snapshot
ERROR integration/test_socket.py::TestSocketReaderAccess::test_command_line
ERROR integration/test_socket.py::TestSocketReaderErrorHandling::test_get_current_snapshot_first_yield_after_context_raises
ERROR integration/test_socket.py::TestSocketReaderErrorHandling::test_get_current_snapshot_raises_after_context
ERROR integration/test_socket.py::TestSocketReaderErrorHandling::test_get_is_active_after_context
ERROR integration/test_socket.py::TestSocketReaderErrorHandling::test_nested_context_is_diallowed
======= 2 failed, 569 passed, 11 skipped, 14 errors in 839.49s (0:13:59) =======
