============================= test session starts ==============================
platform linux -- Python 3.10.12, pytest-7.4.0, pluggy-1.3.0
Using --randomly-seed=1705791118
rootdir: /home/kaiyaok2/PythonProjects/memray
configfile: pyproject.toml
plugins: hypothesis-6.81.1, cov-4.1.0, randomly-3.1.0, typeguard-4.1.5, timeout-1.4.2, nbval-0.10.0, xdist-3.5.0, mock-3.12.0, tcp-0.1.1, textual-snapshot-0.4.0, syrupy-4.6.0, anyio-3.7.1
collected 596 items
Using TCP weights 0.5-0.5
Collect TCP features took 0.20397257804870605s.
Compute TCP order took 0.027355432510375977s.

integration/test_tracking.py .
current test PASSED/SKIPPED -- test_get_header_after_snapshot in /home/kaiyaok2/PythonProjects/memray/tests/integration/test_tracking.py: 1.8242464065551758s cumulative, 1.8242464065551758s individual


unit/test_reader.py .
current test PASSED/SKIPPED -- test_read_pid in /home/kaiyaok2/PythonProjects/memray/tests/unit/test_reader.py: 3.553683042526245s cumulative, 1.7294366359710693s individual


unit/test_tree_reporter.py .
current test PASSED/SKIPPED -- test_basic in /home/kaiyaok2/PythonProjects/memray/tests/unit/test_tree_reporter.py: 7.043912649154663s cumulative, 3.490229606628418s individual


integration/test_tracing.py .
current test PASSED/SKIPPED -- test_profile_function_is_restored_after_tracking in /home/kaiyaok2/PythonProjects/memray/tests/integration/test_tracing.py: 9.258411884307861s cumulative, 2.2144992351531982s individual


integration/test_tracking.py .
current test PASSED/SKIPPED -- test_pymalloc_allocation_tracking_deactivated in /home/kaiyaok2/PythonProjects/memray/tests/integration/test_tracking.py: 11.506924390792847s cumulative, 2.2485125064849854s individual


integration/test_main.py .
current test PASSED/SKIPPED -- test_live_tracking in /home/kaiyaok2/PythonProjects/memray/tests/integration/test_main.py: 20.7998309135437s cumulative, 9.292906522750854s individual

.
current test PASSED/SKIPPED -- test_temporary_allocations_tree in /home/kaiyaok2/PythonProjects/memray/tests/integration/test_main.py: 31.315723180770874s cumulative, 10.515892267227173s individual

.
current test PASSED/SKIPPED -- test_sys_manipulations_when_running_script in /home/kaiyaok2/PythonProjects/memray/tests/integration/test_main.py: 35.102741956710815s cumulative, 3.7870187759399414s individual


integration/test_tracking.py .
current test PASSED/SKIPPED -- test_temporary_allocations_outside_buffer_are_not_detected in /home/kaiyaok2/PythonProjects/memray/tests/integration/test_tracking.py: 37.31756925582886s cumulative, 2.214827299118042s individual

.
current test PASSED/SKIPPED -- test_pymalloc_allocation_tracking_deactivated in /home/kaiyaok2/PythonProjects/memray/tests/integration/test_tracking.py: 38.735405683517456s cumulative, 1.4178364276885986s individual

.
current test PASSED/SKIPPED -- test_no_allocations_while_tracking in /home/kaiyaok2/PythonProjects/memray/tests/integration/test_tracking.py: 42.632241010665894s cumulative, 3.8968353271484375s individual

.
current test PASSED/SKIPPED -- test_simple_allocation_tracking in /home/kaiyaok2/PythonProjects/memray/tests/integration/test_tracking.py: 44.20320963859558s cumulative, 1.5709686279296875s individual

+10 kB
+ 9 kB
- 9 kB
+ 8 kB
+ 7 kB
- 7 kB
+ 6 kB
+ 5 kB
- 5 kB
+ 4 kB
+ 3 kB
- 3 kB
+ 2 kB
+ 1 kB
- 1 kB
- 2 kB
- 4 kB
- 6 kB
- 8 kB
-10 kB
.
current test PASSED/SKIPPED -- test_spiky_generally_increasing_to_final_peak in /home/kaiyaok2/PythonProjects/memray/tests/integration/test_tracking.py: 45.62047791481018s cumulative, 1.4172682762145996s individual

.
current test PASSED/SKIPPED -- test_simple_allocation_tracking in /home/kaiyaok2/PythonProjects/memray/tests/integration/test_tracking.py: 47.02767992019653s cumulative, 1.4072020053863525s individual

.
current test PASSED/SKIPPED -- test_temporary_allocations_when_filling_vector_without_preallocating in /home/kaiyaok2/PythonProjects/memray/tests/integration/test_tracking.py: 48.46020293235779s cumulative, 1.4325230121612549s individual

.
current test PASSED/SKIPPED -- test_memory_snapshots_are_written in /home/kaiyaok2/PythonProjects/memray/tests/integration/test_tracking.py: 50.257306814193726s cumulative, 1.7971038818359375s individual

.
current test PASSED/SKIPPED -- test_unmatched_deallocations_are_not_reported in /home/kaiyaok2/PythonProjects/memray/tests/integration/test_tracking.py: 51.88731527328491s cumulative, 1.6300084590911865s individual

.
current test PASSED/SKIPPED -- test_allocations_that_are_freed_do_not_appear_as_leaks in /home/kaiyaok2/PythonProjects/memray/tests/integration/test_tracking.py: 53.103392124176025s cumulative, 1.2160768508911133s individual

.
current test PASSED/SKIPPED -- test_leaks_that_happen_in_different_lines in /home/kaiyaok2/PythonProjects/memray/tests/integration/test_tracking.py: 54.20158267021179s cumulative, 1.0981905460357666s individual


unit/test_highwatermark_command.py ⚠  No debug information was found for the Python interpreter  ⚠

Without debug information reports showing native traces may not include file 
names and line numbers. Please use an interpreter built with debug symbols for 
best results. Check https://bloomberg.github.io/memray/native_mode.html for more
information regarding how memray resolves symbols.

.
current test PASSED/SKIPPED -- test_tracker_and_reporter_interactions_for_leak in /home/kaiyaok2/PythonProjects/memray/tests/unit/test_highwatermark_command.py: 55.73137831687927s cumulative, 1.5297956466674805s individual


integration/test_socket.py E
current test FAILED -- test_get_is_active_after_context in /home/kaiyaok2/PythonProjects/memray/tests/integration/test_socket.py: 55.74634838104248s cumulative, 0.014970064163208008s individual

E
current test FAILED -- test_nested_context_is_diallowed in /home/kaiyaok2/PythonProjects/memray/tests/integration/test_socket.py: 55.761998891830444s cumulative, 0.015650510787963867s individual


integration/test_native_tracking.py .
current test PASSED/SKIPPED -- test_hybrid_stack_in_pure_python in /home/kaiyaok2/PythonProjects/memray/tests/integration/test_native_tracking.py: 59.82289218902588s cumulative, 4.060893297195435s individual

.
current test PASSED/SKIPPED -- test_native_tracing_header in /home/kaiyaok2/PythonProjects/memray/tests/integration/test_native_tracking.py: 60.731467485427856s cumulative, 0.9085752964019775s individual


unit/test_tree_reporter.py .
current test PASSED/SKIPPED -- test_no_allocations in /home/kaiyaok2/PythonProjects/memray/tests/unit/test_tree_reporter.py: 61.624103307724s cumulative, 0.8926358222961426s individual


unit/test_highwatermark_command.py ⚠  No debug information was found for the Python interpreter  ⚠

Without debug information reports showing native traces may not include file 
names and line numbers. Please use an interpreter built with debug symbols for 
best results. Check https://bloomberg.github.io/memray/native_mode.html for more
information regarding how memray resolves symbols.

.
current test PASSED/SKIPPED -- test_tracker_and_reporter_interactions_for_temporary_allocations in /home/kaiyaok2/PythonProjects/memray/tests/unit/test_highwatermark_command.py: 63.01979112625122s cumulative, 1.3956878185272217s individual


unit/test_tui_reporter.py .
current test PASSED/SKIPPED -- test_header_with_no_snapshots in /home/kaiyaok2/PythonProjects/memray/tests/unit/test_tui_reporter.py: 66.4470944404602s cumulative, 3.4273033142089844s individual


integration/test_tracking.py .
current test PASSED/SKIPPED -- test_simple_allocation_tracking in /home/kaiyaok2/PythonProjects/memray/tests/integration/test_tracking.py: 67.49171614646912s cumulative, 1.0446217060089111s individual

.
current test PASSED/SKIPPED -- test_simple_pymalloc_allocation_tracking in /home/kaiyaok2/PythonProjects/memray/tests/integration/test_tracking.py: 68.74156451225281s cumulative, 1.2498483657836914s individual

s
current test PASSED/SKIPPED -- test_simple_allocation_tracking in /home/kaiyaok2/PythonProjects/memray/tests/integration/test_tracking.py: 69.93263149261475s cumulative, 1.1910669803619385s individual

s
current test PASSED/SKIPPED -- test_simple_allocation_tracking in /home/kaiyaok2/PythonProjects/memray/tests/integration/test_tracking.py: 71.70117664337158s cumulative, 1.768545150756836s individual

s
current test PASSED/SKIPPED -- test_simple_allocation_tracking in /home/kaiyaok2/PythonProjects/memray/tests/integration/test_tracking.py: 73.99323010444641s cumulative, 2.292053461074829s individual


integration/test_main.py .
current test PASSED/SKIPPED -- test_run_override_output in /home/kaiyaok2/PythonProjects/memray/tests/integration/test_main.py: 83.49406623840332s cumulative, 9.50083613395691s individual


unit/test_tui_reporter.py .
current test PASSED/SKIPPED -- test_command_line_display in /home/kaiyaok2/PythonProjects/memray/tests/unit/test_tui_reporter.py: 104.70718693733215s cumulative, 21.213120698928833s individual


integration/test_tracking.py .
current test PASSED/SKIPPED -- test_pthread_tracking in /home/kaiyaok2/PythonProjects/memray/tests/integration/test_tracking.py: 113.58130860328674s cumulative, 8.87412166595459s individual

.
current test PASSED/SKIPPED -- test_aggregation_same_python_stack_but_different_native_stack in /home/kaiyaok2/PythonProjects/memray/tests/integration/test_tracking.py: 124.31217336654663s cumulative, 10.730864763259888s individual


integration/test_main.py .
current test PASSED/SKIPPED -- test_reads_from_correct_file in /home/kaiyaok2/PythonProjects/memray/tests/integration/test_main.py: 201.22525072097778s cumulative, 76.91307735443115s individual

.
current test PASSED/SKIPPED -- test_json_generated in /home/kaiyaok2/PythonProjects/memray/tests/integration/test_main.py: 241.13478088378906s cumulative, 39.90953016281128s individual

.
current test PASSED/SKIPPED -- test_run in /home/kaiyaok2/PythonProjects/memray/tests/integration/test_main.py: 248.9046664237976s cumulative, 7.769885540008545s individual


integration/test_tracking.py .
current test PASSED/SKIPPED -- test_simple_allocation_tracking in /home/kaiyaok2/PythonProjects/memray/tests/integration/test_tracking.py: 253.0525267124176s cumulative, 4.147860288619995s individual

.
current test PASSED/SKIPPED -- test_final_allocation_is_peak in /home/kaiyaok2/PythonProjects/memray/tests/integration/test_tracking.py: 257.7614653110504s cumulative, 4.7089385986328125s individual

.
current test PASSED/SKIPPED -- test_simple_allocation_tracking in /home/kaiyaok2/PythonProjects/memray/tests/integration/test_tracking.py: 260.80051255226135s cumulative, 3.0390472412109375s individual

.
current test PASSED/SKIPPED -- test_aggregation_same_python_stack_and_same_native_stack in /home/kaiyaok2/PythonProjects/memray/tests/integration/test_tracking.py: 263.45086431503296s cumulative, 2.6503517627716064s individual

.
current test PASSED/SKIPPED -- test_partial_munmap_split_in_middle in /home/kaiyaok2/PythonProjects/memray/tests/integration/test_tracking.py: 266.4652774333954s cumulative, 3.0144131183624268s individual

.
current test PASSED/SKIPPED -- test_simple_allocation_tracking in /home/kaiyaok2/PythonProjects/memray/tests/integration/test_tracking.py: 269.1357092857361s cumulative, 2.6704318523406982s individual

.
current test PASSED/SKIPPED -- test_pymalloc_allocation_tracking_deactivated in /home/kaiyaok2/PythonProjects/memray/tests/integration/test_tracking.py: 272.04062581062317s cumulative, 2.904916524887085s individual

.
current test PASSED/SKIPPED -- test_pymalloc_allocation_tracking_deactivated in /home/kaiyaok2/PythonProjects/memray/tests/integration/test_tracking.py: 275.7112627029419s cumulative, 3.6706368923187256s individual


integration/test_main.py E
current test FAILED -- test_live_tracking in /home/kaiyaok2/PythonProjects/memray/tests/integration/test_main.py: 276.0635313987732s cumulative, 0.35226869583129883s individual


integration/test_tracing.py .
current test PASSED/SKIPPED -- test_traceback_can_be_retrieved_twice in /home/kaiyaok2/PythonProjects/memray/tests/integration/test_tracing.py: 280.86648440361023s cumulative, 4.802953004837036s individual

.
current test PASSED/SKIPPED -- test_cython_traceback in /home/kaiyaok2/PythonProjects/memray/tests/integration/test_tracing.py: 284.94462037086487s cumulative, 4.078135967254639s individual

.
current test PASSED/SKIPPED -- test_num_records in /home/kaiyaok2/PythonProjects/memray/tests/integration/test_tracing.py: 288.72947669029236s cumulative, 3.7848563194274902s individual


unit/test_tree_reporter.py .
current test PASSED/SKIPPED -- test_render_runs_the_app in /home/kaiyaok2/PythonProjects/memray/tests/unit/test_tree_reporter.py: 288.8101863861084s cumulative, 0.08070969581604004s individual

.
current test PASSED/SKIPPED -- test_works_with_recursive_calls in /home/kaiyaok2/PythonProjects/memray/tests/unit/test_tree_reporter.py: 288.91866159439087s cumulative, 0.1084752082824707s individual

.
current test PASSED/SKIPPED -- test_works_with_merged_threads in /home/kaiyaok2/PythonProjects/memray/tests/unit/test_tree_reporter.py: 289.0113842487335s cumulative, 0.09272265434265137s individual

.
current test PASSED/SKIPPED -- test_works_with_split_threads in /home/kaiyaok2/PythonProjects/memray/tests/unit/test_tree_reporter.py: 289.13735461235046s cumulative, 0.12597036361694336s individual

.
current test PASSED/SKIPPED -- test_works_with_multiple_top_level_nodes in /home/kaiyaok2/PythonProjects/memray/tests/unit/test_tree_reporter.py: 289.260906457901s cumulative, 0.12355184555053711s individual

.
current test PASSED/SKIPPED -- test_uses_hybrid_stack_for_native_traces in /home/kaiyaok2/PythonProjects/memray/tests/unit/test_tree_reporter.py: 289.37469148635864s cumulative, 0.1137850284576416s individual

.
current test PASSED/SKIPPED -- test_works_with_single_call in /home/kaiyaok2/PythonProjects/memray/tests/unit/test_tree_reporter.py: 289.49439764022827s cumulative, 0.1197061538696289s individual

.
current test PASSED/SKIPPED -- test_works_with_multiple_stacks_from_same_caller in /home/kaiyaok2/PythonProjects/memray/tests/unit/test_tree_reporter.py: 289.63511085510254s cumulative, 0.14071321487426758s individual

.
current test PASSED/SKIPPED -- test_drops_cpython_frames in /home/kaiyaok2/PythonProjects/memray/tests/unit/test_tree_reporter.py: 289.8240854740143s cumulative, 0.18897461891174316s individual

.
current test PASSED/SKIPPED -- test_works_with_no_allocations in /home/kaiyaok2/PythonProjects/memray/tests/unit/test_tree_reporter.py: 289.9286184310913s cumulative, 0.10453295707702637s individual

.
current test PASSED/SKIPPED -- test_works_with_multiple_stacks_from_same_caller_two_frames_above in /home/kaiyaok2/PythonProjects/memray/tests/unit/test_tree_reporter.py: 290.0699565410614s cumulative, 0.14133810997009277s individual


integration/test_tracing.py .
current test PASSED/SKIPPED -- test_identical_stack_traces_started_in_different_lines_in_a_function_do_not_compare_equal in /home/kaiyaok2/PythonProjects/memray/tests/integration/test_tracing.py: 293.968558549881s cumulative, 3.89860200881958s individual


unit/test_tree_reporter.py .
current test PASSED/SKIPPED -- test_allocations_of_different_sizes in /home/kaiyaok2/PythonProjects/memray/tests/unit/test_tree_reporter.py: 322.60401368141174s cumulative, 28.63545513153076s individual


integration/test_tracking.py .
current test PASSED/SKIPPED -- test_allocations_after_high_watermark_is_freed_do_not_appear in /home/kaiyaok2/PythonProjects/memray/tests/integration/test_tracking.py: 326.31002950668335s cumulative, 3.7060158252716064s individual

.
current test PASSED/SKIPPED -- test_freed_after_high_watermark_do_not_appear in /home/kaiyaok2/PythonProjects/memray/tests/integration/test_tracking.py: 330.92857789993286s cumulative, 4.618548393249512s individual

.
current test PASSED/SKIPPED -- test_allocations_aggregation_on_same_line in /home/kaiyaok2/PythonProjects/memray/tests/integration/test_tracking.py: 334.6281273365021s cumulative, 3.699549436569214s individual

.
current test PASSED/SKIPPED -- test_pymalloc_allocation_tracking_deactivated in /home/kaiyaok2/PythonProjects/memray/tests/integration/test_tracking.py: 337.2957122325897s cumulative, 2.6675848960876465s individual

.
current test PASSED/SKIPPED -- test_simple_pymalloc_allocation_tracking in /home/kaiyaok2/PythonProjects/memray/tests/integration/test_tracking.py: 340.19244050979614s cumulative, 2.896728277206421s individual


integration/test_tracing.py .
current test PASSED/SKIPPED -- test_allocation_after_unsetting_profile_function in /home/kaiyaok2/PythonProjects/memray/tests/integration/test_tracing.py: 342.85758233070374s cumulative, 2.6651418209075928s individual

.
current test PASSED/SKIPPED -- test_allocation_in_thread_started_before_tracking_starts in /home/kaiyaok2/PythonProjects/memray/tests/integration/test_tracing.py: 346.98111844062805s cumulative, 4.123536109924316s individual


integration/test_processes.py .
current test PASSED/SKIPPED -- test_allocations_with_multiprocessing_following_fork in /home/kaiyaok2/PythonProjects/memray/tests/integration/test_processes.py: 363.75837993621826s cumulative, 16.77726149559021s individual


integration/test_threads.py .
current test PASSED/SKIPPED -- test_thread_name in /home/kaiyaok2/PythonProjects/memray/tests/integration/test_threads.py: 369.854145526886s cumulative, 6.095765590667725s individual


unit/test_summary_reporter.py .
current test PASSED/SKIPPED -- test_non_sequence_iterable in /home/kaiyaok2/PythonProjects/memray/tests/unit/test_summary_reporter.py: 370.3403069972992s cumulative, 0.486161470413208s individual

.
current test PASSED/SKIPPED -- test_sort_column in /home/kaiyaok2/PythonProjects/memray/tests/unit/test_summary_reporter.py: 370.8243465423584s cumulative, 0.4840395450592041s individual

.
current test PASSED/SKIPPED -- test_max_rows in /home/kaiyaok2/PythonProjects/memray/tests/unit/test_summary_reporter.py: 371.2716717720032s cumulative, 0.4473252296447754s individual

.
current test PASSED/SKIPPED -- test_with_multiple_allocations_and_native_traces in /home/kaiyaok2/PythonProjects/memray/tests/unit/test_summary_reporter.py: 371.67693185806274s cumulative, 0.4052600860595703s individual


integration/test_tracking.py .
current test PASSED/SKIPPED -- test_temporary_allocations_with_two_allocators_are_detected in /home/kaiyaok2/PythonProjects/memray/tests/integration/test_tracking.py: 374.59116864204407s cumulative, 2.9142367839813232s individual

.
current test PASSED/SKIPPED -- test_pymalloc_allocation_tracking_deactivated in /home/kaiyaok2/PythonProjects/memray/tests/integration/test_tracking.py: 377.27129578590393s cumulative, 2.6801271438598633s individual

.
current test PASSED/SKIPPED -- test_unmatched_allocations_are_not_reported in /home/kaiyaok2/PythonProjects/memray/tests/integration/test_tracking.py: 379.40069937705994s cumulative, 2.129403591156006s individual

+10 kB
+ 9 kB
- 9 kB
+ 8 kB
+ 7 kB
- 7 kB
+ 6 kB
+ 5 kB
- 5 kB
+ 4 kB
+ 3 kB
- 3 kB
+ 2 kB
+ 1 kB
- 1 kB
- 2 kB
- 4 kB
- 6 kB
- 8 kB
-10 kB
.
current test PASSED/SKIPPED -- test_spiky_generally_increasing_to_final_peak in /home/kaiyaok2/PythonProjects/memray/tests/integration/test_tracking.py: 380.9354109764099s cumulative, 1.5347115993499756s individual

.
current test PASSED/SKIPPED -- test_leaks_allocations_are_detected in /home/kaiyaok2/PythonProjects/memray/tests/integration/test_tracking.py: 382.76706099510193s cumulative, 1.8316500186920166s individual


unit/test_tree_reporter.py .
current test PASSED/SKIPPED -- test_two_chains in /home/kaiyaok2/PythonProjects/memray/tests/unit/test_tree_reporter.py: 390.3210184574127s cumulative, 7.553957462310791s individual


integration/test_threads.py .
current test PASSED/SKIPPED -- test_thread_allocations_after_tracker_is_deactivated in /home/kaiyaok2/PythonProjects/memray/tests/integration/test_threads.py: 392.2629189491272s cumulative, 1.9419004917144775s individual


integration/test_socket.py E
current test FAILED -- test_get_current_snapshot_raises_before_context in /home/kaiyaok2/PythonProjects/memray/tests/integration/test_socket.py: 392.2926471233368s cumulative, 0.029728174209594727s individual


integration/test_main.py .
current test PASSED/SKIPPED -- test_report_detects_missing_input in /home/kaiyaok2/PythonProjects/memray/tests/integration/test_main.py: 397.42321848869324s cumulative, 5.130571365356445s individual

.
current test PASSED/SKIPPED -- test_run_file_with_args in /home/kaiyaok2/PythonProjects/memray/tests/integration/test_main.py: 401.4204649925232s cumulative, 3.997246503829956s individual

.
current test PASSED/SKIPPED -- test_reads_from_correct_file in /home/kaiyaok2/PythonProjects/memray/tests/integration/test_main.py: 409.5933015346527s cumulative, 8.172836542129517s individual


unit/test_tracker.py .
current test PASSED/SKIPPED -- test_the_same_tracker_cannot_be_activated_twice in /home/kaiyaok2/PythonProjects/memray/tests/unit/test_tracker.py: 410.6388518810272s cumulative, 1.0455503463745117s individual


integration/test_main.py .
current test PASSED/SKIPPED -- test_report_incompatible_arguments in /home/kaiyaok2/PythonProjects/memray/tests/integration/test_main.py: 416.8201701641083s cumulative, 6.181318283081055s individual

.
current test PASSED/SKIPPED -- test_run_live_tracking_invalid_port in /home/kaiyaok2/PythonProjects/memray/tests/integration/test_main.py: 419.9022333621979s cumulative, 3.0820631980895996s individual

.
current test PASSED/SKIPPED -- test_json_generated_to_known_file in /home/kaiyaok2/PythonProjects/memray/tests/integration/test_main.py: 425.513126373291s cumulative, 5.61089301109314s individual


integration/test_tracing.py .
current test PASSED/SKIPPED -- test_equal_stack_traces_compare_equal in /home/kaiyaok2/PythonProjects/memray/tests/integration/test_tracing.py: 426.3206949234009s cumulative, 0.8075685501098633s individual


integration/test_ipython.py .
current test PASSED/SKIPPED -- test_passing_valid_argument in /home/kaiyaok2/PythonProjects/memray/tests/integration/test_ipython.py: 428.12676548957825s cumulative, 1.8060705661773682s individual



Results saved to memray-results/tmp5fg8n0lz/flamegraph.html
.
current test PASSED/SKIPPED -- test_ipython_profiling in /home/kaiyaok2/PythonProjects/memray/tests/integration/test_ipython.py: 431.5602810382843s cumulative, 3.4335155487060547s individual


integration/test_main.py .
current test PASSED/SKIPPED -- test_run_live_tracking_invalid_port in /home/kaiyaok2/PythonProjects/memray/tests/integration/test_main.py: 432.64624643325806s cumulative, 1.0859653949737549s individual


integration/test_processes.py .
current test PASSED/SKIPPED -- test_stack_cleanup_after_fork in /home/kaiyaok2/PythonProjects/memray/tests/integration/test_processes.py: 437.5542232990265s cumulative, 4.907976865768433s individual


unit/test_flamegraph_reporter.py .
current test PASSED/SKIPPED -- test_sanity_check_with_real_allocations in /home/kaiyaok2/PythonProjects/memray/tests/unit/test_flamegraph_reporter.py: 438.95930314064026s cumulative, 1.4050798416137695s individual


unit/test_tui_reporter.py .
current test PASSED/SKIPPED -- test_simple_allocations in /home/kaiyaok2/PythonProjects/memray/tests/unit/test_tui_reporter.py: 438.97427558898926s cumulative, 0.014972448348999023s individual

.
current test PASSED/SKIPPED -- test_missing_frames in /home/kaiyaok2/PythonProjects/memray/tests/unit/test_tui_reporter.py: 438.98859763145447s cumulative, 0.014322042465209961s individual

.
current test PASSED/SKIPPED -- test_native_frames in /home/kaiyaok2/PythonProjects/memray/tests/unit/test_tui_reporter.py: 439.001606464386s cumulative, 0.013008832931518555s individual

.
current test PASSED/SKIPPED -- test_one_point_bigger_than_max_after_resize in /home/kaiyaok2/PythonProjects/memray/tests/unit/test_tui_reporter.py: 439.05936789512634s cumulative, 0.057761430740356445s individual

.
current test PASSED/SKIPPED -- test_empty in /home/kaiyaok2/PythonProjects/memray/tests/unit/test_tui_reporter.py: 439.08713936805725s cumulative, 0.027771472930908203s individual

.
current test PASSED/SKIPPED -- test_multiple_points_scattered in /home/kaiyaok2/PythonProjects/memray/tests/unit/test_tui_reporter.py: 439.1298756599426s cumulative, 0.04273629188537598s individual

.
current test PASSED/SKIPPED -- test_one_point_lower_than_max in /home/kaiyaok2/PythonProjects/memray/tests/unit/test_tui_reporter.py: 439.15518975257874s cumulative, 0.0253140926361084s individual

.
current test PASSED/SKIPPED -- test_multiple_points in /home/kaiyaok2/PythonProjects/memray/tests/unit/test_tui_reporter.py: 439.1946985721588s cumulative, 0.039508819580078125s individual

.
current test PASSED/SKIPPED -- test_one_point_bigger_than_max in /home/kaiyaok2/PythonProjects/memray/tests/unit/test_tui_reporter.py: 439.212415933609s cumulative, 0.017717361450195312s individual

.
current test PASSED/SKIPPED -- test_size_of_graph in /home/kaiyaok2/PythonProjects/memray/tests/unit/test_tui_reporter.py: 439.246013879776s cumulative, 0.03359794616699219s individual


integration/test_tracking.py .
current test PASSED/SKIPPED -- test_memory_snapshots_limit_when_reading in /home/kaiyaok2/PythonProjects/memray/tests/integration/test_tracking.py: 440.4567348957062s cumulative, 1.2107210159301758s individual


integration/test_main.py .
current test PASSED/SKIPPED -- test_live_tracking_invalid_port in /home/kaiyaok2/PythonProjects/memray/tests/integration/test_main.py: 441.8407258987427s cumulative, 1.383991003036499s individual


integration/test_tracing.py .
current test PASSED/SKIPPED -- test_initial_tracking_frames_are_correctly_populated in /home/kaiyaok2/PythonProjects/memray/tests/integration/test_tracing.py: 442.86309695243835s cumulative, 1.0223710536956787s individual

.
current test PASSED/SKIPPED -- test_high_watermark_records_can_be_retrieved_twice in /home/kaiyaok2/PythonProjects/memray/tests/integration/test_tracing.py: 444.207396030426s cumulative, 1.344299077987671s individual


unit/test_tree_reporter.py .
current test PASSED/SKIPPED -- test_show_uninteresting_and_hide_import_system in /home/kaiyaok2/PythonProjects/memray/tests/unit/test_tree_reporter.py: 449.8931038379669s cumulative, 5.6857078075408936s individual

.
current test PASSED/SKIPPED -- test_expand_linear_chain in /home/kaiyaok2/PythonProjects/memray/tests/unit/test_tree_reporter.py: 452.18329906463623s cumulative, 2.2901952266693115s individual


integration/test_tracing.py .
current test PASSED/SKIPPED -- test_cython_frame_in_pre_existing_thread_stack in /home/kaiyaok2/PythonProjects/memray/tests/integration/test_tracing.py: 453.0174357891083s cumulative, 0.8341367244720459s individual

.
current test PASSED/SKIPPED -- test_restart_tracing_function_gets_correctly_the_frames in /home/kaiyaok2/PythonProjects/memray/tests/integration/test_tracing.py: 455.0787181854248s cumulative, 2.0612823963165283s individual


integration/test_tracking.py .
current test PASSED/SKIPPED -- test_leak_that_happens_in_the_middle_is_detected in /home/kaiyaok2/PythonProjects/memray/tests/integration/test_tracking.py: 456.3052432537079s cumulative, 1.226525068283081s individual

.
current test PASSED/SKIPPED -- test_simple_pymalloc_allocation_tracking in /home/kaiyaok2/PythonProjects/memray/tests/integration/test_tracking.py: 457.71274042129517s cumulative, 1.4074971675872803s individual

.
current test PASSED/SKIPPED -- test_aggregation_same_python_stack_but_different_native_stack in /home/kaiyaok2/PythonProjects/memray/tests/integration/test_tracking.py: 458.67109751701355s cumulative, 0.9583570957183838s individual

.
current test PASSED/SKIPPED -- test_allocations_aggregation_on_different_lines in /home/kaiyaok2/PythonProjects/memray/tests/integration/test_tracking.py: 459.51999855041504s cumulative, 0.8489010334014893s individual


unit/test_stats_reporter.py .
current test PASSED/SKIPPED -- test_stats_output_json in /home/kaiyaok2/PythonProjects/memray/tests/unit/test_stats_reporter.py: 459.5506556034088s cumulative, 0.030657052993774414s individual

.
current test PASSED/SKIPPED -- test_draw_histogram_invalid_input in /home/kaiyaok2/PythonProjects/memray/tests/unit/test_stats_reporter.py: 459.56334137916565s cumulative, 0.012685775756835938s individual

.
current test PASSED/SKIPPED -- test_get_histogram_databins_rounding in /home/kaiyaok2/PythonProjects/memray/tests/unit/test_stats_reporter.py: 459.5795364379883s cumulative, 0.016195058822631836s individual

.
current test PASSED/SKIPPED -- test_draw_histogram in /home/kaiyaok2/PythonProjects/memray/tests/unit/test_stats_reporter.py: 459.5967285633087s cumulative, 0.01719212532043457s individual

.
current test PASSED/SKIPPED -- test_get_histogram_databins in /home/kaiyaok2/PythonProjects/memray/tests/unit/test_stats_reporter.py: 459.6103014945984s cumulative, 0.013572931289672852s individual

.
current test PASSED/SKIPPED -- test_stats_output in /home/kaiyaok2/PythonProjects/memray/tests/unit/test_stats_reporter.py: 459.6328196525574s cumulative, 0.022518157958984375s individual

.
current test PASSED/SKIPPED -- test_get_histogram_over_bound in /home/kaiyaok2/PythonProjects/memray/tests/unit/test_stats_reporter.py: 459.6445782184601s cumulative, 0.011758565902709961s individual

.
current test PASSED/SKIPPED -- test_get_histogram_databins_invalid_bins in /home/kaiyaok2/PythonProjects/memray/tests/unit/test_stats_reporter.py: 459.661572933197s cumulative, 0.016994714736938477s individual

.
current test PASSED/SKIPPED -- test_draw_histogram_smaller_scale_factor in /home/kaiyaok2/PythonProjects/memray/tests/unit/test_stats_reporter.py: 459.6771788597107s cumulative, 0.015605926513671875s individual

.
current test PASSED/SKIPPED -- test_get_histogram_all_allocations_same_size in /home/kaiyaok2/PythonProjects/memray/tests/unit/test_stats_reporter.py: 459.69563817977905s cumulative, 0.018459320068359375s individual


integration/test_main.py .
current test PASSED/SKIPPED -- test_tree_generated in /home/kaiyaok2/PythonProjects/memray/tests/integration/test_main.py: 463.12818789482117s cumulative, 3.4325497150421143s individual

.
current test PASSED/SKIPPED -- test_report_leaks_argument in /home/kaiyaok2/PythonProjects/memray/tests/integration/test_main.py: 466.26866722106934s cumulative, 3.140479326248169s individual

.
current test PASSED/SKIPPED -- test_report_leaks_argument in /home/kaiyaok2/PythonProjects/memray/tests/integration/test_main.py: 469.0487811565399s cumulative, 2.780113935470581s individual


unit/test_cli.py Writing profile results into my_output
[memray] Successfully generated profile results.

You can now generate reports from the stored allocation records.
Some example commands to generate reports:

/usr/bin/python3 -m memray flamegraph my_output
.
current test PASSED/SKIPPED -- test_run_override_output in /home/kaiyaok2/PythonProjects/memray/tests/unit/test_cli.py: 469.2137758731842s cumulative, 0.1649947166442871s individual

Writing profile results into memray-foobar.0.bin
[memray] Successfully generated profile results.

You can now generate reports from the stored allocation records.
Some example commands to generate reports:

/usr/bin/python3 -m memray flamegraph memray-foobar.0.bin
.
current test PASSED/SKIPPED -- test_run_with_pymalloc_tracing in /home/kaiyaok2/PythonProjects/memray/tests/unit/test_cli.py: 469.274968624115s cumulative, 0.06119275093078613s individual

Writing profile results into memray-foobar.py.<MagicMock name='getpid()' id='140602970052672'>.bin
[memray] Successfully generated profile results.

You can now generate reports from the stored allocation records.
Some example commands to generate reports:

/usr/bin/python3 -m memray flamegraph memray-foobar.py.<MagicMock name='getpid()' id='140602970052672'>.bin
.
current test PASSED/SKIPPED -- test_run_file in /home/kaiyaok2/PythonProjects/memray/tests/unit/test_cli.py: 469.3370749950409s cumulative, 0.06210637092590332s individual

Writing profile results into memray-foobar.0.bin
[memray] Successfully generated profile results.

You can now generate reports from the stored allocation records.
Some example commands to generate reports:

/usr/bin/python3 -m memray flamegraph memray-foobar.0.bin
.
current test PASSED/SKIPPED -- test_run_with_native_mode in /home/kaiyaok2/PythonProjects/memray/tests/unit/test_cli.py: 469.3960008621216s cumulative, 0.05892586708068848s individual

Writing profile results into memray-string.<MagicMock name='getpid()' id='140602970066080'>.bin
[memray] Successfully generated profile results.

You can now generate reports from the stored allocation records.
Some example commands to generate reports:

/usr/bin/python3 -m memray flamegraph memray-string.<MagicMock name='getpid()' id='140602970066080'>.bin
.
current test PASSED/SKIPPED -- test_run_cmd in /home/kaiyaok2/PythonProjects/memray/tests/unit/test_cli.py: 469.45582842826843s cumulative, 0.059827566146850586s individual


unit/test_highwatermark_command.py ⚠  No debug information was found for the Python interpreter  ⚠

Without debug information reports showing native traces may not include file 
names and line numbers. Please use an interpreter built with debug symbols for 
best results. Check https://bloomberg.github.io/memray/native_mode.html for more
information regarding how memray resolves symbols.

.
current test PASSED/SKIPPED -- test_tracker_and_reporter_interactions_for_peak in /home/kaiyaok2/PythonProjects/memray/tests/unit/test_highwatermark_command.py: 470.4893820285797s cumulative, 1.0335536003112793s individual


unit/test_frame_tools.py .
current test PASSED/SKIPPED -- test_is_frame_from_import_system in /home/kaiyaok2/PythonProjects/memray/tests/unit/test_frame_tools.py: 470.49887442588806s cumulative, 0.00949239730834961s individual

.
current test PASSED/SKIPPED -- test_cpython_internal_calls in /home/kaiyaok2/PythonProjects/memray/tests/unit/test_frame_tools.py: 470.5076005458832s cumulative, 0.008726119995117188s individual

.
current test PASSED/SKIPPED -- test_cpython_internal_calls in /home/kaiyaok2/PythonProjects/memray/tests/unit/test_frame_tools.py: 470.5160675048828s cumulative, 0.008466958999633789s individual

.
current test PASSED/SKIPPED -- test_is_frame_from_import_system in /home/kaiyaok2/PythonProjects/memray/tests/unit/test_frame_tools.py: 470.5242667198181s cumulative, 0.008199214935302734s individual

.
current test PASSED/SKIPPED -- test_frame_interesting in /home/kaiyaok2/PythonProjects/memray/tests/unit/test_frame_tools.py: 470.53263211250305s cumulative, 0.008365392684936523s individual

.
current test PASSED/SKIPPED -- test_cpython_internal_calls in /home/kaiyaok2/PythonProjects/memray/tests/unit/test_frame_tools.py: 470.54079246520996s cumulative, 0.00816035270690918s individual

.
current test PASSED/SKIPPED -- test_is_frame_from_import_system in /home/kaiyaok2/PythonProjects/memray/tests/unit/test_frame_tools.py: 470.5490822792053s cumulative, 0.008289813995361328s individual

.
current test PASSED/SKIPPED -- test_cpython_internal_calls in /home/kaiyaok2/PythonProjects/memray/tests/unit/test_frame_tools.py: 470.55690598487854s cumulative, 0.007823705673217773s individual

.
current test PASSED/SKIPPED -- test_is_frame_from_import_system in /home/kaiyaok2/PythonProjects/memray/tests/unit/test_frame_tools.py: 470.5649735927582s cumulative, 0.008067607879638672s individual

.
current test PASSED/SKIPPED -- test_is_frame_from_import_system in /home/kaiyaok2/PythonProjects/memray/tests/unit/test_frame_tools.py: 470.5729327201843s cumulative, 0.007959127426147461s individual

.
current test PASSED/SKIPPED -- test_is_frame_from_import_system in /home/kaiyaok2/PythonProjects/memray/tests/unit/test_frame_tools.py: 470.5808572769165s cumulative, 0.007924556732177734s individual

.
current test PASSED/SKIPPED -- test_is_frame_from_import_system in /home/kaiyaok2/PythonProjects/memray/tests/unit/test_frame_tools.py: 470.5895302295685s cumulative, 0.008672952651977539s individual

.
current test PASSED/SKIPPED -- test_cpython_internal_calls in /home/kaiyaok2/PythonProjects/memray/tests/unit/test_frame_tools.py: 470.5984694957733s cumulative, 0.008939266204833984s individual

.
current test PASSED/SKIPPED -- test_frame_interesting in /home/kaiyaok2/PythonProjects/memray/tests/unit/test_frame_tools.py: 470.60740661621094s cumulative, 0.00893712043762207s individual

.
current test PASSED/SKIPPED -- test_cpython_internal_calls in /home/kaiyaok2/PythonProjects/memray/tests/unit/test_frame_tools.py: 470.6157479286194s cumulative, 0.008341312408447266s individual

.
current test PASSED/SKIPPED -- test_is_frame_from_import_system in /home/kaiyaok2/PythonProjects/memray/tests/unit/test_frame_tools.py: 470.6237938404083s cumulative, 0.00804591178894043s individual

.
current test PASSED/SKIPPED -- test_is_frame_from_import_system in /home/kaiyaok2/PythonProjects/memray/tests/unit/test_frame_tools.py: 470.631765127182s cumulative, 0.00797128677368164s individual

.
current test PASSED/SKIPPED -- test_is_frame_from_import_system in /home/kaiyaok2/PythonProjects/memray/tests/unit/test_frame_tools.py: 470.6403524875641s cumulative, 0.008587360382080078s individual

.
current test PASSED/SKIPPED -- test_is_frame_from_import_system in /home/kaiyaok2/PythonProjects/memray/tests/unit/test_frame_tools.py: 470.649032831192s cumulative, 0.008680343627929688s individual

.
current test PASSED/SKIPPED -- test_frame_interesting in /home/kaiyaok2/PythonProjects/memray/tests/unit/test_frame_tools.py: 470.65765047073364s cumulative, 0.008617639541625977s individual

.
current test PASSED/SKIPPED -- test_frame_interesting in /home/kaiyaok2/PythonProjects/memray/tests/unit/test_frame_tools.py: 470.66562390327454s cumulative, 0.007973432540893555s individual

.
current test PASSED/SKIPPED -- test_frame_interesting in /home/kaiyaok2/PythonProjects/memray/tests/unit/test_frame_tools.py: 470.6738486289978s cumulative, 0.008224725723266602s individual

.
current test PASSED/SKIPPED -- test_is_frame_from_import_system in /home/kaiyaok2/PythonProjects/memray/tests/unit/test_frame_tools.py: 470.68210554122925s cumulative, 0.008256912231445312s individual

.
current test PASSED/SKIPPED -- test_is_frame_from_import_system in /home/kaiyaok2/PythonProjects/memray/tests/unit/test_frame_tools.py: 470.69050669670105s cumulative, 0.008401155471801758s individual

.
current test PASSED/SKIPPED -- test_cpython_internal_calls in /home/kaiyaok2/PythonProjects/memray/tests/unit/test_frame_tools.py: 470.69975209236145s cumulative, 0.00924539566040039s individual


unit/test_reader.py .
current test PASSED/SKIPPED -- test_rejects_different_header_version in /home/kaiyaok2/PythonProjects/memray/tests/unit/test_reader.py: 471.84637475013733s cumulative, 1.146622657775879s individual


integration/test_tracking.py .
current test PASSED/SKIPPED -- test_allocations_that_are_freed_do_not_appear_as_leaks in /home/kaiyaok2/PythonProjects/memray/tests/integration/test_tracking.py: 473.4232141971588s cumulative, 1.5768394470214844s individual

.
current test PASSED/SKIPPED -- test_temporary_allocations_when_filling_vector_without_preallocating_small_buffer in /home/kaiyaok2/PythonProjects/memray/tests/integration/test_tracking.py: 475.151713848114s cumulative, 1.7284996509552002s individual

.
current test PASSED/SKIPPED -- test_simple_pymalloc_allocation_tracking in /home/kaiyaok2/PythonProjects/memray/tests/integration/test_tracking.py: 476.6424195766449s cumulative, 1.4907057285308838s individual

.
current test PASSED/SKIPPED -- test_allocations_aggregation_on_same_line in /home/kaiyaok2/PythonProjects/memray/tests/integration/test_tracking.py: 478.12505865097046s cumulative, 1.4826390743255615s individual

.
current test PASSED/SKIPPED -- test_munmap_multiple_mmaps_multiple_munmaps in /home/kaiyaok2/PythonProjects/memray/tests/integration/test_tracking.py: 479.29725790023804s cumulative, 1.1721992492675781s individual

.
current test PASSED/SKIPPED -- test_simple_allocation_tracking in /home/kaiyaok2/PythonProjects/memray/tests/integration/test_tracking.py: 480.6599624156952s cumulative, 1.3627045154571533s individual


unit/test_table_reporter.py .
current test PASSED/SKIPPED -- test_single_allocation in /home/kaiyaok2/PythonProjects/memray/tests/unit/test_table_reporter.py: 480.68823528289795s cumulative, 0.02827286720275879s individual

.
current test PASSED/SKIPPED -- test_empty_stack_trace in /home/kaiyaok2/PythonProjects/memray/tests/unit/test_table_reporter.py: 480.71348094940186s cumulative, 0.02524566650390625s individual

.
current test PASSED/SKIPPED -- test_multiple_allocations in /home/kaiyaok2/PythonProjects/memray/tests/unit/test_table_reporter.py: 480.73940229415894s cumulative, 0.025921344757080078s individual

.
current test PASSED/SKIPPED -- test_single_native_allocation in /home/kaiyaok2/PythonProjects/memray/tests/unit/test_table_reporter.py: 480.76342701911926s cumulative, 0.02402472496032715s individual

.
current test PASSED/SKIPPED -- test_empty_report in /home/kaiyaok2/PythonProjects/memray/tests/unit/test_table_reporter.py: 480.7888376712799s cumulative, 0.02541065216064453s individual


integration/test_tracking.py .
current test PASSED/SKIPPED -- test_simple_allocation_tracking in /home/kaiyaok2/PythonProjects/memray/tests/integration/test_tracking.py: 483.15882658958435s cumulative, 2.3699889183044434s individual


integration/test_main.py .
current test PASSED/SKIPPED -- test_run_file_that_is_not_python in /home/kaiyaok2/PythonProjects/memray/tests/integration/test_main.py: 483.70433235168457s cumulative, 0.5455057621002197s individual

.
current test PASSED/SKIPPED -- test_run_file_that_is_not_python in /home/kaiyaok2/PythonProjects/memray/tests/integration/test_main.py: 484.46008372306824s cumulative, 0.755751371383667s individual


unit/test_tree_reporter.py .
current test PASSED/SKIPPED -- test_select_screen in /home/kaiyaok2/PythonProjects/memray/tests/unit/test_tree_reporter.py: 509.6046242713928s cumulative, 25.144540548324585s individual

.
current test PASSED/SKIPPED -- test_only_biggest_chain_is_expanded in /home/kaiyaok2/PythonProjects/memray/tests/unit/test_tree_reporter.py: 516.269923210144s cumulative, 6.665298938751221s individual

.
current test PASSED/SKIPPED -- test_single_chain_is_expanded in /home/kaiyaok2/PythonProjects/memray/tests/unit/test_tree_reporter.py: 557.3850412368774s cumulative, 41.1151180267334s individual


integration/test_extensions.py .
current test PASSED/SKIPPED -- test_hard_exit in /home/kaiyaok2/PythonProjects/memray/tests/integration/test_extensions.py: 571.8888118267059s cumulative, 14.503770589828491s individual

.
current test PASSED/SKIPPED -- test_native_dlopen in /home/kaiyaok2/PythonProjects/memray/tests/integration/test_extensions.py: 638.5511503219604s cumulative, 66.66233849525452s individual

.
current test PASSED/SKIPPED -- test_valloc_at_thread_exit_in_subprocess in /home/kaiyaok2/PythonProjects/memray/tests/integration/test_extensions.py: 669.2590720653534s cumulative, 30.707921743392944s individual


integration/test_main.py .
current test PASSED/SKIPPED -- test_quiet in /home/kaiyaok2/PythonProjects/memray/tests/integration/test_main.py: 676.8304307460785s cumulative, 7.571358680725098s individual

.
current test PASSED/SKIPPED -- test_report_temporary_allocations_argument in /home/kaiyaok2/PythonProjects/memray/tests/integration/test_main.py: 698.6115517616272s cumulative, 21.781121015548706s individual

.
current test PASSED/SKIPPED -- test_report_temporary_allocations_argument in /home/kaiyaok2/PythonProjects/memray/tests/integration/test_main.py: 719.9999899864197s cumulative, 21.38843822479248s individual


integration/test_tracking.py .
current test PASSED/SKIPPED -- test_no_allocations in /home/kaiyaok2/PythonProjects/memray/tests/integration/test_tracking.py: 722.578421831131s cumulative, 2.5784318447113037s individual


integration/test_main.py .
current test PASSED/SKIPPED -- test_report_both_temporary_allocation_arguments in /home/kaiyaok2/PythonProjects/memray/tests/integration/test_main.py: 739.8800494670868s cumulative, 17.30162763595581s individual


integration/test_tracing.py .
current test PASSED/SKIPPED -- test_cython_frame_in_pre_existing_thread_stack_when_restarting_tracking in /home/kaiyaok2/PythonProjects/memray/tests/integration/test_tracing.py: 747.0680818557739s cumulative, 7.188032388687134s individual


integration/test_native_tracking.py .
current test PASSED/SKIPPED -- test_deep_call_chain_with_native_tracking in /home/kaiyaok2/PythonProjects/memray/tests/integration/test_native_tracking.py: 760.878574848175s cumulative, 13.810492992401123s individual


integration/test_ipython.py .
current test PASSED/SKIPPED -- test_passing_help_argument in /home/kaiyaok2/PythonProjects/memray/tests/integration/test_ipython.py: 761.6495404243469s cumulative, 0.770965576171875s individual


integration/test_main.py .
current test PASSED/SKIPPED -- test_run_file_that_is_not_python in /home/kaiyaok2/PythonProjects/memray/tests/integration/test_main.py: 762.0955820083618s cumulative, 0.4460415840148926s individual


unit/test_tui_reporter.py .
current test PASSED/SKIPPED -- test_sorting in /home/kaiyaok2/PythonProjects/memray/tests/unit/test_tui_reporter.py: 789.8623473644257s cumulative, 27.766765356063843s individual


integration/test_processes.py [AllocationRecord<tid=0x1, address=0x5642b4131120, size=1.205KB, allocator=13, allocations=1>, AllocationRecord<tid=0x1, address=0x5642b4131120, size=N/A, allocator=15, allocations=1>, AllocationRecord<tid=0x1, address=0x5642b4131120, size=1.205KB, allocator=13, allocations=1>, AllocationRecord<tid=0x1, address=0x5642b4131120, size=N/A, allocator=15, allocations=1>, AllocationRecord<tid=0x1, address=0x5642b4131120, size=1.205KB, allocator=13, allocations=1>, AllocationRecord<tid=0x1, address=0x5642b4131120, size=N/A, allocator=15, allocations=1>, AllocationRecord<tid=0x1, address=0x5642b4131120, size=1.205KB, allocator=13, allocations=1>, AllocationRecord<tid=0x1, address=0x5642b4131120, size=N/A, allocator=15, allocations=1>, AllocationRecord<tid=0x1, address=0x5642b4131120, size=1.205KB, allocator=13, allocations=1>, AllocationRecord<tid=0x1, address=0x5642b4131120, size=N/A, allocator=15, allocations=1>, AllocationRecord<tid=0x1, address=0x5642b4131120, size=1.205KB, allocator=13, allocations=1>, AllocationRecord<tid=0x1, address=0x5642b4131120, size=N/A, allocator=15, allocations=1>, AllocationRecord<tid=0x1, address=0x5642b4131120, size=1.205KB, allocator=13, allocations=1>, AllocationRecord<tid=0x1, address=0x5642b4131120, size=N/A, allocator=15, allocations=1>, AllocationRecord<tid=0x1, address=0x5642b4131120, size=1.205KB, allocator=13, allocations=1>, AllocationRecord<tid=0x1, address=0x5642b4131120, size=N/A, allocator=15, allocations=1>, AllocationRecord<tid=0x1, address=0x5642b4131120, size=1.205KB, allocator=13, allocations=1>, AllocationRecord<tid=0x1, address=0x5642b4131120, size=N/A, allocator=15, allocations=1>, AllocationRecord<tid=0x1, address=0x5642b4131120, size=1.205KB, allocator=13, allocations=1>, AllocationRecord<tid=0x1, address=0x5642b4131120, size=N/A, allocator=15, allocations=1>]
.
current test PASSED/SKIPPED -- test_pymalloc_allocations_after_fork in /home/kaiyaok2/PythonProjects/memray/tests/integration/test_processes.py: 795.3609461784363s cumulative, 5.49859881401062s individual


unit/test_highwatermark_command.py .
current test PASSED/SKIPPED -- test_succeeds_when_given_output_exists_but_can_overwrite in /home/kaiyaok2/PythonProjects/memray/tests/unit/test_highwatermark_command.py: 795.4593589305878s cumulative, 0.09841275215148926s individual

.
current test PASSED/SKIPPED -- test_generates_output_name_when_none in /home/kaiyaok2/PythonProjects/memray/tests/unit/test_highwatermark_command.py: 795.5294952392578s cumulative, 0.07013630867004395s individual

.
current test PASSED/SKIPPED -- test_uses_determine_output_filename_when_output_is_none in /home/kaiyaok2/PythonProjects/memray/tests/unit/test_highwatermark_command.py: 795.6103718280792s cumulative, 0.08087658882141113s individual

.
current test PASSED/SKIPPED -- test_uses_output_name_as_given in /home/kaiyaok2/PythonProjects/memray/tests/unit/test_highwatermark_command.py: 795.6797745227814s cumulative, 0.06940269470214844s individual

.
current test PASSED/SKIPPED -- test_succeeds_when_fallback_output_exists_but_can_overwrite in /home/kaiyaok2/PythonProjects/memray/tests/unit/test_highwatermark_command.py: 795.7941179275513s cumulative, 0.11434340476989746s individual

.
current test PASSED/SKIPPED -- test_fails_when_fallback_output_exists in /home/kaiyaok2/PythonProjects/memray/tests/unit/test_highwatermark_command.py: 795.9375355243683s cumulative, 0.1434175968170166s individual

.
current test PASSED/SKIPPED -- test_fails_when_given_output_exists in /home/kaiyaok2/PythonProjects/memray/tests/unit/test_highwatermark_command.py: 796.0981533527374s cumulative, 0.16061782836914062s individual

.
current test PASSED/SKIPPED -- test_fails_when_results_does_not_exist in /home/kaiyaok2/PythonProjects/memray/tests/unit/test_highwatermark_command.py: 796.1845932006836s cumulative, 0.08643984794616699s individual


integration/test_tracking.py .
current test PASSED/SKIPPED -- test_leak_that_happens_in_the_middle_is_detected in /home/kaiyaok2/PythonProjects/memray/tests/integration/test_tracking.py: 798.5165297985077s cumulative, 2.3319365978240967s individual

.
current test PASSED/SKIPPED -- test_unmatched_deallocations_are_not_reported in /home/kaiyaok2/PythonProjects/memray/tests/integration/test_tracking.py: 800.8393607139587s cumulative, 2.32283091545105s individual

.
current test PASSED/SKIPPED -- test_leaks_that_happen_in_different_lines in /home/kaiyaok2/PythonProjects/memray/tests/integration/test_tracking.py: 802.472165107727s cumulative, 1.6328043937683105s individual

.
current test PASSED/SKIPPED -- test_thread_allocations_multiple_threads in /home/kaiyaok2/PythonProjects/memray/tests/integration/test_tracking.py: 804.2018623352051s cumulative, 1.7296972274780273s individual

.
current test PASSED/SKIPPED -- test_pymalloc_allocation_tracking_deactivated in /home/kaiyaok2/PythonProjects/memray/tests/integration/test_tracking.py: 806.0488901138306s cumulative, 1.8470277786254883s individual

.
current test PASSED/SKIPPED -- test_simple_pymalloc_allocation_tracking in /home/kaiyaok2/PythonProjects/memray/tests/integration/test_tracking.py: 807.5820789337158s cumulative, 1.533188819885254s individual

.
current test PASSED/SKIPPED -- test_thread_allocations_multiple_threads in /home/kaiyaok2/PythonProjects/memray/tests/integration/test_tracking.py: 809.3598158359528s cumulative, 1.7777369022369385s individual

.
current test PASSED/SKIPPED -- test_temporary_allocations_that_happen_in_different_lines in /home/kaiyaok2/PythonProjects/memray/tests/integration/test_tracking.py: 810.8551278114319s cumulative, 1.495311975479126s individual

.
current test PASSED/SKIPPED -- test_simple_pymalloc_allocation_tracking in /home/kaiyaok2/PythonProjects/memray/tests/integration/test_tracking.py: 812.6961860656738s cumulative, 1.8410582542419434s individual

.
current test PASSED/SKIPPED -- test_simple_allocation_tracking in /home/kaiyaok2/PythonProjects/memray/tests/integration/test_tracking.py: 814.4095923900604s cumulative, 1.7134063243865967s individual

.
current test PASSED/SKIPPED -- test_allocations_after_high_watermark_is_freed_do_not_appear in /home/kaiyaok2/PythonProjects/memray/tests/integration/test_tracking.py: 815.4897999763489s cumulative, 1.0802075862884521s individual

.
current test PASSED/SKIPPED -- test_freed_before_high_watermark_do_not_appear in /home/kaiyaok2/PythonProjects/memray/tests/integration/test_tracking.py: 816.3637764453888s cumulative, 0.873976469039917s individual

.
current test PASSED/SKIPPED -- test_munmap_multiple_mmaps_multiple_munmaps in /home/kaiyaok2/PythonProjects/memray/tests/integration/test_tracking.py: 817.1448829174042s cumulative, 0.7811064720153809s individual

.
current test PASSED/SKIPPED -- test_partial_munmap_multiple_split_in_middle in /home/kaiyaok2/PythonProjects/memray/tests/integration/test_tracking.py: 818.2648813724518s cumulative, 1.1199984550476074s individual

.
current test PASSED/SKIPPED -- test_partial_munmap_multiple_split_in_middle in /home/kaiyaok2/PythonProjects/memray/tests/integration/test_tracking.py: 819.1347196102142s cumulative, 0.8698382377624512s individual

.
current test PASSED/SKIPPED -- test_simple_allocation_tracking in /home/kaiyaok2/PythonProjects/memray/tests/integration/test_tracking.py: 820.3091442584991s cumulative, 1.174424648284912s individual

.
current test PASSED/SKIPPED -- test_freed_before_high_watermark_do_not_appear in /home/kaiyaok2/PythonProjects/memray/tests/integration/test_tracking.py: 821.4871082305908s cumulative, 1.1779639720916748s individual

.
current test PASSED/SKIPPED -- test_simple_allocation_tracking in /home/kaiyaok2/PythonProjects/memray/tests/integration/test_tracking.py: 822.5177450180054s cumulative, 1.0306367874145508s individual

.
current test PASSED/SKIPPED -- test_aggregation_same_python_stack_and_same_native_stack in /home/kaiyaok2/PythonProjects/memray/tests/integration/test_tracking.py: 823.2814724445343s cumulative, 0.7637274265289307s individual


integration/test_main.py .
current test PASSED/SKIPPED -- test_temporary_allocations_summary in /home/kaiyaok2/PythonProjects/memray/tests/integration/test_main.py: 827.3313903808594s cumulative, 4.049917936325073s individual


test_utils.py .
current test PASSED/SKIPPED -- test_looks_like_AllocationRecord in /home/kaiyaok2/PythonProjects/memray/tests/test_utils.py: 827.3503241539001s cumulative, 0.018933773040771484s individual

.
current test PASSED/SKIPPED -- test_equality in /home/kaiyaok2/PythonProjects/memray/tests/test_utils.py: 827.3679735660553s cumulative, 0.017649412155151367s individual

.
current test PASSED/SKIPPED -- test_holds_values_at_correct_names in /home/kaiyaok2/PythonProjects/memray/tests/test_utils.py: 827.3846936225891s cumulative, 0.016720056533813477s individual

.
current test PASSED/SKIPPED -- test_filters_based_on_addresses in /home/kaiyaok2/PythonProjects/memray/tests/test_utils.py: 827.3999767303467s cumulative, 0.01528310775756836s individual

.
current test PASSED/SKIPPED -- test_free_records_with_valid_addresses_that_dont_match_do_not_appear in /home/kaiyaok2/PythonProjects/memray/tests/test_utils.py: 827.420991897583s cumulative, 0.021015167236328125s individual

.
current test PASSED/SKIPPED -- test_free_records_with_unmatched_addresses_do_not_appear in /home/kaiyaok2/PythonProjects/memray/tests/test_utils.py: 827.4408299922943s cumulative, 0.01983809471130371s individual

.
current test PASSED/SKIPPED -- test_filters_for_valloc_and_free in /home/kaiyaok2/PythonProjects/memray/tests/test_utils.py: 827.4624235630035s cumulative, 0.021593570709228516s individual


integration/test_tracking.py .
current test PASSED/SKIPPED -- test_simple_pymalloc_allocation_tracking in /home/kaiyaok2/PythonProjects/memray/tests/integration/test_tracking.py: 828.5730187892914s cumulative, 1.1105952262878418s individual

.
current test PASSED/SKIPPED -- test_multiple_high_watermark in /home/kaiyaok2/PythonProjects/memray/tests/integration/test_tracking.py: 829.9785153865814s cumulative, 1.405496597290039s individual


unit/test_tui_reporter.py .
current test PASSED/SKIPPED -- test_header_with_empty_snapshot in /home/kaiyaok2/PythonProjects/memray/tests/unit/test_tui_reporter.py: 834.2127480506897s cumulative, 4.234232664108276s individual

.
current test PASSED/SKIPPED -- test_tui_pause in /home/kaiyaok2/PythonProjects/memray/tests/unit/test_tui_reporter.py: 845.4970195293427s cumulative, 11.284271478652954s individual

.
current test PASSED/SKIPPED -- test_command_line_display in /home/kaiyaok2/PythonProjects/memray/tests/unit/test_tui_reporter.py: 847.1413810253143s cumulative, 1.6443614959716797s individual


integration/test_main.py .
current test PASSED/SKIPPED -- test_leaks_with_pymalloc_warning in /home/kaiyaok2/PythonProjects/memray/tests/integration/test_main.py: 851.3778994083405s cumulative, 4.236518383026123s individual

.
current test PASSED/SKIPPED -- test_json_generated_to_pretty_file_name in /home/kaiyaok2/PythonProjects/memray/tests/integration/test_main.py: 853.8136286735535s cumulative, 2.4357292652130127s individual

.
current test PASSED/SKIPPED -- test_report_detects_missing_input in /home/kaiyaok2/PythonProjects/memray/tests/integration/test_main.py: 855.306871175766s cumulative, 1.4932425022125244s individual

.
current test PASSED/SKIPPED -- test_summary_generated in /home/kaiyaok2/PythonProjects/memray/tests/integration/test_main.py: 860.841977596283s cumulative, 5.535106420516968s individual


unit/test_flamegraph_reporter.py .
current test PASSED/SKIPPED -- test_inverted_sanity_check_with_real_allocations in /home/kaiyaok2/PythonProjects/memray/tests/unit/test_flamegraph_reporter.py: 862.4405705928802s cumulative, 1.59859299659729s individual

.
current test PASSED/SKIPPED -- test_very_deep_call_is_limited in /home/kaiyaok2/PythonProjects/memray/tests/unit/test_flamegraph_reporter.py: 863.9009363651276s cumulative, 1.4603657722473145s individual


integration/test_tracing.py .
current test PASSED/SKIPPED -- test_thread_surviving_multiple_trackers_with_changing_callstack in /home/kaiyaok2/PythonProjects/memray/tests/integration/test_tracing.py: 866.6741018295288s cumulative, 2.773165464401245s individual


integration/test_tracking.py .
current test PASSED/SKIPPED -- test_intertwined_temporary_allocations_in_threads in /home/kaiyaok2/PythonProjects/memray/tests/integration/test_tracking.py: 867.7537431716919s cumulative, 1.079641342163086s individual


integration/test_main.py .
current test PASSED/SKIPPED -- test_output_file_already_exists in /home/kaiyaok2/PythonProjects/memray/tests/integration/test_main.py: 869.5522294044495s cumulative, 1.7984862327575684s individual

['MEMORY_SNAPSHOT time=1705792035683 rss=673734656 heap=0', 'MEMORY_SNAPSHOT time=1705792035694 rss=673734656 heap=0', 'MEMORY_SNAPSHOT time=1705792035704 rss=673734656 heap=0', 'MEMORY_SNAPSHOT time=1705792035714 rss=673734656 heap=0', 'MEMORY_SNAPSHOT time=1705792035724 rss=673734656 heap=0', 'MEMORY_SNAPSHOT time=1705792035735 rss=673734656 heap=0', 'MEMORY_SNAPSHOT time=1705792035745 rss=673734656 heap=0', 'MEMORY_SNAPSHOT time=1705792035755 rss=673734656 heap=0', 'MEMORY_SNAPSHOT time=1705792035765 rss=673734656 heap=0', 'MEMORY_SNAPSHOT time=1705792035776 rss=673734656 heap=0', 'MEMORY_SNAPSHOT time=1705792035786 rss=673734656 heap=0', 'MEMORY_SNAPSHOT time=1705792035796 rss=673734656 heap=0', 'MEMORY_SNAPSHOT time=1705792035806 rss=673734656 heap=0', 'MEMORY_SNAPSHOT time=1705792035816 rss=673734656 heap=0', 'MEMORY_SNAPSHOT time=1705792035827 rss=673734656 heap=0', 'MEMORY_SNAPSHOT time=1705792035837 rss=673734656 heap=0', 'MEMORY_SNAPSHOT time=1705792035847 rss=673734656 heap=0', 'MEMORY_SNAPSHOT time=1705792035858 rss=673734656 heap=0', 'MEMORY_SNAPSHOT time=1705792035868 rss=673734656 heap=0', 'MEMORY_SNAPSHOT time=1705792035878 rss=673734656 heap=0', 'MEMORY_SNAPSHOT time=1705792035888 rss=673734656 heap=0', 'MEMORY_SNAPSHOT time=1705792035899 rss=673734656 heap=0', 'MEMORY_SNAPSHOT time=1705792035909 rss=673734656 heap=0', 'MEMORY_SNAPSHOT time=1705792035919 rss=673734656 heap=0', 'MEMORY_SNAPSHOT time=1705792035929 rss=673734656 heap=0', 'MEMORY_SNAPSHOT time=1705792035940 rss=673734656 heap=0', 'MEMORY_SNAPSHOT time=1705792035950 rss=673734656 heap=0', 'MEMORY_SNAPSHOT time=1705792035960 rss=673734656 heap=0', 'MEMORY_SNAPSHOT time=1705792035970 rss=673734656 heap=0', 'MEMORY_SNAPSHOT time=1705792035981 rss=673734656 heap=0', 'MEMORY_SNAPSHOT time=1705792035991 rss=673734656 heap=0', 'MEMORY_SNAPSHOT time=1705792036001 rss=673734656 heap=0', 'MEMORY_SNAPSHOT time=1705792036011 rss=673734656 heap=0', 'MEMORY_SNAPSHOT time=1705792036022 rss=673734656 heap=0', 'MEMORY_SNAPSHOT time=1705792036032 rss=673734656 heap=0', 'MEMORY_SNAPSHOT time=1705792036042 rss=673734656 heap=0', 'MEMORY_SNAPSHOT time=1705792036052 rss=673734656 heap=0', 'MEMORY_SNAPSHOT time=1705792036062 rss=673734656 heap=0', 'MEMORY_SNAPSHOT time=1705792036072 rss=673734656 heap=0', 'MEMORY_SNAPSHOT time=1705792036083 rss=673734656 heap=0', 'MEMORY_SNAPSHOT time=1705792036093 rss=673734656 heap=0', 'MEMORY_SNAPSHOT time=1705792036103 rss=673734656 heap=0', 'MEMORY_SNAPSHOT time=1705792036114 rss=673734656 heap=0', 'MEMORY_SNAPSHOT time=1705792036124 rss=673734656 heap=0', 'MEMORY_SNAPSHOT time=1705792036134 rss=673734656 heap=0', 'MEMORY_SNAPSHOT time=1705792036144 rss=673734656 heap=0', 'MEMORY_SNAPSHOT time=1705792036155 rss=673734656 heap=0', 'MEMORY_SNAPSHOT time=1705792036165 rss=673734656 heap=0', 'MEMORY_SNAPSHOT time=1705792036175 rss=673734656 heap=0', 'MEMORY_SNAPSHOT time=1705792036185 rss=673734656 heap=0', 'MEMORY_SNAPSHOT time=1705792036196 rss=673734656 heap=0', 'MEMORY_SNAPSHOT time=1705792036206 rss=673734656 heap=0', 'MEMORY_SNAPSHOT time=1705792036216 rss=673734656 heap=0', 'MEMORY_SNAPSHOT time=1705792036227 rss=673734656 heap=0', 'MEMORY_SNAPSHOT time=1705792036237 rss=673734656 heap=0', 'MEMORY_SNAPSHOT time=1705792036247 rss=673734656 heap=0', 'MEMORY_SNAPSHOT time=1705792036257 rss=673734656 heap=0', 'MEMORY_SNAPSHOT time=1705792036268 rss=673734656 heap=0', 'MEMORY_SNAPSHOT time=1705792036278 rss=673734656 heap=0', 'MEMORY_SNAPSHOT time=1705792036288 rss=673734656 heap=0', 'MEMORY_SNAPSHOT time=1705792036298 rss=673734656 heap=0', 'MEMORY_SNAPSHOT time=1705792036309 rss=673734656 heap=0', 'MEMORY_SNAPSHOT time=1705792036319 rss=673734656 heap=0', 'MEMORY_SNAPSHOT time=1705792036329 rss=673734656 heap=0', 'MEMORY_SNAPSHOT time=1705792036339 rss=673734656 heap=0', 'MEMORY_SNAPSHOT time=1705792036350 rss=673734656 heap=0', 'MEMORY_SNAPSHOT time=1705792036360 rss=673734656 heap=0', 'MEMORY_SNAPSHOT time=1705792036371 rss=673734656 heap=0', 'MEMORY_SNAPSHOT time=1705792036381 rss=673734656 heap=0', 'MEMORY_SNAPSHOT time=1705792036392 rss=673734656 heap=0', 'MEMORY_SNAPSHOT time=1705792036402 rss=673734656 heap=0', 'MEMORY_SNAPSHOT time=1705792036413 rss=673734656 heap=0', 'MEMORY_SNAPSHOT time=1705792036423 rss=673734656 heap=0', 'MEMORY_SNAPSHOT time=1705792036433 rss=673734656 heap=0', 'MEMORY_SNAPSHOT time=1705792036444 rss=673734656 heap=0', 'MEMORY_SNAPSHOT time=1705792036454 rss=673734656 heap=0', 'CONTEXT_SWITCH tid=1', 'THREAD_RECORD main', 'MEMORY_MAP_START', 'SEGMENT_HEADER filename=/usr/bin/python3.10 num_segments=4 addr=0x5642abcf3000', 'SEGMENT (nil) 6c228', 'SEGMENT 0x6d000 2af2fd', 'SEGMENT 0x31d000 23e548', 'SEGMENT 0x55c830 8b6a8', 'SEGMENT_HEADER filename=/lib/x86_64-linux-gnu/libm.so.6 num_segments=4 addr=0x7fe0b2e39000', 'SEGMENT (nil) d2e0', 'SEGMENT 0xe000 7b8d5', 'SEGMENT 0x8a000 5a7e4', 'SEGMENT 0xe5d80 388', 'SEGMENT_HEADER filename=/lib/x86_64-linux-gnu/libexpat.so.1 num_segments=4 addr=0x7fe0b2e08000', 'SEGMENT (nil) 3288', 'SEGMENT 0x4000 1e5b5', 'SEGMENT 0x23000 9c0c', 'SEGMENT 0x2e590 1b28', 'SEGMENT_HEADER filename=/lib/x86_64-linux-gnu/libz.so.1 num_segments=4 addr=0x7fe0b2dec000', 'SEGMENT (nil) 1f38', 'SEGMENT 0x2000 10c21', 'SEGMENT 0x13000 5e74', 'SEGMENT 0x1ac90 428', 'SEGMENT_HEADER filename=/lib/x86_64-linux-gnu/libc.so.6 num_segments=4 addr=0x7fe0b2bc3000', 'SEGMENT (nil) 27fe0', 'SEGMENT 0x28000 194341', 'SEGMENT 0x1bd000 57924', 'SEGMENT 0x2168f0 12560', 'SEGMENT_HEADER filename=/lib64/ld-linux-x86-64.so.2 num_segments=4 addr=0x7fe0b2f29000', 'SEGMENT (nil) 1b50', 'SEGMENT 0x2000 29315', 'SEGMENT 0x2c000 af34', 'SEGMENT 0x38620 2cb8', 'SEGMENT_HEADER filename=/usr/lib/python3.10/lib-dynload/_opcode.cpython-310-x86_64-linux-gnu.so num_segments=4 addr=0x7fe0b2671000', 'SEGMENT (nil) 8d8', 'SEGMENT 0x1000 43d', 'SEGMENT 0x2000 2a4', 'SEGMENT 0x3e10 360', 'SEGMENT_HEADER filename=/usr/lib/python3.10/lib-dynload/_bz2.cpython-310-x86_64-linux-gnu.so num_segments=4 addr=0x7fe0b2668000', 'SEGMENT (nil) 1618', 'SEGMENT 0x2000 2219', 'SEGMENT 0x5000 128c', 'SEGMENT 0x7db0 748', 'SEGMENT_HEADER filename=/lib/x86_64-linux-gnu/libbz2.so.1.0 num_segments=4 addr=0x7fe0b22f5000', 'SEGMENT (nil) 1248', 'SEGMENT 0x2000 c571', 'SEGMENT 0xf000 15e8', 'SEGMENT 0x11c90 f98', 'SEGMENT_HEADER filename=/usr/lib/python3.10/lib-dynload/_lzma.cpython-310-x86_64-linux-gnu.so num_segments=4 addr=0x7fe0b265c000', 'SEGMENT (nil) 2208', 'SEGMENT 0x3000 38f1', 'SEGMENT 0x7000 243c', 'SEGMENT 0xad70 ac8', 'SEGMENT_HEADER filename=/lib/x86_64-linux-gnu/liblzma.so.5 num_segments=4 addr=0x7fe0b22ca000', 'SEGMENT (nil) 27b0', 'SEGMENT 0x3000 1a0ed', 'SEGMENT 0x1e000 a84c', 'SEGMENT 0x29ab0 658', 'SEGMENT_HEADER filename=/usr/lib/python3.10/lib-dynload/_uuid.cpython-310-x86_64-linux-gnu.so num_segments=4 addr=0x7fe0b2657000', 'SEGMENT (nil) 738', 'SEGMENT 0x1000 239', 'SEGMENT 0x2000 12c', 'SEGMENT 0x3e00 330', 'SEGMENT_HEADER filename=/lib/x86_64-linux-gnu/libuuid.so.1 num_segments=4 addr=0x7fe0b20ba000', 'SEGMENT (nil) 1450', 'SEGMENT 0x2000 3d76', 'SEGMENT 0x6000 880', 'SEGMENT 0x7c70 3b8', 'SEGMENT_HEADER filename=/usr/lib/python3.10/lib-dynload/_json.cpython-310-x86_64-linux-gnu.so num_segments=4 addr=0x7fe0b2444000', 'SEGMENT (nil) 1f30', 'SEGMENT 0x2000 6695', 'SEGMENT 0x9000 1454', 'SEGMENT 0xbdf8 a78', 'SEGMENT_HEADER filename=/usr/lib/python3.10/lib-dynload/_decimal.cpython-310-x86_64-linux-gnu.so num_segments=4 addr=0x7fe0b2417000', 'SEGMENT (nil) 74f8', 'SEGMENT 0x8000 140d1', 'SEGMENT 0x1d000 b130', 'SEGMENT 0x29d18 2d38', 'SEGMENT_HEADER filename=/lib/x86_64-linux-gnu/libmpdec.so.3 num_segments=4 addr=0x7fe0b1dfa000', 'SEGMENT (nil) 4f80', 'SEGMENT 0x5000 203f5', 'SEGMENT 0x26000 690c', 'SEGMENT 0x2dc10 618', 'SEGMENT_HEADER filename=/usr/lib/python3.10/lib-dynload/_hashlib.cpython-310-x86_64-linux-gnu.so num_segments=4 addr=0x7fe0b1ae9000', 'SEGMENT (nil) 3998', 'SEGMENT 0x4000 5fd9', 'SEGMENT 0xa000 3708', 'SEGMENT 0xe7f0 1880', 'SEGMENT_HEADER filename=/lib/x86_64-linux-gnu/libcrypto.so.3 num_segments=4 addr=0x7fe0b16a6000', 'SEGMENT (nil) b1c28', 'SEGMENT 0xb2000 25de31', 'SEGMENT 0x310000 d1770', 'SEGMENT 0x3e2ff0 5f4d0', 'SEGMENT_HEADER filename=/usr/lib/python3.10/lib-dynload/_sqlite3.cpython-310-x86_64-linux-gnu.so num_segments=4 addr=0x7fe0b168a000', 'SEGMENT (nil) 55e8', 'SEGMENT 0x6000 d155', 'SEGMENT 0x14000 49a4', 'SEGMENT 0x19bd0 1d78', 'SEGMENT_HEADER filename=/lib/x86_64-linux-gnu/libsqlite3.so.0 num_segments=4 addr=0x7fe0b153d000', 'SEGMENT (nil) 1d7d8', 'SEGMENT 0x1e000 eb4dd', 'SEGMENT 0x10a000 3a3ec', 'SEGMENT 0x145ed0 6ae8', 'SEGMENT_HEADER filename=/home/kaiyaok2/.local/lib/python3.10/site-packages/coverage/tracer.cpython-310-x86_64-linux-gnu.so num_segments=4 addr=0x7fe0b2410000', 'SEGMENT (nil) 1970', 'SEGMENT 0x2000 19c1', 'SEGMENT 0x4000 8a4', 'SEGMENT 0x5d50 c18', 'SEGMENT_HEADER filename=/lib/x86_64-linux-gnu/libpthread.so.0 num_segments=4 addr=0x7fe0b2652000', 'SEGMENT (nil) aa8', 'SEGMENT 0x1000 115', 'SEGMENT 0x2000 188', 'SEGMENT 0x3e00 228', 'SEGMENT_HEADER filename=/home/kaiyaok2/.local/lib/python3.10/site-packages/numpy/core/_multiarray_umath.cpython-310-x86_64-linux-gnu.so num_segments=6 addr=0x7fe0b0ec6000', 'SEGMENT (nil) 27f28', 'SEGMENT 0x28000 3f9045', 'SEGMENT 0x422000 107608', 'SEGMENT 0x52b2f0 43d18', 'SEGMENT 0x570000 38e0', 'SEGMENT 0x574000 2ff0', 'SEGMENT_HEADER filename=/home/kaiyaok2/.local/lib/python3.10/site-packages/numpy/core/../../numpy.libs/libopenblas64_p-r0-742d56dc.3.20.so num_segments=4 addr=0x7fe0aee00000', 'SEGMENT (nil) 1d98558', 'SEGMENT 0x1f98700 2af28', 'SEGMENT 0x1fc4000 5d188', 'SEGMENT 0x2022000 43938', 'SEGMENT_HEADER filename=/home/kaiyaok2/.local/lib/python3.10/site-packages/numpy/core/../../numpy.libs/libgfortran-040039e1.so.5.0.0 num_segments=4 addr=0x7fe0ae800000', 'SEGMENT (nil) 2752ec', 'SEGMENT 0x475310 2160', 'SEGMENT 0x478000 b5f0', 'SEGMENT 0x484000 8c70', 'SEGMENT_HEADER filename=/home/kaiyaok2/.local/lib/python3.10/site-packages/numpy/core/../../numpy.libs/libquadmath-96973f99.so.0.0.0 num_segments=3 addr=0x7fe0ae400000', 'SEGMENT (nil) 3a4cc', 'SEGMENT 0x23ada0 6f0', 'SEGMENT 0x23c000 738', 'SEGMENT_HEADER filename=/lib/x86_64-linux-gnu/libgcc_s.so.1 num_segments=4 addr=0x7fe0b0ea6000', 'SEGMENT (nil) 2d08', 'SEGMENT 0x3000 16815', 'SEGMENT 0x1a000 32c4', 'SEGMENT 0x1edc8 520', 'SEGMENT_HEADER filename=/home/kaiyaok2/.local/lib/python3.10/site-packages/numpy/core/_multiarray_tests.cpython-310-x86_64-linux-gnu.so num_segments=4 addr=0x7fe0b0e7d000', 'SEGMENT (nil) 7f60', 'SEGMENT 0x8000 165c5', 'SEGMENT 0x1f000 5fc8', 'SEGMENT 0x26d50 18a0', 'SEGMENT_HEADER filename=/usr/lib/python3.10/lib-dynload/_ctypes.cpython-310-x86_64-linux-gnu.so num_segments=4 addr=0x7fe0aecdf000', 'SEGMENT (nil) 5ee0', 'SEGMENT 0x6000 fbb9', 'SEGMENT 0x16000 585c', 'SEGMENT 0x1cd58 3ec8', 'SEGMENT_HEADER filename=/lib/x86_64-linux-gnu/libffi.so.8 num_segments=4 addr=0x7fe0b0e70000', 'SEGMENT (nil) 1880', 'SEGMENT 0x2000 63a1', 'SEGMENT 0x9000 fc8', 'SEGMENT 0xbc90 9a0', 'SEGMENT_HEADER filename=/home/kaiyaok2/.local/lib/python3.10/site-packages/numpy/linalg/_umath_linalg.cpython-310-x86_64-linux-gnu.so num_segments=6 addr=0x7fe0aeca9000', 'SEGMENT (nil) 7da0', 'SEGMENT 0x8000 20955', 'SEGMENT 0x29000 56f8', 'SEGMENT 0x2fd18 1538', 'SEGMENT 0x32000 1e18', 'SEGMENT 0x34000 1660', 'SEGMENT_HEADER filename=/home/kaiyaok2/.local/lib/python3.10/site-packages/numpy/fft/_pocketfft_internal.cpython-310-x86_64-linux-gnu.so num_segments=4 addr=0x7fe0b20a2000', 'SEGMENT (nil) b20', 'SEGMENT 0x1000 12a09', 'SEGMENT 0x14000 145c', 'SEGMENT 0x16dd8 3b8', 'SEGMENT_HEADER filename=/home/kaiyaok2/.local/lib/python3.10/site-packages/numpy/random/mtrand.cpython-310-x86_64-linux-gnu.so num_segments=4 addr=0x7fe0ae64c000', 'SEGMENT (nil) e348', 'SEGMENT 0xf000 4c6e5', 'SEGMENT 0x5c000 2d798', 'SEGMENT 0x8abf8 28690', 'SEGMENT_HEADER filename=/home/kaiyaok2/.local/lib/python3.10/site-packages/numpy/random/bit_generator.cpython-310-x86_64-linux-gnu.so num_segments=4 addr=0x7fe0b2073000', 'SEGMENT (nil) 5b40', 'SEGMENT 0x6000 1a759', 'SEGMENT 0x21000 722c', 'SEGMENT 0x29ce0 4f88', 'SEGMENT_HEADER filename=/home/kaiyaok2/.local/lib/python3.10/site-packages/numpy/random/_common.cpython-310-x86_64-linux-gnu.so num_segments=4 addr=0x7fe0b2033000', 'SEGMENT (nil) 4870', 'SEGMENT 0x5000 322e1', 'SEGMENT 0x38000 3aec', 'SEGMENT 0x3ccc8 2dc0', 'SEGMENT_HEADER filename=/home/kaiyaok2/.local/lib/python3.10/site-packages/numpy/random/_bounded_integers.cpython-310-x86_64-linux-gnu.so num_segments=4 addr=0x7fe07484c000', 'SEGMENT (nil) 72c0', 'SEGMENT 0x8000 45995', 'SEGMENT 0x4e000 9570', 'SEGMENT 0x58d28 25c8', 'SEGMENT_HEADER filename=/home/kaiyaok2/.local/lib/python3.10/site-packages/numpy/random/_mt19937.cpython-310-x86_64-linux-gnu.so num_segments=4 addr=0x7fe0aec8f000', 'SEGMENT (nil) 3420', 'SEGMENT 0x4000 da8d', 'SEGMENT 0x12000 3f34', 'SEGMENT 0x17d10 1f98', 'SEGMENT_HEADER filename=/home/kaiyaok2/.local/lib/python3.10/site-packages/numpy/random/_philox.cpython-310-x86_64-linux-gnu.so num_segments=4 addr=0x7fe074836000', 'SEGMENT (nil) 2f78', 'SEGMENT 0x3000 b519', 'SEGMENT 0xf000 2ec4', 'SEGMENT 0x13d20 1ca8', 'SEGMENT_HEADER filename=/home/kaiyaok2/.local/lib/python3.10/site-packages/numpy/random/_pcg64.cpython-310-x86_64-linux-gnu.so num_segments=4 addr=0x7fe07481c000', 'SEGMENT (nil) 30f0', 'SEGMENT 0x4000 d965', 'SEGMENT 0x12000 34e8', 'SEGMENT 0x16d30 26d8', 'SEGMENT_HEADER filename=/home/kaiyaok2/.local/lib/python3.10/site-packages/numpy/random/_sfc64.cpython-310-x86_64-linux-gnu.so num_segments=4 addr=0x7fe0ae63d000', 'SEGMENT (nil) 29c8', 'SEGMENT 0x3000 6595', 'SEGMENT 0xa000 1d68', 'SEGMENT 0xdd40 11d8', 'SEGMENT_HEADER filename=/home/kaiyaok2/.local/lib/python3.10/site-packages/numpy/random/_generator.cpython-310-x86_64-linux-gnu.so num_segments=4 addr=0x7fe074739000', 'SEGMENT (nil) f628', 'SEGMENT 0x10000 75225', 'SEGMENT 0x86000 31cd0', 'SEGMENT 0xb9b80 28c68', 'SEGMENT_HEADER filename=/usr/lib/python3.10/lib-dynload/_ssl.cpython-310-x86_64-linux-gnu.so num_segments=4 addr=0x7fe074602000', 'SEGMENT (nil) 11d98', 'SEGMENT 0x12000 c071', 'SEGMENT 0x1f000 dc00', 'SEGMENT 0x2dc30 8b28', 'SEGMENT_HEADER filename=/lib/x86_64-linux-gnu/libssl.so.3 num_segments=4 addr=0x7fe07455e000', 'SEGMENT (nil) 1d418', 'SEGMENT 0x1e000 5aeed', 'SEGMENT 0x79000 1c1c0', 'SEGMENT 0x96eb0 c940', 'SEGMENT_HEADER filename=/usr/lib/python3.10/lib-dynload/_contextvars.cpython-310-x86_64-linux-gnu.so num_segments=4 addr=0x7fe0b240b000', 'SEGMENT (nil) 708', 'SEGMENT 0x1000 1e5', 'SEGMENT 0x2000 160', 'SEGMENT 0x3e38 2f8', 'SEGMENT_HEADER filename=/usr/lib/python3.10/lib-dynload/_asyncio.cpython-310-x86_64-linux-gnu.so num_segments=4 addr=0x7fe07454a000', 'SEGMENT (nil) 3b38', 'SEGMENT 0x4000 76f9', 'SEGMENT 0xc000 3e74', 'SEGMENT 0x11c90 1eb0', 'SEGMENT_HEADER filename=/usr/lib/python3.10/lib-dynload/_queue.cpython-310-x86_64-linux-gnu.so num_segments=4 addr=0x7fe0b20c3000', 'SEGMENT (nil) 1348', 'SEGMENT 0x2000 1259', 'SEGMENT 0x4000 c40', 'SEGMENT 0x5db0 6e0', 'SEGMENT_HEADER filename=/home/kaiyaok2/.local/lib/python3.10/site-packages/rpds/rpds.cpython-310-x86_64-linux-gnu.so num_segments=4 addr=0x7fe073f97000', 'SEGMENT (nil) aea0', 'SEGMENT 0xb000 7e9a9', 'SEGMENT 0x8a000 20a54', 'SEGMENT 0xabbd8 6b08', 'SEGMENT_HEADER filename=/lib/x86_64-linux-gnu/librt.so.1 num_segments=4 addr=0x7fe0b0e6b000', 'SEGMENT (nil) 808', 'SEGMENT 0x1000 285', 'SEGMENT 0x2000 274', 'SEGMENT 0x3dc0 278', 'SEGMENT_HEADER filename=/lib/x86_64-linux-gnu/libdl.so.2 num_segments=4 addr=0x7fe0b0e66000', 'SEGMENT (nil) 678', 'SEGMENT 0x1000 115', 'SEGMENT 0x2000 110', 'SEGMENT 0x3e00 228', 'SEGMENT_HEADER filename=/home/kaiyaok2/.local/lib/python3.10/site-packages/zmq/backend/cython/_device.cpython-310-x86_64-linux-gnu.so num_segments=6 addr=0x7fe073c85000', 'SEGMENT (nil) 29d8', 'SEGMENT 0x3000 61e5', 'SEGMENT 0xa000 17c8', 'SEGMENT 0xcd40 14a8', 'SEGMENT 0xf000 1198', 'SEGMENT 0x11000 9c0', 'SEGMENT_HEADER filename=/home/kaiyaok2/.local/lib/python3.10/site-packages/zmq/backend/cython/../../../pyzmq.libs/libzmq-fc4fcd2d.so.5.2.4 num_segments=6 addr=0x7fe073b91000', 'SEGMENT (nil) 17d18', 'SEGMENT 0x18000 92779', 'SEGMENT 0xab000 3aef4', 'SEGMENT 0xe7c80 7ca0', 'SEGMENT 0xf0000 1c90', 'SEGMENT 0xf2000 1a10', 'SEGMENT_HEADER filename=/home/kaiyaok2/.local/lib/python3.10/site-packages/zmq/backend/cython/../../../pyzmq.libs/libsodium-a0cd10d3.so.23.3.0 num_segments=5 addr=0x7fe073a66000', 'SEGMENT (nil) be90', 'SEGMENT 0xc000 1001c9', 'SEGMENT 0x10d000 13aa0', 'SEGMENT 0x122798 c78', 'SEGMENT 0x124000 6260', 'SEGMENT_HEADER filename=/lib/x86_64-linux-gnu/libstdc++.so.6 num_segments=4 addr=0x7fe07383a000', 'SEGMENT (nil) 99140', 'SEGMENT 0x9a000 110fd1', 'SEGMENT 0x1ab000 6e882', 'SEGMENT 0x21b880 10040', 'SEGMENT_HEADER filename=/home/kaiyaok2/.local/lib/python3.10/site-packages/zmq/backend/cython/context.cpython-310-x86_64-linux-gnu.so num_segments=6 addr=0x7fe073824000', 'SEGMENT (nil) 3580', 'SEGMENT 0x4000 8195', 'SEGMENT 0xd000 2144', 'SEGMENT 0x10d28 1ef8', 'SEGMENT 0x13000 1440', 'SEGMENT 0x15000 ae0', 'SEGMENT_HEADER filename=/home/kaiyaok2/.local/lib/python3.10/site-packages/zmq/backend/cython/socket.cpython-310-x86_64-linux-gnu.so num_segments=6 addr=0x7fe0737f9000', 'SEGMENT (nil) 5710', 'SEGMENT 0x6000 17271', 'SEGMENT 0x1e000 3a90', 'SEGMENT 0x22d00 4f40', 'SEGMENT 0x28000 19d0', 'SEGMENT 0x2a000 d28', 'SEGMENT_HEADER filename=/home/kaiyaok2/.local/lib/python3.10/site-packages/zmq/backend/cython/message.cpython-310-x86_64-linux-gnu.so num_segments=6 addr=0x7fe0737dc000', 'SEGMENT (nil) 4b30', 'SEGMENT 0x5000 d7a1', 'SEGMENT 0x13000 2c2c', 'SEGMENT 0x16ce8 2c40', 'SEGMENT 0x1a000 cb0', 'SEGMENT 0x1b000 1dd8', 'SEGMENT_HEADER filename=/home/kaiyaok2/.local/lib/python3.10/site-packages/zmq/backend/cython/_poll.cpython-310-x86_64-linux-gnu.so num_segments=6 addr=0x7fe0737c6000', 'SEGMENT (nil) 3188', 'SEGMENT 0x4000 99b1', 'SEGMENT 0xe000 1c94', 'SEGMENT 0x10d18 18b0', 'SEGMENT 0x13000 1400', 'SEGMENT 0x15000 aa8', 'SEGMENT_HEADER filename=/home/kaiyaok2/.local/lib/python3.10/site-packages/zmq/backend/cython/_proxy_steerable.cpython-310-x86_64-linux-gnu.so num_segments=6 addr=0x7fe0737b5000', 'SEGMENT (nil) 2828', 'SEGMENT 0x3000 531d', 'SEGMENT 0x9000 1540', 'SEGMENT 0xbd58 1300', 'SEGMENT 0xe000 10e8', 'SEGMENT 0x10000 980', 'SEGMENT_HEADER filename=/home/kaiyaok2/.local/lib/python3.10/site-packages/zmq/backend/cython/_version.cpython-310-x86_64-linux-gnu.so num_segments=6 addr=0x7fe0b2029000', 'SEGMENT (nil) 1f68', 'SEGMENT 0x2000 25c9', 'SEGMENT 0x5000 d78', 'SEGMENT 0x6d80 e08', 'SEGMENT 0x8000 ce8', 'SEGMENT 0x9000 7b0', 'SEGMENT_HEADER filename=/home/kaiyaok2/.local/lib/python3.10/site-packages/zmq/backend/cython/error.cpython-310-x86_64-linux-gnu.so num_segments=6 addr=0x7fe0737a9000', 'SEGMENT (nil) 2170', 'SEGMENT 0x3000 2e99', 'SEGMENT 0x6000 fa0', 'SEGMENT 0x8d68 ed8', 'SEGMENT 0xa000 df8', 'SEGMENT 0xb000 810', 'SEGMENT_HEADER filename=/home/kaiyaok2/.local/lib/python3.10/site-packages/zmq/backend/cython/utils.cpython-310-x86_64-linux-gnu.so num_segments=6 addr=0x7fe07379a000', 'SEGMENT (nil) 2790', 'SEGMENT 0x3000 44b1', 'SEGMENT 0x8000 1220', 'SEGMENT 0xad50 1568', 'SEGMENT 0xd000 fe0', 'SEGMENT 0xe000 8f0', 'SEGMENT_HEADER filename=/home/kaiyaok2/.local/lib/python3.10/site-packages/tornado/speedups.abi3.so num_segments=4 addr=0x7fe073695000', 'SEGMENT (nil) 688', 'SEGMENT 0x1000 28d', 'SEGMENT 0x2000 d4', 'SEGMENT 0x3df8 330', 'SEGMENT_HEADER filename=/usr/lib/python3.10/lib-dynload/_curses.cpython-310-x86_64-linux-gnu.so num_segments=4 addr=0x7fe073675000', 'SEGMENT (nil) 66c8', 'SEGMENT 0x7000 a079', 'SEGMENT 0x12000 a3c4', 'SEGMENT 0x1dd50 2258', 'SEGMENT_HEADER filename=/lib/x86_64-linux-gnu/libncursesw.so.6 num_segments=4 addr=0x7fe073632000', 'SEGMENT (nil) 7f00', 'SEGMENT 0x8000 28639', 'SEGMENT 0x31000 7978', 'SEGMENT 0x3a8d8 8e8', 'SEGMENT_HEADER filename=/lib/x86_64-linux-gnu/libtinfo.so.6 num_segments=4 addr=0x7fe073600000', 'SEGMENT (nil) d610', 'SEGMENT 0xe000 101a9', 'SEGMENT 0x1f000 d690', 'SEGMENT 0x2db90 3d90', 'SEGMENT_HEADER filename=/usr/lib/python3.10/lib-dynload/termios.cpython-310-x86_64-linux-gnu.so num_segments=4 addr=0x7fe0734f7000', 'SEGMENT (nil) 27c0', 'SEGMENT 0x3000 ee9', 'SEGMENT 0x4000 148c', 'SEGMENT 0x6e00 1410', 'SEGMENT_HEADER filename=/usr/lib/python3.10/lib-dynload/resource.cpython-310-x86_64-linux-gnu.so num_segments=4 addr=0x7fe07366f000', 'SEGMENT (nil) 1230', 'SEGMENT 0x2000 e79', 'SEGMENT 0x3000 a0c', 'SEGMENT 0x4df0 5c0', 'SEGMENT_HEADER filename=/usr/lib/python3.10/lib-dynload/_lsprof.cpython-310-x86_64-linux-gnu.so num_segments=4 addr=0x7fe0749e0000', 'SEGMENT (nil) 14f8', 'SEGMENT 0x2000 29a1', 'SEGMENT 0x5000 1160', 'SEGMENT 0x7e28 6c0', 'SEGMENT_HEADER filename=/home/kaiyaok2/.local/lib/python3.10/site-packages/debugpy/_vendored/pydevd/_pydevd_bundle/pydevd_cython.cpython-310-x86_64-linux-gnu.so num_segments=4 addr=0x7fe0725e3000', 'SEGMENT (nil) 7ef8', 'SEGMENT 0x8000 7904d', 'SEGMENT 0x82000 8bb0', 'SEGMENT 0x8bc90 6880', 'SEGMENT_HEADER filename=/home/kaiyaok2/.local/lib/python3.10/site-packages/markupsafe/_speedups.cpython-310-x86_64-linux-gnu.so num_segments=4 addr=0x7fe0749db000', 'SEGMENT (nil) a80', 'SEGMENT 0x1000 d05', 'SEGMENT 0x2000 7c8', 'SEGMENT 0x3dd8 3e0', 'SEGMENT_HEADER filename=/home/kaiyaok2/.local/lib/python3.10/site-packages/srsly/ujson/ujson.cpython-310-x86_64-linux-gnu.so num_segments=4 addr=0x7fe0749ce000', 'SEGMENT (nil) 2e90', 'SEGMENT 0x3000 4a6d', 'SEGMENT 0x8000 2288', 'SEGMENT 0xbc38 880', 'SEGMENT_HEADER filename=/home/kaiyaok2/.local/lib/python3.10/site-packages/srsly/msgpack/_packer.cpython-310-x86_64-linux-gnu.so num_segments=4 addr=0x7fe0749b8000', 'SEGMENT (nil) 3250', 'SEGMENT 0x4000 bdb5', 'SEGMENT 0x10000 25d4', 'SEGMENT 0x13cd8 1878', 'SEGMENT_HEADER filename=/home/kaiyaok2/.local/lib/python3.10/site-packages/srsly/msgpack/_unpacker.cpython-310-x86_64-linux-gnu.so num_segments=4 addr=0x7fe071dca000', 'SEGMENT (nil) 3e30', 'SEGMENT 0x4000 c909', 'SEGMENT 0x11000 33d0', 'SEGMENT 0x15d20 2708', 'SEGMENT_HEADER filename=/home/kaiyaok2/.local/lib/python3.10/site-packages/_ruamel_yaml.cpython-310-x86_64-linux-gnu.so num_segments=2 addr=0x7fe071a00000', 'SEGMENT (nil) 54ce4', 'SEGMENT 0x255cc8 2c30', 'SEGMENT_HEADER filename=/home/kaiyaok2/.local/lib/python3.10/site-packages/pydantic/__init__.cpython-310-x86_64-linux-gnu.so num_segments=4 addr=0x7fe0749ae000', 'SEGMENT (nil) 2e80', 'SEGMENT 0x3000 2b11', 'SEGMENT 0x6000 c68', 'SEGMENT 0x7da0 1f30', 'SEGMENT_HEADER filename=/home/kaiyaok2/.local/lib/python3.10/site-packages/pydantic/dataclasses.cpython-310-x86_64-linux-gnu.so num_segments=4 addr=0x7fe071c86000', 'SEGMENT (nil) 7158', 'SEGMENT 0x8000 2e3b1', 'SEGMENT 0x37000 5658', 'SEGMENT 0x3dcc0 5f30', 'SEGMENT_HEADER filename=/home/kaiyaok2/.local/lib/python3.10/site-packages/pydantic/class_validators.cpython-310-x86_64-linux-gnu.so num_segments=4 addr=0x7fe0719bc000', 'SEGMENT (nil) 7218', 'SEGMENT 0x8000 2d9fd', 'SEGMENT 0x36000 5f94', 'SEGMENT 0x3dcc8 5e80', 'SEGMENT_HEADER filename=/home/kaiyaok2/.local/lib/python3.10/site-packages/pydantic/errors.cpython-310-x86_64-linux-gnu.so num_segments=4 addr=0x7fe07197f000', 'SEGMENT (nil) 8e00', 'SEGMENT 0x9000 23119', 'SEGMENT 0x2d000 627c', 'SEGMENT 0x34cd0 7af8', 'SEGMENT_HEADER filename=/home/kaiyaok2/.local/lib/python3.10/site-packages/pydantic/typing.cpython-310-x86_64-linux-gnu.so num_segments=4 addr=0x7fe07193c000', 'SEGMENT (nil) 6f48', 'SEGMENT 0x7000 2edd1', 'SEGMENT 0x36000 4aa8', 'SEGMENT 0x3bcd0 6e08', 'SEGMENT_HEADER filename=/home/kaiyaok2/.local/lib/python3.10/site-packages/pydantic/utils.cpython-310-x86_64-linux-gnu.so num_segments=4 addr=0x7fe0717d2000', 'SEGMENT (nil) ace8', 'SEGMENT 0xb000 4914d', 'SEGMENT 0x55000 88c0', 'SEGMENT 0x5ec98 b130', 'SEGMENT_HEADER filename=/home/kaiyaok2/.local/lib/python3.10/site-packages/pydantic/version.cpython-310-x86_64-linux-gnu.so num_segments=4 addr=0x7fe071c73000', 'SEGMENT (nil) 3780', 'SEGMENT 0x4000 84f5', 'SEGMENT 0xd000 1f28', 'SEGMENT 0x10d20 1f48', 'SEGMENT_HEADER filename=/home/kaiyaok2/.local/lib/python3.10/site-packages/pydantic/config.cpython-310-x86_64-linux-gnu.so num_segments=4 addr=0x7fe071c59000', 'SEGMENT (nil) 4a40', 'SEGMENT 0x5000 deb1', 'SEGMENT 0x13000 22d4', 'SEGMENT 0x16d08 2d78', 'SEGMENT_HEADER filename=/home/kaiyaok2/.local/lib/python3.10/site-packages/pydantic/error_wrappers.cpython-310-x86_64-linux-gnu.so num_segments=4 addr=0x7fe0717aa000', 'SEGMENT (nil) 5968', 'SEGMENT 0x6000 17261', 'SEGMENT 0x1e000 3d64', 'SEGMENT 0x23cc8 4210', 'SEGMENT_HEADER filename=/home/kaiyaok2/.local/lib/python3.10/site-packages/pydantic/json.cpython-310-x86_64-linux-gnu.so num_segments=4 addr=0x7fe071791000', 'SEGMENT (nil) 3f40', 'SEGMENT 0x4000 d2c9', 'SEGMENT 0x12000 1d64', 'SEGMENT 0x15d30 2620', 'SEGMENT_HEADER filename=/home/kaiyaok2/.local/lib/python3.10/site-packages/pydantic/color.cpython-310-x86_64-linux-gnu.so num_segments=4 addr=0x7fe071742000', 'SEGMENT (nil) 8940', 'SEGMENT 0x9000 35c61', 'SEGMENT 0x3f000 5898', 'SEGMENT 0x45cc8 8c08', 'SEGMENT_HEADER filename=/home/kaiyaok2/.local/lib/python3.10/site-packages/pydantic/networks.cpython-310-x86_64-linux-gnu.so num_segments=4 addr=0x7fe0716e8000', 'SEGMENT (nil) 9210', 'SEGMENT 0xa000 3f121', 'SEGMENT 0x4a000 6a64', 'SEGMENT 0x51cc0 8138', 'SEGMENT_HEADER filename=/home/kaiyaok2/.local/lib/python3.10/site-packages/pydantic/validators.cpython-310-x86_64-linux-gnu.so num_segments=4 addr=0x7fe07166a000', 'SEGMENT (nil) 8b28', 'SEGMENT 0x9000 62895', 'SEGMENT 0x6c000 7274', 'SEGMENT 0x74ca0 85b8', 'SEGMENT_HEADER filename=/home/kaiyaok2/.local/lib/python3.10/site-packages/pydantic/datetime_parse.cpython-310-x86_64-linux-gnu.so num_segments=4 addr=0x7fe071647000', 'SEGMENT (nil) 4308', 'SEGMENT 0x5000 16e89', 'SEGMENT 0x1c000 24b0', 'SEGMENT 0x1fd10 2a90', 'SEGMENT_HEADER filename=/home/kaiyaok2/.local/lib/python3.10/site-packages/pydantic/types.cpython-310-x86_64-linux-gnu.so num_segments=4 addr=0x7fe0715ca000', 'SEGMENT (nil) c810', 'SEGMENT 0xd000 55409', 'SEGMENT 0x63000 b2d4', 'SEGMENT 0x6fca8 d168', 'SEGMENT_HEADER filename=/home/kaiyaok2/.local/lib/python3.10/site-packages/pydantic/fields.cpython-310-x86_64-linux-gnu.so num_segments=4 addr=0x7fe071534000', 'SEGMENT (nil) ab28', 'SEGMENT 0xb000 75631', 'SEGMENT 0x81000 75d4', 'SEGMENT 0x89ca8 bca0', 'SEGMENT_HEADER filename=/home/kaiyaok2/.local/lib/python3.10/site-packages/pydantic/main.cpython-310-x86_64-linux-gnu.so num_segments=4 addr=0x7fe071493000', 'SEGMENT (nil) afc0', 'SEGMENT 0xb000 805a1', 'SEGMENT 0x8c000 8044', 'SEGMENT 0x95cb8 ab50', 'SEGMENT_HEADER filename=/home/kaiyaok2/.local/lib/python3.10/site-packages/pydantic/parse.cpython-310-x86_64-linux-gnu.so num_segments=4 addr=0x7fe071481000', 'SEGMENT (nil) 3200', 'SEGMENT 0x4000 8465', 'SEGMENT 0xd000 16ac', 'SEGMENT 0xfd40 1940', 'SEGMENT_HEADER filename=/home/kaiyaok2/.local/lib/python3.10/site-packages/pydantic/schema.cpython-310-x86_64-linux-gnu.so num_segments=4 addr=0x7fe0713d9000', 'SEGMENT (nil) 98a8', 'SEGMENT 0xa000 893a9', 'SEGMENT 0x94000 6a98', 'SEGMENT 0x9bc90 c008', 'SEGMENT_HEADER filename=/home/kaiyaok2/.local/lib/python3.10/site-packages/pydantic/annotated_types.cpython-310-x86_64-linux-gnu.so num_segments=4 addr=0x7fe0713c2000', 'SEGMENT (nil) 3bc8', 'SEGMENT 0x4000 bf01', 'SEGMENT 0x10000 28b8', 'SEGMENT 0x13d00 23f8', 'SEGMENT_HEADER filename=/home/kaiyaok2/.local/lib/python3.10/site-packages/pydantic/decorator.cpython-310-x86_64-linux-gnu.so num_segments=4 addr=0x7fe07138f000', 'SEGMENT (nil) 5950', 'SEGMENT 0x6000 23e55', 'SEGMENT 0x2a000 3648', 'SEGMENT 0x2ecf8 40b0', 'SEGMENT_HEADER filename=/home/kaiyaok2/.local/lib/python3.10/site-packages/pydantic/env_settings.cpython-310-x86_64-linux-gnu.so num_segments=4 addr=0x7fe07134f000', 'SEGMENT (nil) 6e80', 'SEGMENT 0x7000 2bec9', 'SEGMENT 0x33000 4ff0', 'SEGMENT 0x39cb0 5790', 'SEGMENT_HEADER filename=/home/kaiyaok2/.local/lib/python3.10/site-packages/pydantic/tools.cpython-310-x86_64-linux-gnu.so num_segments=4 addr=0x7fe07133a000', 'SEGMENT (nil) 36a8', 'SEGMENT 0x4000 b0b1', 'SEGMENT 0x10000 1a30', 'SEGMENT 0x12d50 2050', 'SEGMENT_HEADER filename=/home/kaiyaok2/.local/lib/python3.10/site-packages/torch/lib/libtorch_global_deps.so num_segments=6 addr=0x7fe071233000', 'SEGMENT (nil) 548', 'SEGMENT 0x1000 111', 'SEGMENT 0x2000 4', 'SEGMENT 0x3d48 2e8', 'SEGMENT 0x5000 258', 'SEGMENT 0x6000 2d0', 'SEGMENT_HEADER filename=/home/kaiyaok2/.local/lib/python3.10/site-packages/torch/lib/../../nvidia/curand/lib/libcurand.so.10 num_segments=2 addr=0x7fe06b600000', 'SEGMENT (nil) 3f8f63c', 'SEGMENT 0x4190000 1a69b68', 'SEGMENT_HEADER filename=/home/kaiyaok2/.local/lib/python3.10/site-packages/torch/lib/../../nvidia/cufft/lib/libcufft.so.10 num_segments=2 addr=0x7fe05a600000', 'SEGMENT (nil) 2e6e2e2', 'SEGMENT 0x306f000 de6bbe8', 'SEGMENT_HEADER filename=/home/kaiyaok2/.local/lib/python3.10/site-packages/torch/lib/../../nvidia/cublas/lib/libcublas.so.11 num_segments=2 addr=0x7fe051200000', 'SEGMENT (nil) 900d4a4', 'SEGMENT 0x920e000 4fd38', 'SEGMENT_HEADER filename=/home/kaiyaok2/.local/lib/python3.10/site-packages/torch/lib/../../nvidia/cublas/lib/libcublasLt.so.11 num_segments=2 addr=0x7fe03d200000', 'SEGMENT (nil) 1144a9c4', 'SEGMENT 0x1164b000 2955b20', 'SEGMENT_HEADER filename=/home/kaiyaok2/.local/lib/python3.10/site-packages/torch/lib/../../nvidia/cuda_runtime/lib/libcudart.so.11.0 num_segments=2 addr=0x7fe03ce00000', 'SEGMENT (nil) 9d2bc', 'SEGMENT 0x29e000 6ee8', 'SEGMENT_HEADER filename=/home/kaiyaok2/.local/lib/python3.10/site-packages/torch/lib/../../nvidia/nvtx/lib/libnvToolsExt.so.1 num_segments=2 addr=0x7fe03ca00000', 'SEGMENT (nil) 7d6c', 'SEGMENT 0x208ca8 868', 'SEGMENT_HEADER filename=/home/kaiyaok2/.local/lib/python3.10/site-packages/torch/lib/libgomp-a34b3233.so.1 num_segments=3 addr=0x7fe03c600000', 'SEGMENT (nil) 2408c', 'SEGMENT 0x224d70 840', 'SEGMENT 0x226000 3480', 'SEGMENT_HEADER filename=/home/kaiyaok2/.local/lib/python3.10/site-packages/torch/_C.cpython-310-x86_64-linux-gnu.so num_segments=5 addr=0x7fe0749a8000', 'SEGMENT (nil) 5c0', 'SEGMENT 0x1000 131', 'SEGMENT 0x2000 78', 'SEGMENT 0x3dd8 260', 'SEGMENT 0x5000 3e0', 'SEGMENT_HEADER filename=/home/kaiyaok2/.local/lib/python3.10/site-packages/torch/lib/libtorch_python.so num_segments=5 addr=0x7fe03b54a000', 'SEGMENT (nil) 1e3748', 'SEGMENT 0x1e4000 a02a81', 'SEGMENT 0xbe7000 30cbd0', 'SEGMENT 0xef4e08 c9630', 'SEGMENT 0xfbf000 f6138', 'SEGMENT_HEADER filename=/home/kaiyaok2/.local/lib/python3.10/site-packages/torch/lib/libshm.so num_segments=5 addr=0x7fe071228000', 'SEGMENT (nil) 2650', 'SEGMENT 0x3000 261d', 'SEGMENT 0x6000 cc0', 'SEGMENT 0x8c08 6b8', 'SEGMENT 0xa000 f40', 'SEGMENT_HEADER filename=/home/kaiyaok2/.local/lib/python3.10/site-packages/torch/lib/libtorch.so num_segments=5 addr=0x7fe071202000', 'SEGMENT (nil) b238', 'SEGMENT 0xc000 a019', 'SEGMENT 0x17000 4b35', 'SEGMENT 0x1db20 8c0', 'SEGMENT 0x1f000 6de8', 'SEGMENT_HEADER filename=/home/kaiyaok2/.local/lib/python3.10/site-packages/torch/lib/libtorch_cpu.so num_segments=6 addr=0x7fe022697000', 'SEGMENT (nil) 1040358', 'SEGMENT 0x1041000 12ef3319', 'SEGMENT 0x13f35000 3e9bdcd', 'SEGMENT 0x17dd2b80 5783d0', 'SEGMENT 0x1834b000 5f6240', 'SEGMENT 0x18942000 570be0', 'SEGMENT_HEADER filename=/home/kaiyaok2/.local/lib/python3.10/site-packages/torch/lib/libtorch_cuda.so num_segments=5 addr=0x7fdffc5d7000', 'SEGMENT (nil) c2cd88', 'SEGMENT 0xc2d000 23746f5', 'SEGMENT 0x2fa2000 2240cd40', 'SEGMENT 0x253b0260 3562a8', 'SEGMENT 0x25707000 9b8610', 'SEGMENT_HEADER filename=/home/kaiyaok2/.local/lib/python3.10/site-packages/torch/lib/libc10_cuda.so num_segments=5 addr=0x7fe06b592000', 'SEGMENT (nil) efe0', 'SEGMENT 0xf000 41469', 'SEGMENT 0x51000 ebe1', 'SEGMENT 0x612c0 42c8', 'SEGMENT 0x66000 77e0', 'SEGMENT_HEADER filename=/home/kaiyaok2/.local/lib/python3.10/site-packages/torch/lib/libc10.so num_segments=5 addr=0x7fe05a545000', 'SEGMENT (nil) 1eed8', 'SEGMENT 0x1f000 606bd', 'SEGMENT 0x80000 1ee1f', 'SEGMENT 0xa0d20 91e8', 'SEGMENT 0xaa000 10198', 'SEGMENT_HEADER filename=/home/kaiyaok2/.local/lib/python3.10/site-packages/torch/lib/../../nvidia/cudnn/lib/libcudnn.so.8 num_segments=2 addr=0x7fdffc200000', 'SEGMENT (nil) 22fce', 'SEGMENT 0x223d30 1698', 'SEGMENT_HEADER filename=/home/kaiyaok2/.local/lib/python3.10/site-packages/torch/lib/../../nvidia/cuda_cupti/lib/libcupti.so.11.7 num_segments=2 addr=0x7fdffb800000', 'SEGMENT (nil) 5e61b4', 'SEGMENT 0x7e6310 1144d0', 'SEGMENT_HEADER filename=/home/kaiyaok2/.local/lib/python3.10/site-packages/torch/lib/../../nvidia/cusparse/lib/libcusparse.so.11 num_segments=2 addr=0x7fdfed000000', 'SEGMENT (nil) e46578c', 'SEGMENT 0xe666000 37c98', 'SEGMENT_HEADER filename=/home/kaiyaok2/.local/lib/python3.10/site-packages/torch/lib/../../nvidia/nccl/lib/libnccl.so.2 num_segments=2 addr=0x7fdfdf000000', 'SEGMENT (nil) dc3c16e', 'SEGMENT 0xde3d000 3bae8', 'SEGMENT_HEADER filename=/lib/x86_64-linux-gnu/libutil.so.1 num_segments=4 addr=0x7fe06b58d000', 'SEGMENT (nil) 598', 'SEGMENT 0x1000 115', 'SEGMENT 0x2000 e8', 'SEGMENT 0x3e00 228', 'SEGMENT_HEADER filename=/home/kaiyaok2/.local/lib/python3.10/site-packages/torch/lib/libnvfuser_codegen.so num_segments=5 addr=0x7fdfde9b3000', 'SEGMENT (nil) f82d0', 'SEGMENT 0xf9000 378541', 'SEGMENT 0x472000 135321', 'SEGMENT 0x5a90e0 1eb80', 'SEGMENT 0x5c8000 84cc8', 'SEGMENT_HEADER filename=/home/kaiyaok2/.local/lib/python3.10/site-packages/torch/lib/../../nvidia/cuda_nvrtc/lib/libnvrtc.so.11.2 num_segments=3 addr=0x7fdfdba00000', 'SEGMENT (nil) 2592edc', 'SEGMENT 0x2793768 6fb7e0', 'SEGMENT 0x2e8f000 1888', 'SEGMENT_HEADER filename=/usr/lib/python3.10/lib-dynload/_multiprocessing.cpython-310-x86_64-linux-gnu.so num_segments=4 addr=0x7fe0711fb000', 'SEGMENT (nil) 15f8', 'SEGMENT 0x2000 1669', 'SEGMENT 0x4000 a28', 'SEGMENT 0x5d90 900', 'SEGMENT_HEADER filename=/home/kaiyaok2/.local/lib/python3.10/site-packages/nvfuser/_C.cpython-310-x86_64-linux-gnu.so num_segments=4 addr=0x7fdfdb008000', 'SEGMENT (nil) 21a18', 'SEGMENT 0x22000 a3539', 'SEGMENT 0xc6000 29bf4', 'SEGMENT 0xf1400 6770', 'SEGMENT_HEADER filename=/home/kaiyaok2/.local/lib/python3.10/site-packages/h5py/_errors.cpython-310-x86_64-linux-gnu.so num_segments=6 addr=0x7fe072ce6000', 'SEGMENT (nil) 2ed0', 'SEGMENT 0x3000 651d', 'SEGMENT 0xa000 ce8', 'SEGMENT 0xcbc8 ff0', 'SEGMENT 0xe000 1740', 'SEGMENT 0x10000 bc8', 'SEGMENT_HEADER filename=/home/kaiyaok2/.local/lib/python3.10/site-packages/h5py/../h5py.libs/libhdf5-7f639dcd.so.310.2.0 num_segments=6 addr=0x7fdfd91a5000', 'SEGMENT (nil) 4ca60', 'SEGMENT 0x4d000 2eb105', 'SEGMENT 0x339000 e5c28', 'SEGMENT 0x41fed0 16410', 'SEGMENT 0x437000 18120', 'SEGMENT 0x450000 11678', 'SEGMENT_HEADER filename=/home/kaiyaok2/.local/lib/python3.10/site-packages/h5py/../h5py.libs/libhdf5_hl-123198ff.so.310.0.2 num_segments=6 addr=0x7fe072cbd000', 'SEGMENT (nil) 5710', 'SEGMENT 0x6000 156c1', 'SEGMENT 0x1c000 4cec', 'SEGMENT 0x22be8 1c80', 'SEGMENT 0x25000 1bb0', 'SEGMENT 0x27000 1678', 'SEGMENT_HEADER filename=/home/kaiyaok2/.local/lib/python3.10/site-packages/h5py/../h5py.libs/libsz-b66d1717.so.2.0.1 num_segments=6 addr=0x7fe072cb6000', 'SEGMENT (nil) 6f0', 'SEGMENT 0x1000 8ad', 'SEGMENT 0x2000 144', 'SEGMENT 0x3de8 278', 'SEGMENT 0x5000 318', 'SEGMENT 0x6000 150', 'SEGMENT_HEADER filename=/home/kaiyaok2/.local/lib/python3.10/site-packages/h5py/../h5py.libs/libaec-001fb5f0.so.0.0.12 num_segments=5 addr=0x7fe072cac000', 'SEGMENT (nil) 7f0', 'SEGMENT 0x1000 4315', 'SEGMENT 0x6000 c18', 'SEGMENT 0x7df8 5f8', 'SEGMENT 0x9000 1b8', 'SEGMENT_HEADER filename=/home/kaiyaok2/.local/lib/python3.10/site-packages/h5py/h5.cpython-310-x86_64-linux-gnu.so num_segments=6 addr=0x7fe072c8b000', 'SEGMENT (nil) 46f0', 'SEGMENT 0x5000 10749', 'SEGMENT 0x16000 37b8', 'SEGMENT 0x1ad00 2998', 'SEGMENT 0x1e000 1628', 'SEGMENT 0x20000 bc0', 'SEGMENT_HEADER filename=/home/kaiyaok2/.local/lib/python3.10/site-packages/h5py/defs.cpython-310-x86_64-linux-gnu.so num_segments=6 addr=0x7fe06b530000', 'SEGMENT (nil) c710', 'SEGMENT 0xd000 2accd', 'SEGMENT 0x38000 147c8', 'SEGMENT 0x4dd70 6940', 'SEGMENT 0x55000 4a88', 'SEGMENT 0x5a000 20b0', 'SEGMENT_HEADER filename=/home/kaiyaok2/.local/lib/python3.10/site-packages/h5py/_objects.cpython-310-x86_64-linux-gnu.so num_segments=6 addr=0x7fe06b50b000', 'SEGMENT (nil) 4e18', 'SEGMENT 0x5000 14729', 'SEGMENT 0x1a000 3940', 'SEGMENT 0x1ece8 2fd0', 'SEGMENT 0x22000 1b40', 'SEGMENT 0x24000 e20', 'SEGMENT_HEADER filename=/home/kaiyaok2/.local/lib/python3.10/site-packages/h5py/_conv.cpython-310-x86_64-linux-gnu.so num_segments=6 addr=0x7fe05a509000', 'SEGMENT (nil) 5a28', 'SEGMENT 0x6000 24831', 'SEGMENT 0x2b000 6da8', 'SEGMENT 0x33c08 3288', 'SEGMENT 0x37000 2180', 'SEGMENT 0x3a000 1058', 'SEGMENT_HEADER filename=/home/kaiyaok2/.local/lib/python3.10/site-packages/h5py/h5r.cpython-310-x86_64-linux-gnu.so num_segments=6 addr=0x7fe072c78000', 'SEGMENT (nil) 2fe0', 'SEGMENT 0x3000 6f35', 'SEGMENT 0xa000 20cc', 'SEGMENT 0xdd28 20e8', 'SEGMENT 0x10000 12a8', 'SEGMENT 0x12000 a50', 'SEGMENT_HEADER filename=/home/kaiyaok2/.local/lib/python3.10/site-packages/h5py/h5p.cpython-310-x86_64-linux-gnu.so num_segments=6 addr=0x7fe05a4a6000', 'SEGMENT (nil) 95f8', 'SEGMENT 0xa000 3c825', 'SEGMENT 0x47000 a974', 'SEGMENT 0x52c80 cfe8', 'SEGMENT 0x60000 1af0', 'SEGMENT 0x62000 e10', 'SEGMENT_HEADER filename=/home/kaiyaok2/.local/lib/python3.10/site-packages/h5py/h5t.cpython-310-x86_64-linux-gnu.so num_segments=6 addr=0x7fe03cc8e000', 'SEGMENT (nil) acf0', 'SEGMENT 0xb000 4ba21', 'SEGMENT 0x57000 7d94', 'SEGMENT 0x60b38 c3f0', 'SEGMENT 0x6d000 2560', 'SEGMENT 0x70000 1208', 'SEGMENT_HEADER filename=/home/kaiyaok2/.local/lib/python3.10/site-packages/h5py/utils.cpython-310-x86_64-linux-gnu.so num_segments=6 addr=0x7fe06b4fa000', 'SEGMENT (nil) 2b58', 'SEGMENT 0x3000 69a1', 'SEGMENT 0xa000 1918', 'SEGMENT 0xcd00 ee8', 'SEGMENT 0xe000 14e0', 'SEGMENT 0x10000 b20', 'SEGMENT_HEADER filename=/home/kaiyaok2/.local/lib/python3.10/site-packages/h5py/h5s.cpython-310-x86_64-linux-gnu.so num_segments=6 addr=0x7fe05a486000', 'SEGMENT (nil) 3c70', 'SEGMENT 0x4000 ffb9', 'SEGMENT 0x14000 2dc8', 'SEGMENT 0x18d28 3528', 'SEGMENT 0x1d000 1360', 'SEGMENT 0x1f000 a90', 'SEGMENT_HEADER filename=/home/kaiyaok2/.local/lib/python3.10/site-packages/h5py/h5ac.cpython-310-x86_64-linux-gnu.so num_segments=6 addr=0x7fe06b4e7000', 'SEGMENT (nil) 26b8', 'SEGMENT 0x3000 8a09', 'SEGMENT 0xc000 27c8', 'SEGMENT 0xfd38 1000', 'SEGMENT 0x11000 fa8', 'SEGMENT 0x12000 910', 'SEGMENT_HEADER filename=/home/kaiyaok2/.local/lib/python3.10/site-packages/h5py/_proxy.cpython-310-x86_64-linux-gnu.so num_segments=6 addr=0x7fe05a477000', 'SEGMENT (nil) 1fa8', 'SEGMENT 0x2000 5e25', 'SEGMENT 0x8000 127c', 'SEGMENT 0xad58 aa0', 'SEGMENT 0xc000 1058', 'SEGMENT 0xe000 938', 'SEGMENT_HEADER filename=/home/kaiyaok2/.local/lib/python3.10/site-packages/h5py/h5z.cpython-310-x86_64-linux-gnu.so num_segments=6 addr=0x7fe05a466000', 'SEGMENT (nil) 2a18', 'SEGMENT 0x3000 581d', 'SEGMENT 0x9000 165c', 'SEGMENT 0xbcf0 1750', 'SEGMENT 0xe000 7c0', 'SEGMENT 0xf000 1300', 'SEGMENT_HEADER filename=/home/kaiyaok2/.local/lib/python3.10/site-packages/h5py/h5a.cpython-310-x86_64-linux-gnu.so num_segments=6 addr=0x7fe0511da000', 'SEGMENT (nil) 4278', 'SEGMENT 0x5000 13df5', 'SEGMENT 0x19000 3e60', 'SEGMENT 0x1ed08 3738', 'SEGMENT 0x23000 1520', 'SEGMENT 0x25000 b70', 'SEGMENT_HEADER filename=/home/kaiyaok2/.local/lib/python3.10/site-packages/h5py/h5d.cpython-310-x86_64-linux-gnu.so num_segments=6 addr=0x7fe03d0b4000', 'SEGMENT (nil) 6b48', 'SEGMENT 0x7000 3023d', 'SEGMENT 0x38000 8844', 'SEGMENT 0x41cb0 6c50', 'SEGMENT 0x49000 1d90', 'SEGMENT 0x4b000 ed8', 'SEGMENT_HEADER filename=/home/kaiyaok2/.local/lib/python3.10/site-packages/h5py/h5ds.cpython-310-x86_64-linux-gnu.so num_segments=6 addr=0x7fe0511c1000', 'SEGMENT (nil) 33c0', 'SEGMENT 0x4000 b451', 'SEGMENT 0x10000 2478', 'SEGMENT 0x13d20 1f50', 'SEGMENT 0x16000 13a0', 'SEGMENT 0x18000 ac8', 'SEGMENT_HEADER filename=/home/kaiyaok2/.local/lib/python3.10/site-packages/h5py/h5f.cpython-310-x86_64-linux-gnu.so num_segments=6 addr=0x7fe03cc66000', 'SEGMENT (nil) 4b40', 'SEGMENT 0x5000 15f6d', 'SEGMENT 0x1b000 381c', 'SEGMENT 0x1fd18 4a80', 'SEGMENT 0x25000 15e0', 'SEGMENT 0x27000 bc0', 'SEGMENT_HEADER filename=/home/kaiyaok2/.local/lib/python3.10/site-packages/h5py/h5g.cpython-310-x86_64-linux-gnu.so num_segments=6 addr=0x7fe03cc38000', 'SEGMENT (nil) 5290', 'SEGMENT 0x6000 1aae1', 'SEGMENT 0x21000 445c', 'SEGMENT 0x26cc8 4250', 'SEGMENT 0x2b000 18c8', 'SEGMENT 0x2d000 d18', 'SEGMENT_HEADER filename=/home/kaiyaok2/.local/lib/python3.10/site-packages/h5py/h5i.cpython-310-x86_64-linux-gnu.so num_segments=6 addr=0x7fe0511af000', 'SEGMENT (nil) 27e0', 'SEGMENT 0x3000 6be9', 'SEGMENT 0xa000 1364', 'SEGMENT 0xcd38 1720', 'SEGMENT 0xf000 1090', 'SEGMENT 0x11000 958', 'SEGMENT_HEADER filename=/home/kaiyaok2/.local/lib/python3.10/site-packages/h5py/h5fd.cpython-310-x86_64-linux-gnu.so num_segments=6 addr=0x7fe03c8ca000', 'SEGMENT (nil) 5990', 'SEGMENT 0x6000 20859', 'SEGMENT 0x27000 5e74', 'SEGMENT 0x2ec90 36b8', 'SEGMENT 0x33000 1e48', 'SEGMENT 0x35000 f18', 'SEGMENT_HEADER filename=/home/kaiyaok2/.local/lib/python3.10/site-packages/h5py/h5pl.cpython-310-x86_64-linux-gnu.so num_segments=6 addr=0x7fe0511a2000', 'SEGMENT (nil) 1d80', 'SEGMENT 0x2000 4591', 'SEGMENT 0x7000 10e8', 'SEGMENT 0x9d50 c80', 'SEGMENT 0xb000 e60', 'SEGMENT 0xc000 870', 'SEGMENT_HEADER filename=/home/kaiyaok2/.local/lib/python3.10/site-packages/h5py/h5o.cpython-310-x86_64-linux-gnu.so num_segments=6 addr=0x7fe03cc18000', 'SEGMENT (nil) 44f8', 'SEGMENT 0x5000 ea69', 'SEGMENT 0x14000 3808', 'SEGMENT 0x18d20 3bf0', 'SEGMENT 0x1d000 13f0', 'SEGMENT 0x1f000 ae8', 'SEGMENT_HEADER filename=/home/kaiyaok2/.local/lib/python3.10/site-packages/h5py/h5l.cpython-310-x86_64-linux-gnu.so num_segments=6 addr=0x7fe03c8ab000', 'SEGMENT (nil) 3c68', 'SEGMENT 0x4000 f051', 'SEGMENT 0x14000 3388', 'SEGMENT 0x18d18 2d48', 'SEGMENT 0x1c000 1440', 'SEGMENT 0x1e000 b10', 'SEGMENT_HEADER filename=/home/kaiyaok2/.local/lib/python3.10/site-packages/h5py/_selector.cpython-310-x86_64-linux-gnu.so num_segments=6 addr=0x7fe03c87d000', 'SEGMENT (nil) 5508', 'SEGMENT 0x6000 1aa65', 'SEGMENT 0x21000 4c44', 'SEGMENT 0x26c80 35a8', 'SEGMENT 0x2b000 1e10', 'SEGMENT 0x2d000 f28', 'SEGMENT_HEADER filename=/home/kaiyaok2/.local/lib/python3.10/site-packages/thinc/backends/numpy_ops.cpython-310-x86_64-linux-gnu.so num_segments=4 addr=0x7fdfd8fcb000', 'SEGMENT (nil) 14318', 'SEGMENT 0x15000 a7245', 'SEGMENT 0xbd000 11805', 'SEGMENT 0xcfc00 9c98', 'SEGMENT_HEADER filename=/home/kaiyaok2/.local/lib/python3.10/site-packages/thinc/backends/cblas.cpython-310-x86_64-linux-gnu.so num_segments=4 addr=0x7fe03c853000', 'SEGMENT (nil) 5c68', 'SEGMENT 0x6000 1a915', 'SEGMENT 0x21000 4ad0', 'SEGMENT 0x26c10 2e28', 'SEGMENT_HEADER filename=/home/kaiyaok2/.local/lib/python3.10/site-packages/blis/cy.cpython-310-x86_64-linux-gnu.so num_segments=4 addr=0x7fdfd8151000', 'SEGMENT (nil) 808d0', 'SEGMENT 0x81000 d35f41', 'SEGMENT 0xdb7000 a6040', 'SEGMENT 0xe5ee70 1a350', 'SEGMENT_HEADER filename=/home/kaiyaok2/.local/lib/python3.10/site-packages/cymem/cymem.cpython-310-x86_64-linux-gnu.so num_segments=4 addr=0x7fe03c839000', 'SEGMENT (nil) 3680', 'SEGMENT 0x4000 e129', 'SEGMENT 0x13000 36f4', 'SEGMENT 0x17d08 1bb8', 'SEGMENT_HEADER filename=/home/kaiyaok2/.local/lib/python3.10/site-packages/preshed/maps.cpython-310-x86_64-linux-gnu.so num_segments=4 addr=0x7fdffc4ba000', 'SEGMENT (nil) 3980', 'SEGMENT 0x4000 10e29', 'SEGMENT 0x15000 4008', 'SEGMENT 0x1acd8 2240', 'SEGMENT_HEADER filename=/home/kaiyaok2/.local/lib/python3.10/site-packages/thinc/backends/linalg.cpython-310-x86_64-linux-gnu.so num_segments=4 addr=0x7fe06b4dd000', 'SEGMENT (nil) 1bd0', 'SEGMENT 0x2000 3349', 'SEGMENT 0x6000 de0', 'SEGMENT 0x8d70 1080', 'SEGMENT_HEADER filename=/home/kaiyaok2/.local/lib/python3.10/site-packages/blis/py.cpython-310-x86_64-linux-gnu.so num_segments=4 addr=0x7fdfd72b9000', 'SEGMENT (nil) 81a88', 'SEGMENT 0x82000 d50d01', 'SEGMENT 0xdd3000 a7a68', 'SEGMENT 0xe7be70 1b230', 'SEGMENT_HEADER filename=/home/kaiyaok2/.local/lib/python3.10/site-packages/murmurhash/mrmr.cpython-310-x86_64-linux-gnu.so num_segments=4 addr=0x7fe03d0a5000', 'SEGMENT (nil) 2778', 'SEGMENT 0x3000 78d1', 'SEGMENT 0xb000 1970', 'SEGMENT 0xdd40 d58', 'SEGMENT_HEADER filename=/home/kaiyaok2/.local/lib/python3.10/site-packages/thinc/layers/premap_ids.cpython-310-x86_64-linux-gnu.so num_segments=4 addr=0x7fdffc483000', 'SEGMENT (nil) 5ea8', 'SEGMENT 0x6000 243b9', 'SEGMENT 0x2b000 63f0', 'SEGMENT 0x32cb8 3f18', 'SEGMENT_HEADER filename=/home/kaiyaok2/.local/lib/python3.10/site-packages/thinc/layers/sparselinear.cpython-310-x86_64-linux-gnu.so num_segments=4 addr=0x7fdffc444000', 'SEGMENT (nil) 6700', 'SEGMENT 0x7000 2accd', 'SEGMENT 0x32000 6c58', 'SEGMENT 0x39cb0 48e0', 'SEGMENT_HEADER filename=/home/kaiyaok2/.local/lib/python3.10/site-packages/memray/_memray.cpython-310-x86_64-linux-gnu.so num_segments=5 addr=0x7fdfd6c00000', 'SEGMENT (nil) cfa96', 'SEGMENT 0x2cfd48 ea70', 'SEGMENT 0x2df000 7f88', 'SEGMENT 0x2e7000 74c0', 'SEGMENT 0x2ef000 7738', 'SEGMENT_HEADER filename=/home/kaiyaok2/.local/lib/python3.10/site-packages/memray/../memray.libs/liblz4-c29043df.so.1.7.1 num_segments=3 addr=0x7fdfd6800000', 'SEGMENT (nil) aab4', 'SEGMENT 0x20aab8 3e8', 'SEGMENT 0x20b000 c60', 'SEGMENT_HEADER filename=/home/kaiyaok2/.local/lib/python3.10/site-packages/memray/../memray.libs/libunwind-92483c07.so.8.0.1 num_segments=3 addr=0x7fdfd6400000', 'SEGMENT (nil) 98a8', 'SEGMENT 0x2098a8 f140', 'SEGMENT 0x219000 5b0', 'SEGMENT_HEADER filename=/usr/lib/python3.10/lib-dynload/mmap.cpython-310-x86_64-linux-gnu.so num_segments=4 addr=0x7fe03cc0f000', 'SEGMENT (nil) 1bc0', 'SEGMENT 0x2000 2ae5', 'SEGMENT 0x5000 15f8', 'SEGMENT 0x7dc8 960', 'SEGMENT_HEADER filename=/home/kaiyaok2/.local/lib/python3.10/site-packages/memray/_test_utils.cpython-310-x86_64-linux-gnu.so num_segments=2 addr=0x7fdfd6000000', 'SEGMENT (nil) 25f50', 'SEGMENT 0x226cb0 2b30', 'SEGMENT_HEADER filename=/tmp/pytest-of-kaiyaok2/pytest-41/test_native_dlopen0/misbehaving_extension/misbehaving.cpython-310-x86_64-linux-gnu.so num_segments=4 addr=0x7fe0a0fc8000', 'SEGMENT (nil) c08', 'SEGMENT 0x1000 595', 'SEGMENT 0x2000 260', 'SEGMENT 0x3df8 3d8', 'SEGMENT_HEADER filename=/tmp/pytest-of-kaiyaok2/pytest-41/test_deep_call_chain_with_nati0/multithreaded_extension/native_ext.cpython-310-x86_64-linux-gnu.so num_segments=4 addr=0x7fe09c2ca000', 'SEGMENT (nil) b00', 'SEGMENT 0x1000 535', 'SEGMENT 0x2000 3ec', 'SEGMENT 0x3e08 3c8', 'NATIVE_TRACE_INDEX ip=(nil) index=0', 'NATIVE_TRACE_INDEX ip=0x5642abf1af25 index=1', 'NATIVE_TRACE_INDEX ip=0x7fe0b2bece40 index=2', 'NATIVE_TRACE_INDEX ip=0x7fe0b2becd90 index=3', 'NATIVE_TRACE_INDEX ip=0x5642abf1b02d index=4', 'NATIVE_TRACE_INDEX ip=0x5642abf448c8 index=5', 'NATIVE_TRACE_INDEX ip=0x5642abf45c2d index=6', 'NATIVE_TRACE_INDEX ip=0x5642abe4d9fc index=7', 'NATIVE_TRACE_INDEX ip=0x5642abe3626d index=8', 'NATIVE_TRACE_INDEX ip=0x5642abe4d9fc index=9', 'NATIVE_TRACE_INDEX ip=0x5642abe3626d index=10', 'NATIVE_TRACE_INDEX ip=0x5642abe4dc59 index=11', 'NATIVE_TRACE_INDEX ip=0x5642abf2de2d index=12', 'NATIVE_TRACE_INDEX ip=0x5642abf28256 index=13', 'NATIVE_TRACE_INDEX ip=0x5642abe329c6 index=14', 'NATIVE_TRACE_INDEX ip=0x5642abe3bcfa index=15', 'NATIVE_TRACE_INDEX ip=0x5642abe4d9fc index=16', 'NATIVE_TRACE_INDEX ip=0x5642abe3626d index=17', 'NATIVE_TRACE_INDEX ip=0x5642abe4d9fc index=18', 'NATIVE_TRACE_INDEX ip=0x5642abe3d150 index=19', 'NATIVE_TRACE_INDEX ip=0x5642abe43a7b index=20', 'NATIVE_TRACE_INDEX ip=0x5642abf73700 index=21', 'NATIVE_TRACE_INDEX ip=0x5642abe5886c index=22', 'NATIVE_TRACE_INDEX ip=0x5642abe42cbd index=23', 'NATIVE_TRACE_INDEX ip=0x5642abe4d9fc index=24', 'NATIVE_TRACE_INDEX ip=0x5642abe3bcfa index=25', 'NATIVE_TRACE_INDEX ip=0x5642abe5b7f1 index=26', 'NATIVE_TRACE_INDEX ip=0x5642abe3bcfa index=27', 'NATIVE_TRACE_INDEX ip=0x5642abe4d9fc index=28', 'NATIVE_TRACE_INDEX ip=0x5642abe385d7 index=29', 'NATIVE_TRACE_INDEX ip=0x5642abe4d9fc index=30', 'NATIVE_TRACE_INDEX ip=0x5642abe3626d index=31', 'NATIVE_TRACE_INDEX ip=0x5642abe4d9fc index=32', 'NATIVE_TRACE_INDEX ip=0x5642abe3626d index=33', 'NATIVE_TRACE_INDEX ip=0x5642abe4d9fc index=34', 'NATIVE_TRACE_INDEX ip=0x5642abe3d150 index=35', 'NATIVE_TRACE_INDEX ip=0x5642abe43a7b index=36', 'NATIVE_TRACE_INDEX ip=0x5642abf73700 index=37', 'NATIVE_TRACE_INDEX ip=0x5642abe5886c index=38', 'NATIVE_TRACE_INDEX ip=0x5642abe42cbd index=39', 'NATIVE_TRACE_INDEX ip=0x5642abe4d9fc index=40', 'NATIVE_TRACE_INDEX ip=0x5642abe3bcfa index=41', 'NATIVE_TRACE_INDEX ip=0x5642abe5b7f1 index=42', 'NATIVE_TRACE_INDEX ip=0x5642abe3bcfa index=43', 'NATIVE_TRACE_INDEX ip=0x5642abe4d9fc index=44', 'NATIVE_TRACE_INDEX ip=0x5642abe385d7 index=45', 'NATIVE_TRACE_INDEX ip=0x5642abe4d9fc index=46', 'NATIVE_TRACE_INDEX ip=0x5642abe3d8af index=47', 'NATIVE_TRACE_INDEX ip=0x5642abe43a7b index=48', 'NATIVE_TRACE_INDEX ip=0x5642abf73700 index=49', 'NATIVE_TRACE_INDEX ip=0x5642abe5886c index=50', 'NATIVE_TRACE_INDEX ip=0x5642abe42cbd index=51', 'NATIVE_TRACE_INDEX ip=0x5642abe4d9fc index=52', 'NATIVE_TRACE_INDEX ip=0x5642abe3d1f2 index=53', 'NATIVE_TRACE_INDEX ip=0x5642abef61c2 index=54', 'NATIVE_TRACE_INDEX ip=0x5642abe5b7f1 index=55', 'NATIVE_TRACE_INDEX ip=0x5642abe3d1f2 index=56', 'NATIVE_TRACE_INDEX ip=0x5642abef61c2 index=57', 'NATIVE_TRACE_INDEX ip=0x5642abe4d9fc index=58', 'NATIVE_TRACE_INDEX ip=0x5642abe385d7 index=59', 'NATIVE_TRACE_INDEX ip=0x5642abe4d9fc index=60', 'NATIVE_TRACE_INDEX ip=0x5642abe3d8af index=61', 'NATIVE_TRACE_INDEX ip=0x5642abef61c2 index=62', 'NATIVE_TRACE_INDEX ip=0x5642abe4d9fc index=63', 'NATIVE_TRACE_INDEX ip=0x5642abe3ccbc index=64', 'NATIVE_TRACE_INDEX ip=0x5642abef61c2 index=65', 'NATIVE_TRACE_INDEX ip=0x5642abe4d9fc index=66', 'NATIVE_TRACE_INDEX ip=0x5642abe385d7 index=67', 'NATIVE_TRACE_INDEX ip=0x5642abe4d9fc index=68', 'NATIVE_TRACE_INDEX ip=0x5642abe3d8af index=69', 'NATIVE_TRACE_INDEX ip=0x5642abef61c2 index=70', 'NATIVE_TRACE_INDEX ip=0x5642abe5b7f1 index=71', 'NATIVE_TRACE_INDEX ip=0x5642abe3ccbc index=72', 'NATIVE_TRACE_INDEX ip=0x5642abef61c2 index=73', 'NATIVE_TRACE_INDEX ip=0x5642abe4d9fc index=74', 'NATIVE_TRACE_INDEX ip=0x5642abe385d7 index=75', 'NATIVE_TRACE_INDEX ip=0x5642abe5c42b index=76', 'NATIVE_TRACE_INDEX ip=0x5642abf73700 index=77', 'NATIVE_TRACE_INDEX ip=0x5642abe5886c index=78', 'NATIVE_TRACE_INDEX ip=0x5642abe42cbd index=79', 'NATIVE_TRACE_INDEX ip=0x5642abe4d9fc index=80', 'NATIVE_TRACE_INDEX ip=0x5642abe3d1f2 index=81', 'NATIVE_TRACE_INDEX ip=0x5642abef61c2 index=82', 'NATIVE_TRACE_INDEX ip=0x5642abe5b7f1 index=83', 'NATIVE_TRACE_INDEX ip=0x5642abe3d1f2 index=84', 'NATIVE_TRACE_INDEX ip=0x5642abef61c2 index=85', 'NATIVE_TRACE_INDEX ip=0x5642abe4d9fc index=86', 'NATIVE_TRACE_INDEX ip=0x5642abe385d7 index=87', 'NATIVE_TRACE_INDEX ip=0x5642abe4d9fc index=88', 'NATIVE_TRACE_INDEX ip=0x5642abe3d019 index=89', 'NATIVE_TRACE_INDEX ip=0x5642abef61c2 index=90', 'NATIVE_TRACE_INDEX ip=0x5642abe4d9fc index=91', 'NATIVE_TRACE_INDEX ip=0x5642abe3d8af index=92', 'NATIVE_TRACE_INDEX ip=0x5642abe43a7b index=93', 'NATIVE_TRACE_INDEX ip=0x5642abf73700 index=94', 'NATIVE_TRACE_INDEX ip=0x5642abe5886c index=95', 'NATIVE_TRACE_INDEX ip=0x5642abe42cbd index=96', 'NATIVE_TRACE_INDEX ip=0x5642abe4d9fc index=97', 'NATIVE_TRACE_INDEX ip=0x5642abe3d1f2 index=98', 'NATIVE_TRACE_INDEX ip=0x5642abef61c2 index=99', 'NATIVE_TRACE_INDEX ip=0x5642abe5b7f1 index=100', 'NATIVE_TRACE_INDEX ip=0x5642abe3d1f2 index=101', 'NATIVE_TRACE_INDEX ip=0x5642abef61c2 index=102', 'NATIVE_TRACE_INDEX ip=0x5642abe4d9fc index=103', 'NATIVE_TRACE_INDEX ip=0x5642abe385d7 index=104', 'NATIVE_TRACE_INDEX ip=0x5642abe4d9fc index=105', 'NATIVE_TRACE_INDEX ip=0x5642abe385d7 index=106', 'NATIVE_TRACE_INDEX ip=0x5642abe5c492 index=107', 'NATIVE_TRACE_INDEX ip=0x5642abe5b7f1 index=108', 'NATIVE_TRACE_INDEX ip=0x5642abe3d019 index=109', 'NATIVE_TRACE_INDEX ip=0x5642abef61c2 index=110', 'NATIVE_TRACE_INDEX ip=0x5642abe4d9fc index=111', 'NATIVE_TRACE_INDEX ip=0x5642abe3d019 index=112', 'NATIVE_TRACE_INDEX ip=0x5642abef61c2 index=113', 'NATIVE_TRACE_INDEX ip=0x7fdfd6017b6b index=114', 'PYTHON_FRAME_INDEX frame_id=22 function_name=valloc filename=/home/kaiyaok2/.local/lib/python3.10/site-packages/memray/_test.py lineno=44 is_entry_frame=1', 'PYTHON_FRAME_INDEX frame_id=21 function_name=test_successful_parse_of_aggregated_capture_file filename=/home/kaiyaok2/PythonProjects/memray/tests/integration/test_main.py lineno=556 is_entry_frame=1', 'PYTHON_FRAME_INDEX frame_id=20 function_name=pytest_pyfunc_call filename=/home/kaiyaok2/.local/lib/python3.10/site-packages/_pytest/python.py lineno=194 is_entry_frame=1', 'PYTHON_FRAME_INDEX frame_id=19 function_name=runtest filename=/home/kaiyaok2/.local/lib/python3.10/site-packages/_pytest/python.py lineno=1788 is_entry_frame=1', 'PYTHON_FRAME_INDEX frame_id=18 function_name=pytest_runtest_call filename=/home/kaiyaok2/.local/lib/python3.10/site-packages/_pytest/runner.py lineno=169 is_entry_frame=1', 'PYTHON_FRAME_INDEX frame_id=17 function_name=<lambda> filename=/home/kaiyaok2/.local/lib/python3.10/site-packages/_pytest/runner.py lineno=262 is_entry_frame=1', 'PYTHON_FRAME_INDEX frame_id=16 function_name=from_call filename=/home/kaiyaok2/.local/lib/python3.10/site-packages/_pytest/runner.py lineno=341 is_entry_frame=1', 'PYTHON_FRAME_INDEX frame_id=15 function_name=call_runtest_hook filename=/home/kaiyaok2/.local/lib/python3.10/site-packages/_pytest/runner.py lineno=261 is_entry_frame=1', 'PYTHON_FRAME_INDEX frame_id=14 function_name=call_and_report filename=/home/kaiyaok2/.local/lib/python3.10/site-packages/_pytest/runner.py lineno=222 is_entry_frame=1', 'PYTHON_FRAME_INDEX frame_id=13 function_name=runtestprotocol filename=/home/kaiyaok2/.local/lib/python3.10/site-packages/_pytest/runner.py lineno=133 is_entry_frame=1', 'PYTHON_FRAME_INDEX frame_id=0 function_name=_run_module_as_main filename=/usr/lib/python3.10/runpy.py lineno=196 is_entry_frame=1', 'PYTHON_FRAME_INDEX frame_id=1 function_name=_run_code filename=/usr/lib/python3.10/runpy.py lineno=86 is_entry_frame=1', 'PYTHON_FRAME_INDEX frame_id=2 function_name=<module> filename=/home/kaiyaok2/.local/lib/python3.10/site-packages/pytest/__main__.py lineno=5 is_entry_frame=1', 'PYTHON_FRAME_INDEX frame_id=3 function_name=console_main filename=/home/kaiyaok2/.local/lib/python3.10/site-packages/_pytest/config/__init__.py lineno=189 is_entry_frame=1', 'PYTHON_FRAME_INDEX frame_id=4 function_name=main filename=/home/kaiyaok2/.local/lib/python3.10/site-packages/_pytest/config/__init__.py lineno=166 is_entry_frame=1', 'PYTHON_FRAME_INDEX frame_id=5 function_name=__call__ filename=/home/kaiyaok2/.local/lib/python3.10/site-packages/pluggy/_hooks.py lineno=493 is_entry_frame=1', 'PYTHON_FRAME_INDEX frame_id=6 function_name=_hookexec filename=/home/kaiyaok2/.local/lib/python3.10/site-packages/pluggy/_manager.py lineno=115 is_entry_frame=1', 'PYTHON_FRAME_INDEX frame_id=7 function_name=_multicall filename=/home/kaiyaok2/.local/lib/python3.10/site-packages/pluggy/_callers.py lineno=77 is_entry_frame=1', 'PYTHON_FRAME_INDEX frame_id=8 function_name=pytest_cmdline_main filename=/home/kaiyaok2/.local/lib/python3.10/site-packages/_pytest/main.py lineno=317 is_entry_frame=1', 'PYTHON_FRAME_INDEX frame_id=9 function_name=wrap_session filename=/home/kaiyaok2/.local/lib/python3.10/site-packages/_pytest/main.py lineno=270 is_entry_frame=1', 'PYTHON_FRAME_INDEX frame_id=10 function_name=_main filename=/home/kaiyaok2/.local/lib/python3.10/site-packages/_pytest/main.py lineno=324 is_entry_frame=1', 'PYTHON_FRAME_INDEX frame_id=11 function_name=pytest_runtestloop filename=/home/kaiyaok2/.local/lib/python3.10/site-packages/_pytest/main.py lineno=349 is_entry_frame=1', 'PYTHON_FRAME_INDEX frame_id=12 function_name=pytest_runtest_protocol filename=/home/kaiyaok2/.local/lib/python3.10/site-packages/_pytest/runner.py lineno=114 is_entry_frame=1', 'PYTHON_TRACE_INDEX frame_id=0 parent_index=0', 'PYTHON_TRACE_INDEX frame_id=1 parent_index=1', 'PYTHON_TRACE_INDEX frame_id=2 parent_index=2', 'PYTHON_TRACE_INDEX frame_id=3 parent_index=3', 'PYTHON_TRACE_INDEX frame_id=4 parent_index=4', 'PYTHON_TRACE_INDEX frame_id=5 parent_index=5', 'PYTHON_TRACE_INDEX frame_id=6 parent_index=6', 'PYTHON_TRACE_INDEX frame_id=7 parent_index=7', 'PYTHON_TRACE_INDEX frame_id=8 parent_index=8', 'PYTHON_TRACE_INDEX frame_id=9 parent_index=9', 'PYTHON_TRACE_INDEX frame_id=10 parent_index=10', 'PYTHON_TRACE_INDEX frame_id=5 parent_index=11', 'PYTHON_TRACE_INDEX frame_id=6 parent_index=12', 'PYTHON_TRACE_INDEX frame_id=7 parent_index=13', 'PYTHON_TRACE_INDEX frame_id=11 parent_index=14', 'PYTHON_TRACE_INDEX frame_id=5 parent_index=15', 'PYTHON_TRACE_INDEX frame_id=6 parent_index=16', 'PYTHON_TRACE_INDEX frame_id=7 parent_index=17', 'PYTHON_TRACE_INDEX frame_id=12 parent_index=18', 'PYTHON_TRACE_INDEX frame_id=13 parent_index=19', 'PYTHON_TRACE_INDEX frame_id=14 parent_index=20', 'PYTHON_TRACE_INDEX frame_id=15 parent_index=21', 'PYTHON_TRACE_INDEX frame_id=16 parent_index=22', 'PYTHON_TRACE_INDEX frame_id=17 parent_index=23', 'PYTHON_TRACE_INDEX frame_id=5 parent_index=24', 'PYTHON_TRACE_INDEX frame_id=6 parent_index=25', 'PYTHON_TRACE_INDEX frame_id=7 parent_index=26', 'PYTHON_TRACE_INDEX frame_id=18 parent_index=27', 'PYTHON_TRACE_INDEX frame_id=19 parent_index=28', 'PYTHON_TRACE_INDEX frame_id=5 parent_index=29', 'PYTHON_TRACE_INDEX frame_id=6 parent_index=30', 'PYTHON_TRACE_INDEX frame_id=7 parent_index=31', 'PYTHON_TRACE_INDEX frame_id=20 parent_index=32', 'PYTHON_TRACE_INDEX frame_id=21 parent_index=33', 'PYTHON_TRACE_INDEX frame_id=22 parent_index=34', 'AGGREGATED_ALLOCATION tid=1 allocator=valloc native_frame_id=115 python_frame_id=35 native_segment_generation=1 n_allocations_in_high_water_mark=1 n_allocations_leaked=0 bytes_in_high_water_mark=1024 bytes_leaked=0', 'AGGREGATED_TRAILER']
.
current test PASSED/SKIPPED -- test_successful_parse_of_aggregated_capture_file in /home/kaiyaok2/PythonProjects/memray/tests/integration/test_main.py: 875.254011631012s cumulative, 5.7017822265625s individual


integration/test_attach.py s
current test PASSED/SKIPPED -- test_basic_attach in /home/kaiyaok2/PythonProjects/memray/tests/integration/test_attach.py: 875.2877571582794s cumulative, 0.033745527267456055s individual

s
current test PASSED/SKIPPED -- test_detach_without_attach in /home/kaiyaok2/PythonProjects/memray/tests/integration/test_attach.py: 875.3005518913269s cumulative, 0.012794733047485352s individual

s
current test PASSED/SKIPPED -- test_detach_without_attach in /home/kaiyaok2/PythonProjects/memray/tests/integration/test_attach.py: 875.3165204524994s cumulative, 0.01596856117248535s individual

s
current test PASSED/SKIPPED -- test_aggregated_attach in /home/kaiyaok2/PythonProjects/memray/tests/integration/test_attach.py: 875.3389565944672s cumulative, 0.022436141967773438s individual

s
current test PASSED/SKIPPED -- test_basic_attach in /home/kaiyaok2/PythonProjects/memray/tests/integration/test_attach.py: 875.3544533252716s cumulative, 0.01549673080444336s individual

s
current test PASSED/SKIPPED -- test_aggregated_attach in /home/kaiyaok2/PythonProjects/memray/tests/integration/test_attach.py: 875.3682909011841s cumulative, 0.013837575912475586s individual

s
current test PASSED/SKIPPED -- test_attach_time in /home/kaiyaok2/PythonProjects/memray/tests/integration/test_attach.py: 875.3855581283569s cumulative, 0.017267227172851562s individual

s
current test PASSED/SKIPPED -- test_attach_time in /home/kaiyaok2/PythonProjects/memray/tests/integration/test_attach.py: 875.4003896713257s cumulative, 0.01483154296875s individual


unit/test_tree_reporter.py .
current test PASSED/SKIPPED -- test_show_uninteresting_system in /home/kaiyaok2/PythonProjects/memray/tests/unit/test_tree_reporter.py: 879.6727204322815s cumulative, 4.2723307609558105s individual

.
current test PASSED/SKIPPED -- test_hide_import_system in /home/kaiyaok2/PythonProjects/memray/tests/unit/test_tree_reporter.py: 880.6933348178864s cumulative, 1.0206143856048584s individual


integration/test_main.py .
current test PASSED/SKIPPED -- test_report_detects_missing_input in /home/kaiyaok2/PythonProjects/memray/tests/integration/test_main.py: 882.2168433666229s cumulative, 1.5235085487365723s individual

.
current test PASSED/SKIPPED -- test_live_tracking_invalid_port in /home/kaiyaok2/PythonProjects/memray/tests/integration/test_main.py: 883.3753483295441s cumulative, 1.1585049629211426s individual

.
current test PASSED/SKIPPED -- test_report_detects_missing_input in /home/kaiyaok2/PythonProjects/memray/tests/integration/test_main.py: 884.9203770160675s cumulative, 1.5450286865234375s individual

.
current test PASSED/SKIPPED -- test_report_detects_corrupt_input in /home/kaiyaok2/PythonProjects/memray/tests/integration/test_main.py: 886.69522356987s cumulative, 1.7748465538024902s individual

.
current test PASSED/SKIPPED -- test_report_detects_corrupt_input in /home/kaiyaok2/PythonProjects/memray/tests/integration/test_main.py: 894.8515582084656s cumulative, 8.156334638595581s individual


unit/test_cli.py .
current test PASSED/SKIPPED -- test_parser_takes_memory_leaks_as_a_flag in /home/kaiyaok2/PythonProjects/memray/tests/unit/test_cli.py: 894.9664416313171s cumulative, 0.1148834228515625s individual

.
current test PASSED/SKIPPED -- test_parser_rejects_no_arguments in /home/kaiyaok2/PythonProjects/memray/tests/unit/test_cli.py: 895.1166372299194s cumulative, 0.15019559860229492s individual

.
current test PASSED/SKIPPED -- test_parser_accepts_short_form_output_1 in /home/kaiyaok2/PythonProjects/memray/tests/unit/test_cli.py: 895.2437922954559s cumulative, 0.12715506553649902s individual

.
current test PASSED/SKIPPED -- test_parser_accepts_long_form_output_2 in /home/kaiyaok2/PythonProjects/memray/tests/unit/test_cli.py: 895.3532018661499s cumulative, 0.10940957069396973s individual

.
current test PASSED/SKIPPED -- test_parser_accepts_single_argument in /home/kaiyaok2/PythonProjects/memray/tests/unit/test_cli.py: 895.5004122257233s cumulative, 0.14721035957336426s individual

.
current test PASSED/SKIPPED -- test_parser_accepts_short_form_output_2 in /home/kaiyaok2/PythonProjects/memray/tests/unit/test_cli.py: 895.6345207691193s cumulative, 0.1341085433959961s individual

.
current test PASSED/SKIPPED -- test_parser_rejects_when_no_results_provided in /home/kaiyaok2/PythonProjects/memray/tests/unit/test_cli.py: 895.795501947403s cumulative, 0.1609811782836914s individual

.
current test PASSED/SKIPPED -- test_parser_takes_force_flag in /home/kaiyaok2/PythonProjects/memray/tests/unit/test_cli.py: 895.9153656959534s cumulative, 0.11986374855041504s individual

.
current test PASSED/SKIPPED -- test_parser_accepts_long_form_output_1 in /home/kaiyaok2/PythonProjects/memray/tests/unit/test_cli.py: 896.0530524253845s cumulative, 0.13768672943115234s individual

.
current test PASSED/SKIPPED -- test_parser_accepts_valid_num_largest_allocators in /home/kaiyaok2/PythonProjects/memray/tests/unit/test_cli.py: 896.1828577518463s cumulative, 0.129805326461792s individual

.
current test PASSED/SKIPPED -- test_parser_rejects_no_arguments in /home/kaiyaok2/PythonProjects/memray/tests/unit/test_cli.py: 896.3192682266235s cumulative, 0.13641047477722168s individual

.
current test PASSED/SKIPPED -- test_parser_rejects_invalid_num_largest_allocators in /home/kaiyaok2/PythonProjects/memray/tests/unit/test_cli.py: 896.4791259765625s cumulative, 0.15985774993896484s individual

.
current test PASSED/SKIPPED -- test_parser_accepts_single_argument in /home/kaiyaok2/PythonProjects/memray/tests/unit/test_cli.py: 896.59179854393s cumulative, 0.11267256736755371s individual

.
current test PASSED/SKIPPED -- test_parser_rejects_when_no_results_provided in /home/kaiyaok2/PythonProjects/memray/tests/unit/test_cli.py: 896.7485058307648s cumulative, 0.1567072868347168s individual

.
current test PASSED/SKIPPED -- test_parser_accepts_single_argument in /home/kaiyaok2/PythonProjects/memray/tests/unit/test_cli.py: 896.8557085990906s cumulative, 0.10720276832580566s individual

.
current test PASSED/SKIPPED -- test_parser_acceps_biggest_allocs_short_form in /home/kaiyaok2/PythonProjects/memray/tests/unit/test_cli.py: 896.9552493095398s cumulative, 0.09954071044921875s individual

.
current test PASSED/SKIPPED -- test_no_args_passed in /home/kaiyaok2/PythonProjects/memray/tests/unit/test_cli.py: 897.3523526191711s cumulative, 0.39710330963134766s individual

.
current test PASSED/SKIPPED -- test_determine_output in /home/kaiyaok2/PythonProjects/memray/tests/unit/test_cli.py: 897.4397509098053s cumulative, 0.08739829063415527s individual

.
current test PASSED/SKIPPED -- test_determine_output in /home/kaiyaok2/PythonProjects/memray/tests/unit/test_cli.py: 897.5286602973938s cumulative, 0.08890938758850098s individual

.
current test PASSED/SKIPPED -- test_parser_acceps_biggest_allocs_long_form in /home/kaiyaok2/PythonProjects/memray/tests/unit/test_cli.py: 897.636314868927s cumulative, 0.10765457153320312s individual

.
current test PASSED/SKIPPED -- test_determine_output in /home/kaiyaok2/PythonProjects/memray/tests/unit/test_cli.py: 897.7390167713165s cumulative, 0.10270190238952637s individual

.
current test PASSED/SKIPPED -- test_determine_output in /home/kaiyaok2/PythonProjects/memray/tests/unit/test_cli.py: 897.8273556232452s cumulative, 0.08833885192871094s individual

.
current test PASSED/SKIPPED -- test_determine_output in /home/kaiyaok2/PythonProjects/memray/tests/unit/test_cli.py: 897.9246079921722s cumulative, 0.09725236892700195s individual

.
current test PASSED/SKIPPED -- test_determine_output in /home/kaiyaok2/PythonProjects/memray/tests/unit/test_cli.py: 898.0808928012848s cumulative, 0.15628480911254883s individual

.
current test PASSED/SKIPPED -- test_determine_output in /home/kaiyaok2/PythonProjects/memray/tests/unit/test_cli.py: 898.1737103462219s cumulative, 0.09281754493713379s individual

.
current test PASSED/SKIPPED -- test_parser_rejects_no_arguments in /home/kaiyaok2/PythonProjects/memray/tests/unit/test_cli.py: 898.3084399700165s cumulative, 0.13472962379455566s individual

.
current test PASSED/SKIPPED -- test_determine_output in /home/kaiyaok2/PythonProjects/memray/tests/unit/test_cli.py: 898.3970580101013s cumulative, 0.08861804008483887s individual

.
current test PASSED/SKIPPED -- test_determine_output in /home/kaiyaok2/PythonProjects/memray/tests/unit/test_cli.py: 898.4985418319702s cumulative, 0.10148382186889648s individual

.
current test PASSED/SKIPPED -- test_parser_rejects_sort_column_incorrect_values in /home/kaiyaok2/PythonProjects/memray/tests/unit/test_cli.py: 898.6202030181885s cumulative, 0.12166118621826172s individual

.
current test PASSED/SKIPPED -- test_parser_accepts_max_rows_long_form in /home/kaiyaok2/PythonProjects/memray/tests/unit/test_cli.py: 898.8243007659912s cumulative, 0.20409774780273438s individual

.
current test PASSED/SKIPPED -- test_parser_accepts_sort_column_long_form in /home/kaiyaok2/PythonProjects/memray/tests/unit/test_cli.py: 898.9342358112335s cumulative, 0.10993504524230957s individual

.
current test PASSED/SKIPPED -- test_parser_accepts_single_argument in /home/kaiyaok2/PythonProjects/memray/tests/unit/test_cli.py: 899.0248699188232s cumulative, 0.09063410758972168s individual

.
current test PASSED/SKIPPED -- test_parser_rejects_no_arguments in /home/kaiyaok2/PythonProjects/memray/tests/unit/test_cli.py: 899.1462316513062s cumulative, 0.12136173248291016s individual

.
current test PASSED/SKIPPED -- test_parser_accepts_sort_column_sort_form in /home/kaiyaok2/PythonProjects/memray/tests/unit/test_cli.py: 899.3196756839752s cumulative, 0.17344403266906738s individual

.
current test PASSED/SKIPPED -- test_parser_rejects_sort_column_incorrect_values in /home/kaiyaok2/PythonProjects/memray/tests/unit/test_cli.py: 899.5023512840271s cumulative, 0.18267560005187988s individual

.
current test PASSED/SKIPPED -- test_parser_accepts_max_rows_sort_form in /home/kaiyaok2/PythonProjects/memray/tests/unit/test_cli.py: 899.6120090484619s cumulative, 0.10965776443481445s individual

.
current test PASSED/SKIPPED -- test_parser_rejects_no_arguments in /home/kaiyaok2/PythonProjects/memray/tests/unit/test_cli.py: 899.7586605548859s cumulative, 0.1466515064239502s individual

.
current test PASSED/SKIPPED -- test_parser_takes_force_flag in /home/kaiyaok2/PythonProjects/memray/tests/unit/test_cli.py: 899.8565127849579s cumulative, 0.09785223007202148s individual

.
current test PASSED/SKIPPED -- test_parser_takes_memory_leaks_as_a_flag in /home/kaiyaok2/PythonProjects/memray/tests/unit/test_cli.py: 899.9849410057068s cumulative, 0.12842822074890137s individual

.
current test PASSED/SKIPPED -- test_parser_rejects_when_no_results_provided in /home/kaiyaok2/PythonProjects/memray/tests/unit/test_cli.py: 900.1205563545227s cumulative, 0.13561534881591797s individual

.
current test PASSED/SKIPPED -- test_parser_invalid_format in /home/kaiyaok2/PythonProjects/memray/tests/unit/test_cli.py: 900.3459703922272s cumulative, 0.22541403770446777s individual

.
current test PASSED/SKIPPED -- test_parser_accepts_long_form_output_2 in /home/kaiyaok2/PythonProjects/memray/tests/unit/test_cli.py: 900.4528267383575s cumulative, 0.1068563461303711s individual

.
current test PASSED/SKIPPED -- test_parser_accepts_long_form_output_1 in /home/kaiyaok2/PythonProjects/memray/tests/unit/test_cli.py: 900.5819048881531s cumulative, 0.12907814979553223s individual

.
current test PASSED/SKIPPED -- test_parser_accepts_short_form_output_2 in /home/kaiyaok2/PythonProjects/memray/tests/unit/test_cli.py: 900.6900782585144s cumulative, 0.10817337036132812s individual

.
current test PASSED/SKIPPED -- test_parser_accepts_short_form_output_1 in /home/kaiyaok2/PythonProjects/memray/tests/unit/test_cli.py: 900.8116118907928s cumulative, 0.12153363227844238s individual

.
current test PASSED/SKIPPED -- test_parser_accepts_single_argument_with_format in /home/kaiyaok2/PythonProjects/memray/tests/unit/test_cli.py: 900.9279873371124s cumulative, 0.11637544631958008s individual

.
current test PASSED/SKIPPED -- test_run_with_follow_fork_and_live_mode in /home/kaiyaok2/PythonProjects/memray/tests/unit/test_cli.py: 902.2041049003601s cumulative, 1.2761175632476807s individual

Run 'memray3.10 live 1111' in another shell to see live results
.
current test PASSED/SKIPPED -- test_run_with_live_remote_and_live_port in /home/kaiyaok2/PythonProjects/memray/tests/unit/test_cli.py: 904.4480519294739s cumulative, 2.2439470291137695s individual

Run 'memray3.10 live 1234' in another shell to see live results
.
current test PASSED/SKIPPED -- test_run_with_live_remote in /home/kaiyaok2/PythonProjects/memray/tests/unit/test_cli.py: 905.6495187282562s cumulative, 1.2014667987823486s individual

Writing profile results into my_output
[memray] Successfully generated profile results.

You can now generate reports from the stored allocation records.
Some example commands to generate reports:

/usr/bin/python3 -m memray flamegraph my_output
.
current test PASSED/SKIPPED -- test_run_overwrite_output_file in /home/kaiyaok2/PythonProjects/memray/tests/unit/test_cli.py: 906.6701438426971s cumulative, 1.020625114440918s individual

Writing profile results into memray-foobar.<MagicMock name='getpid()' id='140602498224512'>.bin
[memray] Successfully generated profile results.

You can now generate reports from the stored allocation records.
Some example commands to generate reports:

/usr/bin/python3 -m memray flamegraph memray-foobar.<MagicMock name='getpid()' id='140602498224512'>.bin
.
current test PASSED/SKIPPED -- test_run_module in /home/kaiyaok2/PythonProjects/memray/tests/unit/test_cli.py: 907.9821088314056s cumulative, 1.311964988708496s individual

Writing profile results into memray-foobar.0.bin
[memray] Successfully generated profile results.

You can now generate reports from the stored allocation records.
Some example commands to generate reports:

/usr/bin/python3 -m memray flamegraph memray-foobar.0.bin
.
current test PASSED/SKIPPED -- test_run_with_follow_fork in /home/kaiyaok2/PythonProjects/memray/tests/unit/test_cli.py: 908.5904257297516s cumulative, 0.6083168983459473s individual

Writing profile results into memray-foobar.0.bin
[memray] Successfully generated profile results.

You can now generate reports from the stored allocation records.
Some example commands to generate reports:

/usr/bin/python3 -m memray flamegraph memray-foobar.0.bin
.
current test PASSED/SKIPPED -- test_run_default_output in /home/kaiyaok2/PythonProjects/memray/tests/unit/test_cli.py: 909.8206746578217s cumulative, 1.2302489280700684s individual

.
current test PASSED/SKIPPED -- test_run_without_arguments in /home/kaiyaok2/PythonProjects/memray/tests/unit/test_cli.py: 910.4463412761688s cumulative, 0.625666618347168s individual

Writing profile results into memray-string.<MagicMock name='getpid()' id='140602498193328'>.bin
[memray] Successfully generated profile results.

You can now generate reports from the stored allocation records.
Some example commands to generate reports:

/usr/bin/python3 -m memray flamegraph memray-string.<MagicMock name='getpid()' id='140602498193328'>.bin
Writing profile results into memray-string.<MagicMock name='getpid()' id='140602498193328'>.bin
[memray] Successfully generated profile results.

You can now generate reports from the stored allocation records.
Some example commands to generate reports:

/usr/bin/python3 -m memray flamegraph memray-string.<MagicMock name='getpid()' id='140602498193328'>.bin
.
current test PASSED/SKIPPED -- test_run_cmd_is_validated in /home/kaiyaok2/PythonProjects/memray/tests/unit/test_cli.py: 912.1454977989197s cumulative, 1.6991565227508545s individual

.
current test PASSED/SKIPPED -- test_run_with_follow_fork_and_live_remote_mode in /home/kaiyaok2/PythonProjects/memray/tests/unit/test_cli.py: 913.1436638832092s cumulative, 0.9981660842895508s individual

Run 'memray3.10 live 1234' in another shell to see live results
.
current test PASSED/SKIPPED -- test_run_with_trace_python_allocators_and_live_remote_mode in /home/kaiyaok2/PythonProjects/memray/tests/unit/test_cli.py: 913.897563457489s cumulative, 0.7538995742797852s individual

Writing profile results into ./directory/memray-foobar.py.0.bin
[memray] Successfully generated profile results.

You can now generate reports from the stored allocation records.
Some example commands to generate reports:

/usr/bin/python3 -m memray flamegraph ./directory/memray-foobar.py.0.bin
.
current test PASSED/SKIPPED -- test_run_relative_file in /home/kaiyaok2/PythonProjects/memray/tests/unit/test_cli.py: 914.916782617569s cumulative, 1.019219160079956s individual

.
current test PASSED/SKIPPED -- test_run_with_live_port_but_not_live_remote in /home/kaiyaok2/PythonProjects/memray/tests/unit/test_cli.py: 915.5394742488861s cumulative, 0.6226916313171387s individual

.
current test PASSED/SKIPPED -- test_parser_takes_force_flag in /home/kaiyaok2/PythonProjects/memray/tests/unit/test_cli.py: 915.654723405838s cumulative, 0.1152491569519043s individual

.
current test PASSED/SKIPPED -- test_parser_accepts_long_form_output_2 in /home/kaiyaok2/PythonProjects/memray/tests/unit/test_cli.py: 915.8173096179962s cumulative, 0.16258621215820312s individual

.
current test PASSED/SKIPPED -- test_parser_accepts_single_argument in /home/kaiyaok2/PythonProjects/memray/tests/unit/test_cli.py: 915.9247841835022s cumulative, 0.10747456550598145s individual

.
current test PASSED/SKIPPED -- test_parser_takes_memory_leaks_as_a_flag in /home/kaiyaok2/PythonProjects/memray/tests/unit/test_cli.py: 916.0390448570251s cumulative, 0.11426067352294922s individual

.
current test PASSED/SKIPPED -- test_parser_accepts_short_form_output_1 in /home/kaiyaok2/PythonProjects/memray/tests/unit/test_cli.py: 916.1370871067047s cumulative, 0.09804224967956543s individual

.
current test PASSED/SKIPPED -- test_parser_accepts_long_form_output_1 in /home/kaiyaok2/PythonProjects/memray/tests/unit/test_cli.py: 916.2478840351105s cumulative, 0.11079692840576172s individual

.
current test PASSED/SKIPPED -- test_parser_rejects_when_no_results_provided in /home/kaiyaok2/PythonProjects/memray/tests/unit/test_cli.py: 916.3992004394531s cumulative, 0.15131640434265137s individual

.
current test PASSED/SKIPPED -- test_parser_rejects_no_arguments in /home/kaiyaok2/PythonProjects/memray/tests/unit/test_cli.py: 916.5505373477936s cumulative, 0.1513369083404541s individual

.
current test PASSED/SKIPPED -- test_parser_accepts_short_form_output_2 in /home/kaiyaok2/PythonProjects/memray/tests/unit/test_cli.py: 916.6924617290497s cumulative, 0.14192438125610352s individual


integration/test_greenlet.py F
current test FAILED -- test_importing_greenlet_after_tracking_starts in /home/kaiyaok2/PythonProjects/memray/tests/integration/test_greenlet.py: 959.7062182426453s cumulative, 43.01375651359558s individual

F
current test FAILED -- test_integration_with_greenlet in /home/kaiyaok2/PythonProjects/memray/tests/integration/test_greenlet.py: 980.8140313625336s cumulative, 21.107813119888306s individual


unit/test_tree_reporter.py .
current test PASSED/SKIPPED -- test_biggest_allocations in /home/kaiyaok2/PythonProjects/memray/tests/unit/test_tree_reporter.py: 1022.6996810436249s cumulative, 41.88564968109131s individual


integration/test_native_tracking.py .
current test PASSED/SKIPPED -- test_inlined_call_chain_with_native_tracking in /home/kaiyaok2/PythonProjects/memray/tests/integration/test_native_tracking.py: 1061.8834822177887s cumulative, 39.18380117416382s individual


unit/test_reader.py .
current test PASSED/SKIPPED -- test_filereader_fails_to_open_file in /home/kaiyaok2/PythonProjects/memray/tests/unit/test_reader.py: 1062.135149717331s cumulative, 0.25166749954223633s individual


integration/test_api.py .
current test PASSED/SKIPPED -- test_aggregated_capture_with_socket_destination in /home/kaiyaok2/PythonProjects/memray/tests/integration/test_api.py: 1062.4220345020294s cumulative, 0.28688478469848633s individual

.
current test PASSED/SKIPPED -- test_follow_fork_with_socket_destination in /home/kaiyaok2/PythonProjects/memray/tests/integration/test_api.py: 1062.5345478057861s cumulative, 0.11251330375671387s individual

.
current test PASSED/SKIPPED -- test_combine_destination_args in /home/kaiyaok2/PythonProjects/memray/tests/integration/test_api.py: 1062.717001914978s cumulative, 0.18245410919189453s individual

.
current test PASSED/SKIPPED -- test_no_destination_arg in /home/kaiyaok2/PythonProjects/memray/tests/integration/test_api.py: 1062.787141084671s cumulative, 0.07013916969299316s individual


unit/test_transform_reporter.py .
current test PASSED/SKIPPED -- test_multiple_allocations in /home/kaiyaok2/PythonProjects/memray/tests/unit/test_transform_reporter.py: 1062.9435930252075s cumulative, 0.15645194053649902s individual

.
current test PASSED/SKIPPED -- test_multiple_stack_frames in /home/kaiyaok2/PythonProjects/memray/tests/unit/test_transform_reporter.py: 1063.0278477668762s cumulative, 0.08425474166870117s individual

.
current test PASSED/SKIPPED -- test_empty_report in /home/kaiyaok2/PythonProjects/memray/tests/unit/test_transform_reporter.py: 1063.2304797172546s cumulative, 0.20263195037841797s individual

.
current test PASSED/SKIPPED -- test_single_native_allocation in /home/kaiyaok2/PythonProjects/memray/tests/unit/test_transform_reporter.py: 1063.5185008049011s cumulative, 0.2880210876464844s individual

.
current test PASSED/SKIPPED -- test_single_allocation in /home/kaiyaok2/PythonProjects/memray/tests/unit/test_transform_reporter.py: 1063.6244280338287s cumulative, 0.1059272289276123s individual

.
current test PASSED/SKIPPED -- test_empty_stack_trace in /home/kaiyaok2/PythonProjects/memray/tests/unit/test_transform_reporter.py: 1063.7383959293365s cumulative, 0.1139678955078125s individual

.
current test PASSED/SKIPPED -- test_multiple_allocations in /home/kaiyaok2/PythonProjects/memray/tests/unit/test_transform_reporter.py: 1063.8849892616272s cumulative, 0.14659333229064941s individual

.
current test PASSED/SKIPPED -- test_single_native_allocation in /home/kaiyaok2/PythonProjects/memray/tests/unit/test_transform_reporter.py: 1064.0846238136292s cumulative, 0.19963455200195312s individual

.
current test PASSED/SKIPPED -- test_empty_stack_trace in /home/kaiyaok2/PythonProjects/memray/tests/unit/test_transform_reporter.py: 1064.3897907733917s cumulative, 0.30516695976257324s individual

.
current test PASSED/SKIPPED -- test_empty_report in /home/kaiyaok2/PythonProjects/memray/tests/unit/test_transform_reporter.py: 1064.4910383224487s cumulative, 0.10124754905700684s individual

.
current test PASSED/SKIPPED -- test_single_allocation in /home/kaiyaok2/PythonProjects/memray/tests/unit/test_transform_reporter.py: 1064.58731675148s cumulative, 0.09627842903137207s individual


integration/test_tracking.py F
current test FAILED -- test_unsupported_operations_on_aggregated_capture in /home/kaiyaok2/PythonProjects/memray/tests/integration/test_tracking.py: 1079.818032026291s cumulative, 15.230715274810791s individual

F
current test FAILED -- test_tracking_with_SIGKILL in /home/kaiyaok2/PythonProjects/memray/tests/integration/test_tracking.py: 1093.332407951355s cumulative, 13.514375925064087s individual


integration/test_tracing.py .
current test PASSED/SKIPPED -- test_mmap in /home/kaiyaok2/PythonProjects/memray/tests/integration/test_tracing.py: 1096.6731946468353s cumulative, 3.3407866954803467s individual


integration/test_main.py .
current test PASSED/SKIPPED -- test_error_when_stdout_is_a_tty in /home/kaiyaok2/PythonProjects/memray/tests/integration/test_main.py: 1119.8592224121094s cumulative, 23.186027765274048s individual

.
current test PASSED/SKIPPED -- test_report_detects_missing_input in /home/kaiyaok2/PythonProjects/memray/tests/integration/test_main.py: 1131.1602878570557s cumulative, 11.301065444946289s individual

.
current test PASSED/SKIPPED -- test_report_detects_missing_input in /home/kaiyaok2/PythonProjects/memray/tests/integration/test_main.py: 1138.4026546478271s cumulative, 7.242366790771484s individual

.
current test PASSED/SKIPPED -- test_no_split_threads in /home/kaiyaok2/PythonProjects/memray/tests/integration/test_main.py: 1146.4738819599152s cumulative, 8.071227312088013s individual


integration/test_tracing.py .
current test PASSED/SKIPPED -- test_identical_stack_traces_started_in_different_lines_in_the_root_do_not_compare_equal in /home/kaiyaok2/PythonProjects/memray/tests/integration/test_tracing.py: 1149.3912689685822s cumulative, 2.917387008666992s individual


unit/test_tui_reporter.py .
current test PASSED/SKIPPED -- test_tui_basic in /home/kaiyaok2/PythonProjects/memray/tests/unit/test_tui_reporter.py: 1183.673412322998s cumulative, 34.282143354415894s individual

.
current test PASSED/SKIPPED -- test_tui_gradient in /home/kaiyaok2/PythonProjects/memray/tests/unit/test_tui_reporter.py: 1210.6381602287292s cumulative, 26.9647479057312s individual

.
current test PASSED/SKIPPED -- test_tui_basic in /home/kaiyaok2/PythonProjects/memray/tests/unit/test_tui_reporter.py: 1235.4593389034271s cumulative, 24.821178674697876s individual


unit/test_highwatermark_command.py ⚠  No debug information was found for the Python interpreter  ⚠

Without debug information reports showing native traces may not include file 
names and line numbers. Please use an interpreter built with debug symbols for 
best results. Check https://bloomberg.github.io/memray/native_mode.html for more
information regarding how memray resolves symbols.

.
current test PASSED/SKIPPED -- test_tracker_and_reporter_interactions_for_leak in /home/kaiyaok2/PythonProjects/memray/tests/unit/test_highwatermark_command.py: 1238.204974412918s cumulative, 2.745635509490967s individual


unit/test_tui_reporter.py .
current test PASSED/SKIPPED -- test_command_line_display in /home/kaiyaok2/PythonProjects/memray/tests/unit/test_tui_reporter.py: 1244.1196236610413s cumulative, 5.914649248123169s individual


unit/test_tree_reporter.py .
current test PASSED/SKIPPED -- test_basic_node_selected_not_leaf in /home/kaiyaok2/PythonProjects/memray/tests/unit/test_tree_reporter.py: 1250.8512835502625s cumulative, 6.731659889221191s individual

.
current test PASSED/SKIPPED -- test_hide_import_system_idempotency in /home/kaiyaok2/PythonProjects/memray/tests/unit/test_tree_reporter.py: 1254.1702976226807s cumulative, 3.319014072418213s individual


integration/test_native_tracking.py .
current test PASSED/SKIPPED -- test_hybrid_stack_in_recursive_python_c_call in /home/kaiyaok2/PythonProjects/memray/tests/integration/test_native_tracking.py: 1257.5784616470337s cumulative, 3.4081640243530273s individual


unit/test_tui_reporter.py .
current test PASSED/SKIPPED -- test_pid_display in /home/kaiyaok2/PythonProjects/memray/tests/unit/test_tui_reporter.py: 1259.5298926830292s cumulative, 1.9514310359954834s individual


integration/test_tracking.py .
current test PASSED/SKIPPED -- test_partial_munmap in /home/kaiyaok2/PythonProjects/memray/tests/integration/test_tracking.py: 1260.5822777748108s cumulative, 1.0523850917816162s individual

.
current test PASSED/SKIPPED -- test_allocations_aggregation_on_different_lines in /home/kaiyaok2/PythonProjects/memray/tests/integration/test_tracking.py: 1261.6166529655457s cumulative, 1.0343751907348633s individual

.
current test PASSED/SKIPPED -- test_munmap_multiple_mmaps in /home/kaiyaok2/PythonProjects/memray/tests/integration/test_tracking.py: 1263.0491046905518s cumulative, 1.4324517250061035s individual

.
current test PASSED/SKIPPED -- test_no_allocations_while_tracking in /home/kaiyaok2/PythonProjects/memray/tests/integration/test_tracking.py: 1264.1636695861816s cumulative, 1.1145648956298828s individual

.
current test PASSED/SKIPPED -- test_munmap_multiple_mmaps in /home/kaiyaok2/PythonProjects/memray/tests/integration/test_tracking.py: 1265.3714046478271s cumulative, 1.2077350616455078s individual

.
current test PASSED/SKIPPED -- test_simple_allocation_tracking in /home/kaiyaok2/PythonProjects/memray/tests/integration/test_tracking.py: 1266.8016922473907s cumulative, 1.4302875995635986s individual

.
current test PASSED/SKIPPED -- test_partial_munmap_gap in /home/kaiyaok2/PythonProjects/memray/tests/integration/test_tracking.py: 1268.1959671974182s cumulative, 1.3942749500274658s individual

.
current test PASSED/SKIPPED -- test_multiple_high_watermark in /home/kaiyaok2/PythonProjects/memray/tests/integration/test_tracking.py: 1269.6773753166199s cumulative, 1.4814081192016602s individual

.
current test PASSED/SKIPPED -- test_leaks_allocations_are_detected in /home/kaiyaok2/PythonProjects/memray/tests/integration/test_tracking.py: 1270.7515325546265s cumulative, 1.0741572380065918s individual

.
current test PASSED/SKIPPED -- test_leaks_that_happen_in_the_same_function_are_aggregated in /home/kaiyaok2/PythonProjects/memray/tests/integration/test_tracking.py: 1271.6778898239136s cumulative, 0.9263572692871094s individual

.
current test PASSED/SKIPPED -- test_simple_allocation_tracking in /home/kaiyaok2/PythonProjects/memray/tests/integration/test_tracking.py: 1272.5758850574493s cumulative, 0.8979952335357666s individual

.
current test PASSED/SKIPPED -- test_simple_pymalloc_allocation_tracking in /home/kaiyaok2/PythonProjects/memray/tests/integration/test_tracking.py: 1273.6104850769043s cumulative, 1.034600019454956s individual

.
current test PASSED/SKIPPED -- test_simple_allocation_tracking in /home/kaiyaok2/PythonProjects/memray/tests/integration/test_tracking.py: 1274.6371088027954s cumulative, 1.0266237258911133s individual

.
current test PASSED/SKIPPED -- test_temporary_allocations_are_detected in /home/kaiyaok2/PythonProjects/memray/tests/integration/test_tracking.py: 1275.8025681972504s cumulative, 1.165459394454956s individual

.
current test PASSED/SKIPPED -- test_pymalloc_allocation_tracking_deactivated in /home/kaiyaok2/PythonProjects/memray/tests/integration/test_tracking.py: 1276.975415945053s cumulative, 1.1728477478027344s individual

.
current test PASSED/SKIPPED -- test_simple_allocation_tracking in /home/kaiyaok2/PythonProjects/memray/tests/integration/test_tracking.py: 1277.8753116130829s cumulative, 0.8998956680297852s individual

.
current test PASSED/SKIPPED -- test_header_allocator in /home/kaiyaok2/PythonProjects/memray/tests/integration/test_tracking.py: 1278.5117383003235s cumulative, 0.6364266872406006s individual


integration/test_main.py .
current test PASSED/SKIPPED -- test_report_detects_corrupt_input in /home/kaiyaok2/PythonProjects/memray/tests/integration/test_main.py: 1279.716988325119s cumulative, 1.2052500247955322s individual

.
current test PASSED/SKIPPED -- test_can_generate_reports_with_native_traces in /home/kaiyaok2/PythonProjects/memray/tests/integration/test_main.py: 1284.3621978759766s cumulative, 4.645209550857544s individual

.
current test PASSED/SKIPPED -- test_report_both_temporary_allocation_arguments in /home/kaiyaok2/PythonProjects/memray/tests/integration/test_main.py: 1292.363207101822s cumulative, 8.001009225845337s individual


integration/test_native_tracking.py ['PyType_GenericAlloc', '<unknown>', '_PyObject_MakeTpCall', '<module>', '<unknown>', 'PyEval_EvalCode', '<unknown>', '<unknown>', 'PyRun_StringFlags', 'PyRun_SimpleStringFlags', 'Py_RunMain', 'Py_BytesMain', '<unknown>', '__libc_start_main', '_start']
['_PyObject_GC_NewVar', '<unknown>', '<unknown>', '<unknown>', '<module>', '<unknown>', 'PyEval_EvalCode', '<unknown>', '<unknown>', 'PyRun_StringFlags', 'PyRun_SimpleStringFlags', 'Py_RunMain', 'Py_BytesMain', '<unknown>', '__libc_start_main', '_start']
['_PyObject_GC_NewVar', '<unknown>', '_PyFunction_Vectorcall', '_PyObject_CallFunction_SizeT', 'run_recursive', '<unknown>', '_PyObject_MakeTpCall', '<unknown>', 'foo', '<unknown>', '<unknown>', '<module>', '<unknown>', 'PyEval_EvalCode', '<unknown>', '<unknown>', 'PyRun_StringFlags', 'PyRun_SimpleStringFlags', 'Py_RunMain', 'Py_BytesMain', '<unknown>', '__libc_start_main', '_start']
.
current test PASSED/SKIPPED -- test_hybrid_stack_of_allocations_inside_ceval in /home/kaiyaok2/PythonProjects/memray/tests/integration/test_native_tracking.py: 1299.7146139144897s cumulative, 7.351406812667847s individual

.
current test PASSED/SKIPPED -- test_hybrid_stack_in_a_thread in /home/kaiyaok2/PythonProjects/memray/tests/integration/test_native_tracking.py: 1305.2779400348663s cumulative, 5.563326120376587s individual


unit/test_attach.py Error usage: memray [-h] [-v] [-V]
              {run,flamegraph,table,live,tree,parse,summary,stats,transform,attach,detach}
              ...
memray: error: Can't use aggregated mode without an output file.

.
current test PASSED/SKIPPED -- test_memray_attach_aggregated_without_output_file in /home/kaiyaok2/PythonProjects/memray/tests/unit/test_attach.py: 1305.3746991157532s cumulative, 0.09675908088684082s individual


integration/test_main.py .
current test PASSED/SKIPPED -- test_leaks_with_pymalloc_warning in /home/kaiyaok2/PythonProjects/memray/tests/integration/test_main.py: 1310.5044474601746s cumulative, 5.129748344421387s individual

.
current test PASSED/SKIPPED -- test_report_detects_corrupt_input in /home/kaiyaok2/PythonProjects/memray/tests/integration/test_main.py: 1312.521889925003s cumulative, 2.017442464828491s individual

.
current test PASSED/SKIPPED -- test_error_when_input_file_does_not_exist in /home/kaiyaok2/PythonProjects/memray/tests/integration/test_main.py: 1314.967274904251s cumulative, 2.445384979248047s individual


unit/test_summary_reporter.py .
current test PASSED/SKIPPED -- test_with_multiple_allocations in /home/kaiyaok2/PythonProjects/memray/tests/unit/test_summary_reporter.py: 1315.2702763080597s cumulative, 0.30300140380859375s individual


integration/test_extensions.py .
current test PASSED/SKIPPED -- test_hard_exit in /home/kaiyaok2/PythonProjects/memray/tests/integration/test_extensions.py: 1316.0769555568695s cumulative, 0.8066792488098145s individual

.
current test PASSED/SKIPPED -- test_misbehaving_extension in /home/kaiyaok2/PythonProjects/memray/tests/integration/test_extensions.py: 1320.5804102420807s cumulative, 4.503454685211182s individual


unit/test_highwatermark_command.py ⚠  No debug information was found for the Python interpreter  ⚠

Without debug information reports showing native traces may not include file 
names and line numbers. Please use an interpreter built with debug symbols for 
best results. Check https://bloomberg.github.io/memray/native_mode.html for more
information regarding how memray resolves symbols.

.
current test PASSED/SKIPPED -- test_tracker_and_reporter_interactions_for_peak in /home/kaiyaok2/PythonProjects/memray/tests/unit/test_highwatermark_command.py: 1323.9083666801453s cumulative, 3.327956438064575s individual


integration/test_tracing.py .
current test PASSED/SKIPPED -- test_traceback in /home/kaiyaok2/PythonProjects/memray/tests/integration/test_tracing.py: 1326.4042901992798s cumulative, 2.4959235191345215s individual


integration/test_api.py .
current test PASSED/SKIPPED -- test_file_destination in /home/kaiyaok2/PythonProjects/memray/tests/integration/test_api.py: 1329.640365600586s cumulative, 3.2360754013061523s individual


integration/test_tracking.py .
current test PASSED/SKIPPED -- test_non_freed_allocations_are_accounted_for in /home/kaiyaok2/PythonProjects/memray/tests/integration/test_tracking.py: 1333.240971326828s cumulative, 3.6006057262420654s individual


integration/test_tracing.py .
current test PASSED/SKIPPED -- test_mmap_in_thread in /home/kaiyaok2/PythonProjects/memray/tests/integration/test_tracing.py: 1337.5232496261597s cumulative, 4.282278299331665s individual

.
current test PASSED/SKIPPED -- test_traceback_for_high_watermark_records_can_be_retrieved_twice in /home/kaiyaok2/PythonProjects/memray/tests/integration/test_tracing.py: 1343.49298620224s cumulative, 5.969736576080322s individual


integration/test_extensions.py .
current test PASSED/SKIPPED -- test_valloc_at_thread_exit in /home/kaiyaok2/PythonProjects/memray/tests/integration/test_extensions.py: 1384.5505063533783s cumulative, 41.057520151138306s individual


integration/test_socket.py E
current test FAILED -- test_get_current_snapshot_first_yield_after_context_raises in /home/kaiyaok2/PythonProjects/memray/tests/integration/test_socket.py: 1384.6648836135864s cumulative, 0.11437726020812988s individual

E
current test FAILED -- test_get_current_snapshot_raises_after_context in /home/kaiyaok2/PythonProjects/memray/tests/integration/test_socket.py: 1384.7725293636322s cumulative, 0.10764575004577637s individual

E
current test FAILED -- test_multi_allocation_snapshot in /home/kaiyaok2/PythonProjects/memray/tests/integration/test_socket.py: 1384.8687868118286s cumulative, 0.09625744819641113s individual

E
current test FAILED -- test_single_allocation_snapshot in /home/kaiyaok2/PythonProjects/memray/tests/integration/test_socket.py: 1385.0437557697296s cumulative, 0.17496895790100098s individual

E
current test FAILED -- test_command_line in /home/kaiyaok2/PythonProjects/memray/tests/integration/test_socket.py: 1385.4522488117218s cumulative, 0.4084930419921875s individual

E
current test FAILED -- test_empty_snapshot_after_free in /home/kaiyaok2/PythonProjects/memray/tests/integration/test_socket.py: 1385.8760061264038s cumulative, 0.42375731468200684s individual


unit/test_tui_reporter.py .
current test PASSED/SKIPPED -- test_pid_display in /home/kaiyaok2/PythonProjects/memray/tests/unit/test_tui_reporter.py: 1442.576140165329s cumulative, 56.70013403892517s individual


integration/test_tracking.py .
current test PASSED/SKIPPED -- test_simple_allocation_tracking in /home/kaiyaok2/PythonProjects/memray/tests/integration/test_tracking.py: 1452.8508200645447s cumulative, 10.274679899215698s individual


integration/test_tracing.py .
current test PASSED/SKIPPED -- test_allocation_in_thread_after_unsetting_profile_function in /home/kaiyaok2/PythonProjects/memray/tests/integration/test_tracing.py: 1459.5018873214722s cumulative, 6.65106725692749s individual

.
current test PASSED/SKIPPED -- test_allocation_in_thread_before_reacquiring_gil_after_tracking_starts in /home/kaiyaok2/PythonProjects/memray/tests/integration/test_tracing.py: 1464.1247141361237s cumulative, 4.622826814651489s individual

.
current test PASSED/SKIPPED -- test_thread_surviving_multiple_trackers in /home/kaiyaok2/PythonProjects/memray/tests/integration/test_tracing.py: 1475.568144083023s cumulative, 11.443429946899414s individual


integration/test_native_tracking.py .
current test PASSED/SKIPPED -- test_native_tracing_header in /home/kaiyaok2/PythonProjects/memray/tests/integration/test_native_tracking.py: 1481.37544465065s cumulative, 5.807300567626953s individual


unit/test_high_water_mark_aggregator.py .
current test PASSED/SKIPPED -- test_same_stack_in_different_threads in /home/kaiyaok2/PythonProjects/memray/tests/unit/test_high_water_mark_aggregator.py: 1481.5482482910156s cumulative, 0.17280364036560059s individual

.
current test PASSED/SKIPPED -- test_freeing_one_of_two_high_water_mark_allocations_at_different_locations in /home/kaiyaok2/PythonProjects/memray/tests/unit/test_high_water_mark_aggregator.py: 1481.6394720077515s cumulative, 0.09122371673583984s individual

.
current test PASSED/SKIPPED -- test_no_allocations_at_start in /home/kaiyaok2/PythonProjects/memray/tests/unit/test_high_water_mark_aggregator.py: 1481.7506852149963s cumulative, 0.11121320724487305s individual

.
current test PASSED/SKIPPED -- test_allocation_after_high_water_mark_in_historical_snapshot in /home/kaiyaok2/PythonProjects/memray/tests/unit/test_high_water_mark_aggregator.py: 1482.0597143173218s cumulative, 0.30902910232543945s individual

.
current test PASSED/SKIPPED -- test_one_allocation_freed_at_high_water_mark_in_second_snapshot in /home/kaiyaok2/PythonProjects/memray/tests/unit/test_high_water_mark_aggregator.py: 1482.3337037563324s cumulative, 0.2739894390106201s individual

.
current test PASSED/SKIPPED -- test_allocations_freed_over_two_non_adjacent_snapshots in /home/kaiyaok2/PythonProjects/memray/tests/unit/test_high_water_mark_aggregator.py: 1482.6608939170837s cumulative, 0.3271901607513428s individual

.
current test PASSED/SKIPPED -- test_completely_freed_range in /home/kaiyaok2/PythonProjects/memray/tests/unit/test_high_water_mark_aggregator.py: 1482.8126921653748s cumulative, 0.15179824829101562s individual

.
current test PASSED/SKIPPED -- test_allocations_freed_over_two_snapshots in /home/kaiyaok2/PythonProjects/memray/tests/unit/test_high_water_mark_aggregator.py: 1482.9106874465942s cumulative, 0.09799528121948242s individual

.
current test PASSED/SKIPPED -- test_allocation_made_between_high_water_marks_and_leaked in /home/kaiyaok2/PythonProjects/memray/tests/unit/test_high_water_mark_aggregator.py: 1483.2058770656586s cumulative, 0.29518961906433105s individual

.
current test PASSED/SKIPPED -- test_allocation_made_and_freed_after_high_water_mark in /home/kaiyaok2/PythonProjects/memray/tests/unit/test_high_water_mark_aggregator.py: 1483.3418984413147s cumulative, 0.13602137565612793s individual

.
current test PASSED/SKIPPED -- test_one_allocation_before_first_snapshot in /home/kaiyaok2/PythonProjects/memray/tests/unit/test_high_water_mark_aggregator.py: 1483.429591178894s cumulative, 0.0876927375793457s individual

.
current test PASSED/SKIPPED -- test_allocation_and_deallocation_across_multiple_snapshots_with_other_allocators in /home/kaiyaok2/PythonProjects/memray/tests/unit/test_high_water_mark_aggregator.py: 1483.7735166549683s cumulative, 0.34392547607421875s individual

.
current test PASSED/SKIPPED -- test_shrunk_range in /home/kaiyaok2/PythonProjects/memray/tests/unit/test_high_water_mark_aggregator.py: 1484.1008858680725s cumulative, 0.32736921310424805s individual

.
current test PASSED/SKIPPED -- test_allocation_and_deallocation_across_multiple_snapshots in /home/kaiyaok2/PythonProjects/memray/tests/unit/test_high_water_mark_aggregator.py: 1484.1990411281586s cumulative, 0.09815526008605957s individual

.
current test PASSED/SKIPPED -- test_split_then_freed_range in /home/kaiyaok2/PythonProjects/memray/tests/unit/test_high_water_mark_aggregator.py: 1484.3000180721283s cumulative, 0.10097694396972656s individual

.
current test PASSED/SKIPPED -- test_allocation_after_high_water_mark_in_current_snapshot in /home/kaiyaok2/PythonProjects/memray/tests/unit/test_high_water_mark_aggregator.py: 1484.4876084327698s cumulative, 0.1875903606414795s individual

.
current test PASSED/SKIPPED -- test_one_allocation_freed_before_high_water_mark_in_second_snapshot in /home/kaiyaok2/PythonProjects/memray/tests/unit/test_high_water_mark_aggregator.py: 1484.5781617164612s cumulative, 0.09055328369140625s individual

.
current test PASSED/SKIPPED -- test_reporting_on_true_high_water_mark_that_was_in_a_past_snapshot in /home/kaiyaok2/PythonProjects/memray/tests/unit/test_high_water_mark_aggregator.py: 1484.8172044754028s cumulative, 0.2390427589416504s individual

.
current test PASSED/SKIPPED -- test_different_allocators_at_one_location in /home/kaiyaok2/PythonProjects/memray/tests/unit/test_high_water_mark_aggregator.py: 1485.097897052765s cumulative, 0.28069257736206055s individual

.
current test PASSED/SKIPPED -- test_one_allocation_after_first_snapshot in /home/kaiyaok2/PythonProjects/memray/tests/unit/test_high_water_mark_aggregator.py: 1485.355164051056s cumulative, 0.2572669982910156s individual

.
current test PASSED/SKIPPED -- test_split_range in /home/kaiyaok2/PythonProjects/memray/tests/unit/test_high_water_mark_aggregator.py: 1485.623080253601s cumulative, 0.267916202545166s individual

.
current test PASSED/SKIPPED -- test_zero_byte_allocation in /home/kaiyaok2/PythonProjects/memray/tests/unit/test_high_water_mark_aggregator.py: 1485.824891090393s cumulative, 0.2018108367919922s individual

.
current test PASSED/SKIPPED -- test_allocation_and_deallocation_after_high_water_mark in /home/kaiyaok2/PythonProjects/memray/tests/unit/test_high_water_mark_aggregator.py: 1485.9146964550018s cumulative, 0.08980536460876465s individual

.
current test PASSED/SKIPPED -- test_allocation_made_and_freed_between_high_water_marks in /home/kaiyaok2/PythonProjects/memray/tests/unit/test_high_water_mark_aggregator.py: 1486.0093386173248s cumulative, 0.09464216232299805s individual

.
current test PASSED/SKIPPED -- test_freeing_one_of_two_high_water_mark_allocations_at_the_same_location in /home/kaiyaok2/PythonProjects/memray/tests/unit/test_high_water_mark_aggregator.py: 1486.1134107112885s cumulative, 0.10407209396362305s individual

.
current test PASSED/SKIPPED -- test_allocation_freed_before_high_water_mark in /home/kaiyaok2/PythonProjects/memray/tests/unit/test_high_water_mark_aggregator.py: 1486.2236952781677s cumulative, 0.11028456687927246s individual

.
current test PASSED/SKIPPED -- test_allocation_made_and_leaked_after_high_water_mark in /home/kaiyaok2/PythonProjects/memray/tests/unit/test_high_water_mark_aggregator.py: 1486.3206408023834s cumulative, 0.09694552421569824s individual

.
current test PASSED/SKIPPED -- test_two_allocations_in_different_snapshots in /home/kaiyaok2/PythonProjects/memray/tests/unit/test_high_water_mark_aggregator.py: 1486.4477424621582s cumulative, 0.12710165977478027s individual

.
current test PASSED/SKIPPED -- test_allocation_made_between_high_water_marks_and_freed_after_high_water_mark in /home/kaiyaok2/PythonProjects/memray/tests/unit/test_high_water_mark_aggregator.py: 1486.5493166446686s cumulative, 0.10157418251037598s individual

.
current test PASSED/SKIPPED -- test_one_allocation_is_both_high_water_mark_and_leaked in /home/kaiyaok2/PythonProjects/memray/tests/unit/test_high_water_mark_aggregator.py: 1486.6378855705261s cumulative, 0.08856892585754395s individual

.
current test PASSED/SKIPPED -- test_shrunk_then_freed_range in /home/kaiyaok2/PythonProjects/memray/tests/unit/test_high_water_mark_aggregator.py: 1486.8233966827393s cumulative, 0.18551111221313477s individual

.
current test PASSED/SKIPPED -- test_one_freed_allocation_is_high_water_mark_but_not_leaked in /home/kaiyaok2/PythonProjects/memray/tests/unit/test_high_water_mark_aggregator.py: 1486.9315605163574s cumulative, 0.10816383361816406s individual


unit/test_tui_reporter.py .
current test PASSED/SKIPPED -- test_tui_pause in /home/kaiyaok2/PythonProjects/memray/tests/unit/test_tui_reporter.py: 1532.9074676036835s cumulative, 45.97590708732605s individual


unit/test_templates.py .
current test PASSED/SKIPPED -- test_title_for_regular_report in /home/kaiyaok2/PythonProjects/memray/tests/unit/test_templates.py: 1532.9375536441803s cumulative, 0.030086040496826172s individual

.
current test PASSED/SKIPPED -- test_title_for_regular_report in /home/kaiyaok2/PythonProjects/memray/tests/unit/test_templates.py: 1532.9679517745972s cumulative, 0.030398130416870117s individual

.
current test PASSED/SKIPPED -- test_title_for_regular_report in /home/kaiyaok2/PythonProjects/memray/tests/unit/test_templates.py: 1533.0229325294495s cumulative, 0.05498075485229492s individual

.
current test PASSED/SKIPPED -- test_title_for_regular_report in /home/kaiyaok2/PythonProjects/memray/tests/unit/test_templates.py: 1533.1188781261444s cumulative, 0.09594559669494629s individual

.
current test PASSED/SKIPPED -- test_title_for_regular_report in /home/kaiyaok2/PythonProjects/memray/tests/unit/test_templates.py: 1533.171620130539s cumulative, 0.05274200439453125s individual

.
current test PASSED/SKIPPED -- test_title_for_regular_report in /home/kaiyaok2/PythonProjects/memray/tests/unit/test_templates.py: 1533.2697644233704s cumulative, 0.0981442928314209s individual


unit/test_highwatermark_command.py ⚠  No debug information was found for the Python interpreter  ⚠

Without debug information reports showing native traces may not include file 
names and line numbers. Please use an interpreter built with debug symbols for 
best results. Check https://bloomberg.github.io/memray/native_mode.html for more
information regarding how memray resolves symbols.

.
current test PASSED/SKIPPED -- test_tracker_and_reporter_interactions_for_temporary_allocations in /home/kaiyaok2/PythonProjects/memray/tests/unit/test_highwatermark_command.py: 1538.2914237976074s cumulative, 5.0216593742370605s individual


integration/test_main.py .
current test PASSED/SKIPPED -- test_run_overwrite_output_file in /home/kaiyaok2/PythonProjects/memray/tests/integration/test_main.py: 1549.7794439792633s cumulative, 11.488020181655884s individual

.
current test PASSED/SKIPPED -- test_run_live_tracking_invalid_port in /home/kaiyaok2/PythonProjects/memray/tests/integration/test_main.py: 1557.0347101688385s cumulative, 7.255266189575195s individual


integration/test_tracing.py [AllocationRecord<tid=0x1, address=0x7fdf58d72000, size=1.000B, allocator=10, allocations=1>, AllocationRecord<tid=0x1, address=0x7fdf58d71000, size=1.000B, allocator=10, allocations=1>, AllocationRecord<tid=0x1, address=0x7fdf58d72000, size=1.000B, allocator=11, allocations=1>, AllocationRecord<tid=0x1, address=0x7fdf58d71000, size=1.000B, allocator=11, allocations=1>]
.
current test PASSED/SKIPPED -- test_allocations_in_root_frame_have_correct_line_number in /home/kaiyaok2/PythonProjects/memray/tests/integration/test_tracing.py: 1560.6696147918701s cumulative, 3.634904623031616s individual

.
current test PASSED/SKIPPED -- test_records_can_be_retrieved_twice in /home/kaiyaok2/PythonProjects/memray/tests/integration/test_tracing.py: 1564.0363671779633s cumulative, 3.3667523860931396s individual

.
current test PASSED/SKIPPED -- test_traceback_iteration_does_not_depend_on_the_order_of_elements in /home/kaiyaok2/PythonProjects/memray/tests/integration/test_tracing.py: 1567.4061708450317s cumulative, 3.3698036670684814s individual

.
current test PASSED/SKIPPED -- test_traceback_for_high_watermark in /home/kaiyaok2/PythonProjects/memray/tests/integration/test_tracing.py: 1571.0013937950134s cumulative, 3.5952229499816895s individual


integration/test_tracking.py .
current test PASSED/SKIPPED -- test_get_header in /home/kaiyaok2/PythonProjects/memray/tests/integration/test_tracking.py: 1574.558052778244s cumulative, 3.556658983230591s individual

.
current test PASSED/SKIPPED -- test_partial_munmap_split_in_middle in /home/kaiyaok2/PythonProjects/memray/tests/integration/test_tracking.py: 1578.330595254898s cumulative, 3.7725424766540527s individual


integration/test_main.py .
current test PASSED/SKIPPED -- test_live_tracking_waits_for_client in /home/kaiyaok2/PythonProjects/memray/tests/integration/test_main.py: 1585.1048464775085s cumulative, 6.774251222610474s individual


integration/test_socket.py E
current test FAILED -- test_reading_allocations_while_reading_stack_traces in /home/kaiyaok2/PythonProjects/memray/tests/integration/test_socket.py: 1585.1597938537598s cumulative, 0.0549473762512207s individual


integration/test_tracking.py .
current test PASSED/SKIPPED -- test_temporary_allocations_outside_buffer_are_not_detected in /home/kaiyaok2/PythonProjects/memray/tests/integration/test_tracking.py: 1587.5478682518005s cumulative, 2.3880743980407715s individual

.
current test PASSED/SKIPPED -- test_leaks_that_happen_in_the_same_function_are_aggregated in /home/kaiyaok2/PythonProjects/memray/tests/integration/test_tracking.py: 1590.3831169605255s cumulative, 2.8352487087249756s individual

.
current test PASSED/SKIPPED -- test_simple_allocation_tracking in /home/kaiyaok2/PythonProjects/memray/tests/integration/test_tracking.py: 1593.0276868343353s cumulative, 2.6445698738098145s individual


unit/test_tui_reporter.py .
current test PASSED/SKIPPED -- test_tui_pause in /home/kaiyaok2/PythonProjects/memray/tests/unit/test_tui_reporter.py: 1621.7264235019684s cumulative, 28.698736667633057s individual


integration/test_main.py .
current test PASSED/SKIPPED -- test_live_tracking_invalid_port in /home/kaiyaok2/PythonProjects/memray/tests/integration/test_main.py: 1626.6404848098755s cumulative, 4.9140613079071045s individual

.
current test PASSED/SKIPPED -- test_leaks_with_pymalloc_warning in /home/kaiyaok2/PythonProjects/memray/tests/integration/test_main.py: 1647.5400898456573s cumulative, 20.89960503578186s individual


integration/test_ipython.py [0;31m---------------------------------------------------------------------------[0m
[0;31mZeroDivisionError[0m                         Traceback (most recent call last)
Cell [0;32mIn[1], line 9[0m
[1;32m      2[0m [38;5;28;01mwith[39;00m Tracker(
[1;32m      3[0m     [38;5;124m"[39m[38;5;124mmemray-results/tmp0g693xo0/memray.dump[39m[38;5;124m"[39m,
[1;32m      4[0m     native_traces[38;5;241m=[39m[38;5;28;01mFalse[39;00m,
[1;32m      5[0m     trace_python_allocators[38;5;241m=[39m[38;5;28;01mFalse[39;00m,
[1;32m      6[0m     follow_fork[38;5;241m=[39m[38;5;28;01mFalse[39;00m,
[1;32m      7[0m ) [38;5;28;01mas[39;00m tracker:
[1;32m      8[0m     x [38;5;241m=[39m [38;5;124m"[39m[38;5;124ma[39m[38;5;124m"[39m [38;5;241m*[39m [38;5;241m10000[39m
[0;32m----> 9[0m     [38;5;241;43m1[39;49m[38;5;241;43m/[39;49m[38;5;241;43m0[39;49m

[0;31mZeroDivisionError[0m: division by zero


Results saved to memray-results/tmp0g693xo0/flamegraph.html
.
current test PASSED/SKIPPED -- test_exception_while_ipython_profiling in /home/kaiyaok2/PythonProjects/memray/tests/integration/test_ipython.py: 1656.0078959465027s cumulative, 8.467806100845337s individual


unit/test_flamegraph_reporter.py .
current test PASSED/SKIPPED -- test_works_with_multiple_top_level_nodes in /home/kaiyaok2/PythonProjects/memray/tests/unit/test_flamegraph_reporter.py: 1656.0498087406158s cumulative, 0.04191279411315918s individual

.
current test PASSED/SKIPPED -- test_importlib_partial_stack_is_detected in /home/kaiyaok2/PythonProjects/memray/tests/unit/test_flamegraph_reporter.py: 1656.109644651413s cumulative, 0.05983591079711914s individual

.
current test PASSED/SKIPPED -- test_inverted_works_with_one_top_level_node in /home/kaiyaok2/PythonProjects/memray/tests/unit/test_flamegraph_reporter.py: 1656.147679567337s cumulative, 0.038034915924072266s individual

.
current test PASSED/SKIPPED -- test_inverted_drops_cpython_frames in /home/kaiyaok2/PythonProjects/memray/tests/unit/test_flamegraph_reporter.py: 1656.1853640079498s cumulative, 0.03768444061279297s individual

.
current test PASSED/SKIPPED -- test_works_with_no_allocations in /home/kaiyaok2/PythonProjects/memray/tests/unit/test_flamegraph_reporter.py: 1656.2101576328278s cumulative, 0.024793624877929688s individual

.
current test PASSED/SKIPPED -- test_two_branches_first_is_importlib in /home/kaiyaok2/PythonProjects/memray/tests/unit/test_flamegraph_reporter.py: 1656.2380185127258s cumulative, 0.02786087989807129s individual

.
current test PASSED/SKIPPED -- test_works_with_merged_threads in /home/kaiyaok2/PythonProjects/memray/tests/unit/test_flamegraph_reporter.py: 1656.2685523033142s cumulative, 0.030533790588378906s individual

.
current test PASSED/SKIPPED -- test_uses_hybrid_stack_for_native_traces in /home/kaiyaok2/PythonProjects/memray/tests/unit/test_flamegraph_reporter.py: 1656.3101019859314s cumulative, 0.0415496826171875s individual

.
current test PASSED/SKIPPED -- test_works_with_multiple_stacks_from_same_caller in /home/kaiyaok2/PythonProjects/memray/tests/unit/test_flamegraph_reporter.py: 1656.3444862365723s cumulative, 0.03438425064086914s individual

.
current test PASSED/SKIPPED -- test_inverted_uses_hybrid_stack_for_native_traces in /home/kaiyaok2/PythonProjects/memray/tests/unit/test_flamegraph_reporter.py: 1656.393872499466s cumulative, 0.04938626289367676s individual

.
current test PASSED/SKIPPED -- test_works_with_single_call in /home/kaiyaok2/PythonProjects/memray/tests/unit/test_flamegraph_reporter.py: 1656.4404850006104s cumulative, 0.04661250114440918s individual

.
current test PASSED/SKIPPED -- test_works_with_multiple_stacks_from_same_caller_two_frames_above in /home/kaiyaok2/PythonProjects/memray/tests/unit/test_flamegraph_reporter.py: 1656.4881279468536s cumulative, 0.04764294624328613s individual

.
current test PASSED/SKIPPED -- test_importlib_full_stack_is_detected in /home/kaiyaok2/PythonProjects/memray/tests/unit/test_flamegraph_reporter.py: 1656.532071352005s cumulative, 0.04394340515136719s individual

.
current test PASSED/SKIPPED -- test_inverted_single_importlib_frame_is_detected in /home/kaiyaok2/PythonProjects/memray/tests/unit/test_flamegraph_reporter.py: 1656.5662350654602s cumulative, 0.034163713455200195s individual

.
current test PASSED/SKIPPED -- test_two_branches_both_are_importlib in /home/kaiyaok2/PythonProjects/memray/tests/unit/test_flamegraph_reporter.py: 1656.605839252472s cumulative, 0.03960418701171875s individual

.
current test PASSED/SKIPPED -- test_inverted_works_with_recursive_calls in /home/kaiyaok2/PythonProjects/memray/tests/unit/test_flamegraph_reporter.py: 1656.670892238617s cumulative, 0.06505298614501953s individual

.
current test PASSED/SKIPPED -- test_inverted_works_with_split_threads in /home/kaiyaok2/PythonProjects/memray/tests/unit/test_flamegraph_reporter.py: 1656.705578804016s cumulative, 0.03468656539916992s individual

.
current test PASSED/SKIPPED -- test_inverted_works_with_multiple_top_level_nodes_with_merge in /home/kaiyaok2/PythonProjects/memray/tests/unit/test_flamegraph_reporter.py: 1656.7512669563293s cumulative, 0.04568815231323242s individual

.
current test PASSED/SKIPPED -- test_inverted_two_branches_second_is_importlib in /home/kaiyaok2/PythonProjects/memray/tests/unit/test_flamegraph_reporter.py: 1656.8175630569458s cumulative, 0.06629610061645508s individual

.
current test PASSED/SKIPPED -- test_inverted_works_with_no_allocations in /home/kaiyaok2/PythonProjects/memray/tests/unit/test_flamegraph_reporter.py: 1656.8515367507935s cumulative, 0.03397369384765625s individual

.
current test PASSED/SKIPPED -- test_drops_cpython_frames in /home/kaiyaok2/PythonProjects/memray/tests/unit/test_flamegraph_reporter.py: 1656.8901088237762s cumulative, 0.038572072982788086s individual

.
current test PASSED/SKIPPED -- test_two_branches_second_is_importlib in /home/kaiyaok2/PythonProjects/memray/tests/unit/test_flamegraph_reporter.py: 1656.9132995605469s cumulative, 0.023190736770629883s individual

.
current test PASSED/SKIPPED -- test_inverted_works_with_multiple_stacks_from_same_caller_two_frames_above in /home/kaiyaok2/PythonProjects/memray/tests/unit/test_flamegraph_reporter.py: 1656.9797213077545s cumulative, 0.0664217472076416s individual

.
current test PASSED/SKIPPED -- test_inverted_works_with_single_call in /home/kaiyaok2/PythonProjects/memray/tests/unit/test_flamegraph_reporter.py: 1657.0220119953156s cumulative, 0.042290687561035156s individual

.
current test PASSED/SKIPPED -- test_inverted_two_branches_both_are_importlib in /home/kaiyaok2/PythonProjects/memray/tests/unit/test_flamegraph_reporter.py: 1657.0637502670288s cumulative, 0.041738271713256836s individual

.
current test PASSED/SKIPPED -- test_works_with_split_threads in /home/kaiyaok2/PythonProjects/memray/tests/unit/test_flamegraph_reporter.py: 1657.0980212688446s cumulative, 0.0342710018157959s individual

.
current test PASSED/SKIPPED -- test_inverted_importlib_partial_stack_is_detected in /home/kaiyaok2/PythonProjects/memray/tests/unit/test_flamegraph_reporter.py: 1657.1274633407593s cumulative, 0.02944207191467285s individual

.
current test PASSED/SKIPPED -- test_works_with_recursive_calls in /home/kaiyaok2/PythonProjects/memray/tests/unit/test_flamegraph_reporter.py: 1657.160444021225s cumulative, 0.03298068046569824s individual

.
current test PASSED/SKIPPED -- test_single_importlib_frame_is_detected in /home/kaiyaok2/PythonProjects/memray/tests/unit/test_flamegraph_reporter.py: 1657.1801931858063s cumulative, 0.019749164581298828s individual

.
current test PASSED/SKIPPED -- test_inverted_works_with_merged_threads in /home/kaiyaok2/PythonProjects/memray/tests/unit/test_flamegraph_reporter.py: 1657.2033603191376s cumulative, 0.023167133331298828s individual

.
current test PASSED/SKIPPED -- test_inverted_two_branches_first_is_importlib in /home/kaiyaok2/PythonProjects/memray/tests/unit/test_flamegraph_reporter.py: 1657.2373549938202s cumulative, 0.03399467468261719s individual

.
current test PASSED/SKIPPED -- test_inverted_importlib_full_stack_is_detected in /home/kaiyaok2/PythonProjects/memray/tests/unit/test_flamegraph_reporter.py: 1657.283627986908s cumulative, 0.046272993087768555s individual


integration/test_ipython.py .
current test PASSED/SKIPPED -- test_passing_invalid_argument in /home/kaiyaok2/PythonProjects/memray/tests/integration/test_ipython.py: 1657.8059573173523s cumulative, 0.5223293304443359s individual


unit/test_tui_reporter.py .
current test PASSED/SKIPPED -- test_update_thread in /home/kaiyaok2/PythonProjects/memray/tests/unit/test_tui_reporter.py: 1662.2418811321259s cumulative, 4.43592381477356s individual


integration/test_socket.py E
current test FAILED -- test_multiple_context_entries_does_not_crash in /home/kaiyaok2/PythonProjects/memray/tests/integration/test_socket.py: 1662.266706943512s cumulative, 0.0248258113861084s individual


unit/test_tree_reporter.py .
current test PASSED/SKIPPED -- test_uninteresting_leaves in /home/kaiyaok2/PythonProjects/memray/tests/unit/test_tree_reporter.py: 1663.2385926246643s cumulative, 0.9718856811523438s individual


integration/test_main.py .
current test PASSED/SKIPPED -- test_sys_manipulations_when_running_cmd in /home/kaiyaok2/PythonProjects/memray/tests/integration/test_main.py: 1666.582368850708s cumulative, 3.343776226043701s individual


unit/test_tracker.py .
current test PASSED/SKIPPED -- test_two_trackers_cannot_be_active_at_the_same_time in /home/kaiyaok2/PythonProjects/memray/tests/unit/test_tracker.py: 1667.8334939479828s cumulative, 1.2511250972747803s individual


integration/test_api.py .
current test PASSED/SKIPPED -- test_file_reader_as_context_manager in /home/kaiyaok2/PythonProjects/memray/tests/integration/test_api.py: 1669.863744020462s cumulative, 2.030250072479248s individual


integration/test_native_tracking.py .
current test PASSED/SKIPPED -- test_hybrid_stack_in_pure_python_with_callbacks in /home/kaiyaok2/PythonProjects/memray/tests/integration/test_native_tracking.py: 1671.3290808200836s cumulative, 1.465336799621582s individual


integration/test_api.py .
current test PASSED/SKIPPED -- test_file_destination_str_path in /home/kaiyaok2/PythonProjects/memray/tests/integration/test_api.py: 1672.1265528202057s cumulative, 0.7974720001220703s individual


integration/test_extensions.py .
current test PASSED/SKIPPED -- test_extension_that_uses_pygilstate_ensure in /home/kaiyaok2/PythonProjects/memray/tests/integration/test_extensions.py: 1676.2186546325684s cumulative, 4.092101812362671s individual

.
current test PASSED/SKIPPED -- test_multithreaded_extension in /home/kaiyaok2/PythonProjects/memray/tests/integration/test_extensions.py: 1681.7894806861877s cumulative, 5.570826053619385s individual


unit/test_tui_reporter.py .
current test PASSED/SKIPPED -- test_update_thread in /home/kaiyaok2/PythonProjects/memray/tests/unit/test_tui_reporter.py: 1686.07435464859s cumulative, 4.284873962402344s individual

.
current test PASSED/SKIPPED -- test_command_line_display in /home/kaiyaok2/PythonProjects/memray/tests/unit/test_tui_reporter.py: 1689.0427448749542s cumulative, 2.9683902263641357s individual


integration/test_main.py .
current test PASSED/SKIPPED -- test_report_generated in /home/kaiyaok2/PythonProjects/memray/tests/integration/test_main.py: 1691.8635861873627s cumulative, 2.8208413124084473s individual

.
current test PASSED/SKIPPED -- test_report_both_temporary_allocation_arguments in /home/kaiyaok2/PythonProjects/memray/tests/integration/test_main.py: 1694.056829214096s cumulative, 2.1932430267333984s individual

.
current test PASSED/SKIPPED -- test_quiet in /home/kaiyaok2/PythonProjects/memray/tests/integration/test_main.py: 1695.4245190620422s cumulative, 1.367689847946167s individual

.
current test PASSED/SKIPPED -- test_json_generated_to_existing_known_file in /home/kaiyaok2/PythonProjects/memray/tests/integration/test_main.py: 1698.4121012687683s cumulative, 2.987582206726074s individual

.
current test PASSED/SKIPPED -- test_successful_parse in /home/kaiyaok2/PythonProjects/memray/tests/integration/test_main.py: 1701.47460770607s cumulative, 3.0625064373016357s individual


unit/test_allocation_lifetime_aggregator.py .
current test PASSED/SKIPPED -- test_split_then_freed_range in /home/kaiyaok2/PythonProjects/memray/tests/unit/test_allocation_lifetime_aggregator.py: 1701.4862141609192s cumulative, 0.011606454849243164s individual

.
current test PASSED/SKIPPED -- test_range_leaked in /home/kaiyaok2/PythonProjects/memray/tests/unit/test_allocation_lifetime_aggregator.py: 1701.4955236911774s cumulative, 0.009309530258178711s individual

.
current test PASSED/SKIPPED -- test_allocation_reported_when_leaked in /home/kaiyaok2/PythonProjects/memray/tests/unit/test_allocation_lifetime_aggregator.py: 1701.5085628032684s cumulative, 0.013039112091064453s individual

.
current test PASSED/SKIPPED -- test_leaked_allocations_from_different_locations_are_not_aggregated in /home/kaiyaok2/PythonProjects/memray/tests/unit/test_allocation_lifetime_aggregator.py: 1701.5244019031525s cumulative, 0.015839099884033203s individual

.
current test PASSED/SKIPPED -- test_allocation_reported_when_freed_within_different_snapshot in /home/kaiyaok2/PythonProjects/memray/tests/unit/test_allocation_lifetime_aggregator.py: 1701.5364909172058s cumulative, 0.012089014053344727s individual

.
current test PASSED/SKIPPED -- test_no_allocations_at_start in /home/kaiyaok2/PythonProjects/memray/tests/unit/test_allocation_lifetime_aggregator.py: 1701.5524034500122s cumulative, 0.015912532806396484s individual

.
current test PASSED/SKIPPED -- test_shrunk_then_freed_range in /home/kaiyaok2/PythonProjects/memray/tests/unit/test_allocation_lifetime_aggregator.py: 1701.5685353279114s cumulative, 0.016131877899169922s individual

.
current test PASSED/SKIPPED -- test_allocation_not_reported_when_freed_within_same_snapshot in /home/kaiyaok2/PythonProjects/memray/tests/unit/test_allocation_lifetime_aggregator.py: 1701.5925343036652s cumulative, 0.02399897575378418s individual

.
current test PASSED/SKIPPED -- test_leaked_allocations_within_one_snapshot_are_aggregated in /home/kaiyaok2/PythonProjects/memray/tests/unit/test_allocation_lifetime_aggregator.py: 1701.613894701004s cumulative, 0.021360397338867188s individual

.
current test PASSED/SKIPPED -- test_split_then_leaked_range in /home/kaiyaok2/PythonProjects/memray/tests/unit/test_allocation_lifetime_aggregator.py: 1701.6308116912842s cumulative, 0.016916990280151367s individual

.
current test PASSED/SKIPPED -- test_freed_allocations_from_different_locations_are_not_aggregated in /home/kaiyaok2/PythonProjects/memray/tests/unit/test_allocation_lifetime_aggregator.py: 1701.6418988704681s cumulative, 0.011087179183959961s individual

.
current test PASSED/SKIPPED -- test_range_freed_in_same_snapshot in /home/kaiyaok2/PythonProjects/memray/tests/unit/test_allocation_lifetime_aggregator.py: 1701.6539614200592s cumulative, 0.012062549591064453s individual

.
current test PASSED/SKIPPED -- test_allocations_from_same_location_and_snapshot_freed_in_different_snapshots in /home/kaiyaok2/PythonProjects/memray/tests/unit/test_allocation_lifetime_aggregator.py: 1701.6660046577454s cumulative, 0.012043237686157227s individual

.
current test PASSED/SKIPPED -- test_range_freed_in_different_snapshot in /home/kaiyaok2/PythonProjects/memray/tests/unit/test_allocation_lifetime_aggregator.py: 1701.679405450821s cumulative, 0.013400793075561523s individual

.
current test PASSED/SKIPPED -- test_allocations_from_same_location_and_different_snapshots_freed_in_one_snapshot in /home/kaiyaok2/PythonProjects/memray/tests/unit/test_allocation_lifetime_aggregator.py: 1701.6910688877106s cumulative, 0.011663436889648438s individual

.
current test PASSED/SKIPPED -- test_multiple_snapshots_between_allocation_and_deallocation in /home/kaiyaok2/PythonProjects/memray/tests/unit/test_allocation_lifetime_aggregator.py: 1701.702283859253s cumulative, 0.011214971542358398s individual

.
current test PASSED/SKIPPED -- test_allocations_made_and_freed_together_are_aggregated in /home/kaiyaok2/PythonProjects/memray/tests/unit/test_allocation_lifetime_aggregator.py: 1701.7142488956451s cumulative, 0.011965036392211914s individual

.
current test PASSED/SKIPPED -- test_shrunk_then_leaked_range in /home/kaiyaok2/PythonProjects/memray/tests/unit/test_allocation_lifetime_aggregator.py: 1701.7276546955109s cumulative, 0.013405799865722656s individual

.
current test PASSED/SKIPPED -- test_two_leaked_allocations_from_one_location in /home/kaiyaok2/PythonProjects/memray/tests/unit/test_allocation_lifetime_aggregator.py: 1701.7388491630554s cumulative, 0.011194467544555664s individual


unit/test_tui_reporter.py .
current test PASSED/SKIPPED -- test_command_line_display in /home/kaiyaok2/PythonProjects/memray/tests/unit/test_tui_reporter.py: 1704.884204864502s cumulative, 3.145355701446533s individual

.
current test PASSED/SKIPPED -- test_tui_basic in /home/kaiyaok2/PythonProjects/memray/tests/unit/test_tui_reporter.py: 1710.390676021576s cumulative, 5.506471157073975s individual

.
current test PASSED/SKIPPED -- test_switching_threads in /home/kaiyaok2/PythonProjects/memray/tests/unit/test_tui_reporter.py: 1716.887919664383s cumulative, 6.497243642807007s individual


integration/test_tracing.py .
current test PASSED/SKIPPED -- test_large_number_of_frame_pops_between_subsequent_allocations in /home/kaiyaok2/PythonProjects/memray/tests/integration/test_tracing.py: 1717.810557126999s cumulative, 0.9226374626159668s individual


integration/test_main.py .
current test PASSED/SKIPPED -- test_report_detects_corrupt_input in /home/kaiyaok2/PythonProjects/memray/tests/integration/test_main.py: 1719.0922083854675s cumulative, 1.281651258468628s individual


unit/test_reader.py .
current test PASSED/SKIPPED -- test_rejects_different_header_magic in /home/kaiyaok2/PythonProjects/memray/tests/unit/test_reader.py: 1720.0836391448975s cumulative, 0.9914307594299316s individual


integration/test_tracking.py .
current test PASSED/SKIPPED -- test_memory_snapshots_tick_interval in /home/kaiyaok2/PythonProjects/memray/tests/integration/test_tracking.py: 1722.1253852844238s cumulative, 2.041746139526367s individual


unit/test_tree_reporter.py .
current test PASSED/SKIPPED -- test_hide_import_system in /home/kaiyaok2/PythonProjects/memray/tests/unit/test_tree_reporter.py: 1724.2105765342712s cumulative, 2.085191249847412s individual


integration/test_main.py .
current test PASSED/SKIPPED -- test_report_incompatible_arguments in /home/kaiyaok2/PythonProjects/memray/tests/integration/test_main.py: 1726.5535199642181s cumulative, 2.3429434299468994s individual

.
current test PASSED/SKIPPED -- test_report_leaks_argument in /home/kaiyaok2/PythonProjects/memray/tests/integration/test_main.py: 1737.612779378891s cumulative, 11.059259414672852s individual

.
current test PASSED/SKIPPED -- test_sys_manipulations_when_running_module in /home/kaiyaok2/PythonProjects/memray/tests/integration/test_main.py: 1752.9557983875275s cumulative, 15.343019008636475s individual

.
current test PASSED/SKIPPED -- test_live_tracking_server_exits_properly_on_sigint in /home/kaiyaok2/PythonProjects/memray/tests/integration/test_main.py: 1768.1572630405426s cumulative, 15.201464653015137s individual

E
current test FAILED -- test_live_client_exits_properly_on_sigint_before_connecting in /home/kaiyaok2/PythonProjects/memray/tests/integration/test_main.py: 1768.2677624225616s cumulative, 0.11049938201904297s individual


unit/test_tui_reporter.py .
current test PASSED/SKIPPED -- test_tui_basic in /home/kaiyaok2/PythonProjects/memray/tests/unit/test_tui_reporter.py: 1851.9109222888947s cumulative, 83.64315986633301s individual


unit/test_tree_reporter.py .
current test PASSED/SKIPPED -- test_very_deep_call_is_limited in /home/kaiyaok2/PythonProjects/memray/tests/unit/test_tree_reporter.py: 1998.5883738994598s cumulative, 146.67745161056519s individual


integration/test_tracking.py .
current test PASSED/SKIPPED -- test_thread_allocations_multiple_threads in /home/kaiyaok2/PythonProjects/memray/tests/integration/test_tracking.py: 2001.7999222278595s cumulative, 3.211548328399658s individual

.
current test PASSED/SKIPPED -- test_final_allocation_is_peak in /home/kaiyaok2/PythonProjects/memray/tests/integration/test_tracking.py: 2004.8311443328857s cumulative, 3.031222105026245s individual

.
current test PASSED/SKIPPED -- test_non_freed_allocations_are_accounted_for in /home/kaiyaok2/PythonProjects/memray/tests/integration/test_tracking.py: 2007.5514636039734s cumulative, 2.7203192710876465s individual

.
current test PASSED/SKIPPED -- test_simple_allocation_tracking in /home/kaiyaok2/PythonProjects/memray/tests/integration/test_tracking.py: 2010.3758869171143s cumulative, 2.824423313140869s individual

.
current test PASSED/SKIPPED -- test_simple_allocation_tracking in /home/kaiyaok2/PythonProjects/memray/tests/integration/test_tracking.py: 2012.80242061615s cumulative, 2.4265336990356445s individual

.
current test PASSED/SKIPPED -- test_partial_munmap_gap in /home/kaiyaok2/PythonProjects/memray/tests/integration/test_tracking.py: 2015.7803959846497s cumulative, 2.977975368499756s individual

.
current test PASSED/SKIPPED -- test_partial_munmap in /home/kaiyaok2/PythonProjects/memray/tests/integration/test_tracking.py: 2018.3899705410004s cumulative, 2.609574556350708s individual

.
current test PASSED/SKIPPED -- test_simple_allocation_tracking in /home/kaiyaok2/PythonProjects/memray/tests/integration/test_tracking.py: 2021.7024669647217s cumulative, 3.3124964237213135s individual

.
current test PASSED/SKIPPED -- test_freed_after_high_watermark_do_not_appear in /home/kaiyaok2/PythonProjects/memray/tests/integration/test_tracking.py: 2025.5403747558594s cumulative, 3.8379077911376953s individual

.
current test PASSED/SKIPPED -- test_simple_pymalloc_allocation_tracking in /home/kaiyaok2/PythonProjects/memray/tests/integration/test_tracking.py: 2028.9975981712341s cumulative, 3.457223415374756s individual

.
current test PASSED/SKIPPED -- test_simple_allocation_tracking in /home/kaiyaok2/PythonProjects/memray/tests/integration/test_tracking.py: 2032.474353313446s cumulative, 3.476755142211914s individual

.
current test PASSED/SKIPPED -- test_simple_cpp_allocation_tracking in /home/kaiyaok2/PythonProjects/memray/tests/integration/test_tracking.py: 2036.1156811714172s cumulative, 3.6413278579711914s individual

.
current test PASSED/SKIPPED -- test_temporary_allocations_outside_buffer_are_not_detected in /home/kaiyaok2/PythonProjects/memray/tests/integration/test_tracking.py: 2039.5075948238373s cumulative, 3.391913652420044s individual


integration/test_main.py .
current test PASSED/SKIPPED -- test_split_threads_subcommand in /home/kaiyaok2/PythonProjects/memray/tests/integration/test_main.py: 2051.9843876361847s cumulative, 12.476792812347412s individual

.
current test PASSED/SKIPPED -- test_json_overwrites_existing_known_file in /home/kaiyaok2/PythonProjects/memray/tests/integration/test_main.py: 2057.732612848282s cumulative, 5.748225212097168s individual


integration/test_native_tracking.py .
current test PASSED/SKIPPED -- test_simple_call_chain_with_native_tracking in /home/kaiyaok2/PythonProjects/memray/tests/integration/test_native_tracking.py: 2062.347781896591s cumulative, 4.615169048309326s individual

.
current test PASSED/SKIPPED -- test_hybrid_stack_of_python_thread_starts_with_native_frames in /home/kaiyaok2/PythonProjects/memray/tests/integration/test_native_tracking.py: 2064.0319635868073s cumulative, 1.6841816902160645s individual


integration/test_main.py .
current test PASSED/SKIPPED -- test_report_both_temporary_allocation_arguments in /home/kaiyaok2/PythonProjects/memray/tests/integration/test_main.py: 2067.9709498882294s cumulative, 3.938986301422119s individual

.
current test PASSED/SKIPPED -- test_report_detects_corrupt_input in /home/kaiyaok2/PythonProjects/memray/tests/integration/test_main.py: 2069.5962166786194s cumulative, 1.6252667903900146s individual


unit/test_tree_reporter.py .
current test PASSED/SKIPPED -- test_basic_node_selected_leaf in /home/kaiyaok2/PythonProjects/memray/tests/unit/test_tree_reporter.py: 2073.176139354706s cumulative, 3.579922676086426s individual

.
current test PASSED/SKIPPED -- test_show_uninteresting in /home/kaiyaok2/PythonProjects/memray/tests/unit/test_tree_reporter.py: 2075.3733665943146s cumulative, 2.1972272396087646s individual

.
current test PASSED/SKIPPED -- test_show_uninteresting_idempotency in /home/kaiyaok2/PythonProjects/memray/tests/unit/test_tree_reporter.py: 2076.781682729721s cumulative, 1.4083161354064941s individual


integration/test_tracking.py .
current test PASSED/SKIPPED -- test_no_allocations_while_tracking in /home/kaiyaok2/PythonProjects/memray/tests/integration/test_tracking.py: 2078.1073367595673s cumulative, 1.3256540298461914s individual

.
current test PASSED/SKIPPED -- test_mmap_tracking in /home/kaiyaok2/PythonProjects/memray/tests/integration/test_tracking.py: 2079.577253818512s cumulative, 1.4699170589447021s individual

.
current test PASSED/SKIPPED -- test_temporary_allocations_that_happen_in_the_same_function_are_aggregated in /home/kaiyaok2/PythonProjects/memray/tests/integration/test_tracking.py: 2080.455595254898s cumulative, 0.8783414363861084s individual

.
current test PASSED/SKIPPED -- test_temporary_allocations_outside_buffer_are_not_detected in /home/kaiyaok2/PythonProjects/memray/tests/integration/test_tracking.py: 2081.4472641944885s cumulative, 0.9916689395904541s individual

.
current test PASSED/SKIPPED -- test_header_allocator in /home/kaiyaok2/PythonProjects/memray/tests/integration/test_tracking.py: 2082.050925016403s cumulative, 0.6036608219146729s individual

.
current test PASSED/SKIPPED -- test_pymalloc_allocation_tracking_deactivated in /home/kaiyaok2/PythonProjects/memray/tests/integration/test_tracking.py: 2083.1181621551514s cumulative, 1.067237138748169s individual

.
current test PASSED/SKIPPED -- test_header_allocator in /home/kaiyaok2/PythonProjects/memray/tests/integration/test_tracking.py: 2083.6739773750305s cumulative, 0.5558152198791504s individual


integration/test_main.py .
current test PASSED/SKIPPED -- test_run_output_file_directory_does_not_exist in /home/kaiyaok2/PythonProjects/memray/tests/integration/test_main.py: 2083.7216715812683s cumulative, 0.04769420623779297s individual

.
current test PASSED/SKIPPED -- test_run_file_exists in /home/kaiyaok2/PythonProjects/memray/tests/integration/test_main.py: 2083.7755703926086s cumulative, 0.05389881134033203s individual


integration/test_native_tracking.py .
current test PASSED/SKIPPED -- test_multithreaded_extension_with_native_tracking in /home/kaiyaok2/PythonProjects/memray/tests/integration/test_native_tracking.py: 2090.5476450920105s cumulative, 6.7720746994018555s individual


integration/test_processes.py .
current test PASSED/SKIPPED -- test_allocations_with_multiprocessing in /home/kaiyaok2/PythonProjects/memray/tests/integration/test_processes.py: 2092.412533760071s cumulative, 1.8648886680603027s individual


integration/test_main.py .
current test PASSED/SKIPPED -- test_not_quiet_and_fork in /home/kaiyaok2/PythonProjects/memray/tests/integration/test_main.py: 2094.511713027954s cumulative, 2.099179267883301s individual

E
current test FAILED -- test_live_tracking_server_when_client_disconnects in /home/kaiyaok2/PythonProjects/memray/tests/integration/test_main.py: 2094.5306804180145s cumulative, 0.018967390060424805s individual

.
current test PASSED/SKIPPED -- test_leaks_with_pymalloc_warning in /home/kaiyaok2/PythonProjects/memray/tests/integration/test_main.py: 2098.969792366028s cumulative, 4.439111948013306s individual

.
current test PASSED/SKIPPED -- test_writes_to_correct_file in /home/kaiyaok2/PythonProjects/memray/tests/integration/test_main.py: 2102.2092006206512s cumulative, 3.239408254623413s individual


unit/test_flamegraph_reporter.py .
current test PASSED/SKIPPED -- test_inverted_very_deep_call_is_limited in /home/kaiyaok2/PythonProjects/memray/tests/unit/test_flamegraph_reporter.py: 2104.8773279190063s cumulative, 2.6681272983551025s individual


unit/test_cli.py F
current test FAILED -- test_run_with_live_and_trace_python_allocators in /home/kaiyaok2/PythonProjects/memray/tests/unit/test_cli.py: 2105.612722635269s cumulative, 0.7353947162628174s individual

F
current test FAILED -- test_run_with_live in /home/kaiyaok2/PythonProjects/memray/tests/unit/test_cli.py: 2110.2972939014435s cumulative, 4.684571266174316s individual


unit/test_tree_reporter.py .
current test PASSED/SKIPPED -- test_two_chains_after_expanding_second in /home/kaiyaok2/PythonProjects/memray/tests/unit/test_tree_reporter.py: 2113.6665103435516s cumulative, 3.3692164421081543s individual



==================================== ERRORS ====================================
_ ERROR at setup of TestSocketReaderErrorHandling.test_get_is_active_after_context _
file /home/kaiyaok2/PythonProjects/memray/tests/integration/test_socket.py, line 155
      def test_get_is_active_after_context(self, free_port: int, tmp_path: Path) -> None:
E       fixture 'free_port' not found
>       available fixtures: anyio_backend, anyio_backend_name, anyio_backend_options, cache, capfd, capfdbinary, caplog, capsys, capsysbinary, class_mocker, cov, doctest_namespace, mocker, module_mocker, monkeypatch, no_cover, package_mocker, pytestconfig, record_property, record_testsuite_property, record_xml_attribute, recwarn, run_around_tests, session_mocker, snap_compare, snapshot, testrun_uid, tmp_path, tmp_path_factory, tmpdir, tmpdir_factory, worker_id
>       use 'pytest --fixtures [testpath]' for help on them.

/home/kaiyaok2/PythonProjects/memray/tests/integration/test_socket.py:155
_ ERROR at setup of TestSocketReaderErrorHandling.test_nested_context_is_diallowed _
file /home/kaiyaok2/PythonProjects/memray/tests/integration/test_socket.py, line 214
      @pytest.mark.valgrind
      def test_nested_context_is_diallowed(self, free_port: int, tmp_path: Path) -> None:
E       fixture 'free_port' not found
>       available fixtures: anyio_backend, anyio_backend_name, anyio_backend_options, cache, capfd, capfdbinary, caplog, capsys, capsysbinary, class_mocker, cov, doctest_namespace, mocker, module_mocker, monkeypatch, no_cover, package_mocker, pytestconfig, record_property, record_testsuite_property, record_xml_attribute, recwarn, run_around_tests, session_mocker, snap_compare, snapshot, testrun_uid, tmp_path, tmp_path_factory, tmpdir, tmpdir_factory, worker_id
>       use 'pytest --fixtures [testpath]' for help on them.

/home/kaiyaok2/PythonProjects/memray/tests/integration/test_socket.py:214
________ ERROR at setup of TestLiveRemoteSubcommand.test_live_tracking _________
file /home/kaiyaok2/PythonProjects/memray/tests/integration/test_main.py, line 1285
      def test_live_tracking(self, tmp_path, simple_test_file, free_port):
E       fixture 'free_port' not found
>       available fixtures: anyio_backend, anyio_backend_name, anyio_backend_options, cache, capfd, capfdbinary, caplog, capsys, capsysbinary, class_mocker, cov, doctest_namespace, mocker, module_mocker, monkeypatch, no_cover, package_mocker, pytestconfig, record_property, record_testsuite_property, record_xml_attribute, recwarn, run_around_tests, session_mocker, simple_test_file, snap_compare, snapshot, test_file_returns_from_fork, testrun_uid, tmp_path, tmp_path_factory, tmpdir, tmpdir_factory, worker_id
>       use 'pytest --fixtures [testpath]' for help on them.

/home/kaiyaok2/PythonProjects/memray/tests/integration/test_main.py:1285
_ ERROR at setup of TestSocketReaderErrorHandling.test_get_current_snapshot_raises_before_context _
file /home/kaiyaok2/PythonProjects/memray/tests/integration/test_socket.py, line 146
      @pytest.mark.valgrind
      def test_get_current_snapshot_raises_before_context(self, free_port: int) -> None:
E       fixture 'free_port' not found
>       available fixtures: anyio_backend, anyio_backend_name, anyio_backend_options, cache, capfd, capfdbinary, caplog, capsys, capsysbinary, class_mocker, cov, doctest_namespace, mocker, module_mocker, monkeypatch, no_cover, package_mocker, pytestconfig, record_property, record_testsuite_property, record_xml_attribute, recwarn, run_around_tests, session_mocker, snap_compare, snapshot, testrun_uid, tmp_path, tmp_path_factory, tmpdir, tmpdir_factory, worker_id
>       use 'pytest --fixtures [testpath]' for help on them.

/home/kaiyaok2/PythonProjects/memray/tests/integration/test_socket.py:146
_ ERROR at setup of TestSocketReaderErrorHandling.test_get_current_snapshot_first_yield_after_context_raises _
file /home/kaiyaok2/PythonProjects/memray/tests/integration/test_socket.py, line 193
      @pytest.mark.valgrind
      def test_get_current_snapshot_first_yield_after_context_raises(
E       fixture 'free_port' not found
>       available fixtures: anyio_backend, anyio_backend_name, anyio_backend_options, cache, capfd, capfdbinary, caplog, capsys, capsysbinary, class_mocker, cov, doctest_namespace, mocker, module_mocker, monkeypatch, no_cover, package_mocker, pytestconfig, record_property, record_testsuite_property, record_xml_attribute, recwarn, run_around_tests, session_mocker, snap_compare, snapshot, testrun_uid, tmp_path, tmp_path_factory, tmpdir, tmpdir_factory, worker_id
>       use 'pytest --fixtures [testpath]' for help on them.

/home/kaiyaok2/PythonProjects/memray/tests/integration/test_socket.py:193
_ ERROR at setup of TestSocketReaderErrorHandling.test_get_current_snapshot_raises_after_context _
file /home/kaiyaok2/PythonProjects/memray/tests/integration/test_socket.py, line 172
      @pytest.mark.valgrind
      def test_get_current_snapshot_raises_after_context(
E       fixture 'free_port' not found
>       available fixtures: anyio_backend, anyio_backend_name, anyio_backend_options, cache, capfd, capfdbinary, caplog, capsys, capsysbinary, class_mocker, cov, doctest_namespace, mocker, module_mocker, monkeypatch, no_cover, package_mocker, pytestconfig, record_property, record_testsuite_property, record_xml_attribute, recwarn, run_around_tests, session_mocker, snap_compare, snapshot, testrun_uid, tmp_path, tmp_path_factory, tmpdir, tmpdir_factory, worker_id
>       use 'pytest --fixtures [testpath]' for help on them.

/home/kaiyaok2/PythonProjects/memray/tests/integration/test_socket.py:172
___ ERROR at setup of TestSocketReaderAccess.test_multi_allocation_snapshot ____
file /home/kaiyaok2/PythonProjects/memray/tests/integration/test_socket.py, line 283
      @pytest.mark.valgrind
      def test_multi_allocation_snapshot(self, free_port: int, tmp_path: Path) -> None:
E       fixture 'free_port' not found
>       available fixtures: anyio_backend, anyio_backend_name, anyio_backend_options, cache, capfd, capfdbinary, caplog, capsys, capsysbinary, class_mocker, cov, doctest_namespace, mocker, module_mocker, monkeypatch, no_cover, package_mocker, pytestconfig, record_property, record_testsuite_property, record_xml_attribute, recwarn, run_around_tests, session_mocker, snap_compare, snapshot, testrun_uid, tmp_path, tmp_path_factory, tmpdir, tmpdir_factory, worker_id
>       use 'pytest --fixtures [testpath]' for help on them.

/home/kaiyaok2/PythonProjects/memray/tests/integration/test_socket.py:283
___ ERROR at setup of TestSocketReaderAccess.test_single_allocation_snapshot ___
file /home/kaiyaok2/PythonProjects/memray/tests/integration/test_socket.py, line 255
      @pytest.mark.valgrind
      def test_single_allocation_snapshot(self, free_port: int, tmp_path: Path) -> None:
E       fixture 'free_port' not found
>       available fixtures: anyio_backend, anyio_backend_name, anyio_backend_options, cache, capfd, capfdbinary, caplog, capsys, capsysbinary, class_mocker, cov, doctest_namespace, mocker, module_mocker, monkeypatch, no_cover, package_mocker, pytestconfig, record_property, record_testsuite_property, record_xml_attribute, recwarn, run_around_tests, session_mocker, snap_compare, snapshot, testrun_uid, tmp_path, tmp_path_factory, tmpdir, tmpdir_factory, worker_id
>       use 'pytest --fixtures [testpath]' for help on them.

/home/kaiyaok2/PythonProjects/memray/tests/integration/test_socket.py:255
__________ ERROR at setup of TestSocketReaderAccess.test_command_line __________
file /home/kaiyaok2/PythonProjects/memray/tests/integration/test_socket.py, line 341
      @pytest.mark.valgrind
      def test_command_line(self, free_port: int, tmp_path: Path) -> None:
E       fixture 'free_port' not found
>       available fixtures: anyio_backend, anyio_backend_name, anyio_backend_options, cache, capfd, capfdbinary, caplog, capsys, capsysbinary, class_mocker, cov, doctest_namespace, mocker, module_mocker, monkeypatch, no_cover, package_mocker, pytestconfig, record_property, record_testsuite_property, record_xml_attribute, recwarn, run_around_tests, session_mocker, snap_compare, snapshot, testrun_uid, tmp_path, tmp_path_factory, tmpdir, tmpdir_factory, worker_id
>       use 'pytest --fixtures [testpath]' for help on them.

/home/kaiyaok2/PythonProjects/memray/tests/integration/test_socket.py:341
___ ERROR at setup of TestSocketReaderAccess.test_empty_snapshot_after_free ____
file /home/kaiyaok2/PythonProjects/memray/tests/integration/test_socket.py, line 236
      @pytest.mark.valgrind
      def test_empty_snapshot_after_free(self, free_port: int, tmp_path: Path) -> None:
E       fixture 'free_port' not found
>       available fixtures: anyio_backend, anyio_backend_name, anyio_backend_options, cache, capfd, capfdbinary, caplog, capsys, capsysbinary, class_mocker, cov, doctest_namespace, mocker, module_mocker, monkeypatch, no_cover, package_mocker, pytestconfig, record_property, record_testsuite_property, record_xml_attribute, recwarn, run_around_tests, session_mocker, snap_compare, snapshot, testrun_uid, tmp_path, tmp_path_factory, tmpdir, tmpdir_factory, worker_id
>       use 'pytest --fixtures [testpath]' for help on them.

/home/kaiyaok2/PythonProjects/memray/tests/integration/test_socket.py:236
_ ERROR at setup of TestSocketReaderAccess.test_reading_allocations_while_reading_stack_traces _
file /home/kaiyaok2/PythonProjects/memray/tests/integration/test_socket.py, line 361
      @pytest.mark.valgrind
      def test_reading_allocations_while_reading_stack_traces(
E       fixture 'free_port' not found
>       available fixtures: anyio_backend, anyio_backend_name, anyio_backend_options, cache, capfd, capfdbinary, caplog, capsys, capsysbinary, class_mocker, cov, doctest_namespace, mocker, module_mocker, monkeypatch, no_cover, package_mocker, pytestconfig, record_property, record_testsuite_property, record_xml_attribute, recwarn, run_around_tests, session_mocker, snap_compare, snapshot, testrun_uid, tmp_path, tmp_path_factory, tmpdir, tmpdir_factory, worker_id
>       use 'pytest --fixtures [testpath]' for help on them.

/home/kaiyaok2/PythonProjects/memray/tests/integration/test_socket.py:361
_ ERROR at setup of TestSocketReaderAccess.test_multiple_context_entries_does_not_crash _
file /home/kaiyaok2/PythonProjects/memray/tests/integration/test_socket.py, line 311
      @pytest.mark.valgrind
      def test_multiple_context_entries_does_not_crash(
E       fixture 'free_port' not found
>       available fixtures: anyio_backend, anyio_backend_name, anyio_backend_options, cache, capfd, capfdbinary, caplog, capsys, capsysbinary, class_mocker, cov, doctest_namespace, mocker, module_mocker, monkeypatch, no_cover, package_mocker, pytestconfig, record_property, record_testsuite_property, record_xml_attribute, recwarn, run_around_tests, session_mocker, snap_compare, snapshot, testrun_uid, tmp_path, tmp_path_factory, tmpdir, tmpdir_factory, worker_id
>       use 'pytest --fixtures [testpath]' for help on them.

/home/kaiyaok2/PythonProjects/memray/tests/integration/test_socket.py:311
_ ERROR at setup of TestLiveRemoteSubcommand.test_live_client_exits_properly_on_sigint_before_connecting _
file /home/kaiyaok2/PythonProjects/memray/tests/integration/test_main.py, line 1494
      def test_live_client_exits_properly_on_sigint_before_connecting(self, free_port):
E       fixture 'free_port' not found
>       available fixtures: anyio_backend, anyio_backend_name, anyio_backend_options, cache, capfd, capfdbinary, caplog, capsys, capsysbinary, class_mocker, cov, doctest_namespace, mocker, module_mocker, monkeypatch, no_cover, package_mocker, pytestconfig, record_property, record_testsuite_property, record_xml_attribute, recwarn, run_around_tests, session_mocker, simple_test_file, snap_compare, snapshot, test_file_returns_from_fork, testrun_uid, tmp_path, tmp_path_factory, tmpdir, tmpdir_factory, worker_id
>       use 'pytest --fixtures [testpath]' for help on them.

/home/kaiyaok2/PythonProjects/memray/tests/integration/test_main.py:1494
_ ERROR at setup of TestLiveRemoteSubcommand.test_live_tracking_server_when_client_disconnects _
file /home/kaiyaok2/PythonProjects/memray/tests/integration/test_main.py, line 1402
      def test_live_tracking_server_when_client_disconnects(self, free_port, tmp_path):
E       fixture 'free_port' not found
>       available fixtures: anyio_backend, anyio_backend_name, anyio_backend_options, cache, capfd, capfdbinary, caplog, capsys, capsysbinary, class_mocker, cov, doctest_namespace, mocker, module_mocker, monkeypatch, no_cover, package_mocker, pytestconfig, record_property, record_testsuite_property, record_xml_attribute, recwarn, run_around_tests, session_mocker, simple_test_file, snap_compare, snapshot, test_file_returns_from_fork, testrun_uid, tmp_path, tmp_path_factory, tmpdir, tmpdir_factory, worker_id
>       use 'pytest --fixtures [testpath]' for help on them.

/home/kaiyaok2/PythonProjects/memray/tests/integration/test_main.py:1402
=================================== FAILURES ===================================
________________ test_importing_greenlet_after_tracking_starts _________________

tmpdir = local('/tmp/pytest-of-kaiyaok2/pytest-41/test_importing_greenlet_after_0')

    def test_importing_greenlet_after_tracking_starts(tmpdir):
        # GIVEN
        output = Path(tmpdir) / "test.bin"
        subprocess_code = textwrap.dedent(
            f"""
            from memray import Tracker
            from memray._test import MemoryAllocator
    
    
            def apple():
                banana()
    
    
            def banana():
                allocator.valloc(1024 * 10)
                animal.switch()
                allocator.valloc(1024 * 30)
    
    
            def ant():
                allocator.valloc(1024 * 20)
                fruit.switch()
                allocator.valloc(1024 * 40)
                bat()
                allocator.valloc(1024 * 60)
    
    
            def bat():
                allocator.valloc(1024 * 50)
    
    
            def test():
                fruit.switch()
                assert fruit.dead
                animal.switch()
                assert animal.dead
                allocator.valloc(1024 * 70)
    
    
            allocator = MemoryAllocator()
            output = "{output}"
    
            with Tracker(output):
                import greenlet
    
                fruit = greenlet.greenlet(apple)
                animal = greenlet.greenlet(ant)
                test()
            """
        )
    
        # WHEN
>       subprocess.run([sys.executable, "-Xdev", "-c", subprocess_code], timeout=5)

integration/test_greenlet.py:158: 
_ _ _ _ _ _ _ _ _ _ _ _ _ _ _ _ _ _ _ _ _ _ _ _ _ _ _ _ _ _ _ _ _ _ _ _ _ _ _ _ 
/usr/lib/python3.10/subprocess.py:505: in run
    stdout, stderr = process.communicate(input, timeout=timeout)
/usr/lib/python3.10/subprocess.py:1154: in communicate
    stdout, stderr = self._communicate(input, endtime, timeout)
/usr/lib/python3.10/subprocess.py:2047: in _communicate
    self.wait(timeout=self._remaining_time(endtime))
/usr/lib/python3.10/subprocess.py:1209: in wait
    return self._wait(timeout=timeout)
_ _ _ _ _ _ _ _ _ _ _ _ _ _ _ _ _ _ _ _ _ _ _ _ _ _ _ _ _ _ _ _ _ _ _ _ _ _ _ _ 

self = <Popen: returncode: -9 args: ['/usr/bin/python3', '-Xdev', '-c', '\nfrom mem...>
timeout = 4.998763277893886

    def _wait(self, timeout):
        """Internal implementation of wait() on POSIX."""
        if self.returncode is not None:
            return self.returncode
    
        if timeout is not None:
            endtime = _time() + timeout
            # Enter a busy loop if we have a timeout.  This busy loop was
            # cribbed from Lib/threading.py in Thread.wait() at r71065.
            delay = 0.0005 # 500 us -> initial delay of 1 ms
            while True:
                if self._waitpid_lock.acquire(False):
                    try:
                        if self.returncode is not None:
                            break  # Another thread waited.
                        (pid, sts) = self._try_wait(os.WNOHANG)
                        assert pid == self.pid or pid == 0
                        if pid == self.pid:
                            self._handle_exitstatus(sts)
                            break
                    finally:
                        self._waitpid_lock.release()
                remaining = self._remaining_time(endtime)
                if remaining <= 0:
>                   raise TimeoutExpired(self.args, timeout)
E                   subprocess.TimeoutExpired: Command '['/usr/bin/python3', '-Xdev', '-c', '\nfrom memray import Tracker\nfrom memray._test import MemoryAllocator\n\n\ndef apple():\n    banana()\n\n\ndef banana():\n    allocator.valloc(1024 * 10)\n    animal.switch()\n    allocator.valloc(1024 * 30)\n\n\ndef ant():\n    allocator.valloc(1024 * 20)\n    fruit.switch()\n    allocator.valloc(1024 * 40)\n    bat()\n    allocator.valloc(1024 * 60)\n\n\ndef bat():\n    allocator.valloc(1024 * 50)\n\n\ndef test():\n    fruit.switch()\n    assert fruit.dead\n    animal.switch()\n    assert animal.dead\n    allocator.valloc(1024 * 70)\n\n\nallocator = MemoryAllocator()\noutput = "/tmp/pytest-of-kaiyaok2/pytest-41/test_importing_greenlet_after_0/test.bin"\n\nwith Tracker(output):\n    import greenlet\n\n    fruit = greenlet.greenlet(apple)\n    animal = greenlet.greenlet(ant)\n    test()\n']' timed out after 4.998763277893886 seconds

/usr/lib/python3.10/subprocess.py:1951: TimeoutExpired
________________________ test_integration_with_greenlet ________________________

tmpdir = local('/tmp/pytest-of-kaiyaok2/pytest-41/test_integration_with_greenlet0')

    def test_integration_with_greenlet(tmpdir):
        """Verify that we can track Python stacks when greenlet is in use."""
        # GIVEN
        output = Path(tmpdir) / "test.bin"
        subprocess_code = textwrap.dedent(
            f"""
            import greenlet
    
            from memray import Tracker
            from memray._test import MemoryAllocator
    
    
            def apple():
                banana()
    
    
            def banana():
                allocator.valloc(1024 * 10)
                animal.switch()
                allocator.valloc(1024 * 30)
    
    
            def ant():
                allocator.valloc(1024 * 20)
                fruit.switch()
                allocator.valloc(1024 * 40)
                bat()
                allocator.valloc(1024 * 60)
    
    
            def bat():
                allocator.valloc(1024 * 50)
    
    
            def test():
                fruit.switch()
                assert fruit.dead
                animal.switch()
                assert animal.dead
                allocator.valloc(1024 * 70)
    
    
            allocator = MemoryAllocator()
            output = "{output}"
    
            with Tracker(output):
                fruit = greenlet.greenlet(apple)
                animal = greenlet.greenlet(ant)
                test()
            """
        )
    
        # WHEN
>       subprocess.run([sys.executable, "-Xdev", "-c", subprocess_code], timeout=5)

integration/test_greenlet.py:70: 
_ _ _ _ _ _ _ _ _ _ _ _ _ _ _ _ _ _ _ _ _ _ _ _ _ _ _ _ _ _ _ _ _ _ _ _ _ _ _ _ 
/usr/lib/python3.10/subprocess.py:505: in run
    stdout, stderr = process.communicate(input, timeout=timeout)
/usr/lib/python3.10/subprocess.py:1154: in communicate
    stdout, stderr = self._communicate(input, endtime, timeout)
/usr/lib/python3.10/subprocess.py:2047: in _communicate
    self.wait(timeout=self._remaining_time(endtime))
/usr/lib/python3.10/subprocess.py:1209: in wait
    return self._wait(timeout=timeout)
_ _ _ _ _ _ _ _ _ _ _ _ _ _ _ _ _ _ _ _ _ _ _ _ _ _ _ _ _ _ _ _ _ _ _ _ _ _ _ _ 

self = <Popen: returncode: -9 args: ['/usr/bin/python3', '-Xdev', '-c', '\nimport g...>
timeout = 4.999086341122165

    def _wait(self, timeout):
        """Internal implementation of wait() on POSIX."""
        if self.returncode is not None:
            return self.returncode
    
        if timeout is not None:
            endtime = _time() + timeout
            # Enter a busy loop if we have a timeout.  This busy loop was
            # cribbed from Lib/threading.py in Thread.wait() at r71065.
            delay = 0.0005 # 500 us -> initial delay of 1 ms
            while True:
                if self._waitpid_lock.acquire(False):
                    try:
                        if self.returncode is not None:
                            break  # Another thread waited.
                        (pid, sts) = self._try_wait(os.WNOHANG)
                        assert pid == self.pid or pid == 0
                        if pid == self.pid:
                            self._handle_exitstatus(sts)
                            break
                    finally:
                        self._waitpid_lock.release()
                remaining = self._remaining_time(endtime)
                if remaining <= 0:
>                   raise TimeoutExpired(self.args, timeout)
E                   subprocess.TimeoutExpired: Command '['/usr/bin/python3', '-Xdev', '-c', '\nimport greenlet\n\nfrom memray import Tracker\nfrom memray._test import MemoryAllocator\n\n\ndef apple():\n    banana()\n\n\ndef banana():\n    allocator.valloc(1024 * 10)\n    animal.switch()\n    allocator.valloc(1024 * 30)\n\n\ndef ant():\n    allocator.valloc(1024 * 20)\n    fruit.switch()\n    allocator.valloc(1024 * 40)\n    bat()\n    allocator.valloc(1024 * 60)\n\n\ndef bat():\n    allocator.valloc(1024 * 50)\n\n\ndef test():\n    fruit.switch()\n    assert fruit.dead\n    animal.switch()\n    assert animal.dead\n    allocator.valloc(1024 * 70)\n\n\nallocator = MemoryAllocator()\noutput = "/tmp/pytest-of-kaiyaok2/pytest-41/test_integration_with_greenlet0/test.bin"\n\nwith Tracker(output):\n    fruit = greenlet.greenlet(apple)\n    animal = greenlet.greenlet(ant)\n    test()\n']' timed out after 4.999086341122165 seconds

/usr/lib/python3.10/subprocess.py:1951: TimeoutExpired
______________ test_unsupported_operations_on_aggregated_capture _______________

tmpdir = local('/tmp/pytest-of-kaiyaok2/pytest-41/test_unsupported_operations_on0')

    def test_unsupported_operations_on_aggregated_capture(tmpdir):
        """Verify that we can successfully read a file that has no allocations."""
        # GIVEN
        output = Path(tmpdir) / "test.bin"
        subprocess_code = textwrap.dedent(
            f"""
            import os
            from memray import Tracker, FileFormat
            output = "{output}"
            tracker = Tracker(output, file_format=FileFormat.AGGREGATED_ALLOCATIONS)
            with tracker:
                pass
            """
        )
>       process = subprocess.run([sys.executable, "-c", subprocess_code], timeout=5)

integration/test_tracking.py:333: 
_ _ _ _ _ _ _ _ _ _ _ _ _ _ _ _ _ _ _ _ _ _ _ _ _ _ _ _ _ _ _ _ _ _ _ _ _ _ _ _ 
/usr/lib/python3.10/subprocess.py:505: in run
    stdout, stderr = process.communicate(input, timeout=timeout)
/usr/lib/python3.10/subprocess.py:1154: in communicate
    stdout, stderr = self._communicate(input, endtime, timeout)
/usr/lib/python3.10/subprocess.py:2047: in _communicate
    self.wait(timeout=self._remaining_time(endtime))
/usr/lib/python3.10/subprocess.py:1209: in wait
    return self._wait(timeout=timeout)
_ _ _ _ _ _ _ _ _ _ _ _ _ _ _ _ _ _ _ _ _ _ _ _ _ _ _ _ _ _ _ _ _ _ _ _ _ _ _ _ 

self = <Popen: returncode: -9 args: ['/usr/bin/python3', '-c', '\nimport os\nfrom m...>
timeout = 4.99867771496065

    def _wait(self, timeout):
        """Internal implementation of wait() on POSIX."""
        if self.returncode is not None:
            return self.returncode
    
        if timeout is not None:
            endtime = _time() + timeout
            # Enter a busy loop if we have a timeout.  This busy loop was
            # cribbed from Lib/threading.py in Thread.wait() at r71065.
            delay = 0.0005 # 500 us -> initial delay of 1 ms
            while True:
                if self._waitpid_lock.acquire(False):
                    try:
                        if self.returncode is not None:
                            break  # Another thread waited.
                        (pid, sts) = self._try_wait(os.WNOHANG)
                        assert pid == self.pid or pid == 0
                        if pid == self.pid:
                            self._handle_exitstatus(sts)
                            break
                    finally:
                        self._waitpid_lock.release()
                remaining = self._remaining_time(endtime)
                if remaining <= 0:
>                   raise TimeoutExpired(self.args, timeout)
E                   subprocess.TimeoutExpired: Command '['/usr/bin/python3', '-c', '\nimport os\nfrom memray import Tracker, FileFormat\noutput = "/tmp/pytest-of-kaiyaok2/pytest-41/test_unsupported_operations_on0/test.bin"\ntracker = Tracker(output, file_format=FileFormat.AGGREGATED_ALLOCATIONS)\nwith tracker:\n    pass\n']' timed out after 4.99867771496065 seconds

/usr/lib/python3.10/subprocess.py:1951: TimeoutExpired
__________________________ test_tracking_with_SIGKILL __________________________

tmpdir = local('/tmp/pytest-of-kaiyaok2/pytest-41/test_tracking_with_SIGKILL0')

    def test_tracking_with_SIGKILL(tmpdir):
        """Verify that we can successfully retrieve the allocations after SIGKILL."""
        # GIVEN
        output = Path(tmpdir) / "test.bin"
        subprocess_code = textwrap.dedent(
            f"""
            import os
            import signal
            from memray import Tracker
            from memray._test import MemoryAllocator
    
            allocator = MemoryAllocator()
            output = "{output}"
    
            with Tracker(output) as tracker:
                num_flushes = 0
                last_size = os.stat(output).st_size
    
                # Loop until two flushes occur, since the first flush might include
                # a frame record but not an allocation record.
                while num_flushes < 2:
                    allocator.valloc(1024)
                    new_size = os.stat(output).st_size
                    if new_size != last_size:
                        last_size = new_size
                        num_flushes += 1
    
                # Kill ourselves without letting the tracker clean itself up.
                os.kill(os.getpid(), signal.SIGKILL)
        """
        )
    
        # WHEN
>       process = subprocess.run([sys.executable, "-c", subprocess_code], timeout=5)

integration/test_tracking.py:279: 
_ _ _ _ _ _ _ _ _ _ _ _ _ _ _ _ _ _ _ _ _ _ _ _ _ _ _ _ _ _ _ _ _ _ _ _ _ _ _ _ 
/usr/lib/python3.10/subprocess.py:505: in run
    stdout, stderr = process.communicate(input, timeout=timeout)
/usr/lib/python3.10/subprocess.py:1154: in communicate
    stdout, stderr = self._communicate(input, endtime, timeout)
/usr/lib/python3.10/subprocess.py:2047: in _communicate
    self.wait(timeout=self._remaining_time(endtime))
/usr/lib/python3.10/subprocess.py:1209: in wait
    return self._wait(timeout=timeout)
_ _ _ _ _ _ _ _ _ _ _ _ _ _ _ _ _ _ _ _ _ _ _ _ _ _ _ _ _ _ _ _ _ _ _ _ _ _ _ _ 

self = <Popen: returncode: -9 args: ['/usr/bin/python3', '-c', '\nimport os\nimport...>
timeout = 4.998901841929182

    def _wait(self, timeout):
        """Internal implementation of wait() on POSIX."""
        if self.returncode is not None:
            return self.returncode
    
        if timeout is not None:
            endtime = _time() + timeout
            # Enter a busy loop if we have a timeout.  This busy loop was
            # cribbed from Lib/threading.py in Thread.wait() at r71065.
            delay = 0.0005 # 500 us -> initial delay of 1 ms
            while True:
                if self._waitpid_lock.acquire(False):
                    try:
                        if self.returncode is not None:
                            break  # Another thread waited.
                        (pid, sts) = self._try_wait(os.WNOHANG)
                        assert pid == self.pid or pid == 0
                        if pid == self.pid:
                            self._handle_exitstatus(sts)
                            break
                    finally:
                        self._waitpid_lock.release()
                remaining = self._remaining_time(endtime)
                if remaining <= 0:
>                   raise TimeoutExpired(self.args, timeout)
E                   subprocess.TimeoutExpired: Command '['/usr/bin/python3', '-c', '\nimport os\nimport signal\nfrom memray import Tracker\nfrom memray._test import MemoryAllocator\n\nallocator = MemoryAllocator()\noutput = "/tmp/pytest-of-kaiyaok2/pytest-41/test_tracking_with_SIGKILL0/test.bin"\n\nwith Tracker(output) as tracker:\n    num_flushes = 0\n    last_size = os.stat(output).st_size\n\n    # Loop until two flushes occur, since the first flush might include\n    # a frame record but not an allocation record.\n    while num_flushes < 2:\n        allocator.valloc(1024)\n        new_size = os.stat(output).st_size\n        if new_size != last_size:\n            last_size = new_size\n            num_flushes += 1\n\n    # Kill ourselves without letting the tracker clean itself up.\n    os.kill(os.getpid(), signal.SIGKILL)\n']' timed out after 4.998901841929182 seconds

/usr/lib/python3.10/subprocess.py:1951: TimeoutExpired
_______ TestRunSubCommand.test_run_with_live_and_trace_python_allocators _______

self = <MagicMock name='LiveCommand().start_live_interface' id='140597224246192'>
args = (1234,), kwargs = {'cmdline_override': './directory/foobar.py arg1 arg2'}
expected = call(1234, cmdline_override='./directory/foobar.py arg1 arg2')
actual = call(1234, cmdline_override='/tmp/pytest-of-kaiyaok2/pytest-41/test_show_uninteresting0/main.py')
_error_message = <function NonCallableMock.assert_called_with.<locals>._error_message at 0x7fdf586b31c0>
cause = None

    def assert_called_with(self, /, *args, **kwargs):
        """assert that the last call was made with the specified arguments.
    
        Raises an AssertionError if the args and keyword args passed in are
        different to the last call to the mock."""
        if self.call_args is None:
            expected = self._format_mock_call_signature(args, kwargs)
            actual = 'not called.'
            error_message = ('expected call not found.\nExpected: %s\nActual: %s'
                    % (expected, actual))
            raise AssertionError(error_message)
    
        def _error_message():
            msg = self._format_mock_failure_message(args, kwargs)
            return msg
        expected = self._call_matcher(_Call((args, kwargs), two=True))
        actual = self._call_matcher(self.call_args)
        if actual != expected:
            cause = expected if isinstance(expected, Exception) else None
>           raise AssertionError(_error_message()) from cause
E           AssertionError: expected call not found.
E           Expected: start_live_interface(1234, cmdline_override='./directory/foobar.py arg1 arg2')
E           Actual: start_live_interface(1234, cmdline_override='/tmp/pytest-of-kaiyaok2/pytest-41/test_show_uninteresting0/main.py')

/usr/lib/python3.10/unittest/mock.py:929: AssertionError

During handling of the above exception, another exception occurred:

self = <tests.unit.test_cli.TestRunSubCommand object at 0x7fdfd5e90eb0>
live_command_mock = <MagicMock name='LiveCommand' id='140597224240848'>
popen_mock = <MagicMock name='Popen' id='140597224229808'>
getpid_mock = <MagicMock name='getpid' id='140597223972416'>
runpy_mock = <MagicMock name='runpy' id='140597223979616'>
tracker_mock = <MagicMock name='Tracker' id='140597224332288'>
validate_mock = <MagicMock name='validate_target_file' id='140597224340112'>

    @patch("memray.commands.run.subprocess.Popen")
    @patch("memray.commands.run.LiveCommand")
    def test_run_with_live_and_trace_python_allocators(
        self,
        live_command_mock,
        popen_mock,
        getpid_mock,
        runpy_mock,
        tracker_mock,
        validate_mock,
    ):
        getpid_mock.return_value = 0
        popen_mock().__enter__().returncode = 0
        with patch("memray.commands.run._get_free_port", return_value=1234):
            assert 0 == main(
                [
                    "run",
                    "--live",
                    "--trace-python-allocators",
                    "./directory/foobar.py",
                    "arg1",
                    "arg2",
                ]
            )
        popen_mock.assert_called_with(
            [
                sys.executable,
                "-c",
                "from memray.commands.run import _child_process;"
                "_child_process(1234,False,True,False,False,False,"
                "'./directory/foobar.py',['arg1', 'arg2'])",
            ],
            stderr=-1,
            stdout=-3,
            text=True,
        )
>       live_command_mock().start_live_interface.assert_called_with(
            1234,
            cmdline_override="./directory/foobar.py arg1 arg2",
        )
E       AssertionError: expected call not found.
E       Expected: start_live_interface(1234, cmdline_override='./directory/foobar.py arg1 arg2')
E       Actual: start_live_interface(1234, cmdline_override='/tmp/pytest-of-kaiyaok2/pytest-41/test_show_uninteresting0/main.py')
E       
E       pytest introspection follows:
E       
E       Kwargs:
E       assert {'cmdline_ove...ing0/main.py'} == {'cmdline_ove...py arg1 arg2'}
E         Differing items:
E         {'cmdline_override': '/tmp/pytest-of-kaiyaok2/pytest-41/test_show_uninteresting0/main.py'} != {'cmdline_override': './directory/foobar.py arg1 arg2'}
E         Use -v to get more diff

unit/test_cli.py:219: AssertionError
_____________________ TestRunSubCommand.test_run_with_live _____________________

self = <MagicMock name='LiveCommand().start_live_interface' id='140597227403968'>
args = (1234,), kwargs = {'cmdline_override': './directory/foobar.py arg1 arg2'}
expected = call(1234, cmdline_override='./directory/foobar.py arg1 arg2')
actual = call(1234, cmdline_override='/tmp/pytest-of-kaiyaok2/pytest-41/test_show_uninteresting0/main.py')
_error_message = <function NonCallableMock.assert_called_with.<locals>._error_message at 0x7fdf586b3eb0>
cause = None

    def assert_called_with(self, /, *args, **kwargs):
        """assert that the last call was made with the specified arguments.
    
        Raises an AssertionError if the args and keyword args passed in are
        different to the last call to the mock."""
        if self.call_args is None:
            expected = self._format_mock_call_signature(args, kwargs)
            actual = 'not called.'
            error_message = ('expected call not found.\nExpected: %s\nActual: %s'
                    % (expected, actual))
            raise AssertionError(error_message)
    
        def _error_message():
            msg = self._format_mock_failure_message(args, kwargs)
            return msg
        expected = self._call_matcher(_Call((args, kwargs), two=True))
        actual = self._call_matcher(self.call_args)
        if actual != expected:
            cause = expected if isinstance(expected, Exception) else None
>           raise AssertionError(_error_message()) from cause
E           AssertionError: expected call not found.
E           Expected: start_live_interface(1234, cmdline_override='./directory/foobar.py arg1 arg2')
E           Actual: start_live_interface(1234, cmdline_override='/tmp/pytest-of-kaiyaok2/pytest-41/test_show_uninteresting0/main.py')

/usr/lib/python3.10/unittest/mock.py:929: AssertionError

During handling of the above exception, another exception occurred:

self = <tests.unit.test_cli.TestRunSubCommand object at 0x7fdfd5e90d30>
live_command_mock = <MagicMock name='LiveCommand' id='140597220243104'>
popen_mock = <MagicMock name='Popen' id='140597220237008'>
getpid_mock = <MagicMock name='getpid' id='140597218890496'>
runpy_mock = <MagicMock name='runpy' id='140597218895824'>
tracker_mock = <MagicMock name='Tracker' id='140597218144320'>
validate_mock = <MagicMock name='validate_target_file' id='140597218136496'>

    @patch("memray.commands.run.subprocess.Popen")
    @patch("memray.commands.run.LiveCommand")
    def test_run_with_live(
        self,
        live_command_mock,
        popen_mock,
        getpid_mock,
        runpy_mock,
        tracker_mock,
        validate_mock,
    ):
        getpid_mock.return_value = 0
        popen_mock().__enter__().returncode = 0
        with patch("memray.commands.run._get_free_port", return_value=1234):
            assert 0 == main(["run", "--live", "./directory/foobar.py", "arg1", "arg2"])
        popen_mock.assert_called_with(
            [
                sys.executable,
                "-c",
                "from memray.commands.run import _child_process;"
                "_child_process(1234,False,False,False,False,False,"
                "'./directory/foobar.py',['arg1', 'arg2'])",
            ],
            stderr=-1,
            stdout=-3,
            text=True,
        )
>       live_command_mock().start_live_interface.assert_called_with(
            1234,
            cmdline_override="./directory/foobar.py arg1 arg2",
        )
E       AssertionError: expected call not found.
E       Expected: start_live_interface(1234, cmdline_override='./directory/foobar.py arg1 arg2')
E       Actual: start_live_interface(1234, cmdline_override='/tmp/pytest-of-kaiyaok2/pytest-41/test_show_uninteresting0/main.py')
E       
E       pytest introspection follows:
E       
E       Kwargs:
E       assert {'cmdline_ove...ing0/main.py'} == {'cmdline_ove...py arg1 arg2'}
E         Differing items:
E         {'cmdline_override': '/tmp/pytest-of-kaiyaok2/pytest-41/test_show_uninteresting0/main.py'} != {'cmdline_override': './directory/foobar.py arg1 arg2'}
E         Use -v to get more diff

unit/test_cli.py:178: AssertionError
--------------------------- snapshot report summary ----------------------------
19 snapshots passed.
=========================== short test summary info ============================
FAILED integration/test_greenlet.py::test_importing_greenlet_after_tracking_starts
FAILED integration/test_greenlet.py::test_integration_with_greenlet - subproc...
FAILED integration/test_tracking.py::test_unsupported_operations_on_aggregated_capture
FAILED integration/test_tracking.py::test_tracking_with_SIGKILL - subprocess....
FAILED unit/test_cli.py::TestRunSubCommand::test_run_with_live_and_trace_python_allocators
FAILED unit/test_cli.py::TestRunSubCommand::test_run_with_live - AssertionErr...
ERROR integration/test_socket.py::TestSocketReaderErrorHandling::test_get_is_active_after_context
ERROR integration/test_socket.py::TestSocketReaderErrorHandling::test_nested_context_is_diallowed
ERROR integration/test_main.py::TestLiveRemoteSubcommand::test_live_tracking
ERROR integration/test_socket.py::TestSocketReaderErrorHandling::test_get_current_snapshot_raises_before_context
ERROR integration/test_socket.py::TestSocketReaderErrorHandling::test_get_current_snapshot_first_yield_after_context_raises
ERROR integration/test_socket.py::TestSocketReaderErrorHandling::test_get_current_snapshot_raises_after_context
ERROR integration/test_socket.py::TestSocketReaderAccess::test_multi_allocation_snapshot
ERROR integration/test_socket.py::TestSocketReaderAccess::test_single_allocation_snapshot
ERROR integration/test_socket.py::TestSocketReaderAccess::test_command_line
ERROR integration/test_socket.py::TestSocketReaderAccess::test_empty_snapshot_after_free
ERROR integration/test_socket.py::TestSocketReaderAccess::test_reading_allocations_while_reading_stack_traces
ERROR integration/test_socket.py::TestSocketReaderAccess::test_multiple_context_entries_does_not_crash
ERROR integration/test_main.py::TestLiveRemoteSubcommand::test_live_client_exits_properly_on_sigint_before_connecting
ERROR integration/test_main.py::TestLiveRemoteSubcommand::test_live_tracking_server_when_client_disconnects
====== 6 failed, 565 passed, 11 skipped, 14 errors in 2174.55s (0:36:14) =======
