============================= test session starts ==============================
platform linux -- Python 3.10.12, pytest-7.4.0, pluggy-1.3.0
Using --randomly-seed=1705790097
rootdir: /home/kaiyaok2/PythonProjects/memray
configfile: pyproject.toml
plugins: hypothesis-6.81.1, cov-4.1.0, randomly-3.1.0, typeguard-4.1.5, timeout-1.4.2, nbval-0.10.0, xdist-3.5.0, mock-3.12.0, tcp-0.1.1, textual-snapshot-0.4.0, syrupy-4.6.0, anyio-3.7.1
collected 596 items
Using TCP weights 1-0
Collect TCP features took 0.07218432426452637s.
Compute TCP order took 0.011009931564331055s.

integration/test_tracing.py .
current test PASSED/SKIPPED -- test_high_watermark_records_can_be_retrieved_twice in /home/kaiyaok2/PythonProjects/memray/tests/integration/test_tracing.py: 1.169313907623291s cumulative, 1.169313907623291s individual


integration/test_ipython.py .
current test PASSED/SKIPPED -- test_passing_help_argument in /home/kaiyaok2/PythonProjects/memray/tests/integration/test_ipython.py: 1.37308931350708s cumulative, 0.20377540588378906s individual


integration/test_tracking.py .
current test PASSED/SKIPPED -- test_leaks_that_happen_in_the_same_function_are_aggregated in /home/kaiyaok2/PythonProjects/memray/tests/integration/test_tracking.py: 2.9225358963012695s cumulative, 1.5494465827941895s individual

.
current test PASSED/SKIPPED -- test_freed_after_high_watermark_do_not_appear in /home/kaiyaok2/PythonProjects/memray/tests/integration/test_tracking.py: 4.318373441696167s cumulative, 1.3958375453948975s individual

.
current test PASSED/SKIPPED -- test_temporary_allocations_outside_buffer_are_not_detected in /home/kaiyaok2/PythonProjects/memray/tests/integration/test_tracking.py: 5.81364893913269s cumulative, 1.4952754974365234s individual


integration/test_tracing.py .
current test PASSED/SKIPPED -- test_thread_surviving_multiple_trackers_with_changing_callstack in /home/kaiyaok2/PythonProjects/memray/tests/integration/test_tracing.py: 7.9132773876190186s cumulative, 2.099628448486328s individual


unit/test_attach.py Error usage: memray [-h] [-v] [-V]
              {run,flamegraph,table,live,tree,parse,summary,stats,transform,attach,detach}
              ...
memray: error: Can't use aggregated mode without an output file.

.
current test PASSED/SKIPPED -- test_memray_attach_aggregated_without_output_file in /home/kaiyaok2/PythonProjects/memray/tests/unit/test_attach.py: 7.951318264007568s cumulative, 0.038040876388549805s individual


integration/test_main.py .
current test PASSED/SKIPPED -- test_run_live_tracking_invalid_port in /home/kaiyaok2/PythonProjects/memray/tests/integration/test_main.py: 9.04355239868164s cumulative, 1.0922341346740723s individual

.
current test PASSED/SKIPPED -- test_sys_manipulations_when_running_cmd in /home/kaiyaok2/PythonProjects/memray/tests/integration/test_main.py: 10.52579379081726s cumulative, 1.4822413921356201s individual


unit/test_reader.py .
current test PASSED/SKIPPED -- test_rejects_different_header_version in /home/kaiyaok2/PythonProjects/memray/tests/unit/test_reader.py: 12.001211643218994s cumulative, 1.4754178524017334s individual


unit/test_tui_reporter.py .
current test PASSED/SKIPPED -- test_command_line_display in /home/kaiyaok2/PythonProjects/memray/tests/unit/test_tui_reporter.py: 12.849853277206421s cumulative, 0.8486416339874268s individual

.
current test PASSED/SKIPPED -- test_pid_display in /home/kaiyaok2/PythonProjects/memray/tests/unit/test_tui_reporter.py: 14.715574264526367s cumulative, 1.8657209873199463s individual


integration/test_socket.py E
current test FAILED -- test_reading_allocations_while_reading_stack_traces in /home/kaiyaok2/PythonProjects/memray/tests/integration/test_socket.py: 14.720853328704834s cumulative, 0.005279064178466797s individual


integration/test_main.py .
current test PASSED/SKIPPED -- test_run_live_tracking_invalid_port in /home/kaiyaok2/PythonProjects/memray/tests/integration/test_main.py: 15.88011622428894s cumulative, 1.1592628955841064s individual

.
current test PASSED/SKIPPED -- test_report_detects_corrupt_input in /home/kaiyaok2/PythonProjects/memray/tests/integration/test_main.py: 17.840639352798462s cumulative, 1.9605231285095215s individual

.
current test PASSED/SKIPPED -- test_run_overwrite_output_file in /home/kaiyaok2/PythonProjects/memray/tests/integration/test_main.py: 18.950167417526245s cumulative, 1.1095280647277832s individual

.
current test PASSED/SKIPPED -- test_error_when_stdout_is_a_tty in /home/kaiyaok2/PythonProjects/memray/tests/integration/test_main.py: 22.655051708221436s cumulative, 3.7048842906951904s individual

.
current test PASSED/SKIPPED -- test_reads_from_correct_file in /home/kaiyaok2/PythonProjects/memray/tests/integration/test_main.py: 26.826996088027954s cumulative, 4.1719443798065186s individual


unit/test_high_water_mark_aggregator.py .
current test PASSED/SKIPPED -- test_split_range in /home/kaiyaok2/PythonProjects/memray/tests/unit/test_high_water_mark_aggregator.py: 26.83658480644226s cumulative, 0.00958871841430664s individual

.
current test PASSED/SKIPPED -- test_allocation_and_deallocation_across_multiple_snapshots in /home/kaiyaok2/PythonProjects/memray/tests/unit/test_high_water_mark_aggregator.py: 26.83998966217041s cumulative, 0.003404855728149414s individual

.
current test PASSED/SKIPPED -- test_allocation_made_and_freed_between_high_water_marks in /home/kaiyaok2/PythonProjects/memray/tests/unit/test_high_water_mark_aggregator.py: 26.850393533706665s cumulative, 0.010403871536254883s individual

.
current test PASSED/SKIPPED -- test_shrunk_then_freed_range in /home/kaiyaok2/PythonProjects/memray/tests/unit/test_high_water_mark_aggregator.py: 26.856301307678223s cumulative, 0.005907773971557617s individual

.
current test PASSED/SKIPPED -- test_one_allocation_freed_before_high_water_mark_in_second_snapshot in /home/kaiyaok2/PythonProjects/memray/tests/unit/test_high_water_mark_aggregator.py: 26.862776517868042s cumulative, 0.006475210189819336s individual

.
current test PASSED/SKIPPED -- test_no_allocations_at_start in /home/kaiyaok2/PythonProjects/memray/tests/unit/test_high_water_mark_aggregator.py: 26.86702299118042s cumulative, 0.00424647331237793s individual

.
current test PASSED/SKIPPED -- test_allocation_after_high_water_mark_in_historical_snapshot in /home/kaiyaok2/PythonProjects/memray/tests/unit/test_high_water_mark_aggregator.py: 26.87123131752014s cumulative, 0.00420832633972168s individual

.
current test PASSED/SKIPPED -- test_allocation_and_deallocation_after_high_water_mark in /home/kaiyaok2/PythonProjects/memray/tests/unit/test_high_water_mark_aggregator.py: 26.876754760742188s cumulative, 0.0055234432220458984s individual

.
current test PASSED/SKIPPED -- test_one_allocation_after_first_snapshot in /home/kaiyaok2/PythonProjects/memray/tests/unit/test_high_water_mark_aggregator.py: 26.883026599884033s cumulative, 0.006271839141845703s individual

.
current test PASSED/SKIPPED -- test_shrunk_range in /home/kaiyaok2/PythonProjects/memray/tests/unit/test_high_water_mark_aggregator.py: 26.88841152191162s cumulative, 0.005384922027587891s individual

.
current test PASSED/SKIPPED -- test_allocation_and_deallocation_across_multiple_snapshots_with_other_allocators in /home/kaiyaok2/PythonProjects/memray/tests/unit/test_high_water_mark_aggregator.py: 26.893804788589478s cumulative, 0.005393266677856445s individual

.
current test PASSED/SKIPPED -- test_one_freed_allocation_is_high_water_mark_but_not_leaked in /home/kaiyaok2/PythonProjects/memray/tests/unit/test_high_water_mark_aggregator.py: 26.899116039276123s cumulative, 0.005311250686645508s individual

.
current test PASSED/SKIPPED -- test_allocations_freed_over_two_non_adjacent_snapshots in /home/kaiyaok2/PythonProjects/memray/tests/unit/test_high_water_mark_aggregator.py: 26.90310502052307s cumulative, 0.003988981246948242s individual

.
current test PASSED/SKIPPED -- test_allocation_made_and_freed_after_high_water_mark in /home/kaiyaok2/PythonProjects/memray/tests/unit/test_high_water_mark_aggregator.py: 26.908939361572266s cumulative, 0.005834341049194336s individual

.
current test PASSED/SKIPPED -- test_freeing_one_of_two_high_water_mark_allocations_at_different_locations in /home/kaiyaok2/PythonProjects/memray/tests/unit/test_high_water_mark_aggregator.py: 26.916328191757202s cumulative, 0.0073888301849365234s individual

.
current test PASSED/SKIPPED -- test_allocation_freed_before_high_water_mark in /home/kaiyaok2/PythonProjects/memray/tests/unit/test_high_water_mark_aggregator.py: 26.922391414642334s cumulative, 0.006063222885131836s individual

.
current test PASSED/SKIPPED -- test_allocation_after_high_water_mark_in_current_snapshot in /home/kaiyaok2/PythonProjects/memray/tests/unit/test_high_water_mark_aggregator.py: 26.92811155319214s cumulative, 0.0057201385498046875s individual

.
current test PASSED/SKIPPED -- test_two_allocations_in_different_snapshots in /home/kaiyaok2/PythonProjects/memray/tests/unit/test_high_water_mark_aggregator.py: 26.932070016860962s cumulative, 0.003958463668823242s individual

.
current test PASSED/SKIPPED -- test_allocation_made_between_high_water_marks_and_leaked in /home/kaiyaok2/PythonProjects/memray/tests/unit/test_high_water_mark_aggregator.py: 26.939409255981445s cumulative, 0.0073392391204833984s individual

.
current test PASSED/SKIPPED -- test_different_allocators_at_one_location in /home/kaiyaok2/PythonProjects/memray/tests/unit/test_high_water_mark_aggregator.py: 26.946666717529297s cumulative, 0.0072574615478515625s individual

.
current test PASSED/SKIPPED -- test_freeing_one_of_two_high_water_mark_allocations_at_the_same_location in /home/kaiyaok2/PythonProjects/memray/tests/unit/test_high_water_mark_aggregator.py: 26.956892013549805s cumulative, 0.010225296020507812s individual

.
current test PASSED/SKIPPED -- test_one_allocation_before_first_snapshot in /home/kaiyaok2/PythonProjects/memray/tests/unit/test_high_water_mark_aggregator.py: 26.963428497314453s cumulative, 0.0065364837646484375s individual

.
current test PASSED/SKIPPED -- test_allocation_made_and_leaked_after_high_water_mark in /home/kaiyaok2/PythonProjects/memray/tests/unit/test_high_water_mark_aggregator.py: 26.971042156219482s cumulative, 0.007613658905029297s individual

.
current test PASSED/SKIPPED -- test_zero_byte_allocation in /home/kaiyaok2/PythonProjects/memray/tests/unit/test_high_water_mark_aggregator.py: 26.979982614517212s cumulative, 0.008940458297729492s individual

.
current test PASSED/SKIPPED -- test_allocation_made_between_high_water_marks_and_freed_after_high_water_mark in /home/kaiyaok2/PythonProjects/memray/tests/unit/test_high_water_mark_aggregator.py: 26.983518362045288s cumulative, 0.003535747528076172s individual

.
current test PASSED/SKIPPED -- test_allocations_freed_over_two_snapshots in /home/kaiyaok2/PythonProjects/memray/tests/unit/test_high_water_mark_aggregator.py: 26.988566637039185s cumulative, 0.005048274993896484s individual

.
current test PASSED/SKIPPED -- test_one_allocation_is_both_high_water_mark_and_leaked in /home/kaiyaok2/PythonProjects/memray/tests/unit/test_high_water_mark_aggregator.py: 26.993082523345947s cumulative, 0.004515886306762695s individual

.
current test PASSED/SKIPPED -- test_split_then_freed_range in /home/kaiyaok2/PythonProjects/memray/tests/unit/test_high_water_mark_aggregator.py: 26.998156309127808s cumulative, 0.0050737857818603516s individual

.
current test PASSED/SKIPPED -- test_reporting_on_true_high_water_mark_that_was_in_a_past_snapshot in /home/kaiyaok2/PythonProjects/memray/tests/unit/test_high_water_mark_aggregator.py: 27.00421929359436s cumulative, 0.006062984466552734s individual

.
current test PASSED/SKIPPED -- test_one_allocation_freed_at_high_water_mark_in_second_snapshot in /home/kaiyaok2/PythonProjects/memray/tests/unit/test_high_water_mark_aggregator.py: 27.009157180786133s cumulative, 0.004937887191772461s individual

.
current test PASSED/SKIPPED -- test_same_stack_in_different_threads in /home/kaiyaok2/PythonProjects/memray/tests/unit/test_high_water_mark_aggregator.py: 27.015729427337646s cumulative, 0.006572246551513672s individual

.
current test PASSED/SKIPPED -- test_completely_freed_range in /home/kaiyaok2/PythonProjects/memray/tests/unit/test_high_water_mark_aggregator.py: 27.020402669906616s cumulative, 0.0046732425689697266s individual


unit/test_tracker.py .
current test PASSED/SKIPPED -- test_the_same_tracker_cannot_be_activated_twice in /home/kaiyaok2/PythonProjects/memray/tests/unit/test_tracker.py: 28.08148694038391s cumulative, 1.061084270477295s individual


integration/test_processes.py .
current test PASSED/SKIPPED -- test_allocations_with_multiprocessing_following_fork in /home/kaiyaok2/PythonProjects/memray/tests/integration/test_processes.py: 31.44727396965027s cumulative, 3.3657870292663574s individual


unit/test_tui_reporter.py .
current test PASSED/SKIPPED -- test_command_line_display in /home/kaiyaok2/PythonProjects/memray/tests/unit/test_tui_reporter.py: 32.61514234542847s cumulative, 1.1678683757781982s individual

.
current test PASSED/SKIPPED -- test_tui_basic in /home/kaiyaok2/PythonProjects/memray/tests/unit/test_tui_reporter.py: 33.600767374038696s cumulative, 0.9856250286102295s individual


integration/test_ipython.py .
current test PASSED/SKIPPED -- test_passing_valid_argument in /home/kaiyaok2/PythonProjects/memray/tests/integration/test_ipython.py: 34.66655397415161s cumulative, 1.065786600112915s individual


unit/test_highwatermark_command.py ⚠  No debug information was found for the Python interpreter  ⚠

Without debug information reports showing native traces may not include file 
names and line numbers. Please use an interpreter built with debug symbols for 
best results. Check https://bloomberg.github.io/memray/native_mode.html for more
information regarding how memray resolves symbols.

.
current test PASSED/SKIPPED -- test_tracker_and_reporter_interactions_for_temporary_allocations in /home/kaiyaok2/PythonProjects/memray/tests/unit/test_highwatermark_command.py: 37.342609167099s cumulative, 2.6760551929473877s individual


unit/test_tree_reporter.py .
current test PASSED/SKIPPED -- test_very_deep_call_is_limited in /home/kaiyaok2/PythonProjects/memray/tests/unit/test_tree_reporter.py: 46.067352533340454s cumulative, 8.724743366241455s individual


integration/test_socket.py E
current test FAILED -- test_multiple_context_entries_does_not_crash in /home/kaiyaok2/PythonProjects/memray/tests/integration/test_socket.py: 46.07394313812256s cumulative, 0.006590604782104492s individual


unit/test_tui_reporter.py .
current test PASSED/SKIPPED -- test_multiple_points in /home/kaiyaok2/PythonProjects/memray/tests/unit/test_tui_reporter.py: 46.089553117752075s cumulative, 0.015609979629516602s individual

.
current test PASSED/SKIPPED -- test_one_point_bigger_than_max_after_resize in /home/kaiyaok2/PythonProjects/memray/tests/unit/test_tui_reporter.py: 46.102234840393066s cumulative, 0.012681722640991211s individual

.
current test PASSED/SKIPPED -- test_empty in /home/kaiyaok2/PythonProjects/memray/tests/unit/test_tui_reporter.py: 46.10849213600159s cumulative, 0.006257295608520508s individual

.
current test PASSED/SKIPPED -- test_size_of_graph in /home/kaiyaok2/PythonProjects/memray/tests/unit/test_tui_reporter.py: 46.12025499343872s cumulative, 0.011762857437133789s individual

.
current test PASSED/SKIPPED -- test_one_point_bigger_than_max in /home/kaiyaok2/PythonProjects/memray/tests/unit/test_tui_reporter.py: 46.12807846069336s cumulative, 0.007823467254638672s individual

.
current test PASSED/SKIPPED -- test_one_point_lower_than_max in /home/kaiyaok2/PythonProjects/memray/tests/unit/test_tui_reporter.py: 46.136147022247314s cumulative, 0.008068561553955078s individual

.
current test PASSED/SKIPPED -- test_multiple_points_scattered in /home/kaiyaok2/PythonProjects/memray/tests/unit/test_tui_reporter.py: 46.15020680427551s cumulative, 0.014059782028198242s individual

.
current test PASSED/SKIPPED -- test_native_frames in /home/kaiyaok2/PythonProjects/memray/tests/unit/test_tui_reporter.py: 46.155086517333984s cumulative, 0.00487971305847168s individual

.
current test PASSED/SKIPPED -- test_missing_frames in /home/kaiyaok2/PythonProjects/memray/tests/unit/test_tui_reporter.py: 46.15862846374512s cumulative, 0.0035419464111328125s individual

.
current test PASSED/SKIPPED -- test_simple_allocations in /home/kaiyaok2/PythonProjects/memray/tests/unit/test_tui_reporter.py: 46.161604166030884s cumulative, 0.0029757022857666016s individual

.
current test PASSED/SKIPPED -- test_sorting in /home/kaiyaok2/PythonProjects/memray/tests/unit/test_tui_reporter.py: 49.12652611732483s cumulative, 2.9649219512939453s individual


integration/test_main.py .
current test PASSED/SKIPPED -- test_error_when_input_file_does_not_exist in /home/kaiyaok2/PythonProjects/memray/tests/integration/test_main.py: 53.13698768615723s cumulative, 4.0104615688323975s individual

.
current test PASSED/SKIPPED -- test_live_tracking_invalid_port in /home/kaiyaok2/PythonProjects/memray/tests/integration/test_main.py: 56.13583421707153s cumulative, 2.9988465309143066s individual

.
current test PASSED/SKIPPED -- test_quiet in /home/kaiyaok2/PythonProjects/memray/tests/integration/test_main.py: 59.50700569152832s cumulative, 3.371171474456787s individual

.
current test PASSED/SKIPPED -- test_not_quiet_and_fork in /home/kaiyaok2/PythonProjects/memray/tests/integration/test_main.py: 64.58990788459778s cumulative, 5.082902193069458s individual


integration/test_native_tracking.py .
current test PASSED/SKIPPED -- test_native_tracing_header in /home/kaiyaok2/PythonProjects/memray/tests/integration/test_native_tracking.py: 66.64742422103882s cumulative, 2.05751633644104s individual

.
current test PASSED/SKIPPED -- test_native_tracing_header in /home/kaiyaok2/PythonProjects/memray/tests/integration/test_native_tracking.py: 67.87739658355713s cumulative, 1.2299723625183105s individual


integration/test_tracking.py .
current test PASSED/SKIPPED -- test_aggregation_same_python_stack_but_different_native_stack in /home/kaiyaok2/PythonProjects/memray/tests/integration/test_tracking.py: 69.57515525817871s cumulative, 1.697758674621582s individual

.
current test PASSED/SKIPPED -- test_temporary_allocations_when_filling_vector_without_preallocating_small_buffer in /home/kaiyaok2/PythonProjects/memray/tests/integration/test_tracking.py: 70.68660402297974s cumulative, 1.1114487648010254s individual

.
current test PASSED/SKIPPED -- test_temporary_allocations_that_happen_in_the_same_function_are_aggregated in /home/kaiyaok2/PythonProjects/memray/tests/integration/test_tracking.py: 71.94796824455261s cumulative, 1.261364221572876s individual

.
current test PASSED/SKIPPED -- test_temporary_allocations_outside_buffer_are_not_detected in /home/kaiyaok2/PythonProjects/memray/tests/integration/test_tracking.py: 73.30100727081299s cumulative, 1.353039026260376s individual

.
current test PASSED/SKIPPED -- test_leak_that_happens_in_the_middle_is_detected in /home/kaiyaok2/PythonProjects/memray/tests/integration/test_tracking.py: 75.62769985198975s cumulative, 2.326692581176758s individual


unit/test_reader.py .
current test PASSED/SKIPPED -- test_filereader_fails_to_open_file in /home/kaiyaok2/PythonProjects/memray/tests/unit/test_reader.py: 75.65842700004578s cumulative, 0.030727148056030273s individual


unit/test_highwatermark_command.py ⚠  No debug information was found for the Python interpreter  ⚠

Without debug information reports showing native traces may not include file 
names and line numbers. Please use an interpreter built with debug symbols for 
best results. Check https://bloomberg.github.io/memray/native_mode.html for more
information regarding how memray resolves symbols.

.
current test PASSED/SKIPPED -- test_tracker_and_reporter_interactions_for_leak in /home/kaiyaok2/PythonProjects/memray/tests/unit/test_highwatermark_command.py: 77.14082479476929s cumulative, 1.4823977947235107s individual

⚠  No debug information was found for the Python interpreter  ⚠

Without debug information reports showing native traces may not include file 
names and line numbers. Please use an interpreter built with debug symbols for 
best results. Check https://bloomberg.github.io/memray/native_mode.html for more
information regarding how memray resolves symbols.

.
current test PASSED/SKIPPED -- test_tracker_and_reporter_interactions_for_peak in /home/kaiyaok2/PythonProjects/memray/tests/unit/test_highwatermark_command.py: 78.58311486244202s cumulative, 1.4422900676727295s individual


integration/test_tracing.py .
current test PASSED/SKIPPED -- test_initial_tracking_frames_are_correctly_populated in /home/kaiyaok2/PythonProjects/memray/tests/integration/test_tracing.py: 79.79150104522705s cumulative, 1.2083861827850342s individual

.
current test PASSED/SKIPPED -- test_large_number_of_frame_pops_between_subsequent_allocations in /home/kaiyaok2/PythonProjects/memray/tests/integration/test_tracing.py: 81.64397835731506s cumulative, 1.8524773120880127s individual

.
current test PASSED/SKIPPED -- test_mmap in /home/kaiyaok2/PythonProjects/memray/tests/integration/test_tracing.py: 83.87346458435059s cumulative, 2.2294862270355225s individual

.
current test PASSED/SKIPPED -- test_traceback in /home/kaiyaok2/PythonProjects/memray/tests/integration/test_tracing.py: 85.24265003204346s cumulative, 1.369185447692871s individual


integration/test_ipython.py 

Results saved to memray-results/tmp_g9upbko/flamegraph.html
.
current test PASSED/SKIPPED -- test_ipython_profiling in /home/kaiyaok2/PythonProjects/memray/tests/integration/test_ipython.py: 86.35522699356079s cumulative, 1.112576961517334s individual


integration/test_tracing.py .
current test PASSED/SKIPPED -- test_traceback_for_high_watermark in /home/kaiyaok2/PythonProjects/memray/tests/integration/test_tracing.py: 87.33121371269226s cumulative, 0.9759867191314697s individual


integration/test_main.py .
current test PASSED/SKIPPED -- test_tree_generated in /home/kaiyaok2/PythonProjects/memray/tests/integration/test_main.py: 92.15104174613953s cumulative, 4.819828033447266s individual

.
current test PASSED/SKIPPED -- test_leaks_with_pymalloc_warning in /home/kaiyaok2/PythonProjects/memray/tests/integration/test_main.py: 97.30595827102661s cumulative, 5.154916524887085s individual


unit/test_tree_reporter.py .
current test PASSED/SKIPPED -- test_show_uninteresting in /home/kaiyaok2/PythonProjects/memray/tests/unit/test_tree_reporter.py: 99.42810034751892s cumulative, 2.1221420764923096s individual


integration/test_processes.py .
current test PASSED/SKIPPED -- test_stack_cleanup_after_fork in /home/kaiyaok2/PythonProjects/memray/tests/integration/test_processes.py: 103.59589886665344s cumulative, 4.1677985191345215s individual


unit/test_allocation_lifetime_aggregator.py .
current test PASSED/SKIPPED -- test_leaked_allocations_within_one_snapshot_are_aggregated in /home/kaiyaok2/PythonProjects/memray/tests/unit/test_allocation_lifetime_aggregator.py: 103.59888005256653s cumulative, 0.0029811859130859375s individual

.
current test PASSED/SKIPPED -- test_allocation_reported_when_freed_within_different_snapshot in /home/kaiyaok2/PythonProjects/memray/tests/unit/test_allocation_lifetime_aggregator.py: 103.60163974761963s cumulative, 0.002759695053100586s individual

.
current test PASSED/SKIPPED -- test_split_then_freed_range in /home/kaiyaok2/PythonProjects/memray/tests/unit/test_allocation_lifetime_aggregator.py: 103.60456895828247s cumulative, 0.002929210662841797s individual

.
current test PASSED/SKIPPED -- test_range_freed_in_same_snapshot in /home/kaiyaok2/PythonProjects/memray/tests/unit/test_allocation_lifetime_aggregator.py: 103.60737466812134s cumulative, 0.0028057098388671875s individual

.
current test PASSED/SKIPPED -- test_allocation_reported_when_leaked in /home/kaiyaok2/PythonProjects/memray/tests/unit/test_allocation_lifetime_aggregator.py: 103.60995054244995s cumulative, 0.0025758743286132812s individual

.
current test PASSED/SKIPPED -- test_two_leaked_allocations_from_one_location in /home/kaiyaok2/PythonProjects/memray/tests/unit/test_allocation_lifetime_aggregator.py: 103.61268901824951s cumulative, 0.002738475799560547s individual

.
current test PASSED/SKIPPED -- test_shrunk_then_leaked_range in /home/kaiyaok2/PythonProjects/memray/tests/unit/test_allocation_lifetime_aggregator.py: 103.61530470848083s cumulative, 0.002615690231323242s individual

.
current test PASSED/SKIPPED -- test_allocations_from_same_location_and_snapshot_freed_in_different_snapshots in /home/kaiyaok2/PythonProjects/memray/tests/unit/test_allocation_lifetime_aggregator.py: 103.6176290512085s cumulative, 0.002324342727661133s individual

.
current test PASSED/SKIPPED -- test_freed_allocations_from_different_locations_are_not_aggregated in /home/kaiyaok2/PythonProjects/memray/tests/unit/test_allocation_lifetime_aggregator.py: 103.62009239196777s cumulative, 0.0024633407592773438s individual

.
current test PASSED/SKIPPED -- test_split_then_leaked_range in /home/kaiyaok2/PythonProjects/memray/tests/unit/test_allocation_lifetime_aggregator.py: 103.62262606620789s cumulative, 0.0025336742401123047s individual

.
current test PASSED/SKIPPED -- test_range_freed_in_different_snapshot in /home/kaiyaok2/PythonProjects/memray/tests/unit/test_allocation_lifetime_aggregator.py: 103.62491536140442s cumulative, 0.002289295196533203s individual

.
current test PASSED/SKIPPED -- test_allocations_from_same_location_and_different_snapshots_freed_in_one_snapshot in /home/kaiyaok2/PythonProjects/memray/tests/unit/test_allocation_lifetime_aggregator.py: 103.62687087059021s cumulative, 0.0019555091857910156s individual

.
current test PASSED/SKIPPED -- test_shrunk_then_freed_range in /home/kaiyaok2/PythonProjects/memray/tests/unit/test_allocation_lifetime_aggregator.py: 103.62893390655518s cumulative, 0.0020630359649658203s individual

.
current test PASSED/SKIPPED -- test_multiple_snapshots_between_allocation_and_deallocation in /home/kaiyaok2/PythonProjects/memray/tests/unit/test_allocation_lifetime_aggregator.py: 103.63098907470703s cumulative, 0.0020551681518554688s individual

.
current test PASSED/SKIPPED -- test_allocation_not_reported_when_freed_within_same_snapshot in /home/kaiyaok2/PythonProjects/memray/tests/unit/test_allocation_lifetime_aggregator.py: 103.63336396217346s cumulative, 0.002374887466430664s individual

.
current test PASSED/SKIPPED -- test_range_leaked in /home/kaiyaok2/PythonProjects/memray/tests/unit/test_allocation_lifetime_aggregator.py: 103.63537931442261s cumulative, 0.002015352249145508s individual

.
current test PASSED/SKIPPED -- test_leaked_allocations_from_different_locations_are_not_aggregated in /home/kaiyaok2/PythonProjects/memray/tests/unit/test_allocation_lifetime_aggregator.py: 103.63776588439941s cumulative, 0.0023865699768066406s individual

.
current test PASSED/SKIPPED -- test_allocations_made_and_freed_together_are_aggregated in /home/kaiyaok2/PythonProjects/memray/tests/unit/test_allocation_lifetime_aggregator.py: 103.64009380340576s cumulative, 0.0023279190063476562s individual

.
current test PASSED/SKIPPED -- test_no_allocations_at_start in /home/kaiyaok2/PythonProjects/memray/tests/unit/test_allocation_lifetime_aggregator.py: 103.64215040206909s cumulative, 0.002056598663330078s individual


unit/test_tree_reporter.py .
current test PASSED/SKIPPED -- test_single_chain_is_expanded in /home/kaiyaok2/PythonProjects/memray/tests/unit/test_tree_reporter.py: 103.88837337493896s cumulative, 0.24622297286987305s individual


unit/test_reader.py .
current test PASSED/SKIPPED -- test_rejects_different_header_magic in /home/kaiyaok2/PythonProjects/memray/tests/unit/test_reader.py: 104.62969636917114s cumulative, 0.7413229942321777s individual


integration/test_tracking.py .
current test PASSED/SKIPPED -- test_munmap_multiple_mmaps in /home/kaiyaok2/PythonProjects/memray/tests/integration/test_tracking.py: 105.35691785812378s cumulative, 0.7272214889526367s individual

.
current test PASSED/SKIPPED -- test_final_allocation_is_peak in /home/kaiyaok2/PythonProjects/memray/tests/integration/test_tracking.py: 106.23688745498657s cumulative, 0.879969596862793s individual

.
current test PASSED/SKIPPED -- test_allocations_that_are_freed_do_not_appear_as_leaks in /home/kaiyaok2/PythonProjects/memray/tests/integration/test_tracking.py: 107.04761719703674s cumulative, 0.8107297420501709s individual

.
current test PASSED/SKIPPED -- test_simple_allocation_tracking in /home/kaiyaok2/PythonProjects/memray/tests/integration/test_tracking.py: 107.74979329109192s cumulative, 0.7021760940551758s individual

.
current test PASSED/SKIPPED -- test_unmatched_allocations_are_not_reported in /home/kaiyaok2/PythonProjects/memray/tests/integration/test_tracking.py: 108.7381067276001s cumulative, 0.9883134365081787s individual


integration/test_greenlet.py .
current test PASSED/SKIPPED -- test_integration_with_greenlet in /home/kaiyaok2/PythonProjects/memray/tests/integration/test_greenlet.py: 109.42312741279602s cumulative, 0.6850206851959229s individual


integration/test_main.py .
current test PASSED/SKIPPED -- test_json_generated in /home/kaiyaok2/PythonProjects/memray/tests/integration/test_main.py: 113.6549551486969s cumulative, 4.231827735900879s individual

.
current test PASSED/SKIPPED -- test_reads_from_correct_file in /home/kaiyaok2/PythonProjects/memray/tests/integration/test_main.py: 121.7990128993988s cumulative, 8.144057750701904s individual

.
current test PASSED/SKIPPED -- test_temporary_allocations_summary in /home/kaiyaok2/PythonProjects/memray/tests/integration/test_main.py: 126.46235704421997s cumulative, 4.663344144821167s individual


integration/test_tracking.py .
current test PASSED/SKIPPED -- test_leaks_that_happen_in_the_same_function_are_aggregated in /home/kaiyaok2/PythonProjects/memray/tests/integration/test_tracking.py: 127.13734602928162s cumulative, 0.6749889850616455s individual

.
current test PASSED/SKIPPED -- test_leaks_that_happen_in_different_lines in /home/kaiyaok2/PythonProjects/memray/tests/integration/test_tracking.py: 127.9635055065155s cumulative, 0.8261594772338867s individual

.
current test PASSED/SKIPPED -- test_allocations_that_are_freed_do_not_appear_as_leaks in /home/kaiyaok2/PythonProjects/memray/tests/integration/test_tracking.py: 129.10887360572815s cumulative, 1.1453680992126465s individual

.
current test PASSED/SKIPPED -- test_simple_pymalloc_allocation_tracking in /home/kaiyaok2/PythonProjects/memray/tests/integration/test_tracking.py: 130.5524387359619s cumulative, 1.4435651302337646s individual

.
current test PASSED/SKIPPED -- test_header_allocator in /home/kaiyaok2/PythonProjects/memray/tests/integration/test_tracking.py: 132.55398845672607s cumulative, 2.00154972076416s individual

.
current test PASSED/SKIPPED -- test_header_allocator in /home/kaiyaok2/PythonProjects/memray/tests/integration/test_tracking.py: 134.61634945869446s cumulative, 2.062361001968384s individual

.
current test PASSED/SKIPPED -- test_freed_after_high_watermark_do_not_appear in /home/kaiyaok2/PythonProjects/memray/tests/integration/test_tracking.py: 135.22440028190613s cumulative, 0.6080508232116699s individual


integration/test_extensions.py .
current test PASSED/SKIPPED -- test_hard_exit in /home/kaiyaok2/PythonProjects/memray/tests/integration/test_extensions.py: 135.63316559791565s cumulative, 0.4087653160095215s individual


integration/test_main.py .
current test PASSED/SKIPPED -- test_report_detects_corrupt_input in /home/kaiyaok2/PythonProjects/memray/tests/integration/test_main.py: 136.96023225784302s cumulative, 1.3270666599273682s individual

.
current test PASSED/SKIPPED -- test_run_override_output in /home/kaiyaok2/PythonProjects/memray/tests/integration/test_main.py: 138.68536353111267s cumulative, 1.7251312732696533s individual

.
current test PASSED/SKIPPED -- test_output_file_already_exists in /home/kaiyaok2/PythonProjects/memray/tests/integration/test_main.py: 140.115327835083s cumulative, 1.429964303970337s individual

.
current test PASSED/SKIPPED -- test_split_threads_subcommand in /home/kaiyaok2/PythonProjects/memray/tests/integration/test_main.py: 143.3702540397644s cumulative, 3.2549262046813965s individual


integration/test_tracking.py s
current test PASSED/SKIPPED -- test_simple_allocation_tracking in /home/kaiyaok2/PythonProjects/memray/tests/integration/test_tracking.py: 144.95656323432922s cumulative, 1.5863091945648193s individual

s
current test PASSED/SKIPPED -- test_simple_allocation_tracking in /home/kaiyaok2/PythonProjects/memray/tests/integration/test_tracking.py: 147.55572414398193s cumulative, 2.59916090965271s individual

s
current test PASSED/SKIPPED -- test_simple_allocation_tracking in /home/kaiyaok2/PythonProjects/memray/tests/integration/test_tracking.py: 148.5269069671631s cumulative, 0.9711828231811523s individual


integration/test_main.py .
current test PASSED/SKIPPED -- test_report_both_temporary_allocation_arguments in /home/kaiyaok2/PythonProjects/memray/tests/integration/test_main.py: 150.5814847946167s cumulative, 2.0545778274536133s individual

.
current test PASSED/SKIPPED -- test_report_temporary_allocations_argument in /home/kaiyaok2/PythonProjects/memray/tests/integration/test_main.py: 157.4246964454651s cumulative, 6.843211650848389s individual

.
current test PASSED/SKIPPED -- test_report_incompatible_arguments in /home/kaiyaok2/PythonProjects/memray/tests/integration/test_main.py: 159.6028664112091s cumulative, 2.1781699657440186s individual

.
current test PASSED/SKIPPED -- test_json_generated_to_existing_known_file in /home/kaiyaok2/PythonProjects/memray/tests/integration/test_main.py: 162.95353984832764s cumulative, 3.3506734371185303s individual

.
current test PASSED/SKIPPED -- test_writes_to_correct_file in /home/kaiyaok2/PythonProjects/memray/tests/integration/test_main.py: 168.17241621017456s cumulative, 5.218876361846924s individual

.
current test PASSED/SKIPPED -- test_json_overwrites_existing_known_file in /home/kaiyaok2/PythonProjects/memray/tests/integration/test_main.py: 171.40589594841003s cumulative, 3.2334797382354736s individual


integration/test_tracking.py .
current test PASSED/SKIPPED -- test_allocations_aggregation_on_different_lines in /home/kaiyaok2/PythonProjects/memray/tests/integration/test_tracking.py: 173.15440034866333s cumulative, 1.748504400253296s individual

.
current test PASSED/SKIPPED -- test_aggregation_same_python_stack_but_different_native_stack in /home/kaiyaok2/PythonProjects/memray/tests/integration/test_tracking.py: 175.34958791732788s cumulative, 2.195187568664551s individual

.
current test PASSED/SKIPPED -- test_allocations_aggregation_on_same_line in /home/kaiyaok2/PythonProjects/memray/tests/integration/test_tracking.py: 176.4804995059967s cumulative, 1.1309115886688232s individual

.
current test PASSED/SKIPPED -- test_simple_allocation_tracking in /home/kaiyaok2/PythonProjects/memray/tests/integration/test_tracking.py: 177.43909978866577s cumulative, 0.9586002826690674s individual

.
current test PASSED/SKIPPED -- test_partial_munmap in /home/kaiyaok2/PythonProjects/memray/tests/integration/test_tracking.py: 178.15650415420532s cumulative, 0.7174043655395508s individual

.
current test PASSED/SKIPPED -- test_munmap_multiple_mmaps in /home/kaiyaok2/PythonProjects/memray/tests/integration/test_tracking.py: 178.88596534729004s cumulative, 0.7294611930847168s individual

+10 kB
+ 9 kB
- 9 kB
+ 8 kB
+ 7 kB
- 7 kB
+ 6 kB
+ 5 kB
- 5 kB
+ 4 kB
+ 3 kB
- 3 kB
+ 2 kB
+ 1 kB
- 1 kB
- 2 kB
- 4 kB
- 6 kB
- 8 kB
-10 kB
.
current test PASSED/SKIPPED -- test_spiky_generally_increasing_to_final_peak in /home/kaiyaok2/PythonProjects/memray/tests/integration/test_tracking.py: 179.84925484657288s cumulative, 0.9632894992828369s individual

.
current test PASSED/SKIPPED -- test_simple_allocation_tracking in /home/kaiyaok2/PythonProjects/memray/tests/integration/test_tracking.py: 181.3216381072998s cumulative, 1.4723832607269287s individual

.
current test PASSED/SKIPPED -- test_simple_allocation_tracking in /home/kaiyaok2/PythonProjects/memray/tests/integration/test_tracking.py: 183.80344581604004s cumulative, 2.4818077087402344s individual

.
current test PASSED/SKIPPED -- test_multiple_high_watermark in /home/kaiyaok2/PythonProjects/memray/tests/integration/test_tracking.py: 185.68052649497986s cumulative, 1.8770806789398193s individual

.
current test PASSED/SKIPPED -- test_no_allocations_while_tracking in /home/kaiyaok2/PythonProjects/memray/tests/integration/test_tracking.py: 186.36398220062256s cumulative, 0.6834557056427002s individual

.
current test PASSED/SKIPPED -- test_simple_allocation_tracking in /home/kaiyaok2/PythonProjects/memray/tests/integration/test_tracking.py: 186.98947072029114s cumulative, 0.6254885196685791s individual

+10 kB
+ 9 kB
- 9 kB
+ 8 kB
+ 7 kB
- 7 kB
+ 6 kB
+ 5 kB
- 5 kB
+ 4 kB
+ 3 kB
- 3 kB
+ 2 kB
+ 1 kB
- 1 kB
- 2 kB
- 4 kB
- 6 kB
- 8 kB
-10 kB
.
current test PASSED/SKIPPED -- test_spiky_generally_increasing_to_final_peak in /home/kaiyaok2/PythonProjects/memray/tests/integration/test_tracking.py: 187.7813732624054s cumulative, 0.7919025421142578s individual

.
current test PASSED/SKIPPED -- test_multiple_high_watermark in /home/kaiyaok2/PythonProjects/memray/tests/integration/test_tracking.py: 188.45804500579834s cumulative, 0.6766717433929443s individual

.
current test PASSED/SKIPPED -- test_simple_pymalloc_allocation_tracking in /home/kaiyaok2/PythonProjects/memray/tests/integration/test_tracking.py: 189.55748295783997s cumulative, 1.099437952041626s individual

.
current test PASSED/SKIPPED -- test_pymalloc_allocation_tracking_deactivated in /home/kaiyaok2/PythonProjects/memray/tests/integration/test_tracking.py: 190.94292068481445s cumulative, 1.3854377269744873s individual

.
current test PASSED/SKIPPED -- test_munmap_multiple_mmaps_multiple_munmaps in /home/kaiyaok2/PythonProjects/memray/tests/integration/test_tracking.py: 192.0823793411255s cumulative, 1.1394586563110352s individual

.
current test PASSED/SKIPPED -- test_allocations_aggregation_on_different_lines in /home/kaiyaok2/PythonProjects/memray/tests/integration/test_tracking.py: 192.83143496513367s cumulative, 0.7490556240081787s individual

.
current test PASSED/SKIPPED -- test_no_allocations_while_tracking in /home/kaiyaok2/PythonProjects/memray/tests/integration/test_tracking.py: 193.6027753353119s cumulative, 0.7713403701782227s individual

.
current test PASSED/SKIPPED -- test_pymalloc_allocation_tracking_deactivated in /home/kaiyaok2/PythonProjects/memray/tests/integration/test_tracking.py: 194.31839060783386s cumulative, 0.7156152725219727s individual

.
current test PASSED/SKIPPED -- test_aggregation_same_python_stack_and_same_native_stack in /home/kaiyaok2/PythonProjects/memray/tests/integration/test_tracking.py: 195.26583790779114s cumulative, 0.9474472999572754s individual

.
current test PASSED/SKIPPED -- test_simple_allocation_tracking in /home/kaiyaok2/PythonProjects/memray/tests/integration/test_tracking.py: 196.49761962890625s cumulative, 1.2317817211151123s individual

.
current test PASSED/SKIPPED -- test_pymalloc_allocation_tracking_deactivated in /home/kaiyaok2/PythonProjects/memray/tests/integration/test_tracking.py: 197.45191144943237s cumulative, 0.954291820526123s individual

.
current test PASSED/SKIPPED -- test_simple_allocation_tracking in /home/kaiyaok2/PythonProjects/memray/tests/integration/test_tracking.py: 197.98037910461426s cumulative, 0.5284676551818848s individual

.
current test PASSED/SKIPPED -- test_simple_pymalloc_allocation_tracking in /home/kaiyaok2/PythonProjects/memray/tests/integration/test_tracking.py: 198.4407205581665s cumulative, 0.4603414535522461s individual

.
current test PASSED/SKIPPED -- test_thread_allocations_multiple_threads in /home/kaiyaok2/PythonProjects/memray/tests/integration/test_tracking.py: 198.9000973701477s cumulative, 0.45937681198120117s individual


unit/test_tui_reporter.py .
current test PASSED/SKIPPED -- test_command_line_display in /home/kaiyaok2/PythonProjects/memray/tests/unit/test_tui_reporter.py: 199.4091305732727s cumulative, 0.509033203125s individual


integration/test_tracking.py .
current test PASSED/SKIPPED -- test_munmap_multiple_mmaps_multiple_munmaps in /home/kaiyaok2/PythonProjects/memray/tests/integration/test_tracking.py: 199.9285924434662s cumulative, 0.5194618701934814s individual

.
current test PASSED/SKIPPED -- test_freed_before_high_watermark_do_not_appear in /home/kaiyaok2/PythonProjects/memray/tests/integration/test_tracking.py: 200.47811484336853s cumulative, 0.5495223999023438s individual

.
current test PASSED/SKIPPED -- test_allocations_after_high_watermark_is_freed_do_not_appear in /home/kaiyaok2/PythonProjects/memray/tests/integration/test_tracking.py: 201.0100474357605s cumulative, 0.5319325923919678s individual

.
current test PASSED/SKIPPED -- test_unmatched_deallocations_are_not_reported in /home/kaiyaok2/PythonProjects/memray/tests/integration/test_tracking.py: 201.53574466705322s cumulative, 0.5256972312927246s individual

.
current test PASSED/SKIPPED -- test_leaks_that_happen_in_different_lines in /home/kaiyaok2/PythonProjects/memray/tests/integration/test_tracking.py: 202.03767108917236s cumulative, 0.5019264221191406s individual

.
current test PASSED/SKIPPED -- test_pymalloc_allocation_tracking_deactivated in /home/kaiyaok2/PythonProjects/memray/tests/integration/test_tracking.py: 202.53590559959412s cumulative, 0.49823451042175293s individual

.
current test PASSED/SKIPPED -- test_temporary_allocations_are_detected in /home/kaiyaok2/PythonProjects/memray/tests/integration/test_tracking.py: 203.1978840827942s cumulative, 0.6619784832000732s individual

.
current test PASSED/SKIPPED -- test_simple_pymalloc_allocation_tracking in /home/kaiyaok2/PythonProjects/memray/tests/integration/test_tracking.py: 203.7368676662445s cumulative, 0.5389835834503174s individual

.
current test PASSED/SKIPPED -- test_temporary_allocations_that_happen_in_different_lines in /home/kaiyaok2/PythonProjects/memray/tests/integration/test_tracking.py: 204.23675203323364s cumulative, 0.49988436698913574s individual

.
current test PASSED/SKIPPED -- test_simple_allocation_tracking in /home/kaiyaok2/PythonProjects/memray/tests/integration/test_tracking.py: 204.73103880882263s cumulative, 0.49428677558898926s individual

.
current test PASSED/SKIPPED -- test_thread_allocations_multiple_threads in /home/kaiyaok2/PythonProjects/memray/tests/integration/test_tracking.py: 205.22141098976135s cumulative, 0.4903721809387207s individual

.
current test PASSED/SKIPPED -- test_leak_that_happens_in_the_middle_is_detected in /home/kaiyaok2/PythonProjects/memray/tests/integration/test_tracking.py: 205.71263718605042s cumulative, 0.4912261962890625s individual

.
current test PASSED/SKIPPED -- test_aggregation_same_python_stack_and_same_native_stack in /home/kaiyaok2/PythonProjects/memray/tests/integration/test_tracking.py: 206.20805406570435s cumulative, 0.49541687965393066s individual


unit/test_tracker.py .
current test PASSED/SKIPPED -- test_two_trackers_cannot_be_active_at_the_same_time in /home/kaiyaok2/PythonProjects/memray/tests/unit/test_tracker.py: 206.6767394542694s cumulative, 0.4686853885650635s individual


unit/test_flamegraph_reporter.py .
current test PASSED/SKIPPED -- test_uses_hybrid_stack_for_native_traces in /home/kaiyaok2/PythonProjects/memray/tests/unit/test_flamegraph_reporter.py: 206.68022561073303s cumulative, 0.003486156463623047s individual

.
current test PASSED/SKIPPED -- test_two_branches_first_is_importlib in /home/kaiyaok2/PythonProjects/memray/tests/unit/test_flamegraph_reporter.py: 206.68404603004456s cumulative, 0.0038204193115234375s individual

.
current test PASSED/SKIPPED -- test_inverted_importlib_full_stack_is_detected in /home/kaiyaok2/PythonProjects/memray/tests/unit/test_flamegraph_reporter.py: 206.68649649620056s cumulative, 0.0024504661560058594s individual

.
current test PASSED/SKIPPED -- test_works_with_recursive_calls in /home/kaiyaok2/PythonProjects/memray/tests/unit/test_flamegraph_reporter.py: 206.6896755695343s cumulative, 0.0031790733337402344s individual

.
current test PASSED/SKIPPED -- test_inverted_works_with_merged_threads in /home/kaiyaok2/PythonProjects/memray/tests/unit/test_flamegraph_reporter.py: 206.69203662872314s cumulative, 0.0023610591888427734s individual

.
current test PASSED/SKIPPED -- test_inverted_uses_hybrid_stack_for_native_traces in /home/kaiyaok2/PythonProjects/memray/tests/unit/test_flamegraph_reporter.py: 206.69498300552368s cumulative, 0.0029463768005371094s individual

.
current test PASSED/SKIPPED -- test_works_with_multiple_stacks_from_same_caller in /home/kaiyaok2/PythonProjects/memray/tests/unit/test_flamegraph_reporter.py: 206.69761300086975s cumulative, 0.002629995346069336s individual

.
current test PASSED/SKIPPED -- test_inverted_works_with_split_threads in /home/kaiyaok2/PythonProjects/memray/tests/unit/test_flamegraph_reporter.py: 206.70003962516785s cumulative, 0.002426624298095703s individual

.
current test PASSED/SKIPPED -- test_two_branches_both_are_importlib in /home/kaiyaok2/PythonProjects/memray/tests/unit/test_flamegraph_reporter.py: 206.7027542591095s cumulative, 0.0027146339416503906s individual

.
current test PASSED/SKIPPED -- test_inverted_works_with_recursive_calls in /home/kaiyaok2/PythonProjects/memray/tests/unit/test_flamegraph_reporter.py: 206.70693373680115s cumulative, 0.004179477691650391s individual

.
current test PASSED/SKIPPED -- test_inverted_works_with_multiple_top_level_nodes_with_merge in /home/kaiyaok2/PythonProjects/memray/tests/unit/test_flamegraph_reporter.py: 206.70952129364014s cumulative, 0.002587556838989258s individual

.
current test PASSED/SKIPPED -- test_works_with_multiple_stacks_from_same_caller_two_frames_above in /home/kaiyaok2/PythonProjects/memray/tests/unit/test_flamegraph_reporter.py: 206.71230244636536s cumulative, 0.0027811527252197266s individual

.
current test PASSED/SKIPPED -- test_works_with_split_threads in /home/kaiyaok2/PythonProjects/memray/tests/unit/test_flamegraph_reporter.py: 206.71457886695862s cumulative, 0.0022764205932617188s individual

.
current test PASSED/SKIPPED -- test_inverted_importlib_partial_stack_is_detected in /home/kaiyaok2/PythonProjects/memray/tests/unit/test_flamegraph_reporter.py: 206.71739888191223s cumulative, 0.0028200149536132812s individual

.
current test PASSED/SKIPPED -- test_inverted_works_with_one_top_level_node in /home/kaiyaok2/PythonProjects/memray/tests/unit/test_flamegraph_reporter.py: 206.71985363960266s cumulative, 0.0024547576904296875s individual

.
current test PASSED/SKIPPED -- test_works_with_single_call in /home/kaiyaok2/PythonProjects/memray/tests/unit/test_flamegraph_reporter.py: 206.7223150730133s cumulative, 0.0024614334106445312s individual

.
current test PASSED/SKIPPED -- test_importlib_full_stack_is_detected in /home/kaiyaok2/PythonProjects/memray/tests/unit/test_flamegraph_reporter.py: 206.7248477935791s cumulative, 0.0025327205657958984s individual

.
current test PASSED/SKIPPED -- test_inverted_works_with_no_allocations in /home/kaiyaok2/PythonProjects/memray/tests/unit/test_flamegraph_reporter.py: 206.7267963886261s cumulative, 0.0019485950469970703s individual

.
current test PASSED/SKIPPED -- test_works_with_multiple_top_level_nodes in /home/kaiyaok2/PythonProjects/memray/tests/unit/test_flamegraph_reporter.py: 206.72916841506958s cumulative, 0.0023720264434814453s individual

.
current test PASSED/SKIPPED -- test_single_importlib_frame_is_detected in /home/kaiyaok2/PythonProjects/memray/tests/unit/test_flamegraph_reporter.py: 206.73120498657227s cumulative, 0.002036571502685547s individual

.
current test PASSED/SKIPPED -- test_works_with_no_allocations in /home/kaiyaok2/PythonProjects/memray/tests/unit/test_flamegraph_reporter.py: 206.73314499855042s cumulative, 0.001940011978149414s individual

.
current test PASSED/SKIPPED -- test_works_with_merged_threads in /home/kaiyaok2/PythonProjects/memray/tests/unit/test_flamegraph_reporter.py: 206.73546266555786s cumulative, 0.002317667007446289s individual

.
current test PASSED/SKIPPED -- test_drops_cpython_frames in /home/kaiyaok2/PythonProjects/memray/tests/unit/test_flamegraph_reporter.py: 206.74018335342407s cumulative, 0.0047206878662109375s individual

.
current test PASSED/SKIPPED -- test_inverted_works_with_multiple_stacks_from_same_caller_two_frames_above in /home/kaiyaok2/PythonProjects/memray/tests/unit/test_flamegraph_reporter.py: 206.74412393569946s cumulative, 0.003940582275390625s individual

.
current test PASSED/SKIPPED -- test_two_branches_second_is_importlib in /home/kaiyaok2/PythonProjects/memray/tests/unit/test_flamegraph_reporter.py: 206.74683690071106s cumulative, 0.0027129650115966797s individual

.
current test PASSED/SKIPPED -- test_inverted_works_with_single_call in /home/kaiyaok2/PythonProjects/memray/tests/unit/test_flamegraph_reporter.py: 206.74978351593018s cumulative, 0.002946615219116211s individual

.
current test PASSED/SKIPPED -- test_inverted_two_branches_both_are_importlib in /home/kaiyaok2/PythonProjects/memray/tests/unit/test_flamegraph_reporter.py: 206.7526340484619s cumulative, 0.0028505325317382812s individual

.
current test PASSED/SKIPPED -- test_importlib_partial_stack_is_detected in /home/kaiyaok2/PythonProjects/memray/tests/unit/test_flamegraph_reporter.py: 206.7551145553589s cumulative, 0.0024805068969726562s individual

.
current test PASSED/SKIPPED -- test_inverted_two_branches_first_is_importlib in /home/kaiyaok2/PythonProjects/memray/tests/unit/test_flamegraph_reporter.py: 206.75863361358643s cumulative, 0.0035190582275390625s individual

.
current test PASSED/SKIPPED -- test_inverted_drops_cpython_frames in /home/kaiyaok2/PythonProjects/memray/tests/unit/test_flamegraph_reporter.py: 206.76132106781006s cumulative, 0.0026874542236328125s individual

.
current test PASSED/SKIPPED -- test_inverted_single_importlib_frame_is_detected in /home/kaiyaok2/PythonProjects/memray/tests/unit/test_flamegraph_reporter.py: 206.76333951950073s cumulative, 0.002018451690673828s individual

.
current test PASSED/SKIPPED -- test_inverted_two_branches_second_is_importlib in /home/kaiyaok2/PythonProjects/memray/tests/unit/test_flamegraph_reporter.py: 206.7670500278473s cumulative, 0.003710508346557617s individual


integration/test_tracking.py .
current test PASSED/SKIPPED -- test_simple_pymalloc_allocation_tracking in /home/kaiyaok2/PythonProjects/memray/tests/integration/test_tracking.py: 207.3468337059021s cumulative, 0.5797836780548096s individual

.
current test PASSED/SKIPPED -- test_non_freed_allocations_are_accounted_for in /home/kaiyaok2/PythonProjects/memray/tests/integration/test_tracking.py: 207.98398351669312s cumulative, 0.6371498107910156s individual

.
current test PASSED/SKIPPED -- test_simple_allocation_tracking in /home/kaiyaok2/PythonProjects/memray/tests/integration/test_tracking.py: 208.68254685401917s cumulative, 0.6985633373260498s individual

.
current test PASSED/SKIPPED -- test_simple_allocation_tracking in /home/kaiyaok2/PythonProjects/memray/tests/integration/test_tracking.py: 209.29807472229004s cumulative, 0.615527868270874s individual

.
current test PASSED/SKIPPED -- test_pymalloc_allocation_tracking_deactivated in /home/kaiyaok2/PythonProjects/memray/tests/integration/test_tracking.py: 210.12686848640442s cumulative, 0.8287937641143799s individual

.
current test PASSED/SKIPPED -- test_freed_before_high_watermark_do_not_appear in /home/kaiyaok2/PythonProjects/memray/tests/integration/test_tracking.py: 210.6548707485199s cumulative, 0.5280022621154785s individual

.
current test PASSED/SKIPPED -- test_final_allocation_is_peak in /home/kaiyaok2/PythonProjects/memray/tests/integration/test_tracking.py: 211.23391842842102s cumulative, 0.579047679901123s individual

.
current test PASSED/SKIPPED -- test_partial_munmap in /home/kaiyaok2/PythonProjects/memray/tests/integration/test_tracking.py: 211.82304430007935s cumulative, 0.5891258716583252s individual


integration/test_main.py .
current test PASSED/SKIPPED -- test_report_detects_corrupt_input in /home/kaiyaok2/PythonProjects/memray/tests/integration/test_main.py: 212.68059015274048s cumulative, 0.8575458526611328s individual

.
current test PASSED/SKIPPED -- test_run_file_with_args in /home/kaiyaok2/PythonProjects/memray/tests/integration/test_main.py: 213.4632375240326s cumulative, 0.7826473712921143s individual


integration/test_attach.py s
current test PASSED/SKIPPED -- test_aggregated_attach in /home/kaiyaok2/PythonProjects/memray/tests/integration/test_attach.py: 213.4685525894165s cumulative, 0.005315065383911133s individual

s
current test PASSED/SKIPPED -- test_detach_without_attach in /home/kaiyaok2/PythonProjects/memray/tests/integration/test_attach.py: 213.47428703308105s cumulative, 0.005734443664550781s individual

s
current test PASSED/SKIPPED -- test_detach_without_attach in /home/kaiyaok2/PythonProjects/memray/tests/integration/test_attach.py: 213.47649359703064s cumulative, 0.002206563949584961s individual

s
current test PASSED/SKIPPED -- test_attach_time in /home/kaiyaok2/PythonProjects/memray/tests/integration/test_attach.py: 213.48082518577576s cumulative, 0.0043315887451171875s individual

s
current test PASSED/SKIPPED -- test_basic_attach in /home/kaiyaok2/PythonProjects/memray/tests/integration/test_attach.py: 213.48548340797424s cumulative, 0.004658222198486328s individual

s
current test PASSED/SKIPPED -- test_aggregated_attach in /home/kaiyaok2/PythonProjects/memray/tests/integration/test_attach.py: 213.490008354187s cumulative, 0.004524946212768555s individual

s
current test PASSED/SKIPPED -- test_basic_attach in /home/kaiyaok2/PythonProjects/memray/tests/integration/test_attach.py: 213.49368047714233s cumulative, 0.0036721229553222656s individual

s
current test PASSED/SKIPPED -- test_attach_time in /home/kaiyaok2/PythonProjects/memray/tests/integration/test_attach.py: 213.49809288978577s cumulative, 0.004412412643432617s individual


integration/test_tracking.py .
current test PASSED/SKIPPED -- test_unsupported_operations_on_aggregated_capture in /home/kaiyaok2/PythonProjects/memray/tests/integration/test_tracking.py: 213.82088136672974s cumulative, 0.3227884769439697s individual

.
current test PASSED/SKIPPED -- test_partial_munmap_multiple_split_in_middle in /home/kaiyaok2/PythonProjects/memray/tests/integration/test_tracking.py: 214.34140348434448s cumulative, 0.5205221176147461s individual

.
current test PASSED/SKIPPED -- test_simple_cpp_allocation_tracking in /home/kaiyaok2/PythonProjects/memray/tests/integration/test_tracking.py: 214.91457438468933s cumulative, 0.5731709003448486s individual

.
current test PASSED/SKIPPED -- test_simple_pymalloc_allocation_tracking in /home/kaiyaok2/PythonProjects/memray/tests/integration/test_tracking.py: 215.64383506774902s cumulative, 0.7292606830596924s individual

.
current test PASSED/SKIPPED -- test_no_allocations in /home/kaiyaok2/PythonProjects/memray/tests/integration/test_tracking.py: 216.09431552886963s cumulative, 0.45048046112060547s individual

.
current test PASSED/SKIPPED -- test_partial_munmap_gap in /home/kaiyaok2/PythonProjects/memray/tests/integration/test_tracking.py: 216.6741120815277s cumulative, 0.579796552658081s individual

.
current test PASSED/SKIPPED -- test_partial_munmap_multiple_split_in_middle in /home/kaiyaok2/PythonProjects/memray/tests/integration/test_tracking.py: 217.195157289505s cumulative, 0.5210452079772949s individual

.
current test PASSED/SKIPPED -- test_simple_allocation_tracking in /home/kaiyaok2/PythonProjects/memray/tests/integration/test_tracking.py: 217.84011363983154s cumulative, 0.6449563503265381s individual


integration/test_main.py .
current test PASSED/SKIPPED -- test_report_detects_missing_input in /home/kaiyaok2/PythonProjects/memray/tests/integration/test_main.py: 218.63936305046082s cumulative, 0.7992494106292725s individual


unit/test_highwatermark_command.py .
current test PASSED/SKIPPED -- test_fails_when_given_output_exists in /home/kaiyaok2/PythonProjects/memray/tests/unit/test_highwatermark_command.py: 218.6452567577362s cumulative, 0.005893707275390625s individual

.
current test PASSED/SKIPPED -- test_succeeds_when_given_output_exists_but_can_overwrite in /home/kaiyaok2/PythonProjects/memray/tests/unit/test_highwatermark_command.py: 218.64925718307495s cumulative, 0.004000425338745117s individual

.
current test PASSED/SKIPPED -- test_uses_output_name_as_given in /home/kaiyaok2/PythonProjects/memray/tests/unit/test_highwatermark_command.py: 218.65312719345093s cumulative, 0.0038700103759765625s individual

.
current test PASSED/SKIPPED -- test_fails_when_results_does_not_exist in /home/kaiyaok2/PythonProjects/memray/tests/unit/test_highwatermark_command.py: 218.65694856643677s cumulative, 0.0038213729858398438s individual

.
current test PASSED/SKIPPED -- test_succeeds_when_fallback_output_exists_but_can_overwrite in /home/kaiyaok2/PythonProjects/memray/tests/unit/test_highwatermark_command.py: 218.66083884239197s cumulative, 0.0038902759552001953s individual

.
current test PASSED/SKIPPED -- test_uses_determine_output_filename_when_output_is_none in /home/kaiyaok2/PythonProjects/memray/tests/unit/test_highwatermark_command.py: 218.66568303108215s cumulative, 0.004844188690185547s individual

.
current test PASSED/SKIPPED -- test_fails_when_fallback_output_exists in /home/kaiyaok2/PythonProjects/memray/tests/unit/test_highwatermark_command.py: 218.66953468322754s cumulative, 0.003851652145385742s individual

.
current test PASSED/SKIPPED -- test_generates_output_name_when_none in /home/kaiyaok2/PythonProjects/memray/tests/unit/test_highwatermark_command.py: 218.67333316802979s cumulative, 0.0037984848022460938s individual


integration/test_tracing.py .
current test PASSED/SKIPPED -- test_num_records in /home/kaiyaok2/PythonProjects/memray/tests/integration/test_tracing.py: 219.16393184661865s cumulative, 0.4905986785888672s individual

.
current test PASSED/SKIPPED -- test_mmap_in_thread in /home/kaiyaok2/PythonProjects/memray/tests/integration/test_tracing.py: 219.82874059677124s cumulative, 0.6648087501525879s individual


integration/test_socket.py E
current test FAILED -- test_get_current_snapshot_raises_before_context in /home/kaiyaok2/PythonProjects/memray/tests/integration/test_socket.py: 219.83382606506348s cumulative, 0.005085468292236328s individual


integration/test_tracking.py .
current test PASSED/SKIPPED -- test_simple_allocation_tracking in /home/kaiyaok2/PythonProjects/memray/tests/integration/test_tracking.py: 220.3866002559662s cumulative, 0.55277419090271s individual

.
current test PASSED/SKIPPED -- test_tracking_with_SIGKILL in /home/kaiyaok2/PythonProjects/memray/tests/integration/test_tracking.py: 220.7335705757141s cumulative, 0.3469703197479248s individual


integration/test_native_tracking.py .
current test PASSED/SKIPPED -- test_hybrid_stack_in_pure_python in /home/kaiyaok2/PythonProjects/memray/tests/integration/test_native_tracking.py: 222.73896527290344s cumulative, 2.005394697189331s individual

.
current test PASSED/SKIPPED -- test_hybrid_stack_of_python_thread_starts_with_native_frames in /home/kaiyaok2/PythonProjects/memray/tests/integration/test_native_tracking.py: 223.33982014656067s cumulative, 0.6008548736572266s individual


integration/test_socket.py E
current test FAILED -- test_get_current_snapshot_raises_after_context in /home/kaiyaok2/PythonProjects/memray/tests/integration/test_socket.py: 223.3425452709198s cumulative, 0.0027251243591308594s individual

E
current test FAILED -- test_get_current_snapshot_first_yield_after_context_raises in /home/kaiyaok2/PythonProjects/memray/tests/integration/test_socket.py: 223.34465646743774s cumulative, 0.002111196517944336s individual

E
current test FAILED -- test_multi_allocation_snapshot in /home/kaiyaok2/PythonProjects/memray/tests/integration/test_socket.py: 223.34730553627014s cumulative, 0.002649068832397461s individual

E
current test FAILED -- test_single_allocation_snapshot in /home/kaiyaok2/PythonProjects/memray/tests/integration/test_socket.py: 223.3501431941986s cumulative, 0.002837657928466797s individual

E
current test FAILED -- test_empty_snapshot_after_free in /home/kaiyaok2/PythonProjects/memray/tests/integration/test_socket.py: 223.3522391319275s cumulative, 0.002095937728881836s individual

E
current test FAILED -- test_command_line in /home/kaiyaok2/PythonProjects/memray/tests/integration/test_socket.py: 223.3547236919403s cumulative, 0.002484560012817383s individual


unit/test_tree_reporter.py .
current test PASSED/SKIPPED -- test_show_uninteresting_and_hide_import_system in /home/kaiyaok2/PythonProjects/memray/tests/unit/test_tree_reporter.py: 223.9822974205017s cumulative, 0.6275737285614014s individual


integration/test_main.py ['MEMORY_SNAPSHOT time=1705790350588 rss=660004864 heap=0', 'MEMORY_SNAPSHOT time=1705790350598 rss=660004864 heap=0', 'MEMORY_SNAPSHOT time=1705790350609 rss=660004864 heap=0', 'MEMORY_SNAPSHOT time=1705790350619 rss=660004864 heap=0', 'MEMORY_SNAPSHOT time=1705790350629 rss=660004864 heap=0', 'MEMORY_SNAPSHOT time=1705790350639 rss=660004864 heap=0', 'MEMORY_SNAPSHOT time=1705790350649 rss=660004864 heap=0', 'MEMORY_SNAPSHOT time=1705790350659 rss=660004864 heap=0', 'MEMORY_SNAPSHOT time=1705790350670 rss=660004864 heap=0', 'MEMORY_SNAPSHOT time=1705790350680 rss=660004864 heap=0', 'MEMORY_SNAPSHOT time=1705790350690 rss=660004864 heap=0', 'MEMORY_SNAPSHOT time=1705790350700 rss=660004864 heap=0', 'MEMORY_SNAPSHOT time=1705790350710 rss=660004864 heap=0', 'MEMORY_SNAPSHOT time=1705790350720 rss=660004864 heap=0', 'MEMORY_SNAPSHOT time=1705790350730 rss=660004864 heap=0', 'MEMORY_SNAPSHOT time=1705790350740 rss=660004864 heap=0', 'MEMORY_SNAPSHOT time=1705790350751 rss=660004864 heap=0', 'MEMORY_SNAPSHOT time=1705790350761 rss=660004864 heap=0', 'MEMORY_SNAPSHOT time=1705790350771 rss=660004864 heap=0', 'MEMORY_SNAPSHOT time=1705790350781 rss=660004864 heap=0', 'MEMORY_SNAPSHOT time=1705790350791 rss=660004864 heap=0', 'MEMORY_SNAPSHOT time=1705790350801 rss=660004864 heap=0', 'MEMORY_SNAPSHOT time=1705790350811 rss=660004864 heap=0', 'MEMORY_SNAPSHOT time=1705790350822 rss=660004864 heap=0', 'MEMORY_SNAPSHOT time=1705790350832 rss=660004864 heap=0', 'MEMORY_SNAPSHOT time=1705790350842 rss=660004864 heap=0', 'MEMORY_SNAPSHOT time=1705790350852 rss=660004864 heap=0', 'MEMORY_SNAPSHOT time=1705790350862 rss=660004864 heap=0', 'MEMORY_SNAPSHOT time=1705790350872 rss=660004864 heap=0', 'MEMORY_SNAPSHOT time=1705790350882 rss=660004864 heap=0', 'MEMORY_SNAPSHOT time=1705790350892 rss=660004864 heap=0', 'MEMORY_SNAPSHOT time=1705790350902 rss=660004864 heap=0', 'MEMORY_SNAPSHOT time=1705790350912 rss=660004864 heap=0', 'MEMORY_SNAPSHOT time=1705790350922 rss=660004864 heap=0', 'MEMORY_SNAPSHOT time=1705790350933 rss=660004864 heap=0', 'CONTEXT_SWITCH tid=1', 'THREAD_RECORD main', 'MEMORY_MAP_START', 'SEGMENT_HEADER filename=/usr/bin/python3.10 num_segments=4 addr=0x562ae8274000', 'SEGMENT (nil) 6c228', 'SEGMENT 0x6d000 2af2fd', 'SEGMENT 0x31d000 23e548', 'SEGMENT 0x55c830 8b6a8', 'SEGMENT_HEADER filename=/lib/x86_64-linux-gnu/libm.so.6 num_segments=4 addr=0x7f3002d6c000', 'SEGMENT (nil) d2e0', 'SEGMENT 0xe000 7b8d5', 'SEGMENT 0x8a000 5a7e4', 'SEGMENT 0xe5d80 388', 'SEGMENT_HEADER filename=/lib/x86_64-linux-gnu/libexpat.so.1 num_segments=4 addr=0x7f3002d3b000', 'SEGMENT (nil) 3288', 'SEGMENT 0x4000 1e5b5', 'SEGMENT 0x23000 9c0c', 'SEGMENT 0x2e590 1b28', 'SEGMENT_HEADER filename=/lib/x86_64-linux-gnu/libz.so.1 num_segments=4 addr=0x7f3002d1f000', 'SEGMENT (nil) 1f38', 'SEGMENT 0x2000 10c21', 'SEGMENT 0x13000 5e74', 'SEGMENT 0x1ac90 428', 'SEGMENT_HEADER filename=/lib/x86_64-linux-gnu/libc.so.6 num_segments=4 addr=0x7f3002af6000', 'SEGMENT (nil) 27fe0', 'SEGMENT 0x28000 194341', 'SEGMENT 0x1bd000 57924', 'SEGMENT 0x2168f0 12560', 'SEGMENT_HEADER filename=/lib64/ld-linux-x86-64.so.2 num_segments=4 addr=0x7f3002e5c000', 'SEGMENT (nil) 1b50', 'SEGMENT 0x2000 29315', 'SEGMENT 0x2c000 af34', 'SEGMENT 0x38620 2cb8', 'SEGMENT_HEADER filename=/usr/lib/python3.10/lib-dynload/_opcode.cpython-310-x86_64-linux-gnu.so num_segments=4 addr=0x7f30025a4000', 'SEGMENT (nil) 8d8', 'SEGMENT 0x1000 43d', 'SEGMENT 0x2000 2a4', 'SEGMENT 0x3e10 360', 'SEGMENT_HEADER filename=/usr/lib/python3.10/lib-dynload/_bz2.cpython-310-x86_64-linux-gnu.so num_segments=4 addr=0x7f300259b000', 'SEGMENT (nil) 1618', 'SEGMENT 0x2000 2219', 'SEGMENT 0x5000 128c', 'SEGMENT 0x7db0 748', 'SEGMENT_HEADER filename=/lib/x86_64-linux-gnu/libbz2.so.1.0 num_segments=4 addr=0x7f3002228000', 'SEGMENT (nil) 1248', 'SEGMENT 0x2000 c571', 'SEGMENT 0xf000 15e8', 'SEGMENT 0x11c90 f98', 'SEGMENT_HEADER filename=/usr/lib/python3.10/lib-dynload/_lzma.cpython-310-x86_64-linux-gnu.so num_segments=4 addr=0x7f300258f000', 'SEGMENT (nil) 2208', 'SEGMENT 0x3000 38f1', 'SEGMENT 0x7000 243c', 'SEGMENT 0xad70 ac8', 'SEGMENT_HEADER filename=/lib/x86_64-linux-gnu/liblzma.so.5 num_segments=4 addr=0x7f30021fd000', 'SEGMENT (nil) 27b0', 'SEGMENT 0x3000 1a0ed', 'SEGMENT 0x1e000 a84c', 'SEGMENT 0x29ab0 658', 'SEGMENT_HEADER filename=/usr/lib/python3.10/lib-dynload/_uuid.cpython-310-x86_64-linux-gnu.so num_segments=4 addr=0x7f300258a000', 'SEGMENT (nil) 738', 'SEGMENT 0x1000 239', 'SEGMENT 0x2000 12c', 'SEGMENT 0x3e00 330', 'SEGMENT_HEADER filename=/lib/x86_64-linux-gnu/libuuid.so.1 num_segments=4 addr=0x7f3001fed000', 'SEGMENT (nil) 1450', 'SEGMENT 0x2000 3d76', 'SEGMENT 0x6000 880', 'SEGMENT 0x7c70 3b8', 'SEGMENT_HEADER filename=/usr/lib/python3.10/lib-dynload/_json.cpython-310-x86_64-linux-gnu.so num_segments=4 addr=0x7f3002377000', 'SEGMENT (nil) 1f30', 'SEGMENT 0x2000 6695', 'SEGMENT 0x9000 1454', 'SEGMENT 0xbdf8 a78', 'SEGMENT_HEADER filename=/usr/lib/python3.10/lib-dynload/_decimal.cpython-310-x86_64-linux-gnu.so num_segments=4 addr=0x7f300234a000', 'SEGMENT (nil) 74f8', 'SEGMENT 0x8000 140d1', 'SEGMENT 0x1d000 b130', 'SEGMENT 0x29d18 2d38', 'SEGMENT_HEADER filename=/lib/x86_64-linux-gnu/libmpdec.so.3 num_segments=4 addr=0x7f3001d2d000', 'SEGMENT (nil) 4f80', 'SEGMENT 0x5000 203f5', 'SEGMENT 0x26000 690c', 'SEGMENT 0x2dc10 618', 'SEGMENT_HEADER filename=/usr/lib/python3.10/lib-dynload/_hashlib.cpython-310-x86_64-linux-gnu.so num_segments=4 addr=0x7f3001a1c000', 'SEGMENT (nil) 3998', 'SEGMENT 0x4000 5fd9', 'SEGMENT 0xa000 3708', 'SEGMENT 0xe7f0 1880', 'SEGMENT_HEADER filename=/lib/x86_64-linux-gnu/libcrypto.so.3 num_segments=4 addr=0x7f30015d9000', 'SEGMENT (nil) b1c28', 'SEGMENT 0xb2000 25de31', 'SEGMENT 0x310000 d1770', 'SEGMENT 0x3e2ff0 5f4d0', 'SEGMENT_HEADER filename=/usr/lib/python3.10/lib-dynload/_sqlite3.cpython-310-x86_64-linux-gnu.so num_segments=4 addr=0x7f30015bd000', 'SEGMENT (nil) 55e8', 'SEGMENT 0x6000 d155', 'SEGMENT 0x14000 49a4', 'SEGMENT 0x19bd0 1d78', 'SEGMENT_HEADER filename=/lib/x86_64-linux-gnu/libsqlite3.so.0 num_segments=4 addr=0x7f3001470000', 'SEGMENT (nil) 1d7d8', 'SEGMENT 0x1e000 eb4dd', 'SEGMENT 0x10a000 3a3ec', 'SEGMENT 0x145ed0 6ae8', 'SEGMENT_HEADER filename=/home/kaiyaok2/.local/lib/python3.10/site-packages/coverage/tracer.cpython-310-x86_64-linux-gnu.so num_segments=4 addr=0x7f3002343000', 'SEGMENT (nil) 1970', 'SEGMENT 0x2000 19c1', 'SEGMENT 0x4000 8a4', 'SEGMENT 0x5d50 c18', 'SEGMENT_HEADER filename=/lib/x86_64-linux-gnu/libpthread.so.0 num_segments=4 addr=0x7f3002585000', 'SEGMENT (nil) aa8', 'SEGMENT 0x1000 115', 'SEGMENT 0x2000 188', 'SEGMENT 0x3e00 228', 'SEGMENT_HEADER filename=/home/kaiyaok2/.local/lib/python3.10/site-packages/numpy/core/_multiarray_umath.cpython-310-x86_64-linux-gnu.so num_segments=6 addr=0x7f3000df9000', 'SEGMENT (nil) 27f28', 'SEGMENT 0x28000 3f9045', 'SEGMENT 0x422000 107608', 'SEGMENT 0x52b2f0 43d18', 'SEGMENT 0x570000 38e0', 'SEGMENT 0x574000 2ff0', 'SEGMENT_HEADER filename=/home/kaiyaok2/.local/lib/python3.10/site-packages/numpy/core/../../numpy.libs/libopenblas64_p-r0-742d56dc.3.20.so num_segments=4 addr=0x7f2ffec00000', 'SEGMENT (nil) 1d98558', 'SEGMENT 0x1f98700 2af28', 'SEGMENT 0x1fc4000 5d188', 'SEGMENT 0x2022000 43938', 'SEGMENT_HEADER filename=/home/kaiyaok2/.local/lib/python3.10/site-packages/numpy/core/../../numpy.libs/libgfortran-040039e1.so.5.0.0 num_segments=4 addr=0x7f2ffe600000', 'SEGMENT (nil) 2752ec', 'SEGMENT 0x475310 2160', 'SEGMENT 0x478000 b5f0', 'SEGMENT 0x484000 8c70', 'SEGMENT_HEADER filename=/home/kaiyaok2/.local/lib/python3.10/site-packages/numpy/core/../../numpy.libs/libquadmath-96973f99.so.0.0.0 num_segments=3 addr=0x7f2ffe200000', 'SEGMENT (nil) 3a4cc', 'SEGMENT 0x23ada0 6f0', 'SEGMENT 0x23c000 738', 'SEGMENT_HEADER filename=/lib/x86_64-linux-gnu/libgcc_s.so.1 num_segments=4 addr=0x7f3000dd9000', 'SEGMENT (nil) 2d08', 'SEGMENT 0x3000 16815', 'SEGMENT 0x1a000 32c4', 'SEGMENT 0x1edc8 520', 'SEGMENT_HEADER filename=/home/kaiyaok2/.local/lib/python3.10/site-packages/numpy/core/_multiarray_tests.cpython-310-x86_64-linux-gnu.so num_segments=4 addr=0x7f3000cb0000', 'SEGMENT (nil) 7f60', 'SEGMENT 0x8000 165c5', 'SEGMENT 0x1f000 5fc8', 'SEGMENT 0x26d50 18a0', 'SEGMENT_HEADER filename=/usr/lib/python3.10/lib-dynload/_ctypes.cpython-310-x86_64-linux-gnu.so num_segments=4 addr=0x7f3000c8f000', 'SEGMENT (nil) 5ee0', 'SEGMENT 0x6000 fbb9', 'SEGMENT 0x16000 585c', 'SEGMENT 0x1cd58 3ec8', 'SEGMENT_HEADER filename=/lib/x86_64-linux-gnu/libffi.so.8 num_segments=4 addr=0x7f3000c82000', 'SEGMENT (nil) 1880', 'SEGMENT 0x2000 63a1', 'SEGMENT 0x9000 fc8', 'SEGMENT 0xbc90 9a0', 'SEGMENT_HEADER filename=/home/kaiyaok2/.local/lib/python3.10/site-packages/numpy/linalg/_umath_linalg.cpython-310-x86_64-linux-gnu.so num_segments=6 addr=0x7f2ffeaca000', 'SEGMENT (nil) 7da0', 'SEGMENT 0x8000 20955', 'SEGMENT 0x29000 56f8', 'SEGMENT 0x2fd18 1538', 'SEGMENT 0x32000 1e18', 'SEGMENT 0x34000 1660', 'SEGMENT_HEADER filename=/home/kaiyaok2/.local/lib/python3.10/site-packages/numpy/fft/_pocketfft_internal.cpython-310-x86_64-linux-gnu.so num_segments=4 addr=0x7f3001fd5000', 'SEGMENT (nil) b20', 'SEGMENT 0x1000 12a09', 'SEGMENT 0x14000 145c', 'SEGMENT 0x16dd8 3b8', 'SEGMENT_HEADER filename=/home/kaiyaok2/.local/lib/python3.10/site-packages/numpy/random/mtrand.cpython-310-x86_64-linux-gnu.so num_segments=4 addr=0x7f2fc4835000', 'SEGMENT (nil) e348', 'SEGMENT 0xf000 4c6e5', 'SEGMENT 0x5c000 2d798', 'SEGMENT 0x8abf8 28690', 'SEGMENT_HEADER filename=/home/kaiyaok2/.local/lib/python3.10/site-packages/numpy/random/bit_generator.cpython-310-x86_64-linux-gnu.so num_segments=4 addr=0x7f3001fa6000', 'SEGMENT (nil) 5b40', 'SEGMENT 0x6000 1a759', 'SEGMENT 0x21000 722c', 'SEGMENT 0x29ce0 4f88', 'SEGMENT_HEADER filename=/home/kaiyaok2/.local/lib/python3.10/site-packages/numpy/random/_common.cpython-310-x86_64-linux-gnu.so num_segments=4 addr=0x7f3001f66000', 'SEGMENT (nil) 4870', 'SEGMENT 0x5000 322e1', 'SEGMENT 0x38000 3aec', 'SEGMENT 0x3ccc8 2dc0', 'SEGMENT_HEADER filename=/home/kaiyaok2/.local/lib/python3.10/site-packages/numpy/random/_bounded_integers.cpython-310-x86_64-linux-gnu.so num_segments=4 addr=0x7f2ffe463000', 'SEGMENT (nil) 72c0', 'SEGMENT 0x8000 45995', 'SEGMENT 0x4e000 9570', 'SEGMENT 0x58d28 25c8', 'SEGMENT_HEADER filename=/home/kaiyaok2/.local/lib/python3.10/site-packages/numpy/random/_mt19937.cpython-310-x86_64-linux-gnu.so num_segments=4 addr=0x7f3000c68000', 'SEGMENT (nil) 3420', 'SEGMENT 0x4000 da8d', 'SEGMENT 0x12000 3f34', 'SEGMENT 0x17d10 1f98', 'SEGMENT_HEADER filename=/home/kaiyaok2/.local/lib/python3.10/site-packages/numpy/random/_philox.cpython-310-x86_64-linux-gnu.so num_segments=4 addr=0x7f2ffeab4000', 'SEGMENT (nil) 2f78', 'SEGMENT 0x3000 b519', 'SEGMENT 0xf000 2ec4', 'SEGMENT 0x13d20 1ca8', 'SEGMENT_HEADER filename=/home/kaiyaok2/.local/lib/python3.10/site-packages/numpy/random/_pcg64.cpython-310-x86_64-linux-gnu.so num_segments=4 addr=0x7f2ffea9a000', 'SEGMENT (nil) 30f0', 'SEGMENT 0x4000 d965', 'SEGMENT 0x12000 34e8', 'SEGMENT 0x16d30 26d8', 'SEGMENT_HEADER filename=/home/kaiyaok2/.local/lib/python3.10/site-packages/numpy/random/_sfc64.cpython-310-x86_64-linux-gnu.so num_segments=4 addr=0x7f2ffe454000', 'SEGMENT (nil) 29c8', 'SEGMENT 0x3000 6595', 'SEGMENT 0xa000 1d68', 'SEGMENT 0xdd40 11d8', 'SEGMENT_HEADER filename=/home/kaiyaok2/.local/lib/python3.10/site-packages/numpy/random/_generator.cpython-310-x86_64-linux-gnu.so num_segments=4 addr=0x7f2fc4652000', 'SEGMENT (nil) f628', 'SEGMENT 0x10000 75225', 'SEGMENT 0x86000 31cd0', 'SEGMENT 0xb9b80 28c68', 'SEGMENT_HEADER filename=/usr/lib/python3.10/lib-dynload/_ssl.cpython-310-x86_64-linux-gnu.so num_segments=4 addr=0x7f2fc461b000', 'SEGMENT (nil) 11d98', 'SEGMENT 0x12000 c071', 'SEGMENT 0x1f000 dc00', 'SEGMENT 0x2dc30 8b28', 'SEGMENT_HEADER filename=/lib/x86_64-linux-gnu/libssl.so.3 num_segments=4 addr=0x7f2fc4577000', 'SEGMENT (nil) 1d418', 'SEGMENT 0x1e000 5aeed', 'SEGMENT 0x79000 1c1c0', 'SEGMENT 0x96eb0 c940', 'SEGMENT_HEADER filename=/usr/lib/python3.10/lib-dynload/_contextvars.cpython-310-x86_64-linux-gnu.so num_segments=4 addr=0x7f300233e000', 'SEGMENT (nil) 708', 'SEGMENT 0x1000 1e5', 'SEGMENT 0x2000 160', 'SEGMENT 0x3e38 2f8', 'SEGMENT_HEADER filename=/usr/lib/python3.10/lib-dynload/_asyncio.cpython-310-x86_64-linux-gnu.so num_segments=4 addr=0x7f2ffe440000', 'SEGMENT (nil) 3b38', 'SEGMENT 0x4000 76f9', 'SEGMENT 0xc000 3e74', 'SEGMENT 0x11c90 1eb0', 'SEGMENT_HEADER filename=/usr/lib/python3.10/lib-dynload/_queue.cpython-310-x86_64-linux-gnu.so num_segments=4 addr=0x7f3001ff6000', 'SEGMENT (nil) 1348', 'SEGMENT 0x2000 1259', 'SEGMENT 0x4000 c40', 'SEGMENT 0x5db0 6e0', 'SEGMENT_HEADER filename=/home/kaiyaok2/.local/lib/python3.10/site-packages/rpds/rpds.cpython-310-x86_64-linux-gnu.so num_segments=4 addr=0x7f2fc3ec4000', 'SEGMENT (nil) aea0', 'SEGMENT 0xb000 7e9a9', 'SEGMENT 0x8a000 20a54', 'SEGMENT 0xabbd8 6b08', 'SEGMENT_HEADER filename=/lib/x86_64-linux-gnu/librt.so.1 num_segments=4 addr=0x7f2ffea95000', 'SEGMENT (nil) 808', 'SEGMENT 0x1000 285', 'SEGMENT 0x2000 274', 'SEGMENT 0x3dc0 278', 'SEGMENT_HEADER filename=/lib/x86_64-linux-gnu/libdl.so.2 num_segments=4 addr=0x7f2ffea90000', 'SEGMENT (nil) 678', 'SEGMENT 0x1000 115', 'SEGMENT 0x2000 110', 'SEGMENT 0x3e00 228', 'SEGMENT_HEADER filename=/home/kaiyaok2/.local/lib/python3.10/site-packages/zmq/backend/cython/_device.cpython-310-x86_64-linux-gnu.so num_segments=6 addr=0x7f2fc3bb2000', 'SEGMENT (nil) 29d8', 'SEGMENT 0x3000 61e5', 'SEGMENT 0xa000 17c8', 'SEGMENT 0xcd40 14a8', 'SEGMENT 0xf000 1198', 'SEGMENT 0x11000 9c0', 'SEGMENT_HEADER filename=/home/kaiyaok2/.local/lib/python3.10/site-packages/zmq/backend/cython/../../../pyzmq.libs/libzmq-fc4fcd2d.so.5.2.4 num_segments=6 addr=0x7f2fc3abe000', 'SEGMENT (nil) 17d18', 'SEGMENT 0x18000 92779', 'SEGMENT 0xab000 3aef4', 'SEGMENT 0xe7c80 7ca0', 'SEGMENT 0xf0000 1c90', 'SEGMENT 0xf2000 1a10', 'SEGMENT_HEADER filename=/home/kaiyaok2/.local/lib/python3.10/site-packages/zmq/backend/cython/../../../pyzmq.libs/libsodium-a0cd10d3.so.23.3.0 num_segments=5 addr=0x7f2fc3993000', 'SEGMENT (nil) be90', 'SEGMENT 0xc000 1001c9', 'SEGMENT 0x10d000 13aa0', 'SEGMENT 0x122798 c78', 'SEGMENT 0x124000 6260', 'SEGMENT_HEADER filename=/lib/x86_64-linux-gnu/libstdc++.so.6 num_segments=4 addr=0x7f2fc3767000', 'SEGMENT (nil) 99140', 'SEGMENT 0x9a000 110fd1', 'SEGMENT 0x1ab000 6e882', 'SEGMENT 0x21b880 10040', 'SEGMENT_HEADER filename=/home/kaiyaok2/.local/lib/python3.10/site-packages/zmq/backend/cython/context.cpython-310-x86_64-linux-gnu.so num_segments=6 addr=0x7f2fc3751000', 'SEGMENT (nil) 3580', 'SEGMENT 0x4000 8195', 'SEGMENT 0xd000 2144', 'SEGMENT 0x10d28 1ef8', 'SEGMENT 0x13000 1440', 'SEGMENT 0x15000 ae0', 'SEGMENT_HEADER filename=/home/kaiyaok2/.local/lib/python3.10/site-packages/zmq/backend/cython/socket.cpython-310-x86_64-linux-gnu.so num_segments=6 addr=0x7f2fc3726000', 'SEGMENT (nil) 5710', 'SEGMENT 0x6000 17271', 'SEGMENT 0x1e000 3a90', 'SEGMENT 0x22d00 4f40', 'SEGMENT 0x28000 19d0', 'SEGMENT 0x2a000 d28', 'SEGMENT_HEADER filename=/home/kaiyaok2/.local/lib/python3.10/site-packages/zmq/backend/cython/message.cpython-310-x86_64-linux-gnu.so num_segments=6 addr=0x7f2fc3709000', 'SEGMENT (nil) 4b30', 'SEGMENT 0x5000 d7a1', 'SEGMENT 0x13000 2c2c', 'SEGMENT 0x16ce8 2c40', 'SEGMENT 0x1a000 cb0', 'SEGMENT 0x1b000 1dd8', 'SEGMENT_HEADER filename=/home/kaiyaok2/.local/lib/python3.10/site-packages/zmq/backend/cython/_poll.cpython-310-x86_64-linux-gnu.so num_segments=6 addr=0x7f2fc36f3000', 'SEGMENT (nil) 3188', 'SEGMENT 0x4000 99b1', 'SEGMENT 0xe000 1c94', 'SEGMENT 0x10d18 18b0', 'SEGMENT 0x13000 1400', 'SEGMENT 0x15000 aa8', 'SEGMENT_HEADER filename=/home/kaiyaok2/.local/lib/python3.10/site-packages/zmq/backend/cython/_proxy_steerable.cpython-310-x86_64-linux-gnu.so num_segments=6 addr=0x7f2fc36e2000', 'SEGMENT (nil) 2828', 'SEGMENT 0x3000 531d', 'SEGMENT 0x9000 1540', 'SEGMENT 0xbd58 1300', 'SEGMENT 0xe000 10e8', 'SEGMENT 0x10000 980', 'SEGMENT_HEADER filename=/home/kaiyaok2/.local/lib/python3.10/site-packages/zmq/backend/cython/_version.cpython-310-x86_64-linux-gnu.so num_segments=6 addr=0x7f3001f5c000', 'SEGMENT (nil) 1f68', 'SEGMENT 0x2000 25c9', 'SEGMENT 0x5000 d78', 'SEGMENT 0x6d80 e08', 'SEGMENT 0x8000 ce8', 'SEGMENT 0x9000 7b0', 'SEGMENT_HEADER filename=/home/kaiyaok2/.local/lib/python3.10/site-packages/zmq/backend/cython/error.cpython-310-x86_64-linux-gnu.so num_segments=6 addr=0x7f2fc36d6000', 'SEGMENT (nil) 2170', 'SEGMENT 0x3000 2e99', 'SEGMENT 0x6000 fa0', 'SEGMENT 0x8d68 ed8', 'SEGMENT 0xa000 df8', 'SEGMENT 0xb000 810', 'SEGMENT_HEADER filename=/home/kaiyaok2/.local/lib/python3.10/site-packages/zmq/backend/cython/utils.cpython-310-x86_64-linux-gnu.so num_segments=6 addr=0x7f2fc36c7000', 'SEGMENT (nil) 2790', 'SEGMENT 0x3000 44b1', 'SEGMENT 0x8000 1220', 'SEGMENT 0xad50 1568', 'SEGMENT 0xd000 fe0', 'SEGMENT 0xe000 8f0', 'SEGMENT_HEADER filename=/home/kaiyaok2/.local/lib/python3.10/site-packages/tornado/speedups.abi3.so num_segments=4 addr=0x7f2fc35c2000', 'SEGMENT (nil) 688', 'SEGMENT 0x1000 28d', 'SEGMENT 0x2000 d4', 'SEGMENT 0x3df8 330', 'SEGMENT_HEADER filename=/usr/lib/python3.10/lib-dynload/_curses.cpython-310-x86_64-linux-gnu.so num_segments=4 addr=0x7f2fc35a2000', 'SEGMENT (nil) 66c8', 'SEGMENT 0x7000 a079', 'SEGMENT 0x12000 a3c4', 'SEGMENT 0x1dd50 2258', 'SEGMENT_HEADER filename=/lib/x86_64-linux-gnu/libncursesw.so.6 num_segments=4 addr=0x7f2fc355f000', 'SEGMENT (nil) 7f00', 'SEGMENT 0x8000 28639', 'SEGMENT 0x31000 7978', 'SEGMENT 0x3a8d8 8e8', 'SEGMENT_HEADER filename=/lib/x86_64-linux-gnu/libtinfo.so.6 num_segments=4 addr=0x7f2fc352d000', 'SEGMENT (nil) d610', 'SEGMENT 0xe000 101a9', 'SEGMENT 0x1f000 d690', 'SEGMENT 0x2db90 3d90', 'SEGMENT_HEADER filename=/usr/lib/python3.10/lib-dynload/termios.cpython-310-x86_64-linux-gnu.so num_segments=4 addr=0x7f2fc3424000', 'SEGMENT (nil) 27c0', 'SEGMENT 0x3000 ee9', 'SEGMENT 0x4000 148c', 'SEGMENT 0x6e00 1410', 'SEGMENT_HEADER filename=/usr/lib/python3.10/lib-dynload/resource.cpython-310-x86_64-linux-gnu.so num_segments=4 addr=0x7f2fc359c000', 'SEGMENT (nil) 1230', 'SEGMENT 0x2000 e79', 'SEGMENT 0x3000 a0c', 'SEGMENT 0x4df0 5c0', 'SEGMENT_HEADER filename=/usr/lib/python3.10/lib-dynload/_lsprof.cpython-310-x86_64-linux-gnu.so num_segments=4 addr=0x7f2ffe4f7000', 'SEGMENT (nil) 14f8', 'SEGMENT 0x2000 29a1', 'SEGMENT 0x5000 1160', 'SEGMENT 0x7e28 6c0', 'SEGMENT_HEADER filename=/home/kaiyaok2/.local/lib/python3.10/site-packages/debugpy/_vendored/pydevd/_pydevd_bundle/pydevd_cython.cpython-310-x86_64-linux-gnu.so num_segments=4 addr=0x7f2fc2610000', 'SEGMENT (nil) 7ef8', 'SEGMENT 0x8000 7904d', 'SEGMENT 0x82000 8bb0', 'SEGMENT 0x8bc90 6880', 'SEGMENT_HEADER filename=/home/kaiyaok2/.local/lib/python3.10/site-packages/markupsafe/_speedups.cpython-310-x86_64-linux-gnu.so num_segments=4 addr=0x7f2ffe4f2000', 'SEGMENT (nil) a80', 'SEGMENT 0x1000 d05', 'SEGMENT 0x2000 7c8', 'SEGMENT 0x3dd8 3e0', 'SEGMENT_HEADER filename=/home/kaiyaok2/.local/lib/python3.10/site-packages/srsly/ujson/ujson.cpython-310-x86_64-linux-gnu.so num_segments=4 addr=0x7f2ffe4e5000', 'SEGMENT (nil) 2e90', 'SEGMENT 0x3000 4a6d', 'SEGMENT 0x8000 2288', 'SEGMENT 0xbc38 880', 'SEGMENT_HEADER filename=/home/kaiyaok2/.local/lib/python3.10/site-packages/srsly/msgpack/_packer.cpython-310-x86_64-linux-gnu.so num_segments=4 addr=0x7f2ffe4cf000', 'SEGMENT (nil) 3250', 'SEGMENT 0x4000 bdb5', 'SEGMENT 0x10000 25d4', 'SEGMENT 0x13cd8 1878', 'SEGMENT_HEADER filename=/home/kaiyaok2/.local/lib/python3.10/site-packages/srsly/msgpack/_unpacker.cpython-310-x86_64-linux-gnu.so num_segments=4 addr=0x7f2fc1df7000', 'SEGMENT (nil) 3e30', 'SEGMENT 0x4000 c909', 'SEGMENT 0x11000 33d0', 'SEGMENT 0x15d20 2708', 'SEGMENT_HEADER filename=/home/kaiyaok2/.local/lib/python3.10/site-packages/_ruamel_yaml.cpython-310-x86_64-linux-gnu.so num_segments=2 addr=0x7f2fc1a00000', 'SEGMENT (nil) 54ce4', 'SEGMENT 0x255cc8 2c30', 'SEGMENT_HEADER filename=/home/kaiyaok2/.local/lib/python3.10/site-packages/pydantic/__init__.cpython-310-x86_64-linux-gnu.so num_segments=4 addr=0x7f2ffe4c5000', 'SEGMENT (nil) 2e80', 'SEGMENT 0x3000 2b11', 'SEGMENT 0x6000 c68', 'SEGMENT 0x7da0 1f30', 'SEGMENT_HEADER filename=/home/kaiyaok2/.local/lib/python3.10/site-packages/pydantic/dataclasses.cpython-310-x86_64-linux-gnu.so num_segments=4 addr=0x7f2fc1cb3000', 'SEGMENT (nil) 7158', 'SEGMENT 0x8000 2e3b1', 'SEGMENT 0x37000 5658', 'SEGMENT 0x3dcc0 5f30', 'SEGMENT_HEADER filename=/home/kaiyaok2/.local/lib/python3.10/site-packages/pydantic/class_validators.cpython-310-x86_64-linux-gnu.so num_segments=4 addr=0x7f2fc1c6f000', 'SEGMENT (nil) 7218', 'SEGMENT 0x8000 2d9fd', 'SEGMENT 0x36000 5f94', 'SEGMENT 0x3dcc8 5e80', 'SEGMENT_HEADER filename=/home/kaiyaok2/.local/lib/python3.10/site-packages/pydantic/errors.cpython-310-x86_64-linux-gnu.so num_segments=4 addr=0x7f2fc18c3000', 'SEGMENT (nil) 8e00', 'SEGMENT 0x9000 23119', 'SEGMENT 0x2d000 627c', 'SEGMENT 0x34cd0 7af8', 'SEGMENT_HEADER filename=/home/kaiyaok2/.local/lib/python3.10/site-packages/pydantic/typing.cpython-310-x86_64-linux-gnu.so num_segments=4 addr=0x7f2fc1880000', 'SEGMENT (nil) 6f48', 'SEGMENT 0x7000 2edd1', 'SEGMENT 0x36000 4aa8', 'SEGMENT 0x3bcd0 6e08', 'SEGMENT_HEADER filename=/home/kaiyaok2/.local/lib/python3.10/site-packages/pydantic/utils.cpython-310-x86_64-linux-gnu.so num_segments=4 addr=0x7f2fc1816000', 'SEGMENT (nil) ace8', 'SEGMENT 0xb000 4914d', 'SEGMENT 0x55000 88c0', 'SEGMENT 0x5ec98 b130', 'SEGMENT_HEADER filename=/home/kaiyaok2/.local/lib/python3.10/site-packages/pydantic/version.cpython-310-x86_64-linux-gnu.so num_segments=4 addr=0x7f2fc1c5c000', 'SEGMENT (nil) 3780', 'SEGMENT 0x4000 84f5', 'SEGMENT 0xd000 1f28', 'SEGMENT 0x10d20 1f48', 'SEGMENT_HEADER filename=/home/kaiyaok2/.local/lib/python3.10/site-packages/pydantic/config.cpython-310-x86_64-linux-gnu.so num_segments=4 addr=0x7f2fc17fc000', 'SEGMENT (nil) 4a40', 'SEGMENT 0x5000 deb1', 'SEGMENT 0x13000 22d4', 'SEGMENT 0x16d08 2d78', 'SEGMENT_HEADER filename=/home/kaiyaok2/.local/lib/python3.10/site-packages/pydantic/error_wrappers.cpython-310-x86_64-linux-gnu.so num_segments=4 addr=0x7f2fc17d4000', 'SEGMENT (nil) 5968', 'SEGMENT 0x6000 17261', 'SEGMENT 0x1e000 3d64', 'SEGMENT 0x23cc8 4210', 'SEGMENT_HEADER filename=/home/kaiyaok2/.local/lib/python3.10/site-packages/pydantic/json.cpython-310-x86_64-linux-gnu.so num_segments=4 addr=0x7f2fc17bb000', 'SEGMENT (nil) 3f40', 'SEGMENT 0x4000 d2c9', 'SEGMENT 0x12000 1d64', 'SEGMENT 0x15d30 2620', 'SEGMENT_HEADER filename=/home/kaiyaok2/.local/lib/python3.10/site-packages/pydantic/color.cpython-310-x86_64-linux-gnu.so num_segments=4 addr=0x7f2fc176c000', 'SEGMENT (nil) 8940', 'SEGMENT 0x9000 35c61', 'SEGMENT 0x3f000 5898', 'SEGMENT 0x45cc8 8c08', 'SEGMENT_HEADER filename=/home/kaiyaok2/.local/lib/python3.10/site-packages/pydantic/networks.cpython-310-x86_64-linux-gnu.so num_segments=4 addr=0x7f2fc1712000', 'SEGMENT (nil) 9210', 'SEGMENT 0xa000 3f121', 'SEGMENT 0x4a000 6a64', 'SEGMENT 0x51cc0 8138', 'SEGMENT_HEADER filename=/home/kaiyaok2/.local/lib/python3.10/site-packages/pydantic/validators.cpython-310-x86_64-linux-gnu.so num_segments=4 addr=0x7f2fc1694000', 'SEGMENT (nil) 8b28', 'SEGMENT 0x9000 62895', 'SEGMENT 0x6c000 7274', 'SEGMENT 0x74ca0 85b8', 'SEGMENT_HEADER filename=/home/kaiyaok2/.local/lib/python3.10/site-packages/pydantic/datetime_parse.cpython-310-x86_64-linux-gnu.so num_segments=4 addr=0x7f2fc1571000', 'SEGMENT (nil) 4308', 'SEGMENT 0x5000 16e89', 'SEGMENT 0x1c000 24b0', 'SEGMENT 0x1fd10 2a90', 'SEGMENT_HEADER filename=/home/kaiyaok2/.local/lib/python3.10/site-packages/pydantic/types.cpython-310-x86_64-linux-gnu.so num_segments=4 addr=0x7f2fc14f4000', 'SEGMENT (nil) c810', 'SEGMENT 0xd000 55409', 'SEGMENT 0x63000 b2d4', 'SEGMENT 0x6fca8 d168', 'SEGMENT_HEADER filename=/home/kaiyaok2/.local/lib/python3.10/site-packages/pydantic/fields.cpython-310-x86_64-linux-gnu.so num_segments=4 addr=0x7f2fc145e000', 'SEGMENT (nil) ab28', 'SEGMENT 0xb000 75631', 'SEGMENT 0x81000 75d4', 'SEGMENT 0x89ca8 bca0', 'SEGMENT_HEADER filename=/home/kaiyaok2/.local/lib/python3.10/site-packages/pydantic/main.cpython-310-x86_64-linux-gnu.so num_segments=4 addr=0x7f2fc13bd000', 'SEGMENT (nil) afc0', 'SEGMENT 0xb000 805a1', 'SEGMENT 0x8c000 8044', 'SEGMENT 0x95cb8 ab50', 'SEGMENT_HEADER filename=/home/kaiyaok2/.local/lib/python3.10/site-packages/pydantic/parse.cpython-310-x86_64-linux-gnu.so num_segments=4 addr=0x7f2fc13ab000', 'SEGMENT (nil) 3200', 'SEGMENT 0x4000 8465', 'SEGMENT 0xd000 16ac', 'SEGMENT 0xfd40 1940', 'SEGMENT_HEADER filename=/home/kaiyaok2/.local/lib/python3.10/site-packages/pydantic/schema.cpython-310-x86_64-linux-gnu.so num_segments=4 addr=0x7f2fc1303000', 'SEGMENT (nil) 98a8', 'SEGMENT 0xa000 893a9', 'SEGMENT 0x94000 6a98', 'SEGMENT 0x9bc90 c008', 'SEGMENT_HEADER filename=/home/kaiyaok2/.local/lib/python3.10/site-packages/pydantic/annotated_types.cpython-310-x86_64-linux-gnu.so num_segments=4 addr=0x7f2fc12ec000', 'SEGMENT (nil) 3bc8', 'SEGMENT 0x4000 bf01', 'SEGMENT 0x10000 28b8', 'SEGMENT 0x13d00 23f8', 'SEGMENT_HEADER filename=/home/kaiyaok2/.local/lib/python3.10/site-packages/pydantic/decorator.cpython-310-x86_64-linux-gnu.so num_segments=4 addr=0x7f2fc12b9000', 'SEGMENT (nil) 5950', 'SEGMENT 0x6000 23e55', 'SEGMENT 0x2a000 3648', 'SEGMENT 0x2ecf8 40b0', 'SEGMENT_HEADER filename=/home/kaiyaok2/.local/lib/python3.10/site-packages/pydantic/env_settings.cpython-310-x86_64-linux-gnu.so num_segments=4 addr=0x7f2fc1279000', 'SEGMENT (nil) 6e80', 'SEGMENT 0x7000 2bec9', 'SEGMENT 0x33000 4ff0', 'SEGMENT 0x39cb0 5790', 'SEGMENT_HEADER filename=/home/kaiyaok2/.local/lib/python3.10/site-packages/pydantic/tools.cpython-310-x86_64-linux-gnu.so num_segments=4 addr=0x7f2fc1264000', 'SEGMENT (nil) 36a8', 'SEGMENT 0x4000 b0b1', 'SEGMENT 0x10000 1a30', 'SEGMENT 0x12d50 2050', 'SEGMENT_HEADER filename=/home/kaiyaok2/.local/lib/python3.10/site-packages/torch/lib/libtorch_global_deps.so num_segments=6 addr=0x7f2fc125d000', 'SEGMENT (nil) 548', 'SEGMENT 0x1000 111', 'SEGMENT 0x2000 4', 'SEGMENT 0x3d48 2e8', 'SEGMENT 0x5000 258', 'SEGMENT 0x6000 2d0', 'SEGMENT_HEADER filename=/home/kaiyaok2/.local/lib/python3.10/site-packages/torch/lib/../../nvidia/curand/lib/libcurand.so.10 num_segments=2 addr=0x7f2fbb600000', 'SEGMENT (nil) 3f8f63c', 'SEGMENT 0x4190000 1a69b68', 'SEGMENT_HEADER filename=/home/kaiyaok2/.local/lib/python3.10/site-packages/torch/lib/../../nvidia/cufft/lib/libcufft.so.10 num_segments=2 addr=0x7f2faa600000', 'SEGMENT (nil) 2e6e2e2', 'SEGMENT 0x306f000 de6bbe8', 'SEGMENT_HEADER filename=/home/kaiyaok2/.local/lib/python3.10/site-packages/torch/lib/../../nvidia/cublas/lib/libcublas.so.11 num_segments=2 addr=0x7f2fa1200000', 'SEGMENT (nil) 900d4a4', 'SEGMENT 0x920e000 4fd38', 'SEGMENT_HEADER filename=/home/kaiyaok2/.local/lib/python3.10/site-packages/torch/lib/../../nvidia/cublas/lib/libcublasLt.so.11 num_segments=2 addr=0x7f2f8d200000', 'SEGMENT (nil) 1144a9c4', 'SEGMENT 0x1164b000 2955b20', 'SEGMENT_HEADER filename=/home/kaiyaok2/.local/lib/python3.10/site-packages/torch/lib/../../nvidia/cuda_runtime/lib/libcudart.so.11.0 num_segments=2 addr=0x7f2f8ce00000', 'SEGMENT (nil) 9d2bc', 'SEGMENT 0x29e000 6ee8', 'SEGMENT_HEADER filename=/home/kaiyaok2/.local/lib/python3.10/site-packages/torch/lib/../../nvidia/nvtx/lib/libnvToolsExt.so.1 num_segments=2 addr=0x7f2f8ca00000', 'SEGMENT (nil) 7d6c', 'SEGMENT 0x208ca8 868', 'SEGMENT_HEADER filename=/home/kaiyaok2/.local/lib/python3.10/site-packages/torch/lib/libgomp-a34b3233.so.1 num_segments=3 addr=0x7f2f8c600000', 'SEGMENT (nil) 2408c', 'SEGMENT 0x224d70 840', 'SEGMENT 0x226000 3480', 'SEGMENT_HEADER filename=/home/kaiyaok2/.local/lib/python3.10/site-packages/torch/_C.cpython-310-x86_64-linux-gnu.so num_segments=5 addr=0x7f2ffe4bf000', 'SEGMENT (nil) 5c0', 'SEGMENT 0x1000 131', 'SEGMENT 0x2000 78', 'SEGMENT 0x3dd8 260', 'SEGMENT 0x5000 3e0', 'SEGMENT_HEADER filename=/home/kaiyaok2/.local/lib/python3.10/site-packages/torch/lib/libtorch_python.so num_segments=5 addr=0x7f2f8b54a000', 'SEGMENT (nil) 1e3748', 'SEGMENT 0x1e4000 a02a81', 'SEGMENT 0xbe7000 30cbd0', 'SEGMENT 0xef4e08 c9630', 'SEGMENT 0xfbf000 f6138', 'SEGMENT_HEADER filename=/home/kaiyaok2/.local/lib/python3.10/site-packages/torch/lib/libshm.so num_segments=5 addr=0x7f2fc1252000', 'SEGMENT (nil) 2650', 'SEGMENT 0x3000 261d', 'SEGMENT 0x6000 cc0', 'SEGMENT 0x8c08 6b8', 'SEGMENT 0xa000 f40', 'SEGMENT_HEADER filename=/home/kaiyaok2/.local/lib/python3.10/site-packages/torch/lib/libtorch.so num_segments=5 addr=0x7f2fc122c000', 'SEGMENT (nil) b238', 'SEGMENT 0xc000 a019', 'SEGMENT 0x17000 4b35', 'SEGMENT 0x1db20 8c0', 'SEGMENT 0x1f000 6de8', 'SEGMENT_HEADER filename=/home/kaiyaok2/.local/lib/python3.10/site-packages/torch/lib/libtorch_cpu.so num_segments=6 addr=0x7f2f72697000', 'SEGMENT (nil) 1040358', 'SEGMENT 0x1041000 12ef3319', 'SEGMENT 0x13f35000 3e9bdcd', 'SEGMENT 0x17dd2b80 5783d0', 'SEGMENT 0x1834b000 5f6240', 'SEGMENT 0x18942000 570be0', 'SEGMENT_HEADER filename=/home/kaiyaok2/.local/lib/python3.10/site-packages/torch/lib/libtorch_cuda.so num_segments=5 addr=0x7f2f4c5d7000', 'SEGMENT (nil) c2cd88', 'SEGMENT 0xc2d000 23746f5', 'SEGMENT 0x2fa2000 2240cd40', 'SEGMENT 0x253b0260 3562a8', 'SEGMENT 0x25707000 9b8610', 'SEGMENT_HEADER filename=/home/kaiyaok2/.local/lib/python3.10/site-packages/torch/lib/libc10_cuda.so num_segments=5 addr=0x7f2fbb592000', 'SEGMENT (nil) efe0', 'SEGMENT 0xf000 41469', 'SEGMENT 0x51000 ebe1', 'SEGMENT 0x612c0 42c8', 'SEGMENT 0x66000 77e0', 'SEGMENT_HEADER filename=/home/kaiyaok2/.local/lib/python3.10/site-packages/torch/lib/libc10.so num_segments=5 addr=0x7f2faa545000', 'SEGMENT (nil) 1eed8', 'SEGMENT 0x1f000 606bd', 'SEGMENT 0x80000 1ee1f', 'SEGMENT 0xa0d20 91e8', 'SEGMENT 0xaa000 10198', 'SEGMENT_HEADER filename=/home/kaiyaok2/.local/lib/python3.10/site-packages/torch/lib/../../nvidia/cudnn/lib/libcudnn.so.8 num_segments=2 addr=0x7f2f4c200000', 'SEGMENT (nil) 22fce', 'SEGMENT 0x223d30 1698', 'SEGMENT_HEADER filename=/home/kaiyaok2/.local/lib/python3.10/site-packages/torch/lib/../../nvidia/cuda_cupti/lib/libcupti.so.11.7 num_segments=2 addr=0x7f2f4b800000', 'SEGMENT (nil) 5e61b4', 'SEGMENT 0x7e6310 1144d0', 'SEGMENT_HEADER filename=/home/kaiyaok2/.local/lib/python3.10/site-packages/torch/lib/../../nvidia/cusparse/lib/libcusparse.so.11 num_segments=2 addr=0x7f2f3d000000', 'SEGMENT (nil) e46578c', 'SEGMENT 0xe666000 37c98', 'SEGMENT_HEADER filename=/home/kaiyaok2/.local/lib/python3.10/site-packages/torch/lib/../../nvidia/nccl/lib/libnccl.so.2 num_segments=2 addr=0x7f2f2f000000', 'SEGMENT (nil) dc3c16e', 'SEGMENT 0xde3d000 3bae8', 'SEGMENT_HEADER filename=/lib/x86_64-linux-gnu/libutil.so.1 num_segments=4 addr=0x7f2fc1220000', 'SEGMENT (nil) 598', 'SEGMENT 0x1000 115', 'SEGMENT 0x2000 e8', 'SEGMENT 0x3e00 228', 'SEGMENT_HEADER filename=/home/kaiyaok2/.local/lib/python3.10/site-packages/torch/lib/libnvfuser_codegen.so num_segments=5 addr=0x7f2f2e9b3000', 'SEGMENT (nil) f82d0', 'SEGMENT 0xf9000 378541', 'SEGMENT 0x472000 135321', 'SEGMENT 0x5a90e0 1eb80', 'SEGMENT 0x5c8000 84cc8', 'SEGMENT_HEADER filename=/home/kaiyaok2/.local/lib/python3.10/site-packages/torch/lib/../../nvidia/cuda_nvrtc/lib/libnvrtc.so.11.2 num_segments=3 addr=0x7f2f2ba00000', 'SEGMENT (nil) 2592edc', 'SEGMENT 0x2793768 6fb7e0', 'SEGMENT 0x2e8f000 1888', 'SEGMENT_HEADER filename=/usr/lib/python3.10/lib-dynload/_multiprocessing.cpython-310-x86_64-linux-gnu.so num_segments=4 addr=0x7f2fc1225000', 'SEGMENT (nil) 15f8', 'SEGMENT 0x2000 1669', 'SEGMENT 0x4000 a28', 'SEGMENT 0x5d90 900', 'SEGMENT_HEADER filename=/home/kaiyaok2/.local/lib/python3.10/site-packages/nvfuser/_C.cpython-310-x86_64-linux-gnu.so num_segments=4 addr=0x7f2f2af08000', 'SEGMENT (nil) 21a18', 'SEGMENT 0x22000 a3539', 'SEGMENT 0xc6000 29bf4', 'SEGMENT 0xf1400 6770', 'SEGMENT_HEADER filename=/home/kaiyaok2/.local/lib/python3.10/site-packages/h5py/_errors.cpython-310-x86_64-linux-gnu.so num_segments=6 addr=0x7f2fc2c13000', 'SEGMENT (nil) 2ed0', 'SEGMENT 0x3000 651d', 'SEGMENT 0xa000 ce8', 'SEGMENT 0xcbc8 ff0', 'SEGMENT 0xe000 1740', 'SEGMENT 0x10000 bc8', 'SEGMENT_HEADER filename=/home/kaiyaok2/.local/lib/python3.10/site-packages/h5py/../h5py.libs/libhdf5-7f639dcd.so.310.2.0 num_segments=6 addr=0x7f2f290a5000', 'SEGMENT (nil) 4ca60', 'SEGMENT 0x4d000 2eb105', 'SEGMENT 0x339000 e5c28', 'SEGMENT 0x41fed0 16410', 'SEGMENT 0x437000 18120', 'SEGMENT 0x450000 11678', 'SEGMENT_HEADER filename=/home/kaiyaok2/.local/lib/python3.10/site-packages/h5py/../h5py.libs/libhdf5_hl-123198ff.so.310.0.2 num_segments=6 addr=0x7f2fc2bea000', 'SEGMENT (nil) 5710', 'SEGMENT 0x6000 156c1', 'SEGMENT 0x1c000 4cec', 'SEGMENT 0x22be8 1c80', 'SEGMENT 0x25000 1bb0', 'SEGMENT 0x27000 1678', 'SEGMENT_HEADER filename=/home/kaiyaok2/.local/lib/python3.10/site-packages/h5py/../h5py.libs/libsz-b66d1717.so.2.0.1 num_segments=6 addr=0x7f2fc2be3000', 'SEGMENT (nil) 6f0', 'SEGMENT 0x1000 8ad', 'SEGMENT 0x2000 144', 'SEGMENT 0x3de8 278', 'SEGMENT 0x5000 318', 'SEGMENT 0x6000 150', 'SEGMENT_HEADER filename=/home/kaiyaok2/.local/lib/python3.10/site-packages/h5py/../h5py.libs/libaec-001fb5f0.so.0.0.12 num_segments=5 addr=0x7f2fc2bd9000', 'SEGMENT (nil) 7f0', 'SEGMENT 0x1000 4315', 'SEGMENT 0x6000 c18', 'SEGMENT 0x7df8 5f8', 'SEGMENT 0x9000 1b8', 'SEGMENT_HEADER filename=/home/kaiyaok2/.local/lib/python3.10/site-packages/h5py/h5.cpython-310-x86_64-linux-gnu.so num_segments=6 addr=0x7f2fc2bb8000', 'SEGMENT (nil) 46f0', 'SEGMENT 0x5000 10749', 'SEGMENT 0x16000 37b8', 'SEGMENT 0x1ad00 2998', 'SEGMENT 0x1e000 1628', 'SEGMENT 0x20000 bc0', 'SEGMENT_HEADER filename=/home/kaiyaok2/.local/lib/python3.10/site-packages/h5py/defs.cpython-310-x86_64-linux-gnu.so num_segments=6 addr=0x7f2fbb535000', 'SEGMENT (nil) c710', 'SEGMENT 0xd000 2accd', 'SEGMENT 0x38000 147c8', 'SEGMENT 0x4dd70 6940', 'SEGMENT 0x55000 4a88', 'SEGMENT 0x5a000 20b0', 'SEGMENT_HEADER filename=/home/kaiyaok2/.local/lib/python3.10/site-packages/h5py/_objects.cpython-310-x86_64-linux-gnu.so num_segments=6 addr=0x7f2fc11fb000', 'SEGMENT (nil) 4e18', 'SEGMENT 0x5000 14729', 'SEGMENT 0x1a000 3940', 'SEGMENT 0x1ece8 2fd0', 'SEGMENT 0x22000 1b40', 'SEGMENT 0x24000 e20', 'SEGMENT_HEADER filename=/home/kaiyaok2/.local/lib/python3.10/site-packages/h5py/_conv.cpython-310-x86_64-linux-gnu.so num_segments=6 addr=0x7f2fbb4f9000', 'SEGMENT (nil) 5a28', 'SEGMENT 0x6000 24831', 'SEGMENT 0x2b000 6da8', 'SEGMENT 0x33c08 3288', 'SEGMENT 0x37000 2180', 'SEGMENT 0x3a000 1058', 'SEGMENT_HEADER filename=/home/kaiyaok2/.local/lib/python3.10/site-packages/h5py/h5r.cpython-310-x86_64-linux-gnu.so num_segments=6 addr=0x7f2fc2ba5000', 'SEGMENT (nil) 2fe0', 'SEGMENT 0x3000 6f35', 'SEGMENT 0xa000 20cc', 'SEGMENT 0xdd28 20e8', 'SEGMENT 0x10000 12a8', 'SEGMENT 0x12000 a50', 'SEGMENT_HEADER filename=/home/kaiyaok2/.local/lib/python3.10/site-packages/h5py/h5p.cpython-310-x86_64-linux-gnu.so num_segments=6 addr=0x7f2faa4e2000', 'SEGMENT (nil) 95f8', 'SEGMENT 0xa000 3c825', 'SEGMENT 0x47000 a974', 'SEGMENT 0x52c80 cfe8', 'SEGMENT 0x60000 1af0', 'SEGMENT 0x62000 e10', 'SEGMENT_HEADER filename=/home/kaiyaok2/.local/lib/python3.10/site-packages/h5py/h5t.cpython-310-x86_64-linux-gnu.so num_segments=6 addr=0x7f2faa470000', 'SEGMENT (nil) acf0', 'SEGMENT 0xb000 4ba21', 'SEGMENT 0x57000 7d94', 'SEGMENT 0x60b38 c3f0', 'SEGMENT 0x6d000 2560', 'SEGMENT 0x70000 1208', 'SEGMENT_HEADER filename=/home/kaiyaok2/.local/lib/python3.10/site-packages/h5py/utils.cpython-310-x86_64-linux-gnu.so num_segments=6 addr=0x7f2fbb4e8000', 'SEGMENT (nil) 2b58', 'SEGMENT 0x3000 69a1', 'SEGMENT 0xa000 1918', 'SEGMENT 0xcd00 ee8', 'SEGMENT 0xe000 14e0', 'SEGMENT 0x10000 b20', 'SEGMENT_HEADER filename=/home/kaiyaok2/.local/lib/python3.10/site-packages/h5py/h5s.cpython-310-x86_64-linux-gnu.so num_segments=6 addr=0x7f2fa11e0000', 'SEGMENT (nil) 3c70', 'SEGMENT 0x4000 ffb9', 'SEGMENT 0x14000 2dc8', 'SEGMENT 0x18d28 3528', 'SEGMENT 0x1d000 1360', 'SEGMENT 0x1f000 a90', 'SEGMENT_HEADER filename=/home/kaiyaok2/.local/lib/python3.10/site-packages/h5py/h5ac.cpython-310-x86_64-linux-gnu.so num_segments=6 addr=0x7f2fa11cd000', 'SEGMENT (nil) 26b8', 'SEGMENT 0x3000 8a09', 'SEGMENT 0xc000 27c8', 'SEGMENT 0xfd38 1000', 'SEGMENT 0x11000 fa8', 'SEGMENT 0x12000 910', 'SEGMENT_HEADER filename=/home/kaiyaok2/.local/lib/python3.10/site-packages/h5py/_proxy.cpython-310-x86_64-linux-gnu.so num_segments=6 addr=0x7f2faa461000', 'SEGMENT (nil) 1fa8', 'SEGMENT 0x2000 5e25', 'SEGMENT 0x8000 127c', 'SEGMENT 0xad58 aa0', 'SEGMENT 0xc000 1058', 'SEGMENT 0xe000 938', 'SEGMENT_HEADER filename=/home/kaiyaok2/.local/lib/python3.10/site-packages/h5py/h5z.cpython-310-x86_64-linux-gnu.so num_segments=6 addr=0x7f2fa11bc000', 'SEGMENT (nil) 2a18', 'SEGMENT 0x3000 581d', 'SEGMENT 0x9000 165c', 'SEGMENT 0xbcf0 1750', 'SEGMENT 0xe000 7c0', 'SEGMENT 0xf000 1300', 'SEGMENT_HEADER filename=/home/kaiyaok2/.local/lib/python3.10/site-packages/h5py/h5a.cpython-310-x86_64-linux-gnu.so num_segments=6 addr=0x7f2f8d0da000', 'SEGMENT (nil) 4278', 'SEGMENT 0x5000 13df5', 'SEGMENT 0x19000 3e60', 'SEGMENT 0x1ed08 3738', 'SEGMENT 0x23000 1520', 'SEGMENT 0x25000 b70', 'SEGMENT_HEADER filename=/home/kaiyaok2/.local/lib/python3.10/site-packages/h5py/h5d.cpython-310-x86_64-linux-gnu.so num_segments=6 addr=0x7f2f8ccb4000', 'SEGMENT (nil) 6b48', 'SEGMENT 0x7000 3023d', 'SEGMENT 0x38000 8844', 'SEGMENT 0x41cb0 6c50', 'SEGMENT 0x49000 1d90', 'SEGMENT 0x4b000 ed8', 'SEGMENT_HEADER filename=/home/kaiyaok2/.local/lib/python3.10/site-packages/h5py/h5ds.cpython-310-x86_64-linux-gnu.so num_segments=6 addr=0x7f2fa11a3000', 'SEGMENT (nil) 33c0', 'SEGMENT 0x4000 b451', 'SEGMENT 0x10000 2478', 'SEGMENT 0x13d20 1f50', 'SEGMENT 0x16000 13a0', 'SEGMENT 0x18000 ac8', 'SEGMENT_HEADER filename=/home/kaiyaok2/.local/lib/python3.10/site-packages/h5py/h5f.cpython-310-x86_64-linux-gnu.so num_segments=6 addr=0x7f2f8d0b2000', 'SEGMENT (nil) 4b40', 'SEGMENT 0x5000 15f6d', 'SEGMENT 0x1b000 381c', 'SEGMENT 0x1fd18 4a80', 'SEGMENT 0x25000 15e0', 'SEGMENT 0x27000 bc0', 'SEGMENT_HEADER filename=/home/kaiyaok2/.local/lib/python3.10/site-packages/h5py/h5g.cpython-310-x86_64-linux-gnu.so num_segments=6 addr=0x7f2f8cc86000', 'SEGMENT (nil) 5290', 'SEGMENT 0x6000 1aae1', 'SEGMENT 0x21000 445c', 'SEGMENT 0x26cc8 4250', 'SEGMENT 0x2b000 18c8', 'SEGMENT 0x2d000 d18', 'SEGMENT_HEADER filename=/home/kaiyaok2/.local/lib/python3.10/site-packages/h5py/h5i.cpython-310-x86_64-linux-gnu.so num_segments=6 addr=0x7f2f8cc74000', 'SEGMENT (nil) 27e0', 'SEGMENT 0x3000 6be9', 'SEGMENT 0xa000 1364', 'SEGMENT 0xcd38 1720', 'SEGMENT 0xf000 1090', 'SEGMENT 0x11000 958', 'SEGMENT_HEADER filename=/home/kaiyaok2/.local/lib/python3.10/site-packages/h5py/h5fd.cpython-310-x86_64-linux-gnu.so num_segments=6 addr=0x7f2f8cc3e000', 'SEGMENT (nil) 5990', 'SEGMENT 0x6000 20859', 'SEGMENT 0x27000 5e74', 'SEGMENT 0x2ec90 36b8', 'SEGMENT 0x33000 1e48', 'SEGMENT 0x35000 f18', 'SEGMENT_HEADER filename=/home/kaiyaok2/.local/lib/python3.10/site-packages/h5py/h5pl.cpython-310-x86_64-linux-gnu.so num_segments=6 addr=0x7f2fbb4db000', 'SEGMENT (nil) 1d80', 'SEGMENT 0x2000 4591', 'SEGMENT 0x7000 10e8', 'SEGMENT 0x9d50 c80', 'SEGMENT 0xb000 e60', 'SEGMENT 0xc000 870', 'SEGMENT_HEADER filename=/home/kaiyaok2/.local/lib/python3.10/site-packages/h5py/h5o.cpython-310-x86_64-linux-gnu.so num_segments=6 addr=0x7f2f8cc1e000', 'SEGMENT (nil) 44f8', 'SEGMENT 0x5000 ea69', 'SEGMENT 0x14000 3808', 'SEGMENT 0x18d20 3bf0', 'SEGMENT 0x1d000 13f0', 'SEGMENT 0x1f000 ae8', 'SEGMENT_HEADER filename=/home/kaiyaok2/.local/lib/python3.10/site-packages/h5py/h5l.cpython-310-x86_64-linux-gnu.so num_segments=6 addr=0x7f2f8c8e1000', 'SEGMENT (nil) 3c68', 'SEGMENT 0x4000 f051', 'SEGMENT 0x14000 3388', 'SEGMENT 0x18d18 2d48', 'SEGMENT 0x1c000 1440', 'SEGMENT 0x1e000 b10', 'SEGMENT_HEADER filename=/home/kaiyaok2/.local/lib/python3.10/site-packages/h5py/_selector.cpython-310-x86_64-linux-gnu.so num_segments=6 addr=0x7f2f8c8b3000', 'SEGMENT (nil) 5508', 'SEGMENT 0x6000 1aa65', 'SEGMENT 0x21000 4c44', 'SEGMENT 0x26c80 35a8', 'SEGMENT 0x2b000 1e10', 'SEGMENT 0x2d000 f28', 'SEGMENT_HEADER filename=/home/kaiyaok2/.local/lib/python3.10/site-packages/thinc/backends/numpy_ops.cpython-310-x86_64-linux-gnu.so num_segments=4 addr=0x7f2f28ecb000', 'SEGMENT (nil) 14318', 'SEGMENT 0x15000 a7245', 'SEGMENT 0xbd000 11805', 'SEGMENT 0xcfc00 9c98', 'SEGMENT_HEADER filename=/home/kaiyaok2/.local/lib/python3.10/site-packages/thinc/backends/cblas.cpython-310-x86_64-linux-gnu.so num_segments=4 addr=0x7f2f8c889000', 'SEGMENT (nil) 5c68', 'SEGMENT 0x6000 1a915', 'SEGMENT 0x21000 4ad0', 'SEGMENT 0x26c10 2e28', 'SEGMENT_HEADER filename=/home/kaiyaok2/.local/lib/python3.10/site-packages/blis/cy.cpython-310-x86_64-linux-gnu.so num_segments=4 addr=0x7f2f28051000', 'SEGMENT (nil) 808d0', 'SEGMENT 0x81000 d35f41', 'SEGMENT 0xdb7000 a6040', 'SEGMENT 0xe5ee70 1a350', 'SEGMENT_HEADER filename=/home/kaiyaok2/.local/lib/python3.10/site-packages/cymem/cymem.cpython-310-x86_64-linux-gnu.so num_segments=4 addr=0x7f2f8c86f000', 'SEGMENT (nil) 3680', 'SEGMENT 0x4000 e129', 'SEGMENT 0x13000 36f4', 'SEGMENT 0x17d08 1bb8', 'SEGMENT_HEADER filename=/home/kaiyaok2/.local/lib/python3.10/site-packages/preshed/maps.cpython-310-x86_64-linux-gnu.so num_segments=4 addr=0x7f2f8c852000', 'SEGMENT (nil) 3980', 'SEGMENT 0x4000 10e29', 'SEGMENT 0x15000 4008', 'SEGMENT 0x1acd8 2240', 'SEGMENT_HEADER filename=/home/kaiyaok2/.local/lib/python3.10/site-packages/thinc/backends/linalg.cpython-310-x86_64-linux-gnu.so num_segments=4 addr=0x7f2f8d0a8000', 'SEGMENT (nil) 1bd0', 'SEGMENT 0x2000 3349', 'SEGMENT 0x6000 de0', 'SEGMENT 0x8d70 1080', 'SEGMENT_HEADER filename=/home/kaiyaok2/.local/lib/python3.10/site-packages/blis/py.cpython-310-x86_64-linux-gnu.so num_segments=4 addr=0x7f2f271b9000', 'SEGMENT (nil) 81a88', 'SEGMENT 0x82000 d50d01', 'SEGMENT 0xdd3000 a7a68', 'SEGMENT 0xe7be70 1b230', 'SEGMENT_HEADER filename=/home/kaiyaok2/.local/lib/python3.10/site-packages/murmurhash/mrmr.cpython-310-x86_64-linux-gnu.so num_segments=4 addr=0x7f2f8cc0f000', 'SEGMENT (nil) 2778', 'SEGMENT 0x3000 78d1', 'SEGMENT 0xb000 1970', 'SEGMENT 0xdd40 d58', 'SEGMENT_HEADER filename=/home/kaiyaok2/.local/lib/python3.10/site-packages/thinc/layers/premap_ids.cpython-310-x86_64-linux-gnu.so num_segments=4 addr=0x7f2f4c4a0000', 'SEGMENT (nil) 5ea8', 'SEGMENT 0x6000 243b9', 'SEGMENT 0x2b000 63f0', 'SEGMENT 0x32cb8 3f18', 'SEGMENT_HEADER filename=/home/kaiyaok2/.local/lib/python3.10/site-packages/thinc/layers/sparselinear.cpython-310-x86_64-linux-gnu.so num_segments=4 addr=0x7f2f4c461000', 'SEGMENT (nil) 6700', 'SEGMENT 0x7000 2accd', 'SEGMENT 0x32000 6c58', 'SEGMENT 0x39cb0 48e0', 'SEGMENT_HEADER filename=/home/kaiyaok2/.local/lib/python3.10/site-packages/memray/_memray.cpython-310-x86_64-linux-gnu.so num_segments=5 addr=0x7f2f26c00000', 'SEGMENT (nil) cfa96', 'SEGMENT 0x2cfd48 ea70', 'SEGMENT 0x2df000 7f88', 'SEGMENT 0x2e7000 74c0', 'SEGMENT 0x2ef000 7738', 'SEGMENT_HEADER filename=/home/kaiyaok2/.local/lib/python3.10/site-packages/memray/../memray.libs/liblz4-c29043df.so.1.7.1 num_segments=3 addr=0x7f2f26800000', 'SEGMENT (nil) aab4', 'SEGMENT 0x20aab8 3e8', 'SEGMENT 0x20b000 c60', 'SEGMENT_HEADER filename=/home/kaiyaok2/.local/lib/python3.10/site-packages/memray/../memray.libs/libunwind-92483c07.so.8.0.1 num_segments=3 addr=0x7f2f26400000', 'SEGMENT (nil) 98a8', 'SEGMENT 0x2098a8 f140', 'SEGMENT 0x219000 5b0', 'SEGMENT_HEADER filename=/usr/lib/python3.10/lib-dynload/mmap.cpython-310-x86_64-linux-gnu.so num_segments=4 addr=0x7f2f8c849000', 'SEGMENT (nil) 1bc0', 'SEGMENT 0x2000 2ae5', 'SEGMENT 0x5000 15f8', 'SEGMENT 0x7dc8 960', 'SEGMENT_HEADER filename=/home/kaiyaok2/.local/lib/python3.10/site-packages/memray/_test_utils.cpython-310-x86_64-linux-gnu.so num_segments=2 addr=0x7f2f26000000', 'SEGMENT (nil) 25f50', 'SEGMENT 0x226cb0 2b30', 'NATIVE_TRACE_INDEX ip=(nil) index=0', 'NATIVE_TRACE_INDEX ip=0x562ae849bf25 index=1', 'NATIVE_TRACE_INDEX ip=0x7f3002b1fe40 index=2', 'NATIVE_TRACE_INDEX ip=0x7f3002b1fd90 index=3', 'NATIVE_TRACE_INDEX ip=0x562ae849c02d index=4', 'NATIVE_TRACE_INDEX ip=0x562ae84c58c8 index=5', 'NATIVE_TRACE_INDEX ip=0x562ae84c6c2d index=6', 'NATIVE_TRACE_INDEX ip=0x562ae83ce9fc index=7', 'NATIVE_TRACE_INDEX ip=0x562ae83b726d index=8', 'NATIVE_TRACE_INDEX ip=0x562ae83ce9fc index=9', 'NATIVE_TRACE_INDEX ip=0x562ae83b726d index=10', 'NATIVE_TRACE_INDEX ip=0x562ae83cec59 index=11', 'NATIVE_TRACE_INDEX ip=0x562ae84aee2d index=12', 'NATIVE_TRACE_INDEX ip=0x562ae84a9256 index=13', 'NATIVE_TRACE_INDEX ip=0x562ae83b39c6 index=14', 'NATIVE_TRACE_INDEX ip=0x562ae83bccfa index=15', 'NATIVE_TRACE_INDEX ip=0x562ae83ce9fc index=16', 'NATIVE_TRACE_INDEX ip=0x562ae83b726d index=17', 'NATIVE_TRACE_INDEX ip=0x562ae83ce9fc index=18', 'NATIVE_TRACE_INDEX ip=0x562ae83be150 index=19', 'NATIVE_TRACE_INDEX ip=0x562ae83c4a7b index=20', 'NATIVE_TRACE_INDEX ip=0x562ae84f4700 index=21', 'NATIVE_TRACE_INDEX ip=0x562ae83d986c index=22', 'NATIVE_TRACE_INDEX ip=0x562ae83c3cbd index=23', 'NATIVE_TRACE_INDEX ip=0x562ae83ce9fc index=24', 'NATIVE_TRACE_INDEX ip=0x562ae83bccfa index=25', 'NATIVE_TRACE_INDEX ip=0x562ae83dc7f1 index=26', 'NATIVE_TRACE_INDEX ip=0x562ae83bccfa index=27', 'NATIVE_TRACE_INDEX ip=0x562ae83ce9fc index=28', 'NATIVE_TRACE_INDEX ip=0x562ae83b95d7 index=29', 'NATIVE_TRACE_INDEX ip=0x562ae83ce9fc index=30', 'NATIVE_TRACE_INDEX ip=0x562ae83b726d index=31', 'NATIVE_TRACE_INDEX ip=0x562ae83ce9fc index=32', 'NATIVE_TRACE_INDEX ip=0x562ae83b726d index=33', 'NATIVE_TRACE_INDEX ip=0x562ae83ce9fc index=34', 'NATIVE_TRACE_INDEX ip=0x562ae83be150 index=35', 'NATIVE_TRACE_INDEX ip=0x562ae83c4a7b index=36', 'NATIVE_TRACE_INDEX ip=0x562ae84f4700 index=37', 'NATIVE_TRACE_INDEX ip=0x562ae83d986c index=38', 'NATIVE_TRACE_INDEX ip=0x562ae83c3cbd index=39', 'NATIVE_TRACE_INDEX ip=0x562ae83ce9fc index=40', 'NATIVE_TRACE_INDEX ip=0x562ae83bccfa index=41', 'NATIVE_TRACE_INDEX ip=0x562ae83dc7f1 index=42', 'NATIVE_TRACE_INDEX ip=0x562ae83bccfa index=43', 'NATIVE_TRACE_INDEX ip=0x562ae83ce9fc index=44', 'NATIVE_TRACE_INDEX ip=0x562ae83b95d7 index=45', 'NATIVE_TRACE_INDEX ip=0x562ae83ce9fc index=46', 'NATIVE_TRACE_INDEX ip=0x562ae83be150 index=47', 'NATIVE_TRACE_INDEX ip=0x562ae83c4a7b index=48', 'NATIVE_TRACE_INDEX ip=0x562ae84f4700 index=49', 'NATIVE_TRACE_INDEX ip=0x562ae83d986c index=50', 'NATIVE_TRACE_INDEX ip=0x562ae83c3cbd index=51', 'NATIVE_TRACE_INDEX ip=0x562ae83ce9fc index=52', 'NATIVE_TRACE_INDEX ip=0x562ae83bccfa index=53', 'NATIVE_TRACE_INDEX ip=0x562ae83dc7f1 index=54', 'NATIVE_TRACE_INDEX ip=0x562ae83bccfa index=55', 'NATIVE_TRACE_INDEX ip=0x562ae83ce9fc index=56', 'NATIVE_TRACE_INDEX ip=0x562ae83b95d7 index=57', 'NATIVE_TRACE_INDEX ip=0x562ae83ce9fc index=58', 'NATIVE_TRACE_INDEX ip=0x562ae83b853c index=59', 'NATIVE_TRACE_INDEX ip=0x562ae83ce9fc index=60', 'NATIVE_TRACE_INDEX ip=0x562ae83b726d index=61', 'NATIVE_TRACE_INDEX ip=0x562ae83ce9fc index=62', 'NATIVE_TRACE_INDEX ip=0x562ae83b95d7 index=63', 'NATIVE_TRACE_INDEX ip=0x562ae83ce9fc index=64', 'NATIVE_TRACE_INDEX ip=0x562ae83b853c index=65', 'NATIVE_TRACE_INDEX ip=0x562ae83dc7f1 index=66', 'NATIVE_TRACE_INDEX ip=0x562ae83b726d index=67', 'NATIVE_TRACE_INDEX ip=0x562ae83ce9fc index=68', 'NATIVE_TRACE_INDEX ip=0x562ae83b95d7 index=69', 'NATIVE_TRACE_INDEX ip=0x562ae83dd42b index=70', 'NATIVE_TRACE_INDEX ip=0x562ae84f4700 index=71', 'NATIVE_TRACE_INDEX ip=0x562ae83d986c index=72', 'NATIVE_TRACE_INDEX ip=0x562ae83c3cbd index=73', 'NATIVE_TRACE_INDEX ip=0x562ae83ce9fc index=74', 'NATIVE_TRACE_INDEX ip=0x562ae83bccfa index=75', 'NATIVE_TRACE_INDEX ip=0x562ae83dc7f1 index=76', 'NATIVE_TRACE_INDEX ip=0x562ae83bccfa index=77', 'NATIVE_TRACE_INDEX ip=0x562ae83ce9fc index=78', 'NATIVE_TRACE_INDEX ip=0x562ae83b95d7 index=79', 'NATIVE_TRACE_INDEX ip=0x562ae83ce9fc index=80', 'NATIVE_TRACE_INDEX ip=0x562ae83b745c index=81', 'NATIVE_TRACE_INDEX ip=0x562ae83ce9fc index=82', 'NATIVE_TRACE_INDEX ip=0x562ae83be150 index=83', 'NATIVE_TRACE_INDEX ip=0x562ae83c4a7b index=84', 'NATIVE_TRACE_INDEX ip=0x562ae84f4700 index=85', 'NATIVE_TRACE_INDEX ip=0x562ae83d986c index=86', 'NATIVE_TRACE_INDEX ip=0x562ae83c3cbd index=87', 'NATIVE_TRACE_INDEX ip=0x562ae83ce9fc index=88', 'NATIVE_TRACE_INDEX ip=0x562ae83bccfa index=89', 'NATIVE_TRACE_INDEX ip=0x562ae83dc7f1 index=90', 'NATIVE_TRACE_INDEX ip=0x562ae83bccfa index=91', 'NATIVE_TRACE_INDEX ip=0x562ae83ce9fc index=92', 'NATIVE_TRACE_INDEX ip=0x562ae83b95d7 index=93', 'NATIVE_TRACE_INDEX ip=0x562ae83ce9fc index=94', 'NATIVE_TRACE_INDEX ip=0x562ae83b95d7 index=95', 'NATIVE_TRACE_INDEX ip=0x562ae83dd492 index=96', 'NATIVE_TRACE_INDEX ip=0x562ae83dc7f1 index=97', 'NATIVE_TRACE_INDEX ip=0x562ae83be019 index=98', 'NATIVE_TRACE_INDEX ip=0x562ae84771c2 index=99', 'NATIVE_TRACE_INDEX ip=0x562ae83ce9fc index=100', 'NATIVE_TRACE_INDEX ip=0x562ae83be019 index=101', 'NATIVE_TRACE_INDEX ip=0x562ae84771c2 index=102', 'NATIVE_TRACE_INDEX ip=0x7f2f26017b6b index=103', 'PYTHON_FRAME_INDEX frame_id=22 function_name=valloc filename=/home/kaiyaok2/.local/lib/python3.10/site-packages/memray/_test.py lineno=44 is_entry_frame=1', 'PYTHON_FRAME_INDEX frame_id=21 function_name=test_successful_parse_of_aggregated_capture_file filename=/home/kaiyaok2/PythonProjects/memray/tests/integration/test_main.py lineno=556 is_entry_frame=1', 'PYTHON_FRAME_INDEX frame_id=20 function_name=pytest_pyfunc_call filename=/home/kaiyaok2/.local/lib/python3.10/site-packages/_pytest/python.py lineno=194 is_entry_frame=1', 'PYTHON_FRAME_INDEX frame_id=19 function_name=runtest filename=/home/kaiyaok2/.local/lib/python3.10/site-packages/_pytest/python.py lineno=1788 is_entry_frame=1', 'PYTHON_FRAME_INDEX frame_id=18 function_name=pytest_runtest_call filename=/home/kaiyaok2/.local/lib/python3.10/site-packages/_pytest/runner.py lineno=169 is_entry_frame=1', 'PYTHON_FRAME_INDEX frame_id=17 function_name=<lambda> filename=/home/kaiyaok2/.local/lib/python3.10/site-packages/_pytest/runner.py lineno=262 is_entry_frame=1', 'PYTHON_FRAME_INDEX frame_id=16 function_name=from_call filename=/home/kaiyaok2/.local/lib/python3.10/site-packages/_pytest/runner.py lineno=341 is_entry_frame=1', 'PYTHON_FRAME_INDEX frame_id=15 function_name=call_runtest_hook filename=/home/kaiyaok2/.local/lib/python3.10/site-packages/_pytest/runner.py lineno=261 is_entry_frame=1', 'PYTHON_FRAME_INDEX frame_id=14 function_name=call_and_report filename=/home/kaiyaok2/.local/lib/python3.10/site-packages/_pytest/runner.py lineno=222 is_entry_frame=1', 'PYTHON_FRAME_INDEX frame_id=13 function_name=runtestprotocol filename=/home/kaiyaok2/.local/lib/python3.10/site-packages/_pytest/runner.py lineno=133 is_entry_frame=1', 'PYTHON_FRAME_INDEX frame_id=0 function_name=_run_module_as_main filename=/usr/lib/python3.10/runpy.py lineno=196 is_entry_frame=1', 'PYTHON_FRAME_INDEX frame_id=1 function_name=_run_code filename=/usr/lib/python3.10/runpy.py lineno=86 is_entry_frame=1', 'PYTHON_FRAME_INDEX frame_id=2 function_name=<module> filename=/home/kaiyaok2/.local/lib/python3.10/site-packages/pytest/__main__.py lineno=5 is_entry_frame=1', 'PYTHON_FRAME_INDEX frame_id=3 function_name=console_main filename=/home/kaiyaok2/.local/lib/python3.10/site-packages/_pytest/config/__init__.py lineno=189 is_entry_frame=1', 'PYTHON_FRAME_INDEX frame_id=4 function_name=main filename=/home/kaiyaok2/.local/lib/python3.10/site-packages/_pytest/config/__init__.py lineno=166 is_entry_frame=1', 'PYTHON_FRAME_INDEX frame_id=5 function_name=__call__ filename=/home/kaiyaok2/.local/lib/python3.10/site-packages/pluggy/_hooks.py lineno=493 is_entry_frame=1', 'PYTHON_FRAME_INDEX frame_id=6 function_name=_hookexec filename=/home/kaiyaok2/.local/lib/python3.10/site-packages/pluggy/_manager.py lineno=115 is_entry_frame=1', 'PYTHON_FRAME_INDEX frame_id=7 function_name=_multicall filename=/home/kaiyaok2/.local/lib/python3.10/site-packages/pluggy/_callers.py lineno=77 is_entry_frame=1', 'PYTHON_FRAME_INDEX frame_id=8 function_name=pytest_cmdline_main filename=/home/kaiyaok2/.local/lib/python3.10/site-packages/_pytest/main.py lineno=317 is_entry_frame=1', 'PYTHON_FRAME_INDEX frame_id=9 function_name=wrap_session filename=/home/kaiyaok2/.local/lib/python3.10/site-packages/_pytest/main.py lineno=270 is_entry_frame=1', 'PYTHON_FRAME_INDEX frame_id=10 function_name=_main filename=/home/kaiyaok2/.local/lib/python3.10/site-packages/_pytest/main.py lineno=324 is_entry_frame=1', 'PYTHON_FRAME_INDEX frame_id=11 function_name=pytest_runtestloop filename=/home/kaiyaok2/.local/lib/python3.10/site-packages/_pytest/main.py lineno=349 is_entry_frame=1', 'PYTHON_FRAME_INDEX frame_id=12 function_name=pytest_runtest_protocol filename=/home/kaiyaok2/.local/lib/python3.10/site-packages/_pytest/runner.py lineno=114 is_entry_frame=1', 'PYTHON_TRACE_INDEX frame_id=0 parent_index=0', 'PYTHON_TRACE_INDEX frame_id=1 parent_index=1', 'PYTHON_TRACE_INDEX frame_id=2 parent_index=2', 'PYTHON_TRACE_INDEX frame_id=3 parent_index=3', 'PYTHON_TRACE_INDEX frame_id=4 parent_index=4', 'PYTHON_TRACE_INDEX frame_id=5 parent_index=5', 'PYTHON_TRACE_INDEX frame_id=6 parent_index=6', 'PYTHON_TRACE_INDEX frame_id=7 parent_index=7', 'PYTHON_TRACE_INDEX frame_id=8 parent_index=8', 'PYTHON_TRACE_INDEX frame_id=9 parent_index=9', 'PYTHON_TRACE_INDEX frame_id=10 parent_index=10', 'PYTHON_TRACE_INDEX frame_id=5 parent_index=11', 'PYTHON_TRACE_INDEX frame_id=6 parent_index=12', 'PYTHON_TRACE_INDEX frame_id=7 parent_index=13', 'PYTHON_TRACE_INDEX frame_id=11 parent_index=14', 'PYTHON_TRACE_INDEX frame_id=5 parent_index=15', 'PYTHON_TRACE_INDEX frame_id=6 parent_index=16', 'PYTHON_TRACE_INDEX frame_id=7 parent_index=17', 'PYTHON_TRACE_INDEX frame_id=12 parent_index=18', 'PYTHON_TRACE_INDEX frame_id=13 parent_index=19', 'PYTHON_TRACE_INDEX frame_id=14 parent_index=20', 'PYTHON_TRACE_INDEX frame_id=15 parent_index=21', 'PYTHON_TRACE_INDEX frame_id=16 parent_index=22', 'PYTHON_TRACE_INDEX frame_id=17 parent_index=23', 'PYTHON_TRACE_INDEX frame_id=5 parent_index=24', 'PYTHON_TRACE_INDEX frame_id=6 parent_index=25', 'PYTHON_TRACE_INDEX frame_id=7 parent_index=26', 'PYTHON_TRACE_INDEX frame_id=18 parent_index=27', 'PYTHON_TRACE_INDEX frame_id=19 parent_index=28', 'PYTHON_TRACE_INDEX frame_id=5 parent_index=29', 'PYTHON_TRACE_INDEX frame_id=6 parent_index=30', 'PYTHON_TRACE_INDEX frame_id=7 parent_index=31', 'PYTHON_TRACE_INDEX frame_id=20 parent_index=32', 'PYTHON_TRACE_INDEX frame_id=21 parent_index=33', 'PYTHON_TRACE_INDEX frame_id=22 parent_index=34', 'AGGREGATED_ALLOCATION tid=1 allocator=valloc native_frame_id=104 python_frame_id=35 native_segment_generation=1 n_allocations_in_high_water_mark=1 n_allocations_leaked=0 bytes_in_high_water_mark=1024 bytes_leaked=0', 'AGGREGATED_TRAILER']
.
current test PASSED/SKIPPED -- test_successful_parse_of_aggregated_capture_file in /home/kaiyaok2/PythonProjects/memray/tests/integration/test_main.py: 225.34754848480225s cumulative, 1.365251064300537s individual


integration/test_extensions.py .
current test PASSED/SKIPPED -- test_valloc_at_thread_exit in /home/kaiyaok2/PythonProjects/memray/tests/integration/test_extensions.py: 227.5501561164856s cumulative, 2.2026076316833496s individual


integration/test_tracing.py .
current test PASSED/SKIPPED -- test_cython_traceback in /home/kaiyaok2/PythonProjects/memray/tests/integration/test_tracing.py: 228.0121304988861s cumulative, 0.4619743824005127s individual


unit/test_tree_reporter.py .
current test PASSED/SKIPPED -- test_biggest_allocations in /home/kaiyaok2/PythonProjects/memray/tests/unit/test_tree_reporter.py: 229.66177821159363s cumulative, 1.6496477127075195s individual


integration/test_tracing.py .
current test PASSED/SKIPPED -- test_thread_surviving_multiple_trackers in /home/kaiyaok2/PythonProjects/memray/tests/integration/test_tracing.py: 230.59183597564697s cumulative, 0.9300577640533447s individual


unit/test_templates.py .
current test PASSED/SKIPPED -- test_title_for_regular_report in /home/kaiyaok2/PythonProjects/memray/tests/unit/test_templates.py: 230.5946388244629s cumulative, 0.0028028488159179688s individual

.
current test PASSED/SKIPPED -- test_title_for_regular_report in /home/kaiyaok2/PythonProjects/memray/tests/unit/test_templates.py: 230.59703707695007s cumulative, 0.002398252487182617s individual

.
current test PASSED/SKIPPED -- test_title_for_regular_report in /home/kaiyaok2/PythonProjects/memray/tests/unit/test_templates.py: 230.59951162338257s cumulative, 0.002474546432495117s individual

.
current test PASSED/SKIPPED -- test_title_for_regular_report in /home/kaiyaok2/PythonProjects/memray/tests/unit/test_templates.py: 230.60192966461182s cumulative, 0.002418041229248047s individual

.
current test PASSED/SKIPPED -- test_title_for_regular_report in /home/kaiyaok2/PythonProjects/memray/tests/unit/test_templates.py: 230.60429167747498s cumulative, 0.0023620128631591797s individual

.
current test PASSED/SKIPPED -- test_title_for_regular_report in /home/kaiyaok2/PythonProjects/memray/tests/unit/test_templates.py: 230.60665726661682s cumulative, 0.002365589141845703s individual


unit/test_table_reporter.py .
current test PASSED/SKIPPED -- test_single_native_allocation in /home/kaiyaok2/PythonProjects/memray/tests/unit/test_table_reporter.py: 230.6086723804474s cumulative, 0.0020151138305664062s individual

.
current test PASSED/SKIPPED -- test_empty_report in /home/kaiyaok2/PythonProjects/memray/tests/unit/test_table_reporter.py: 230.61056470870972s cumulative, 0.0018923282623291016s individual

.
current test PASSED/SKIPPED -- test_multiple_allocations in /home/kaiyaok2/PythonProjects/memray/tests/unit/test_table_reporter.py: 230.6125078201294s cumulative, 0.0019431114196777344s individual

.
current test PASSED/SKIPPED -- test_empty_stack_trace in /home/kaiyaok2/PythonProjects/memray/tests/unit/test_table_reporter.py: 230.61473488807678s cumulative, 0.0022270679473876953s individual

.
current test PASSED/SKIPPED -- test_single_allocation in /home/kaiyaok2/PythonProjects/memray/tests/unit/test_table_reporter.py: 230.61703491210938s cumulative, 0.0023000240325927734s individual


integration/test_main.py .
current test PASSED/SKIPPED -- test_run_file_exists in /home/kaiyaok2/PythonProjects/memray/tests/integration/test_main.py: 230.6433653831482s cumulative, 0.02633047103881836s individual

.
current test PASSED/SKIPPED -- test_run_output_file_directory_does_not_exist in /home/kaiyaok2/PythonProjects/memray/tests/integration/test_main.py: 230.66023969650269s cumulative, 0.016874313354492188s individual


unit/test_tree_reporter.py .
current test PASSED/SKIPPED -- test_only_biggest_chain_is_expanded in /home/kaiyaok2/PythonProjects/memray/tests/unit/test_tree_reporter.py: 230.87703585624695s cumulative, 0.2167961597442627s individual


integration/test_native_tracking.py .
current test PASSED/SKIPPED -- test_simple_call_chain_with_native_tracking in /home/kaiyaok2/PythonProjects/memray/tests/integration/test_native_tracking.py: 232.5998637676239s cumulative, 1.7228279113769531s individual


integration/test_tracing.py .
current test PASSED/SKIPPED -- test_traceback_can_be_retrieved_twice in /home/kaiyaok2/PythonProjects/memray/tests/integration/test_tracing.py: 233.12869000434875s cumulative, 0.5288262367248535s individual

.
current test PASSED/SKIPPED -- test_allocation_in_thread_started_before_tracking_starts in /home/kaiyaok2/PythonProjects/memray/tests/integration/test_tracing.py: 233.69671320915222s cumulative, 0.5680232048034668s individual


unit/test_tree_reporter.py .
current test PASSED/SKIPPED -- test_hide_import_system in /home/kaiyaok2/PythonProjects/memray/tests/unit/test_tree_reporter.py: 233.98407435417175s cumulative, 0.28736114501953125s individual


unit/test_flamegraph_reporter.py .
current test PASSED/SKIPPED -- test_sanity_check_with_real_allocations in /home/kaiyaok2/PythonProjects/memray/tests/unit/test_flamegraph_reporter.py: 234.73399877548218s cumulative, 0.7499244213104248s individual


integration/test_threads.py .
current test PASSED/SKIPPED -- test_thread_name in /home/kaiyaok2/PythonProjects/memray/tests/integration/test_threads.py: 235.64287066459656s cumulative, 0.9088718891143799s individual


integration/test_main.py E
current test FAILED -- test_live_client_exits_properly_on_sigint_before_connecting in /home/kaiyaok2/PythonProjects/memray/tests/integration/test_main.py: 235.6466121673584s cumulative, 0.0037415027618408203s individual

.
current test PASSED/SKIPPED -- test_live_tracking_waits_for_client in /home/kaiyaok2/PythonProjects/memray/tests/integration/test_main.py: 236.61843752861023s cumulative, 0.971825361251831s individual

.
current test PASSED/SKIPPED -- test_report_detects_corrupt_input in /home/kaiyaok2/PythonProjects/memray/tests/integration/test_main.py: 237.4815514087677s cumulative, 0.8631138801574707s individual

.
current test PASSED/SKIPPED -- test_summary_generated in /home/kaiyaok2/PythonProjects/memray/tests/integration/test_main.py: 239.410400390625s cumulative, 1.9288489818572998s individual

.
current test PASSED/SKIPPED -- test_report_generated in /home/kaiyaok2/PythonProjects/memray/tests/integration/test_main.py: 241.668044090271s cumulative, 2.257643699645996s individual


unit/test_tui_reporter.py .
current test PASSED/SKIPPED -- test_header_with_no_snapshots in /home/kaiyaok2/PythonProjects/memray/tests/unit/test_tui_reporter.py: 242.24201488494873s cumulative, 0.5739707946777344s individual

.
current test PASSED/SKIPPED -- test_tui_basic in /home/kaiyaok2/PythonProjects/memray/tests/unit/test_tui_reporter.py: 243.0186948776245s cumulative, 0.7766799926757812s individual


integration/test_main.py .
current test PASSED/SKIPPED -- test_report_leaks_argument in /home/kaiyaok2/PythonProjects/memray/tests/integration/test_main.py: 245.50813245773315s cumulative, 2.4894375801086426s individual

.
current test PASSED/SKIPPED -- test_live_tracking_server_exits_properly_on_sigint in /home/kaiyaok2/PythonProjects/memray/tests/integration/test_main.py: 247.98116755485535s cumulative, 2.4730350971221924s individual


unit/test_highwatermark_command.py ⚠  No debug information was found for the Python interpreter  ⚠

Without debug information reports showing native traces may not include file 
names and line numbers. Please use an interpreter built with debug symbols for 
best results. Check https://bloomberg.github.io/memray/native_mode.html for more
information regarding how memray resolves symbols.

.
current test PASSED/SKIPPED -- test_tracker_and_reporter_interactions_for_peak in /home/kaiyaok2/PythonProjects/memray/tests/unit/test_highwatermark_command.py: 249.57821774482727s cumulative, 1.5970501899719238s individual


unit/test_tui_reporter.py .
current test PASSED/SKIPPED -- test_tui_gradient in /home/kaiyaok2/PythonProjects/memray/tests/unit/test_tui_reporter.py: 250.45966625213623s cumulative, 0.88144850730896s individual


integration/test_api.py .
current test PASSED/SKIPPED -- test_file_destination in /home/kaiyaok2/PythonProjects/memray/tests/integration/test_api.py: 251.02365803718567s cumulative, 0.5639917850494385s individual

.
current test PASSED/SKIPPED -- test_file_destination_str_path in /home/kaiyaok2/PythonProjects/memray/tests/integration/test_api.py: 251.68973469734192s cumulative, 0.66607666015625s individual


integration/test_tracking.py .
current test PASSED/SKIPPED -- test_temporary_allocations_outside_buffer_are_not_detected in /home/kaiyaok2/PythonProjects/memray/tests/integration/test_tracking.py: 252.2899203300476s cumulative, 0.6001856327056885s individual


unit/test_tui_reporter.py .
current test PASSED/SKIPPED -- test_tui_basic in /home/kaiyaok2/PythonProjects/memray/tests/unit/test_tui_reporter.py: 255.22648453712463s cumulative, 2.9365642070770264s individual


test_utils.py .
current test PASSED/SKIPPED -- test_equality in /home/kaiyaok2/PythonProjects/memray/tests/test_utils.py: 255.2311270236969s cumulative, 0.004642486572265625s individual

.
current test PASSED/SKIPPED -- test_looks_like_AllocationRecord in /home/kaiyaok2/PythonProjects/memray/tests/test_utils.py: 255.23482275009155s cumulative, 0.0036957263946533203s individual

.
current test PASSED/SKIPPED -- test_holds_values_at_correct_names in /home/kaiyaok2/PythonProjects/memray/tests/test_utils.py: 255.23910903930664s cumulative, 0.004286289215087891s individual

.
current test PASSED/SKIPPED -- test_filters_for_valloc_and_free in /home/kaiyaok2/PythonProjects/memray/tests/test_utils.py: 255.24316263198853s cumulative, 0.004053592681884766s individual

.
current test PASSED/SKIPPED -- test_filters_based_on_addresses in /home/kaiyaok2/PythonProjects/memray/tests/test_utils.py: 255.24702334403992s cumulative, 0.0038607120513916016s individual

.
current test PASSED/SKIPPED -- test_free_records_with_unmatched_addresses_do_not_appear in /home/kaiyaok2/PythonProjects/memray/tests/test_utils.py: 255.25262308120728s cumulative, 0.0055997371673583984s individual

.
current test PASSED/SKIPPED -- test_free_records_with_valid_addresses_that_dont_match_do_not_appear in /home/kaiyaok2/PythonProjects/memray/tests/test_utils.py: 255.25605130195618s cumulative, 0.003428220748901367s individual


unit/test_tui_reporter.py .
current test PASSED/SKIPPED -- test_tui_pause in /home/kaiyaok2/PythonProjects/memray/tests/unit/test_tui_reporter.py: 257.3178336620331s cumulative, 2.0617823600769043s individual

.
current test PASSED/SKIPPED -- test_switching_threads in /home/kaiyaok2/PythonProjects/memray/tests/unit/test_tui_reporter.py: 259.03472566604614s cumulative, 1.7168920040130615s individual


integration/test_greenlet.py .
current test PASSED/SKIPPED -- test_importing_greenlet_after_tracking_starts in /home/kaiyaok2/PythonProjects/memray/tests/integration/test_greenlet.py: 259.72501397132874s cumulative, 0.6902883052825928s individual


integration/test_native_tracking.py .
current test PASSED/SKIPPED -- test_inlined_call_chain_with_native_tracking in /home/kaiyaok2/PythonProjects/memray/tests/integration/test_native_tracking.py: 262.08428597450256s cumulative, 2.359272003173828s individual


unit/test_transform_reporter.py .
current test PASSED/SKIPPED -- test_single_native_allocation in /home/kaiyaok2/PythonProjects/memray/tests/unit/test_transform_reporter.py: 262.0892517566681s cumulative, 0.004965782165527344s individual

.
current test PASSED/SKIPPED -- test_single_allocation in /home/kaiyaok2/PythonProjects/memray/tests/unit/test_transform_reporter.py: 262.096218585968s cumulative, 0.006966829299926758s individual

.
current test PASSED/SKIPPED -- test_empty_stack_trace in /home/kaiyaok2/PythonProjects/memray/tests/unit/test_transform_reporter.py: 262.09834599494934s cumulative, 0.002127408981323242s individual

.
current test PASSED/SKIPPED -- test_multiple_allocations in /home/kaiyaok2/PythonProjects/memray/tests/unit/test_transform_reporter.py: 262.1006565093994s cumulative, 0.002310514450073242s individual

.
current test PASSED/SKIPPED -- test_empty_report in /home/kaiyaok2/PythonProjects/memray/tests/unit/test_transform_reporter.py: 262.10271549224854s cumulative, 0.0020589828491210938s individual

.
current test PASSED/SKIPPED -- test_empty_report in /home/kaiyaok2/PythonProjects/memray/tests/unit/test_transform_reporter.py: 262.1048517227173s cumulative, 0.00213623046875s individual

.
current test PASSED/SKIPPED -- test_multiple_allocations in /home/kaiyaok2/PythonProjects/memray/tests/unit/test_transform_reporter.py: 262.1075863838196s cumulative, 0.002734661102294922s individual

.
current test PASSED/SKIPPED -- test_single_native_allocation in /home/kaiyaok2/PythonProjects/memray/tests/unit/test_transform_reporter.py: 262.11172699928284s cumulative, 0.004140615463256836s individual

.
current test PASSED/SKIPPED -- test_single_allocation in /home/kaiyaok2/PythonProjects/memray/tests/unit/test_transform_reporter.py: 262.1141571998596s cumulative, 0.0024302005767822266s individual

.
current test PASSED/SKIPPED -- test_multiple_stack_frames in /home/kaiyaok2/PythonProjects/memray/tests/unit/test_transform_reporter.py: 262.1166009902954s cumulative, 0.0024437904357910156s individual

.
current test PASSED/SKIPPED -- test_empty_stack_trace in /home/kaiyaok2/PythonProjects/memray/tests/unit/test_transform_reporter.py: 262.1197066307068s cumulative, 0.003105640411376953s individual


integration/test_tracking.py .
current test PASSED/SKIPPED -- test_header_allocator in /home/kaiyaok2/PythonProjects/memray/tests/integration/test_tracking.py: 262.80937600135803s cumulative, 0.6896693706512451s individual

.
current test PASSED/SKIPPED -- test_pymalloc_allocation_tracking_deactivated in /home/kaiyaok2/PythonProjects/memray/tests/integration/test_tracking.py: 263.8316557407379s cumulative, 1.0222797393798828s individual


unit/test_tree_reporter.py .
current test PASSED/SKIPPED -- test_expand_linear_chain in /home/kaiyaok2/PythonProjects/memray/tests/unit/test_tree_reporter.py: 264.3938527107239s cumulative, 0.5621969699859619s individual

.
current test PASSED/SKIPPED -- test_works_with_multiple_stacks_from_same_caller_two_frames_above in /home/kaiyaok2/PythonProjects/memray/tests/unit/test_tree_reporter.py: 264.3972008228302s cumulative, 0.003348112106323242s individual

.
current test PASSED/SKIPPED -- test_works_with_merged_threads in /home/kaiyaok2/PythonProjects/memray/tests/unit/test_tree_reporter.py: 264.400438785553s cumulative, 0.0032379627227783203s individual

.
current test PASSED/SKIPPED -- test_works_with_single_call in /home/kaiyaok2/PythonProjects/memray/tests/unit/test_tree_reporter.py: 264.40285658836365s cumulative, 0.0024178028106689453s individual

.
current test PASSED/SKIPPED -- test_works_with_recursive_calls in /home/kaiyaok2/PythonProjects/memray/tests/unit/test_tree_reporter.py: 264.40719866752625s cumulative, 0.004342079162597656s individual

.
current test PASSED/SKIPPED -- test_uses_hybrid_stack_for_native_traces in /home/kaiyaok2/PythonProjects/memray/tests/unit/test_tree_reporter.py: 264.41203260421753s cumulative, 0.00483393669128418s individual

.
current test PASSED/SKIPPED -- test_drops_cpython_frames in /home/kaiyaok2/PythonProjects/memray/tests/unit/test_tree_reporter.py: 264.4168462753296s cumulative, 0.004813671112060547s individual

.
current test PASSED/SKIPPED -- test_works_with_split_threads in /home/kaiyaok2/PythonProjects/memray/tests/unit/test_tree_reporter.py: 264.42258286476135s cumulative, 0.005736589431762695s individual

.
current test PASSED/SKIPPED -- test_works_with_no_allocations in /home/kaiyaok2/PythonProjects/memray/tests/unit/test_tree_reporter.py: 264.4280672073364s cumulative, 0.005484342575073242s individual

.
current test PASSED/SKIPPED -- test_works_with_multiple_stacks_from_same_caller in /home/kaiyaok2/PythonProjects/memray/tests/unit/test_tree_reporter.py: 264.43210887908936s cumulative, 0.0040416717529296875s individual

.
current test PASSED/SKIPPED -- test_works_with_multiple_top_level_nodes in /home/kaiyaok2/PythonProjects/memray/tests/unit/test_tree_reporter.py: 264.43540692329407s cumulative, 0.003298044204711914s individual

.
current test PASSED/SKIPPED -- test_render_runs_the_app in /home/kaiyaok2/PythonProjects/memray/tests/unit/test_tree_reporter.py: 264.4428105354309s cumulative, 0.00740361213684082s individual


integration/test_processes.py .
current test PASSED/SKIPPED -- test_allocations_with_multiprocessing in /home/kaiyaok2/PythonProjects/memray/tests/integration/test_processes.py: 265.74014377593994s cumulative, 1.2973332405090332s individual


integration/test_tracing.py .
current test PASSED/SKIPPED -- test_allocation_after_unsetting_profile_function in /home/kaiyaok2/PythonProjects/memray/tests/integration/test_tracing.py: 266.327241897583s cumulative, 0.5870981216430664s individual

.
current test PASSED/SKIPPED -- test_allocation_in_thread_before_reacquiring_gil_after_tracking_starts in /home/kaiyaok2/PythonProjects/memray/tests/integration/test_tracing.py: 267.2241337299347s cumulative, 0.8968918323516846s individual

.
current test PASSED/SKIPPED -- test_records_can_be_retrieved_twice in /home/kaiyaok2/PythonProjects/memray/tests/integration/test_tracing.py: 268.2812149524689s cumulative, 1.0570812225341797s individual

[AllocationRecord<tid=0x1, address=0x7f2ed14cf000, size=1.000B, allocator=10, allocations=1>, AllocationRecord<tid=0x1, address=0x7f2ed14cc000, size=1.000B, allocator=10, allocations=1>, AllocationRecord<tid=0x1, address=0x7f2ed14cf000, size=1.000B, allocator=11, allocations=1>, AllocationRecord<tid=0x1, address=0x7f2ed14cc000, size=1.000B, allocator=11, allocations=1>]
.
current test PASSED/SKIPPED -- test_allocations_in_root_frame_have_correct_line_number in /home/kaiyaok2/PythonProjects/memray/tests/integration/test_tracing.py: 269.30648851394653s cumulative, 1.0252735614776611s individual

.
current test PASSED/SKIPPED -- test_allocation_in_thread_after_unsetting_profile_function in /home/kaiyaok2/PythonProjects/memray/tests/integration/test_tracing.py: 270.1726577281952s cumulative, 0.8661692142486572s individual

.
current test PASSED/SKIPPED -- test_traceback_iteration_does_not_depend_on_the_order_of_elements in /home/kaiyaok2/PythonProjects/memray/tests/integration/test_tracing.py: 271.1568880081177s cumulative, 0.9842302799224854s individual


integration/test_tracking.py .
current test PASSED/SKIPPED -- test_simple_pymalloc_allocation_tracking in /home/kaiyaok2/PythonProjects/memray/tests/integration/test_tracking.py: 272.4205276966095s cumulative, 1.2636396884918213s individual

.
current test PASSED/SKIPPED -- test_simple_allocation_tracking in /home/kaiyaok2/PythonProjects/memray/tests/integration/test_tracking.py: 273.1228942871094s cumulative, 0.7023665904998779s individual

.
current test PASSED/SKIPPED -- test_simple_allocation_tracking in /home/kaiyaok2/PythonProjects/memray/tests/integration/test_tracking.py: 274.0321509838104s cumulative, 0.9092566967010498s individual

.
current test PASSED/SKIPPED -- test_mmap_tracking in /home/kaiyaok2/PythonProjects/memray/tests/integration/test_tracking.py: 275.3936688899994s cumulative, 1.3615179061889648s individual

.
current test PASSED/SKIPPED -- test_allocations_aggregation_on_same_line in /home/kaiyaok2/PythonProjects/memray/tests/integration/test_tracking.py: 276.7728943824768s cumulative, 1.379225492477417s individual

.
current test PASSED/SKIPPED -- test_simple_allocation_tracking in /home/kaiyaok2/PythonProjects/memray/tests/integration/test_tracking.py: 277.8639438152313s cumulative, 1.0910494327545166s individual

.
current test PASSED/SKIPPED -- test_simple_allocation_tracking in /home/kaiyaok2/PythonProjects/memray/tests/integration/test_tracking.py: 278.7965896129608s cumulative, 0.9326457977294922s individual

.
current test PASSED/SKIPPED -- test_simple_allocation_tracking in /home/kaiyaok2/PythonProjects/memray/tests/integration/test_tracking.py: 279.42526745796204s cumulative, 0.6286778450012207s individual


integration/test_api.py .
current test PASSED/SKIPPED -- test_file_reader_as_context_manager in /home/kaiyaok2/PythonProjects/memray/tests/integration/test_api.py: 280.2651746273041s cumulative, 0.839907169342041s individual


integration/test_main.py .
current test PASSED/SKIPPED -- test_leaks_with_pymalloc_warning in /home/kaiyaok2/PythonProjects/memray/tests/integration/test_main.py: 284.2713232040405s cumulative, 4.00614857673645s individual

.
current test PASSED/SKIPPED -- test_report_leaks_argument in /home/kaiyaok2/PythonProjects/memray/tests/integration/test_main.py: 289.27385449409485s cumulative, 5.002531290054321s individual


unit/test_tree_reporter.py .
current test PASSED/SKIPPED -- test_two_chains in /home/kaiyaok2/PythonProjects/memray/tests/unit/test_tree_reporter.py: 290.57711577415466s cumulative, 1.3032612800598145s individual


unit/test_tui_reporter.py .
current test PASSED/SKIPPED -- test_update_thread in /home/kaiyaok2/PythonProjects/memray/tests/unit/test_tui_reporter.py: 291.783896446228s cumulative, 1.2067806720733643s individual

.
current test PASSED/SKIPPED -- test_update_thread in /home/kaiyaok2/PythonProjects/memray/tests/unit/test_tui_reporter.py: 294.95728278160095s cumulative, 3.173386335372925s individual


integration/test_api.py .
current test PASSED/SKIPPED -- test_follow_fork_with_socket_destination in /home/kaiyaok2/PythonProjects/memray/tests/integration/test_api.py: 294.96002173423767s cumulative, 0.00273895263671875s individual

.
current test PASSED/SKIPPED -- test_aggregated_capture_with_socket_destination in /home/kaiyaok2/PythonProjects/memray/tests/integration/test_api.py: 294.96206188201904s cumulative, 0.0020401477813720703s individual

.
current test PASSED/SKIPPED -- test_combine_destination_args in /home/kaiyaok2/PythonProjects/memray/tests/integration/test_api.py: 294.9642708301544s cumulative, 0.0022089481353759766s individual

.
current test PASSED/SKIPPED -- test_no_destination_arg in /home/kaiyaok2/PythonProjects/memray/tests/integration/test_api.py: 294.9660954475403s cumulative, 0.0018246173858642578s individual


unit/test_tree_reporter.py .
current test PASSED/SKIPPED -- test_show_uninteresting_system in /home/kaiyaok2/PythonProjects/memray/tests/unit/test_tree_reporter.py: 295.30902218818665s cumulative, 0.3429267406463623s individual


unit/test_stats_reporter.py .
current test PASSED/SKIPPED -- test_get_histogram_over_bound in /home/kaiyaok2/PythonProjects/memray/tests/unit/test_stats_reporter.py: 295.31228590011597s cumulative, 0.003263711929321289s individual

.
current test PASSED/SKIPPED -- test_get_histogram_all_allocations_same_size in /home/kaiyaok2/PythonProjects/memray/tests/unit/test_stats_reporter.py: 295.314480304718s cumulative, 0.0021944046020507812s individual

.
current test PASSED/SKIPPED -- test_draw_histogram in /home/kaiyaok2/PythonProjects/memray/tests/unit/test_stats_reporter.py: 295.31665301322937s cumulative, 0.002172708511352539s individual

.
current test PASSED/SKIPPED -- test_get_histogram_databins_rounding in /home/kaiyaok2/PythonProjects/memray/tests/unit/test_stats_reporter.py: 295.3187277317047s cumulative, 0.002074718475341797s individual

.
current test PASSED/SKIPPED -- test_stats_output in /home/kaiyaok2/PythonProjects/memray/tests/unit/test_stats_reporter.py: 295.3236336708069s cumulative, 0.0049059391021728516s individual

.
current test PASSED/SKIPPED -- test_get_histogram_databins_invalid_bins in /home/kaiyaok2/PythonProjects/memray/tests/unit/test_stats_reporter.py: 295.32601594924927s cumulative, 0.0023822784423828125s individual

.
current test PASSED/SKIPPED -- test_get_histogram_databins in /home/kaiyaok2/PythonProjects/memray/tests/unit/test_stats_reporter.py: 295.3280990123749s cumulative, 0.0020830631256103516s individual

.
current test PASSED/SKIPPED -- test_draw_histogram_invalid_input in /home/kaiyaok2/PythonProjects/memray/tests/unit/test_stats_reporter.py: 295.3301508426666s cumulative, 0.002051830291748047s individual

.
current test PASSED/SKIPPED -- test_draw_histogram_smaller_scale_factor in /home/kaiyaok2/PythonProjects/memray/tests/unit/test_stats_reporter.py: 295.3323030471802s cumulative, 0.0021522045135498047s individual

.
current test PASSED/SKIPPED -- test_stats_output_json in /home/kaiyaok2/PythonProjects/memray/tests/unit/test_stats_reporter.py: 295.3399579524994s cumulative, 0.007654905319213867s individual


integration/test_threads.py .
current test PASSED/SKIPPED -- test_thread_allocations_after_tracker_is_deactivated in /home/kaiyaok2/PythonProjects/memray/tests/integration/test_threads.py: 296.06285786628723s cumulative, 0.7228999137878418s individual


integration/test_main.py .
current test PASSED/SKIPPED -- test_leaks_with_pymalloc_warning in /home/kaiyaok2/PythonProjects/memray/tests/integration/test_main.py: 304.90911388397217s cumulative, 8.846256017684937s individual

.
current test PASSED/SKIPPED -- test_can_generate_reports_with_native_traces in /home/kaiyaok2/PythonProjects/memray/tests/integration/test_main.py: 311.7460286617279s cumulative, 6.836914777755737s individual

.
current test PASSED/SKIPPED -- test_report_leaks_argument in /home/kaiyaok2/PythonProjects/memray/tests/integration/test_main.py: 316.60517740249634s cumulative, 4.859148740768433s individual

.
current test PASSED/SKIPPED -- test_successful_parse in /home/kaiyaok2/PythonProjects/memray/tests/integration/test_main.py: 319.96800208091736s cumulative, 3.3628246784210205s individual


integration/test_tracing.py .
current test PASSED/SKIPPED -- test_traceback_for_high_watermark_records_can_be_retrieved_twice in /home/kaiyaok2/PythonProjects/memray/tests/integration/test_tracing.py: 320.7166647911072s cumulative, 0.7486627101898193s individual

.
current test PASSED/SKIPPED -- test_identical_stack_traces_started_in_different_lines_in_the_root_do_not_compare_equal in /home/kaiyaok2/PythonProjects/memray/tests/integration/test_tracing.py: 321.5052721500397s cumulative, 0.7886073589324951s individual


unit/test_tui_reporter.py .
current test PASSED/SKIPPED -- test_header_with_empty_snapshot in /home/kaiyaok2/PythonProjects/memray/tests/unit/test_tui_reporter.py: 322.22502875328064s cumulative, 0.7197566032409668s individual


integration/test_tracking.py .
current test PASSED/SKIPPED -- test_temporary_allocations_with_two_allocators_are_detected in /home/kaiyaok2/PythonProjects/memray/tests/integration/test_tracking.py: 323.2189497947693s cumulative, 0.9939210414886475s individual

.
current test PASSED/SKIPPED -- test_partial_munmap_split_in_middle in /home/kaiyaok2/PythonProjects/memray/tests/integration/test_tracking.py: 324.09294724464417s cumulative, 0.8739974498748779s individual


unit/test_highwatermark_command.py ⚠  No debug information was found for the Python interpreter  ⚠

Without debug information reports showing native traces may not include file 
names and line numbers. Please use an interpreter built with debug symbols for 
best results. Check https://bloomberg.github.io/memray/native_mode.html for more
information regarding how memray resolves symbols.

.
current test PASSED/SKIPPED -- test_tracker_and_reporter_interactions_for_leak in /home/kaiyaok2/PythonProjects/memray/tests/unit/test_highwatermark_command.py: 325.26583313941956s cumulative, 1.1728858947753906s individual


integration/test_tracking.py .
current test PASSED/SKIPPED -- test_simple_allocation_tracking in /home/kaiyaok2/PythonProjects/memray/tests/integration/test_tracking.py: 326.0031397342682s cumulative, 0.7373065948486328s individual

.
current test PASSED/SKIPPED -- test_no_allocations_while_tracking in /home/kaiyaok2/PythonProjects/memray/tests/integration/test_tracking.py: 327.3425495624542s cumulative, 1.3394098281860352s individual

.
current test PASSED/SKIPPED -- test_temporary_allocations_when_filling_vector_without_preallocating in /home/kaiyaok2/PythonProjects/memray/tests/integration/test_tracking.py: 328.1298050880432s cumulative, 0.7872555255889893s individual

.
current test PASSED/SKIPPED -- test_memory_snapshots_are_written in /home/kaiyaok2/PythonProjects/memray/tests/integration/test_tracking.py: 328.973393201828s cumulative, 0.84358811378479s individual

.
current test PASSED/SKIPPED -- test_partial_munmap_gap in /home/kaiyaok2/PythonProjects/memray/tests/integration/test_tracking.py: 329.66429448127747s cumulative, 0.6909012794494629s individual

.
current test PASSED/SKIPPED -- test_simple_allocation_tracking in /home/kaiyaok2/PythonProjects/memray/tests/integration/test_tracking.py: 330.4300661087036s cumulative, 0.7657716274261475s individual

.
current test PASSED/SKIPPED -- test_simple_allocation_tracking in /home/kaiyaok2/PythonProjects/memray/tests/integration/test_tracking.py: 331.2466115951538s cumulative, 0.8165454864501953s individual

.
current test PASSED/SKIPPED -- test_thread_allocations_multiple_threads in /home/kaiyaok2/PythonProjects/memray/tests/integration/test_tracking.py: 331.88039231300354s cumulative, 0.6337807178497314s individual


unit/test_tui_reporter.py .
current test PASSED/SKIPPED -- test_tui_basic in /home/kaiyaok2/PythonProjects/memray/tests/unit/test_tui_reporter.py: 332.78491950035095s cumulative, 0.9045271873474121s individual


integration/test_socket.py E
current test FAILED -- test_nested_context_is_diallowed in /home/kaiyaok2/PythonProjects/memray/tests/integration/test_socket.py: 332.7896010875702s cumulative, 0.004681587219238281s individual

E
current test FAILED -- test_get_is_active_after_context in /home/kaiyaok2/PythonProjects/memray/tests/integration/test_socket.py: 332.79199385643005s cumulative, 0.0023927688598632812s individual


integration/test_main.py .
current test PASSED/SKIPPED -- test_report_detects_missing_input in /home/kaiyaok2/PythonProjects/memray/tests/integration/test_main.py: 334.71821784973145s cumulative, 1.9262239933013916s individual

.
current test PASSED/SKIPPED -- test_run in /home/kaiyaok2/PythonProjects/memray/tests/integration/test_main.py: 339.0537087917328s cumulative, 4.335490942001343s individual


unit/test_tui_reporter.py .
current test PASSED/SKIPPED -- test_tui_pause in /home/kaiyaok2/PythonProjects/memray/tests/unit/test_tui_reporter.py: 341.62946128845215s cumulative, 2.5757524967193604s individual


integration/test_main.py .
current test PASSED/SKIPPED -- test_report_both_temporary_allocation_arguments in /home/kaiyaok2/PythonProjects/memray/tests/integration/test_main.py: 344.5529854297638s cumulative, 2.9235241413116455s individual

.
current test PASSED/SKIPPED -- test_report_both_temporary_allocation_arguments in /home/kaiyaok2/PythonProjects/memray/tests/integration/test_main.py: 347.9449610710144s cumulative, 3.3919756412506104s individual

.
current test PASSED/SKIPPED -- test_report_both_temporary_allocation_arguments in /home/kaiyaok2/PythonProjects/memray/tests/integration/test_main.py: 354.3855583667755s cumulative, 6.440597295761108s individual

.
current test PASSED/SKIPPED -- test_report_temporary_allocations_argument in /home/kaiyaok2/PythonProjects/memray/tests/integration/test_main.py: 360.47163701057434s cumulative, 6.086078643798828s individual


unit/test_tree_reporter.py .
current test PASSED/SKIPPED -- test_hide_import_system_idempotency in /home/kaiyaok2/PythonProjects/memray/tests/unit/test_tree_reporter.py: 362.18488121032715s cumulative, 1.7132441997528076s individual


integration/test_main.py .
current test PASSED/SKIPPED -- test_report_detects_missing_input in /home/kaiyaok2/PythonProjects/memray/tests/integration/test_main.py: 365.8561980724335s cumulative, 3.6713168621063232s individual


integration/test_extensions.py .
current test PASSED/SKIPPED -- test_native_dlopen in /home/kaiyaok2/PythonProjects/memray/tests/integration/test_extensions.py: 375.31178879737854s cumulative, 9.455590724945068s individual


unit/test_cli.py F
current test FAILED -- test_run_with_live_and_trace_python_allocators in /home/kaiyaok2/PythonProjects/memray/tests/unit/test_cli.py: 378.08361864089966s cumulative, 2.771829843521118s individual

Writing profile results into memray-foobar.0.bin
[memray] Successfully generated profile results.

You can now generate reports from the stored allocation records.
Some example commands to generate reports:

/usr/bin/python3 -m memray flamegraph memray-foobar.0.bin
.
current test PASSED/SKIPPED -- test_run_with_pymalloc_tracing in /home/kaiyaok2/PythonProjects/memray/tests/unit/test_cli.py: 378.236394405365s cumulative, 0.15277576446533203s individual

Writing profile results into memray-string.<MagicMock name='getpid()' id='139838875505696'>.bin
[memray] Successfully generated profile results.

You can now generate reports from the stored allocation records.
Some example commands to generate reports:

/usr/bin/python3 -m memray flamegraph memray-string.<MagicMock name='getpid()' id='139838875505696'>.bin
.
current test PASSED/SKIPPED -- test_run_cmd in /home/kaiyaok2/PythonProjects/memray/tests/unit/test_cli.py: 378.3724627494812s cumulative, 0.13606834411621094s individual


integration/test_extensions.py .
current test PASSED/SKIPPED -- test_valloc_at_thread_exit_in_subprocess in /home/kaiyaok2/PythonProjects/memray/tests/integration/test_extensions.py: 388.2767012119293s cumulative, 9.90423846244812s individual


integration/test_native_tracking.py ['PyType_GenericAlloc', '<unknown>', '_PyObject_MakeTpCall', '<module>', '<unknown>', 'PyEval_EvalCode', '<unknown>', '<unknown>', 'PyRun_StringFlags', 'PyRun_SimpleStringFlags', 'Py_RunMain', 'Py_BytesMain', '<unknown>', '__libc_start_main', '_start']
['_PyObject_GC_NewVar', '<unknown>', '<unknown>', '<unknown>', '<module>', '<unknown>', 'PyEval_EvalCode', '<unknown>', '<unknown>', 'PyRun_StringFlags', 'PyRun_SimpleStringFlags', 'Py_RunMain', 'Py_BytesMain', '<unknown>', '__libc_start_main', '_start']
['_PyObject_GC_NewVar', '<unknown>', '_PyFunction_Vectorcall', '_PyObject_CallFunction_SizeT', 'run_recursive', '<unknown>', '_PyObject_MakeTpCall', '<unknown>', 'foo', '<unknown>', '<unknown>', '<module>', '<unknown>', 'PyEval_EvalCode', '<unknown>', '<unknown>', 'PyRun_StringFlags', 'PyRun_SimpleStringFlags', 'Py_RunMain', 'Py_BytesMain', '<unknown>', '__libc_start_main', '_start']
.
current test PASSED/SKIPPED -- test_hybrid_stack_of_allocations_inside_ceval in /home/kaiyaok2/PythonProjects/memray/tests/integration/test_native_tracking.py: 405.233683347702s cumulative, 16.956982135772705s individual

.
current test PASSED/SKIPPED -- test_hybrid_stack_in_recursive_python_c_call in /home/kaiyaok2/PythonProjects/memray/tests/integration/test_native_tracking.py: 415.4756100177765s cumulative, 10.241926670074463s individual


unit/test_tree_reporter.py .
current test PASSED/SKIPPED -- test_two_chains_after_expanding_second in /home/kaiyaok2/PythonProjects/memray/tests/unit/test_tree_reporter.py: 422.97024273872375s cumulative, 7.494632720947266s individual

.
current test PASSED/SKIPPED -- test_hide_import_system in /home/kaiyaok2/PythonProjects/memray/tests/unit/test_tree_reporter.py: 423.98376274108887s cumulative, 1.0135200023651123s individual

.
current test PASSED/SKIPPED -- test_basic in /home/kaiyaok2/PythonProjects/memray/tests/unit/test_tree_reporter.py: 424.7646424770355s cumulative, 0.7808797359466553s individual

.
current test PASSED/SKIPPED -- test_basic_node_selected_leaf in /home/kaiyaok2/PythonProjects/memray/tests/unit/test_tree_reporter.py: 426.8588488101959s cumulative, 2.0942063331604004s individual

.
current test PASSED/SKIPPED -- test_select_screen in /home/kaiyaok2/PythonProjects/memray/tests/unit/test_tree_reporter.py: 429.13288021087646s cumulative, 2.274031400680542s individual

.
current test PASSED/SKIPPED -- test_show_uninteresting_idempotency in /home/kaiyaok2/PythonProjects/memray/tests/unit/test_tree_reporter.py: 430.3895266056061s cumulative, 1.2566463947296143s individual


integration/test_ipython.py .
current test PASSED/SKIPPED -- test_passing_invalid_argument in /home/kaiyaok2/PythonProjects/memray/tests/integration/test_ipython.py: 430.6943278312683s cumulative, 0.30480122566223145s individual


integration/test_main.py .
current test PASSED/SKIPPED -- test_report_detects_corrupt_input in /home/kaiyaok2/PythonProjects/memray/tests/integration/test_main.py: 434.7222535610199s cumulative, 4.027925729751587s individual

.
current test PASSED/SKIPPED -- test_temporary_allocations_tree in /home/kaiyaok2/PythonProjects/memray/tests/integration/test_main.py: 446.30505561828613s cumulative, 11.582802057266235s individual


unit/test_flamegraph_reporter.py .
current test PASSED/SKIPPED -- test_inverted_very_deep_call_is_limited in /home/kaiyaok2/PythonProjects/memray/tests/unit/test_flamegraph_reporter.py: 451.6642701625824s cumulative, 5.359214544296265s individual


integration/test_main.py .
current test PASSED/SKIPPED -- test_no_split_threads in /home/kaiyaok2/PythonProjects/memray/tests/integration/test_main.py: 455.2626781463623s cumulative, 3.5984079837799072s individual

.
current test PASSED/SKIPPED -- test_quiet in /home/kaiyaok2/PythonProjects/memray/tests/integration/test_main.py: 459.80999970436096s cumulative, 4.547321557998657s individual

E
current test FAILED -- test_live_tracking in /home/kaiyaok2/PythonProjects/memray/tests/integration/test_main.py: 459.8410429954529s cumulative, 0.031043291091918945s individual

.
current test PASSED/SKIPPED -- test_report_detects_missing_input in /home/kaiyaok2/PythonProjects/memray/tests/integration/test_main.py: 463.4517765045166s cumulative, 3.6107335090637207s individual

.
current test PASSED/SKIPPED -- test_report_detects_missing_input in /home/kaiyaok2/PythonProjects/memray/tests/integration/test_main.py: 466.5026195049286s cumulative, 3.0508430004119873s individual


unit/test_flamegraph_reporter.py .
current test PASSED/SKIPPED -- test_inverted_sanity_check_with_real_allocations in /home/kaiyaok2/PythonProjects/memray/tests/unit/test_flamegraph_reporter.py: 468.1784884929657s cumulative, 1.6758689880371094s individual


unit/test_tui_reporter.py .
current test PASSED/SKIPPED -- test_command_line_display in /home/kaiyaok2/PythonProjects/memray/tests/unit/test_tui_reporter.py: 469.60406398773193s cumulative, 1.4255754947662354s individual

.
current test PASSED/SKIPPED -- test_command_line_display in /home/kaiyaok2/PythonProjects/memray/tests/unit/test_tui_reporter.py: 471.6441812515259s cumulative, 2.0401172637939453s individual


integration/test_processes.py [AllocationRecord<tid=0x1, address=0x562af02a5f20, size=1.205KB, allocator=13, allocations=1>, AllocationRecord<tid=0x1, address=0x562af02a5f20, size=N/A, allocator=15, allocations=1>, AllocationRecord<tid=0x1, address=0x562af02a5f20, size=1.205KB, allocator=13, allocations=1>, AllocationRecord<tid=0x1, address=0x562af02a5f20, size=N/A, allocator=15, allocations=1>, AllocationRecord<tid=0x1, address=0x562af02a5f20, size=1.205KB, allocator=13, allocations=1>, AllocationRecord<tid=0x1, address=0x562af02a5f20, size=N/A, allocator=15, allocations=1>, AllocationRecord<tid=0x1, address=0x562af02a5f20, size=1.205KB, allocator=13, allocations=1>, AllocationRecord<tid=0x1, address=0x562af02a5f20, size=N/A, allocator=15, allocations=1>, AllocationRecord<tid=0x1, address=0x562af02a5f20, size=1.205KB, allocator=13, allocations=1>, AllocationRecord<tid=0x1, address=0x562af02a5f20, size=N/A, allocator=15, allocations=1>, AllocationRecord<tid=0x1, address=0x562af02a5f20, size=1.205KB, allocator=13, allocations=1>, AllocationRecord<tid=0x1, address=0x562af02a5f20, size=N/A, allocator=15, allocations=1>, AllocationRecord<tid=0x1, address=0x562af02a5f20, size=1.205KB, allocator=13, allocations=1>, AllocationRecord<tid=0x1, address=0x562af02a5f20, size=N/A, allocator=15, allocations=1>, AllocationRecord<tid=0x1, address=0x562af02a5f20, size=1.205KB, allocator=13, allocations=1>, AllocationRecord<tid=0x1, address=0x562af02a5f20, size=N/A, allocator=15, allocations=1>, AllocationRecord<tid=0x1, address=0x562af02a5f20, size=1.205KB, allocator=13, allocations=1>, AllocationRecord<tid=0x1, address=0x562af02a5f20, size=N/A, allocator=15, allocations=1>, AllocationRecord<tid=0x1, address=0x562af02a5f20, size=1.205KB, allocator=13, allocations=1>, AllocationRecord<tid=0x1, address=0x562af02a5f20, size=N/A, allocator=15, allocations=1>]
.
current test PASSED/SKIPPED -- test_pymalloc_allocations_after_fork in /home/kaiyaok2/PythonProjects/memray/tests/integration/test_processes.py: 476.52265310287476s cumulative, 4.878471851348877s individual


unit/test_summary_reporter.py .
current test PASSED/SKIPPED -- test_with_multiple_allocations_and_native_traces in /home/kaiyaok2/PythonProjects/memray/tests/unit/test_summary_reporter.py: 476.66268849372864s cumulative, 0.14003539085388184s individual

.
current test PASSED/SKIPPED -- test_non_sequence_iterable in /home/kaiyaok2/PythonProjects/memray/tests/unit/test_summary_reporter.py: 476.79802441596985s cumulative, 0.13533592224121094s individual

.
current test PASSED/SKIPPED -- test_sort_column in /home/kaiyaok2/PythonProjects/memray/tests/unit/test_summary_reporter.py: 476.9620633125305s cumulative, 0.16403889656066895s individual

.
current test PASSED/SKIPPED -- test_max_rows in /home/kaiyaok2/PythonProjects/memray/tests/unit/test_summary_reporter.py: 477.07345747947693s cumulative, 0.11139416694641113s individual

.
current test PASSED/SKIPPED -- test_with_multiple_allocations in /home/kaiyaok2/PythonProjects/memray/tests/unit/test_summary_reporter.py: 477.2742006778717s cumulative, 0.2007431983947754s individual


integration/test_tracing.py .
current test PASSED/SKIPPED -- test_equal_stack_traces_compare_equal in /home/kaiyaok2/PythonProjects/memray/tests/integration/test_tracing.py: 479.8154811859131s cumulative, 2.541280508041382s individual


integration/test_main.py .
current test PASSED/SKIPPED -- test_leaks_with_pymalloc_warning in /home/kaiyaok2/PythonProjects/memray/tests/integration/test_main.py: 495.0325903892517s cumulative, 15.217109203338623s individual

E
current test FAILED -- test_live_tracking_server_when_client_disconnects in /home/kaiyaok2/PythonProjects/memray/tests/integration/test_main.py: 495.08195400238037s cumulative, 0.04936361312866211s individual

.
current test PASSED/SKIPPED -- test_json_generated_to_pretty_file_name in /home/kaiyaok2/PythonProjects/memray/tests/integration/test_main.py: 504.3975028991699s cumulative, 9.31554889678955s individual


unit/test_tree_reporter.py .
current test PASSED/SKIPPED -- test_uninteresting_leaves in /home/kaiyaok2/PythonProjects/memray/tests/unit/test_tree_reporter.py: 505.1294455528259s cumulative, 0.7319426536560059s individual

.
current test PASSED/SKIPPED -- test_basic_node_selected_not_leaf in /home/kaiyaok2/PythonProjects/memray/tests/unit/test_tree_reporter.py: 506.84155082702637s cumulative, 1.7121052742004395s individual


unit/test_tui_reporter.py .
current test PASSED/SKIPPED -- test_tui_pause in /home/kaiyaok2/PythonProjects/memray/tests/unit/test_tui_reporter.py: 512.8579585552216s cumulative, 6.01640772819519s individual


integration/test_tracking.py .
current test PASSED/SKIPPED -- test_leaks_allocations_are_detected in /home/kaiyaok2/PythonProjects/memray/tests/integration/test_tracking.py: 513.9087955951691s cumulative, 1.0508370399475098s individual


unit/test_cli.py Writing profile results into my_output
[memray] Successfully generated profile results.

You can now generate reports from the stored allocation records.
Some example commands to generate reports:

/usr/bin/python3 -m memray flamegraph my_output
.
current test PASSED/SKIPPED -- test_run_overwrite_output_file in /home/kaiyaok2/PythonProjects/memray/tests/unit/test_cli.py: 513.9592881202698s cumulative, 0.05049252510070801s individual

Writing profile results into memray-foobar.0.bin
[memray] Successfully generated profile results.

You can now generate reports from the stored allocation records.
Some example commands to generate reports:

/usr/bin/python3 -m memray flamegraph memray-foobar.0.bin
.
current test PASSED/SKIPPED -- test_run_with_follow_fork in /home/kaiyaok2/PythonProjects/memray/tests/unit/test_cli.py: 514.0124719142914s cumulative, 0.053183794021606445s individual

Writing profile results into memray-foobar.<MagicMock name='getpid()' id='139838514161568'>.bin
[memray] Successfully generated profile results.

You can now generate reports from the stored allocation records.
Some example commands to generate reports:

/usr/bin/python3 -m memray flamegraph memray-foobar.<MagicMock name='getpid()' id='139838514161568'>.bin
.
current test PASSED/SKIPPED -- test_run_module in /home/kaiyaok2/PythonProjects/memray/tests/unit/test_cli.py: 514.0635633468628s cumulative, 0.05109143257141113s individual

Writing profile results into my_output
[memray] Successfully generated profile results.

You can now generate reports from the stored allocation records.
Some example commands to generate reports:

/usr/bin/python3 -m memray flamegraph my_output
.
current test PASSED/SKIPPED -- test_run_override_output in /home/kaiyaok2/PythonProjects/memray/tests/unit/test_cli.py: 514.1412174701691s cumulative, 0.07765412330627441s individual

Writing profile results into memray-string.<MagicMock name='getpid()' id='139838516104544'>.bin
[memray] Successfully generated profile results.

You can now generate reports from the stored allocation records.
Some example commands to generate reports:

/usr/bin/python3 -m memray flamegraph memray-string.<MagicMock name='getpid()' id='139838516104544'>.bin
Writing profile results into memray-string.<MagicMock name='getpid()' id='139838516104544'>.bin
[memray] Successfully generated profile results.

You can now generate reports from the stored allocation records.
Some example commands to generate reports:

/usr/bin/python3 -m memray flamegraph memray-string.<MagicMock name='getpid()' id='139838516104544'>.bin
.
current test PASSED/SKIPPED -- test_run_cmd_is_validated in /home/kaiyaok2/PythonProjects/memray/tests/unit/test_cli.py: 514.1940233707428s cumulative, 0.05280590057373047s individual

.
current test PASSED/SKIPPED -- test_run_with_live_port_but_not_live_remote in /home/kaiyaok2/PythonProjects/memray/tests/unit/test_cli.py: 514.2168614864349s cumulative, 0.022838115692138672s individual

.
current test PASSED/SKIPPED -- test_no_args_passed in /home/kaiyaok2/PythonProjects/memray/tests/unit/test_cli.py: 514.2372148036957s cumulative, 0.020353317260742188s individual

Writing profile results into memray-foobar.0.bin
[memray] Successfully generated profile results.

You can now generate reports from the stored allocation records.
Some example commands to generate reports:

/usr/bin/python3 -m memray flamegraph memray-foobar.0.bin
.
current test PASSED/SKIPPED -- test_run_default_output in /home/kaiyaok2/PythonProjects/memray/tests/unit/test_cli.py: 514.2659590244293s cumulative, 0.028744220733642578s individual

Run 'memray3.10 live 1234' in another shell to see live results
.
current test PASSED/SKIPPED -- test_run_with_live_remote in /home/kaiyaok2/PythonProjects/memray/tests/unit/test_cli.py: 514.2888650894165s cumulative, 0.022906064987182617s individual

.
current test PASSED/SKIPPED -- test_run_without_arguments in /home/kaiyaok2/PythonProjects/memray/tests/unit/test_cli.py: 514.308589220047s cumulative, 0.019724130630493164s individual

.
current test PASSED/SKIPPED -- test_run_with_follow_fork_and_live_mode in /home/kaiyaok2/PythonProjects/memray/tests/unit/test_cli.py: 514.3292715549469s cumulative, 0.020682334899902344s individual

.
current test PASSED/SKIPPED -- test_run_with_follow_fork_and_live_remote_mode in /home/kaiyaok2/PythonProjects/memray/tests/unit/test_cli.py: 514.3503127098083s cumulative, 0.021041154861450195s individual

Run 'memray3.10 live 1234' in another shell to see live results
.
current test PASSED/SKIPPED -- test_run_with_trace_python_allocators_and_live_remote_mode in /home/kaiyaok2/PythonProjects/memray/tests/unit/test_cli.py: 514.379919052124s cumulative, 0.029606342315673828s individual

Run 'memray3.10 live 1111' in another shell to see live results
.
current test PASSED/SKIPPED -- test_run_with_live_remote_and_live_port in /home/kaiyaok2/PythonProjects/memray/tests/unit/test_cli.py: 514.4010922908783s cumulative, 0.02117323875427246s individual

Writing profile results into ./directory/memray-foobar.py.0.bin
[memray] Successfully generated profile results.

You can now generate reports from the stored allocation records.
Some example commands to generate reports:

/usr/bin/python3 -m memray flamegraph ./directory/memray-foobar.py.0.bin
.
current test PASSED/SKIPPED -- test_run_relative_file in /home/kaiyaok2/PythonProjects/memray/tests/unit/test_cli.py: 514.4249787330627s cumulative, 0.023886442184448242s individual


unit/test_reader.py .
current test PASSED/SKIPPED -- test_read_pid in /home/kaiyaok2/PythonProjects/memray/tests/unit/test_reader.py: 515.5703322887421s cumulative, 1.1453535556793213s individual


integration/test_main.py .
current test PASSED/SKIPPED -- test_json_generated_to_known_file in /home/kaiyaok2/PythonProjects/memray/tests/integration/test_main.py: 522.9991073608398s cumulative, 7.428775072097778s individual

.
current test PASSED/SKIPPED -- test_report_incompatible_arguments in /home/kaiyaok2/PythonProjects/memray/tests/integration/test_main.py: 530.2088901996613s cumulative, 7.209782838821411s individual

.
current test PASSED/SKIPPED -- test_live_tracking in /home/kaiyaok2/PythonProjects/memray/tests/integration/test_main.py: 542.7587535381317s cumulative, 12.549863338470459s individual


integration/test_tracking.py .
current test PASSED/SKIPPED -- test_intertwined_temporary_allocations_in_threads in /home/kaiyaok2/PythonProjects/memray/tests/integration/test_tracking.py: 547.4982724189758s cumulative, 4.739518880844116s individual

.
current test PASSED/SKIPPED -- test_pymalloc_allocation_tracking_deactivated in /home/kaiyaok2/PythonProjects/memray/tests/integration/test_tracking.py: 552.2930638790131s cumulative, 4.7947914600372314s individual

.
current test PASSED/SKIPPED -- test_get_header_after_snapshot in /home/kaiyaok2/PythonProjects/memray/tests/integration/test_tracking.py: 559.6440932750702s cumulative, 7.351029396057129s individual

.
current test PASSED/SKIPPED -- test_memory_snapshots_limit_when_reading in /home/kaiyaok2/PythonProjects/memray/tests/integration/test_tracking.py: 566.2026555538177s cumulative, 6.558562278747559s individual

.
current test PASSED/SKIPPED -- test_memory_snapshots_tick_interval in /home/kaiyaok2/PythonProjects/memray/tests/integration/test_tracking.py: 572.0136139392853s cumulative, 5.810958385467529s individual

.
current test PASSED/SKIPPED -- test_get_header in /home/kaiyaok2/PythonProjects/memray/tests/integration/test_tracking.py: 576.4399263858795s cumulative, 4.426312446594238s individual

.
current test PASSED/SKIPPED -- test_partial_munmap_split_in_middle in /home/kaiyaok2/PythonProjects/memray/tests/integration/test_tracking.py: 581.031299829483s cumulative, 4.591373443603516s individual

.
current test PASSED/SKIPPED -- test_simple_allocation_tracking in /home/kaiyaok2/PythonProjects/memray/tests/integration/test_tracking.py: 586.6687574386597s cumulative, 5.637457609176636s individual


integration/test_extensions.py .
current test PASSED/SKIPPED -- test_hard_exit in /home/kaiyaok2/PythonProjects/memray/tests/integration/test_extensions.py: 605.2531611919403s cumulative, 18.58440375328064s individual

.
current test PASSED/SKIPPED -- test_extension_that_uses_pygilstate_ensure in /home/kaiyaok2/PythonProjects/memray/tests/integration/test_extensions.py: 688.1420271396637s cumulative, 82.88886594772339s individual


unit/test_tree_reporter.py .
current test PASSED/SKIPPED -- test_no_allocations in /home/kaiyaok2/PythonProjects/memray/tests/unit/test_tree_reporter.py: 693.5846273899078s cumulative, 5.442600250244141s individual


integration/test_tracing.py .
current test PASSED/SKIPPED -- test_cython_frame_in_pre_existing_thread_stack_when_restarting_tracking in /home/kaiyaok2/PythonProjects/memray/tests/integration/test_tracing.py: 707.2849097251892s cumulative, 13.700282335281372s individual


integration/test_extensions.py .
current test PASSED/SKIPPED -- test_multithreaded_extension in /home/kaiyaok2/PythonProjects/memray/tests/integration/test_extensions.py: 739.0992550849915s cumulative, 31.814345359802246s individual

.
current test PASSED/SKIPPED -- test_misbehaving_extension in /home/kaiyaok2/PythonProjects/memray/tests/integration/test_extensions.py: 761.9210531711578s cumulative, 22.821798086166382s individual


unit/test_frame_tools.py .
current test PASSED/SKIPPED -- test_is_frame_from_import_system in /home/kaiyaok2/PythonProjects/memray/tests/unit/test_frame_tools.py: 761.9622807502747s cumulative, 0.04122757911682129s individual

.
current test PASSED/SKIPPED -- test_frame_interesting in /home/kaiyaok2/PythonProjects/memray/tests/unit/test_frame_tools.py: 761.9927396774292s cumulative, 0.030458927154541016s individual

.
current test PASSED/SKIPPED -- test_cpython_internal_calls in /home/kaiyaok2/PythonProjects/memray/tests/unit/test_frame_tools.py: 762.0250732898712s cumulative, 0.0323336124420166s individual

.
current test PASSED/SKIPPED -- test_frame_interesting in /home/kaiyaok2/PythonProjects/memray/tests/unit/test_frame_tools.py: 762.0532202720642s cumulative, 0.028146982192993164s individual

.
current test PASSED/SKIPPED -- test_is_frame_from_import_system in /home/kaiyaok2/PythonProjects/memray/tests/unit/test_frame_tools.py: 762.0762090682983s cumulative, 0.02298879623413086s individual

.
current test PASSED/SKIPPED -- test_frame_interesting in /home/kaiyaok2/PythonProjects/memray/tests/unit/test_frame_tools.py: 762.1035840511322s cumulative, 0.027374982833862305s individual

.
current test PASSED/SKIPPED -- test_frame_interesting in /home/kaiyaok2/PythonProjects/memray/tests/unit/test_frame_tools.py: 762.1327390670776s cumulative, 0.02915501594543457s individual

.
current test PASSED/SKIPPED -- test_is_frame_from_import_system in /home/kaiyaok2/PythonProjects/memray/tests/unit/test_frame_tools.py: 762.1596856117249s cumulative, 0.026946544647216797s individual

.
current test PASSED/SKIPPED -- test_is_frame_from_import_system in /home/kaiyaok2/PythonProjects/memray/tests/unit/test_frame_tools.py: 762.1908104419708s cumulative, 0.03112483024597168s individual

.
current test PASSED/SKIPPED -- test_is_frame_from_import_system in /home/kaiyaok2/PythonProjects/memray/tests/unit/test_frame_tools.py: 762.2196233272552s cumulative, 0.028812885284423828s individual

.
current test PASSED/SKIPPED -- test_is_frame_from_import_system in /home/kaiyaok2/PythonProjects/memray/tests/unit/test_frame_tools.py: 762.2518038749695s cumulative, 0.0321805477142334s individual

.
current test PASSED/SKIPPED -- test_is_frame_from_import_system in /home/kaiyaok2/PythonProjects/memray/tests/unit/test_frame_tools.py: 762.2794137001038s cumulative, 0.027609825134277344s individual

.
current test PASSED/SKIPPED -- test_cpython_internal_calls in /home/kaiyaok2/PythonProjects/memray/tests/unit/test_frame_tools.py: 762.3057980537415s cumulative, 0.026384353637695312s individual

.
current test PASSED/SKIPPED -- test_is_frame_from_import_system in /home/kaiyaok2/PythonProjects/memray/tests/unit/test_frame_tools.py: 762.3247928619385s cumulative, 0.018994808197021484s individual

.
current test PASSED/SKIPPED -- test_cpython_internal_calls in /home/kaiyaok2/PythonProjects/memray/tests/unit/test_frame_tools.py: 762.354154586792s cumulative, 0.029361724853515625s individual

.
current test PASSED/SKIPPED -- test_is_frame_from_import_system in /home/kaiyaok2/PythonProjects/memray/tests/unit/test_frame_tools.py: 762.3809931278229s cumulative, 0.02683854103088379s individual

.
current test PASSED/SKIPPED -- test_is_frame_from_import_system in /home/kaiyaok2/PythonProjects/memray/tests/unit/test_frame_tools.py: 762.4128494262695s cumulative, 0.03185629844665527s individual

.
current test PASSED/SKIPPED -- test_is_frame_from_import_system in /home/kaiyaok2/PythonProjects/memray/tests/unit/test_frame_tools.py: 762.430269241333s cumulative, 0.017419815063476562s individual

.
current test PASSED/SKIPPED -- test_cpython_internal_calls in /home/kaiyaok2/PythonProjects/memray/tests/unit/test_frame_tools.py: 762.4496645927429s cumulative, 0.01939535140991211s individual

.
current test PASSED/SKIPPED -- test_cpython_internal_calls in /home/kaiyaok2/PythonProjects/memray/tests/unit/test_frame_tools.py: 762.4706342220306s cumulative, 0.020969629287719727s individual

.
current test PASSED/SKIPPED -- test_cpython_internal_calls in /home/kaiyaok2/PythonProjects/memray/tests/unit/test_frame_tools.py: 762.4946949481964s cumulative, 0.024060726165771484s individual

.
current test PASSED/SKIPPED -- test_cpython_internal_calls in /home/kaiyaok2/PythonProjects/memray/tests/unit/test_frame_tools.py: 762.5239510536194s cumulative, 0.029256105422973633s individual

.
current test PASSED/SKIPPED -- test_is_frame_from_import_system in /home/kaiyaok2/PythonProjects/memray/tests/unit/test_frame_tools.py: 762.5658166408539s cumulative, 0.04186558723449707s individual

.
current test PASSED/SKIPPED -- test_frame_interesting in /home/kaiyaok2/PythonProjects/memray/tests/unit/test_frame_tools.py: 762.6037323474884s cumulative, 0.037915706634521484s individual

.
current test PASSED/SKIPPED -- test_is_frame_from_import_system in /home/kaiyaok2/PythonProjects/memray/tests/unit/test_frame_tools.py: 762.6403167247772s cumulative, 0.03658437728881836s individual


integration/test_ipython.py [0;31m---------------------------------------------------------------------------[0m
[0;31mZeroDivisionError[0m                         Traceback (most recent call last)
Cell [0;32mIn[1], line 9[0m
[1;32m      2[0m [38;5;28;01mwith[39;00m Tracker(
[1;32m      3[0m     [38;5;124m"[39m[38;5;124mmemray-results/tmplsk67xbf/memray.dump[39m[38;5;124m"[39m,
[1;32m      4[0m     native_traces[38;5;241m=[39m[38;5;28;01mFalse[39;00m,
[1;32m      5[0m     trace_python_allocators[38;5;241m=[39m[38;5;28;01mFalse[39;00m,
[1;32m      6[0m     follow_fork[38;5;241m=[39m[38;5;28;01mFalse[39;00m,
[1;32m      7[0m ) [38;5;28;01mas[39;00m tracker:
[1;32m      8[0m     x [38;5;241m=[39m [38;5;124m"[39m[38;5;124ma[39m[38;5;124m"[39m [38;5;241m*[39m [38;5;241m10000[39m
[0;32m----> 9[0m     [38;5;241;43m1[39;49m[38;5;241;43m/[39;49m[38;5;241;43m0[39;49m

[0;31mZeroDivisionError[0m: division by zero


Results saved to memray-results/tmplsk67xbf/flamegraph.html
.
current test PASSED/SKIPPED -- test_exception_while_ipython_profiling in /home/kaiyaok2/PythonProjects/memray/tests/integration/test_ipython.py: 787.0005195140839s cumulative, 24.36020278930664s individual


integration/test_native_tracking.py .
current test PASSED/SKIPPED -- test_hybrid_stack_in_a_thread in /home/kaiyaok2/PythonProjects/memray/tests/integration/test_native_tracking.py: 805.4019973278046s cumulative, 18.401477813720703s individual


integration/test_tracing.py .
current test PASSED/SKIPPED -- test_cython_frame_in_pre_existing_thread_stack in /home/kaiyaok2/PythonProjects/memray/tests/integration/test_tracing.py: 809.3980417251587s cumulative, 3.996044397354126s individual

.
current test PASSED/SKIPPED -- test_profile_function_is_restored_after_tracking in /home/kaiyaok2/PythonProjects/memray/tests/integration/test_tracing.py: 812.8534753322601s cumulative, 3.4554336071014404s individual

.
current test PASSED/SKIPPED -- test_identical_stack_traces_started_in_different_lines_in_a_function_do_not_compare_equal in /home/kaiyaok2/PythonProjects/memray/tests/integration/test_tracing.py: 816.5051531791687s cumulative, 3.6516778469085693s individual


integration/test_native_tracking.py .
current test PASSED/SKIPPED -- test_hybrid_stack_in_pure_python_with_callbacks in /home/kaiyaok2/PythonProjects/memray/tests/integration/test_native_tracking.py: 820.5463218688965s cumulative, 4.041168689727783s individual


integration/test_main.py .
current test PASSED/SKIPPED -- test_live_tracking_invalid_port in /home/kaiyaok2/PythonProjects/memray/tests/integration/test_main.py: 829.2063279151917s cumulative, 8.660006046295166s individual

.
current test PASSED/SKIPPED -- test_run_live_tracking_invalid_port in /home/kaiyaok2/PythonProjects/memray/tests/integration/test_main.py: 836.6578459739685s cumulative, 7.4515180587768555s individual

.
current test PASSED/SKIPPED -- test_live_tracking_invalid_port in /home/kaiyaok2/PythonProjects/memray/tests/integration/test_main.py: 842.2570888996124s cumulative, 5.599242925643921s individual

.
current test PASSED/SKIPPED -- test_sys_manipulations_when_running_script in /home/kaiyaok2/PythonProjects/memray/tests/integration/test_main.py: 852.9608912467957s cumulative, 10.703802347183228s individual

.
current test PASSED/SKIPPED -- test_report_detects_corrupt_input in /home/kaiyaok2/PythonProjects/memray/tests/integration/test_main.py: 859.615442276001s cumulative, 6.654551029205322s individual


unit/test_highwatermark_command.py ⚠  No debug information was found for the Python interpreter  ⚠

Without debug information reports showing native traces may not include file 
names and line numbers. Please use an interpreter built with debug symbols for 
best results. Check https://bloomberg.github.io/memray/native_mode.html for more
information regarding how memray resolves symbols.

.
current test PASSED/SKIPPED -- test_tracker_and_reporter_interactions_for_temporary_allocations in /home/kaiyaok2/PythonProjects/memray/tests/unit/test_highwatermark_command.py: 864.8360261917114s cumulative, 5.220583915710449s individual


integration/test_tracking.py .
current test PASSED/SKIPPED -- test_non_freed_allocations_are_accounted_for in /home/kaiyaok2/PythonProjects/memray/tests/integration/test_tracking.py: 867.8668370246887s cumulative, 3.030810832977295s individual

.
current test PASSED/SKIPPED -- test_pthread_tracking in /home/kaiyaok2/PythonProjects/memray/tests/integration/test_tracking.py: 870.0718581676483s cumulative, 2.2050211429595947s individual

.
current test PASSED/SKIPPED -- test_allocations_after_high_watermark_is_freed_do_not_appear in /home/kaiyaok2/PythonProjects/memray/tests/integration/test_tracking.py: 872.2724816799164s cumulative, 2.2006235122680664s individual

.
current test PASSED/SKIPPED -- test_simple_pymalloc_allocation_tracking in /home/kaiyaok2/PythonProjects/memray/tests/integration/test_tracking.py: 874.5689871311188s cumulative, 2.2965054512023926s individual

.
current test PASSED/SKIPPED -- test_pymalloc_allocation_tracking_deactivated in /home/kaiyaok2/PythonProjects/memray/tests/integration/test_tracking.py: 876.6505348682404s cumulative, 2.081547737121582s individual

.
current test PASSED/SKIPPED -- test_simple_pymalloc_allocation_tracking in /home/kaiyaok2/PythonProjects/memray/tests/integration/test_tracking.py: 878.5421786308289s cumulative, 1.891643762588501s individual


integration/test_main.py .
current test PASSED/SKIPPED -- test_report_detects_missing_input in /home/kaiyaok2/PythonProjects/memray/tests/integration/test_main.py: 881.5397362709045s cumulative, 2.9975576400756836s individual

.
current test PASSED/SKIPPED -- test_sys_manipulations_when_running_module in /home/kaiyaok2/PythonProjects/memray/tests/integration/test_main.py: 884.0382964611053s cumulative, 2.4985601902008057s individual


unit/test_flamegraph_reporter.py .
current test PASSED/SKIPPED -- test_very_deep_call_is_limited in /home/kaiyaok2/PythonProjects/memray/tests/unit/test_flamegraph_reporter.py: 885.8017210960388s cumulative, 1.7634246349334717s individual


integration/test_native_tracking.py .
current test PASSED/SKIPPED -- test_multithreaded_extension_with_native_tracking in /home/kaiyaok2/PythonProjects/memray/tests/integration/test_native_tracking.py: 899.0351877212524s cumulative, 13.233466625213623s individual


unit/test_tree_reporter.py .
current test PASSED/SKIPPED -- test_allocations_of_different_sizes in /home/kaiyaok2/PythonProjects/memray/tests/unit/test_tree_reporter.py: 905.0151841640472s cumulative, 5.9799964427948s individual


unit/test_cli.py .
current test PASSED/SKIPPED -- test_parser_takes_force_flag in /home/kaiyaok2/PythonProjects/memray/tests/unit/test_cli.py: 905.0363748073578s cumulative, 0.021190643310546875s individual

.
current test PASSED/SKIPPED -- test_parser_rejects_when_no_results_provided in /home/kaiyaok2/PythonProjects/memray/tests/unit/test_cli.py: 905.0583992004395s cumulative, 0.02202439308166504s individual

.
current test PASSED/SKIPPED -- test_parser_accepts_single_argument in /home/kaiyaok2/PythonProjects/memray/tests/unit/test_cli.py: 905.0737130641937s cumulative, 0.015313863754272461s individual

.
current test PASSED/SKIPPED -- test_parser_takes_memory_leaks_as_a_flag in /home/kaiyaok2/PythonProjects/memray/tests/unit/test_cli.py: 905.0880393981934s cumulative, 0.014326333999633789s individual

.
current test PASSED/SKIPPED -- test_parser_accepts_short_form_output_1 in /home/kaiyaok2/PythonProjects/memray/tests/unit/test_cli.py: 905.1011483669281s cumulative, 0.013108968734741211s individual

.
current test PASSED/SKIPPED -- test_parser_accepts_short_form_output_2 in /home/kaiyaok2/PythonProjects/memray/tests/unit/test_cli.py: 905.114631652832s cumulative, 0.013483285903930664s individual

.
current test PASSED/SKIPPED -- test_parser_accepts_long_form_output_2 in /home/kaiyaok2/PythonProjects/memray/tests/unit/test_cli.py: 905.1285452842712s cumulative, 0.013913631439208984s individual

.
current test PASSED/SKIPPED -- test_parser_accepts_long_form_output_1 in /home/kaiyaok2/PythonProjects/memray/tests/unit/test_cli.py: 905.1435430049896s cumulative, 0.014997720718383789s individual

.
current test PASSED/SKIPPED -- test_parser_rejects_no_arguments in /home/kaiyaok2/PythonProjects/memray/tests/unit/test_cli.py: 905.1653952598572s cumulative, 0.02185225486755371s individual

.
current test PASSED/SKIPPED -- test_determine_output in /home/kaiyaok2/PythonProjects/memray/tests/unit/test_cli.py: 905.1799468994141s cumulative, 0.014551639556884766s individual

.
current test PASSED/SKIPPED -- test_determine_output in /home/kaiyaok2/PythonProjects/memray/tests/unit/test_cli.py: 905.1989817619324s cumulative, 0.019034862518310547s individual

.
current test PASSED/SKIPPED -- test_determine_output in /home/kaiyaok2/PythonProjects/memray/tests/unit/test_cli.py: 905.2109091281891s cumulative, 0.011927366256713867s individual

.
current test PASSED/SKIPPED -- test_parser_rejects_no_arguments in /home/kaiyaok2/PythonProjects/memray/tests/unit/test_cli.py: 905.2416372299194s cumulative, 0.03072810173034668s individual

.
current test PASSED/SKIPPED -- test_parser_rejects_when_no_results_provided in /home/kaiyaok2/PythonProjects/memray/tests/unit/test_cli.py: 905.2642242908478s cumulative, 0.022587060928344727s individual

.
current test PASSED/SKIPPED -- test_determine_output in /home/kaiyaok2/PythonProjects/memray/tests/unit/test_cli.py: 905.2751665115356s cumulative, 0.010942220687866211s individual

.
current test PASSED/SKIPPED -- test_determine_output in /home/kaiyaok2/PythonProjects/memray/tests/unit/test_cli.py: 905.2843890190125s cumulative, 0.00922250747680664s individual

.
current test PASSED/SKIPPED -- test_determine_output in /home/kaiyaok2/PythonProjects/memray/tests/unit/test_cli.py: 905.2939884662628s cumulative, 0.009599447250366211s individual

.
current test PASSED/SKIPPED -- test_parser_accepts_single_argument in /home/kaiyaok2/PythonProjects/memray/tests/unit/test_cli.py: 905.3065173625946s cumulative, 0.01252889633178711s individual

.
current test PASSED/SKIPPED -- test_parser_acceps_biggest_allocs_short_form in /home/kaiyaok2/PythonProjects/memray/tests/unit/test_cli.py: 905.3180363178253s cumulative, 0.01151895523071289s individual

.
current test PASSED/SKIPPED -- test_parser_acceps_biggest_allocs_long_form in /home/kaiyaok2/PythonProjects/memray/tests/unit/test_cli.py: 905.32910323143s cumulative, 0.011066913604736328s individual

.
current test PASSED/SKIPPED -- test_determine_output in /home/kaiyaok2/PythonProjects/memray/tests/unit/test_cli.py: 905.3389263153076s cumulative, 0.009823083877563477s individual

.
current test PASSED/SKIPPED -- test_determine_output in /home/kaiyaok2/PythonProjects/memray/tests/unit/test_cli.py: 905.3487219810486s cumulative, 0.009795665740966797s individual

.
current test PASSED/SKIPPED -- test_determine_output in /home/kaiyaok2/PythonProjects/memray/tests/unit/test_cli.py: 905.3580493927002s cumulative, 0.009327411651611328s individual

F
current test FAILED -- test_run_with_live in /home/kaiyaok2/PythonProjects/memray/tests/unit/test_cli.py: 906.1974442005157s cumulative, 0.8393948078155518s individual

Writing profile results into memray-foobar.py.<MagicMock name='getpid()' id='139839649166048'>.bin
[memray] Successfully generated profile results.

You can now generate reports from the stored allocation records.
Some example commands to generate reports:

/usr/bin/python3 -m memray flamegraph memray-foobar.py.<MagicMock name='getpid()' id='139839649166048'>.bin
.
current test PASSED/SKIPPED -- test_run_file in /home/kaiyaok2/PythonProjects/memray/tests/unit/test_cli.py: 906.2981867790222s cumulative, 0.10074257850646973s individual

Writing profile results into memray-foobar.0.bin
[memray] Successfully generated profile results.

You can now generate reports from the stored allocation records.
Some example commands to generate reports:

/usr/bin/python3 -m memray flamegraph memray-foobar.0.bin
.
current test PASSED/SKIPPED -- test_run_with_native_mode in /home/kaiyaok2/PythonProjects/memray/tests/unit/test_cli.py: 906.3815014362335s cumulative, 0.08331465721130371s individual

.
current test PASSED/SKIPPED -- test_parser_accepts_long_form_output_1 in /home/kaiyaok2/PythonProjects/memray/tests/unit/test_cli.py: 906.3980350494385s cumulative, 0.016533613204956055s individual

.
current test PASSED/SKIPPED -- test_parser_accepts_single_argument_with_format in /home/kaiyaok2/PythonProjects/memray/tests/unit/test_cli.py: 906.4174633026123s cumulative, 0.019428253173828125s individual

.
current test PASSED/SKIPPED -- test_parser_accepts_short_form_output_1 in /home/kaiyaok2/PythonProjects/memray/tests/unit/test_cli.py: 906.4416291713715s cumulative, 0.024165868759155273s individual

.
current test PASSED/SKIPPED -- test_parser_rejects_when_no_results_provided in /home/kaiyaok2/PythonProjects/memray/tests/unit/test_cli.py: 906.4680593013763s cumulative, 0.026430130004882812s individual

.
current test PASSED/SKIPPED -- test_parser_accepts_long_form_output_2 in /home/kaiyaok2/PythonProjects/memray/tests/unit/test_cli.py: 906.4883618354797s cumulative, 0.020302534103393555s individual

.
current test PASSED/SKIPPED -- test_parser_takes_force_flag in /home/kaiyaok2/PythonProjects/memray/tests/unit/test_cli.py: 906.5105900764465s cumulative, 0.022228240966796875s individual

.
current test PASSED/SKIPPED -- test_parser_takes_memory_leaks_as_a_flag in /home/kaiyaok2/PythonProjects/memray/tests/unit/test_cli.py: 906.5362832546234s cumulative, 0.025693178176879883s individual

.
current test PASSED/SKIPPED -- test_parser_accepts_short_form_output_2 in /home/kaiyaok2/PythonProjects/memray/tests/unit/test_cli.py: 906.5529091358185s cumulative, 0.01662588119506836s individual

.
current test PASSED/SKIPPED -- test_parser_invalid_format in /home/kaiyaok2/PythonProjects/memray/tests/unit/test_cli.py: 906.574464559555s cumulative, 0.021555423736572266s individual

.
current test PASSED/SKIPPED -- test_parser_rejects_no_arguments in /home/kaiyaok2/PythonProjects/memray/tests/unit/test_cli.py: 906.5922346115112s cumulative, 0.017770051956176758s individual

.
current test PASSED/SKIPPED -- test_parser_rejects_no_arguments in /home/kaiyaok2/PythonProjects/memray/tests/unit/test_cli.py: 906.6071865558624s cumulative, 0.014951944351196289s individual

.
current test PASSED/SKIPPED -- test_parser_accepts_single_argument in /home/kaiyaok2/PythonProjects/memray/tests/unit/test_cli.py: 906.6236600875854s cumulative, 0.01647353172302246s individual

.
current test PASSED/SKIPPED -- test_parser_accepts_valid_num_largest_allocators in /home/kaiyaok2/PythonProjects/memray/tests/unit/test_cli.py: 906.6387507915497s cumulative, 0.015090703964233398s individual

.
current test PASSED/SKIPPED -- test_parser_rejects_invalid_num_largest_allocators in /home/kaiyaok2/PythonProjects/memray/tests/unit/test_cli.py: 906.6545333862305s cumulative, 0.015782594680786133s individual

.
current test PASSED/SKIPPED -- test_parser_rejects_sort_column_incorrect_values in /home/kaiyaok2/PythonProjects/memray/tests/unit/test_cli.py: 906.6713538169861s cumulative, 0.016820430755615234s individual

.
current test PASSED/SKIPPED -- test_parser_accepts_single_argument in /home/kaiyaok2/PythonProjects/memray/tests/unit/test_cli.py: 906.6821074485779s cumulative, 0.010753631591796875s individual

.
current test PASSED/SKIPPED -- test_parser_accepts_max_rows_sort_form in /home/kaiyaok2/PythonProjects/memray/tests/unit/test_cli.py: 906.6941690444946s cumulative, 0.012061595916748047s individual

.
current test PASSED/SKIPPED -- test_parser_rejects_no_arguments in /home/kaiyaok2/PythonProjects/memray/tests/unit/test_cli.py: 906.7094707489014s cumulative, 0.015301704406738281s individual

.
current test PASSED/SKIPPED -- test_parser_rejects_sort_column_incorrect_values in /home/kaiyaok2/PythonProjects/memray/tests/unit/test_cli.py: 906.7258365154266s cumulative, 0.016365766525268555s individual

.
current test PASSED/SKIPPED -- test_parser_accepts_max_rows_long_form in /home/kaiyaok2/PythonProjects/memray/tests/unit/test_cli.py: 906.7374424934387s cumulative, 0.011605978012084961s individual

.
current test PASSED/SKIPPED -- test_parser_accepts_sort_column_long_form in /home/kaiyaok2/PythonProjects/memray/tests/unit/test_cli.py: 906.7481114864349s cumulative, 0.01066899299621582s individual

.
current test PASSED/SKIPPED -- test_parser_accepts_sort_column_sort_form in /home/kaiyaok2/PythonProjects/memray/tests/unit/test_cli.py: 906.7590236663818s cumulative, 0.010912179946899414s individual

.
current test PASSED/SKIPPED -- test_parser_rejects_when_no_results_provided in /home/kaiyaok2/PythonProjects/memray/tests/unit/test_cli.py: 906.7737741470337s cumulative, 0.014750480651855469s individual

.
current test PASSED/SKIPPED -- test_parser_accepts_long_form_output_1 in /home/kaiyaok2/PythonProjects/memray/tests/unit/test_cli.py: 906.785070180893s cumulative, 0.01129603385925293s individual

.
current test PASSED/SKIPPED -- test_parser_takes_memory_leaks_as_a_flag in /home/kaiyaok2/PythonProjects/memray/tests/unit/test_cli.py: 906.7970855236053s cumulative, 0.012015342712402344s individual

.
current test PASSED/SKIPPED -- test_parser_accepts_single_argument in /home/kaiyaok2/PythonProjects/memray/tests/unit/test_cli.py: 906.8095557689667s cumulative, 0.012470245361328125s individual

.
current test PASSED/SKIPPED -- test_parser_takes_force_flag in /home/kaiyaok2/PythonProjects/memray/tests/unit/test_cli.py: 906.8210911750793s cumulative, 0.011535406112670898s individual

.
current test PASSED/SKIPPED -- test_parser_accepts_short_form_output_1 in /home/kaiyaok2/PythonProjects/memray/tests/unit/test_cli.py: 906.8323459625244s cumulative, 0.01125478744506836s individual

.
current test PASSED/SKIPPED -- test_parser_rejects_no_arguments in /home/kaiyaok2/PythonProjects/memray/tests/unit/test_cli.py: 906.8471035957336s cumulative, 0.014757633209228516s individual

.
current test PASSED/SKIPPED -- test_parser_accepts_short_form_output_2 in /home/kaiyaok2/PythonProjects/memray/tests/unit/test_cli.py: 906.8581011295319s cumulative, 0.010997533798217773s individual

.
current test PASSED/SKIPPED -- test_parser_accepts_long_form_output_2 in /home/kaiyaok2/PythonProjects/memray/tests/unit/test_cli.py: 906.8703336715698s cumulative, 0.012232542037963867s individual


integration/test_tracking.py .
current test PASSED/SKIPPED -- test_leaks_allocations_are_detected in /home/kaiyaok2/PythonProjects/memray/tests/integration/test_tracking.py: 907.6151847839355s cumulative, 0.7448511123657227s individual

.
current test PASSED/SKIPPED -- test_unmatched_deallocations_are_not_reported in /home/kaiyaok2/PythonProjects/memray/tests/integration/test_tracking.py: 908.4763107299805s cumulative, 0.8611259460449219s individual

.
current test PASSED/SKIPPED -- test_temporary_allocations_outside_buffer_are_not_detected in /home/kaiyaok2/PythonProjects/memray/tests/integration/test_tracking.py: 909.2799639701843s cumulative, 0.8036532402038574s individual

.
current test PASSED/SKIPPED -- test_pymalloc_allocation_tracking_deactivated in /home/kaiyaok2/PythonProjects/memray/tests/integration/test_tracking.py: 910.2245302200317s cumulative, 0.9445662498474121s individual


integration/test_main.py .
current test PASSED/SKIPPED -- test_run_file_that_is_not_python in /home/kaiyaok2/PythonProjects/memray/tests/integration/test_main.py: 910.5344977378845s cumulative, 0.3099675178527832s individual

.
current test PASSED/SKIPPED -- test_run_file_that_is_not_python in /home/kaiyaok2/PythonProjects/memray/tests/integration/test_main.py: 910.6534028053284s cumulative, 0.11890506744384766s individual

.
current test PASSED/SKIPPED -- test_run_file_that_is_not_python in /home/kaiyaok2/PythonProjects/memray/tests/integration/test_main.py: 910.7975077629089s cumulative, 0.1441049575805664s individual


unit/test_tui_reporter.py .
current test PASSED/SKIPPED -- test_pid_display in /home/kaiyaok2/PythonProjects/memray/tests/unit/test_tui_reporter.py: 915.4261956214905s cumulative, 4.628687858581543s individual


integration/test_native_tracking.py .
current test PASSED/SKIPPED -- test_deep_call_chain_with_native_tracking in /home/kaiyaok2/PythonProjects/memray/tests/integration/test_native_tracking.py: 923.6756563186646s cumulative, 8.249460697174072s individual


integration/test_tracing.py .
current test PASSED/SKIPPED -- test_restart_tracing_function_gets_correctly_the_frames in /home/kaiyaok2/PythonProjects/memray/tests/integration/test_tracing.py: 927.6659498214722s cumulative, 3.990293502807617s individual



==================================== ERRORS ====================================
_ ERROR at setup of TestSocketReaderAccess.test_reading_allocations_while_reading_stack_traces _
file /home/kaiyaok2/PythonProjects/memray/tests/integration/test_socket.py, line 361
      @pytest.mark.valgrind
      def test_reading_allocations_while_reading_stack_traces(
E       fixture 'free_port' not found
>       available fixtures: anyio_backend, anyio_backend_name, anyio_backend_options, cache, capfd, capfdbinary, caplog, capsys, capsysbinary, class_mocker, cov, doctest_namespace, mocker, module_mocker, monkeypatch, no_cover, package_mocker, pytestconfig, record_property, record_testsuite_property, record_xml_attribute, recwarn, run_around_tests, session_mocker, snap_compare, snapshot, testrun_uid, tmp_path, tmp_path_factory, tmpdir, tmpdir_factory, worker_id
>       use 'pytest --fixtures [testpath]' for help on them.

/home/kaiyaok2/PythonProjects/memray/tests/integration/test_socket.py:361
_ ERROR at setup of TestSocketReaderAccess.test_multiple_context_entries_does_not_crash _
file /home/kaiyaok2/PythonProjects/memray/tests/integration/test_socket.py, line 311
      @pytest.mark.valgrind
      def test_multiple_context_entries_does_not_crash(
E       fixture 'free_port' not found
>       available fixtures: anyio_backend, anyio_backend_name, anyio_backend_options, cache, capfd, capfdbinary, caplog, capsys, capsysbinary, class_mocker, cov, doctest_namespace, mocker, module_mocker, monkeypatch, no_cover, package_mocker, pytestconfig, record_property, record_testsuite_property, record_xml_attribute, recwarn, run_around_tests, session_mocker, snap_compare, snapshot, testrun_uid, tmp_path, tmp_path_factory, tmpdir, tmpdir_factory, worker_id
>       use 'pytest --fixtures [testpath]' for help on them.

/home/kaiyaok2/PythonProjects/memray/tests/integration/test_socket.py:311
_ ERROR at setup of TestSocketReaderErrorHandling.test_get_current_snapshot_raises_before_context _
file /home/kaiyaok2/PythonProjects/memray/tests/integration/test_socket.py, line 146
      @pytest.mark.valgrind
      def test_get_current_snapshot_raises_before_context(self, free_port: int) -> None:
E       fixture 'free_port' not found
>       available fixtures: anyio_backend, anyio_backend_name, anyio_backend_options, cache, capfd, capfdbinary, caplog, capsys, capsysbinary, class_mocker, cov, doctest_namespace, mocker, module_mocker, monkeypatch, no_cover, package_mocker, pytestconfig, record_property, record_testsuite_property, record_xml_attribute, recwarn, run_around_tests, session_mocker, snap_compare, snapshot, testrun_uid, tmp_path, tmp_path_factory, tmpdir, tmpdir_factory, worker_id
>       use 'pytest --fixtures [testpath]' for help on them.

/home/kaiyaok2/PythonProjects/memray/tests/integration/test_socket.py:146
_ ERROR at setup of TestSocketReaderErrorHandling.test_get_current_snapshot_raises_after_context _
file /home/kaiyaok2/PythonProjects/memray/tests/integration/test_socket.py, line 172
      @pytest.mark.valgrind
      def test_get_current_snapshot_raises_after_context(
E       fixture 'free_port' not found
>       available fixtures: anyio_backend, anyio_backend_name, anyio_backend_options, cache, capfd, capfdbinary, caplog, capsys, capsysbinary, class_mocker, cov, doctest_namespace, mocker, module_mocker, monkeypatch, no_cover, package_mocker, pytestconfig, record_property, record_testsuite_property, record_xml_attribute, recwarn, run_around_tests, session_mocker, snap_compare, snapshot, testrun_uid, tmp_path, tmp_path_factory, tmpdir, tmpdir_factory, worker_id
>       use 'pytest --fixtures [testpath]' for help on them.

/home/kaiyaok2/PythonProjects/memray/tests/integration/test_socket.py:172
_ ERROR at setup of TestSocketReaderErrorHandling.test_get_current_snapshot_first_yield_after_context_raises _
file /home/kaiyaok2/PythonProjects/memray/tests/integration/test_socket.py, line 193
      @pytest.mark.valgrind
      def test_get_current_snapshot_first_yield_after_context_raises(
E       fixture 'free_port' not found
>       available fixtures: anyio_backend, anyio_backend_name, anyio_backend_options, cache, capfd, capfdbinary, caplog, capsys, capsysbinary, class_mocker, cov, doctest_namespace, mocker, module_mocker, monkeypatch, no_cover, package_mocker, pytestconfig, record_property, record_testsuite_property, record_xml_attribute, recwarn, run_around_tests, session_mocker, snap_compare, snapshot, testrun_uid, tmp_path, tmp_path_factory, tmpdir, tmpdir_factory, worker_id
>       use 'pytest --fixtures [testpath]' for help on them.

/home/kaiyaok2/PythonProjects/memray/tests/integration/test_socket.py:193
___ ERROR at setup of TestSocketReaderAccess.test_multi_allocation_snapshot ____
file /home/kaiyaok2/PythonProjects/memray/tests/integration/test_socket.py, line 283
      @pytest.mark.valgrind
      def test_multi_allocation_snapshot(self, free_port: int, tmp_path: Path) -> None:
E       fixture 'free_port' not found
>       available fixtures: anyio_backend, anyio_backend_name, anyio_backend_options, cache, capfd, capfdbinary, caplog, capsys, capsysbinary, class_mocker, cov, doctest_namespace, mocker, module_mocker, monkeypatch, no_cover, package_mocker, pytestconfig, record_property, record_testsuite_property, record_xml_attribute, recwarn, run_around_tests, session_mocker, snap_compare, snapshot, testrun_uid, tmp_path, tmp_path_factory, tmpdir, tmpdir_factory, worker_id
>       use 'pytest --fixtures [testpath]' for help on them.

/home/kaiyaok2/PythonProjects/memray/tests/integration/test_socket.py:283
___ ERROR at setup of TestSocketReaderAccess.test_single_allocation_snapshot ___
file /home/kaiyaok2/PythonProjects/memray/tests/integration/test_socket.py, line 255
      @pytest.mark.valgrind
      def test_single_allocation_snapshot(self, free_port: int, tmp_path: Path) -> None:
E       fixture 'free_port' not found
>       available fixtures: anyio_backend, anyio_backend_name, anyio_backend_options, cache, capfd, capfdbinary, caplog, capsys, capsysbinary, class_mocker, cov, doctest_namespace, mocker, module_mocker, monkeypatch, no_cover, package_mocker, pytestconfig, record_property, record_testsuite_property, record_xml_attribute, recwarn, run_around_tests, session_mocker, snap_compare, snapshot, testrun_uid, tmp_path, tmp_path_factory, tmpdir, tmpdir_factory, worker_id
>       use 'pytest --fixtures [testpath]' for help on them.

/home/kaiyaok2/PythonProjects/memray/tests/integration/test_socket.py:255
___ ERROR at setup of TestSocketReaderAccess.test_empty_snapshot_after_free ____
file /home/kaiyaok2/PythonProjects/memray/tests/integration/test_socket.py, line 236
      @pytest.mark.valgrind
      def test_empty_snapshot_after_free(self, free_port: int, tmp_path: Path) -> None:
E       fixture 'free_port' not found
>       available fixtures: anyio_backend, anyio_backend_name, anyio_backend_options, cache, capfd, capfdbinary, caplog, capsys, capsysbinary, class_mocker, cov, doctest_namespace, mocker, module_mocker, monkeypatch, no_cover, package_mocker, pytestconfig, record_property, record_testsuite_property, record_xml_attribute, recwarn, run_around_tests, session_mocker, snap_compare, snapshot, testrun_uid, tmp_path, tmp_path_factory, tmpdir, tmpdir_factory, worker_id
>       use 'pytest --fixtures [testpath]' for help on them.

/home/kaiyaok2/PythonProjects/memray/tests/integration/test_socket.py:236
__________ ERROR at setup of TestSocketReaderAccess.test_command_line __________
file /home/kaiyaok2/PythonProjects/memray/tests/integration/test_socket.py, line 341
      @pytest.mark.valgrind
      def test_command_line(self, free_port: int, tmp_path: Path) -> None:
E       fixture 'free_port' not found
>       available fixtures: anyio_backend, anyio_backend_name, anyio_backend_options, cache, capfd, capfdbinary, caplog, capsys, capsysbinary, class_mocker, cov, doctest_namespace, mocker, module_mocker, monkeypatch, no_cover, package_mocker, pytestconfig, record_property, record_testsuite_property, record_xml_attribute, recwarn, run_around_tests, session_mocker, snap_compare, snapshot, testrun_uid, tmp_path, tmp_path_factory, tmpdir, tmpdir_factory, worker_id
>       use 'pytest --fixtures [testpath]' for help on them.

/home/kaiyaok2/PythonProjects/memray/tests/integration/test_socket.py:341
_ ERROR at setup of TestLiveRemoteSubcommand.test_live_client_exits_properly_on_sigint_before_connecting _
file /home/kaiyaok2/PythonProjects/memray/tests/integration/test_main.py, line 1494
      def test_live_client_exits_properly_on_sigint_before_connecting(self, free_port):
E       fixture 'free_port' not found
>       available fixtures: anyio_backend, anyio_backend_name, anyio_backend_options, cache, capfd, capfdbinary, caplog, capsys, capsysbinary, class_mocker, cov, doctest_namespace, mocker, module_mocker, monkeypatch, no_cover, package_mocker, pytestconfig, record_property, record_testsuite_property, record_xml_attribute, recwarn, run_around_tests, session_mocker, simple_test_file, snap_compare, snapshot, test_file_returns_from_fork, testrun_uid, tmp_path, tmp_path_factory, tmpdir, tmpdir_factory, worker_id
>       use 'pytest --fixtures [testpath]' for help on them.

/home/kaiyaok2/PythonProjects/memray/tests/integration/test_main.py:1494
_ ERROR at setup of TestSocketReaderErrorHandling.test_nested_context_is_diallowed _
file /home/kaiyaok2/PythonProjects/memray/tests/integration/test_socket.py, line 214
      @pytest.mark.valgrind
      def test_nested_context_is_diallowed(self, free_port: int, tmp_path: Path) -> None:
E       fixture 'free_port' not found
>       available fixtures: anyio_backend, anyio_backend_name, anyio_backend_options, cache, capfd, capfdbinary, caplog, capsys, capsysbinary, class_mocker, cov, doctest_namespace, mocker, module_mocker, monkeypatch, no_cover, package_mocker, pytestconfig, record_property, record_testsuite_property, record_xml_attribute, recwarn, run_around_tests, session_mocker, snap_compare, snapshot, testrun_uid, tmp_path, tmp_path_factory, tmpdir, tmpdir_factory, worker_id
>       use 'pytest --fixtures [testpath]' for help on them.

/home/kaiyaok2/PythonProjects/memray/tests/integration/test_socket.py:214
_ ERROR at setup of TestSocketReaderErrorHandling.test_get_is_active_after_context _
file /home/kaiyaok2/PythonProjects/memray/tests/integration/test_socket.py, line 155
      def test_get_is_active_after_context(self, free_port: int, tmp_path: Path) -> None:
E       fixture 'free_port' not found
>       available fixtures: anyio_backend, anyio_backend_name, anyio_backend_options, cache, capfd, capfdbinary, caplog, capsys, capsysbinary, class_mocker, cov, doctest_namespace, mocker, module_mocker, monkeypatch, no_cover, package_mocker, pytestconfig, record_property, record_testsuite_property, record_xml_attribute, recwarn, run_around_tests, session_mocker, snap_compare, snapshot, testrun_uid, tmp_path, tmp_path_factory, tmpdir, tmpdir_factory, worker_id
>       use 'pytest --fixtures [testpath]' for help on them.

/home/kaiyaok2/PythonProjects/memray/tests/integration/test_socket.py:155
________ ERROR at setup of TestLiveRemoteSubcommand.test_live_tracking _________
file /home/kaiyaok2/PythonProjects/memray/tests/integration/test_main.py, line 1285
      def test_live_tracking(self, tmp_path, simple_test_file, free_port):
E       fixture 'free_port' not found
>       available fixtures: anyio_backend, anyio_backend_name, anyio_backend_options, cache, capfd, capfdbinary, caplog, capsys, capsysbinary, class_mocker, cov, doctest_namespace, mocker, module_mocker, monkeypatch, no_cover, package_mocker, pytestconfig, record_property, record_testsuite_property, record_xml_attribute, recwarn, run_around_tests, session_mocker, simple_test_file, snap_compare, snapshot, test_file_returns_from_fork, testrun_uid, tmp_path, tmp_path_factory, tmpdir, tmpdir_factory, worker_id
>       use 'pytest --fixtures [testpath]' for help on them.

/home/kaiyaok2/PythonProjects/memray/tests/integration/test_main.py:1285
_ ERROR at setup of TestLiveRemoteSubcommand.test_live_tracking_server_when_client_disconnects _
file /home/kaiyaok2/PythonProjects/memray/tests/integration/test_main.py, line 1402
      def test_live_tracking_server_when_client_disconnects(self, free_port, tmp_path):
E       fixture 'free_port' not found
>       available fixtures: anyio_backend, anyio_backend_name, anyio_backend_options, cache, capfd, capfdbinary, caplog, capsys, capsysbinary, class_mocker, cov, doctest_namespace, mocker, module_mocker, monkeypatch, no_cover, package_mocker, pytestconfig, record_property, record_testsuite_property, record_xml_attribute, recwarn, run_around_tests, session_mocker, simple_test_file, snap_compare, snapshot, test_file_returns_from_fork, testrun_uid, tmp_path, tmp_path_factory, tmpdir, tmpdir_factory, worker_id
>       use 'pytest --fixtures [testpath]' for help on them.

/home/kaiyaok2/PythonProjects/memray/tests/integration/test_main.py:1402
=================================== FAILURES ===================================
_______ TestRunSubCommand.test_run_with_live_and_trace_python_allocators _______

self = <MagicMock name='LiveCommand().start_live_interface' id='139838875939936'>
args = (1234,), kwargs = {'cmdline_override': './directory/foobar.py arg1 arg2'}
expected = call(1234, cmdline_override='./directory/foobar.py arg1 arg2')
actual = call(1234, cmdline_override='/tmp/pytest-of-kaiyaok2/pytest-40/test_tui_pause_narrow_terminal1/main.py')
_error_message = <function NonCallableMock.assert_called_with.<locals>._error_message at 0x7f2ed0672b90>
cause = None

    def assert_called_with(self, /, *args, **kwargs):
        """assert that the last call was made with the specified arguments.
    
        Raises an AssertionError if the args and keyword args passed in are
        different to the last call to the mock."""
        if self.call_args is None:
            expected = self._format_mock_call_signature(args, kwargs)
            actual = 'not called.'
            error_message = ('expected call not found.\nExpected: %s\nActual: %s'
                    % (expected, actual))
            raise AssertionError(error_message)
    
        def _error_message():
            msg = self._format_mock_failure_message(args, kwargs)
            return msg
        expected = self._call_matcher(_Call((args, kwargs), two=True))
        actual = self._call_matcher(self.call_args)
        if actual != expected:
            cause = expected if isinstance(expected, Exception) else None
>           raise AssertionError(_error_message()) from cause
E           AssertionError: expected call not found.
E           Expected: start_live_interface(1234, cmdline_override='./directory/foobar.py arg1 arg2')
E           Actual: start_live_interface(1234, cmdline_override='/tmp/pytest-of-kaiyaok2/pytest-40/test_tui_pause_narrow_terminal1/main.py')

/usr/lib/python3.10/unittest/mock.py:929: AssertionError

During handling of the above exception, another exception occurred:

self = <tests.unit.test_cli.TestRunSubCommand object at 0x7f2f25d38f40>
live_command_mock = <MagicMock name='LiveCommand' id='139838877825200'>
popen_mock = <MagicMock name='Popen' id='139838875773120'>
getpid_mock = <MagicMock name='getpid' id='139838875699088'>
runpy_mock = <MagicMock name='runpy' id='139838875706912'>
tracker_mock = <MagicMock name='Tracker' id='139838875682032'>
validate_mock = <MagicMock name='validate_target_file' id='139838875689856'>

    @patch("memray.commands.run.subprocess.Popen")
    @patch("memray.commands.run.LiveCommand")
    def test_run_with_live_and_trace_python_allocators(
        self,
        live_command_mock,
        popen_mock,
        getpid_mock,
        runpy_mock,
        tracker_mock,
        validate_mock,
    ):
        getpid_mock.return_value = 0
        popen_mock().__enter__().returncode = 0
        with patch("memray.commands.run._get_free_port", return_value=1234):
            assert 0 == main(
                [
                    "run",
                    "--live",
                    "--trace-python-allocators",
                    "./directory/foobar.py",
                    "arg1",
                    "arg2",
                ]
            )
        popen_mock.assert_called_with(
            [
                sys.executable,
                "-c",
                "from memray.commands.run import _child_process;"
                "_child_process(1234,False,True,False,False,False,"
                "'./directory/foobar.py',['arg1', 'arg2'])",
            ],
            stderr=-1,
            stdout=-3,
            text=True,
        )
>       live_command_mock().start_live_interface.assert_called_with(
            1234,
            cmdline_override="./directory/foobar.py arg1 arg2",
        )
E       AssertionError: expected call not found.
E       Expected: start_live_interface(1234, cmdline_override='./directory/foobar.py arg1 arg2')
E       Actual: start_live_interface(1234, cmdline_override='/tmp/pytest-of-kaiyaok2/pytest-40/test_tui_pause_narrow_terminal1/main.py')
E       
E       pytest introspection follows:
E       
E       Kwargs:
E       assert {'cmdline_ove...nal1/main.py'} == {'cmdline_ove...py arg1 arg2'}
E         Differing items:
E         {'cmdline_override': '/tmp/pytest-of-kaiyaok2/pytest-40/test_tui_pause_narrow_terminal1/main.py'} != {'cmdline_override': './directory/foobar.py arg1 arg2'}
E         Use -v to get more diff

unit/test_cli.py:219: AssertionError
_____________________ TestRunSubCommand.test_run_with_live _____________________

self = <MagicMock name='LiveCommand().start_live_interface' id='139838516508512'>
args = (1234,), kwargs = {'cmdline_override': './directory/foobar.py arg1 arg2'}
expected = call(1234, cmdline_override='./directory/foobar.py arg1 arg2')
actual = call(1234, cmdline_override='/tmp/pytest-of-kaiyaok2/pytest-40/test_allocations_of_different_0/main.py')
_error_message = <function NonCallableMock.assert_called_with.<locals>._error_message at 0x7f2eb0fa8a60>
cause = None

    def assert_called_with(self, /, *args, **kwargs):
        """assert that the last call was made with the specified arguments.
    
        Raises an AssertionError if the args and keyword args passed in are
        different to the last call to the mock."""
        if self.call_args is None:
            expected = self._format_mock_call_signature(args, kwargs)
            actual = 'not called.'
            error_message = ('expected call not found.\nExpected: %s\nActual: %s'
                    % (expected, actual))
            raise AssertionError(error_message)
    
        def _error_message():
            msg = self._format_mock_failure_message(args, kwargs)
            return msg
        expected = self._call_matcher(_Call((args, kwargs), two=True))
        actual = self._call_matcher(self.call_args)
        if actual != expected:
            cause = expected if isinstance(expected, Exception) else None
>           raise AssertionError(_error_message()) from cause
E           AssertionError: expected call not found.
E           Expected: start_live_interface(1234, cmdline_override='./directory/foobar.py arg1 arg2')
E           Actual: start_live_interface(1234, cmdline_override='/tmp/pytest-of-kaiyaok2/pytest-40/test_allocations_of_different_0/main.py')

/usr/lib/python3.10/unittest/mock.py:929: AssertionError

During handling of the above exception, another exception occurred:

self = <tests.unit.test_cli.TestRunSubCommand object at 0x7f2f25d38dc0>
live_command_mock = <MagicMock name='LiveCommand' id='139838514942672'>
popen_mock = <MagicMock name='Popen' id='139838514696240'>
getpid_mock = <MagicMock name='getpid' id='139838514693168'>
runpy_mock = <MagicMock name='runpy' id='139838514668560'>
tracker_mock = <MagicMock name='Tracker' id='139838514660544'>
validate_mock = <MagicMock name='validate_target_file' id='139838514458640'>

    @patch("memray.commands.run.subprocess.Popen")
    @patch("memray.commands.run.LiveCommand")
    def test_run_with_live(
        self,
        live_command_mock,
        popen_mock,
        getpid_mock,
        runpy_mock,
        tracker_mock,
        validate_mock,
    ):
        getpid_mock.return_value = 0
        popen_mock().__enter__().returncode = 0
        with patch("memray.commands.run._get_free_port", return_value=1234):
            assert 0 == main(["run", "--live", "./directory/foobar.py", "arg1", "arg2"])
        popen_mock.assert_called_with(
            [
                sys.executable,
                "-c",
                "from memray.commands.run import _child_process;"
                "_child_process(1234,False,False,False,False,False,"
                "'./directory/foobar.py',['arg1', 'arg2'])",
            ],
            stderr=-1,
            stdout=-3,
            text=True,
        )
>       live_command_mock().start_live_interface.assert_called_with(
            1234,
            cmdline_override="./directory/foobar.py arg1 arg2",
        )
E       AssertionError: expected call not found.
E       Expected: start_live_interface(1234, cmdline_override='./directory/foobar.py arg1 arg2')
E       Actual: start_live_interface(1234, cmdline_override='/tmp/pytest-of-kaiyaok2/pytest-40/test_allocations_of_different_0/main.py')
E       
E       pytest introspection follows:
E       
E       Kwargs:
E       assert {'cmdline_ove...nt_0/main.py'} == {'cmdline_ove...py arg1 arg2'}
E         Differing items:
E         {'cmdline_override': '/tmp/pytest-of-kaiyaok2/pytest-40/test_allocations_of_different_0/main.py'} != {'cmdline_override': './directory/foobar.py arg1 arg2'}
E         Use -v to get more diff

unit/test_cli.py:178: AssertionError
--------------------------- snapshot report summary ----------------------------
19 snapshots passed.
=========================== short test summary info ============================
FAILED unit/test_cli.py::TestRunSubCommand::test_run_with_live_and_trace_python_allocators
FAILED unit/test_cli.py::TestRunSubCommand::test_run_with_live - AssertionErr...
ERROR integration/test_socket.py::TestSocketReaderAccess::test_reading_allocations_while_reading_stack_traces
ERROR integration/test_socket.py::TestSocketReaderAccess::test_multiple_context_entries_does_not_crash
ERROR integration/test_socket.py::TestSocketReaderErrorHandling::test_get_current_snapshot_raises_before_context
ERROR integration/test_socket.py::TestSocketReaderErrorHandling::test_get_current_snapshot_raises_after_context
ERROR integration/test_socket.py::TestSocketReaderErrorHandling::test_get_current_snapshot_first_yield_after_context_raises
ERROR integration/test_socket.py::TestSocketReaderAccess::test_multi_allocation_snapshot
ERROR integration/test_socket.py::TestSocketReaderAccess::test_single_allocation_snapshot
ERROR integration/test_socket.py::TestSocketReaderAccess::test_empty_snapshot_after_free
ERROR integration/test_socket.py::TestSocketReaderAccess::test_command_line
ERROR integration/test_main.py::TestLiveRemoteSubcommand::test_live_client_exits_properly_on_sigint_before_connecting
ERROR integration/test_socket.py::TestSocketReaderErrorHandling::test_nested_context_is_diallowed
ERROR integration/test_socket.py::TestSocketReaderErrorHandling::test_get_is_active_after_context
ERROR integration/test_main.py::TestLiveRemoteSubcommand::test_live_tracking
ERROR integration/test_main.py::TestLiveRemoteSubcommand::test_live_tracking_server_when_client_disconnects
======= 2 failed, 569 passed, 11 skipped, 14 errors in 959.91s (0:15:59) =======
