============================= test session starts ==============================
platform linux -- Python 3.10.12, pytest-7.4.4, pluggy-1.3.0
Using --randomly-seed=1705808675
PyQt5 5.15.10 -- Qt runtime 5.15.2 -- Qt compiled 5.15.2
rootdir: /home/kaiyaok2/PythonProjects/memray
configfile: pyproject.toml
plugins: hypothesis-6.81.1, cov-4.1.0, randomly-3.1.0, typeguard-4.1.5, timeout-1.4.2, qt-4.3.1, nbval-0.10.0, xdist-3.5.0, mock-3.12.0, tcp-0.1.1, textual-snapshot-0.4.0, cookies-0.7.0, instafail-0.5.0, syrupy-4.6.0, anyio-3.7.1
collected 596 items
Using TCP weights 0.5-0.5
Collect TCP features took 0.22181487083435059s.
Compute TCP order took 0.008056879043579102s.

integration/test_main.py .
current test PASSED/SKIPPED -- test_live_tracking_invalid_port in /home/kaiyaok2/PythonProjects/memray/tests/integration/test_main.py: 0.9951989650726318s cumulative, 0.9951989650726318s individual


integration/test_api.py .
current test PASSED/SKIPPED -- test_file_destination in /home/kaiyaok2/PythonProjects/memray/tests/integration/test_api.py: 2.3838541507720947s cumulative, 1.388655185699463s individual


integration/test_socket.py E
current test FAILED -- test_get_current_snapshot_raises_before_context in /home/kaiyaok2/PythonProjects/memray/tests/integration/test_socket.py: 2.3890833854675293s cumulative, 0.00522923469543457s individual


unit/test_table_reporter.py .
current test PASSED/SKIPPED -- test_single_native_allocation in /home/kaiyaok2/PythonProjects/memray/tests/unit/test_table_reporter.py: 2.3929355144500732s cumulative, 0.0038521289825439453s individual

.
current test PASSED/SKIPPED -- test_empty_stack_trace in /home/kaiyaok2/PythonProjects/memray/tests/unit/test_table_reporter.py: 2.396250009536743s cumulative, 0.003314495086669922s individual

.
current test PASSED/SKIPPED -- test_empty_report in /home/kaiyaok2/PythonProjects/memray/tests/unit/test_table_reporter.py: 2.399613618850708s cumulative, 0.0033636093139648438s individual

.
current test PASSED/SKIPPED -- test_multiple_allocations in /home/kaiyaok2/PythonProjects/memray/tests/unit/test_table_reporter.py: 2.403001546859741s cumulative, 0.003387928009033203s individual

.
current test PASSED/SKIPPED -- test_single_allocation in /home/kaiyaok2/PythonProjects/memray/tests/unit/test_table_reporter.py: 2.406350612640381s cumulative, 0.0033490657806396484s individual


unit/test_highwatermark_command.py .
current test PASSED/SKIPPED -- test_succeeds_when_given_output_exists_but_can_overwrite in /home/kaiyaok2/PythonProjects/memray/tests/unit/test_highwatermark_command.py: 2.414891242980957s cumulative, 0.008540630340576172s individual

.
current test PASSED/SKIPPED -- test_uses_determine_output_filename_when_output_is_none in /home/kaiyaok2/PythonProjects/memray/tests/unit/test_highwatermark_command.py: 2.4224679470062256s cumulative, 0.007576704025268555s individual

.
current test PASSED/SKIPPED -- test_fails_when_results_does_not_exist in /home/kaiyaok2/PythonProjects/memray/tests/unit/test_highwatermark_command.py: 2.4298877716064453s cumulative, 0.0074198246002197266s individual

.
current test PASSED/SKIPPED -- test_uses_output_name_as_given in /home/kaiyaok2/PythonProjects/memray/tests/unit/test_highwatermark_command.py: 2.4353628158569336s cumulative, 0.005475044250488281s individual

.
current test PASSED/SKIPPED -- test_fails_when_fallback_output_exists in /home/kaiyaok2/PythonProjects/memray/tests/unit/test_highwatermark_command.py: 2.440563917160034s cumulative, 0.005201101303100586s individual

.
current test PASSED/SKIPPED -- test_fails_when_given_output_exists in /home/kaiyaok2/PythonProjects/memray/tests/unit/test_highwatermark_command.py: 2.446744918823242s cumulative, 0.006181001663208008s individual

.
current test PASSED/SKIPPED -- test_succeeds_when_fallback_output_exists_but_can_overwrite in /home/kaiyaok2/PythonProjects/memray/tests/unit/test_highwatermark_command.py: 2.4517741203308105s cumulative, 0.005029201507568359s individual

.
current test PASSED/SKIPPED -- test_generates_output_name_when_none in /home/kaiyaok2/PythonProjects/memray/tests/unit/test_highwatermark_command.py: 2.4562408924102783s cumulative, 0.0044667720794677734s individual


integration/test_ipython.py .
current test PASSED/SKIPPED -- test_passing_help_argument in /home/kaiyaok2/PythonProjects/memray/tests/integration/test_ipython.py: 2.5424370765686035s cumulative, 0.0861961841583252s individual

.
current test PASSED/SKIPPED -- test_passing_invalid_argument in /home/kaiyaok2/PythonProjects/memray/tests/integration/test_ipython.py: 2.601569175720215s cumulative, 0.05913209915161133s individual


unit/test_cli.py Writing profile results into memray-foobar.py.<MagicMock name='getpid()' id='140550814808720'>.bin
[memray] Successfully generated profile results.

You can now generate reports from the stored allocation records.
Some example commands to generate reports:

/usr/bin/python3 -m memray flamegraph memray-foobar.py.<MagicMock name='getpid()' id='140550814808720'>.bin
.
current test PASSED/SKIPPED -- test_run_file in /home/kaiyaok2/PythonProjects/memray/tests/unit/test_cli.py: 2.645258665084839s cumulative, 0.04368948936462402s individual

Writing profile results into ./directory/memray-foobar.py.0.bin
[memray] Successfully generated profile results.

You can now generate reports from the stored allocation records.
Some example commands to generate reports:

/usr/bin/python3 -m memray flamegraph ./directory/memray-foobar.py.0.bin
.
current test PASSED/SKIPPED -- test_run_relative_file in /home/kaiyaok2/PythonProjects/memray/tests/unit/test_cli.py: 2.6764254570007324s cumulative, 0.031166791915893555s individual

Writing profile results into memray-string.<MagicMock name='getpid()' id='140550815445824'>.bin
[memray] Successfully generated profile results.

You can now generate reports from the stored allocation records.
Some example commands to generate reports:

/usr/bin/python3 -m memray flamegraph memray-string.<MagicMock name='getpid()' id='140550815445824'>.bin
.
current test PASSED/SKIPPED -- test_run_cmd in /home/kaiyaok2/PythonProjects/memray/tests/unit/test_cli.py: 2.7160770893096924s cumulative, 0.03965163230895996s individual

Writing profile results into my_output
[memray] Successfully generated profile results.

You can now generate reports from the stored allocation records.
Some example commands to generate reports:

/usr/bin/python3 -m memray flamegraph my_output
.
current test PASSED/SKIPPED -- test_run_override_output in /home/kaiyaok2/PythonProjects/memray/tests/unit/test_cli.py: 2.789470911026001s cumulative, 0.0733938217163086s individual

Writing profile results into memray-foobar.<MagicMock name='getpid()' id='140550813586752'>.bin
[memray] Successfully generated profile results.

You can now generate reports from the stored allocation records.
Some example commands to generate reports:

/usr/bin/python3 -m memray flamegraph memray-foobar.<MagicMock name='getpid()' id='140550813586752'>.bin
.
current test PASSED/SKIPPED -- test_run_module in /home/kaiyaok2/PythonProjects/memray/tests/unit/test_cli.py: 2.82714581489563s cumulative, 0.037674903869628906s individual

Writing profile results into my_output
[memray] Successfully generated profile results.

You can now generate reports from the stored allocation records.
Some example commands to generate reports:

/usr/bin/python3 -m memray flamegraph my_output
.
current test PASSED/SKIPPED -- test_run_overwrite_output_file in /home/kaiyaok2/PythonProjects/memray/tests/unit/test_cli.py: 2.857465982437134s cumulative, 0.030320167541503906s individual


unit/test_highwatermark_command.py ⚠  No debug information was found for the Python interpreter  ⚠

Without debug information reports showing native traces may not include file 
names and line numbers. Please use an interpreter built with debug symbols for 
best results. Check https://bloomberg.github.io/memray/native_mode.html for more
information regarding how memray resolves symbols.

.
current test PASSED/SKIPPED -- test_tracker_and_reporter_interactions_for_peak in /home/kaiyaok2/PythonProjects/memray/tests/unit/test_highwatermark_command.py: 4.441265821456909s cumulative, 1.5837998390197754s individual

⚠  No debug information was found for the Python interpreter  ⚠

Without debug information reports showing native traces may not include file 
names and line numbers. Please use an interpreter built with debug symbols for 
best results. Check https://bloomberg.github.io/memray/native_mode.html for more
information regarding how memray resolves symbols.

.
current test PASSED/SKIPPED -- test_tracker_and_reporter_interactions_for_peak in /home/kaiyaok2/PythonProjects/memray/tests/unit/test_highwatermark_command.py: 6.164853096008301s cumulative, 1.7235872745513916s individual

⚠  No debug information was found for the Python interpreter  ⚠

Without debug information reports showing native traces may not include file 
names and line numbers. Please use an interpreter built with debug symbols for 
best results. Check https://bloomberg.github.io/memray/native_mode.html for more
information regarding how memray resolves symbols.

.
current test PASSED/SKIPPED -- test_tracker_and_reporter_interactions_for_leak in /home/kaiyaok2/PythonProjects/memray/tests/unit/test_highwatermark_command.py: 8.421251773834229s cumulative, 2.2563986778259277s individual


unit/test_tree_reporter.py .
current test PASSED/SKIPPED -- test_expand_linear_chain in /home/kaiyaok2/PythonProjects/memray/tests/unit/test_tree_reporter.py: 9.210334777832031s cumulative, 0.7890830039978027s individual


integration/test_main.py .
current test PASSED/SKIPPED -- test_report_leaks_argument in /home/kaiyaok2/PythonProjects/memray/tests/integration/test_main.py: 15.002790689468384s cumulative, 5.7924559116363525s individual

.
current test PASSED/SKIPPED -- test_report_incompatible_arguments in /home/kaiyaok2/PythonProjects/memray/tests/integration/test_main.py: 21.45036005973816s cumulative, 6.447569370269775s individual


unit/test_tui_reporter.py .
current test PASSED/SKIPPED -- test_tui_basic in /home/kaiyaok2/PythonProjects/memray/tests/unit/test_tui_reporter.py: 24.74809503555298s cumulative, 3.2977349758148193s individual


unit/test_stats_reporter.py .
current test PASSED/SKIPPED -- test_stats_output in /home/kaiyaok2/PythonProjects/memray/tests/unit/test_stats_reporter.py: 24.761565923690796s cumulative, 0.013470888137817383s individual

.
current test PASSED/SKIPPED -- test_stats_output_json in /home/kaiyaok2/PythonProjects/memray/tests/unit/test_stats_reporter.py: 24.778067588806152s cumulative, 0.016501665115356445s individual

.
current test PASSED/SKIPPED -- test_get_histogram_over_bound in /home/kaiyaok2/PythonProjects/memray/tests/unit/test_stats_reporter.py: 24.789486408233643s cumulative, 0.011418819427490234s individual

.
current test PASSED/SKIPPED -- test_get_histogram_all_allocations_same_size in /home/kaiyaok2/PythonProjects/memray/tests/unit/test_stats_reporter.py: 24.798597812652588s cumulative, 0.009111404418945312s individual

.
current test PASSED/SKIPPED -- test_draw_histogram_smaller_scale_factor in /home/kaiyaok2/PythonProjects/memray/tests/unit/test_stats_reporter.py: 24.808923959732056s cumulative, 0.010326147079467773s individual

.
current test PASSED/SKIPPED -- test_get_histogram_databins_invalid_bins in /home/kaiyaok2/PythonProjects/memray/tests/unit/test_stats_reporter.py: 24.818618774414062s cumulative, 0.009694814682006836s individual

.
current test PASSED/SKIPPED -- test_draw_histogram in /home/kaiyaok2/PythonProjects/memray/tests/unit/test_stats_reporter.py: 24.832722187042236s cumulative, 0.014103412628173828s individual

.
current test PASSED/SKIPPED -- test_get_histogram_databins_rounding in /home/kaiyaok2/PythonProjects/memray/tests/unit/test_stats_reporter.py: 24.84339714050293s cumulative, 0.01067495346069336s individual

.
current test PASSED/SKIPPED -- test_draw_histogram_invalid_input in /home/kaiyaok2/PythonProjects/memray/tests/unit/test_stats_reporter.py: 24.86073923110962s cumulative, 0.017342090606689453s individual

.
current test PASSED/SKIPPED -- test_get_histogram_databins in /home/kaiyaok2/PythonProjects/memray/tests/unit/test_stats_reporter.py: 24.87112283706665s cumulative, 0.01038360595703125s individual


unit/test_tui_reporter.py .
current test PASSED/SKIPPED -- test_one_point_lower_than_max in /home/kaiyaok2/PythonProjects/memray/tests/unit/test_tui_reporter.py: 24.898756504058838s cumulative, 0.0276336669921875s individual

.
current test PASSED/SKIPPED -- test_multiple_points_scattered in /home/kaiyaok2/PythonProjects/memray/tests/unit/test_tui_reporter.py: 24.93575930595398s cumulative, 0.0370028018951416s individual

.
current test PASSED/SKIPPED -- test_one_point_bigger_than_max_after_resize in /home/kaiyaok2/PythonProjects/memray/tests/unit/test_tui_reporter.py: 24.974332332611084s cumulative, 0.03857302665710449s individual

.
current test PASSED/SKIPPED -- test_one_point_bigger_than_max in /home/kaiyaok2/PythonProjects/memray/tests/unit/test_tui_reporter.py: 24.998970985412598s cumulative, 0.024638652801513672s individual

.
current test PASSED/SKIPPED -- test_empty in /home/kaiyaok2/PythonProjects/memray/tests/unit/test_tui_reporter.py: 25.015621662139893s cumulative, 0.016650676727294922s individual

.
current test PASSED/SKIPPED -- test_multiple_points in /home/kaiyaok2/PythonProjects/memray/tests/unit/test_tui_reporter.py: 25.04697060585022s cumulative, 0.03134894371032715s individual

.
current test PASSED/SKIPPED -- test_size_of_graph in /home/kaiyaok2/PythonProjects/memray/tests/unit/test_tui_reporter.py: 25.074093103408813s cumulative, 0.02712249755859375s individual

.
current test PASSED/SKIPPED -- test_native_frames in /home/kaiyaok2/PythonProjects/memray/tests/unit/test_tui_reporter.py: 25.08954668045044s cumulative, 0.015453577041625977s individual

.
current test PASSED/SKIPPED -- test_simple_allocations in /home/kaiyaok2/PythonProjects/memray/tests/unit/test_tui_reporter.py: 25.104528665542603s cumulative, 0.014981985092163086s individual

.
current test PASSED/SKIPPED -- test_missing_frames in /home/kaiyaok2/PythonProjects/memray/tests/unit/test_tui_reporter.py: 25.115000009536743s cumulative, 0.010471343994140625s individual


integration/test_api.py .
current test PASSED/SKIPPED -- test_aggregated_capture_with_socket_destination in /home/kaiyaok2/PythonProjects/memray/tests/integration/test_api.py: 25.125166654586792s cumulative, 0.010166645050048828s individual

.
current test PASSED/SKIPPED -- test_combine_destination_args in /home/kaiyaok2/PythonProjects/memray/tests/integration/test_api.py: 25.13351345062256s cumulative, 0.008346796035766602s individual

.
current test PASSED/SKIPPED -- test_no_destination_arg in /home/kaiyaok2/PythonProjects/memray/tests/integration/test_api.py: 25.157434701919556s cumulative, 0.02392125129699707s individual

.
current test PASSED/SKIPPED -- test_follow_fork_with_socket_destination in /home/kaiyaok2/PythonProjects/memray/tests/integration/test_api.py: 25.18619966506958s cumulative, 0.028764963150024414s individual


integration/test_tracking.py .
current test PASSED/SKIPPED -- test_multiple_high_watermark in /home/kaiyaok2/PythonProjects/memray/tests/integration/test_tracking.py: 27.05962562561035s cumulative, 1.8734259605407715s individual

.
current test PASSED/SKIPPED -- test_final_allocation_is_peak in /home/kaiyaok2/PythonProjects/memray/tests/integration/test_tracking.py: 28.975029468536377s cumulative, 1.9154038429260254s individual

.
current test PASSED/SKIPPED -- test_simple_allocation_tracking in /home/kaiyaok2/PythonProjects/memray/tests/integration/test_tracking.py: 31.24505114555359s cumulative, 2.270021677017212s individual

.
current test PASSED/SKIPPED -- test_simple_pymalloc_allocation_tracking in /home/kaiyaok2/PythonProjects/memray/tests/integration/test_tracking.py: 32.97895097732544s cumulative, 1.7338998317718506s individual

.
current test PASSED/SKIPPED -- test_simple_allocation_tracking in /home/kaiyaok2/PythonProjects/memray/tests/integration/test_tracking.py: 34.752541303634644s cumulative, 1.773590326309204s individual


integration/test_socket.py E
current test FAILED -- test_single_allocation_snapshot in /home/kaiyaok2/PythonProjects/memray/tests/integration/test_socket.py: 34.80339431762695s cumulative, 0.05085301399230957s individual

E
current test FAILED -- test_command_line in /home/kaiyaok2/PythonProjects/memray/tests/integration/test_socket.py: 34.84756875038147s cumulative, 0.0441744327545166s individual

E
current test FAILED -- test_empty_snapshot_after_free in /home/kaiyaok2/PythonProjects/memray/tests/integration/test_socket.py: 34.883861780166626s cumulative, 0.03629302978515625s individual

E
current test FAILED -- test_multi_allocation_snapshot in /home/kaiyaok2/PythonProjects/memray/tests/integration/test_socket.py: 34.91563868522644s cumulative, 0.03177690505981445s individual

E
current test FAILED -- test_get_current_snapshot_raises_after_context in /home/kaiyaok2/PythonProjects/memray/tests/integration/test_socket.py: 34.948328733444214s cumulative, 0.03269004821777344s individual

E
current test FAILED -- test_get_current_snapshot_first_yield_after_context_raises in /home/kaiyaok2/PythonProjects/memray/tests/integration/test_socket.py: 34.98465871810913s cumulative, 0.03632998466491699s individual


integration/test_native_tracking.py .
current test PASSED/SKIPPED -- test_native_tracing_header in /home/kaiyaok2/PythonProjects/memray/tests/integration/test_native_tracking.py: 39.392202615737915s cumulative, 4.407543897628784s individual


unit/test_tui_reporter.py .
current test PASSED/SKIPPED -- test_switching_threads in /home/kaiyaok2/PythonProjects/memray/tests/unit/test_tui_reporter.py: 45.35367798805237s cumulative, 5.961475372314453s individual


integration/test_tracking.py .
current test PASSED/SKIPPED -- test_temporary_allocations_when_filling_vector_without_preallocating_small_buffer in /home/kaiyaok2/PythonProjects/memray/tests/integration/test_tracking.py: 47.66969442367554s cumulative, 2.316016435623169s individual

.
current test PASSED/SKIPPED -- test_temporary_allocations_outside_buffer_are_not_detected in /home/kaiyaok2/PythonProjects/memray/tests/integration/test_tracking.py: 49.247538805007935s cumulative, 1.5778443813323975s individual

.
current test PASSED/SKIPPED -- test_thread_allocations_multiple_threads in /home/kaiyaok2/PythonProjects/memray/tests/integration/test_tracking.py: 51.20622181892395s cumulative, 1.9586830139160156s individual

.
current test PASSED/SKIPPED -- test_partial_munmap_multiple_split_in_middle in /home/kaiyaok2/PythonProjects/memray/tests/integration/test_tracking.py: 54.19078826904297s cumulative, 2.9845664501190186s individual


integration/test_socket.py E
current test FAILED -- test_get_is_active_after_context in /home/kaiyaok2/PythonProjects/memray/tests/integration/test_socket.py: 54.20733046531677s cumulative, 0.01654219627380371s individual

E
current test FAILED -- test_nested_context_is_diallowed in /home/kaiyaok2/PythonProjects/memray/tests/integration/test_socket.py: 54.230218172073364s cumulative, 0.022887706756591797s individual


unit/test_tree_reporter.py .
current test PASSED/SKIPPED -- test_hide_import_system in /home/kaiyaok2/PythonProjects/memray/tests/unit/test_tree_reporter.py: 57.664567947387695s cumulative, 3.434349775314331s individual


integration/test_tracing.py .
current test PASSED/SKIPPED -- test_initial_tracking_frames_are_correctly_populated in /home/kaiyaok2/PythonProjects/memray/tests/integration/test_tracing.py: 60.560113191604614s cumulative, 2.895545244216919s individual

.
current test PASSED/SKIPPED -- test_allocation_in_thread_started_before_tracking_starts in /home/kaiyaok2/PythonProjects/memray/tests/integration/test_tracing.py: 63.322752714157104s cumulative, 2.7626395225524902s individual


integration/test_native_tracking.py .
current test PASSED/SKIPPED -- test_multithreaded_extension_with_native_tracking in /home/kaiyaok2/PythonProjects/memray/tests/integration/test_native_tracking.py: 78.71959066390991s cumulative, 15.396837949752808s individual


unit/test_highwatermark_command.py ⚠  No debug information was found for the Python interpreter  ⚠

Without debug information reports showing native traces may not include file 
names and line numbers. Please use an interpreter built with debug symbols for 
best results. Check https://bloomberg.github.io/memray/native_mode.html for more
information regarding how memray resolves symbols.

.
current test PASSED/SKIPPED -- test_tracker_and_reporter_interactions_for_temporary_allocations in /home/kaiyaok2/PythonProjects/memray/tests/unit/test_highwatermark_command.py: 80.39507293701172s cumulative, 1.6754822731018066s individual


unit/test_tree_reporter.py .
current test PASSED/SKIPPED -- test_no_allocations in /home/kaiyaok2/PythonProjects/memray/tests/unit/test_tree_reporter.py: 83.13298678398132s cumulative, 2.7379138469696045s individual


unit/test_tui_reporter.py .
current test PASSED/SKIPPED -- test_pid_display in /home/kaiyaok2/PythonProjects/memray/tests/unit/test_tui_reporter.py: 84.22524523735046s cumulative, 1.0922584533691406s individual


test_utils.py .
current test PASSED/SKIPPED -- test_filters_for_valloc_and_free in /home/kaiyaok2/PythonProjects/memray/tests/test_utils.py: 84.23423647880554s cumulative, 0.008991241455078125s individual

.
current test PASSED/SKIPPED -- test_free_records_with_unmatched_addresses_do_not_appear in /home/kaiyaok2/PythonProjects/memray/tests/test_utils.py: 84.23947286605835s cumulative, 0.005236387252807617s individual

.
current test PASSED/SKIPPED -- test_filters_based_on_addresses in /home/kaiyaok2/PythonProjects/memray/tests/test_utils.py: 84.24404811859131s cumulative, 0.004575252532958984s individual

.
current test PASSED/SKIPPED -- test_free_records_with_valid_addresses_that_dont_match_do_not_appear in /home/kaiyaok2/PythonProjects/memray/tests/test_utils.py: 84.25006365776062s cumulative, 0.0060155391693115234s individual

.
current test PASSED/SKIPPED -- test_holds_values_at_correct_names in /home/kaiyaok2/PythonProjects/memray/tests/test_utils.py: 84.25878357887268s cumulative, 0.008719921112060547s individual

.
current test PASSED/SKIPPED -- test_equality in /home/kaiyaok2/PythonProjects/memray/tests/test_utils.py: 84.26654291152954s cumulative, 0.0077593326568603516s individual

.
current test PASSED/SKIPPED -- test_looks_like_AllocationRecord in /home/kaiyaok2/PythonProjects/memray/tests/test_utils.py: 84.27846360206604s cumulative, 0.011920690536499023s individual


integration/test_main.py .
current test PASSED/SKIPPED -- test_report_detects_missing_input in /home/kaiyaok2/PythonProjects/memray/tests/integration/test_main.py: 87.99149322509766s cumulative, 3.713029623031616s individual

.
current test PASSED/SKIPPED -- test_live_tracking_waits_for_client in /home/kaiyaok2/PythonProjects/memray/tests/integration/test_main.py: 90.40183782577515s cumulative, 2.4103446006774902s individual


integration/test_native_tracking.py .
current test PASSED/SKIPPED -- test_deep_call_chain_with_native_tracking in /home/kaiyaok2/PythonProjects/memray/tests/integration/test_native_tracking.py: 102.13759064674377s cumulative, 11.735752820968628s individual


unit/test_tui_reporter.py .
current test PASSED/SKIPPED -- test_tui_basic in /home/kaiyaok2/PythonProjects/memray/tests/unit/test_tui_reporter.py: 105.11307859420776s cumulative, 2.9754879474639893s individual


integration/test_tracking.py .
current test PASSED/SKIPPED -- test_header_allocator in /home/kaiyaok2/PythonProjects/memray/tests/integration/test_tracking.py: 106.4821195602417s cumulative, 1.3690409660339355s individual


integration/test_main.py .
current test PASSED/SKIPPED -- test_leaks_with_pymalloc_warning in /home/kaiyaok2/PythonProjects/memray/tests/integration/test_main.py: 111.76460886001587s cumulative, 5.28248929977417s individual

.
current test PASSED/SKIPPED -- test_error_when_stdout_is_a_tty in /home/kaiyaok2/PythonProjects/memray/tests/integration/test_main.py: 118.5067412853241s cumulative, 6.7421324253082275s individual

.
current test PASSED/SKIPPED -- test_report_temporary_allocations_argument in /home/kaiyaok2/PythonProjects/memray/tests/integration/test_main.py: 123.12464427947998s cumulative, 4.617902994155884s individual

.
current test PASSED/SKIPPED -- test_report_detects_corrupt_input in /home/kaiyaok2/PythonProjects/memray/tests/integration/test_main.py: 124.9033739566803s cumulative, 1.7787296772003174s individual


unit/test_tree_reporter.py .
current test PASSED/SKIPPED -- test_show_uninteresting_system in /home/kaiyaok2/PythonProjects/memray/tests/unit/test_tree_reporter.py: 125.50252676010132s cumulative, 0.5991528034210205s individual


integration/test_main.py .
current test PASSED/SKIPPED -- test_split_threads_subcommand in /home/kaiyaok2/PythonProjects/memray/tests/integration/test_main.py: 129.915292263031s cumulative, 4.4127655029296875s individual

.
current test PASSED/SKIPPED -- test_run_live_tracking_invalid_port in /home/kaiyaok2/PythonProjects/memray/tests/integration/test_main.py: 131.3171730041504s cumulative, 1.4018807411193848s individual

.
current test PASSED/SKIPPED -- test_report_generated in /home/kaiyaok2/PythonProjects/memray/tests/integration/test_main.py: 134.89632439613342s cumulative, 3.5791513919830322s individual

.
current test PASSED/SKIPPED -- test_report_detects_corrupt_input in /home/kaiyaok2/PythonProjects/memray/tests/integration/test_main.py: 138.59200954437256s cumulative, 3.6956851482391357s individual


unit/test_tree_reporter.py .
current test PASSED/SKIPPED -- test_hide_import_system_idempotency in /home/kaiyaok2/PythonProjects/memray/tests/unit/test_tree_reporter.py: 143.67427468299866s cumulative, 5.082265138626099s individual


unit/test_summary_reporter.py .
current test PASSED/SKIPPED -- test_max_rows in /home/kaiyaok2/PythonProjects/memray/tests/unit/test_summary_reporter.py: 143.82687902450562s cumulative, 0.152604341506958s individual

.
current test PASSED/SKIPPED -- test_with_multiple_allocations_and_native_traces in /home/kaiyaok2/PythonProjects/memray/tests/unit/test_summary_reporter.py: 143.93442749977112s cumulative, 0.10754847526550293s individual

.
current test PASSED/SKIPPED -- test_non_sequence_iterable in /home/kaiyaok2/PythonProjects/memray/tests/unit/test_summary_reporter.py: 144.00685095787048s cumulative, 0.07242345809936523s individual


integration/test_native_tracking.py .
current test PASSED/SKIPPED -- test_hybrid_stack_in_pure_python in /home/kaiyaok2/PythonProjects/memray/tests/integration/test_native_tracking.py: 146.81538367271423s cumulative, 2.80853271484375s individual

.
current test PASSED/SKIPPED -- test_hybrid_stack_in_a_thread in /home/kaiyaok2/PythonProjects/memray/tests/integration/test_native_tracking.py: 152.76031947135925s cumulative, 5.9449357986450195s individual


unit/test_tree_reporter.py .
current test PASSED/SKIPPED -- test_show_uninteresting in /home/kaiyaok2/PythonProjects/memray/tests/unit/test_tree_reporter.py: 154.27151155471802s cumulative, 1.5111920833587646s individual


unit/test_tui_reporter.py .
current test PASSED/SKIPPED -- test_command_line_display in /home/kaiyaok2/PythonProjects/memray/tests/unit/test_tui_reporter.py: 158.79734683036804s cumulative, 4.525835275650024s individual


integration/test_main.py .
current test PASSED/SKIPPED -- test_json_generated in /home/kaiyaok2/PythonProjects/memray/tests/integration/test_main.py: 167.117821931839s cumulative, 8.320475101470947s individual

.
current test PASSED/SKIPPED -- test_report_both_temporary_allocation_arguments in /home/kaiyaok2/PythonProjects/memray/tests/integration/test_main.py: 175.44968795776367s cumulative, 8.331866025924683s individual

.
current test PASSED/SKIPPED -- test_run_override_output in /home/kaiyaok2/PythonProjects/memray/tests/integration/test_main.py: 179.84855818748474s cumulative, 4.398870229721069s individual


unit/test_tracker.py .
current test PASSED/SKIPPED -- test_two_trackers_cannot_be_active_at_the_same_time in /home/kaiyaok2/PythonProjects/memray/tests/unit/test_tracker.py: 181.7165846824646s cumulative, 1.8680264949798584s individual


integration/test_tracking.py .
current test PASSED/SKIPPED -- test_header_allocator in /home/kaiyaok2/PythonProjects/memray/tests/integration/test_tracking.py: 183.03653979301453s cumulative, 1.3199551105499268s individual

.
current test PASSED/SKIPPED -- test_no_allocations in /home/kaiyaok2/PythonProjects/memray/tests/integration/test_tracking.py: 183.73959398269653s cumulative, 0.7030541896820068s individual

+10 kB
+ 9 kB
- 9 kB
+ 8 kB
+ 7 kB
- 7 kB
+ 6 kB
+ 5 kB
- 5 kB
+ 4 kB
+ 3 kB
- 3 kB
+ 2 kB
+ 1 kB
- 1 kB
- 2 kB
- 4 kB
- 6 kB
- 8 kB
-10 kB
.
current test PASSED/SKIPPED -- test_spiky_generally_increasing_to_final_peak in /home/kaiyaok2/PythonProjects/memray/tests/integration/test_tracking.py: 185.14772152900696s cumulative, 1.4081275463104248s individual


integration/test_main.py .
current test PASSED/SKIPPED -- test_report_leaks_argument in /home/kaiyaok2/PythonProjects/memray/tests/integration/test_main.py: 190.3644564151764s cumulative, 5.216734886169434s individual

.
current test PASSED/SKIPPED -- test_reads_from_correct_file in /home/kaiyaok2/PythonProjects/memray/tests/integration/test_main.py: 198.64387392997742s cumulative, 8.279417514801025s individual


unit/test_cli.py .
current test PASSED/SKIPPED -- test_parser_takes_force_flag in /home/kaiyaok2/PythonProjects/memray/tests/unit/test_cli.py: 198.7182593345642s cumulative, 0.07438540458679199s individual

.
current test PASSED/SKIPPED -- test_parser_rejects_no_arguments in /home/kaiyaok2/PythonProjects/memray/tests/unit/test_cli.py: 198.76889872550964s cumulative, 0.05063939094543457s individual

.
current test PASSED/SKIPPED -- test_parser_accepts_long_form_output_2 in /home/kaiyaok2/PythonProjects/memray/tests/unit/test_cli.py: 198.79467296600342s cumulative, 0.025774240493774414s individual

.
current test PASSED/SKIPPED -- test_parser_accepts_single_argument in /home/kaiyaok2/PythonProjects/memray/tests/unit/test_cli.py: 198.81781768798828s cumulative, 0.02314472198486328s individual

.
current test PASSED/SKIPPED -- test_parser_accepts_long_form_output_1 in /home/kaiyaok2/PythonProjects/memray/tests/unit/test_cli.py: 198.83949065208435s cumulative, 0.021672964096069336s individual

.
current test PASSED/SKIPPED -- test_parser_takes_memory_leaks_as_a_flag in /home/kaiyaok2/PythonProjects/memray/tests/unit/test_cli.py: 198.8739275932312s cumulative, 0.034436941146850586s individual

.
current test PASSED/SKIPPED -- test_parser_accepts_short_form_output_1 in /home/kaiyaok2/PythonProjects/memray/tests/unit/test_cli.py: 198.89786171913147s cumulative, 0.023934125900268555s individual

.
current test PASSED/SKIPPED -- test_parser_accepts_short_form_output_2 in /home/kaiyaok2/PythonProjects/memray/tests/unit/test_cli.py: 198.91703152656555s cumulative, 0.01916980743408203s individual

.
current test PASSED/SKIPPED -- test_parser_rejects_when_no_results_provided in /home/kaiyaok2/PythonProjects/memray/tests/unit/test_cli.py: 198.9474413394928s cumulative, 0.030409812927246094s individual

.
current test PASSED/SKIPPED -- test_parser_takes_memory_leaks_as_a_flag in /home/kaiyaok2/PythonProjects/memray/tests/unit/test_cli.py: 198.97065424919128s cumulative, 0.023212909698486328s individual

.
current test PASSED/SKIPPED -- test_parser_accepts_long_form_output_2 in /home/kaiyaok2/PythonProjects/memray/tests/unit/test_cli.py: 198.99642133712769s cumulative, 0.025767087936401367s individual

.
current test PASSED/SKIPPED -- test_parser_accepts_short_form_output_2 in /home/kaiyaok2/PythonProjects/memray/tests/unit/test_cli.py: 199.01691436767578s cumulative, 0.020493030548095703s individual

.
current test PASSED/SKIPPED -- test_parser_rejects_when_no_results_provided in /home/kaiyaok2/PythonProjects/memray/tests/unit/test_cli.py: 199.0434648990631s cumulative, 0.0265505313873291s individual

.
current test PASSED/SKIPPED -- test_parser_accepts_long_form_output_1 in /home/kaiyaok2/PythonProjects/memray/tests/unit/test_cli.py: 199.06877279281616s cumulative, 0.025307893753051758s individual

.
current test PASSED/SKIPPED -- test_parser_accepts_short_form_output_1 in /home/kaiyaok2/PythonProjects/memray/tests/unit/test_cli.py: 199.08934926986694s cumulative, 0.02057647705078125s individual

.
current test PASSED/SKIPPED -- test_parser_rejects_no_arguments in /home/kaiyaok2/PythonProjects/memray/tests/unit/test_cli.py: 199.1202130317688s cumulative, 0.03086376190185547s individual

.
current test PASSED/SKIPPED -- test_parser_accepts_single_argument in /home/kaiyaok2/PythonProjects/memray/tests/unit/test_cli.py: 199.1492247581482s cumulative, 0.02901172637939453s individual

.
current test PASSED/SKIPPED -- test_parser_takes_force_flag in /home/kaiyaok2/PythonProjects/memray/tests/unit/test_cli.py: 199.17081832885742s cumulative, 0.021593570709228516s individual

.
current test PASSED/SKIPPED -- test_parser_rejects_no_arguments in /home/kaiyaok2/PythonProjects/memray/tests/unit/test_cli.py: 199.2056872844696s cumulative, 0.03486895561218262s individual

.
current test PASSED/SKIPPED -- test_parser_accepts_single_argument_with_format in /home/kaiyaok2/PythonProjects/memray/tests/unit/test_cli.py: 199.22947573661804s cumulative, 0.0237884521484375s individual

.
current test PASSED/SKIPPED -- test_parser_accepts_long_form_output_2 in /home/kaiyaok2/PythonProjects/memray/tests/unit/test_cli.py: 199.25051140785217s cumulative, 0.02103567123413086s individual

.
current test PASSED/SKIPPED -- test_parser_takes_memory_leaks_as_a_flag in /home/kaiyaok2/PythonProjects/memray/tests/unit/test_cli.py: 199.27365493774414s cumulative, 0.023143529891967773s individual

.
current test PASSED/SKIPPED -- test_parser_accepts_short_form_output_2 in /home/kaiyaok2/PythonProjects/memray/tests/unit/test_cli.py: 199.29704475402832s cumulative, 0.023389816284179688s individual

.
current test PASSED/SKIPPED -- test_parser_accepts_long_form_output_1 in /home/kaiyaok2/PythonProjects/memray/tests/unit/test_cli.py: 199.31888818740845s cumulative, 0.021843433380126953s individual

.
current test PASSED/SKIPPED -- test_parser_accepts_short_form_output_1 in /home/kaiyaok2/PythonProjects/memray/tests/unit/test_cli.py: 199.3433177471161s cumulative, 0.0244295597076416s individual

.
current test PASSED/SKIPPED -- test_parser_invalid_format in /home/kaiyaok2/PythonProjects/memray/tests/unit/test_cli.py: 199.3670814037323s cumulative, 0.023763656616210938s individual

.
current test PASSED/SKIPPED -- test_parser_rejects_when_no_results_provided in /home/kaiyaok2/PythonProjects/memray/tests/unit/test_cli.py: 199.39783382415771s cumulative, 0.03075242042541504s individual

.
current test PASSED/SKIPPED -- test_parser_takes_force_flag in /home/kaiyaok2/PythonProjects/memray/tests/unit/test_cli.py: 199.42685055732727s cumulative, 0.029016733169555664s individual

.
current test PASSED/SKIPPED -- test_parser_accepts_valid_num_largest_allocators in /home/kaiyaok2/PythonProjects/memray/tests/unit/test_cli.py: 199.46256923675537s cumulative, 0.035718679428100586s individual

.
current test PASSED/SKIPPED -- test_parser_rejects_no_arguments in /home/kaiyaok2/PythonProjects/memray/tests/unit/test_cli.py: 199.5048532485962s cumulative, 0.04228401184082031s individual

.
current test PASSED/SKIPPED -- test_parser_accepts_single_argument in /home/kaiyaok2/PythonProjects/memray/tests/unit/test_cli.py: 199.52695894241333s cumulative, 0.022105693817138672s individual

.
current test PASSED/SKIPPED -- test_parser_rejects_invalid_num_largest_allocators in /home/kaiyaok2/PythonProjects/memray/tests/unit/test_cli.py: 199.56241297721863s cumulative, 0.03545403480529785s individual

.
current test PASSED/SKIPPED -- test_parser_rejects_sort_column_incorrect_values in /home/kaiyaok2/PythonProjects/memray/tests/unit/test_cli.py: 199.60467433929443s cumulative, 0.042261362075805664s individual

.
current test PASSED/SKIPPED -- test_parser_accepts_single_argument in /home/kaiyaok2/PythonProjects/memray/tests/unit/test_cli.py: 199.6376440525055s cumulative, 0.03296971321105957s individual

.
current test PASSED/SKIPPED -- test_parser_accepts_max_rows_sort_form in /home/kaiyaok2/PythonProjects/memray/tests/unit/test_cli.py: 199.66574454307556s cumulative, 0.02810049057006836s individual

.
current test PASSED/SKIPPED -- test_parser_accepts_max_rows_long_form in /home/kaiyaok2/PythonProjects/memray/tests/unit/test_cli.py: 199.71444010734558s cumulative, 0.04869556427001953s individual

.
current test PASSED/SKIPPED -- test_parser_rejects_sort_column_incorrect_values in /home/kaiyaok2/PythonProjects/memray/tests/unit/test_cli.py: 199.7534110546112s cumulative, 0.038970947265625s individual

.
current test PASSED/SKIPPED -- test_parser_rejects_no_arguments in /home/kaiyaok2/PythonProjects/memray/tests/unit/test_cli.py: 199.79517221450806s cumulative, 0.041761159896850586s individual

.
current test PASSED/SKIPPED -- test_parser_accepts_sort_column_sort_form in /home/kaiyaok2/PythonProjects/memray/tests/unit/test_cli.py: 199.8350830078125s cumulative, 0.03991079330444336s individual

.
current test PASSED/SKIPPED -- test_parser_accepts_sort_column_long_form in /home/kaiyaok2/PythonProjects/memray/tests/unit/test_cli.py: 199.87062215805054s cumulative, 0.03553915023803711s individual

.
current test PASSED/SKIPPED -- test_determine_output in /home/kaiyaok2/PythonProjects/memray/tests/unit/test_cli.py: 199.90575909614563s cumulative, 0.03513693809509277s individual

.
current test PASSED/SKIPPED -- test_determine_output in /home/kaiyaok2/PythonProjects/memray/tests/unit/test_cli.py: 199.92923736572266s cumulative, 0.023478269577026367s individual

.
current test PASSED/SKIPPED -- test_determine_output in /home/kaiyaok2/PythonProjects/memray/tests/unit/test_cli.py: 199.95034909248352s cumulative, 0.021111726760864258s individual

.
current test PASSED/SKIPPED -- test_parser_rejects_when_no_results_provided in /home/kaiyaok2/PythonProjects/memray/tests/unit/test_cli.py: 199.9910488128662s cumulative, 0.04069972038269043s individual

.
current test PASSED/SKIPPED -- test_parser_acceps_biggest_allocs_short_form in /home/kaiyaok2/PythonProjects/memray/tests/unit/test_cli.py: 200.01140832901s cumulative, 0.020359516143798828s individual

.
current test PASSED/SKIPPED -- test_parser_rejects_no_arguments in /home/kaiyaok2/PythonProjects/memray/tests/unit/test_cli.py: 200.03631496429443s cumulative, 0.024906635284423828s individual

.
current test PASSED/SKIPPED -- test_determine_output in /home/kaiyaok2/PythonProjects/memray/tests/unit/test_cli.py: 200.05421924591064s cumulative, 0.017904281616210938s individual

.
current test PASSED/SKIPPED -- test_determine_output in /home/kaiyaok2/PythonProjects/memray/tests/unit/test_cli.py: 200.0715091228485s cumulative, 0.01728987693786621s individual

.
current test PASSED/SKIPPED -- test_parser_accepts_single_argument in /home/kaiyaok2/PythonProjects/memray/tests/unit/test_cli.py: 200.09179139137268s cumulative, 0.020282268524169922s individual

.
current test PASSED/SKIPPED -- test_determine_output in /home/kaiyaok2/PythonProjects/memray/tests/unit/test_cli.py: 200.1072702407837s cumulative, 0.015478849411010742s individual

.
current test PASSED/SKIPPED -- test_parser_acceps_biggest_allocs_long_form in /home/kaiyaok2/PythonProjects/memray/tests/unit/test_cli.py: 200.1300768852234s cumulative, 0.022806644439697266s individual

.
current test PASSED/SKIPPED -- test_determine_output in /home/kaiyaok2/PythonProjects/memray/tests/unit/test_cli.py: 200.145352602005s cumulative, 0.015275716781616211s individual

.
current test PASSED/SKIPPED -- test_determine_output in /home/kaiyaok2/PythonProjects/memray/tests/unit/test_cli.py: 200.17410349845886s cumulative, 0.028750896453857422s individual

.
current test PASSED/SKIPPED -- test_determine_output in /home/kaiyaok2/PythonProjects/memray/tests/unit/test_cli.py: 200.18969798088074s cumulative, 0.015594482421875s individual


integration/test_ipython.py 

Results saved to memray-results/tmp_zz0xntc/flamegraph.html
.
current test PASSED/SKIPPED -- test_ipython_profiling in /home/kaiyaok2/PythonProjects/memray/tests/integration/test_ipython.py: 203.296630859375s cumulative, 3.1069328784942627s individual


unit/test_flamegraph_reporter.py .
current test PASSED/SKIPPED -- test_inverted_sanity_check_with_real_allocations in /home/kaiyaok2/PythonProjects/memray/tests/unit/test_flamegraph_reporter.py: 206.1723620891571s cumulative, 2.8757312297821045s individual


integration/test_native_tracking.py ['PyType_GenericAlloc', '<unknown>', '_PyObject_MakeTpCall', '<module>', '<unknown>', 'PyEval_EvalCode', '<unknown>', '<unknown>', 'PyRun_StringFlags', 'PyRun_SimpleStringFlags', 'Py_RunMain', 'Py_BytesMain', '<unknown>', '__libc_start_main', '_start']
['_PyObject_GC_NewVar', '<unknown>', '<unknown>', '<unknown>', '<module>', '<unknown>', 'PyEval_EvalCode', '<unknown>', '<unknown>', 'PyRun_StringFlags', 'PyRun_SimpleStringFlags', 'Py_RunMain', 'Py_BytesMain', '<unknown>', '__libc_start_main', '_start']
['_PyObject_GC_NewVar', '<unknown>', '_PyFunction_Vectorcall', '_PyObject_CallFunction_SizeT', 'run_recursive', '<unknown>', '_PyObject_MakeTpCall', '<unknown>', 'foo', '<unknown>', '<unknown>', '<module>', '<unknown>', 'PyEval_EvalCode', '<unknown>', '<unknown>', 'PyRun_StringFlags', 'PyRun_SimpleStringFlags', 'Py_RunMain', 'Py_BytesMain', '<unknown>', '__libc_start_main', '_start']
.
current test PASSED/SKIPPED -- test_hybrid_stack_of_allocations_inside_ceval in /home/kaiyaok2/PythonProjects/memray/tests/integration/test_native_tracking.py: 228.28652358055115s cumulative, 22.114161491394043s individual


integration/test_tracking.py .
current test PASSED/SKIPPED -- test_intertwined_temporary_allocations_in_threads in /home/kaiyaok2/PythonProjects/memray/tests/integration/test_tracking.py: 229.71562600135803s cumulative, 1.4291024208068848s individual

.
current test PASSED/SKIPPED -- test_leak_that_happens_in_the_middle_is_detected in /home/kaiyaok2/PythonProjects/memray/tests/integration/test_tracking.py: 230.8353271484375s cumulative, 1.1197011470794678s individual

.
current test PASSED/SKIPPED -- test_thread_allocations_multiple_threads in /home/kaiyaok2/PythonProjects/memray/tests/integration/test_tracking.py: 232.4438452720642s cumulative, 1.608518123626709s individual

.
current test PASSED/SKIPPED -- test_leaks_allocations_are_detected in /home/kaiyaok2/PythonProjects/memray/tests/integration/test_tracking.py: 234.79539346694946s cumulative, 2.351548194885254s individual

.
current test PASSED/SKIPPED -- test_simple_allocation_tracking in /home/kaiyaok2/PythonProjects/memray/tests/integration/test_tracking.py: 236.8804054260254s cumulative, 2.0850119590759277s individual

.
current test PASSED/SKIPPED -- test_munmap_multiple_mmaps_multiple_munmaps in /home/kaiyaok2/PythonProjects/memray/tests/integration/test_tracking.py: 239.06836485862732s cumulative, 2.1879594326019287s individual

.
current test PASSED/SKIPPED -- test_partial_munmap_gap in /home/kaiyaok2/PythonProjects/memray/tests/integration/test_tracking.py: 240.89793705940247s cumulative, 1.8295722007751465s individual


integration/test_processes.py .
current test PASSED/SKIPPED -- test_allocations_with_multiprocessing_following_fork in /home/kaiyaok2/PythonProjects/memray/tests/integration/test_processes.py: 245.64408373832703s cumulative, 4.7461466789245605s individual


integration/test_native_tracking.py .
current test PASSED/SKIPPED -- test_hybrid_stack_in_recursive_python_c_call in /home/kaiyaok2/PythonProjects/memray/tests/integration/test_native_tracking.py: 252.9678237438202s cumulative, 7.323740005493164s individual


unit/test_cli.py .
current test PASSED/SKIPPED -- test_run_without_arguments in /home/kaiyaok2/PythonProjects/memray/tests/unit/test_cli.py: 253.07081985473633s cumulative, 0.1029961109161377s individual

Writing profile results into memray-foobar.0.bin
[memray] Successfully generated profile results.

You can now generate reports from the stored allocation records.
Some example commands to generate reports:

/usr/bin/python3 -m memray flamegraph memray-foobar.0.bin
.
current test PASSED/SKIPPED -- test_run_with_pymalloc_tracing in /home/kaiyaok2/PythonProjects/memray/tests/unit/test_cli.py: 253.18366146087646s cumulative, 0.11284160614013672s individual

Writing profile results into memray-foobar.0.bin
[memray] Successfully generated profile results.

You can now generate reports from the stored allocation records.
Some example commands to generate reports:

/usr/bin/python3 -m memray flamegraph memray-foobar.0.bin
.
current test PASSED/SKIPPED -- test_run_with_native_mode in /home/kaiyaok2/PythonProjects/memray/tests/unit/test_cli.py: 253.2870376110077s cumulative, 0.10337615013122559s individual

Writing profile results into memray-string.<MagicMock name='getpid()' id='140550815081584'>.bin
[memray] Successfully generated profile results.

You can now generate reports from the stored allocation records.
Some example commands to generate reports:

/usr/bin/python3 -m memray flamegraph memray-string.<MagicMock name='getpid()' id='140550815081584'>.bin
Writing profile results into memray-string.<MagicMock name='getpid()' id='140550815081584'>.bin
[memray] Successfully generated profile results.

You can now generate reports from the stored allocation records.
Some example commands to generate reports:

/usr/bin/python3 -m memray flamegraph memray-string.<MagicMock name='getpid()' id='140550815081584'>.bin
.
current test PASSED/SKIPPED -- test_run_cmd_is_validated in /home/kaiyaok2/PythonProjects/memray/tests/unit/test_cli.py: 253.39906692504883s cumulative, 0.1120293140411377s individual

Run 'memray3.10 live 1234' in another shell to see live results
.
current test PASSED/SKIPPED -- test_run_with_trace_python_allocators_and_live_remote_mode in /home/kaiyaok2/PythonProjects/memray/tests/unit/test_cli.py: 253.47207069396973s cumulative, 0.07300376892089844s individual

Writing profile results into memray-foobar.0.bin
[memray] Successfully generated profile results.

You can now generate reports from the stored allocation records.
Some example commands to generate reports:

/usr/bin/python3 -m memray flamegraph memray-foobar.0.bin
.
current test PASSED/SKIPPED -- test_run_default_output in /home/kaiyaok2/PythonProjects/memray/tests/unit/test_cli.py: 253.54898715019226s cumulative, 0.07691645622253418s individual

Run 'memray3.10 live 1234' in another shell to see live results
.
current test PASSED/SKIPPED -- test_run_with_live_remote in /home/kaiyaok2/PythonProjects/memray/tests/unit/test_cli.py: 253.6291606426239s cumulative, 0.08017349243164062s individual

Writing profile results into memray-foobar.0.bin
[memray] Successfully generated profile results.

You can now generate reports from the stored allocation records.
Some example commands to generate reports:

/usr/bin/python3 -m memray flamegraph memray-foobar.0.bin
.
current test PASSED/SKIPPED -- test_run_with_follow_fork in /home/kaiyaok2/PythonProjects/memray/tests/unit/test_cli.py: 253.78927421569824s cumulative, 0.16011357307434082s individual

.
current test PASSED/SKIPPED -- test_run_with_live_port_but_not_live_remote in /home/kaiyaok2/PythonProjects/memray/tests/unit/test_cli.py: 253.8558509349823s cumulative, 0.06657671928405762s individual

Run 'memray3.10 live 1111' in another shell to see live results
.
current test PASSED/SKIPPED -- test_run_with_live_remote_and_live_port in /home/kaiyaok2/PythonProjects/memray/tests/unit/test_cli.py: 253.91883277893066s cumulative, 0.06298184394836426s individual

.
current test PASSED/SKIPPED -- test_run_with_follow_fork_and_live_remote_mode in /home/kaiyaok2/PythonProjects/memray/tests/unit/test_cli.py: 253.9602768421173s cumulative, 0.04144406318664551s individual

.
current test PASSED/SKIPPED -- test_run_with_follow_fork_and_live_mode in /home/kaiyaok2/PythonProjects/memray/tests/unit/test_cli.py: 253.99186253547668s cumulative, 0.031585693359375s individual

.
current test PASSED/SKIPPED -- test_no_args_passed in /home/kaiyaok2/PythonProjects/memray/tests/unit/test_cli.py: 254.09780836105347s cumulative, 0.10594582557678223s individual


integration/test_tracing.py .
current test PASSED/SKIPPED -- test_thread_surviving_multiple_trackers in /home/kaiyaok2/PythonProjects/memray/tests/integration/test_tracing.py: 257.33489203453064s cumulative, 3.237083673477173s individual


integration/test_tracking.py .
current test PASSED/SKIPPED -- test_allocations_after_high_watermark_is_freed_do_not_appear in /home/kaiyaok2/PythonProjects/memray/tests/integration/test_tracking.py: 259.0313148498535s cumulative, 1.696422815322876s individual


integration/test_main.py .
current test PASSED/SKIPPED -- test_live_tracking in /home/kaiyaok2/PythonProjects/memray/tests/integration/test_main.py: 265.6141390800476s cumulative, 6.582824230194092s individual

.
current test PASSED/SKIPPED -- test_summary_generated in /home/kaiyaok2/PythonProjects/memray/tests/integration/test_main.py: 273.2985963821411s cumulative, 7.684457302093506s individual


integration/test_extensions.py .
current test PASSED/SKIPPED -- test_hard_exit in /home/kaiyaok2/PythonProjects/memray/tests/integration/test_extensions.py: 274.41823983192444s cumulative, 1.1196434497833252s individual


unit/test_tree_reporter.py .
current test PASSED/SKIPPED -- test_hide_import_system in /home/kaiyaok2/PythonProjects/memray/tests/unit/test_tree_reporter.py: 275.7662272453308s cumulative, 1.347987413406372s individual


integration/test_main.py .
current test PASSED/SKIPPED -- test_leaks_with_pymalloc_warning in /home/kaiyaok2/PythonProjects/memray/tests/integration/test_main.py: 285.37069034576416s cumulative, 9.60446310043335s individual


integration/test_tracking.py .
current test PASSED/SKIPPED -- test_aggregation_same_python_stack_and_same_native_stack in /home/kaiyaok2/PythonProjects/memray/tests/integration/test_tracking.py: 288.44811153411865s cumulative, 3.077421188354492s individual

.
current test PASSED/SKIPPED -- test_simple_allocation_tracking in /home/kaiyaok2/PythonProjects/memray/tests/integration/test_tracking.py: 291.41163897514343s cumulative, 2.9635274410247803s individual

.
current test PASSED/SKIPPED -- test_freed_after_high_watermark_do_not_appear in /home/kaiyaok2/PythonProjects/memray/tests/integration/test_tracking.py: 294.49832582473755s cumulative, 3.086686849594116s individual

.
current test PASSED/SKIPPED -- test_partial_munmap_split_in_middle in /home/kaiyaok2/PythonProjects/memray/tests/integration/test_tracking.py: 297.5468444824219s cumulative, 3.048518657684326s individual

.
current test PASSED/SKIPPED -- test_allocations_aggregation_on_same_line in /home/kaiyaok2/PythonProjects/memray/tests/integration/test_tracking.py: 300.0864267349243s cumulative, 2.5395822525024414s individual

.
current test PASSED/SKIPPED -- test_pthread_tracking in /home/kaiyaok2/PythonProjects/memray/tests/integration/test_tracking.py: 303.3693301677704s cumulative, 3.2829034328460693s individual

.
current test PASSED/SKIPPED -- test_simple_allocation_tracking in /home/kaiyaok2/PythonProjects/memray/tests/integration/test_tracking.py: 306.1969242095947s cumulative, 2.827594041824341s individual

.
current test PASSED/SKIPPED -- test_simple_allocation_tracking in /home/kaiyaok2/PythonProjects/memray/tests/integration/test_tracking.py: 308.2660143375397s cumulative, 2.0690901279449463s individual

.
current test PASSED/SKIPPED -- test_temporary_allocations_that_happen_in_different_lines in /home/kaiyaok2/PythonProjects/memray/tests/integration/test_tracking.py: 310.27743649482727s cumulative, 2.0114221572875977s individual

.
current test PASSED/SKIPPED -- test_simple_pymalloc_allocation_tracking in /home/kaiyaok2/PythonProjects/memray/tests/integration/test_tracking.py: 312.3562877178192s cumulative, 2.0788512229919434s individual


unit/test_tree_reporter.py .
current test PASSED/SKIPPED -- test_two_chains in /home/kaiyaok2/PythonProjects/memray/tests/unit/test_tree_reporter.py: 318.8474736213684s cumulative, 6.491185903549194s individual


integration/test_native_tracking.py .
current test PASSED/SKIPPED -- test_simple_call_chain_with_native_tracking in /home/kaiyaok2/PythonProjects/memray/tests/integration/test_native_tracking.py: 327.5853464603424s cumulative, 8.737872838973999s individual


unit/test_flamegraph_reporter.py .
current test PASSED/SKIPPED -- test_importlib_partial_stack_is_detected in /home/kaiyaok2/PythonProjects/memray/tests/unit/test_flamegraph_reporter.py: 327.60877561569214s cumulative, 0.023429155349731445s individual

.
current test PASSED/SKIPPED -- test_two_branches_second_is_importlib in /home/kaiyaok2/PythonProjects/memray/tests/unit/test_flamegraph_reporter.py: 327.6218011379242s cumulative, 0.013025522232055664s individual

.
current test PASSED/SKIPPED -- test_inverted_importlib_full_stack_is_detected in /home/kaiyaok2/PythonProjects/memray/tests/unit/test_flamegraph_reporter.py: 327.6340448856354s cumulative, 0.01224374771118164s individual

.
current test PASSED/SKIPPED -- test_works_with_single_call in /home/kaiyaok2/PythonProjects/memray/tests/unit/test_flamegraph_reporter.py: 327.64546847343445s cumulative, 0.011423587799072266s individual

.
current test PASSED/SKIPPED -- test_works_with_multiple_top_level_nodes in /home/kaiyaok2/PythonProjects/memray/tests/unit/test_flamegraph_reporter.py: 327.65361070632935s cumulative, 0.008142232894897461s individual

.
current test PASSED/SKIPPED -- test_inverted_single_importlib_frame_is_detected in /home/kaiyaok2/PythonProjects/memray/tests/unit/test_flamegraph_reporter.py: 327.6681842803955s cumulative, 0.01457357406616211s individual

.
current test PASSED/SKIPPED -- test_inverted_importlib_partial_stack_is_detected in /home/kaiyaok2/PythonProjects/memray/tests/unit/test_flamegraph_reporter.py: 327.6838278770447s cumulative, 0.015643596649169922s individual

.
current test PASSED/SKIPPED -- test_inverted_uses_hybrid_stack_for_native_traces in /home/kaiyaok2/PythonProjects/memray/tests/unit/test_flamegraph_reporter.py: 327.69795274734497s cumulative, 0.014124870300292969s individual

.
current test PASSED/SKIPPED -- test_inverted_works_with_single_call in /home/kaiyaok2/PythonProjects/memray/tests/unit/test_flamegraph_reporter.py: 327.706533908844s cumulative, 0.008581161499023438s individual

.
current test PASSED/SKIPPED -- test_uses_hybrid_stack_for_native_traces in /home/kaiyaok2/PythonProjects/memray/tests/unit/test_flamegraph_reporter.py: 327.715457201004s cumulative, 0.00892329216003418s individual

.
current test PASSED/SKIPPED -- test_inverted_two_branches_both_are_importlib in /home/kaiyaok2/PythonProjects/memray/tests/unit/test_flamegraph_reporter.py: 327.7277901172638s cumulative, 0.012332916259765625s individual

.
current test PASSED/SKIPPED -- test_inverted_works_with_merged_threads in /home/kaiyaok2/PythonProjects/memray/tests/unit/test_flamegraph_reporter.py: 327.73939275741577s cumulative, 0.011602640151977539s individual

.
current test PASSED/SKIPPED -- test_two_branches_first_is_importlib in /home/kaiyaok2/PythonProjects/memray/tests/unit/test_flamegraph_reporter.py: 327.74957180023193s cumulative, 0.01017904281616211s individual

.
current test PASSED/SKIPPED -- test_inverted_works_with_no_allocations in /home/kaiyaok2/PythonProjects/memray/tests/unit/test_flamegraph_reporter.py: 327.7611196041107s cumulative, 0.01154780387878418s individual

.
current test PASSED/SKIPPED -- test_works_with_merged_threads in /home/kaiyaok2/PythonProjects/memray/tests/unit/test_flamegraph_reporter.py: 327.77073192596436s cumulative, 0.009612321853637695s individual

.
current test PASSED/SKIPPED -- test_inverted_two_branches_first_is_importlib in /home/kaiyaok2/PythonProjects/memray/tests/unit/test_flamegraph_reporter.py: 327.78638982772827s cumulative, 0.015657901763916016s individual

.
current test PASSED/SKIPPED -- test_inverted_works_with_one_top_level_node in /home/kaiyaok2/PythonProjects/memray/tests/unit/test_flamegraph_reporter.py: 327.7992935180664s cumulative, 0.012903690338134766s individual

.
current test PASSED/SKIPPED -- test_works_with_multiple_stacks_from_same_caller_two_frames_above in /home/kaiyaok2/PythonProjects/memray/tests/unit/test_flamegraph_reporter.py: 327.81330609321594s cumulative, 0.014012575149536133s individual

.
current test PASSED/SKIPPED -- test_inverted_two_branches_second_is_importlib in /home/kaiyaok2/PythonProjects/memray/tests/unit/test_flamegraph_reporter.py: 327.8254792690277s cumulative, 0.012173175811767578s individual

.
current test PASSED/SKIPPED -- test_works_with_multiple_stacks_from_same_caller in /home/kaiyaok2/PythonProjects/memray/tests/unit/test_flamegraph_reporter.py: 327.83373069763184s cumulative, 0.008251428604125977s individual

.
current test PASSED/SKIPPED -- test_importlib_full_stack_is_detected in /home/kaiyaok2/PythonProjects/memray/tests/unit/test_flamegraph_reporter.py: 327.8489065170288s cumulative, 0.015175819396972656s individual

.
current test PASSED/SKIPPED -- test_works_with_no_allocations in /home/kaiyaok2/PythonProjects/memray/tests/unit/test_flamegraph_reporter.py: 327.8590703010559s cumulative, 0.01016378402709961s individual

.
current test PASSED/SKIPPED -- test_single_importlib_frame_is_detected in /home/kaiyaok2/PythonProjects/memray/tests/unit/test_flamegraph_reporter.py: 327.86917877197266s cumulative, 0.010108470916748047s individual

.
current test PASSED/SKIPPED -- test_two_branches_both_are_importlib in /home/kaiyaok2/PythonProjects/memray/tests/unit/test_flamegraph_reporter.py: 327.8800642490387s cumulative, 0.010885477066040039s individual

.
current test PASSED/SKIPPED -- test_works_with_split_threads in /home/kaiyaok2/PythonProjects/memray/tests/unit/test_flamegraph_reporter.py: 327.89019107818604s cumulative, 0.010126829147338867s individual

.
current test PASSED/SKIPPED -- test_inverted_drops_cpython_frames in /home/kaiyaok2/PythonProjects/memray/tests/unit/test_flamegraph_reporter.py: 327.90228390693665s cumulative, 0.012092828750610352s individual


unit/test_tui_reporter.py .
current test PASSED/SKIPPED -- test_tui_pause in /home/kaiyaok2/PythonProjects/memray/tests/unit/test_tui_reporter.py: 342.272878408432s cumulative, 14.370594501495361s individual


integration/test_ipython.py .
current test PASSED/SKIPPED -- test_passing_valid_argument in /home/kaiyaok2/PythonProjects/memray/tests/integration/test_ipython.py: 345.6449694633484s cumulative, 3.372091054916382s individual


unit/test_tree_reporter.py .
current test PASSED/SKIPPED -- test_select_screen in /home/kaiyaok2/PythonProjects/memray/tests/unit/test_tree_reporter.py: 349.0527939796448s cumulative, 3.4078245162963867s individual


integration/test_main.py .
current test PASSED/SKIPPED -- test_can_generate_reports_with_native_traces in /home/kaiyaok2/PythonProjects/memray/tests/integration/test_main.py: 357.7612907886505s cumulative, 8.708496809005737s individual


integration/test_tracing.py .
current test PASSED/SKIPPED -- test_high_watermark_records_can_be_retrieved_twice in /home/kaiyaok2/PythonProjects/memray/tests/integration/test_tracing.py: 359.60120916366577s cumulative, 1.8399183750152588s individual


unit/test_tree_reporter.py .
current test PASSED/SKIPPED -- test_biggest_allocations in /home/kaiyaok2/PythonProjects/memray/tests/unit/test_tree_reporter.py: 361.2471339702606s cumulative, 1.6459248065948486s individual


integration/test_extensions.py .
current test PASSED/SKIPPED -- test_valloc_at_thread_exit in /home/kaiyaok2/PythonProjects/memray/tests/integration/test_extensions.py: 373.088632106781s cumulative, 11.841498136520386s individual


unit/test_summary_reporter.py .
current test PASSED/SKIPPED -- test_with_multiple_allocations in /home/kaiyaok2/PythonProjects/memray/tests/unit/test_summary_reporter.py: 373.19764375686646s cumulative, 0.10901165008544922s individual


integration/test_main.py .
current test PASSED/SKIPPED -- test_report_detects_missing_input in /home/kaiyaok2/PythonProjects/memray/tests/integration/test_main.py: 376.97034978866577s cumulative, 3.7727060317993164s individual

.
current test PASSED/SKIPPED -- test_quiet in /home/kaiyaok2/PythonProjects/memray/tests/integration/test_main.py: 381.9263217449188s cumulative, 4.955971956253052s individual

.
current test PASSED/SKIPPED -- test_report_detects_corrupt_input in /home/kaiyaok2/PythonProjects/memray/tests/integration/test_main.py: 386.5007629394531s cumulative, 4.574441194534302s individual


unit/test_flamegraph_reporter.py .
current test PASSED/SKIPPED -- test_works_with_recursive_calls in /home/kaiyaok2/PythonProjects/memray/tests/unit/test_flamegraph_reporter.py: 386.53612089157104s cumulative, 0.03535795211791992s individual

.
current test PASSED/SKIPPED -- test_inverted_works_with_split_threads in /home/kaiyaok2/PythonProjects/memray/tests/unit/test_flamegraph_reporter.py: 386.5650143623352s cumulative, 0.028893470764160156s individual

.
current test PASSED/SKIPPED -- test_inverted_works_with_recursive_calls in /home/kaiyaok2/PythonProjects/memray/tests/unit/test_flamegraph_reporter.py: 386.60142612457275s cumulative, 0.03641176223754883s individual

.
current test PASSED/SKIPPED -- test_inverted_works_with_multiple_stacks_from_same_caller_two_frames_above in /home/kaiyaok2/PythonProjects/memray/tests/unit/test_flamegraph_reporter.py: 386.63266801834106s cumulative, 0.031241893768310547s individual

.
current test PASSED/SKIPPED -- test_inverted_works_with_multiple_top_level_nodes_with_merge in /home/kaiyaok2/PythonProjects/memray/tests/unit/test_flamegraph_reporter.py: 386.6549959182739s cumulative, 0.022327899932861328s individual

.
current test PASSED/SKIPPED -- test_drops_cpython_frames in /home/kaiyaok2/PythonProjects/memray/tests/unit/test_flamegraph_reporter.py: 386.6888201236725s cumulative, 0.03382420539855957s individual


integration/test_tracing.py .
current test PASSED/SKIPPED -- test_thread_surviving_multiple_trackers_with_changing_callstack in /home/kaiyaok2/PythonProjects/memray/tests/integration/test_tracing.py: 392.96259236335754s cumulative, 6.273772239685059s individual

.
current test PASSED/SKIPPED -- test_restart_tracing_function_gets_correctly_the_frames in /home/kaiyaok2/PythonProjects/memray/tests/integration/test_tracing.py: 400.7102601528168s cumulative, 7.7476677894592285s individual


integration/test_tracking.py .
current test PASSED/SKIPPED -- test_temporary_allocations_when_filling_vector_without_preallocating in /home/kaiyaok2/PythonProjects/memray/tests/integration/test_tracking.py: 404.42985582351685s cumulative, 3.7195956707000732s individual

.
current test PASSED/SKIPPED -- test_simple_allocation_tracking in /home/kaiyaok2/PythonProjects/memray/tests/integration/test_tracking.py: 407.4936499595642s cumulative, 3.0637941360473633s individual

.
current test PASSED/SKIPPED -- test_pymalloc_allocation_tracking_deactivated in /home/kaiyaok2/PythonProjects/memray/tests/integration/test_tracking.py: 410.17241954803467s cumulative, 2.678769588470459s individual

.
current test PASSED/SKIPPED -- test_simple_pymalloc_allocation_tracking in /home/kaiyaok2/PythonProjects/memray/tests/integration/test_tracking.py: 413.22297525405884s cumulative, 3.05055570602417s individual

.
current test PASSED/SKIPPED -- test_pymalloc_allocation_tracking_deactivated in /home/kaiyaok2/PythonProjects/memray/tests/integration/test_tracking.py: 417.0241422653198s cumulative, 3.8011670112609863s individual

.
current test PASSED/SKIPPED -- test_simple_allocation_tracking in /home/kaiyaok2/PythonProjects/memray/tests/integration/test_tracking.py: 419.93490648269653s cumulative, 2.910764217376709s individual

.
current test PASSED/SKIPPED -- test_simple_allocation_tracking in /home/kaiyaok2/PythonProjects/memray/tests/integration/test_tracking.py: 421.69292402267456s cumulative, 1.7580175399780273s individual

.
current test PASSED/SKIPPED -- test_freed_before_high_watermark_do_not_appear in /home/kaiyaok2/PythonProjects/memray/tests/integration/test_tracking.py: 423.4562246799469s cumulative, 1.7633006572723389s individual


unit/test_tui_reporter.py .
current test PASSED/SKIPPED -- test_tui_basic in /home/kaiyaok2/PythonProjects/memray/tests/unit/test_tui_reporter.py: 425.4316449165344s cumulative, 1.9754202365875244s individual


integration/test_tracing.py .
current test PASSED/SKIPPED -- test_traceback_for_high_watermark in /home/kaiyaok2/PythonProjects/memray/tests/integration/test_tracing.py: 427.0743958950043s cumulative, 1.6427509784698486s individual

.
current test PASSED/SKIPPED -- test_traceback_for_high_watermark_records_can_be_retrieved_twice in /home/kaiyaok2/PythonProjects/memray/tests/integration/test_tracing.py: 428.90363574028015s cumulative, 1.829239845275879s individual


unit/test_templates.py .
current test PASSED/SKIPPED -- test_title_for_regular_report in /home/kaiyaok2/PythonProjects/memray/tests/unit/test_templates.py: 428.9189419746399s cumulative, 0.015306234359741211s individual

.
current test PASSED/SKIPPED -- test_title_for_regular_report in /home/kaiyaok2/PythonProjects/memray/tests/unit/test_templates.py: 428.9394040107727s cumulative, 0.0204620361328125s individual

.
current test PASSED/SKIPPED -- test_title_for_regular_report in /home/kaiyaok2/PythonProjects/memray/tests/unit/test_templates.py: 428.95752692222595s cumulative, 0.01812291145324707s individual

.
current test PASSED/SKIPPED -- test_title_for_regular_report in /home/kaiyaok2/PythonProjects/memray/tests/unit/test_templates.py: 428.98162317276s cumulative, 0.024096250534057617s individual

.
current test PASSED/SKIPPED -- test_title_for_regular_report in /home/kaiyaok2/PythonProjects/memray/tests/unit/test_templates.py: 428.9994213581085s cumulative, 0.017798185348510742s individual

.
current test PASSED/SKIPPED -- test_title_for_regular_report in /home/kaiyaok2/PythonProjects/memray/tests/unit/test_templates.py: 429.0230622291565s cumulative, 0.023640871047973633s individual


unit/test_tree_reporter.py .
current test PASSED/SKIPPED -- test_two_chains_after_expanding_second in /home/kaiyaok2/PythonProjects/memray/tests/unit/test_tree_reporter.py: 435.12433886528015s cumulative, 6.101276636123657s individual


integration/test_main.py .
current test PASSED/SKIPPED -- test_report_detects_corrupt_input in /home/kaiyaok2/PythonProjects/memray/tests/integration/test_main.py: 437.572057723999s cumulative, 2.447718858718872s individual

.
current test PASSED/SKIPPED -- test_quiet in /home/kaiyaok2/PythonProjects/memray/tests/integration/test_main.py: 442.53607964515686s cumulative, 4.964021921157837s individual


integration/test_tracking.py .
current test PASSED/SKIPPED -- test_unmatched_allocations_are_not_reported in /home/kaiyaok2/PythonProjects/memray/tests/integration/test_tracking.py: 444.89167881011963s cumulative, 2.3555991649627686s individual


integration/test_main.py .
current test PASSED/SKIPPED -- test_leaks_with_pymalloc_warning in /home/kaiyaok2/PythonProjects/memray/tests/integration/test_main.py: 455.427193403244s cumulative, 10.53551459312439s individual

.
current test PASSED/SKIPPED -- test_writes_to_correct_file in /home/kaiyaok2/PythonProjects/memray/tests/integration/test_main.py: 462.7131736278534s cumulative, 7.285980224609375s individual


integration/test_extensions.py .
current test PASSED/SKIPPED -- test_hard_exit in /home/kaiyaok2/PythonProjects/memray/tests/integration/test_extensions.py: 463.1381936073303s cumulative, 0.4250199794769287s individual


unit/test_tui_reporter.py .
current test PASSED/SKIPPED -- test_tui_gradient in /home/kaiyaok2/PythonProjects/memray/tests/unit/test_tui_reporter.py: 464.4750339984894s cumulative, 1.3368403911590576s individual


integration/test_main.py .
current test PASSED/SKIPPED -- test_report_detects_missing_input in /home/kaiyaok2/PythonProjects/memray/tests/integration/test_main.py: 466.6817514896393s cumulative, 2.2067174911499023s individual

.
current test PASSED/SKIPPED -- test_report_detects_corrupt_input in /home/kaiyaok2/PythonProjects/memray/tests/integration/test_main.py: 468.94143986701965s cumulative, 2.259688377380371s individual

.
current test PASSED/SKIPPED -- test_live_tracking_invalid_port in /home/kaiyaok2/PythonProjects/memray/tests/integration/test_main.py: 470.283349275589s cumulative, 1.341909408569336s individual

.
current test PASSED/SKIPPED -- test_not_quiet_and_fork in /home/kaiyaok2/PythonProjects/memray/tests/integration/test_main.py: 472.9890124797821s cumulative, 2.7056632041931152s individual


integration/test_tracing.py .
current test PASSED/SKIPPED -- test_traceback in /home/kaiyaok2/PythonProjects/memray/tests/integration/test_tracing.py: 474.87736439704895s cumulative, 1.8883519172668457s individual

.
current test PASSED/SKIPPED -- test_allocation_in_thread_before_reacquiring_gil_after_tracking_starts in /home/kaiyaok2/PythonProjects/memray/tests/integration/test_tracing.py: 476.40228819847107s cumulative, 1.5249238014221191s individual

.
current test PASSED/SKIPPED -- test_cython_frame_in_pre_existing_thread_stack in /home/kaiyaok2/PythonProjects/memray/tests/integration/test_tracing.py: 477.9265501499176s cumulative, 1.5242619514465332s individual

.
current test PASSED/SKIPPED -- test_traceback_iteration_does_not_depend_on_the_order_of_elements in /home/kaiyaok2/PythonProjects/memray/tests/integration/test_tracing.py: 478.5756733417511s cumulative, 0.6491231918334961s individual

.
current test PASSED/SKIPPED -- test_traceback_can_be_retrieved_twice in /home/kaiyaok2/PythonProjects/memray/tests/integration/test_tracing.py: 480.6146216392517s cumulative, 2.0389482975006104s individual

.
current test PASSED/SKIPPED -- test_equal_stack_traces_compare_equal in /home/kaiyaok2/PythonProjects/memray/tests/integration/test_tracing.py: 483.2321946620941s cumulative, 2.6175730228424072s individual


integration/test_tracking.py .
current test PASSED/SKIPPED -- test_partial_munmap in /home/kaiyaok2/PythonProjects/memray/tests/integration/test_tracking.py: 486.06817603111267s cumulative, 2.8359813690185547s individual

.
current test PASSED/SKIPPED -- test_allocations_that_are_freed_do_not_appear_as_leaks in /home/kaiyaok2/PythonProjects/memray/tests/integration/test_tracking.py: 488.87135338783264s cumulative, 2.8031773567199707s individual

.
current test PASSED/SKIPPED -- test_partial_munmap_gap in /home/kaiyaok2/PythonProjects/memray/tests/integration/test_tracking.py: 491.84086751937866s cumulative, 2.9695141315460205s individual

.
current test PASSED/SKIPPED -- test_munmap_multiple_mmaps_multiple_munmaps in /home/kaiyaok2/PythonProjects/memray/tests/integration/test_tracking.py: 494.6324863433838s cumulative, 2.791618824005127s individual

.
current test PASSED/SKIPPED -- test_memory_snapshots_tick_interval in /home/kaiyaok2/PythonProjects/memray/tests/integration/test_tracking.py: 498.72838711738586s cumulative, 4.095900774002075s individual


integration/test_main.py .
current test PASSED/SKIPPED -- test_json_generated_to_existing_known_file in /home/kaiyaok2/PythonProjects/memray/tests/integration/test_main.py: 501.7464232444763s cumulative, 3.018036127090454s individual

.
current test PASSED/SKIPPED -- test_temporary_allocations_tree in /home/kaiyaok2/PythonProjects/memray/tests/integration/test_main.py: 512.5872452259064s cumulative, 10.840821981430054s individual


integration/test_ipython.py [0;31m---------------------------------------------------------------------------[0m
[0;31mZeroDivisionError[0m                         Traceback (most recent call last)
Cell [0;32mIn[1], line 9[0m
[1;32m      2[0m [38;5;28;01mwith[39;00m Tracker(
[1;32m      3[0m     [38;5;124m"[39m[38;5;124mmemray-results/tmp0vgr45c9/memray.dump[39m[38;5;124m"[39m,
[1;32m      4[0m     native_traces[38;5;241m=[39m[38;5;28;01mFalse[39;00m,
[1;32m      5[0m     trace_python_allocators[38;5;241m=[39m[38;5;28;01mFalse[39;00m,
[1;32m      6[0m     follow_fork[38;5;241m=[39m[38;5;28;01mFalse[39;00m,
[1;32m      7[0m ) [38;5;28;01mas[39;00m tracker:
[1;32m      8[0m     x [38;5;241m=[39m [38;5;124m"[39m[38;5;124ma[39m[38;5;124m"[39m [38;5;241m*[39m [38;5;241m10000[39m
[0;32m----> 9[0m     [38;5;241;43m1[39;49m[38;5;241;43m/[39;49m[38;5;241;43m0[39;49m

[0;31mZeroDivisionError[0m: division by zero


Results saved to memray-results/tmp0vgr45c9/flamegraph.html
.
current test PASSED/SKIPPED -- test_exception_while_ipython_profiling in /home/kaiyaok2/PythonProjects/memray/tests/integration/test_ipython.py: 519.0652365684509s cumulative, 6.477991342544556s individual


integration/test_tracking.py .
current test PASSED/SKIPPED -- test_unsupported_operations_on_aggregated_capture in /home/kaiyaok2/PythonProjects/memray/tests/integration/test_tracking.py: 521.4607768058777s cumulative, 2.395540237426758s individual

.
current test PASSED/SKIPPED -- test_tracking_with_SIGKILL in /home/kaiyaok2/PythonProjects/memray/tests/integration/test_tracking.py: 522.6772179603577s cumulative, 1.2164411544799805s individual


integration/test_native_tracking.py .
current test PASSED/SKIPPED -- test_native_tracing_header in /home/kaiyaok2/PythonProjects/memray/tests/integration/test_native_tracking.py: 524.9472098350525s cumulative, 2.269991874694824s individual


integration/test_tracing.py .
current test PASSED/SKIPPED -- test_identical_stack_traces_started_in_different_lines_in_a_function_do_not_compare_equal in /home/kaiyaok2/PythonProjects/memray/tests/integration/test_tracing.py: 527.4868330955505s cumulative, 2.539623260498047s individual

.
current test PASSED/SKIPPED -- test_allocation_in_thread_after_unsetting_profile_function in /home/kaiyaok2/PythonProjects/memray/tests/integration/test_tracing.py: 530.1842229366302s cumulative, 2.697389841079712s individual


integration/test_threads.py .
current test PASSED/SKIPPED -- test_thread_name in /home/kaiyaok2/PythonProjects/memray/tests/integration/test_threads.py: 532.6922955513s cumulative, 2.5080726146698s individual


unit/test_tree_reporter.py .
current test PASSED/SKIPPED -- test_allocations_of_different_sizes in /home/kaiyaok2/PythonProjects/memray/tests/unit/test_tree_reporter.py: 539.6695625782013s cumulative, 6.977267026901245s individual


integration/test_main.py .
current test PASSED/SKIPPED -- test_leaks_with_pymalloc_warning in /home/kaiyaok2/PythonProjects/memray/tests/integration/test_main.py: 544.7497220039368s cumulative, 5.080159425735474s individual

.
current test PASSED/SKIPPED -- test_report_temporary_allocations_argument in /home/kaiyaok2/PythonProjects/memray/tests/integration/test_main.py: 548.3010914325714s cumulative, 3.5513694286346436s individual


integration/test_api.py .
current test PASSED/SKIPPED -- test_file_reader_as_context_manager in /home/kaiyaok2/PythonProjects/memray/tests/integration/test_api.py: 549.5143716335297s cumulative, 1.213280200958252s individual


unit/test_flamegraph_reporter.py .
current test PASSED/SKIPPED -- test_very_deep_call_is_limited in /home/kaiyaok2/PythonProjects/memray/tests/unit/test_flamegraph_reporter.py: 550.0028967857361s cumulative, 0.4885251522064209s individual


integration/test_threads.py .
current test PASSED/SKIPPED -- test_thread_allocations_after_tracker_is_deactivated in /home/kaiyaok2/PythonProjects/memray/tests/integration/test_threads.py: 551.5818529129028s cumulative, 1.578956127166748s individual


integration/test_tracking.py .
current test PASSED/SKIPPED -- test_simple_allocation_tracking in /home/kaiyaok2/PythonProjects/memray/tests/integration/test_tracking.py: 553.4305157661438s cumulative, 1.8486628532409668s individual


unit/test_flamegraph_reporter.py .
current test PASSED/SKIPPED -- test_inverted_very_deep_call_is_limited in /home/kaiyaok2/PythonProjects/memray/tests/unit/test_flamegraph_reporter.py: 554.875834941864s cumulative, 1.4453191757202148s individual


unit/test_tui_reporter.py .
current test PASSED/SKIPPED -- test_command_line_display in /home/kaiyaok2/PythonProjects/memray/tests/unit/test_tui_reporter.py: 559.8741714954376s cumulative, 4.998336553573608s individual


unit/test_reader.py .
current test PASSED/SKIPPED -- test_filereader_fails_to_open_file in /home/kaiyaok2/PythonProjects/memray/tests/unit/test_reader.py: 559.8864951133728s cumulative, 0.012323617935180664s individual


integration/test_tracing.py .
current test PASSED/SKIPPED -- test_num_records in /home/kaiyaok2/PythonProjects/memray/tests/integration/test_tracing.py: 561.45392370224s cumulative, 1.5674285888671875s individual


integration/test_main.py ['MEMORY_SNAPSHOT time=1705809281618 rss=991023104 heap=0', 'MEMORY_SNAPSHOT time=1705809281629 rss=991023104 heap=0', 'MEMORY_SNAPSHOT time=1705809281639 rss=991023104 heap=0', 'MEMORY_SNAPSHOT time=1705809281649 rss=991023104 heap=0', 'MEMORY_SNAPSHOT time=1705809281660 rss=991023104 heap=0', 'MEMORY_SNAPSHOT time=1705809281670 rss=991023104 heap=0', 'MEMORY_SNAPSHOT time=1705809281680 rss=991023104 heap=0', 'MEMORY_SNAPSHOT time=1705809281691 rss=991023104 heap=0', 'MEMORY_SNAPSHOT time=1705809281701 rss=991023104 heap=0', 'MEMORY_SNAPSHOT time=1705809281711 rss=991023104 heap=0', 'MEMORY_SNAPSHOT time=1705809281721 rss=991023104 heap=0', 'MEMORY_SNAPSHOT time=1705809281732 rss=991023104 heap=0', 'MEMORY_SNAPSHOT time=1705809281742 rss=991023104 heap=0', 'MEMORY_SNAPSHOT time=1705809281752 rss=991023104 heap=0', 'MEMORY_SNAPSHOT time=1705809281762 rss=991023104 heap=0', 'MEMORY_SNAPSHOT time=1705809281773 rss=991023104 heap=0', 'MEMORY_SNAPSHOT time=1705809281783 rss=991023104 heap=0', 'MEMORY_SNAPSHOT time=1705809281793 rss=991023104 heap=0', 'MEMORY_SNAPSHOT time=1705809281803 rss=991023104 heap=0', 'MEMORY_SNAPSHOT time=1705809281814 rss=991023104 heap=0', 'MEMORY_SNAPSHOT time=1705809281824 rss=991023104 heap=0', 'MEMORY_SNAPSHOT time=1705809281834 rss=991023104 heap=0', 'MEMORY_SNAPSHOT time=1705809281845 rss=991023104 heap=0', 'MEMORY_SNAPSHOT time=1705809281855 rss=991023104 heap=0', 'MEMORY_SNAPSHOT time=1705809281865 rss=991023104 heap=0', 'MEMORY_SNAPSHOT time=1705809281876 rss=991023104 heap=0', 'MEMORY_SNAPSHOT time=1705809281886 rss=991023104 heap=0', 'MEMORY_SNAPSHOT time=1705809281896 rss=991023104 heap=0', 'MEMORY_SNAPSHOT time=1705809281907 rss=991023104 heap=0', 'MEMORY_SNAPSHOT time=1705809281917 rss=991023104 heap=0', 'MEMORY_SNAPSHOT time=1705809281927 rss=991023104 heap=0', 'MEMORY_SNAPSHOT time=1705809281938 rss=991023104 heap=0', 'MEMORY_SNAPSHOT time=1705809281948 rss=991023104 heap=0', 'MEMORY_SNAPSHOT time=1705809281958 rss=991023104 heap=0', 'MEMORY_SNAPSHOT time=1705809281968 rss=991023104 heap=0', 'MEMORY_SNAPSHOT time=1705809281978 rss=991023104 heap=0', 'MEMORY_SNAPSHOT time=1705809281989 rss=991023104 heap=0', 'MEMORY_SNAPSHOT time=1705809281999 rss=991023104 heap=0', 'MEMORY_SNAPSHOT time=1705809282009 rss=991023104 heap=0', 'MEMORY_SNAPSHOT time=1705809282019 rss=991023104 heap=0', 'MEMORY_SNAPSHOT time=1705809282030 rss=991023104 heap=0', 'MEMORY_SNAPSHOT time=1705809282040 rss=991023104 heap=0', 'MEMORY_SNAPSHOT time=1705809282050 rss=991023104 heap=0', 'MEMORY_SNAPSHOT time=1705809282060 rss=991023104 heap=0', 'MEMORY_SNAPSHOT time=1705809282071 rss=991023104 heap=0', 'MEMORY_SNAPSHOT time=1705809282081 rss=991023104 heap=0', 'MEMORY_SNAPSHOT time=1705809282091 rss=991023104 heap=0', 'MEMORY_SNAPSHOT time=1705809282102 rss=991023104 heap=0', 'MEMORY_SNAPSHOT time=1705809282112 rss=991023104 heap=0', 'MEMORY_SNAPSHOT time=1705809282122 rss=991023104 heap=0', 'MEMORY_SNAPSHOT time=1705809282132 rss=991023104 heap=0', 'MEMORY_SNAPSHOT time=1705809282143 rss=991023104 heap=0', 'MEMORY_SNAPSHOT time=1705809282153 rss=991023104 heap=0', 'MEMORY_SNAPSHOT time=1705809282163 rss=991023104 heap=0', 'MEMORY_SNAPSHOT time=1705809282173 rss=991023104 heap=0', 'MEMORY_SNAPSHOT time=1705809282184 rss=991023104 heap=0', 'MEMORY_SNAPSHOT time=1705809282194 rss=991023104 heap=0', 'MEMORY_SNAPSHOT time=1705809282204 rss=991023104 heap=0', 'MEMORY_SNAPSHOT time=1705809282214 rss=991023104 heap=0', 'MEMORY_SNAPSHOT time=1705809282225 rss=991023104 heap=0', 'MEMORY_SNAPSHOT time=1705809282235 rss=991023104 heap=0', 'MEMORY_SNAPSHOT time=1705809282245 rss=991023104 heap=0', 'MEMORY_SNAPSHOT time=1705809282255 rss=991023104 heap=0', 'MEMORY_SNAPSHOT time=1705809282266 rss=991023104 heap=0', 'MEMORY_SNAPSHOT time=1705809282276 rss=991023104 heap=0', 'MEMORY_SNAPSHOT time=1705809282286 rss=991023104 heap=0', 'MEMORY_SNAPSHOT time=1705809282296 rss=991023104 heap=0', 'MEMORY_SNAPSHOT time=1705809282307 rss=991023104 heap=0', 'MEMORY_SNAPSHOT time=1705809282317 rss=991023104 heap=0', 'MEMORY_SNAPSHOT time=1705809282327 rss=991023104 heap=0', 'MEMORY_SNAPSHOT time=1705809282337 rss=991023104 heap=0', 'MEMORY_SNAPSHOT time=1705809282348 rss=991023104 heap=0', 'MEMORY_SNAPSHOT time=1705809282358 rss=991023104 heap=0', 'MEMORY_SNAPSHOT time=1705809282368 rss=991023104 heap=0', 'MEMORY_SNAPSHOT time=1705809282379 rss=991023104 heap=0', 'MEMORY_SNAPSHOT time=1705809282389 rss=991023104 heap=0', 'MEMORY_SNAPSHOT time=1705809282399 rss=991023104 heap=0', 'MEMORY_SNAPSHOT time=1705809282409 rss=991023104 heap=0', 'MEMORY_SNAPSHOT time=1705809282420 rss=991023104 heap=0', 'MEMORY_SNAPSHOT time=1705809282430 rss=991023104 heap=0', 'MEMORY_SNAPSHOT time=1705809282440 rss=991023104 heap=0', 'MEMORY_SNAPSHOT time=1705809282451 rss=991023104 heap=0', 'MEMORY_SNAPSHOT time=1705809282461 rss=991023104 heap=0', 'MEMORY_SNAPSHOT time=1705809282471 rss=991023104 heap=0', 'MEMORY_SNAPSHOT time=1705809282481 rss=991023104 heap=0', 'MEMORY_SNAPSHOT time=1705809282491 rss=991023104 heap=0', 'MEMORY_SNAPSHOT time=1705809282502 rss=991023104 heap=0', 'MEMORY_SNAPSHOT time=1705809282512 rss=991023104 heap=0', 'MEMORY_SNAPSHOT time=1705809282522 rss=991023104 heap=0', 'CONTEXT_SWITCH tid=1', 'THREAD_RECORD main', 'MEMORY_MAP_START', 'SEGMENT_HEADER filename=/usr/bin/python3.10 num_segments=4 addr=0x56181288e000', 'SEGMENT (nil) 6c228', 'SEGMENT 0x6d000 2af2fd', 'SEGMENT 0x31d000 23e548', 'SEGMENT 0x55c830 8b6a8', 'SEGMENT_HEADER filename=/lib/x86_64-linux-gnu/libm.so.6 num_segments=4 addr=0x7fd594fe4000', 'SEGMENT (nil) d2e0', 'SEGMENT 0xe000 7b8d5', 'SEGMENT 0x8a000 5a7e4', 'SEGMENT 0xe5d80 388', 'SEGMENT_HEADER filename=/lib/x86_64-linux-gnu/libexpat.so.1 num_segments=4 addr=0x7fd594fb3000', 'SEGMENT (nil) 3288', 'SEGMENT 0x4000 1e5b5', 'SEGMENT 0x23000 9c0c', 'SEGMENT 0x2e590 1b28', 'SEGMENT_HEADER filename=/lib/x86_64-linux-gnu/libz.so.1 num_segments=4 addr=0x7fd594f97000', 'SEGMENT (nil) 1f38', 'SEGMENT 0x2000 10c21', 'SEGMENT 0x13000 5e74', 'SEGMENT 0x1ac90 428', 'SEGMENT_HEADER filename=/lib/x86_64-linux-gnu/libc.so.6 num_segments=4 addr=0x7fd594d6e000', 'SEGMENT (nil) 27fe0', 'SEGMENT 0x28000 194341', 'SEGMENT 0x1bd000 57924', 'SEGMENT 0x2168f0 12560', 'SEGMENT_HEADER filename=/lib64/ld-linux-x86-64.so.2 num_segments=4 addr=0x7fd5950d4000', 'SEGMENT (nil) 1b50', 'SEGMENT 0x2000 29315', 'SEGMENT 0x2c000 af34', 'SEGMENT 0x38620 2cb8', 'SEGMENT_HEADER filename=/usr/lib/python3.10/lib-dynload/_opcode.cpython-310-x86_64-linux-gnu.so num_segments=4 addr=0x7fd59481c000', 'SEGMENT (nil) 8d8', 'SEGMENT 0x1000 43d', 'SEGMENT 0x2000 2a4', 'SEGMENT 0x3e10 360', 'SEGMENT_HEADER filename=/usr/lib/python3.10/lib-dynload/_bz2.cpython-310-x86_64-linux-gnu.so num_segments=4 addr=0x7fd594813000', 'SEGMENT (nil) 1618', 'SEGMENT 0x2000 2219', 'SEGMENT 0x5000 128c', 'SEGMENT 0x7db0 748', 'SEGMENT_HEADER filename=/lib/x86_64-linux-gnu/libbz2.so.1.0 num_segments=4 addr=0x7fd5944a0000', 'SEGMENT (nil) 1248', 'SEGMENT 0x2000 c571', 'SEGMENT 0xf000 15e8', 'SEGMENT 0x11c90 f98', 'SEGMENT_HEADER filename=/usr/lib/python3.10/lib-dynload/_lzma.cpython-310-x86_64-linux-gnu.so num_segments=4 addr=0x7fd594807000', 'SEGMENT (nil) 2208', 'SEGMENT 0x3000 38f1', 'SEGMENT 0x7000 243c', 'SEGMENT 0xad70 ac8', 'SEGMENT_HEADER filename=/lib/x86_64-linux-gnu/liblzma.so.5 num_segments=4 addr=0x7fd594475000', 'SEGMENT (nil) 27b0', 'SEGMENT 0x3000 1a0ed', 'SEGMENT 0x1e000 a84c', 'SEGMENT 0x29ab0 658', 'SEGMENT_HEADER filename=/usr/lib/python3.10/lib-dynload/_uuid.cpython-310-x86_64-linux-gnu.so num_segments=4 addr=0x7fd594802000', 'SEGMENT (nil) 738', 'SEGMENT 0x1000 239', 'SEGMENT 0x2000 12c', 'SEGMENT 0x3e00 330', 'SEGMENT_HEADER filename=/lib/x86_64-linux-gnu/libuuid.so.1 num_segments=4 addr=0x7fd594265000', 'SEGMENT (nil) 1450', 'SEGMENT 0x2000 3d76', 'SEGMENT 0x6000 880', 'SEGMENT 0x7c70 3b8', 'SEGMENT_HEADER filename=/usr/lib/python3.10/lib-dynload/_json.cpython-310-x86_64-linux-gnu.so num_segments=4 addr=0x7fd5945ef000', 'SEGMENT (nil) 1f30', 'SEGMENT 0x2000 6695', 'SEGMENT 0x9000 1454', 'SEGMENT 0xbdf8 a78', 'SEGMENT_HEADER filename=/usr/lib/python3.10/lib-dynload/_decimal.cpython-310-x86_64-linux-gnu.so num_segments=4 addr=0x7fd5945c2000', 'SEGMENT (nil) 74f8', 'SEGMENT 0x8000 140d1', 'SEGMENT 0x1d000 b130', 'SEGMENT 0x29d18 2d38', 'SEGMENT_HEADER filename=/lib/x86_64-linux-gnu/libmpdec.so.3 num_segments=4 addr=0x7fd593fa5000', 'SEGMENT (nil) 4f80', 'SEGMENT 0x5000 203f5', 'SEGMENT 0x26000 690c', 'SEGMENT 0x2dc10 618', 'SEGMENT_HEADER filename=/usr/lib/python3.10/lib-dynload/_hashlib.cpython-310-x86_64-linux-gnu.so num_segments=4 addr=0x7fd593c94000', 'SEGMENT (nil) 3998', 'SEGMENT 0x4000 5fd9', 'SEGMENT 0xa000 3708', 'SEGMENT 0xe7f0 1880', 'SEGMENT_HEADER filename=/lib/x86_64-linux-gnu/libcrypto.so.3 num_segments=4 addr=0x7fd593851000', 'SEGMENT (nil) b1c28', 'SEGMENT 0xb2000 25de31', 'SEGMENT 0x310000 d1770', 'SEGMENT 0x3e2ff0 5f4d0', 'SEGMENT_HEADER filename=/usr/lib/python3.10/lib-dynload/_sqlite3.cpython-310-x86_64-linux-gnu.so num_segments=4 addr=0x7fd593835000', 'SEGMENT (nil) 55e8', 'SEGMENT 0x6000 d155', 'SEGMENT 0x14000 49a4', 'SEGMENT 0x19bd0 1d78', 'SEGMENT_HEADER filename=/lib/x86_64-linux-gnu/libsqlite3.so.0 num_segments=4 addr=0x7fd5936e8000', 'SEGMENT (nil) 1d7d8', 'SEGMENT 0x1e000 eb4dd', 'SEGMENT 0x10a000 3a3ec', 'SEGMENT 0x145ed0 6ae8', 'SEGMENT_HEADER filename=/home/kaiyaok2/.local/lib/python3.10/site-packages/coverage/tracer.cpython-310-x86_64-linux-gnu.so num_segments=4 addr=0x7fd5945bb000', 'SEGMENT (nil) 1970', 'SEGMENT 0x2000 19c1', 'SEGMENT 0x4000 8a4', 'SEGMENT 0x5d50 c18', 'SEGMENT_HEADER filename=/lib/x86_64-linux-gnu/libpthread.so.0 num_segments=4 addr=0x7fd5947fd000', 'SEGMENT (nil) aa8', 'SEGMENT 0x1000 115', 'SEGMENT 0x2000 188', 'SEGMENT 0x3e00 228', 'SEGMENT_HEADER filename=/home/kaiyaok2/.local/lib/python3.10/site-packages/numpy/core/_multiarray_umath.cpython-310-x86_64-linux-gnu.so num_segments=6 addr=0x7fd593071000', 'SEGMENT (nil) 27f28', 'SEGMENT 0x28000 3f9045', 'SEGMENT 0x422000 107608', 'SEGMENT 0x52b2f0 43d18', 'SEGMENT 0x570000 38e0', 'SEGMENT 0x574000 2ff0', 'SEGMENT_HEADER filename=/home/kaiyaok2/.local/lib/python3.10/site-packages/numpy/core/../../numpy.libs/libopenblas64_p-r0-742d56dc.3.20.so num_segments=4 addr=0x7fd591000000', 'SEGMENT (nil) 1d98558', 'SEGMENT 0x1f98700 2af28', 'SEGMENT 0x1fc4000 5d188', 'SEGMENT 0x2022000 43938', 'SEGMENT_HEADER filename=/home/kaiyaok2/.local/lib/python3.10/site-packages/numpy/core/../../numpy.libs/libgfortran-040039e1.so.5.0.0 num_segments=4 addr=0x7fd590a00000', 'SEGMENT (nil) 2752ec', 'SEGMENT 0x475310 2160', 'SEGMENT 0x478000 b5f0', 'SEGMENT 0x484000 8c70', 'SEGMENT_HEADER filename=/home/kaiyaok2/.local/lib/python3.10/site-packages/numpy/core/../../numpy.libs/libquadmath-96973f99.so.0.0.0 num_segments=3 addr=0x7fd590600000', 'SEGMENT (nil) 3a4cc', 'SEGMENT 0x23ada0 6f0', 'SEGMENT 0x23c000 738', 'SEGMENT_HEADER filename=/lib/x86_64-linux-gnu/libgcc_s.so.1 num_segments=4 addr=0x7fd590fe0000', 'SEGMENT (nil) 2d08', 'SEGMENT 0x3000 16815', 'SEGMENT 0x1a000 32c4', 'SEGMENT 0x1edc8 520', 'SEGMENT_HEADER filename=/home/kaiyaok2/.local/lib/python3.10/site-packages/numpy/core/_multiarray_tests.cpython-310-x86_64-linux-gnu.so num_segments=4 addr=0x7fd590eb7000', 'SEGMENT (nil) 7f60', 'SEGMENT 0x8000 165c5', 'SEGMENT 0x1f000 5fc8', 'SEGMENT 0x26d50 18a0', 'SEGMENT_HEADER filename=/usr/lib/python3.10/lib-dynload/_ctypes.cpython-310-x86_64-linux-gnu.so num_segments=4 addr=0x7fd590e96000', 'SEGMENT (nil) 5ee0', 'SEGMENT 0x6000 fbb9', 'SEGMENT 0x16000 585c', 'SEGMENT 0x1cd58 3ec8', 'SEGMENT_HEADER filename=/lib/x86_64-linux-gnu/libffi.so.8 num_segments=4 addr=0x7fd5908f3000', 'SEGMENT (nil) 1880', 'SEGMENT 0x2000 63a1', 'SEGMENT 0x9000 fc8', 'SEGMENT 0xbc90 9a0', 'SEGMENT_HEADER filename=/home/kaiyaok2/.local/lib/python3.10/site-packages/numpy/linalg/_umath_linalg.cpython-310-x86_64-linux-gnu.so num_segments=6 addr=0x7fd59422f000', 'SEGMENT (nil) 7da0', 'SEGMENT 0x8000 20955', 'SEGMENT 0x29000 56f8', 'SEGMENT 0x2fd18 1538', 'SEGMENT 0x32000 1e18', 'SEGMENT 0x34000 1660', 'SEGMENT_HEADER filename=/home/kaiyaok2/.local/lib/python3.10/site-packages/numpy/fft/_pocketfft_internal.cpython-310-x86_64-linux-gnu.so num_segments=4 addr=0x7fd594217000', 'SEGMENT (nil) b20', 'SEGMENT 0x1000 12a09', 'SEGMENT 0x14000 145c', 'SEGMENT 0x16dd8 3b8', 'SEGMENT_HEADER filename=/home/kaiyaok2/.local/lib/python3.10/site-packages/numpy/random/mtrand.cpython-310-x86_64-linux-gnu.so num_segments=4 addr=0x7fd59083f000', 'SEGMENT (nil) e348', 'SEGMENT 0xf000 4c6e5', 'SEGMENT 0x5c000 2d798', 'SEGMENT 0x8abf8 28690', 'SEGMENT_HEADER filename=/home/kaiyaok2/.local/lib/python3.10/site-packages/numpy/random/bit_generator.cpython-310-x86_64-linux-gnu.so num_segments=4 addr=0x7fd5941e8000', 'SEGMENT (nil) 5b40', 'SEGMENT 0x6000 1a759', 'SEGMENT 0x21000 722c', 'SEGMENT 0x29ce0 4f88', 'SEGMENT_HEADER filename=/home/kaiyaok2/.local/lib/python3.10/site-packages/numpy/random/_common.cpython-310-x86_64-linux-gnu.so num_segments=4 addr=0x7fd556b68000', 'SEGMENT (nil) 4870', 'SEGMENT 0x5000 322e1', 'SEGMENT 0x38000 3aec', 'SEGMENT 0x3ccc8 2dc0', 'SEGMENT_HEADER filename=/home/kaiyaok2/.local/lib/python3.10/site-packages/numpy/random/_bounded_integers.cpython-310-x86_64-linux-gnu.so num_segments=4 addr=0x7fd556a0c000', 'SEGMENT (nil) 72c0', 'SEGMENT 0x8000 45995', 'SEGMENT 0x4e000 9570', 'SEGMENT 0x58d28 25c8', 'SEGMENT_HEADER filename=/home/kaiyaok2/.local/lib/python3.10/site-packages/numpy/random/_mt19937.cpython-310-x86_64-linux-gnu.so num_segments=4 addr=0x7fd5569f2000', 'SEGMENT (nil) 3420', 'SEGMENT 0x4000 da8d', 'SEGMENT 0x12000 3f34', 'SEGMENT 0x17d10 1f98', 'SEGMENT_HEADER filename=/home/kaiyaok2/.local/lib/python3.10/site-packages/numpy/random/_philox.cpython-310-x86_64-linux-gnu.so num_segments=4 addr=0x7fd5569dc000', 'SEGMENT (nil) 2f78', 'SEGMENT 0x3000 b519', 'SEGMENT 0xf000 2ec4', 'SEGMENT 0x13d20 1ca8', 'SEGMENT_HEADER filename=/home/kaiyaok2/.local/lib/python3.10/site-packages/numpy/random/_pcg64.cpython-310-x86_64-linux-gnu.so num_segments=4 addr=0x7fd5569c2000', 'SEGMENT (nil) 30f0', 'SEGMENT 0x4000 d965', 'SEGMENT 0x12000 34e8', 'SEGMENT 0x16d30 26d8', 'SEGMENT_HEADER filename=/home/kaiyaok2/.local/lib/python3.10/site-packages/numpy/random/_sfc64.cpython-310-x86_64-linux-gnu.so num_segments=4 addr=0x7fd5941d9000', 'SEGMENT (nil) 29c8', 'SEGMENT 0x3000 6595', 'SEGMENT 0xa000 1d68', 'SEGMENT 0xdd40 11d8', 'SEGMENT_HEADER filename=/home/kaiyaok2/.local/lib/python3.10/site-packages/numpy/random/_generator.cpython-310-x86_64-linux-gnu.so num_segments=4 addr=0x7fd5568df000', 'SEGMENT (nil) f628', 'SEGMENT 0x10000 75225', 'SEGMENT 0x86000 31cd0', 'SEGMENT 0xb9b80 28c68', 'SEGMENT_HEADER filename=/usr/lib/python3.10/lib-dynload/_ssl.cpython-310-x86_64-linux-gnu.so num_segments=4 addr=0x7fd5567a8000', 'SEGMENT (nil) 11d98', 'SEGMENT 0x12000 c071', 'SEGMENT 0x1f000 dc00', 'SEGMENT 0x2dc30 8b28', 'SEGMENT_HEADER filename=/lib/x86_64-linux-gnu/libssl.so.3 num_segments=4 addr=0x7fd556704000', 'SEGMENT (nil) 1d418', 'SEGMENT 0x1e000 5aeed', 'SEGMENT 0x79000 1c1c0', 'SEGMENT 0x96eb0 c940', 'SEGMENT_HEADER filename=/usr/lib/python3.10/lib-dynload/_contextvars.cpython-310-x86_64-linux-gnu.so num_segments=4 addr=0x7fd5945b6000', 'SEGMENT (nil) 708', 'SEGMENT 0x1000 1e5', 'SEGMENT 0x2000 160', 'SEGMENT 0x3e38 2f8', 'SEGMENT_HEADER filename=/usr/lib/python3.10/lib-dynload/_asyncio.cpython-310-x86_64-linux-gnu.so num_segments=4 addr=0x7fd5566f0000', 'SEGMENT (nil) 3b38', 'SEGMENT 0x4000 76f9', 'SEGMENT 0xc000 3e74', 'SEGMENT 0x11c90 1eb0', 'SEGMENT_HEADER filename=/usr/lib/python3.10/lib-dynload/_queue.cpython-310-x86_64-linux-gnu.so num_segments=4 addr=0x7fd59426e000', 'SEGMENT (nil) 1348', 'SEGMENT 0x2000 1259', 'SEGMENT 0x4000 c40', 'SEGMENT 0x5db0 6e0', 'SEGMENT_HEADER filename=/home/kaiyaok2/.local/lib/python3.10/site-packages/rpds/rpds.cpython-310-x86_64-linux-gnu.so num_segments=4 addr=0x7fd55613d000', 'SEGMENT (nil) aea0', 'SEGMENT 0xb000 7e9a9', 'SEGMENT 0x8a000 20a54', 'SEGMENT 0xabbd8 6b08', 'SEGMENT_HEADER filename=/lib/x86_64-linux-gnu/librt.so.1 num_segments=4 addr=0x7fd5941d4000', 'SEGMENT (nil) 808', 'SEGMENT 0x1000 285', 'SEGMENT 0x2000 274', 'SEGMENT 0x3dc0 278', 'SEGMENT_HEADER filename=/lib/x86_64-linux-gnu/libdl.so.2 num_segments=4 addr=0x7fd590e91000', 'SEGMENT (nil) 678', 'SEGMENT 0x1000 115', 'SEGMENT 0x2000 110', 'SEGMENT 0x3e00 228', 'SEGMENT_HEADER filename=/home/kaiyaok2/.local/lib/python3.10/site-packages/zmq/backend/cython/_device.cpython-310-x86_64-linux-gnu.so num_segments=6 addr=0x7fd555e2b000', 'SEGMENT (nil) 29d8', 'SEGMENT 0x3000 61e5', 'SEGMENT 0xa000 17c8', 'SEGMENT 0xcd40 14a8', 'SEGMENT 0xf000 1198', 'SEGMENT 0x11000 9c0', 'SEGMENT_HEADER filename=/home/kaiyaok2/.local/lib/python3.10/site-packages/zmq/backend/cython/../../../pyzmq.libs/libzmq-fc4fcd2d.so.5.2.4 num_segments=6 addr=0x7fd555d37000', 'SEGMENT (nil) 17d18', 'SEGMENT 0x18000 92779', 'SEGMENT 0xab000 3aef4', 'SEGMENT 0xe7c80 7ca0', 'SEGMENT 0xf0000 1c90', 'SEGMENT 0xf2000 1a10', 'SEGMENT_HEADER filename=/home/kaiyaok2/.local/lib/python3.10/site-packages/zmq/backend/cython/../../../pyzmq.libs/libsodium-a0cd10d3.so.23.3.0 num_segments=5 addr=0x7fd555c0c000', 'SEGMENT (nil) be90', 'SEGMENT 0xc000 1001c9', 'SEGMENT 0x10d000 13aa0', 'SEGMENT 0x122798 c78', 'SEGMENT 0x124000 6260', 'SEGMENT_HEADER filename=/lib/x86_64-linux-gnu/libstdc++.so.6 num_segments=4 addr=0x7fd5559e0000', 'SEGMENT (nil) 99140', 'SEGMENT 0x9a000 110fd1', 'SEGMENT 0x1ab000 6e882', 'SEGMENT 0x21b880 10040', 'SEGMENT_HEADER filename=/home/kaiyaok2/.local/lib/python3.10/site-packages/zmq/backend/cython/context.cpython-310-x86_64-linux-gnu.so num_segments=6 addr=0x7fd5559ca000', 'SEGMENT (nil) 3580', 'SEGMENT 0x4000 8195', 'SEGMENT 0xd000 2144', 'SEGMENT 0x10d28 1ef8', 'SEGMENT 0x13000 1440', 'SEGMENT 0x15000 ae0', 'SEGMENT_HEADER filename=/home/kaiyaok2/.local/lib/python3.10/site-packages/zmq/backend/cython/socket.cpython-310-x86_64-linux-gnu.so num_segments=6 addr=0x7fd55599f000', 'SEGMENT (nil) 5710', 'SEGMENT 0x6000 17271', 'SEGMENT 0x1e000 3a90', 'SEGMENT 0x22d00 4f40', 'SEGMENT 0x28000 19d0', 'SEGMENT 0x2a000 d28', 'SEGMENT_HEADER filename=/home/kaiyaok2/.local/lib/python3.10/site-packages/zmq/backend/cython/message.cpython-310-x86_64-linux-gnu.so num_segments=6 addr=0x7fd555982000', 'SEGMENT (nil) 4b30', 'SEGMENT 0x5000 d7a1', 'SEGMENT 0x13000 2c2c', 'SEGMENT 0x16ce8 2c40', 'SEGMENT 0x1a000 cb0', 'SEGMENT 0x1b000 1dd8', 'SEGMENT_HEADER filename=/home/kaiyaok2/.local/lib/python3.10/site-packages/zmq/backend/cython/_poll.cpython-310-x86_64-linux-gnu.so num_segments=6 addr=0x7fd55596c000', 'SEGMENT (nil) 3188', 'SEGMENT 0x4000 99b1', 'SEGMENT 0xe000 1c94', 'SEGMENT 0x10d18 18b0', 'SEGMENT 0x13000 1400', 'SEGMENT 0x15000 aa8', 'SEGMENT_HEADER filename=/home/kaiyaok2/.local/lib/python3.10/site-packages/zmq/backend/cython/_proxy_steerable.cpython-310-x86_64-linux-gnu.so num_segments=6 addr=0x7fd55595b000', 'SEGMENT (nil) 2828', 'SEGMENT 0x3000 531d', 'SEGMENT 0x9000 1540', 'SEGMENT 0xbd58 1300', 'SEGMENT 0xe000 10e8', 'SEGMENT 0x10000 980', 'SEGMENT_HEADER filename=/home/kaiyaok2/.local/lib/python3.10/site-packages/zmq/backend/cython/_version.cpython-310-x86_64-linux-gnu.so num_segments=6 addr=0x7fd593067000', 'SEGMENT (nil) 1f68', 'SEGMENT 0x2000 25c9', 'SEGMENT 0x5000 d78', 'SEGMENT 0x6d80 e08', 'SEGMENT 0x8000 ce8', 'SEGMENT 0x9000 7b0', 'SEGMENT_HEADER filename=/home/kaiyaok2/.local/lib/python3.10/site-packages/zmq/backend/cython/error.cpython-310-x86_64-linux-gnu.so num_segments=6 addr=0x7fd55594f000', 'SEGMENT (nil) 2170', 'SEGMENT 0x3000 2e99', 'SEGMENT 0x6000 fa0', 'SEGMENT 0x8d68 ed8', 'SEGMENT 0xa000 df8', 'SEGMENT 0xb000 810', 'SEGMENT_HEADER filename=/home/kaiyaok2/.local/lib/python3.10/site-packages/zmq/backend/cython/utils.cpython-310-x86_64-linux-gnu.so num_segments=6 addr=0x7fd555940000', 'SEGMENT (nil) 2790', 'SEGMENT 0x3000 44b1', 'SEGMENT 0x8000 1220', 'SEGMENT 0xad50 1568', 'SEGMENT 0xd000 fe0', 'SEGMENT 0xe000 8f0', 'SEGMENT_HEADER filename=/home/kaiyaok2/.local/lib/python3.10/site-packages/tornado/speedups.abi3.so num_segments=4 addr=0x7fd55583b000', 'SEGMENT (nil) 688', 'SEGMENT 0x1000 28d', 'SEGMENT 0x2000 d4', 'SEGMENT 0x3df8 330', 'SEGMENT_HEADER filename=/usr/lib/python3.10/lib-dynload/_curses.cpython-310-x86_64-linux-gnu.so num_segments=4 addr=0x7fd55581b000', 'SEGMENT (nil) 66c8', 'SEGMENT 0x7000 a079', 'SEGMENT 0x12000 a3c4', 'SEGMENT 0x1dd50 2258', 'SEGMENT_HEADER filename=/lib/x86_64-linux-gnu/libncursesw.so.6 num_segments=4 addr=0x7fd5557d8000', 'SEGMENT (nil) 7f00', 'SEGMENT 0x8000 28639', 'SEGMENT 0x31000 7978', 'SEGMENT 0x3a8d8 8e8', 'SEGMENT_HEADER filename=/lib/x86_64-linux-gnu/libtinfo.so.6 num_segments=4 addr=0x7fd5557a6000', 'SEGMENT (nil) d610', 'SEGMENT 0xe000 101a9', 'SEGMENT 0x1f000 d690', 'SEGMENT 0x2db90 3d90', 'SEGMENT_HEADER filename=/usr/lib/python3.10/lib-dynload/termios.cpython-310-x86_64-linux-gnu.so num_segments=4 addr=0x7fd55569d000', 'SEGMENT (nil) 27c0', 'SEGMENT 0x3000 ee9', 'SEGMENT 0x4000 148c', 'SEGMENT 0x6e00 1410', 'SEGMENT_HEADER filename=/usr/lib/python3.10/lib-dynload/resource.cpython-310-x86_64-linux-gnu.so num_segments=4 addr=0x7fd555815000', 'SEGMENT (nil) 1230', 'SEGMENT 0x2000 e79', 'SEGMENT 0x3000 a0c', 'SEGMENT 0x4df0 5c0', 'SEGMENT_HEADER filename=/usr/lib/python3.10/lib-dynload/_lsprof.cpython-310-x86_64-linux-gnu.so num_segments=4 addr=0x7fd556ce0000', 'SEGMENT (nil) 14f8', 'SEGMENT 0x2000 29a1', 'SEGMENT 0x5000 1160', 'SEGMENT 0x7e28 6c0', 'SEGMENT_HEADER filename=/home/kaiyaok2/.local/lib/python3.10/site-packages/debugpy/_vendored/pydevd/_pydevd_bundle/pydevd_cython.cpython-310-x86_64-linux-gnu.so num_segments=4 addr=0x7fd554789000', 'SEGMENT (nil) 7ef8', 'SEGMENT 0x8000 7904d', 'SEGMENT 0x82000 8bb0', 'SEGMENT 0x8bc90 6880', 'SEGMENT_HEADER filename=/home/kaiyaok2/.local/lib/python3.10/site-packages/markupsafe/_speedups.cpython-310-x86_64-linux-gnu.so num_segments=4 addr=0x7fd556cdb000', 'SEGMENT (nil) a80', 'SEGMENT 0x1000 d05', 'SEGMENT 0x2000 7c8', 'SEGMENT 0x3dd8 3e0', 'SEGMENT_HEADER filename=/home/kaiyaok2/.local/lib/python3.10/site-packages/yaml/_yaml.cpython-310-x86_64-linux-gnu.so num_segments=4 addr=0x7fd55402f000', 'SEGMENT (nil) 6368', 'SEGMENT 0x7000 45bd1', 'SEGMENT 0x4d000 70d8', 'SEGMENT 0x55d30 3d40', 'SEGMENT_HEADER filename=/home/kaiyaok2/.local/lib/python3.10/site-packages/_brotli.cpython-310-x86_64-linux-gnu.so num_segments=2 addr=0x7fd553c00000', 'SEGMENT (nil) d7e94', 'SEGMENT 0x2d8c90 d00', 'SEGMENT_HEADER filename=/home/kaiyaok2/.local/lib/python3.10/site-packages/charset_normalizer/md.cpython-310-x86_64-linux-gnu.so num_segments=4 addr=0x7fd556cd6000', 'SEGMENT (nil) 600', 'SEGMENT 0x1000 1c1', 'SEGMENT 0x2000 f8', 'SEGMENT 0x3df8 258', 'SEGMENT_HEADER filename=/home/kaiyaok2/.local/lib/python3.10/site-packages/charset_normalizer/md__mypyc.cpython-310-x86_64-linux-gnu.so num_segments=4 addr=0x7fd553ef6000', 'SEGMENT (nil) ccc0', 'SEGMENT 0xd000 1be11', 'SEGMENT 0x29000 8a5c', 'SEGMENT 0x337d0 5098', 'SEGMENT_HEADER filename=/usr/lib/python3.10/lib-dynload/_multibytecodec.cpython-310-x86_64-linux-gnu.so num_segments=4 addr=0x7fd556cc9000', 'SEGMENT (nil) 2978', 'SEGMENT 0x3000 587d', 'SEGMENT 0x9000 1cd8', 'SEGMENT 0xbd50 ec8', 'SEGMENT_HEADER filename=/home/kaiyaok2/.local/lib/python3.10/site-packages/PyQt5/QtCore.abi3.so num_segments=2 addr=0x7fd5536e6000', 'SEGMENT (nil) 2c9a4c', 'SEGMENT 0x2ca948 4ee08', 'SEGMENT_HEADER filename=/home/kaiyaok2/.local/lib/python3.10/site-packages/PyQt5/Qt5/lib/libQt5Core.so.5 num_segments=2 addr=0x7fd552e00000', 'SEGMENT (nil) 5e3d78', 'SEGMENT 0x7e4600 11928', 'SEGMENT_HEADER filename=/home/kaiyaok2/.local/lib/python3.10/site-packages/PyQt5/Qt5/lib/libicui18n.so.56 num_segments=2 addr=0x7fd552800000', 'SEGMENT (nil) 288128', 'SEGMENT 0x488ae0 f670', 'SEGMENT_HEADER filename=/home/kaiyaok2/.local/lib/python3.10/site-packages/PyQt5/Qt5/lib/libicuuc.so.56 num_segments=2 addr=0x7fd552400000', 'SEGMENT (nil) 1a4db5', 'SEGMENT 0x3a50a8 12c18', 'SEGMENT_HEADER filename=/home/kaiyaok2/.local/lib/python3.10/site-packages/PyQt5/Qt5/lib/libicudata.so.56 num_segments=2 addr=0x7fd550a00000', 'SEGMENT (nil) 17e2ab0', 'SEGMENT 0x19e2f10 f0', 'SEGMENT_HEADER filename=/lib/x86_64-linux-gnu/libgthread-2.0.so.0 num_segments=4 addr=0x7fd556cbd000', 'SEGMENT (nil) 5f8', 'SEGMENT 0x1000 1d1', 'SEGMENT 0x2000 1c0', 'SEGMENT 0x3d98 278', 'SEGMENT_HEADER filename=/lib/x86_64-linux-gnu/libglib-2.0.so.0 num_segments=4 addr=0x7fd552cc6000', 'SEGMENT (nil) 1c5d0', 'SEGMENT 0x1d000 8ef31', 'SEGMENT 0xac000 897c0', 'SEGMENT 0x137428 1eb0', 'SEGMENT_HEADER filename=/lib/x86_64-linux-gnu/libpcre.so.3 num_segments=4 addr=0x7fd553670000', 'SEGMENT (nil) 1350', 'SEGMENT 0x2000 545bd', 'SEGMENT 0x57000 1c66c', 'SEGMENT 0x74bf0 520', 'SEGMENT_HEADER filename=/home/kaiyaok2/.local/lib/python3.10/site-packages/PyQt5/sip.cpython-310-x86_64-linux-gnu.so num_segments=2 addr=0x7fd553647000', 'SEGMENT (nil) 24c88', 'SEGMENT 0x257b0 28a0', 'SEGMENT_HEADER filename=/home/kaiyaok2/.local/lib/python3.10/site-packages/PyQt5/QtGui.abi3.so num_segments=2 addr=0x7fd5505ac000', 'SEGMENT (nil) 2f331c', 'SEGMENT 0x2f4d88 5eec8', 'SEGMENT_HEADER filename=/home/kaiyaok2/.local/lib/python3.10/site-packages/PyQt5/Qt5/lib/libQt5Gui.so.5 num_segments=2 addr=0x7fd54fc00000', 'SEGMENT (nil) 70fa1c', 'SEGMENT 0x90fbb8 211b0', 'SEGMENT_HEADER filename=/lib/x86_64-linux-gnu/libGL.so.1 num_segments=4 addr=0x7fd54fb79000', 'SEGMENT (nil) 429e8', 'SEGMENT 0x43000 1e00d', 'SEGMENT 0x62000 14438', 'SEGMENT 0x77ce0 ec30', 'SEGMENT_HEADER filename=/lib/x86_64-linux-gnu/libGLdispatch.so.0 num_segments=4 addr=0x7fd54fac1000', 'SEGMENT (nil) 3ffa0', 'SEGMENT 0x40000 3e00d', 'SEGMENT 0x7f000 12c60', 'SEGMENT 0x934e0 23e58', 'SEGMENT_HEADER filename=/lib/x86_64-linux-gnu/libGLX.so.0 num_segments=4 addr=0x7fd553613000', 'SEGMENT (nil) 2898', 'SEGMENT 0x3000 1a08d', 'SEGMENT 0x1e000 2a90', 'SEGMENT 0x22900 10c88', 'SEGMENT_HEADER filename=/lib/x86_64-linux-gnu/libX11.so.6 num_segments=4 addr=0x7fd54f981000', 'SEGMENT (nil) 18038', 'SEGMENT 0x19000 8b6dd', 'SEGMENT 0xa5000 943e8', 'SEGMENT 0x13b1b0 4b80', 'SEGMENT_HEADER filename=/lib/x86_64-linux-gnu/libxcb.so.1 num_segments=4 addr=0x7fd552c9c000', 'SEGMENT (nil) af08', 'SEGMENT 0xb000 1366d', 'SEGMENT 0x1f000 85c0', 'SEGMENT 0x28cc0 5c8', 'SEGMENT_HEADER filename=/lib/x86_64-linux-gnu/libXau.so.6 num_segments=4 addr=0x7fd556cb7000', 'SEGMENT (nil) c30', 'SEGMENT 0x1000 10a1', 'SEGMENT 0x3000 428', 'SEGMENT 0x4e00 308', 'SEGMENT_HEADER filename=/lib/x86_64-linux-gnu/libXdmcp.so.6 num_segments=4 addr=0x7fd556caf000', 'SEGMENT (nil) 1030', 'SEGMENT 0x2000 1975', 'SEGMENT 0x4000 19b0', 'SEGMENT 0x6df0 290', 'SEGMENT_HEADER filename=/lib/x86_64-linux-gnu/libbsd.so.0 num_segments=4 addr=0x7fd553ede000', 'SEGMENT (nil) 3ba8', 'SEGMENT 0x4000 c235', 'SEGMENT 0x11000 2eac', 'SEGMENT 0x15960 1780', 'SEGMENT_HEADER filename=/lib/x86_64-linux-gnu/libmd.so.0 num_segments=4 addr=0x7fd553606000', 'SEGMENT (nil) 15c8', 'SEGMENT 0x2000 6749', 'SEGMENT 0x9000 16c0', 'SEGMENT 0xbcd0 418', 'SEGMENT_HEADER filename=/home/kaiyaok2/.local/lib/python3.10/site-packages/PyQt5/QtTest.abi3.so num_segments=2 addr=0x7fd5527e8000', 'SEGMENT (nil) 148a4', 'SEGMENT 0x15ab0 1ee0', 'SEGMENT_HEADER filename=/home/kaiyaok2/.local/lib/python3.10/site-packages/PyQt5/Qt5/lib/libQt5Widgets.so.5 num_segments=2 addr=0x7fd54f000000', 'SEGMENT (nil) 62f75c', 'SEGMENT 0x82fb30 32360', 'SEGMENT_HEADER filename=/home/kaiyaok2/.local/lib/python3.10/site-packages/PyQt5/Qt5/lib/libQt5Test.so.5 num_segments=2 addr=0x7fd54ec00000', 'SEGMENT (nil) 4b996', 'SEGMENT 0x24be18 61e8', 'SEGMENT_HEADER filename=/home/kaiyaok2/.local/lib/python3.10/site-packages/PyQt5/QtWidgets.abi3.so num_segments=2 addr=0x7fd54e6b7000', 'SEGMENT (nil) 4d94a4', 'SEGMENT 0x4da910 6de60', 'SEGMENT_HEADER filename=/home/kaiyaok2/.local/lib/python3.10/site-packages/srsly/ujson/ujson.cpython-310-x86_64-linux-gnu.so num_segments=4 addr=0x7fd5535f9000', 'SEGMENT (nil) 2e90', 'SEGMENT 0x3000 4a6d', 'SEGMENT 0x8000 2288', 'SEGMENT 0xbc38 880', 'SEGMENT_HEADER filename=/home/kaiyaok2/.local/lib/python3.10/site-packages/srsly/msgpack/_packer.cpython-310-x86_64-linux-gnu.so num_segments=4 addr=0x7fd5527d2000', 'SEGMENT (nil) 3250', 'SEGMENT 0x4000 bdb5', 'SEGMENT 0x10000 25d4', 'SEGMENT 0x13cd8 1878', 'SEGMENT_HEADER filename=/home/kaiyaok2/.local/lib/python3.10/site-packages/srsly/msgpack/_unpacker.cpython-310-x86_64-linux-gnu.so num_segments=4 addr=0x7fd5527b9000', 'SEGMENT (nil) 3e30', 'SEGMENT 0x4000 c909', 'SEGMENT 0x11000 33d0', 'SEGMENT 0x15d20 2708', 'SEGMENT_HEADER filename=/home/kaiyaok2/.local/lib/python3.10/site-packages/_ruamel_yaml.cpython-310-x86_64-linux-gnu.so num_segments=2 addr=0x7fd54e400000', 'SEGMENT (nil) 54ce4', 'SEGMENT 0x255cc8 2c30', 'SEGMENT_HEADER filename=/home/kaiyaok2/.local/lib/python3.10/site-packages/pydantic/__init__.cpython-310-x86_64-linux-gnu.so num_segments=4 addr=0x7fd5523f6000', 'SEGMENT (nil) 2e80', 'SEGMENT 0x3000 2b11', 'SEGMENT 0x6000 c68', 'SEGMENT 0x7da0 1f30', 'SEGMENT_HEADER filename=/home/kaiyaok2/.local/lib/python3.10/site-packages/pydantic/dataclasses.cpython-310-x86_64-linux-gnu.so num_segments=4 addr=0x7fd550568000', 'SEGMENT (nil) 7158', 'SEGMENT 0x8000 2e3b1', 'SEGMENT 0x37000 5658', 'SEGMENT 0x3dcc0 5f30', 'SEGMENT_HEADER filename=/home/kaiyaok2/.local/lib/python3.10/site-packages/pydantic/class_validators.cpython-310-x86_64-linux-gnu.so num_segments=4 addr=0x7fd54eebc000', 'SEGMENT (nil) 7218', 'SEGMENT 0x8000 2d9fd', 'SEGMENT 0x36000 5f94', 'SEGMENT 0x3dcc8 5e80', 'SEGMENT_HEADER filename=/home/kaiyaok2/.local/lib/python3.10/site-packages/pydantic/errors.cpython-310-x86_64-linux-gnu.so num_segments=4 addr=0x7fd54ee7f000', 'SEGMENT (nil) 8e00', 'SEGMENT 0x9000 23119', 'SEGMENT 0x2d000 627c', 'SEGMENT 0x34cd0 7af8', 'SEGMENT_HEADER filename=/home/kaiyaok2/.local/lib/python3.10/site-packages/pydantic/typing.cpython-310-x86_64-linux-gnu.so num_segments=4 addr=0x7fd54e674000', 'SEGMENT (nil) 6f48', 'SEGMENT 0x7000 2edd1', 'SEGMENT 0x36000 4aa8', 'SEGMENT 0x3bcd0 6e08', 'SEGMENT_HEADER filename=/home/kaiyaok2/.local/lib/python3.10/site-packages/pydantic/utils.cpython-310-x86_64-linux-gnu.so num_segments=4 addr=0x7fd54e296000', 'SEGMENT (nil) ace8', 'SEGMENT 0xb000 4914d', 'SEGMENT 0x55000 88c0', 'SEGMENT 0x5ec98 b130', 'SEGMENT_HEADER filename=/home/kaiyaok2/.local/lib/python3.10/site-packages/pydantic/version.cpython-310-x86_64-linux-gnu.so num_segments=4 addr=0x7fd5523e3000', 'SEGMENT (nil) 3780', 'SEGMENT 0x4000 84f5', 'SEGMENT 0xd000 1f28', 'SEGMENT 0x10d20 1f48', 'SEGMENT_HEADER filename=/home/kaiyaok2/.local/lib/python3.10/site-packages/pydantic/config.cpython-310-x86_64-linux-gnu.so num_segments=4 addr=0x7fd55054e000', 'SEGMENT (nil) 4a40', 'SEGMENT 0x5000 deb1', 'SEGMENT 0x13000 22d4', 'SEGMENT 0x16d08 2d78', 'SEGMENT_HEADER filename=/home/kaiyaok2/.local/lib/python3.10/site-packages/pydantic/error_wrappers.cpython-310-x86_64-linux-gnu.so num_segments=4 addr=0x7fd54ee57000', 'SEGMENT (nil) 5968', 'SEGMENT 0x6000 17261', 'SEGMENT 0x1e000 3d64', 'SEGMENT 0x23cc8 4210', 'SEGMENT_HEADER filename=/home/kaiyaok2/.local/lib/python3.10/site-packages/pydantic/json.cpython-310-x86_64-linux-gnu.so num_segments=4 addr=0x7fd550535000', 'SEGMENT (nil) 3f40', 'SEGMENT 0x4000 d2c9', 'SEGMENT 0x12000 1d64', 'SEGMENT 0x15d30 2620', 'SEGMENT_HEADER filename=/home/kaiyaok2/.local/lib/python3.10/site-packages/pydantic/color.cpython-310-x86_64-linux-gnu.so num_segments=4 addr=0x7fd54e247000', 'SEGMENT (nil) 8940', 'SEGMENT 0x9000 35c61', 'SEGMENT 0x3f000 5898', 'SEGMENT 0x45cc8 8c08', 'SEGMENT_HEADER filename=/home/kaiyaok2/.local/lib/python3.10/site-packages/pydantic/networks.cpython-310-x86_64-linux-gnu.so num_segments=4 addr=0x7fd54e1ed000', 'SEGMENT (nil) 9210', 'SEGMENT 0xa000 3f121', 'SEGMENT 0x4a000 6a64', 'SEGMENT 0x51cc0 8138', 'SEGMENT_HEADER filename=/home/kaiyaok2/.local/lib/python3.10/site-packages/pydantic/validators.cpython-310-x86_64-linux-gnu.so num_segments=4 addr=0x7fd54e16f000', 'SEGMENT (nil) 8b28', 'SEGMENT 0x9000 62895', 'SEGMENT 0x6c000 7274', 'SEGMENT 0x74ca0 85b8', 'SEGMENT_HEADER filename=/home/kaiyaok2/.local/lib/python3.10/site-packages/pydantic/datetime_parse.cpython-310-x86_64-linux-gnu.so num_segments=4 addr=0x7fd54e14c000', 'SEGMENT (nil) 4308', 'SEGMENT 0x5000 16e89', 'SEGMENT 0x1c000 24b0', 'SEGMENT 0x1fd10 2a90', 'SEGMENT_HEADER filename=/home/kaiyaok2/.local/lib/python3.10/site-packages/pydantic/types.cpython-310-x86_64-linux-gnu.so num_segments=4 addr=0x7fd54dfcf000', 'SEGMENT (nil) c810', 'SEGMENT 0xd000 55409', 'SEGMENT 0x63000 b2d4', 'SEGMENT 0x6fca8 d168', 'SEGMENT_HEADER filename=/home/kaiyaok2/.local/lib/python3.10/site-packages/pydantic/fields.cpython-310-x86_64-linux-gnu.so num_segments=4 addr=0x7fd54df39000', 'SEGMENT (nil) ab28', 'SEGMENT 0xb000 75631', 'SEGMENT 0x81000 75d4', 'SEGMENT 0x89ca8 bca0', 'SEGMENT_HEADER filename=/home/kaiyaok2/.local/lib/python3.10/site-packages/pydantic/main.cpython-310-x86_64-linux-gnu.so num_segments=4 addr=0x7fd54de98000', 'SEGMENT (nil) afc0', 'SEGMENT 0xb000 805a1', 'SEGMENT 0x8c000 8044', 'SEGMENT 0x95cb8 ab50', 'SEGMENT_HEADER filename=/home/kaiyaok2/.local/lib/python3.10/site-packages/pydantic/parse.cpython-310-x86_64-linux-gnu.so num_segments=4 addr=0x7fd54f86f000', 'SEGMENT (nil) 3200', 'SEGMENT 0x4000 8465', 'SEGMENT 0xd000 16ac', 'SEGMENT 0xfd40 1940', 'SEGMENT_HEADER filename=/home/kaiyaok2/.local/lib/python3.10/site-packages/pydantic/schema.cpython-310-x86_64-linux-gnu.so num_segments=4 addr=0x7fd54ddf0000', 'SEGMENT (nil) 98a8', 'SEGMENT 0xa000 893a9', 'SEGMENT 0x94000 6a98', 'SEGMENT 0x9bc90 c008', 'SEGMENT_HEADER filename=/home/kaiyaok2/.local/lib/python3.10/site-packages/pydantic/annotated_types.cpython-310-x86_64-linux-gnu.so num_segments=4 addr=0x7fd54e65d000', 'SEGMENT (nil) 3bc8', 'SEGMENT 0x4000 bf01', 'SEGMENT 0x10000 28b8', 'SEGMENT 0x13d00 23f8', 'SEGMENT_HEADER filename=/home/kaiyaok2/.local/lib/python3.10/site-packages/pydantic/decorator.cpython-310-x86_64-linux-gnu.so num_segments=4 addr=0x7fd54ddbd000', 'SEGMENT (nil) 5950', 'SEGMENT 0x6000 23e55', 'SEGMENT 0x2a000 3648', 'SEGMENT 0x2ecf8 40b0', 'SEGMENT_HEADER filename=/home/kaiyaok2/.local/lib/python3.10/site-packages/pydantic/env_settings.cpython-310-x86_64-linux-gnu.so num_segments=4 addr=0x7fd54dd7d000', 'SEGMENT (nil) 6e80', 'SEGMENT 0x7000 2bec9', 'SEGMENT 0x33000 4ff0', 'SEGMENT 0x39cb0 5790', 'SEGMENT_HEADER filename=/home/kaiyaok2/.local/lib/python3.10/site-packages/pydantic/tools.cpython-310-x86_64-linux-gnu.so num_segments=4 addr=0x7fd54dd68000', 'SEGMENT (nil) 36a8', 'SEGMENT 0x4000 b0b1', 'SEGMENT 0x10000 1a30', 'SEGMENT 0x12d50 2050', 'SEGMENT_HEADER filename=/home/kaiyaok2/.local/lib/python3.10/site-packages/torch/lib/libtorch_global_deps.so num_segments=8 addr=0x7fd54f866000', 'SEGMENT (nil) 520', 'SEGMENT 0x1000 111', 'SEGMENT 0x2000 4', 'SEGMENT 0x3d68 2c8', 'SEGMENT 0x5000 230', 'SEGMENT 0x6000 150', 'SEGMENT 0x7000 198', 'SEGMENT 0x8000 200', 'SEGMENT_HEADER filename=/home/kaiyaok2/.local/lib/python3.10/site-packages/torch/lib/../../nvidia/cublas/lib/libcublas.so.11 num_segments=2 addr=0x7fd544a00000', 'SEGMENT (nil) 900d4a4', 'SEGMENT 0x920e000 4fd38', 'SEGMENT_HEADER filename=/home/kaiyaok2/.local/lib/python3.10/site-packages/torch/lib/../../nvidia/cudnn/lib/libcudnn.so.8 num_segments=2 addr=0x7fd544600000', 'SEGMENT (nil) 22fce', 'SEGMENT 0x223d30 1698', 'SEGMENT_HEADER filename=/home/kaiyaok2/.local/lib/python3.10/site-packages/torch/lib/libnvToolsExt-847d78f2.so.1 num_segments=4 addr=0x7fd544200000', 'SEGMENT (nil) 7d6c', 'SEGMENT 0x208ca8 868', 'SEGMENT 0x20a000 ae0', 'SEGMENT 0x20b000 6c8', 'SEGMENT_HEADER filename=/home/kaiyaok2/.local/lib/python3.10/site-packages/torch/lib/libgomp-a34b3233.so.1 num_segments=4 addr=0x7fd543e00000', 'SEGMENT (nil) 2408c', 'SEGMENT 0x224d70 840', 'SEGMENT 0x226000 3350', 'SEGMENT 0x22a000 1fd0', 'SEGMENT_HEADER filename=/home/kaiyaok2/.local/lib/python3.10/site-packages/torch/lib/../../nvidia/cublas/lib/libcublasLt.so.11 num_segments=2 addr=0x7fd52fe00000', 'SEGMENT (nil) 1144a9c4', 'SEGMENT 0x1164b000 2955b20', 'SEGMENT_HEADER filename=/home/kaiyaok2/.local/lib/python3.10/site-packages/torch/_C.cpython-310-x86_64-linux-gnu.so num_segments=6 addr=0x7fd556cc2000', 'SEGMENT (nil) 548', 'SEGMENT 0x1000 131', 'SEGMENT 0x2000 78', 'SEGMENT 0x3dd8 260', 'SEGMENT 0x5000 240', 'SEGMENT 0x6000 188', 'SEGMENT_HEADER filename=/home/kaiyaok2/.local/lib/python3.10/site-packages/torch/lib/libtorch_python.so num_segments=7 addr=0x7fd52eae0000', 'SEGMENT (nil) 1ed108', 'SEGMENT 0x1ee000 a72bb5', 'SEGMENT 0xc61000 32be20', 'SEGMENT 0xf8e000 d2968', 'SEGMENT 0x1061000 f2438', 'SEGMENT 0x1154000 e5698', 'SEGMENT 0x123a000 e5708', 'SEGMENT_HEADER filename=/home/kaiyaok2/.local/lib/python3.10/site-packages/torch/lib/libshm.so num_segments=6 addr=0x7fd54dd5c000', 'SEGMENT (nil) 2608', 'SEGMENT 0x3000 261d', 'SEGMENT 0x6000 cc0', 'SEGMENT 0x8be8 6d8', 'SEGMENT 0xa000 e10', 'SEGMENT 0xb000 d70', 'SEGMENT_HEADER filename=/home/kaiyaok2/.local/lib/python3.10/site-packages/torch/lib/libtorch.so num_segments=6 addr=0x7fd556ca8000', 'SEGMENT (nil) 4b8', 'SEGMENT 0x1000 111', 'SEGMENT 0x2000 4', 'SEGMENT 0x3de8 248', 'SEGMENT 0x5000 220', 'SEGMENT 0x6000 198', 'SEGMENT_HEADER filename=/home/kaiyaok2/.local/lib/python3.10/site-packages/torch/lib/libtorch_cuda.so num_segments=6 addr=0x7fd54dd2f000', 'SEGMENT (nil) b1e8', 'SEGMENT 0xc000 a019', 'SEGMENT 0x17000 4b35', 'SEGMENT 0x1db10 8d0', 'SEGMENT 0x1f000 6cb8', 'SEGMENT 0x26000 6218', 'SEGMENT_HEADER filename=/home/kaiyaok2/.local/lib/python3.10/site-packages/torch/lib/libtorch_cuda_cpp.so num_segments=8 addr=0x7fd51f449000', 'SEGMENT (nil) be318', 'SEGMENT 0xbf000 5dc0b5', 'SEGMENT 0x69c000 8aa5446', 'SEGMENT 0x9142730 6433498', 'SEGMENT 0xf576000 4b7e8', 'SEGMENT 0xf5c2000 46800', 'SEGMENT 0xf609000 46848', 'SEGMENT 0xf650000 468b0', 'SEGMENT_HEADER filename=/home/kaiyaok2/.local/lib/python3.10/site-packages/torch/lib/libtorch_cpu.so num_segments=8 addr=0x7fd50364c000', 'SEGMENT (nil) 1113b80', 'SEGMENT 0x1114000 14bce8a9', 'SEGMENT 0x15ce3000 415ea11', 'SEGMENT 0x19e42fc0 942300', 'SEGMENT 0x1a786000 602ac8', 'SEGMENT 0x1ad89000 57b230', 'SEGMENT 0x1b305000 57b270', 'SEGMENT 0x1b881000 57b2e0', 'SEGMENT_HEADER filename=/home/kaiyaok2/.local/lib/python3.10/site-packages/torch/lib/libc10_cuda.so num_segments=7 addr=0x7fd5448f4000', 'SEGMENT (nil) 15e80', 'SEGMENT 0x16000 a2665', 'SEGMENT 0xb9000 31f29', 'SEGMENT 0xec000 9fc8', 'SEGMENT 0xf6000 7678', 'SEGMENT 0xfe000 6d08', 'SEGMENT 0x105000 6d70', 'SEGMENT_HEADER filename=/home/kaiyaok2/.local/lib/python3.10/site-packages/torch/lib/libtorch_cuda_cu.so num_segments=8 addr=0x7fd4d7198000', 'SEGMENT (nil) dc9f50', 'SEGMENT 0xdca000 2c88ea5', 'SEGMENT 0x3a53000 25cc820e', 'SEGMENT 0x2971c880 37dbf8', 'SEGMENT 0x29a9b000 ac5408', 'SEGMENT 0x2a561000 a70288', 'SEGMENT 0x2afd2000 a702d0', 'SEGMENT 0x2ba43000 a70338', 'SEGMENT_HEADER filename=/home/kaiyaok2/.local/lib/python3.10/site-packages/torch/lib/libc10.so num_segments=7 addr=0x7fd54dc61000', 'SEGMENT (nil) 1dfd8', 'SEGMENT 0x1e000 5b4cd', 'SEGMENT 0x7a000 1c8bf', 'SEGMENT 0x97c80 94e8', 'SEGMENT 0xa2000 f5e8', 'SEGMENT 0xb2000 db78', 'SEGMENT 0xc0000 dbe8', 'SEGMENT_HEADER filename=/home/kaiyaok2/.local/lib/python3.10/site-packages/torch/lib/libcudart-e409450e.so.11.0 num_segments=4 addr=0x7fd4d6e00000', 'SEGMENT (nil) 9d2bc', 'SEGMENT 0x29e000 6ee8', 'SEGMENT 0x2a5000 3d18', 'SEGMENT 0x2a9000 2ec0', 'SEGMENT_HEADER filename=/usr/lib/python3.10/lib-dynload/_multiprocessing.cpython-310-x86_64-linux-gnu.so num_segments=4 addr=0x7fd5448ed000', 'SEGMENT (nil) 15f8', 'SEGMENT 0x2000 1669', 'SEGMENT 0x4000 a28', 'SEGMENT 0x5d90 900', 'SEGMENT_HEADER filename=/home/kaiyaok2/.local/lib/python3.10/site-packages/h5py/_errors.cpython-310-x86_64-linux-gnu.so num_segments=6 addr=0x7fd5448dc000', 'SEGMENT (nil) 2ed0', 'SEGMENT 0x3000 651d', 'SEGMENT 0xa000 ce8', 'SEGMENT 0xcbc8 ff0', 'SEGMENT 0xe000 1740', 'SEGMENT 0x10000 bc8', 'SEGMENT_HEADER filename=/home/kaiyaok2/.local/lib/python3.10/site-packages/h5py/../h5py.libs/libhdf5-7f639dcd.so.310.2.0 num_segments=6 addr=0x7fd4d579e000', 'SEGMENT (nil) 4ca60', 'SEGMENT 0x4d000 2eb105', 'SEGMENT 0x339000 e5c28', 'SEGMENT 0x41fed0 16410', 'SEGMENT 0x437000 18120', 'SEGMENT 0x450000 11678', 'SEGMENT_HEADER filename=/home/kaiyaok2/.local/lib/python3.10/site-packages/h5py/../h5py.libs/libhdf5_hl-123198ff.so.310.0.2 num_segments=6 addr=0x7fd5448b3000', 'SEGMENT (nil) 5710', 'SEGMENT 0x6000 156c1', 'SEGMENT 0x1c000 4cec', 'SEGMENT 0x22be8 1c80', 'SEGMENT 0x25000 1bb0', 'SEGMENT 0x27000 1678', 'SEGMENT_HEADER filename=/home/kaiyaok2/.local/lib/python3.10/site-packages/h5py/../h5py.libs/libsz-b66d1717.so.2.0.1 num_segments=6 addr=0x7fd5448ac000', 'SEGMENT (nil) 6f0', 'SEGMENT 0x1000 8ad', 'SEGMENT 0x2000 144', 'SEGMENT 0x3de8 278', 'SEGMENT 0x5000 318', 'SEGMENT 0x6000 150', 'SEGMENT_HEADER filename=/home/kaiyaok2/.local/lib/python3.10/site-packages/h5py/../h5py.libs/libaec-001fb5f0.so.0.0.12 num_segments=5 addr=0x7fd5448a2000', 'SEGMENT (nil) 7f0', 'SEGMENT 0x1000 4315', 'SEGMENT 0x6000 c18', 'SEGMENT 0x7df8 5f8', 'SEGMENT 0x9000 1b8', 'SEGMENT_HEADER filename=/home/kaiyaok2/.local/lib/python3.10/site-packages/h5py/h5.cpython-310-x86_64-linux-gnu.so num_segments=6 addr=0x7fd544881000', 'SEGMENT (nil) 46f0', 'SEGMENT 0x5000 10749', 'SEGMENT 0x16000 37b8', 'SEGMENT 0x1ad00 2998', 'SEGMENT 0x1e000 1628', 'SEGMENT 0x20000 bc0', 'SEGMENT_HEADER filename=/home/kaiyaok2/.local/lib/python3.10/site-packages/h5py/defs.cpython-310-x86_64-linux-gnu.so num_segments=6 addr=0x7fd5444a3000', 'SEGMENT (nil) c710', 'SEGMENT 0xd000 2accd', 'SEGMENT 0x38000 147c8', 'SEGMENT 0x4dd70 6940', 'SEGMENT 0x55000 4a88', 'SEGMENT 0x5a000 20b0', 'SEGMENT_HEADER filename=/home/kaiyaok2/.local/lib/python3.10/site-packages/h5py/_objects.cpython-310-x86_64-linux-gnu.so num_segments=6 addr=0x7fd54485c000', 'SEGMENT (nil) 4e18', 'SEGMENT 0x5000 14729', 'SEGMENT 0x1a000 3940', 'SEGMENT 0x1ece8 2fd0', 'SEGMENT 0x22000 1b40', 'SEGMENT 0x24000 e20', 'SEGMENT_HEADER filename=/home/kaiyaok2/.local/lib/python3.10/site-packages/h5py/_conv.cpython-310-x86_64-linux-gnu.so num_segments=6 addr=0x7fd544467000', 'SEGMENT (nil) 5a28', 'SEGMENT 0x6000 24831', 'SEGMENT 0x2b000 6da8', 'SEGMENT 0x33c08 3288', 'SEGMENT 0x37000 2180', 'SEGMENT 0x3a000 1058', 'SEGMENT_HEADER filename=/home/kaiyaok2/.local/lib/python3.10/site-packages/h5py/h5r.cpython-310-x86_64-linux-gnu.so num_segments=6 addr=0x7fd544849000', 'SEGMENT (nil) 2fe0', 'SEGMENT 0x3000 6f35', 'SEGMENT 0xa000 20cc', 'SEGMENT 0xdd28 20e8', 'SEGMENT 0x10000 12a8', 'SEGMENT 0x12000 a50', 'SEGMENT_HEADER filename=/home/kaiyaok2/.local/lib/python3.10/site-packages/h5py/h5p.cpython-310-x86_64-linux-gnu.so num_segments=6 addr=0x7fd54409d000', 'SEGMENT (nil) 95f8', 'SEGMENT 0xa000 3c825', 'SEGMENT 0x47000 a974', 'SEGMENT 0x52c80 cfe8', 'SEGMENT 0x60000 1af0', 'SEGMENT 0x62000 e10', 'SEGMENT_HEADER filename=/home/kaiyaok2/.local/lib/python3.10/site-packages/h5py/h5t.cpython-310-x86_64-linux-gnu.so num_segments=6 addr=0x7fd4d7126000', 'SEGMENT (nil) acf0', 'SEGMENT 0xb000 4ba21', 'SEGMENT 0x57000 7d94', 'SEGMENT 0x60b38 c3f0', 'SEGMENT 0x6d000 2560', 'SEGMENT 0x70000 1208', 'SEGMENT_HEADER filename=/home/kaiyaok2/.local/lib/python3.10/site-packages/h5py/utils.cpython-310-x86_64-linux-gnu.so num_segments=6 addr=0x7fd544838000', 'SEGMENT (nil) 2b58', 'SEGMENT 0x3000 69a1', 'SEGMENT 0xa000 1918', 'SEGMENT 0xcd00 ee8', 'SEGMENT 0xe000 14e0', 'SEGMENT 0x10000 b20', 'SEGMENT_HEADER filename=/home/kaiyaok2/.local/lib/python3.10/site-packages/h5py/h5s.cpython-310-x86_64-linux-gnu.so num_segments=6 addr=0x7fd544447000', 'SEGMENT (nil) 3c70', 'SEGMENT 0x4000 ffb9', 'SEGMENT 0x14000 2dc8', 'SEGMENT 0x18d28 3528', 'SEGMENT 0x1d000 1360', 'SEGMENT 0x1f000 a90', 'SEGMENT_HEADER filename=/home/kaiyaok2/.local/lib/python3.10/site-packages/h5py/h5ac.cpython-310-x86_64-linux-gnu.so num_segments=6 addr=0x7fd544434000', 'SEGMENT (nil) 26b8', 'SEGMENT 0x3000 8a09', 'SEGMENT 0xc000 27c8', 'SEGMENT 0xfd38 1000', 'SEGMENT 0x11000 fa8', 'SEGMENT 0x12000 910', 'SEGMENT_HEADER filename=/home/kaiyaok2/.local/lib/python3.10/site-packages/h5py/_proxy.cpython-310-x86_64-linux-gnu.so num_segments=6 addr=0x7fd544829000', 'SEGMENT (nil) 1fa8', 'SEGMENT 0x2000 5e25', 'SEGMENT 0x8000 127c', 'SEGMENT 0xad58 aa0', 'SEGMENT 0xc000 1058', 'SEGMENT 0xe000 938', 'SEGMENT_HEADER filename=/home/kaiyaok2/.local/lib/python3.10/site-packages/h5py/h5z.cpython-310-x86_64-linux-gnu.so num_segments=6 addr=0x7fd544423000', 'SEGMENT (nil) 2a18', 'SEGMENT 0x3000 581d', 'SEGMENT 0x9000 165c', 'SEGMENT 0xbcf0 1750', 'SEGMENT 0xe000 7c0', 'SEGMENT 0xf000 1300', 'SEGMENT_HEADER filename=/home/kaiyaok2/.local/lib/python3.10/site-packages/h5py/h5a.cpython-310-x86_64-linux-gnu.so num_segments=6 addr=0x7fd544077000', 'SEGMENT (nil) 4278', 'SEGMENT 0x5000 13df5', 'SEGMENT 0x19000 3e60', 'SEGMENT 0x1ed08 3738', 'SEGMENT 0x23000 1520', 'SEGMENT 0x25000 b70', 'SEGMENT_HEADER filename=/home/kaiyaok2/.local/lib/python3.10/site-packages/h5py/h5d.cpython-310-x86_64-linux-gnu.so num_segments=6 addr=0x7fd543db4000', 'SEGMENT (nil) 6b48', 'SEGMENT 0x7000 3023d', 'SEGMENT 0x38000 8844', 'SEGMENT 0x41cb0 6c50', 'SEGMENT 0x49000 1d90', 'SEGMENT 0x4b000 ed8', 'SEGMENT_HEADER filename=/home/kaiyaok2/.local/lib/python3.10/site-packages/h5py/h5ds.cpython-310-x86_64-linux-gnu.so num_segments=6 addr=0x7fd54405e000', 'SEGMENT (nil) 33c0', 'SEGMENT 0x4000 b451', 'SEGMENT 0x10000 2478', 'SEGMENT 0x13d20 1f50', 'SEGMENT 0x16000 13a0', 'SEGMENT 0x18000 ac8', 'SEGMENT_HEADER filename=/home/kaiyaok2/.local/lib/python3.10/site-packages/h5py/h5f.cpython-310-x86_64-linux-gnu.so num_segments=6 addr=0x7fd544036000', 'SEGMENT (nil) 4b40', 'SEGMENT 0x5000 15f6d', 'SEGMENT 0x1b000 381c', 'SEGMENT 0x1fd18 4a80', 'SEGMENT 0x25000 15e0', 'SEGMENT 0x27000 bc0', 'SEGMENT_HEADER filename=/home/kaiyaok2/.local/lib/python3.10/site-packages/h5py/h5g.cpython-310-x86_64-linux-gnu.so num_segments=6 addr=0x7fd4d70f8000', 'SEGMENT (nil) 5290', 'SEGMENT 0x6000 1aae1', 'SEGMENT 0x21000 445c', 'SEGMENT 0x26cc8 4250', 'SEGMENT 0x2b000 18c8', 'SEGMENT 0x2d000 d18', 'SEGMENT_HEADER filename=/home/kaiyaok2/.local/lib/python3.10/site-packages/h5py/h5i.cpython-310-x86_64-linux-gnu.so num_segments=6 addr=0x7fd544411000', 'SEGMENT (nil) 27e0', 'SEGMENT 0x3000 6be9', 'SEGMENT 0xa000 1364', 'SEGMENT 0xcd38 1720', 'SEGMENT 0xf000 1090', 'SEGMENT 0x11000 958', 'SEGMENT_HEADER filename=/home/kaiyaok2/.local/lib/python3.10/site-packages/h5py/h5fd.cpython-310-x86_64-linux-gnu.so num_segments=6 addr=0x7fd4d70c2000', 'SEGMENT (nil) 5990', 'SEGMENT 0x6000 20859', 'SEGMENT 0x27000 5e74', 'SEGMENT 0x2ec90 36b8', 'SEGMENT 0x33000 1e48', 'SEGMENT 0x35000 f18', 'SEGMENT_HEADER filename=/home/kaiyaok2/.local/lib/python3.10/site-packages/h5py/h5pl.cpython-310-x86_64-linux-gnu.so num_segments=6 addr=0x7fd543da7000', 'SEGMENT (nil) 1d80', 'SEGMENT 0x2000 4591', 'SEGMENT 0x7000 10e8', 'SEGMENT 0x9d50 c80', 'SEGMENT 0xb000 e60', 'SEGMENT 0xc000 870', 'SEGMENT_HEADER filename=/home/kaiyaok2/.local/lib/python3.10/site-packages/h5py/h5o.cpython-310-x86_64-linux-gnu.so num_segments=6 addr=0x7fd4d567e000', 'SEGMENT (nil) 44f8', 'SEGMENT 0x5000 ea69', 'SEGMENT 0x14000 3808', 'SEGMENT 0x18d20 3bf0', 'SEGMENT 0x1d000 13f0', 'SEGMENT 0x1f000 ae8', 'SEGMENT_HEADER filename=/home/kaiyaok2/.local/lib/python3.10/site-packages/h5py/h5l.cpython-310-x86_64-linux-gnu.so num_segments=6 addr=0x7fd4d565f000', 'SEGMENT (nil) 3c68', 'SEGMENT 0x4000 f051', 'SEGMENT 0x14000 3388', 'SEGMENT 0x18d18 2d48', 'SEGMENT 0x1c000 1440', 'SEGMENT 0x1e000 b10', 'SEGMENT_HEADER filename=/home/kaiyaok2/.local/lib/python3.10/site-packages/h5py/_selector.cpython-310-x86_64-linux-gnu.so num_segments=6 addr=0x7fd4d5631000', 'SEGMENT (nil) 5508', 'SEGMENT 0x6000 1aa65', 'SEGMENT 0x21000 4c44', 'SEGMENT 0x26c80 35a8', 'SEGMENT 0x2b000 1e10', 'SEGMENT 0x2d000 f28', 'SEGMENT_HEADER filename=/home/kaiyaok2/.local/lib/python3.10/site-packages/thinc/backends/numpy_ops.cpython-310-x86_64-linux-gnu.so num_segments=4 addr=0x7fd4d5457000', 'SEGMENT (nil) 14318', 'SEGMENT 0x15000 a7245', 'SEGMENT 0xbd000 11805', 'SEGMENT 0xcfc00 9c98', 'SEGMENT_HEADER filename=/home/kaiyaok2/.local/lib/python3.10/site-packages/thinc/backends/cblas.cpython-310-x86_64-linux-gnu.so num_segments=4 addr=0x7fd4d542d000', 'SEGMENT (nil) 5c68', 'SEGMENT 0x6000 1a915', 'SEGMENT 0x21000 4ad0', 'SEGMENT 0x26c10 2e28', 'SEGMENT_HEADER filename=/home/kaiyaok2/.local/lib/python3.10/site-packages/blis/cy.cpython-310-x86_64-linux-gnu.so num_segments=4 addr=0x7fd4d45b3000', 'SEGMENT (nil) 808d0', 'SEGMENT 0x81000 d35f41', 'SEGMENT 0xdb7000 a6040', 'SEGMENT 0xe5ee70 1a350', 'SEGMENT_HEADER filename=/home/kaiyaok2/.local/lib/python3.10/site-packages/cymem/cymem.cpython-310-x86_64-linux-gnu.so num_segments=4 addr=0x7fd4d4599000', 'SEGMENT (nil) 3680', 'SEGMENT 0x4000 e129', 'SEGMENT 0x13000 36f4', 'SEGMENT 0x17d08 1bb8', 'SEGMENT_HEADER filename=/home/kaiyaok2/.local/lib/python3.10/site-packages/preshed/maps.cpython-310-x86_64-linux-gnu.so num_segments=4 addr=0x7fd4d457c000', 'SEGMENT (nil) 3980', 'SEGMENT 0x4000 10e29', 'SEGMENT 0x15000 4008', 'SEGMENT 0x1acd8 2240', 'SEGMENT_HEADER filename=/home/kaiyaok2/.local/lib/python3.10/site-packages/thinc/backends/linalg.cpython-310-x86_64-linux-gnu.so num_segments=4 addr=0x7fd54402c000', 'SEGMENT (nil) 1bd0', 'SEGMENT 0x2000 3349', 'SEGMENT 0x6000 de0', 'SEGMENT 0x8d70 1080', 'SEGMENT_HEADER filename=/home/kaiyaok2/.local/lib/python3.10/site-packages/blis/py.cpython-310-x86_64-linux-gnu.so num_segments=4 addr=0x7fd4d36e4000', 'SEGMENT (nil) 81a88', 'SEGMENT 0x82000 d50d01', 'SEGMENT 0xdd3000 a7a68', 'SEGMENT 0xe7be70 1b230', 'SEGMENT_HEADER filename=/home/kaiyaok2/.local/lib/python3.10/site-packages/murmurhash/mrmr.cpython-310-x86_64-linux-gnu.so num_segments=4 addr=0x7fd4d70b3000', 'SEGMENT (nil) 2778', 'SEGMENT 0x3000 78d1', 'SEGMENT 0xb000 1970', 'SEGMENT 0xdd40 d58', 'SEGMENT_HEADER filename=/home/kaiyaok2/.local/lib/python3.10/site-packages/thinc/layers/premap_ids.cpython-310-x86_64-linux-gnu.so num_segments=4 addr=0x7fd4d35ad000', 'SEGMENT (nil) 5ea8', 'SEGMENT 0x6000 243b9', 'SEGMENT 0x2b000 63f0', 'SEGMENT 0x32cb8 3f18', 'SEGMENT_HEADER filename=/home/kaiyaok2/.local/lib/python3.10/site-packages/thinc/layers/sparselinear.cpython-310-x86_64-linux-gnu.so num_segments=4 addr=0x7fd4d356e000', 'SEGMENT (nil) 6700', 'SEGMENT 0x7000 2accd', 'SEGMENT 0x32000 6c58', 'SEGMENT 0x39cb0 48e0', 'SEGMENT_HEADER filename=/home/kaiyaok2/.local/lib/python3.10/site-packages/psutil/_psutil_linux.abi3.so num_segments=4 addr=0x7fd555095000', 'SEGMENT (nil) 1e18', 'SEGMENT 0x2000 250d', 'SEGMENT 0x5000 b6c', 'SEGMENT 0x6da8 7e0', 'SEGMENT_HEADER filename=/home/kaiyaok2/.local/lib/python3.10/site-packages/psutil/_psutil_posix.abi3.so num_segments=4 addr=0x7fd55508e000', 'SEGMENT (nil) 1248', 'SEGMENT 0x2000 175d', 'SEGMENT 0x4000 718', 'SEGMENT 0x5dc0 508', 'SEGMENT_HEADER filename=/usr/lib/python3.10/lib-dynload/mmap.cpython-310-x86_64-linux-gnu.so num_segments=4 addr=0x7fd554f85000', 'SEGMENT (nil) 1bc0', 'SEGMENT 0x2000 2ae5', 'SEGMENT 0x5000 15f8', 'SEGMENT 0x7dc8 960', 'SEGMENT_HEADER filename=/home/kaiyaok2/.local/lib/python3.10/site-packages/google/_upb/_message.abi3.so num_segments=4 addr=0x7fd554f3f000', 'SEGMENT (nil) 8a58', 'SEGMENT 0x9000 25461', 'SEGMENT 0x2f000 11358', 'SEGMENT 0x417a0 3cd8', 'SEGMENT_HEADER filename=/home/kaiyaok2/.local/lib/python3.10/site-packages/pyarrow/lib.cpython-310-x86_64-linux-gnu.so num_segments=4 addr=0x7fd4d227c000', 'SEGMENT (nil) 53ae0', 'SEGMENT 0x54000 1b2fc9', 'SEGMENT 0x207000 6d548', 'SEGMENT 0x275910 7b220', 'SEGMENT_HEADER filename=/home/kaiyaok2/.local/lib/python3.10/site-packages/pyarrow/libarrow_python.so num_segments=4 addr=0x7fd4d20a2000', 'SEGMENT (nil) 862a0', 'SEGMENT 0x87000 104435', 'SEGMENT 0x18c000 3e47f', 'SEGMENT 0x1cc3c8 d8f0', 'SEGMENT_HEADER filename=/home/kaiyaok2/.local/lib/python3.10/site-packages/pyarrow/libarrow_dataset.so.1100 num_segments=4 addr=0x7fd4d1ed8000', 'SEGMENT (nil) b0548', 'SEGMENT 0xb1000 c8be5', 'SEGMENT 0x17a000 43bf6', 'SEGMENT 0x1bf7a0 9ba0', 'SEGMENT_HEADER filename=/home/kaiyaok2/.local/lib/python3.10/site-packages/pyarrow/libparquet.so.1100 num_segments=4 addr=0x7fd4d177c000', 'SEGMENT (nil) 197f00', 'SEGMENT 0x198000 3f9a85', 'SEGMENT 0x592000 145a66', 'SEGMENT 0x6d9830 818b0', 'SEGMENT_HEADER filename=/home/kaiyaok2/.local/lib/python3.10/site-packages/pyarrow/libarrow.so.1100 num_segments=4 addr=0x7fd4cf06c000', 'SEGMENT (nil) 448ed0', 'SEGMENT 0x449000 18d21a5', 'SEGMENT 0x1d1c000 694c72', 'SEGMENT 0x23b2020 35d508', 'SEGMENT_HEADER filename=/home/kaiyaok2/.local/lib/python3.10/site-packages/pyarrow/_hdfsio.cpython-310-x86_64-linux-gnu.so num_segments=4 addr=0x7fd4cf048000', 'SEGMENT (nil) 5d50', 'SEGMENT 0x6000 14f19', 'SEGMENT 0x1b000 3927', 'SEGMENT 0x1fc88 38b8', 'SEGMENT_HEADER filename=/home/kaiyaok2/.local/lib/python3.10/site-packages/pandas/_libs/pandas_parser.cpython-310-x86_64-linux-gnu.so num_segments=4 addr=0x7fd554f33000', 'SEGMENT (nil) 1170', 'SEGMENT 0x2000 5a85', 'SEGMENT 0x8000 15fc', 'SEGMENT 0xad40 4c8', 'SEGMENT_HEADER filename=/home/kaiyaok2/.local/lib/python3.10/site-packages/pandas/_libs/pandas_datetime.cpython-310-x86_64-linux-gnu.so num_segments=4 addr=0x7fd554f2a000', 'SEGMENT (nil) eb8', 'SEGMENT 0x1000 477d', 'SEGMENT 0x6000 d38', 'SEGMENT 0x7d88 420', 'SEGMENT_HEADER filename=/home/kaiyaok2/.local/lib/python3.10/site-packages/pandas/_libs/interval.cpython-310-x86_64-linux-gnu.so num_segments=4 addr=0x7fd4cdd85000', 'SEGMENT (nil) 9d90', 'SEGMENT 0xa000 13f059', 'SEGMENT 0x14a000 24460', 'SEGMENT 0x16fca8 9448', 'SEGMENT_HEADER filename=/home/kaiyaok2/.local/lib/python3.10/site-packages/pandas/_libs/hashtable.cpython-310-x86_64-linux-gnu.so num_segments=4 addr=0x7fd4cdb6c000', 'SEGMENT (nil) f628', 'SEGMENT 0x10000 1b3c29', 'SEGMENT 0x1c4000 3cf80', 'SEGMENT 0x202cc0 15468', 'SEGMENT_HEADER filename=/home/kaiyaok2/.local/lib/python3.10/site-packages/pandas/_libs/missing.cpython-310-x86_64-linux-gnu.so num_segments=4 addr=0x7fd4cf012000', 'SEGMENT (nil) 3d90', 'SEGMENT 0x4000 26179', 'SEGMENT 0x2b000 6a9c', 'SEGMENT 0x32d18 2618', 'SEGMENT_HEADER filename=/home/kaiyaok2/.local/lib/python3.10/site-packages/pandas/_libs/tslibs/dtypes.cpython-310-x86_64-linux-gnu.so num_segments=4 addr=0x7fd4cda38000', 'SEGMENT (nil) 3cb8', 'SEGMENT 0x4000 25195', 'SEGMENT 0x2a000 580c', 'SEGMENT 0x30d10 2500', 'SEGMENT_HEADER filename=/home/kaiyaok2/.local/lib/python3.10/site-packages/pandas/_libs/tslibs/ccalendar.cpython-310-x86_64-linux-gnu.so num_segments=4 addr=0x7fd4cda1e000', 'SEGMENT (nil) 2a50', 'SEGMENT 0x3000 11811', 'SEGMENT 0x15000 2c98', 'SEGMENT 0x18d40 1280', 'SEGMENT_HEADER filename=/home/kaiyaok2/.local/lib/python3.10/site-packages/pandas/_libs/tslibs/np_datetime.cpython-310-x86_64-linux-gnu.so num_segments=4 addr=0x7fd4cd9f7000', 'SEGMENT (nil) 32b8', 'SEGMENT 0x4000 1abb1', 'SEGMENT 0x1f000 4bb4', 'SEGMENT 0x24d28 1608', 'SEGMENT_HEADER filename=/home/kaiyaok2/.local/lib/python3.10/site-packages/pandas/_libs/tslibs/conversion.cpython-310-x86_64-linux-gnu.so num_segments=4 addr=0x7fd4cd9aa000', 'SEGMENT (nil) 4b48', 'SEGMENT 0x5000 39f11', 'SEGMENT 0x3f000 945c', 'SEGMENT 0x49cd8 2de8', 'SEGMENT_HEADER filename=/home/kaiyaok2/.local/lib/python3.10/site-packages/pandas/_libs/tslibs/base.cpython-310-x86_64-linux-gnu.so num_segments=4 addr=0x7fd4cf002000', 'SEGMENT (nil) 29d0', 'SEGMENT 0x3000 7fc9', 'SEGMENT 0xb000 1ec4', 'SEGMENT 0xed70 10e8', 'SEGMENT_HEADER filename=/home/kaiyaok2/.local/lib/python3.10/site-packages/pandas/_libs/tslibs/offsets.cpython-310-x86_64-linux-gnu.so num_segments=4 addr=0x7fd4cd887000', 'SEGMENT (nil) aed0', 'SEGMENT 0xb000 e2a15', 'SEGMENT 0xee000 25b64', 'SEGMENT 0x114c60 d518', 'SEGMENT_HEADER filename=/home/kaiyaok2/.local/lib/python3.10/site-packages/pandas/_libs/tslibs/timestamps.cpython-310-x86_64-linux-gnu.so num_segments=4 addr=0x7fd4cd7e2000', 'SEGMENT (nil) 6b50', 'SEGMENT 0x7000 74635', 'SEGMENT 0x7c000 2135c', 'SEGMENT 0x9ec70 53d0', 'SEGMENT_HEADER filename=/home/kaiyaok2/.local/lib/python3.10/site-packages/pandas/_libs/tslibs/nattype.cpython-310-x86_64-linux-gnu.so num_segments=4 addr=0x7fd4cd7a6000', 'SEGMENT (nil) 4000', 'SEGMENT 0x4000 25b3d', 'SEGMENT 0x2a000 cd40', 'SEGMENT 0x38d18 2d10', 'SEGMENT_HEADER filename=/home/kaiyaok2/.local/lib/python3.10/site-packages/pandas/_libs/tslibs/timedeltas.cpython-310-x86_64-linux-gnu.so num_segments=4 addr=0x7fd4cd705000', 'SEGMENT (nil) 66d0', 'SEGMENT 0x7000 7eab9', 'SEGMENT 0x86000 149a8', 'SEGMENT 0x9bca0 50c0', 'SEGMENT_HEADER filename=/home/kaiyaok2/.local/lib/python3.10/site-packages/pandas/_libs/tslibs/timezones.cpython-310-x86_64-linux-gnu.so num_segments=4 addr=0x7fd4cd6bb000', 'SEGMENT (nil) 45f0', 'SEGMENT 0x5000 36a91', 'SEGMENT 0x3c000 8f80', 'SEGMENT 0x46ce8 2a50', 'SEGMENT_HEADER filename=/usr/lib/python3.10/lib-dynload/_zoneinfo.cpython-310-x86_64-linux-gnu.so num_segments=4 addr=0x7fd554f1e000', 'SEGMENT (nil) 1800', 'SEGMENT 0x2000 5901', 'SEGMENT 0x8000 1024', 'SEGMENT 0xade8 8d8', 'SEGMENT_HEADER filename=/home/kaiyaok2/.local/lib/python3.10/site-packages/pandas/_libs/tslibs/fields.cpython-310-x86_64-linux-gnu.so num_segments=4 addr=0x7fd4cd665000', 'SEGMENT (nil) 4968', 'SEGMENT 0x5000 41431', 'SEGMENT 0x47000 9cec', 'SEGMENT 0x52ce0 30f0', 'SEGMENT_HEADER filename=/home/kaiyaok2/.local/lib/python3.10/site-packages/pandas/_libs/tslibs/tzconversion.cpython-310-x86_64-linux-gnu.so num_segments=4 addr=0x7fd4cd610000', 'SEGMENT (nil) 4650', 'SEGMENT 0x5000 4185d', 'SEGMENT 0x47000 913c', 'SEGMENT 0x51cf8 2ea8', 'SEGMENT_HEADER filename=/home/kaiyaok2/.local/lib/python3.10/site-packages/pandas/_libs/properties.cpython-310-x86_64-linux-gnu.so num_segments=4 addr=0x7fd4cd5f8000', 'SEGMENT (nil) 3008', 'SEGMENT 0x4000 dd89', 'SEGMENT 0x12000 2a28', 'SEGMENT 0x15d60 1578', 'SEGMENT_HEADER filename=/home/kaiyaok2/.local/lib/python3.10/site-packages/pandas/_libs/tslibs/parsing.cpython-310-x86_64-linux-gnu.so num_segments=4 addr=0x7fd4cd586000', 'SEGMENT (nil) 5b48', 'SEGMENT 0x6000 58d51', 'SEGMENT 0x5f000 d2cc', 'SEGMENT 0x6dc80 3df0', 'SEGMENT_HEADER filename=/home/kaiyaok2/.local/lib/python3.10/site-packages/pandas/_libs/tslibs/strptime.cpython-310-x86_64-linux-gnu.so num_segments=4 addr=0x7fd4cd51f000', 'SEGMENT (nil) 4bd8', 'SEGMENT 0x5000 51189', 'SEGMENT 0x57000 a108', 'SEGMENT 0x62cd0 33b0', 'SEGMENT_HEADER filename=/home/kaiyaok2/.local/lib/python3.10/site-packages/pandas/_libs/tslibs/period.cpython-310-x86_64-linux-gnu.so num_segments=4 addr=0x7fd4cd49a000', 'SEGMENT (nil) 5e48', 'SEGMENT 0x6000 5f721', 'SEGMENT 0x66000 18870', 'SEGMENT 0x7fcb8 4460', 'SEGMENT_HEADER filename=/home/kaiyaok2/.local/lib/python3.10/site-packages/pandas/_libs/tslibs/vectorized.cpython-310-x86_64-linux-gnu.so num_segments=4 addr=0x7fd4cd45b000', 'SEGMENT (nil) 42f0', 'SEGMENT 0x5000 2c7f5', 'SEGMENT 0x32000 8328', 'SEGMENT 0x3bd00 25d0', 'SEGMENT_HEADER filename=/home/kaiyaok2/.local/lib/python3.10/site-packages/pandas/_libs/ops_dispatch.cpython-310-x86_64-linux-gnu.so num_segments=4 addr=0x7fd4cd44b000', 'SEGMENT (nil) 26f8', 'SEGMENT 0x3000 8641', 'SEGMENT 0xc000 19e0', 'SEGMENT 0xed70 f78', 'SEGMENT_HEADER filename=/home/kaiyaok2/.local/lib/python3.10/site-packages/pandas/_libs/algos.cpython-310-x86_64-linux-gnu.so num_segments=4 addr=0x7fd4cd22e000', 'SEGMENT (nil) 8180', 'SEGMENT 0x9000 1e5369', 'SEGMENT 0x1ef000 2330c', 'SEGMENT 0x213cc8 8760', 'SEGMENT_HEADER filename=/home/kaiyaok2/.local/lib/python3.10/site-packages/pandas/_libs/lib.cpython-310-x86_64-linux-gnu.so num_segments=4 addr=0x7fd4cd045000', 'SEGMENT (nil) 7e18', 'SEGMENT 0x8000 bcf81', 'SEGMENT 0xc5000 18e14', 'SEGMENT 0xdfca0 83b0', 'SEGMENT_HEADER filename=/home/kaiyaok2/.local/lib/python3.10/site-packages/pyarrow/_compute.cpython-310-x86_64-linux-gnu.so num_segments=4 addr=0x7fd4ccf6b000', 'SEGMENT (nil) 31790', 'SEGMENT 0x32000 6e5d1', 'SEGMENT 0xa1000 1c928', 'SEGMENT 0xbf1e8 1a090', 'SEGMENT_HEADER filename=/home/kaiyaok2/.local/lib/python3.10/site-packages/pandas/_libs/ops.cpython-310-x86_64-linux-gnu.so num_segments=4 addr=0x7fd4cce27000', 'SEGMENT (nil) 45d8', 'SEGMENT 0x5000 31225', 'SEGMENT 0x37000 7e3c', 'SEGMENT 0x40ce0 2848', 'SEGMENT_HEADER filename=/home/kaiyaok2/.local/lib/python3.10/site-packages/pandas/_libs/hashing.cpython-310-x86_64-linux-gnu.so num_segments=4 addr=0x7fd4cccef000', 'SEGMENT (nil) 4368', 'SEGMENT 0x5000 262b5', 'SEGMENT 0x2c000 70a8', 'SEGMENT 0x34cf8 2490', 'SEGMENT_HEADER filename=/home/kaiyaok2/.local/lib/python3.10/site-packages/pandas/_libs/arrays.cpython-310-x86_64-linux-gnu.so num_segments=4 addr=0x7fd4ccccd000', 'SEGMENT (nil) 36d0', 'SEGMENT 0x4000 15f21', 'SEGMENT 0x1a000 3e38', 'SEGMENT 0x1fd38 1a60', 'SEGMENT_HEADER filename=/home/kaiyaok2/.local/lib/python3.10/site-packages/pandas/_libs/tslib.cpython-310-x86_64-linux-gnu.so num_segments=4 addr=0x7fd4ccb78000', 'SEGMENT (nil) 4af8', 'SEGMENT 0x5000 41621', 'SEGMENT 0x47000 9980', 'SEGMENT 0x51cd0 2c68', 'SEGMENT_HEADER filename=/home/kaiyaok2/.local/lib/python3.10/site-packages/pandas/_libs/sparse.cpython-310-x86_64-linux-gnu.so num_segments=4 addr=0x7fd4cca84000', 'SEGMENT (nil) 58e0', 'SEGMENT 0x6000 d6451', 'SEGMENT 0xdd000 1038c', 'SEGMENT 0xeecf0 4eb8', 'SEGMENT_HEADER filename=/home/kaiyaok2/.local/lib/python3.10/site-packages/pandas/_libs/internals.cpython-310-x86_64-linux-gnu.so num_segments=4 addr=0x7fd4cca1c000', 'SEGMENT (nil) 5df8', 'SEGMENT 0x6000 4e215', 'SEGMENT 0x55000 c1c8', 'SEGMENT 0x62c98 4a08', 'SEGMENT_HEADER filename=/home/kaiyaok2/.local/lib/python3.10/site-packages/pandas/_libs/indexing.cpython-310-x86_64-linux-gnu.so num_segments=4 addr=0x7fd4cc90b000', 'SEGMENT (nil) 2bf0', 'SEGMENT 0x3000 8d2d', 'SEGMENT 0xc000 20d4', 'SEGMENT 0xfd70 11a8', 'SEGMENT_HEADER filename=/home/kaiyaok2/.local/lib/python3.10/site-packages/pandas/_libs/index.cpython-310-x86_64-linux-gnu.so num_segments=4 addr=0x7fd4cc819000', 'SEGMENT (nil) 9400', 'SEGMENT 0xa000 c2639', 'SEGMENT 0xcd000 189e8', 'SEGMENT 0xe6c80 b2b8', 'SEGMENT_HEADER filename=/home/kaiyaok2/.local/lib/python3.10/site-packages/pandas/_libs/writers.cpython-310-x86_64-linux-gnu.so num_segments=4 addr=0x7fd4cc6d8000', 'SEGMENT (nil) 4850', 'SEGMENT 0x5000 2e84d', 'SEGMENT 0x34000 7e0c', 'SEGMENT 0x3dce0 2a28', 'SEGMENT_HEADER filename=/home/kaiyaok2/.local/lib/python3.10/site-packages/pandas/_libs/join.cpython-310-x86_64-linux-gnu.so num_segments=4 addr=0x7fd4cc57d000', 'SEGMENT (nil) 5e40', 'SEGMENT 0x6000 13eb39', 'SEGMENT 0x145000 f1e4', 'SEGMENT 0x155cd8 5310', 'SEGMENT_HEADER filename=/home/kaiyaok2/.local/lib/python3.10/site-packages/pandas/_libs/window/aggregations.cpython-310-x86_64-linux-gnu.so num_segments=4 addr=0x7fd4cc418000', 'SEGMENT (nil) 51b8', 'SEGMENT 0x6000 4f811', 'SEGMENT 0x56000 a6fc', 'SEGMENT 0x61ca0 3188', 'SEGMENT_HEADER filename=/home/kaiyaok2/.local/lib/python3.10/site-packages/pandas/_libs/window/indexers.cpython-310-x86_64-linux-gnu.so num_segments=4 addr=0x7fd4cc3e1000', 'SEGMENT (nil) 4150', 'SEGMENT 0x5000 25585', 'SEGMENT 0x2b000 6fd8', 'SEGMENT 0x33d08 2460', 'SEGMENT_HEADER filename=/home/kaiyaok2/.local/lib/python3.10/site-packages/pandas/_libs/reshape.cpython-310-x86_64-linux-gnu.so num_segments=4 addr=0x7fd4cc294000', 'SEGMENT (nil) 4c88', 'SEGMENT 0x5000 3a6b1', 'SEGMENT 0x40000 858c', 'SEGMENT 0x49cd8 2f70', 'SEGMENT_HEADER filename=/home/kaiyaok2/.local/lib/python3.10/site-packages/pandas/_libs/groupby.cpython-310-x86_64-linux-gnu.so num_segments=4 addr=0x7fd4cc016000', 'SEGMENT (nil) 7f60', 'SEGMENT 0x8000 2412d1', 'SEGMENT 0x24a000 29470', 'SEGMENT 0x274c88 84a0', 'SEGMENT_HEADER filename=/home/kaiyaok2/.local/lib/python3.10/site-packages/pandas/_libs/json.cpython-310-x86_64-linux-gnu.so num_segments=4 addr=0x7fd4cc005000', 'SEGMENT (nil) 1c10', 'SEGMENT 0x2000 81e9', 'SEGMENT 0xb000 3188', 'SEGMENT 0xfd70 620', 'SEGMENT_HEADER filename=/home/kaiyaok2/.local/lib/python3.10/site-packages/pandas/_libs/parsers.cpython-310-x86_64-linux-gnu.so num_segments=4 addr=0x7fd4c7e6c000', 'SEGMENT (nil) 64e0', 'SEGMENT 0x7000 78b69', 'SEGMENT 0x80000 d4f0', 'SEGMENT 0x8ec68 4d70', 'SEGMENT_HEADER filename=/home/kaiyaok2/.local/lib/python3.10/site-packages/pandas/_libs/testing.cpython-310-x86_64-linux-gnu.so num_segments=4 addr=0x7fd4c7d4b000', 'SEGMENT (nil) 3268', 'SEGMENT 0x4000 16051', 'SEGMENT 0x1b000 2e14', 'SEGMENT 0x1fd10 1210', 'SEGMENT_HEADER filename=/home/kaiyaok2/.local/lib/python3.10/site-packages/scipy/_lib/_ccallback_c.cpython-310-x86_64-linux-gnu.so num_segments=4 addr=0x7fd4c7c39000', 'SEGMENT (nil) 3138', 'SEGMENT 0x4000 81e9', 'SEGMENT 0xd000 1768', 'SEGMENT 0xfd30 18e8', 'SEGMENT_HEADER filename=/home/kaiyaok2/.local/lib/python3.10/site-packages/scipy/sparse/_sparsetools.cpython-310-x86_64-linux-gnu.so num_segments=4 addr=0x7fd4c783b000', 'SEGMENT (nil) 2c10', 'SEGMENT 0x3000 3a79f5', 'SEGMENT 0x3ab000 4ffc9', 'SEGMENT 0x3fcd10 fd0', 'SEGMENT_HEADER filename=/home/kaiyaok2/.local/lib/python3.10/site-packages/scipy/sparse/_csparsetools.cpython-310-x86_64-linux-gnu.so num_segments=4 addr=0x7fd4c76ab000', 'SEGMENT (nil) 9e50', 'SEGMENT 0xa000 6e309', 'SEGMENT 0x79000 d5ac', 'SEGMENT 0x87cd0 7e48', 'SEGMENT_HEADER filename=/home/kaiyaok2/.local/lib/python3.10/site-packages/scipy/sparse/linalg/_isolve/_iterative.cpython-310-x86_64-linux-gnu.so num_segments=6 addr=0x7fd4c766c000', 'SEGMENT (nil) 3d18', 'SEGMENT 0x4000 2435d', 'SEGMENT 0x29000 9034', 'SEGMENT 0x33d78 78e0', 'SEGMENT 0x3c000 1070', 'SEGMENT 0x3e000 838', 'SEGMENT_HEADER filename=/home/kaiyaok2/.local/lib/python3.10/site-packages/scipy/sparse/linalg/_isolve/../../../../scipy.libs/libopenblasp-r0-23e5df77.3.21.dev.so num_segments=7 addr=0x7fd4c57ef000', 'SEGMENT (nil) f9968', 'SEGMENT 0xfa000 7a20', 'SEGMENT 0x108000 1ab7ae9', 'SEGMENT 0x1bc0000 1f9d78', 'SEGMENT 0x1dbb5c0 26318', 'SEGMENT 0x1de2000 59c28', 'SEGMENT 0x1e3c000 402f0', 'SEGMENT_HEADER filename=/home/kaiyaok2/.local/lib/python3.10/site-packages/scipy/linalg/_fblas.cpython-310-x86_64-linux-gnu.so num_segments=6 addr=0x7fd48bf38000', 'SEGMENT (nil) dad8', 'SEGMENT 0xe000 4696d', 'SEGMENT 0x55000 1ffec', 'SEGMENT 0x76d18 25e60', 'SEGMENT 0x9d000 1f58', 'SEGMENT 0x9f000 b80', 'SEGMENT_HEADER filename=/home/kaiyaok2/.local/lib/python3.10/site-packages/scipy/linalg/_flapack.cpython-310-x86_64-linux-gnu.so num_segments=6 addr=0x7fd48bd1e000', 'SEGMENT (nil) 25c00', 'SEGMENT 0x26000 f735d', 'SEGMENT 0x11e000 6b01c', 'SEGMENT 0x18ad10 87ca8', 'SEGMENT 0x213000 4bd8', 'SEGMENT 0x218000 17a0', 'SEGMENT_HEADER filename=/home/kaiyaok2/.local/lib/python3.10/site-packages/scipy/linalg/_cythonized_array_utils.cpython-310-x86_64-linux-gnu.so num_segments=4 addr=0x7fd48bcad000', 'SEGMENT (nil) 77c0', 'SEGMENT 0x8000 540e1', 'SEGMENT 0x5d000 bc74', 'SEGMENT 0x69cf8 6b20', 'SEGMENT_HEADER filename=/home/kaiyaok2/.local/lib/python3.10/site-packages/scipy/linalg/cython_lapack.cpython-310-x86_64-linux-gnu.so num_segments=6 addr=0x7fd48bc0b000', 'SEGMENT (nil) 16d08', 'SEGMENT 0x17000 1bbf1', 'SEGMENT 0x33000 57e14', 'SEGMENT 0x8cd88 37c8', 'SEGMENT 0x91000 c770', 'SEGMENT 0x9e000 35e0', 'SEGMENT_HEADER filename=/home/kaiyaok2/.local/lib/python3.10/site-packages/scipy/linalg/_solve_toeplitz.cpython-310-x86_64-linux-gnu.so num_segments=4 addr=0x7fd48bad0000', 'SEGMENT (nil) 5f10', 'SEGMENT 0x6000 282c9', 'SEGMENT 0x2f000 6a30', 'SEGMENT 0x36cf8 4278', 'SEGMENT_HEADER filename=/home/kaiyaok2/.local/lib/python3.10/site-packages/scipy/linalg/_decomp_lu_cython.cpython-310-x86_64-linux-gnu.so num_segments=4 addr=0x7fd48ba9b000', 'SEGMENT (nil) 4f98', 'SEGMENT 0x5000 24f31', 'SEGMENT 0x2a000 624c', 'SEGMENT 0x31d08 3190', 'SEGMENT_HEADER filename=/home/kaiyaok2/.local/lib/python3.10/site-packages/scipy/linalg/_matfuncs_sqrtm_triu.cpython-310-x86_64-linux-gnu.so num_segments=4 addr=0x7fd48ba65000', 'SEGMENT (nil) 5ab8', 'SEGMENT 0x6000 235e1', 'SEGMENT 0x2a000 68dc', 'SEGMENT 0x31d00 3950', 'SEGMENT_HEADER filename=/home/kaiyaok2/.local/lib/python3.10/site-packages/scipy/linalg/_matfuncs_expm.cpython-310-x86_64-linux-gnu.so num_segments=4 addr=0x7fd48ba05000', 'SEGMENT (nil) 6f88', 'SEGMENT 0x7000 46a41', 'SEGMENT 0x4e000 a6e4', 'SEGMENT 0x59cc8 53e8', 'SEGMENT_HEADER filename=/home/kaiyaok2/.local/lib/python3.10/site-packages/scipy/linalg/cython_blas.cpython-310-x86_64-linux-gnu.so num_segments=6 addr=0x7fd48b9c2000', 'SEGMENT (nil) 73f8', 'SEGMENT 0x8000 231a1', 'SEGMENT 0x2c000 c50c', 'SEGMENT 0x39cf8 36a0', 'SEGMENT 0x3e000 2d28', 'SEGMENT 0x41000 1188', 'SEGMENT_HEADER filename=/home/kaiyaok2/.local/lib/python3.10/site-packages/scipy/linalg/_decomp_update.cpython-310-x86_64-linux-gnu.so num_segments=4 addr=0x7fd48b974000', 'SEGMENT (nil) 42b0', 'SEGMENT 0x5000 354fd', 'SEGMENT 0x3b000 b1a0', 'SEGMENT 0x47d38 5e10', 'SEGMENT_HEADER filename=/home/kaiyaok2/.local/lib/python3.10/site-packages/scipy/linalg/_flinalg.cpython-310-x86_64-linux-gnu.so num_segments=6 addr=0x7fd48b960000', 'SEGMENT (nil) 1f28', 'SEGMENT 0x2000 804d', 'SEGMENT 0xb000 283c', 'SEGMENT 0xed90 2a60', 'SEGMENT 0x12000 cd0', 'SEGMENT 0x13000 738', 'SEGMENT_HEADER filename=/home/kaiyaok2/.local/lib/python3.10/site-packages/scipy/sparse/linalg/_dsolve/_superlu.cpython-310-x86_64-linux-gnu.so num_segments=6 addr=0x7fd48b909000', 'SEGMENT (nil) 27d8', 'SEGMENT 0x3000 43cc5', 'SEGMENT 0x47000 a39c', 'SEGMENT 0x52d78 11a8', 'SEGMENT 0x54000 11d0', 'SEGMENT 0x56000 828', 'SEGMENT_HEADER filename=/home/kaiyaok2/.local/lib/python3.10/site-packages/scipy/sparse/linalg/_eigen/arpack/_arpack.cpython-310-x86_64-linux-gnu.so num_segments=6 addr=0x7fd48b898000', 'SEGMENT (nil) 5238', 'SEGMENT 0x6000 4a28d', 'SEGMENT 0x51000 fbc4', 'SEGMENT 0x61d60 b740', 'SEGMENT 0x6e000 1c40', 'SEGMENT 0x70000 bf0', 'SEGMENT_HEADER filename=/home/kaiyaok2/.local/lib/python3.10/site-packages/scipy/sparse/csgraph/_shortest_path.cpython-310-x86_64-linux-gnu.so num_segments=4 addr=0x7fd48b82e000', 'SEGMENT (nil) 6de0', 'SEGMENT 0x7000 4a095', 'SEGMENT 0x52000 c5c8', 'SEGMENT 0x5fcf8 9920', 'SEGMENT_HEADER filename=/home/kaiyaok2/.local/lib/python3.10/site-packages/scipy/sparse/csgraph/_tools.cpython-310-x86_64-linux-gnu.so num_segments=4 addr=0x7fd48b804000', 'SEGMENT (nil) 3938', 'SEGMENT 0x4000 183a5', 'SEGMENT 0x1d000 5db8', 'SEGMENT 0x24d48 5110', 'SEGMENT_HEADER filename=/home/kaiyaok2/.local/lib/python3.10/site-packages/scipy/sparse/csgraph/_traversal.cpython-310-x86_64-linux-gnu.so num_segments=4 addr=0x7fd48b781000', 'SEGMENT (nil) 78b0', 'SEGMENT 0x8000 64585', 'SEGMENT 0x6d000 c96c', 'SEGMENT 0x7acf0 7ca8', 'SEGMENT_HEADER filename=/home/kaiyaok2/.local/lib/python3.10/site-packages/scipy/sparse/csgraph/_min_spanning_tree.cpython-310-x86_64-linux-gnu.so num_segments=4 addr=0x7fd48b74e000', 'SEGMENT (nil) 5058', 'SEGMENT 0x6000 20fed', 'SEGMENT 0x27000 66ec', 'SEGMENT 0x2ed08 3cf8', 'SEGMENT_HEADER filename=/home/kaiyaok2/.local/lib/python3.10/site-packages/scipy/sparse/csgraph/_flow.cpython-310-x86_64-linux-gnu.so num_segments=4 addr=0x7fd48b706000', 'SEGMENT (nil) 65c0', 'SEGMENT 0x7000 2e7c1', 'SEGMENT 0x36000 907c', 'SEGMENT 0x40cf8 6620', 'SEGMENT_HEADER filename=/home/kaiyaok2/.local/lib/python3.10/site-packages/scipy/sparse/csgraph/_matching.cpython-310-x86_64-linux-gnu.so num_segments=4 addr=0x7fd48b6be000', 'SEGMENT (nil) 5788', 'SEGMENT 0x6000 2f9ad', 'SEGMENT 0x36000 8fd8', 'SEGMENT 0x40d08 67a8', 'SEGMENT_HEADER filename=/home/kaiyaok2/.local/lib/python3.10/site-packages/scipy/sparse/csgraph/_reordering.cpython-310-x86_64-linux-gnu.so num_segments=4 addr=0x7fd48b67c000', 'SEGMENT (nil) 65e0', 'SEGMENT 0x7000 2cb4d', 'SEGMENT 0x34000 7b7c', 'SEGMENT 0x3ccf0 51e8', 'SEGMENT_HEADER filename=/home/kaiyaok2/.local/lib/python3.10/site-packages/memray/_memray.cpython-310-x86_64-linux-gnu.so num_segments=5 addr=0x7fd48b000000', 'SEGMENT (nil) cfa96', 'SEGMENT 0x2cfd48 ea70', 'SEGMENT 0x2df000 7f88', 'SEGMENT 0x2e7000 74c0', 'SEGMENT 0x2ef000 7738', 'SEGMENT_HEADER filename=/home/kaiyaok2/.local/lib/python3.10/site-packages/memray/../memray.libs/liblz4-c29043df.so.1.7.1 num_segments=3 addr=0x7fd48ac00000', 'SEGMENT (nil) aab4', 'SEGMENT 0x20aab8 3e8', 'SEGMENT 0x20b000 c60', 'SEGMENT_HEADER filename=/home/kaiyaok2/.local/lib/python3.10/site-packages/memray/../memray.libs/libunwind-92483c07.so.8.0.1 num_segments=3 addr=0x7fd48a800000', 'SEGMENT (nil) 98a8', 'SEGMENT 0x2098a8 f140', 'SEGMENT 0x219000 5b0', 'SEGMENT_HEADER filename=/home/kaiyaok2/.local/lib/python3.10/site-packages/memray/_test_utils.cpython-310-x86_64-linux-gnu.so num_segments=2 addr=0x7fd48a400000', 'SEGMENT (nil) 25f50', 'SEGMENT 0x226cb0 2b30', 'SEGMENT_HEADER filename=/tmp/pytest-of-kaiyaok2/pytest-62/test_multithreaded_extension_w0/multithreaded_extension/testext.cpython-310-x86_64-linux-gnu.so num_segments=4 addr=0x7fd45e7c9000', 'SEGMENT (nil) 918', 'SEGMENT 0x1000 59d', 'SEGMENT 0x2000 2d8', 'SEGMENT 0x3e08 6b8', 'SEGMENT_HEADER filename=/tmp/pytest-of-kaiyaok2/pytest-62/test_deep_call_chain_with_nati0/multithreaded_extension/native_ext.cpython-310-x86_64-linux-gnu.so num_segments=4 addr=0x7fd3cc000000', 'SEGMENT (nil) b00', 'SEGMENT 0x1000 535', 'SEGMENT 0x2000 3ec', 'SEGMENT 0x3e08 3c8', 'NATIVE_TRACE_INDEX ip=(nil) index=0', 'NATIVE_TRACE_INDEX ip=0x561812ab5f25 index=1', 'NATIVE_TRACE_INDEX ip=0x7fd594d97e40 index=2', 'NATIVE_TRACE_INDEX ip=0x7fd594d97d90 index=3', 'NATIVE_TRACE_INDEX ip=0x561812ab602d index=4', 'NATIVE_TRACE_INDEX ip=0x561812adf8c8 index=5', 'NATIVE_TRACE_INDEX ip=0x561812ae0c2d index=6', 'NATIVE_TRACE_INDEX ip=0x5618129e89fc index=7', 'NATIVE_TRACE_INDEX ip=0x5618129d126d index=8', 'NATIVE_TRACE_INDEX ip=0x5618129e89fc index=9', 'NATIVE_TRACE_INDEX ip=0x5618129d126d index=10', 'NATIVE_TRACE_INDEX ip=0x5618129e8c59 index=11', 'NATIVE_TRACE_INDEX ip=0x561812ac8e2d index=12', 'NATIVE_TRACE_INDEX ip=0x561812ac3256 index=13', 'NATIVE_TRACE_INDEX ip=0x5618129cd9c6 index=14', 'NATIVE_TRACE_INDEX ip=0x5618129d6cfa index=15', 'NATIVE_TRACE_INDEX ip=0x5618129e89fc index=16', 'NATIVE_TRACE_INDEX ip=0x5618129d126d index=17', 'NATIVE_TRACE_INDEX ip=0x5618129e89fc index=18', 'NATIVE_TRACE_INDEX ip=0x5618129d8150 index=19', 'NATIVE_TRACE_INDEX ip=0x5618129dea7b index=20', 'NATIVE_TRACE_INDEX ip=0x561812b0e700 index=21', 'NATIVE_TRACE_INDEX ip=0x5618129f386c index=22', 'NATIVE_TRACE_INDEX ip=0x5618129ddcbd index=23', 'NATIVE_TRACE_INDEX ip=0x5618129e89fc index=24', 'NATIVE_TRACE_INDEX ip=0x5618129d6cfa index=25', 'NATIVE_TRACE_INDEX ip=0x5618129f67f1 index=26', 'NATIVE_TRACE_INDEX ip=0x5618129d6cfa index=27', 'NATIVE_TRACE_INDEX ip=0x5618129e89fc index=28', 'NATIVE_TRACE_INDEX ip=0x5618129d35d7 index=29', 'NATIVE_TRACE_INDEX ip=0x5618129e89fc index=30', 'NATIVE_TRACE_INDEX ip=0x5618129d126d index=31', 'NATIVE_TRACE_INDEX ip=0x5618129e89fc index=32', 'NATIVE_TRACE_INDEX ip=0x5618129d126d index=33', 'NATIVE_TRACE_INDEX ip=0x5618129e89fc index=34', 'NATIVE_TRACE_INDEX ip=0x5618129d8150 index=35', 'NATIVE_TRACE_INDEX ip=0x5618129dea7b index=36', 'NATIVE_TRACE_INDEX ip=0x561812b0e700 index=37', 'NATIVE_TRACE_INDEX ip=0x5618129f386c index=38', 'NATIVE_TRACE_INDEX ip=0x5618129ddcbd index=39', 'NATIVE_TRACE_INDEX ip=0x5618129e89fc index=40', 'NATIVE_TRACE_INDEX ip=0x5618129d6cfa index=41', 'NATIVE_TRACE_INDEX ip=0x5618129f67f1 index=42', 'NATIVE_TRACE_INDEX ip=0x5618129d6cfa index=43', 'NATIVE_TRACE_INDEX ip=0x5618129e89fc index=44', 'NATIVE_TRACE_INDEX ip=0x5618129d35d7 index=45', 'NATIVE_TRACE_INDEX ip=0x5618129e89fc index=46', 'NATIVE_TRACE_INDEX ip=0x5618129d8150 index=47', 'NATIVE_TRACE_INDEX ip=0x5618129dea7b index=48', 'NATIVE_TRACE_INDEX ip=0x561812b0e700 index=49', 'NATIVE_TRACE_INDEX ip=0x5618129f386c index=50', 'NATIVE_TRACE_INDEX ip=0x5618129ddcbd index=51', 'NATIVE_TRACE_INDEX ip=0x5618129e89fc index=52', 'NATIVE_TRACE_INDEX ip=0x5618129d6cfa index=53', 'NATIVE_TRACE_INDEX ip=0x5618129f67f1 index=54', 'NATIVE_TRACE_INDEX ip=0x5618129d6cfa index=55', 'NATIVE_TRACE_INDEX ip=0x5618129e89fc index=56', 'NATIVE_TRACE_INDEX ip=0x5618129d35d7 index=57', 'NATIVE_TRACE_INDEX ip=0x5618129e89fc index=58', 'NATIVE_TRACE_INDEX ip=0x5618129d253c index=59', 'NATIVE_TRACE_INDEX ip=0x5618129e89fc index=60', 'NATIVE_TRACE_INDEX ip=0x5618129d126d index=61', 'NATIVE_TRACE_INDEX ip=0x5618129e89fc index=62', 'NATIVE_TRACE_INDEX ip=0x5618129d35d7 index=63', 'NATIVE_TRACE_INDEX ip=0x5618129e89fc index=64', 'NATIVE_TRACE_INDEX ip=0x5618129d253c index=65', 'NATIVE_TRACE_INDEX ip=0x5618129f67f1 index=66', 'NATIVE_TRACE_INDEX ip=0x5618129d126d index=67', 'NATIVE_TRACE_INDEX ip=0x5618129e89fc index=68', 'NATIVE_TRACE_INDEX ip=0x5618129d35d7 index=69', 'NATIVE_TRACE_INDEX ip=0x5618129f742b index=70', 'NATIVE_TRACE_INDEX ip=0x561812b0e700 index=71', 'NATIVE_TRACE_INDEX ip=0x5618129f386c index=72', 'NATIVE_TRACE_INDEX ip=0x5618129ddcbd index=73', 'NATIVE_TRACE_INDEX ip=0x5618129e89fc index=74', 'NATIVE_TRACE_INDEX ip=0x5618129d6cfa index=75', 'NATIVE_TRACE_INDEX ip=0x5618129f67f1 index=76', 'NATIVE_TRACE_INDEX ip=0x5618129d6cfa index=77', 'NATIVE_TRACE_INDEX ip=0x5618129e89fc index=78', 'NATIVE_TRACE_INDEX ip=0x5618129d35d7 index=79', 'NATIVE_TRACE_INDEX ip=0x5618129e89fc index=80', 'NATIVE_TRACE_INDEX ip=0x5618129d145c index=81', 'NATIVE_TRACE_INDEX ip=0x5618129e89fc index=82', 'NATIVE_TRACE_INDEX ip=0x5618129d8150 index=83', 'NATIVE_TRACE_INDEX ip=0x5618129dea7b index=84', 'NATIVE_TRACE_INDEX ip=0x561812b0e700 index=85', 'NATIVE_TRACE_INDEX ip=0x5618129f386c index=86', 'NATIVE_TRACE_INDEX ip=0x5618129ddcbd index=87', 'NATIVE_TRACE_INDEX ip=0x5618129e89fc index=88', 'NATIVE_TRACE_INDEX ip=0x5618129d6cfa index=89', 'NATIVE_TRACE_INDEX ip=0x5618129f67f1 index=90', 'NATIVE_TRACE_INDEX ip=0x5618129d6cfa index=91', 'NATIVE_TRACE_INDEX ip=0x5618129e89fc index=92', 'NATIVE_TRACE_INDEX ip=0x5618129d35d7 index=93', 'NATIVE_TRACE_INDEX ip=0x5618129e89fc index=94', 'NATIVE_TRACE_INDEX ip=0x5618129d35d7 index=95', 'NATIVE_TRACE_INDEX ip=0x5618129f7492 index=96', 'NATIVE_TRACE_INDEX ip=0x5618129f67f1 index=97', 'NATIVE_TRACE_INDEX ip=0x5618129d8019 index=98', 'NATIVE_TRACE_INDEX ip=0x561812a911c2 index=99', 'NATIVE_TRACE_INDEX ip=0x5618129e89fc index=100', 'NATIVE_TRACE_INDEX ip=0x5618129d8019 index=101', 'NATIVE_TRACE_INDEX ip=0x561812a911c2 index=102', 'NATIVE_TRACE_INDEX ip=0x7fd48a417b6b index=103', 'PYTHON_FRAME_INDEX frame_id=22 function_name=valloc filename=/home/kaiyaok2/.local/lib/python3.10/site-packages/memray/_test.py lineno=44 is_entry_frame=1', 'PYTHON_FRAME_INDEX frame_id=21 function_name=test_successful_parse_of_aggregated_capture_file filename=/home/kaiyaok2/PythonProjects/memray/tests/integration/test_main.py lineno=556 is_entry_frame=1', 'PYTHON_FRAME_INDEX frame_id=20 function_name=pytest_pyfunc_call filename=/home/kaiyaok2/.local/lib/python3.10/site-packages/_pytest/python.py lineno=194 is_entry_frame=1', 'PYTHON_FRAME_INDEX frame_id=19 function_name=runtest filename=/home/kaiyaok2/.local/lib/python3.10/site-packages/_pytest/python.py lineno=1792 is_entry_frame=1', 'PYTHON_FRAME_INDEX frame_id=18 function_name=pytest_runtest_call filename=/home/kaiyaok2/.local/lib/python3.10/site-packages/_pytest/runner.py lineno=169 is_entry_frame=1', 'PYTHON_FRAME_INDEX frame_id=17 function_name=<lambda> filename=/home/kaiyaok2/.local/lib/python3.10/site-packages/_pytest/runner.py lineno=262 is_entry_frame=1', 'PYTHON_FRAME_INDEX frame_id=16 function_name=from_call filename=/home/kaiyaok2/.local/lib/python3.10/site-packages/_pytest/runner.py lineno=341 is_entry_frame=1', 'PYTHON_FRAME_INDEX frame_id=15 function_name=call_runtest_hook filename=/home/kaiyaok2/.local/lib/python3.10/site-packages/_pytest/runner.py lineno=261 is_entry_frame=1', 'PYTHON_FRAME_INDEX frame_id=14 function_name=call_and_report filename=/home/kaiyaok2/.local/lib/python3.10/site-packages/_pytest/runner.py lineno=222 is_entry_frame=1', 'PYTHON_FRAME_INDEX frame_id=13 function_name=runtestprotocol filename=/home/kaiyaok2/.local/lib/python3.10/site-packages/_pytest/runner.py lineno=133 is_entry_frame=1', 'PYTHON_FRAME_INDEX frame_id=0 function_name=_run_module_as_main filename=/usr/lib/python3.10/runpy.py lineno=196 is_entry_frame=1', 'PYTHON_FRAME_INDEX frame_id=1 function_name=_run_code filename=/usr/lib/python3.10/runpy.py lineno=86 is_entry_frame=1', 'PYTHON_FRAME_INDEX frame_id=2 function_name=<module> filename=/home/kaiyaok2/.local/lib/python3.10/site-packages/pytest/__main__.py lineno=5 is_entry_frame=1', 'PYTHON_FRAME_INDEX frame_id=3 function_name=console_main filename=/home/kaiyaok2/.local/lib/python3.10/site-packages/_pytest/config/__init__.py lineno=192 is_entry_frame=1', 'PYTHON_FRAME_INDEX frame_id=4 function_name=main filename=/home/kaiyaok2/.local/lib/python3.10/site-packages/_pytest/config/__init__.py lineno=169 is_entry_frame=1', 'PYTHON_FRAME_INDEX frame_id=5 function_name=__call__ filename=/home/kaiyaok2/.local/lib/python3.10/site-packages/pluggy/_hooks.py lineno=493 is_entry_frame=1', 'PYTHON_FRAME_INDEX frame_id=6 function_name=_hookexec filename=/home/kaiyaok2/.local/lib/python3.10/site-packages/pluggy/_manager.py lineno=115 is_entry_frame=1', 'PYTHON_FRAME_INDEX frame_id=7 function_name=_multicall filename=/home/kaiyaok2/.local/lib/python3.10/site-packages/pluggy/_callers.py lineno=77 is_entry_frame=1', 'PYTHON_FRAME_INDEX frame_id=8 function_name=pytest_cmdline_main filename=/home/kaiyaok2/.local/lib/python3.10/site-packages/_pytest/main.py lineno=318 is_entry_frame=1', 'PYTHON_FRAME_INDEX frame_id=9 function_name=wrap_session filename=/home/kaiyaok2/.local/lib/python3.10/site-packages/_pytest/main.py lineno=271 is_entry_frame=1', 'PYTHON_FRAME_INDEX frame_id=10 function_name=_main filename=/home/kaiyaok2/.local/lib/python3.10/site-packages/_pytest/main.py lineno=325 is_entry_frame=1', 'PYTHON_FRAME_INDEX frame_id=11 function_name=pytest_runtestloop filename=/home/kaiyaok2/.local/lib/python3.10/site-packages/_pytest/main.py lineno=350 is_entry_frame=1', 'PYTHON_FRAME_INDEX frame_id=12 function_name=pytest_runtest_protocol filename=/home/kaiyaok2/.local/lib/python3.10/site-packages/_pytest/runner.py lineno=114 is_entry_frame=1', 'PYTHON_TRACE_INDEX frame_id=0 parent_index=0', 'PYTHON_TRACE_INDEX frame_id=1 parent_index=1', 'PYTHON_TRACE_INDEX frame_id=2 parent_index=2', 'PYTHON_TRACE_INDEX frame_id=3 parent_index=3', 'PYTHON_TRACE_INDEX frame_id=4 parent_index=4', 'PYTHON_TRACE_INDEX frame_id=5 parent_index=5', 'PYTHON_TRACE_INDEX frame_id=6 parent_index=6', 'PYTHON_TRACE_INDEX frame_id=7 parent_index=7', 'PYTHON_TRACE_INDEX frame_id=8 parent_index=8', 'PYTHON_TRACE_INDEX frame_id=9 parent_index=9', 'PYTHON_TRACE_INDEX frame_id=10 parent_index=10', 'PYTHON_TRACE_INDEX frame_id=5 parent_index=11', 'PYTHON_TRACE_INDEX frame_id=6 parent_index=12', 'PYTHON_TRACE_INDEX frame_id=7 parent_index=13', 'PYTHON_TRACE_INDEX frame_id=11 parent_index=14', 'PYTHON_TRACE_INDEX frame_id=5 parent_index=15', 'PYTHON_TRACE_INDEX frame_id=6 parent_index=16', 'PYTHON_TRACE_INDEX frame_id=7 parent_index=17', 'PYTHON_TRACE_INDEX frame_id=12 parent_index=18', 'PYTHON_TRACE_INDEX frame_id=13 parent_index=19', 'PYTHON_TRACE_INDEX frame_id=14 parent_index=20', 'PYTHON_TRACE_INDEX frame_id=15 parent_index=21', 'PYTHON_TRACE_INDEX frame_id=16 parent_index=22', 'PYTHON_TRACE_INDEX frame_id=17 parent_index=23', 'PYTHON_TRACE_INDEX frame_id=5 parent_index=24', 'PYTHON_TRACE_INDEX frame_id=6 parent_index=25', 'PYTHON_TRACE_INDEX frame_id=7 parent_index=26', 'PYTHON_TRACE_INDEX frame_id=18 parent_index=27', 'PYTHON_TRACE_INDEX frame_id=19 parent_index=28', 'PYTHON_TRACE_INDEX frame_id=5 parent_index=29', 'PYTHON_TRACE_INDEX frame_id=6 parent_index=30', 'PYTHON_TRACE_INDEX frame_id=7 parent_index=31', 'PYTHON_TRACE_INDEX frame_id=20 parent_index=32', 'PYTHON_TRACE_INDEX frame_id=21 parent_index=33', 'PYTHON_TRACE_INDEX frame_id=22 parent_index=34', 'AGGREGATED_ALLOCATION tid=1 allocator=valloc native_frame_id=104 python_frame_id=35 native_segment_generation=1 n_allocations_in_high_water_mark=1 n_allocations_leaked=0 bytes_in_high_water_mark=1024 bytes_leaked=0', 'AGGREGATED_TRAILER']
.
current test PASSED/SKIPPED -- test_successful_parse_of_aggregated_capture_file in /home/kaiyaok2/PythonProjects/memray/tests/integration/test_main.py: 567.5725181102753s cumulative, 6.118594408035278s individual

.
current test PASSED/SKIPPED -- test_report_incompatible_arguments in /home/kaiyaok2/PythonProjects/memray/tests/integration/test_main.py: 575.2187826633453s cumulative, 7.646264553070068s individual


unit/test_cli.py F
current test FAILED -- test_run_with_live in /home/kaiyaok2/PythonProjects/memray/tests/unit/test_cli.py: 575.7002246379852s cumulative, 0.4814419746398926s individual

F
current test FAILED -- test_run_with_live_and_trace_python_allocators in /home/kaiyaok2/PythonProjects/memray/tests/unit/test_cli.py: 576.1412601470947s cumulative, 0.44103550910949707s individual


integration/test_tracing.py .
current test PASSED/SKIPPED -- test_mmap_in_thread in /home/kaiyaok2/PythonProjects/memray/tests/integration/test_tracing.py: 577.8571085929871s cumulative, 1.715848445892334s individual

.
current test PASSED/SKIPPED -- test_allocation_after_unsetting_profile_function in /home/kaiyaok2/PythonProjects/memray/tests/integration/test_tracing.py: 579.0979061126709s cumulative, 1.240797519683838s individual


unit/test_tui_reporter.py .
current test PASSED/SKIPPED -- test_update_thread in /home/kaiyaok2/PythonProjects/memray/tests/unit/test_tui_reporter.py: 579.913503408432s cumulative, 0.8155972957611084s individual

.
current test PASSED/SKIPPED -- test_pid_display in /home/kaiyaok2/PythonProjects/memray/tests/unit/test_tui_reporter.py: 581.7547988891602s cumulative, 1.8412954807281494s individual


integration/test_processes.py .
current test PASSED/SKIPPED -- test_stack_cleanup_after_fork in /home/kaiyaok2/PythonProjects/memray/tests/integration/test_processes.py: 592.2968204021454s cumulative, 10.54202151298523s individual


unit/test_tree_reporter.py .
current test PASSED/SKIPPED -- test_basic_node_selected_not_leaf in /home/kaiyaok2/PythonProjects/memray/tests/unit/test_tree_reporter.py: 593.5045747756958s cumulative, 1.207754373550415s individual

.
current test PASSED/SKIPPED -- test_basic in /home/kaiyaok2/PythonProjects/memray/tests/unit/test_tree_reporter.py: 594.3943572044373s cumulative, 0.8897824287414551s individual


unit/test_tui_reporter.py .
current test PASSED/SKIPPED -- test_command_line_display in /home/kaiyaok2/PythonProjects/memray/tests/unit/test_tui_reporter.py: 599.3374621868134s cumulative, 4.943104982376099s individual


integration/test_tracking.py .
current test PASSED/SKIPPED -- test_temporary_allocations_are_detected in /home/kaiyaok2/PythonProjects/memray/tests/integration/test_tracking.py: 601.421249628067s cumulative, 2.083787441253662s individual

.
current test PASSED/SKIPPED -- test_no_allocations_while_tracking in /home/kaiyaok2/PythonProjects/memray/tests/integration/test_tracking.py: 603.5369913578033s cumulative, 2.115741729736328s individual

.
current test PASSED/SKIPPED -- test_memory_snapshots_limit_when_reading in /home/kaiyaok2/PythonProjects/memray/tests/integration/test_tracking.py: 606.1684963703156s cumulative, 2.631505012512207s individual


unit/test_tui_reporter.py .
current test PASSED/SKIPPED -- test_command_line_display in /home/kaiyaok2/PythonProjects/memray/tests/unit/test_tui_reporter.py: 608.0671544075012s cumulative, 1.898658037185669s individual


integration/test_tracking.py .
current test PASSED/SKIPPED -- test_get_header_after_snapshot in /home/kaiyaok2/PythonProjects/memray/tests/integration/test_tracking.py: 610.1164214611053s cumulative, 2.049267053604126s individual

.
current test PASSED/SKIPPED -- test_simple_pymalloc_allocation_tracking in /home/kaiyaok2/PythonProjects/memray/tests/integration/test_tracking.py: 611.698145866394s cumulative, 1.5817244052886963s individual

.
current test PASSED/SKIPPED -- test_pymalloc_allocation_tracking_deactivated in /home/kaiyaok2/PythonProjects/memray/tests/integration/test_tracking.py: 612.9889595508575s cumulative, 1.290813684463501s individual

.
current test PASSED/SKIPPED -- test_temporary_allocations_outside_buffer_are_not_detected in /home/kaiyaok2/PythonProjects/memray/tests/integration/test_tracking.py: 614.2766714096069s cumulative, 1.2877118587493896s individual

.
current test PASSED/SKIPPED -- test_non_freed_allocations_are_accounted_for in /home/kaiyaok2/PythonProjects/memray/tests/integration/test_tracking.py: 616.0119807720184s cumulative, 1.735309362411499s individual

.
current test PASSED/SKIPPED -- test_partial_munmap_split_in_middle in /home/kaiyaok2/PythonProjects/memray/tests/integration/test_tracking.py: 617.620751619339s cumulative, 1.6087708473205566s individual

.
current test PASSED/SKIPPED -- test_memory_snapshots_are_written in /home/kaiyaok2/PythonProjects/memray/tests/integration/test_tracking.py: 618.891569852829s cumulative, 1.2708182334899902s individual

.
current test PASSED/SKIPPED -- test_unmatched_deallocations_are_not_reported in /home/kaiyaok2/PythonProjects/memray/tests/integration/test_tracking.py: 620.0034532546997s cumulative, 1.1118834018707275s individual

.
current test PASSED/SKIPPED -- test_leak_that_happens_in_the_middle_is_detected in /home/kaiyaok2/PythonProjects/memray/tests/integration/test_tracking.py: 621.4882833957672s cumulative, 1.4848301410675049s individual

.
current test PASSED/SKIPPED -- test_allocations_aggregation_on_different_lines in /home/kaiyaok2/PythonProjects/memray/tests/integration/test_tracking.py: 622.7351603507996s cumulative, 1.2468769550323486s individual

.
current test PASSED/SKIPPED -- test_final_allocation_is_peak in /home/kaiyaok2/PythonProjects/memray/tests/integration/test_tracking.py: 624.3459076881409s cumulative, 1.6107473373413086s individual

.
current test PASSED/SKIPPED -- test_temporary_allocations_that_happen_in_the_same_function_are_aggregated in /home/kaiyaok2/PythonProjects/memray/tests/integration/test_tracking.py: 626.1121866703033s cumulative, 1.7662789821624756s individual

.
current test PASSED/SKIPPED -- test_no_allocations_while_tracking in /home/kaiyaok2/PythonProjects/memray/tests/integration/test_tracking.py: 627.893257856369s cumulative, 1.7810711860656738s individual

.
current test PASSED/SKIPPED -- test_mmap_tracking in /home/kaiyaok2/PythonProjects/memray/tests/integration/test_tracking.py: 629.295298576355s cumulative, 1.402040719985962s individual


unit/test_high_water_mark_aggregator.py .
current test PASSED/SKIPPED -- test_one_allocation_before_first_snapshot in /home/kaiyaok2/PythonProjects/memray/tests/unit/test_high_water_mark_aggregator.py: 629.301043510437s cumulative, 0.00574493408203125s individual

.
current test PASSED/SKIPPED -- test_one_allocation_is_both_high_water_mark_and_leaked in /home/kaiyaok2/PythonProjects/memray/tests/unit/test_high_water_mark_aggregator.py: 629.3065960407257s cumulative, 0.005552530288696289s individual

.
current test PASSED/SKIPPED -- test_one_allocation_after_first_snapshot in /home/kaiyaok2/PythonProjects/memray/tests/unit/test_high_water_mark_aggregator.py: 629.3109648227692s cumulative, 0.004368782043457031s individual

.
current test PASSED/SKIPPED -- test_one_allocation_freed_at_high_water_mark_in_second_snapshot in /home/kaiyaok2/PythonProjects/memray/tests/unit/test_high_water_mark_aggregator.py: 629.3145773410797s cumulative, 0.003612518310546875s individual

.
current test PASSED/SKIPPED -- test_allocation_and_deallocation_across_multiple_snapshots_with_other_allocators in /home/kaiyaok2/PythonProjects/memray/tests/unit/test_high_water_mark_aggregator.py: 629.3180711269379s cumulative, 0.003493785858154297s individual

.
current test PASSED/SKIPPED -- test_allocation_made_and_leaked_after_high_water_mark in /home/kaiyaok2/PythonProjects/memray/tests/unit/test_high_water_mark_aggregator.py: 629.3215684890747s cumulative, 0.0034973621368408203s individual

.
current test PASSED/SKIPPED -- test_freeing_one_of_two_high_water_mark_allocations_at_different_locations in /home/kaiyaok2/PythonProjects/memray/tests/unit/test_high_water_mark_aggregator.py: 629.3298680782318s cumulative, 0.008299589157104492s individual

.
current test PASSED/SKIPPED -- test_reporting_on_true_high_water_mark_that_was_in_a_past_snapshot in /home/kaiyaok2/PythonProjects/memray/tests/unit/test_high_water_mark_aggregator.py: 629.3338541984558s cumulative, 0.0039861202239990234s individual

.
current test PASSED/SKIPPED -- test_shrunk_then_freed_range in /home/kaiyaok2/PythonProjects/memray/tests/unit/test_high_water_mark_aggregator.py: 629.3378081321716s cumulative, 0.0039539337158203125s individual

.
current test PASSED/SKIPPED -- test_allocation_freed_before_high_water_mark in /home/kaiyaok2/PythonProjects/memray/tests/unit/test_high_water_mark_aggregator.py: 629.3421561717987s cumulative, 0.004348039627075195s individual

.
current test PASSED/SKIPPED -- test_one_freed_allocation_is_high_water_mark_but_not_leaked in /home/kaiyaok2/PythonProjects/memray/tests/unit/test_high_water_mark_aggregator.py: 629.3459439277649s cumulative, 0.0037877559661865234s individual

.
current test PASSED/SKIPPED -- test_zero_byte_allocation in /home/kaiyaok2/PythonProjects/memray/tests/unit/test_high_water_mark_aggregator.py: 629.3494601249695s cumulative, 0.0035161972045898438s individual

.
current test PASSED/SKIPPED -- test_allocation_after_high_water_mark_in_current_snapshot in /home/kaiyaok2/PythonProjects/memray/tests/unit/test_high_water_mark_aggregator.py: 629.360226392746s cumulative, 0.010766267776489258s individual

.
current test PASSED/SKIPPED -- test_allocations_freed_over_two_snapshots in /home/kaiyaok2/PythonProjects/memray/tests/unit/test_high_water_mark_aggregator.py: 629.3689815998077s cumulative, 0.008755207061767578s individual

.
current test PASSED/SKIPPED -- test_allocations_freed_over_two_non_adjacent_snapshots in /home/kaiyaok2/PythonProjects/memray/tests/unit/test_high_water_mark_aggregator.py: 629.3745713233948s cumulative, 0.005589723587036133s individual

.
current test PASSED/SKIPPED -- test_no_allocations_at_start in /home/kaiyaok2/PythonProjects/memray/tests/unit/test_high_water_mark_aggregator.py: 629.3861694335938s cumulative, 0.01159811019897461s individual

.
current test PASSED/SKIPPED -- test_one_allocation_freed_before_high_water_mark_in_second_snapshot in /home/kaiyaok2/PythonProjects/memray/tests/unit/test_high_water_mark_aggregator.py: 629.392008304596s cumulative, 0.005838871002197266s individual

.
current test PASSED/SKIPPED -- test_same_stack_in_different_threads in /home/kaiyaok2/PythonProjects/memray/tests/unit/test_high_water_mark_aggregator.py: 629.396900177002s cumulative, 0.004891872406005859s individual

.
current test PASSED/SKIPPED -- test_shrunk_range in /home/kaiyaok2/PythonProjects/memray/tests/unit/test_high_water_mark_aggregator.py: 629.4033563137054s cumulative, 0.006456136703491211s individual

.
current test PASSED/SKIPPED -- test_allocation_made_between_high_water_marks_and_freed_after_high_water_mark in /home/kaiyaok2/PythonProjects/memray/tests/unit/test_high_water_mark_aggregator.py: 629.4091105461121s cumulative, 0.005754232406616211s individual

.
current test PASSED/SKIPPED -- test_allocation_after_high_water_mark_in_historical_snapshot in /home/kaiyaok2/PythonProjects/memray/tests/unit/test_high_water_mark_aggregator.py: 629.4172716140747s cumulative, 0.008161067962646484s individual

.
current test PASSED/SKIPPED -- test_two_allocations_in_different_snapshots in /home/kaiyaok2/PythonProjects/memray/tests/unit/test_high_water_mark_aggregator.py: 629.4228024482727s cumulative, 0.005530834197998047s individual

.
current test PASSED/SKIPPED -- test_allocation_made_and_freed_between_high_water_marks in /home/kaiyaok2/PythonProjects/memray/tests/unit/test_high_water_mark_aggregator.py: 629.4271290302277s cumulative, 0.004326581954956055s individual

.
current test PASSED/SKIPPED -- test_allocation_made_and_freed_after_high_water_mark in /home/kaiyaok2/PythonProjects/memray/tests/unit/test_high_water_mark_aggregator.py: 629.4308626651764s cumulative, 0.0037336349487304688s individual

.
current test PASSED/SKIPPED -- test_different_allocators_at_one_location in /home/kaiyaok2/PythonProjects/memray/tests/unit/test_high_water_mark_aggregator.py: 629.4343378543854s cumulative, 0.003475189208984375s individual

.
current test PASSED/SKIPPED -- test_freeing_one_of_two_high_water_mark_allocations_at_the_same_location in /home/kaiyaok2/PythonProjects/memray/tests/unit/test_high_water_mark_aggregator.py: 629.4376299381256s cumulative, 0.003292083740234375s individual

.
current test PASSED/SKIPPED -- test_allocation_made_between_high_water_marks_and_leaked in /home/kaiyaok2/PythonProjects/memray/tests/unit/test_high_water_mark_aggregator.py: 629.4411311149597s cumulative, 0.0035011768341064453s individual

.
current test PASSED/SKIPPED -- test_completely_freed_range in /home/kaiyaok2/PythonProjects/memray/tests/unit/test_high_water_mark_aggregator.py: 629.4453513622284s cumulative, 0.004220247268676758s individual

.
current test PASSED/SKIPPED -- test_allocation_and_deallocation_after_high_water_mark in /home/kaiyaok2/PythonProjects/memray/tests/unit/test_high_water_mark_aggregator.py: 629.4509117603302s cumulative, 0.005560398101806641s individual

.
current test PASSED/SKIPPED -- test_allocation_and_deallocation_across_multiple_snapshots in /home/kaiyaok2/PythonProjects/memray/tests/unit/test_high_water_mark_aggregator.py: 629.4543642997742s cumulative, 0.0034525394439697266s individual

.
current test PASSED/SKIPPED -- test_split_range in /home/kaiyaok2/PythonProjects/memray/tests/unit/test_high_water_mark_aggregator.py: 629.4582388401031s cumulative, 0.003874540328979492s individual

.
current test PASSED/SKIPPED -- test_split_then_freed_range in /home/kaiyaok2/PythonProjects/memray/tests/unit/test_high_water_mark_aggregator.py: 629.462114572525s cumulative, 0.003875732421875s individual


integration/test_tracking.py s
current test PASSED/SKIPPED -- test_simple_allocation_tracking in /home/kaiyaok2/PythonProjects/memray/tests/integration/test_tracking.py: 631.133780002594s cumulative, 1.6716654300689697s individual

s
current test PASSED/SKIPPED -- test_simple_allocation_tracking in /home/kaiyaok2/PythonProjects/memray/tests/integration/test_tracking.py: 633.1540775299072s cumulative, 2.0202975273132324s individual

s
current test PASSED/SKIPPED -- test_simple_allocation_tracking in /home/kaiyaok2/PythonProjects/memray/tests/integration/test_tracking.py: 635.7171902656555s cumulative, 2.563112735748291s individual


integration/test_extensions.py .
current test PASSED/SKIPPED -- test_extension_that_uses_pygilstate_ensure in /home/kaiyaok2/PythonProjects/memray/tests/integration/test_extensions.py: 646.2781171798706s cumulative, 10.560926914215088s individual


unit/test_allocation_lifetime_aggregator.py .
current test PASSED/SKIPPED -- test_shrunk_then_leaked_range in /home/kaiyaok2/PythonProjects/memray/tests/unit/test_allocation_lifetime_aggregator.py: 646.2969434261322s cumulative, 0.01882624626159668s individual

.
current test PASSED/SKIPPED -- test_split_then_freed_range in /home/kaiyaok2/PythonProjects/memray/tests/unit/test_allocation_lifetime_aggregator.py: 646.3155126571655s cumulative, 0.018569231033325195s individual

.
current test PASSED/SKIPPED -- test_no_allocations_at_start in /home/kaiyaok2/PythonProjects/memray/tests/unit/test_allocation_lifetime_aggregator.py: 646.3236899375916s cumulative, 0.00817728042602539s individual

.
current test PASSED/SKIPPED -- test_leaked_allocations_within_one_snapshot_are_aggregated in /home/kaiyaok2/PythonProjects/memray/tests/unit/test_allocation_lifetime_aggregator.py: 646.3298840522766s cumulative, 0.006194114685058594s individual

.
current test PASSED/SKIPPED -- test_allocations_from_same_location_and_snapshot_freed_in_different_snapshots in /home/kaiyaok2/PythonProjects/memray/tests/unit/test_allocation_lifetime_aggregator.py: 646.3341519832611s cumulative, 0.00426793098449707s individual

.
current test PASSED/SKIPPED -- test_split_then_leaked_range in /home/kaiyaok2/PythonProjects/memray/tests/unit/test_allocation_lifetime_aggregator.py: 646.3380227088928s cumulative, 0.003870725631713867s individual

.
current test PASSED/SKIPPED -- test_two_leaked_allocations_from_one_location in /home/kaiyaok2/PythonProjects/memray/tests/unit/test_allocation_lifetime_aggregator.py: 646.3417575359344s cumulative, 0.0037348270416259766s individual

.
current test PASSED/SKIPPED -- test_allocation_reported_when_leaked in /home/kaiyaok2/PythonProjects/memray/tests/unit/test_allocation_lifetime_aggregator.py: 646.3454587459564s cumulative, 0.0037012100219726562s individual

.
current test PASSED/SKIPPED -- test_freed_allocations_from_different_locations_are_not_aggregated in /home/kaiyaok2/PythonProjects/memray/tests/unit/test_allocation_lifetime_aggregator.py: 646.3490867614746s cumulative, 0.0036280155181884766s individual

.
current test PASSED/SKIPPED -- test_leaked_allocations_from_different_locations_are_not_aggregated in /home/kaiyaok2/PythonProjects/memray/tests/unit/test_allocation_lifetime_aggregator.py: 646.3534150123596s cumulative, 0.004328250885009766s individual

.
current test PASSED/SKIPPED -- test_shrunk_then_freed_range in /home/kaiyaok2/PythonProjects/memray/tests/unit/test_allocation_lifetime_aggregator.py: 646.3571827411652s cumulative, 0.003767728805541992s individual

.
current test PASSED/SKIPPED -- test_range_freed_in_same_snapshot in /home/kaiyaok2/PythonProjects/memray/tests/unit/test_allocation_lifetime_aggregator.py: 646.3604927062988s cumulative, 0.003309965133666992s individual

.
current test PASSED/SKIPPED -- test_allocations_made_and_freed_together_are_aggregated in /home/kaiyaok2/PythonProjects/memray/tests/unit/test_allocation_lifetime_aggregator.py: 646.363921880722s cumulative, 0.0034291744232177734s individual

.
current test PASSED/SKIPPED -- test_allocations_from_same_location_and_different_snapshots_freed_in_one_snapshot in /home/kaiyaok2/PythonProjects/memray/tests/unit/test_allocation_lifetime_aggregator.py: 646.3674025535583s cumulative, 0.003480672836303711s individual

.
current test PASSED/SKIPPED -- test_range_freed_in_different_snapshot in /home/kaiyaok2/PythonProjects/memray/tests/unit/test_allocation_lifetime_aggregator.py: 646.370721578598s cumulative, 0.0033190250396728516s individual

.
current test PASSED/SKIPPED -- test_allocation_reported_when_freed_within_different_snapshot in /home/kaiyaok2/PythonProjects/memray/tests/unit/test_allocation_lifetime_aggregator.py: 646.3747746944427s cumulative, 0.0040531158447265625s individual

.
current test PASSED/SKIPPED -- test_multiple_snapshots_between_allocation_and_deallocation in /home/kaiyaok2/PythonProjects/memray/tests/unit/test_allocation_lifetime_aggregator.py: 646.3780496120453s cumulative, 0.0032749176025390625s individual

.
current test PASSED/SKIPPED -- test_range_leaked in /home/kaiyaok2/PythonProjects/memray/tests/unit/test_allocation_lifetime_aggregator.py: 646.3816282749176s cumulative, 0.003578662872314453s individual

.
current test PASSED/SKIPPED -- test_allocation_not_reported_when_freed_within_same_snapshot in /home/kaiyaok2/PythonProjects/memray/tests/unit/test_allocation_lifetime_aggregator.py: 646.3853549957275s cumulative, 0.0037267208099365234s individual


unit/test_tree_reporter.py .
current test PASSED/SKIPPED -- test_show_uninteresting_idempotency in /home/kaiyaok2/PythonProjects/memray/tests/unit/test_tree_reporter.py: 647.2235481739044s cumulative, 0.8381931781768799s individual


integration/test_native_tracking.py .
current test PASSED/SKIPPED -- test_inlined_call_chain_with_native_tracking in /home/kaiyaok2/PythonProjects/memray/tests/integration/test_native_tracking.py: 653.9058010578156s cumulative, 6.682252883911133s individual


integration/test_extensions.py .
current test PASSED/SKIPPED -- test_native_dlopen in /home/kaiyaok2/PythonProjects/memray/tests/integration/test_extensions.py: 661.6621556282043s cumulative, 7.756354570388794s individual


unit/test_attach.py Error usage: memray [-h] [-v] [-V]
              {run,flamegraph,table,live,tree,parse,summary,stats,transform,attach,detach}
              ...
memray: error: Can't use aggregated mode without an output file.

.
current test PASSED/SKIPPED -- test_memray_attach_aggregated_without_output_file in /home/kaiyaok2/PythonProjects/memray/tests/unit/test_attach.py: 661.7368130683899s cumulative, 0.07465744018554688s individual


integration/test_main.py .
current test PASSED/SKIPPED -- test_error_when_input_file_does_not_exist in /home/kaiyaok2/PythonProjects/memray/tests/integration/test_main.py: 664.9324145317078s cumulative, 3.195601463317871s individual

.
current test PASSED/SKIPPED -- test_run_live_tracking_invalid_port in /home/kaiyaok2/PythonProjects/memray/tests/integration/test_main.py: 666.970098733902s cumulative, 2.037684202194214s individual


integration/test_tracking.py .
current test PASSED/SKIPPED -- test_simple_pymalloc_allocation_tracking in /home/kaiyaok2/PythonProjects/memray/tests/integration/test_tracking.py: 668.3412215709686s cumulative, 1.3711228370666504s individual

+10 kB
+ 9 kB
- 9 kB
+ 8 kB
+ 7 kB
- 7 kB
+ 6 kB
+ 5 kB
- 5 kB
+ 4 kB
+ 3 kB
- 3 kB
+ 2 kB
+ 1 kB
- 1 kB
- 2 kB
- 4 kB
- 6 kB
- 8 kB
-10 kB
.
current test PASSED/SKIPPED -- test_spiky_generally_increasing_to_final_peak in /home/kaiyaok2/PythonProjects/memray/tests/integration/test_tracking.py: 670.4194178581238s cumulative, 2.0781962871551514s individual

.
current test PASSED/SKIPPED -- test_simple_allocation_tracking in /home/kaiyaok2/PythonProjects/memray/tests/integration/test_tracking.py: 672.352246761322s cumulative, 1.9328289031982422s individual

.
current test PASSED/SKIPPED -- test_munmap_multiple_mmaps in /home/kaiyaok2/PythonProjects/memray/tests/integration/test_tracking.py: 674.3748564720154s cumulative, 2.0226097106933594s individual

.
current test PASSED/SKIPPED -- test_partial_munmap in /home/kaiyaok2/PythonProjects/memray/tests/integration/test_tracking.py: 676.3613212108612s cumulative, 1.9864647388458252s individual

.
current test PASSED/SKIPPED -- test_simple_allocation_tracking in /home/kaiyaok2/PythonProjects/memray/tests/integration/test_tracking.py: 679.0448648929596s cumulative, 2.6835436820983887s individual

.
current test PASSED/SKIPPED -- test_pymalloc_allocation_tracking_deactivated in /home/kaiyaok2/PythonProjects/memray/tests/integration/test_tracking.py: 681.7104845046997s cumulative, 2.6656196117401123s individual


unit/test_tui_reporter.py .
current test PASSED/SKIPPED -- test_update_thread in /home/kaiyaok2/PythonProjects/memray/tests/unit/test_tui_reporter.py: 683.8357419967651s cumulative, 2.1252574920654297s individual


unit/test_frame_tools.py .
current test PASSED/SKIPPED -- test_cpython_internal_calls in /home/kaiyaok2/PythonProjects/memray/tests/unit/test_frame_tools.py: 683.8501615524292s cumulative, 0.0144195556640625s individual

.
current test PASSED/SKIPPED -- test_is_frame_from_import_system in /home/kaiyaok2/PythonProjects/memray/tests/unit/test_frame_tools.py: 683.8652794361115s cumulative, 0.015117883682250977s individual

.
current test PASSED/SKIPPED -- test_frame_interesting in /home/kaiyaok2/PythonProjects/memray/tests/unit/test_frame_tools.py: 683.8767375946045s cumulative, 0.011458158493041992s individual

.
current test PASSED/SKIPPED -- test_is_frame_from_import_system in /home/kaiyaok2/PythonProjects/memray/tests/unit/test_frame_tools.py: 683.8885419368744s cumulative, 0.011804342269897461s individual

.
current test PASSED/SKIPPED -- test_cpython_internal_calls in /home/kaiyaok2/PythonProjects/memray/tests/unit/test_frame_tools.py: 683.9012653827667s cumulative, 0.012723445892333984s individual

.
current test PASSED/SKIPPED -- test_is_frame_from_import_system in /home/kaiyaok2/PythonProjects/memray/tests/unit/test_frame_tools.py: 683.9145810604095s cumulative, 0.013315677642822266s individual

.
current test PASSED/SKIPPED -- test_cpython_internal_calls in /home/kaiyaok2/PythonProjects/memray/tests/unit/test_frame_tools.py: 683.9327540397644s cumulative, 0.0181729793548584s individual

.
current test PASSED/SKIPPED -- test_is_frame_from_import_system in /home/kaiyaok2/PythonProjects/memray/tests/unit/test_frame_tools.py: 683.9510977268219s cumulative, 0.018343687057495117s individual

.
current test PASSED/SKIPPED -- test_is_frame_from_import_system in /home/kaiyaok2/PythonProjects/memray/tests/unit/test_frame_tools.py: 683.9688856601715s cumulative, 0.017787933349609375s individual

.
current test PASSED/SKIPPED -- test_is_frame_from_import_system in /home/kaiyaok2/PythonProjects/memray/tests/unit/test_frame_tools.py: 683.9844915866852s cumulative, 0.015605926513671875s individual

.
current test PASSED/SKIPPED -- test_frame_interesting in /home/kaiyaok2/PythonProjects/memray/tests/unit/test_frame_tools.py: 683.9999535083771s cumulative, 0.015461921691894531s individual

.
current test PASSED/SKIPPED -- test_cpython_internal_calls in /home/kaiyaok2/PythonProjects/memray/tests/unit/test_frame_tools.py: 684.0204396247864s cumulative, 0.020486116409301758s individual

.
current test PASSED/SKIPPED -- test_is_frame_from_import_system in /home/kaiyaok2/PythonProjects/memray/tests/unit/test_frame_tools.py: 684.0448813438416s cumulative, 0.02444171905517578s individual

.
current test PASSED/SKIPPED -- test_frame_interesting in /home/kaiyaok2/PythonProjects/memray/tests/unit/test_frame_tools.py: 684.0692448616028s cumulative, 0.02436351776123047s individual

.
current test PASSED/SKIPPED -- test_is_frame_from_import_system in /home/kaiyaok2/PythonProjects/memray/tests/unit/test_frame_tools.py: 684.0934312343597s cumulative, 0.024186372756958008s individual

.
current test PASSED/SKIPPED -- test_frame_interesting in /home/kaiyaok2/PythonProjects/memray/tests/unit/test_frame_tools.py: 684.1124675273895s cumulative, 0.019036293029785156s individual

.
current test PASSED/SKIPPED -- test_frame_interesting in /home/kaiyaok2/PythonProjects/memray/tests/unit/test_frame_tools.py: 684.1398713588715s cumulative, 0.027403831481933594s individual

.
current test PASSED/SKIPPED -- test_is_frame_from_import_system in /home/kaiyaok2/PythonProjects/memray/tests/unit/test_frame_tools.py: 684.1747968196869s cumulative, 0.03492546081542969s individual

.
current test PASSED/SKIPPED -- test_cpython_internal_calls in /home/kaiyaok2/PythonProjects/memray/tests/unit/test_frame_tools.py: 684.1997308731079s cumulative, 0.024934053421020508s individual

.
current test PASSED/SKIPPED -- test_is_frame_from_import_system in /home/kaiyaok2/PythonProjects/memray/tests/unit/test_frame_tools.py: 684.2262215614319s cumulative, 0.02649068832397461s individual

.
current test PASSED/SKIPPED -- test_is_frame_from_import_system in /home/kaiyaok2/PythonProjects/memray/tests/unit/test_frame_tools.py: 684.256059885025s cumulative, 0.02983832359313965s individual

.
current test PASSED/SKIPPED -- test_cpython_internal_calls in /home/kaiyaok2/PythonProjects/memray/tests/unit/test_frame_tools.py: 684.2779810428619s cumulative, 0.021921157836914062s individual

.
current test PASSED/SKIPPED -- test_is_frame_from_import_system in /home/kaiyaok2/PythonProjects/memray/tests/unit/test_frame_tools.py: 684.2984702587128s cumulative, 0.020489215850830078s individual

.
current test PASSED/SKIPPED -- test_cpython_internal_calls in /home/kaiyaok2/PythonProjects/memray/tests/unit/test_frame_tools.py: 684.3153789043427s cumulative, 0.016908645629882812s individual

.
current test PASSED/SKIPPED -- test_is_frame_from_import_system in /home/kaiyaok2/PythonProjects/memray/tests/unit/test_frame_tools.py: 684.3325407505035s cumulative, 0.017161846160888672s individual


integration/test_extensions.py .
current test PASSED/SKIPPED -- test_valloc_at_thread_exit_in_subprocess in /home/kaiyaok2/PythonProjects/memray/tests/integration/test_extensions.py: 698.574892282486s cumulative, 14.242351531982422s individual


integration/test_tracing.py .
current test PASSED/SKIPPED -- test_records_can_be_retrieved_twice in /home/kaiyaok2/PythonProjects/memray/tests/integration/test_tracing.py: 700.5950858592987s cumulative, 2.020193576812744s individual


integration/test_main.py .
current test PASSED/SKIPPED -- test_run_live_tracking_invalid_port in /home/kaiyaok2/PythonProjects/memray/tests/integration/test_main.py: 702.5910613536835s cumulative, 1.9959754943847656s individual

.
current test PASSED/SKIPPED -- test_report_detects_missing_input in /home/kaiyaok2/PythonProjects/memray/tests/integration/test_main.py: 705.1990671157837s cumulative, 2.6080057621002197s individual

.
current test PASSED/SKIPPED -- test_json_generated_to_known_file in /home/kaiyaok2/PythonProjects/memray/tests/integration/test_main.py: 712.9354736804962s cumulative, 7.736406564712524s individual


integration/test_extensions.py .
current test PASSED/SKIPPED -- test_multithreaded_extension in /home/kaiyaok2/PythonProjects/memray/tests/integration/test_extensions.py: 721.6664879322052s cumulative, 8.731014251708984s individual

.
current test PASSED/SKIPPED -- test_misbehaving_extension in /home/kaiyaok2/PythonProjects/memray/tests/integration/test_extensions.py: 727.7331383228302s cumulative, 6.066650390625s individual


integration/test_native_tracking.py .
current test PASSED/SKIPPED -- test_hybrid_stack_of_python_thread_starts_with_native_frames in /home/kaiyaok2/PythonProjects/memray/tests/integration/test_native_tracking.py: 730.4175481796265s cumulative, 2.6844098567962646s individual


unit/test_tui_reporter.py .
current test PASSED/SKIPPED -- test_tui_basic in /home/kaiyaok2/PythonProjects/memray/tests/unit/test_tui_reporter.py: 739.2011754512787s cumulative, 8.783627271652222s individual


integration/test_processes.py .
current test PASSED/SKIPPED -- test_allocations_with_multiprocessing in /home/kaiyaok2/PythonProjects/memray/tests/integration/test_processes.py: 744.8615863323212s cumulative, 5.6604108810424805s individual


unit/test_tracker.py .
current test PASSED/SKIPPED -- test_the_same_tracker_cannot_be_activated_twice in /home/kaiyaok2/PythonProjects/memray/tests/unit/test_tracker.py: 747.1398494243622s cumulative, 2.2782630920410156s individual


integration/test_tracking.py .
current test PASSED/SKIPPED -- test_header_allocator in /home/kaiyaok2/PythonProjects/memray/tests/integration/test_tracking.py: 747.8891234397888s cumulative, 0.7492740154266357s individual

.
current test PASSED/SKIPPED -- test_get_header in /home/kaiyaok2/PythonProjects/memray/tests/integration/test_tracking.py: 749.6187736988068s cumulative, 1.7296502590179443s individual

.
current test PASSED/SKIPPED -- test_freed_after_high_watermark_do_not_appear in /home/kaiyaok2/PythonProjects/memray/tests/integration/test_tracking.py: 751.5193083286285s cumulative, 1.9005346298217773s individual

.
current test PASSED/SKIPPED -- test_simple_allocation_tracking in /home/kaiyaok2/PythonProjects/memray/tests/integration/test_tracking.py: 753.0211815834045s cumulative, 1.501873254776001s individual

.
current test PASSED/SKIPPED -- test_aggregation_same_python_stack_but_different_native_stack in /home/kaiyaok2/PythonProjects/memray/tests/integration/test_tracking.py: 754.4065868854523s cumulative, 1.3854053020477295s individual

.
current test PASSED/SKIPPED -- test_simple_allocation_tracking in /home/kaiyaok2/PythonProjects/memray/tests/integration/test_tracking.py: 756.240364074707s cumulative, 1.8337771892547607s individual

.
current test PASSED/SKIPPED -- test_freed_before_high_watermark_do_not_appear in /home/kaiyaok2/PythonProjects/memray/tests/integration/test_tracking.py: 758.0454993247986s cumulative, 1.8051352500915527s individual

.
current test PASSED/SKIPPED -- test_no_allocations_while_tracking in /home/kaiyaok2/PythonProjects/memray/tests/integration/test_tracking.py: 759.6316227912903s cumulative, 1.5861234664916992s individual

.
current test PASSED/SKIPPED -- test_simple_allocation_tracking in /home/kaiyaok2/PythonProjects/memray/tests/integration/test_tracking.py: 761.0089545249939s cumulative, 1.3773317337036133s individual

.
current test PASSED/SKIPPED -- test_simple_allocation_tracking in /home/kaiyaok2/PythonProjects/memray/tests/integration/test_tracking.py: 763.366840839386s cumulative, 2.35788631439209s individual

.
current test PASSED/SKIPPED -- test_simple_pymalloc_allocation_tracking in /home/kaiyaok2/PythonProjects/memray/tests/integration/test_tracking.py: 766.5463387966156s cumulative, 3.1794979572296143s individual

.
current test PASSED/SKIPPED -- test_leaks_that_happen_in_the_same_function_are_aggregated in /home/kaiyaok2/PythonProjects/memray/tests/integration/test_tracking.py: 769.8886063098907s cumulative, 3.3422675132751465s individual

.
current test PASSED/SKIPPED -- test_leaks_that_happen_in_the_same_function_are_aggregated in /home/kaiyaok2/PythonProjects/memray/tests/integration/test_tracking.py: 772.5426368713379s cumulative, 2.6540305614471436s individual

.
current test PASSED/SKIPPED -- test_simple_cpp_allocation_tracking in /home/kaiyaok2/PythonProjects/memray/tests/integration/test_tracking.py: 774.6548388004303s cumulative, 2.1122019290924072s individual

.
current test PASSED/SKIPPED -- test_pymalloc_allocation_tracking_deactivated in /home/kaiyaok2/PythonProjects/memray/tests/integration/test_tracking.py: 776.9811627864838s cumulative, 2.326323986053467s individual


integration/test_tracing.py .
current test PASSED/SKIPPED -- test_cython_traceback in /home/kaiyaok2/PythonProjects/memray/tests/integration/test_tracing.py: 779.6384057998657s cumulative, 2.657243013381958s individual


unit/test_transform_reporter.py .
current test PASSED/SKIPPED -- test_single_native_allocation in /home/kaiyaok2/PythonProjects/memray/tests/unit/test_transform_reporter.py: 779.656379699707s cumulative, 0.017973899841308594s individual

.
current test PASSED/SKIPPED -- test_empty_report in /home/kaiyaok2/PythonProjects/memray/tests/unit/test_transform_reporter.py: 779.6840047836304s cumulative, 0.027625083923339844s individual

.
current test PASSED/SKIPPED -- test_single_allocation in /home/kaiyaok2/PythonProjects/memray/tests/unit/test_transform_reporter.py: 779.719783782959s cumulative, 0.03577899932861328s individual

.
current test PASSED/SKIPPED -- test_empty_stack_trace in /home/kaiyaok2/PythonProjects/memray/tests/unit/test_transform_reporter.py: 779.7429246902466s cumulative, 0.023140907287597656s individual

.
current test PASSED/SKIPPED -- test_multiple_allocations in /home/kaiyaok2/PythonProjects/memray/tests/unit/test_transform_reporter.py: 779.7642896175385s cumulative, 0.021364927291870117s individual

.
current test PASSED/SKIPPED -- test_multiple_allocations in /home/kaiyaok2/PythonProjects/memray/tests/unit/test_transform_reporter.py: 779.7881951332092s cumulative, 0.023905515670776367s individual

.
current test PASSED/SKIPPED -- test_empty_report in /home/kaiyaok2/PythonProjects/memray/tests/unit/test_transform_reporter.py: 779.8096306324005s cumulative, 0.02143549919128418s individual

.
current test PASSED/SKIPPED -- test_multiple_stack_frames in /home/kaiyaok2/PythonProjects/memray/tests/unit/test_transform_reporter.py: 779.8296978473663s cumulative, 0.020067214965820312s individual

.
current test PASSED/SKIPPED -- test_single_allocation in /home/kaiyaok2/PythonProjects/memray/tests/unit/test_transform_reporter.py: 779.8466243743896s cumulative, 0.01692652702331543s individual

.
current test PASSED/SKIPPED -- test_single_native_allocation in /home/kaiyaok2/PythonProjects/memray/tests/unit/test_transform_reporter.py: 779.8629083633423s cumulative, 0.01628398895263672s individual

.
current test PASSED/SKIPPED -- test_empty_stack_trace in /home/kaiyaok2/PythonProjects/memray/tests/unit/test_transform_reporter.py: 779.8814244270325s cumulative, 0.018516063690185547s individual


integration/test_socket.py E
current test FAILED -- test_reading_allocations_while_reading_stack_traces in /home/kaiyaok2/PythonProjects/memray/tests/integration/test_socket.py: 779.9098360538483s cumulative, 0.0284116268157959s individual


integration/test_attach.py s
current test PASSED/SKIPPED -- test_attach_time in /home/kaiyaok2/PythonProjects/memray/tests/integration/test_attach.py: 779.9887001514435s cumulative, 0.07886409759521484s individual

s
current test PASSED/SKIPPED -- test_detach_without_attach in /home/kaiyaok2/PythonProjects/memray/tests/integration/test_attach.py: 780.0443212985992s cumulative, 0.05562114715576172s individual

s
current test PASSED/SKIPPED -- test_basic_attach in /home/kaiyaok2/PythonProjects/memray/tests/integration/test_attach.py: 780.092517375946s cumulative, 0.04819607734680176s individual

s
current test PASSED/SKIPPED -- test_aggregated_attach in /home/kaiyaok2/PythonProjects/memray/tests/integration/test_attach.py: 780.1237003803253s cumulative, 0.03118300437927246s individual

s
current test PASSED/SKIPPED -- test_detach_without_attach in /home/kaiyaok2/PythonProjects/memray/tests/integration/test_attach.py: 780.140204668045s cumulative, 0.016504287719726562s individual

s
current test PASSED/SKIPPED -- test_aggregated_attach in /home/kaiyaok2/PythonProjects/memray/tests/integration/test_attach.py: 780.2049145698547s cumulative, 0.06470990180969238s individual

s
current test PASSED/SKIPPED -- test_attach_time in /home/kaiyaok2/PythonProjects/memray/tests/integration/test_attach.py: 780.2443816661835s cumulative, 0.03946709632873535s individual

s
current test PASSED/SKIPPED -- test_basic_attach in /home/kaiyaok2/PythonProjects/memray/tests/integration/test_attach.py: 780.2801218032837s cumulative, 0.03574013710021973s individual


integration/test_main.py .
current test PASSED/SKIPPED -- test_run_file_that_is_not_python in /home/kaiyaok2/PythonProjects/memray/tests/integration/test_main.py: 780.4823317527771s cumulative, 0.2022099494934082s individual


unit/test_reader.py .
current test PASSED/SKIPPED -- test_rejects_different_header_magic in /home/kaiyaok2/PythonProjects/memray/tests/unit/test_reader.py: 783.0280139446259s cumulative, 2.545682191848755s individual

.
current test PASSED/SKIPPED -- test_read_pid in /home/kaiyaok2/PythonProjects/memray/tests/unit/test_reader.py: 785.2950642108917s cumulative, 2.267050266265869s individual


integration/test_tracing.py [AllocationRecord<tid=0x1, address=0x7fd5885fb000, size=1.000B, allocator=10, allocations=1>, AllocationRecord<tid=0x1, address=0x7fd5885fa000, size=1.000B, allocator=10, allocations=1>, AllocationRecord<tid=0x1, address=0x7fd5885fb000, size=1.000B, allocator=11, allocations=1>, AllocationRecord<tid=0x1, address=0x7fd5885fa000, size=1.000B, allocator=11, allocations=1>]
.
current test PASSED/SKIPPED -- test_allocations_in_root_frame_have_correct_line_number in /home/kaiyaok2/PythonProjects/memray/tests/integration/test_tracing.py: 787.5267314910889s cumulative, 2.2316672801971436s individual


integration/test_processes.py [AllocationRecord<tid=0x1, address=0x56181b633690, size=1.205KB, allocator=13, allocations=1>, AllocationRecord<tid=0x1, address=0x56181b633690, size=N/A, allocator=15, allocations=1>, AllocationRecord<tid=0x1, address=0x56181b5f8410, size=1.205KB, allocator=13, allocations=1>, AllocationRecord<tid=0x1, address=0x56181b5f8410, size=N/A, allocator=15, allocations=1>, AllocationRecord<tid=0x1, address=0x56181b5fa410, size=1.205KB, allocator=13, allocations=1>, AllocationRecord<tid=0x1, address=0x56181b5fa410, size=N/A, allocator=15, allocations=1>, AllocationRecord<tid=0x1, address=0x56181b5fc410, size=1.205KB, allocator=13, allocations=1>, AllocationRecord<tid=0x1, address=0x56181b5fc410, size=N/A, allocator=15, allocations=1>, AllocationRecord<tid=0x1, address=0x56181b5fe410, size=1.205KB, allocator=13, allocations=1>, AllocationRecord<tid=0x1, address=0x56181b5fe410, size=N/A, allocator=15, allocations=1>, AllocationRecord<tid=0x1, address=0x56181b600410, size=1.205KB, allocator=13, allocations=1>, AllocationRecord<tid=0x1, address=0x56181b600410, size=N/A, allocator=15, allocations=1>, AllocationRecord<tid=0x1, address=0x56181b602410, size=1.205KB, allocator=13, allocations=1>, AllocationRecord<tid=0x1, address=0x56181b602410, size=N/A, allocator=15, allocations=1>, AllocationRecord<tid=0x1, address=0x56181b604410, size=1.205KB, allocator=13, allocations=1>, AllocationRecord<tid=0x1, address=0x56181b604410, size=N/A, allocator=15, allocations=1>, AllocationRecord<tid=0x1, address=0x56181b606410, size=1.205KB, allocator=13, allocations=1>, AllocationRecord<tid=0x1, address=0x56181b606410, size=N/A, allocator=15, allocations=1>, AllocationRecord<tid=0x1, address=0x56181b608410, size=1.205KB, allocator=13, allocations=1>, AllocationRecord<tid=0x1, address=0x56181b608410, size=N/A, allocator=15, allocations=1>]
.
current test PASSED/SKIPPED -- test_pymalloc_allocations_after_fork in /home/kaiyaok2/PythonProjects/memray/tests/integration/test_processes.py: 792.9300453662872s cumulative, 5.403313875198364s individual


integration/test_main.py .
current test PASSED/SKIPPED -- test_run_file_that_is_not_python in /home/kaiyaok2/PythonProjects/memray/tests/integration/test_main.py: 793.118684053421s cumulative, 0.18863868713378906s individual


unit/test_highwatermark_command.py ⚠  No debug information was found for the Python interpreter  ⚠

Without debug information reports showing native traces may not include file 
names and line numbers. Please use an interpreter built with debug symbols for 
best results. Check https://bloomberg.github.io/memray/native_mode.html for more
information regarding how memray resolves symbols.

.
current test PASSED/SKIPPED -- test_tracker_and_reporter_interactions_for_temporary_allocations in /home/kaiyaok2/PythonProjects/memray/tests/unit/test_highwatermark_command.py: 795.9136378765106s cumulative, 2.7949538230895996s individual

⚠  No debug information was found for the Python interpreter  ⚠

Without debug information reports showing native traces may not include file 
names and line numbers. Please use an interpreter built with debug symbols for 
best results. Check https://bloomberg.github.io/memray/native_mode.html for more
information regarding how memray resolves symbols.

.
current test PASSED/SKIPPED -- test_tracker_and_reporter_interactions_for_leak in /home/kaiyaok2/PythonProjects/memray/tests/unit/test_highwatermark_command.py: 798.4724035263062s cumulative, 2.5587656497955322s individual


unit/test_summary_reporter.py .
current test PASSED/SKIPPED -- test_sort_column in /home/kaiyaok2/PythonProjects/memray/tests/unit/test_summary_reporter.py: 798.5486297607422s cumulative, 0.07622623443603516s individual


integration/test_main.py .
current test PASSED/SKIPPED -- test_successful_parse in /home/kaiyaok2/PythonProjects/memray/tests/integration/test_main.py: 806.1713149547577s cumulative, 7.622685194015503s individual


unit/test_tree_reporter.py .
current test PASSED/SKIPPED -- test_basic_node_selected_leaf in /home/kaiyaok2/PythonProjects/memray/tests/unit/test_tree_reporter.py: 810.9532835483551s cumulative, 4.781968593597412s individual


integration/test_main.py .
current test PASSED/SKIPPED -- test_sys_manipulations_when_running_script in /home/kaiyaok2/PythonProjects/memray/tests/integration/test_main.py: 816.9061453342438s cumulative, 5.952861785888672s individual

.
current test PASSED/SKIPPED -- test_run_overwrite_output_file in /home/kaiyaok2/PythonProjects/memray/tests/integration/test_main.py: 820.8839595317841s cumulative, 3.977814197540283s individual

.
current test PASSED/SKIPPED -- test_run_file_with_args in /home/kaiyaok2/PythonProjects/memray/tests/integration/test_main.py: 825.0792622566223s cumulative, 4.195302724838257s individual

.
current test PASSED/SKIPPED -- test_sys_manipulations_when_running_module in /home/kaiyaok2/PythonProjects/memray/tests/integration/test_main.py: 830.021714925766s cumulative, 4.942452669143677s individual

.
current test PASSED/SKIPPED -- test_sys_manipulations_when_running_cmd in /home/kaiyaok2/PythonProjects/memray/tests/integration/test_main.py: 835.2118427753448s cumulative, 5.190127849578857s individual

.
current test PASSED/SKIPPED -- test_report_detects_missing_input in /home/kaiyaok2/PythonProjects/memray/tests/integration/test_main.py: 838.5877485275269s cumulative, 3.375905752182007s individual

.
current test PASSED/SKIPPED -- test_output_file_already_exists in /home/kaiyaok2/PythonProjects/memray/tests/integration/test_main.py: 842.9934265613556s cumulative, 4.405678033828735s individual

.
current test PASSED/SKIPPED -- test_live_tracking_invalid_port in /home/kaiyaok2/PythonProjects/memray/tests/integration/test_main.py: 846.2233273983002s cumulative, 3.22990083694458s individual

.
current test PASSED/SKIPPED -- test_live_tracking_server_exits_properly_on_sigint in /home/kaiyaok2/PythonProjects/memray/tests/integration/test_main.py: 849.6036653518677s cumulative, 3.380337953567505s individual


unit/test_flamegraph_reporter.py .
current test PASSED/SKIPPED -- test_sanity_check_with_real_allocations in /home/kaiyaok2/PythonProjects/memray/tests/unit/test_flamegraph_reporter.py: 851.2396492958069s cumulative, 1.635983943939209s individual


integration/test_main.py .
current test PASSED/SKIPPED -- test_report_detects_corrupt_input in /home/kaiyaok2/PythonProjects/memray/tests/integration/test_main.py: 853.6275629997253s cumulative, 2.387913703918457s individual

E
current test FAILED -- test_live_client_exits_properly_on_sigint_before_connecting in /home/kaiyaok2/PythonProjects/memray/tests/integration/test_main.py: 853.6441011428833s cumulative, 0.016538143157958984s individual


integration/test_tracking.py .
current test PASSED/SKIPPED -- test_leaks_that_happen_in_different_lines in /home/kaiyaok2/PythonProjects/memray/tests/integration/test_tracking.py: 855.0796339511871s cumulative, 1.435532808303833s individual

.
current test PASSED/SKIPPED -- test_simple_pymalloc_allocation_tracking in /home/kaiyaok2/PythonProjects/memray/tests/integration/test_tracking.py: 857.1238498687744s cumulative, 2.0442159175872803s individual

.
current test PASSED/SKIPPED -- test_simple_pymalloc_allocation_tracking in /home/kaiyaok2/PythonProjects/memray/tests/integration/test_tracking.py: 858.8084623813629s cumulative, 1.684612512588501s individual


integration/test_tracing.py .
current test PASSED/SKIPPED -- test_cython_frame_in_pre_existing_thread_stack_when_restarting_tracking in /home/kaiyaok2/PythonProjects/memray/tests/integration/test_tracing.py: 862.177360534668s cumulative, 3.3688981533050537s individual


unit/test_tree_reporter.py .
current test PASSED/SKIPPED -- test_single_chain_is_expanded in /home/kaiyaok2/PythonProjects/memray/tests/unit/test_tree_reporter.py: 862.56858253479s cumulative, 0.3912220001220703s individual

.
current test PASSED/SKIPPED -- test_show_uninteresting_and_hide_import_system in /home/kaiyaok2/PythonProjects/memray/tests/unit/test_tree_reporter.py: 866.4036858081818s cumulative, 3.8351032733917236s individual


integration/test_tracking.py .
current test PASSED/SKIPPED -- test_allocations_that_are_freed_do_not_appear_as_leaks in /home/kaiyaok2/PythonProjects/memray/tests/integration/test_tracking.py: 867.7734243869781s cumulative, 1.3697385787963867s individual

.
current test PASSED/SKIPPED -- test_pymalloc_allocation_tracking_deactivated in /home/kaiyaok2/PythonProjects/memray/tests/integration/test_tracking.py: 869.2377097606659s cumulative, 1.4642853736877441s individual

.
current test PASSED/SKIPPED -- test_temporary_allocations_outside_buffer_are_not_detected in /home/kaiyaok2/PythonProjects/memray/tests/integration/test_tracking.py: 870.6439523696899s cumulative, 1.4062426090240479s individual

.
current test PASSED/SKIPPED -- test_temporary_allocations_with_two_allocators_are_detected in /home/kaiyaok2/PythonProjects/memray/tests/integration/test_tracking.py: 872.013329744339s cumulative, 1.3693773746490479s individual

.
current test PASSED/SKIPPED -- test_munmap_multiple_mmaps in /home/kaiyaok2/PythonProjects/memray/tests/integration/test_tracking.py: 873.5008716583252s cumulative, 1.487541913986206s individual

.
current test PASSED/SKIPPED -- test_partial_munmap_multiple_split_in_middle in /home/kaiyaok2/PythonProjects/memray/tests/integration/test_tracking.py: 874.8563320636749s cumulative, 1.3554604053497314s individual

.
current test PASSED/SKIPPED -- test_aggregation_same_python_stack_and_same_native_stack in /home/kaiyaok2/PythonProjects/memray/tests/integration/test_tracking.py: 876.2366688251495s cumulative, 1.3803367614746094s individual

.
current test PASSED/SKIPPED -- test_simple_allocation_tracking in /home/kaiyaok2/PythonProjects/memray/tests/integration/test_tracking.py: 877.7254540920258s cumulative, 1.4887852668762207s individual

.
current test PASSED/SKIPPED -- test_allocations_aggregation_on_different_lines in /home/kaiyaok2/PythonProjects/memray/tests/integration/test_tracking.py: 879.1342396736145s cumulative, 1.4087855815887451s individual


integration/test_main.py .
current test PASSED/SKIPPED -- test_report_leaks_argument in /home/kaiyaok2/PythonProjects/memray/tests/integration/test_main.py: 883.0527982711792s cumulative, 3.9185585975646973s individual

.
current test PASSED/SKIPPED -- test_reads_from_correct_file in /home/kaiyaok2/PythonProjects/memray/tests/integration/test_main.py: 887.008232831955s cumulative, 3.955434560775757s individual

.
current test PASSED/SKIPPED -- test_json_overwrites_existing_known_file in /home/kaiyaok2/PythonProjects/memray/tests/integration/test_main.py: 890.4116199016571s cumulative, 3.4033870697021484s individual

.
current test PASSED/SKIPPED -- test_tree_generated in /home/kaiyaok2/PythonProjects/memray/tests/integration/test_main.py: 898.0455031394958s cumulative, 7.633883237838745s individual

.
current test PASSED/SKIPPED -- test_temporary_allocations_summary in /home/kaiyaok2/PythonProjects/memray/tests/integration/test_main.py: 901.977518081665s cumulative, 3.9320149421691895s individual


integration/test_tracing.py .
current test PASSED/SKIPPED -- test_mmap in /home/kaiyaok2/PythonProjects/memray/tests/integration/test_tracing.py: 904.0799834728241s cumulative, 2.1024653911590576s individual


integration/test_main.py .
current test PASSED/SKIPPED -- test_run_output_file_directory_does_not_exist in /home/kaiyaok2/PythonProjects/memray/tests/integration/test_main.py: 904.1170899868011s cumulative, 0.03710651397705078s individual

.
current test PASSED/SKIPPED -- test_run_file_exists in /home/kaiyaok2/PythonProjects/memray/tests/integration/test_main.py: 904.1587145328522s cumulative, 0.04162454605102539s individual

.
current test PASSED/SKIPPED -- test_run_file_that_is_not_python in /home/kaiyaok2/PythonProjects/memray/tests/integration/test_main.py: 904.2536959648132s cumulative, 0.09498143196105957s individual


integration/test_tracking.py .
current test PASSED/SKIPPED -- test_leaks_that_happen_in_different_lines in /home/kaiyaok2/PythonProjects/memray/tests/integration/test_tracking.py: 906.7338669300079s cumulative, 2.480170965194702s individual

.
current test PASSED/SKIPPED -- test_non_freed_allocations_are_accounted_for in /home/kaiyaok2/PythonProjects/memray/tests/integration/test_tracking.py: 909.2156627178192s cumulative, 2.4817957878112793s individual


integration/test_tracing.py .
current test PASSED/SKIPPED -- test_identical_stack_traces_started_in_different_lines_in_the_root_do_not_compare_equal in /home/kaiyaok2/PythonProjects/memray/tests/integration/test_tracing.py: 911.5927193164825s cumulative, 2.37705659866333s individual


unit/test_tree_reporter.py .
current test PASSED/SKIPPED -- test_render_runs_the_app in /home/kaiyaok2/PythonProjects/memray/tests/unit/test_tree_reporter.py: 911.6207182407379s cumulative, 0.027998924255371094s individual

.
current test PASSED/SKIPPED -- test_works_with_split_threads in /home/kaiyaok2/PythonProjects/memray/tests/unit/test_tree_reporter.py: 911.6410095691681s cumulative, 0.02029132843017578s individual

.
current test PASSED/SKIPPED -- test_works_with_multiple_top_level_nodes in /home/kaiyaok2/PythonProjects/memray/tests/unit/test_tree_reporter.py: 911.6573574542999s cumulative, 0.016347885131835938s individual

.
current test PASSED/SKIPPED -- test_works_with_single_call in /home/kaiyaok2/PythonProjects/memray/tests/unit/test_tree_reporter.py: 911.6670925617218s cumulative, 0.009735107421875s individual

.
current test PASSED/SKIPPED -- test_works_with_no_allocations in /home/kaiyaok2/PythonProjects/memray/tests/unit/test_tree_reporter.py: 911.6754887104034s cumulative, 0.008396148681640625s individual

.
current test PASSED/SKIPPED -- test_works_with_multiple_stacks_from_same_caller in /home/kaiyaok2/PythonProjects/memray/tests/unit/test_tree_reporter.py: 911.6843376159668s cumulative, 0.008848905563354492s individual

.
current test PASSED/SKIPPED -- test_works_with_multiple_stacks_from_same_caller_two_frames_above in /home/kaiyaok2/PythonProjects/memray/tests/unit/test_tree_reporter.py: 911.697812795639s cumulative, 0.013475179672241211s individual

.
current test PASSED/SKIPPED -- test_drops_cpython_frames in /home/kaiyaok2/PythonProjects/memray/tests/unit/test_tree_reporter.py: 911.7089991569519s cumulative, 0.011186361312866211s individual

.
current test PASSED/SKIPPED -- test_works_with_recursive_calls in /home/kaiyaok2/PythonProjects/memray/tests/unit/test_tree_reporter.py: 911.7172536849976s cumulative, 0.008254528045654297s individual

.
current test PASSED/SKIPPED -- test_uses_hybrid_stack_for_native_traces in /home/kaiyaok2/PythonProjects/memray/tests/unit/test_tree_reporter.py: 911.7241714000702s cumulative, 0.006917715072631836s individual

.
current test PASSED/SKIPPED -- test_works_with_merged_threads in /home/kaiyaok2/PythonProjects/memray/tests/unit/test_tree_reporter.py: 911.7345840930939s cumulative, 0.01041269302368164s individual

.
current test PASSED/SKIPPED -- test_only_biggest_chain_is_expanded in /home/kaiyaok2/PythonProjects/memray/tests/unit/test_tree_reporter.py: 921.6177809238434s cumulative, 9.883196830749512s individual


integration/test_main.py .
current test PASSED/SKIPPED -- test_report_both_temporary_allocation_arguments in /home/kaiyaok2/PythonProjects/memray/tests/integration/test_main.py: 932.7797503471375s cumulative, 11.161969423294067s individual

.
current test PASSED/SKIPPED -- test_json_generated_to_pretty_file_name in /home/kaiyaok2/PythonProjects/memray/tests/integration/test_main.py: 937.0852863788605s cumulative, 4.3055360317230225s individual

E
current test FAILED -- test_live_tracking in /home/kaiyaok2/PythonProjects/memray/tests/integration/test_main.py: 937.1052913665771s cumulative, 0.020004987716674805s individual


integration/test_api.py .
current test PASSED/SKIPPED -- test_file_destination_str_path in /home/kaiyaok2/PythonProjects/memray/tests/integration/test_api.py: 939.1058661937714s cumulative, 2.000574827194214s individual


integration/test_main.py .
current test PASSED/SKIPPED -- test_report_both_temporary_allocation_arguments in /home/kaiyaok2/PythonProjects/memray/tests/integration/test_main.py: 945.3804347515106s cumulative, 6.274568557739258s individual


unit/test_tui_reporter.py .
current test PASSED/SKIPPED -- test_header_with_empty_snapshot in /home/kaiyaok2/PythonProjects/memray/tests/unit/test_tui_reporter.py: 948.0503902435303s cumulative, 2.6699554920196533s individual


unit/test_tree_reporter.py .
current test PASSED/SKIPPED -- test_very_deep_call_is_limited in /home/kaiyaok2/PythonProjects/memray/tests/unit/test_tree_reporter.py: 959.181524515152s cumulative, 11.131134271621704s individual

.
current test PASSED/SKIPPED -- test_uninteresting_leaves in /home/kaiyaok2/PythonProjects/memray/tests/unit/test_tree_reporter.py: 960.3776581287384s cumulative, 1.1961336135864258s individual


integration/test_greenlet.py .
current test PASSED/SKIPPED -- test_integration_with_greenlet in /home/kaiyaok2/PythonProjects/memray/tests/integration/test_greenlet.py: 962.5410645008087s cumulative, 2.1634063720703125s individual

.
current test PASSED/SKIPPED -- test_importing_greenlet_after_tracking_starts in /home/kaiyaok2/PythonProjects/memray/tests/integration/test_greenlet.py: 965.0550761222839s cumulative, 2.5140116214752197s individual


integration/test_main.py .
current test PASSED/SKIPPED -- test_report_both_temporary_allocation_arguments in /home/kaiyaok2/PythonProjects/memray/tests/integration/test_main.py: 979.2088568210602s cumulative, 14.153780698776245s individual

E
current test FAILED -- test_live_tracking_server_when_client_disconnects in /home/kaiyaok2/PythonProjects/memray/tests/integration/test_main.py: 979.2423934936523s cumulative, 0.033536672592163086s individual


unit/test_tui_reporter.py .
current test PASSED/SKIPPED -- test_tui_pause in /home/kaiyaok2/PythonProjects/memray/tests/unit/test_tui_reporter.py: 981.963800907135s cumulative, 2.721407413482666s individual

.
current test PASSED/SKIPPED -- test_tui_pause in /home/kaiyaok2/PythonProjects/memray/tests/unit/test_tui_reporter.py: 985.2712759971619s cumulative, 3.3074750900268555s individual

.
current test PASSED/SKIPPED -- test_sorting in /home/kaiyaok2/PythonProjects/memray/tests/unit/test_tui_reporter.py: 986.9253661632538s cumulative, 1.654090166091919s individual


integration/test_tracking.py .
current test PASSED/SKIPPED -- test_unmatched_deallocations_are_not_reported in /home/kaiyaok2/PythonProjects/memray/tests/integration/test_tracking.py: 988.4608814716339s cumulative, 1.535515308380127s individual

.
current test PASSED/SKIPPED -- test_pymalloc_allocation_tracking_deactivated in /home/kaiyaok2/PythonProjects/memray/tests/integration/test_tracking.py: 990.0919697284698s cumulative, 1.6310882568359375s individual

.
current test PASSED/SKIPPED -- test_leaks_allocations_are_detected in /home/kaiyaok2/PythonProjects/memray/tests/integration/test_tracking.py: 991.7342991828918s cumulative, 1.642329454421997s individual

.
current test PASSED/SKIPPED -- test_pymalloc_allocation_tracking_deactivated in /home/kaiyaok2/PythonProjects/memray/tests/integration/test_tracking.py: 993.2823836803436s cumulative, 1.5480844974517822s individual

.
current test PASSED/SKIPPED -- test_thread_allocations_multiple_threads in /home/kaiyaok2/PythonProjects/memray/tests/integration/test_tracking.py: 994.4056594371796s cumulative, 1.1232757568359375s individual

.
current test PASSED/SKIPPED -- test_simple_pymalloc_allocation_tracking in /home/kaiyaok2/PythonProjects/memray/tests/integration/test_tracking.py: 996.5684320926666s cumulative, 2.1627726554870605s individual

.
current test PASSED/SKIPPED -- test_multiple_high_watermark in /home/kaiyaok2/PythonProjects/memray/tests/integration/test_tracking.py: 999.9791316986084s cumulative, 3.4106996059417725s individual

.
current test PASSED/SKIPPED -- test_allocations_after_high_watermark_is_freed_do_not_appear in /home/kaiyaok2/PythonProjects/memray/tests/integration/test_tracking.py: 1003.1539061069489s cumulative, 3.174774408340454s individual

.
current test PASSED/SKIPPED -- test_simple_allocation_tracking in /home/kaiyaok2/PythonProjects/memray/tests/integration/test_tracking.py: 1005.4726419448853s cumulative, 2.3187358379364014s individual


integration/test_socket.py E
current test FAILED -- test_multiple_context_entries_does_not_crash in /home/kaiyaok2/PythonProjects/memray/tests/integration/test_socket.py: 1005.4837369918823s cumulative, 0.011095046997070312s individual


integration/test_main.py .
current test PASSED/SKIPPED -- test_run in /home/kaiyaok2/PythonProjects/memray/tests/integration/test_main.py: 1008.595504283905s cumulative, 3.111767292022705s individual

.
current test PASSED/SKIPPED -- test_no_split_threads in /home/kaiyaok2/PythonProjects/memray/tests/integration/test_main.py: 1012.4578893184662s cumulative, 3.8623850345611572s individual

.
current test PASSED/SKIPPED -- test_report_detects_missing_input in /home/kaiyaok2/PythonProjects/memray/tests/integration/test_main.py: 1016.7919552326202s cumulative, 4.334065914154053s individual


integration/test_tracking.py .
current test PASSED/SKIPPED -- test_temporary_allocations_outside_buffer_are_not_detected in /home/kaiyaok2/PythonProjects/memray/tests/integration/test_tracking.py: 1018.6622135639191s cumulative, 1.8702583312988281s individual

.
current test PASSED/SKIPPED -- test_simple_allocation_tracking in /home/kaiyaok2/PythonProjects/memray/tests/integration/test_tracking.py: 1020.8993458747864s cumulative, 2.2371323108673096s individual

.
current test PASSED/SKIPPED -- test_pymalloc_allocation_tracking_deactivated in /home/kaiyaok2/PythonProjects/memray/tests/integration/test_tracking.py: 1022.6567385196686s cumulative, 1.7573926448822021s individual


integration/test_tracing.py .
current test PASSED/SKIPPED -- test_large_number_of_frame_pops_between_subsequent_allocations in /home/kaiyaok2/PythonProjects/memray/tests/integration/test_tracing.py: 1025.4044919013977s cumulative, 2.747753381729126s individual


integration/test_tracking.py .
current test PASSED/SKIPPED -- test_allocations_aggregation_on_same_line in /home/kaiyaok2/PythonProjects/memray/tests/integration/test_tracking.py: 1027.3079319000244s cumulative, 1.903439998626709s individual

.
current test PASSED/SKIPPED -- test_simple_allocation_tracking in /home/kaiyaok2/PythonProjects/memray/tests/integration/test_tracking.py: 1029.5602204799652s cumulative, 2.252288579940796s individual

.
current test PASSED/SKIPPED -- test_simple_allocation_tracking in /home/kaiyaok2/PythonProjects/memray/tests/integration/test_tracking.py: 1031.5340292453766s cumulative, 1.973808765411377s individual

.
current test PASSED/SKIPPED -- test_aggregation_same_python_stack_but_different_native_stack in /home/kaiyaok2/PythonProjects/memray/tests/integration/test_tracking.py: 1033.8425364494324s cumulative, 2.308507204055786s individual


unit/test_reader.py .
current test PASSED/SKIPPED -- test_rejects_different_header_version in /home/kaiyaok2/PythonProjects/memray/tests/unit/test_reader.py: 1036.0085048675537s cumulative, 2.165968418121338s individual


unit/test_tui_reporter.py .
current test PASSED/SKIPPED -- test_header_with_no_snapshots in /home/kaiyaok2/PythonProjects/memray/tests/unit/test_tui_reporter.py: 1037.7917754650116s cumulative, 1.7832705974578857s individual


integration/test_tracing.py .
current test PASSED/SKIPPED -- test_profile_function_is_restored_after_tracking in /home/kaiyaok2/PythonProjects/memray/tests/integration/test_tracing.py: 1040.8218672275543s cumulative, 3.0300917625427246s individual


unit/test_tui_reporter.py .
current test PASSED/SKIPPED -- test_command_line_display in /home/kaiyaok2/PythonProjects/memray/tests/unit/test_tui_reporter.py: 1046.4633615016937s cumulative, 5.641494274139404s individual


integration/test_native_tracking.py .
current test PASSED/SKIPPED -- test_hybrid_stack_in_pure_python_with_callbacks in /home/kaiyaok2/PythonProjects/memray/tests/integration/test_native_tracking.py: 1048.5763273239136s cumulative, 2.1129658222198486s individual



==================================== ERRORS ====================================
_ ERROR at setup of TestSocketReaderErrorHandling.test_get_current_snapshot_raises_before_context _
file /home/kaiyaok2/PythonProjects/memray/tests/integration/test_socket.py, line 146
      @pytest.mark.valgrind
      def test_get_current_snapshot_raises_before_context(self, free_port: int) -> None:
E       fixture 'free_port' not found
>       available fixtures: _cookiecutter_config_file, anyio_backend, anyio_backend_name, anyio_backend_options, cache, capfd, capfdbinary, caplog, capsys, capsysbinary, class_mocker, cookies, cookies_session, cov, doctest_namespace, mocker, module_mocker, monkeypatch, no_cover, package_mocker, pytestconfig, qapp, qapp_args, qapp_cls, qtbot, qtlog, qtmodeltester, record_property, record_testsuite_property, record_xml_attribute, recwarn, run_around_tests, session_mocker, snap_compare, snapshot, testrun_uid, tmp_path, tmp_path_factory, tmpdir, tmpdir_factory, worker_id
>       use 'pytest --fixtures [testpath]' for help on them.

/home/kaiyaok2/PythonProjects/memray/tests/integration/test_socket.py:146
___ ERROR at setup of TestSocketReaderAccess.test_single_allocation_snapshot ___
file /home/kaiyaok2/PythonProjects/memray/tests/integration/test_socket.py, line 255
      @pytest.mark.valgrind
      def test_single_allocation_snapshot(self, free_port: int, tmp_path: Path) -> None:
E       fixture 'free_port' not found
>       available fixtures: _cookiecutter_config_file, anyio_backend, anyio_backend_name, anyio_backend_options, cache, capfd, capfdbinary, caplog, capsys, capsysbinary, class_mocker, cookies, cookies_session, cov, doctest_namespace, mocker, module_mocker, monkeypatch, no_cover, package_mocker, pytestconfig, qapp, qapp_args, qapp_cls, qtbot, qtlog, qtmodeltester, record_property, record_testsuite_property, record_xml_attribute, recwarn, run_around_tests, session_mocker, snap_compare, snapshot, testrun_uid, tmp_path, tmp_path_factory, tmpdir, tmpdir_factory, worker_id
>       use 'pytest --fixtures [testpath]' for help on them.

/home/kaiyaok2/PythonProjects/memray/tests/integration/test_socket.py:255
__________ ERROR at setup of TestSocketReaderAccess.test_command_line __________
file /home/kaiyaok2/PythonProjects/memray/tests/integration/test_socket.py, line 341
      @pytest.mark.valgrind
      def test_command_line(self, free_port: int, tmp_path: Path) -> None:
E       fixture 'free_port' not found
>       available fixtures: _cookiecutter_config_file, anyio_backend, anyio_backend_name, anyio_backend_options, cache, capfd, capfdbinary, caplog, capsys, capsysbinary, class_mocker, cookies, cookies_session, cov, doctest_namespace, mocker, module_mocker, monkeypatch, no_cover, package_mocker, pytestconfig, qapp, qapp_args, qapp_cls, qtbot, qtlog, qtmodeltester, record_property, record_testsuite_property, record_xml_attribute, recwarn, run_around_tests, session_mocker, snap_compare, snapshot, testrun_uid, tmp_path, tmp_path_factory, tmpdir, tmpdir_factory, worker_id
>       use 'pytest --fixtures [testpath]' for help on them.

/home/kaiyaok2/PythonProjects/memray/tests/integration/test_socket.py:341
___ ERROR at setup of TestSocketReaderAccess.test_empty_snapshot_after_free ____
file /home/kaiyaok2/PythonProjects/memray/tests/integration/test_socket.py, line 236
      @pytest.mark.valgrind
      def test_empty_snapshot_after_free(self, free_port: int, tmp_path: Path) -> None:
E       fixture 'free_port' not found
>       available fixtures: _cookiecutter_config_file, anyio_backend, anyio_backend_name, anyio_backend_options, cache, capfd, capfdbinary, caplog, capsys, capsysbinary, class_mocker, cookies, cookies_session, cov, doctest_namespace, mocker, module_mocker, monkeypatch, no_cover, package_mocker, pytestconfig, qapp, qapp_args, qapp_cls, qtbot, qtlog, qtmodeltester, record_property, record_testsuite_property, record_xml_attribute, recwarn, run_around_tests, session_mocker, snap_compare, snapshot, testrun_uid, tmp_path, tmp_path_factory, tmpdir, tmpdir_factory, worker_id
>       use 'pytest --fixtures [testpath]' for help on them.

/home/kaiyaok2/PythonProjects/memray/tests/integration/test_socket.py:236
___ ERROR at setup of TestSocketReaderAccess.test_multi_allocation_snapshot ____
file /home/kaiyaok2/PythonProjects/memray/tests/integration/test_socket.py, line 283
      @pytest.mark.valgrind
      def test_multi_allocation_snapshot(self, free_port: int, tmp_path: Path) -> None:
E       fixture 'free_port' not found
>       available fixtures: _cookiecutter_config_file, anyio_backend, anyio_backend_name, anyio_backend_options, cache, capfd, capfdbinary, caplog, capsys, capsysbinary, class_mocker, cookies, cookies_session, cov, doctest_namespace, mocker, module_mocker, monkeypatch, no_cover, package_mocker, pytestconfig, qapp, qapp_args, qapp_cls, qtbot, qtlog, qtmodeltester, record_property, record_testsuite_property, record_xml_attribute, recwarn, run_around_tests, session_mocker, snap_compare, snapshot, testrun_uid, tmp_path, tmp_path_factory, tmpdir, tmpdir_factory, worker_id
>       use 'pytest --fixtures [testpath]' for help on them.

/home/kaiyaok2/PythonProjects/memray/tests/integration/test_socket.py:283
_ ERROR at setup of TestSocketReaderErrorHandling.test_get_current_snapshot_raises_after_context _
file /home/kaiyaok2/PythonProjects/memray/tests/integration/test_socket.py, line 172
      @pytest.mark.valgrind
      def test_get_current_snapshot_raises_after_context(
E       fixture 'free_port' not found
>       available fixtures: _cookiecutter_config_file, anyio_backend, anyio_backend_name, anyio_backend_options, cache, capfd, capfdbinary, caplog, capsys, capsysbinary, class_mocker, cookies, cookies_session, cov, doctest_namespace, mocker, module_mocker, monkeypatch, no_cover, package_mocker, pytestconfig, qapp, qapp_args, qapp_cls, qtbot, qtlog, qtmodeltester, record_property, record_testsuite_property, record_xml_attribute, recwarn, run_around_tests, session_mocker, snap_compare, snapshot, testrun_uid, tmp_path, tmp_path_factory, tmpdir, tmpdir_factory, worker_id
>       use 'pytest --fixtures [testpath]' for help on them.

/home/kaiyaok2/PythonProjects/memray/tests/integration/test_socket.py:172
_ ERROR at setup of TestSocketReaderErrorHandling.test_get_current_snapshot_first_yield_after_context_raises _
file /home/kaiyaok2/PythonProjects/memray/tests/integration/test_socket.py, line 193
      @pytest.mark.valgrind
      def test_get_current_snapshot_first_yield_after_context_raises(
E       fixture 'free_port' not found
>       available fixtures: _cookiecutter_config_file, anyio_backend, anyio_backend_name, anyio_backend_options, cache, capfd, capfdbinary, caplog, capsys, capsysbinary, class_mocker, cookies, cookies_session, cov, doctest_namespace, mocker, module_mocker, monkeypatch, no_cover, package_mocker, pytestconfig, qapp, qapp_args, qapp_cls, qtbot, qtlog, qtmodeltester, record_property, record_testsuite_property, record_xml_attribute, recwarn, run_around_tests, session_mocker, snap_compare, snapshot, testrun_uid, tmp_path, tmp_path_factory, tmpdir, tmpdir_factory, worker_id
>       use 'pytest --fixtures [testpath]' for help on them.

/home/kaiyaok2/PythonProjects/memray/tests/integration/test_socket.py:193
_ ERROR at setup of TestSocketReaderErrorHandling.test_get_is_active_after_context _
file /home/kaiyaok2/PythonProjects/memray/tests/integration/test_socket.py, line 155
      def test_get_is_active_after_context(self, free_port: int, tmp_path: Path) -> None:
E       fixture 'free_port' not found
>       available fixtures: _cookiecutter_config_file, anyio_backend, anyio_backend_name, anyio_backend_options, cache, capfd, capfdbinary, caplog, capsys, capsysbinary, class_mocker, cookies, cookies_session, cov, doctest_namespace, mocker, module_mocker, monkeypatch, no_cover, package_mocker, pytestconfig, qapp, qapp_args, qapp_cls, qtbot, qtlog, qtmodeltester, record_property, record_testsuite_property, record_xml_attribute, recwarn, run_around_tests, session_mocker, snap_compare, snapshot, testrun_uid, tmp_path, tmp_path_factory, tmpdir, tmpdir_factory, worker_id
>       use 'pytest --fixtures [testpath]' for help on them.

/home/kaiyaok2/PythonProjects/memray/tests/integration/test_socket.py:155
_ ERROR at setup of TestSocketReaderErrorHandling.test_nested_context_is_diallowed _
file /home/kaiyaok2/PythonProjects/memray/tests/integration/test_socket.py, line 214
      @pytest.mark.valgrind
      def test_nested_context_is_diallowed(self, free_port: int, tmp_path: Path) -> None:
E       fixture 'free_port' not found
>       available fixtures: _cookiecutter_config_file, anyio_backend, anyio_backend_name, anyio_backend_options, cache, capfd, capfdbinary, caplog, capsys, capsysbinary, class_mocker, cookies, cookies_session, cov, doctest_namespace, mocker, module_mocker, monkeypatch, no_cover, package_mocker, pytestconfig, qapp, qapp_args, qapp_cls, qtbot, qtlog, qtmodeltester, record_property, record_testsuite_property, record_xml_attribute, recwarn, run_around_tests, session_mocker, snap_compare, snapshot, testrun_uid, tmp_path, tmp_path_factory, tmpdir, tmpdir_factory, worker_id
>       use 'pytest --fixtures [testpath]' for help on them.

/home/kaiyaok2/PythonProjects/memray/tests/integration/test_socket.py:214
_ ERROR at setup of TestSocketReaderAccess.test_reading_allocations_while_reading_stack_traces _
file /home/kaiyaok2/PythonProjects/memray/tests/integration/test_socket.py, line 361
      @pytest.mark.valgrind
      def test_reading_allocations_while_reading_stack_traces(
E       fixture 'free_port' not found
>       available fixtures: _cookiecutter_config_file, anyio_backend, anyio_backend_name, anyio_backend_options, cache, capfd, capfdbinary, caplog, capsys, capsysbinary, class_mocker, cookies, cookies_session, cov, doctest_namespace, mocker, module_mocker, monkeypatch, no_cover, package_mocker, pytestconfig, qapp, qapp_args, qapp_cls, qtbot, qtlog, qtmodeltester, record_property, record_testsuite_property, record_xml_attribute, recwarn, run_around_tests, session_mocker, snap_compare, snapshot, testrun_uid, tmp_path, tmp_path_factory, tmpdir, tmpdir_factory, worker_id
>       use 'pytest --fixtures [testpath]' for help on them.

/home/kaiyaok2/PythonProjects/memray/tests/integration/test_socket.py:361
_ ERROR at setup of TestLiveRemoteSubcommand.test_live_client_exits_properly_on_sigint_before_connecting _
file /home/kaiyaok2/PythonProjects/memray/tests/integration/test_main.py, line 1494
      def test_live_client_exits_properly_on_sigint_before_connecting(self, free_port):
E       fixture 'free_port' not found
>       available fixtures: _cookiecutter_config_file, anyio_backend, anyio_backend_name, anyio_backend_options, cache, capfd, capfdbinary, caplog, capsys, capsysbinary, class_mocker, cookies, cookies_session, cov, doctest_namespace, mocker, module_mocker, monkeypatch, no_cover, package_mocker, pytestconfig, qapp, qapp_args, qapp_cls, qtbot, qtlog, qtmodeltester, record_property, record_testsuite_property, record_xml_attribute, recwarn, run_around_tests, session_mocker, simple_test_file, snap_compare, snapshot, test_file_returns_from_fork, testrun_uid, tmp_path, tmp_path_factory, tmpdir, tmpdir_factory, worker_id
>       use 'pytest --fixtures [testpath]' for help on them.

/home/kaiyaok2/PythonProjects/memray/tests/integration/test_main.py:1494
________ ERROR at setup of TestLiveRemoteSubcommand.test_live_tracking _________
file /home/kaiyaok2/PythonProjects/memray/tests/integration/test_main.py, line 1285
      def test_live_tracking(self, tmp_path, simple_test_file, free_port):
E       fixture 'free_port' not found
>       available fixtures: _cookiecutter_config_file, anyio_backend, anyio_backend_name, anyio_backend_options, cache, capfd, capfdbinary, caplog, capsys, capsysbinary, class_mocker, cookies, cookies_session, cov, doctest_namespace, mocker, module_mocker, monkeypatch, no_cover, package_mocker, pytestconfig, qapp, qapp_args, qapp_cls, qtbot, qtlog, qtmodeltester, record_property, record_testsuite_property, record_xml_attribute, recwarn, run_around_tests, session_mocker, simple_test_file, snap_compare, snapshot, test_file_returns_from_fork, testrun_uid, tmp_path, tmp_path_factory, tmpdir, tmpdir_factory, worker_id
>       use 'pytest --fixtures [testpath]' for help on them.

/home/kaiyaok2/PythonProjects/memray/tests/integration/test_main.py:1285
_ ERROR at setup of TestLiveRemoteSubcommand.test_live_tracking_server_when_client_disconnects _
file /home/kaiyaok2/PythonProjects/memray/tests/integration/test_main.py, line 1402
      def test_live_tracking_server_when_client_disconnects(self, free_port, tmp_path):
E       fixture 'free_port' not found
>       available fixtures: _cookiecutter_config_file, anyio_backend, anyio_backend_name, anyio_backend_options, cache, capfd, capfdbinary, caplog, capsys, capsysbinary, class_mocker, cookies, cookies_session, cov, doctest_namespace, mocker, module_mocker, monkeypatch, no_cover, package_mocker, pytestconfig, qapp, qapp_args, qapp_cls, qtbot, qtlog, qtmodeltester, record_property, record_testsuite_property, record_xml_attribute, recwarn, run_around_tests, session_mocker, simple_test_file, snap_compare, snapshot, test_file_returns_from_fork, testrun_uid, tmp_path, tmp_path_factory, tmpdir, tmpdir_factory, worker_id
>       use 'pytest --fixtures [testpath]' for help on them.

/home/kaiyaok2/PythonProjects/memray/tests/integration/test_main.py:1402
_ ERROR at setup of TestSocketReaderAccess.test_multiple_context_entries_does_not_crash _
file /home/kaiyaok2/PythonProjects/memray/tests/integration/test_socket.py, line 311
      @pytest.mark.valgrind
      def test_multiple_context_entries_does_not_crash(
E       fixture 'free_port' not found
>       available fixtures: _cookiecutter_config_file, anyio_backend, anyio_backend_name, anyio_backend_options, cache, capfd, capfdbinary, caplog, capsys, capsysbinary, class_mocker, cookies, cookies_session, cov, doctest_namespace, mocker, module_mocker, monkeypatch, no_cover, package_mocker, pytestconfig, qapp, qapp_args, qapp_cls, qtbot, qtlog, qtmodeltester, record_property, record_testsuite_property, record_xml_attribute, recwarn, run_around_tests, session_mocker, snap_compare, snapshot, testrun_uid, tmp_path, tmp_path_factory, tmpdir, tmpdir_factory, worker_id
>       use 'pytest --fixtures [testpath]' for help on them.

/home/kaiyaok2/PythonProjects/memray/tests/integration/test_socket.py:311
=================================== FAILURES ===================================
_____________________ TestRunSubCommand.test_run_with_live _____________________

self = <MagicMock name='LiveCommand().start_live_interface' id='140555209412080'>
args = (1234,), kwargs = {'cmdline_override': './directory/foobar.py arg1 arg2'}
expected = call(1234, cmdline_override='./directory/foobar.py arg1 arg2')
actual = call(1234, cmdline_override='/tmp/pytest-of-kaiyaok2/pytest-62/test_allocations_of_different_0/main.py')
_error_message = <function NonCallableMock.assert_called_with.<locals>._error_message at 0x7fd58ef1bd90>
cause = None

    def assert_called_with(self, /, *args, **kwargs):
        """assert that the last call was made with the specified arguments.
    
        Raises an AssertionError if the args and keyword args passed in are
        different to the last call to the mock."""
        if self.call_args is None:
            expected = self._format_mock_call_signature(args, kwargs)
            actual = 'not called.'
            error_message = ('expected call not found.\nExpected: %s\nActual: %s'
                    % (expected, actual))
            raise AssertionError(error_message)
    
        def _error_message():
            msg = self._format_mock_failure_message(args, kwargs)
            return msg
        expected = self._call_matcher(_Call((args, kwargs), two=True))
        actual = self._call_matcher(self.call_args)
        if actual != expected:
            cause = expected if isinstance(expected, Exception) else None
>           raise AssertionError(_error_message()) from cause
E           AssertionError: expected call not found.
E           Expected: start_live_interface(1234, cmdline_override='./directory/foobar.py arg1 arg2')
E           Actual: start_live_interface(1234, cmdline_override='/tmp/pytest-of-kaiyaok2/pytest-62/test_allocations_of_different_0/main.py')

/usr/lib/python3.10/unittest/mock.py:929: AssertionError

During handling of the above exception, another exception occurred:

self = <tests.unit.test_cli.TestRunSubCommand object at 0x7fd48a0109a0>
live_command_mock = <MagicMock name='LiveCommand' id='140555209026160'>
popen_mock = <MagicMock name='Popen' id='140555211274800'>
getpid_mock = <MagicMock name='getpid' id='140555212007280'>
runpy_mock = <MagicMock name='runpy' id='140555223950928'>
tracker_mock = <MagicMock name='Tracker' id='140555131229024'>
validate_mock = <MagicMock name='validate_target_file' id='140555129864144'>

    @patch("memray.commands.run.subprocess.Popen")
    @patch("memray.commands.run.LiveCommand")
    def test_run_with_live(
        self,
        live_command_mock,
        popen_mock,
        getpid_mock,
        runpy_mock,
        tracker_mock,
        validate_mock,
    ):
        getpid_mock.return_value = 0
        popen_mock().__enter__().returncode = 0
        with patch("memray.commands.run._get_free_port", return_value=1234):
            assert 0 == main(["run", "--live", "./directory/foobar.py", "arg1", "arg2"])
        popen_mock.assert_called_with(
            [
                sys.executable,
                "-c",
                "from memray.commands.run import _child_process;"
                "_child_process(1234,False,False,False,False,False,"
                "'./directory/foobar.py',['arg1', 'arg2'])",
            ],
            stderr=-1,
            stdout=-3,
            text=True,
        )
>       live_command_mock().start_live_interface.assert_called_with(
            1234,
            cmdline_override="./directory/foobar.py arg1 arg2",
        )
E       AssertionError: expected call not found.
E       Expected: start_live_interface(1234, cmdline_override='./directory/foobar.py arg1 arg2')
E       Actual: start_live_interface(1234, cmdline_override='/tmp/pytest-of-kaiyaok2/pytest-62/test_allocations_of_different_0/main.py')
E       
E       pytest introspection follows:
E       
E       Kwargs:
E       assert {'cmdline_ove...nt_0/main.py'} == {'cmdline_ove...py arg1 arg2'}
E         Differing items:
E         {'cmdline_override': '/tmp/pytest-of-kaiyaok2/pytest-62/test_allocations_of_different_0/main.py'} != {'cmdline_override': './directory/foobar.py arg1 arg2'}
E         Use -v to get more diff

unit/test_cli.py:178: AssertionError
_______ TestRunSubCommand.test_run_with_live_and_trace_python_allocators _______

self = <MagicMock name='LiveCommand().start_live_interface' id='140555203135904'>
args = (1234,), kwargs = {'cmdline_override': './directory/foobar.py arg1 arg2'}
expected = call(1234, cmdline_override='./directory/foobar.py arg1 arg2')
actual = call(1234, cmdline_override='/tmp/pytest-of-kaiyaok2/pytest-62/test_allocations_of_different_0/main.py')
_error_message = <function NonCallableMock.assert_called_with.<locals>._error_message at 0x7fd58ef1aa70>
cause = None

    def assert_called_with(self, /, *args, **kwargs):
        """assert that the last call was made with the specified arguments.
    
        Raises an AssertionError if the args and keyword args passed in are
        different to the last call to the mock."""
        if self.call_args is None:
            expected = self._format_mock_call_signature(args, kwargs)
            actual = 'not called.'
            error_message = ('expected call not found.\nExpected: %s\nActual: %s'
                    % (expected, actual))
            raise AssertionError(error_message)
    
        def _error_message():
            msg = self._format_mock_failure_message(args, kwargs)
            return msg
        expected = self._call_matcher(_Call((args, kwargs), two=True))
        actual = self._call_matcher(self.call_args)
        if actual != expected:
            cause = expected if isinstance(expected, Exception) else None
>           raise AssertionError(_error_message()) from cause
E           AssertionError: expected call not found.
E           Expected: start_live_interface(1234, cmdline_override='./directory/foobar.py arg1 arg2')
E           Actual: start_live_interface(1234, cmdline_override='/tmp/pytest-of-kaiyaok2/pytest-62/test_allocations_of_different_0/main.py')

/usr/lib/python3.10/unittest/mock.py:929: AssertionError

During handling of the above exception, another exception occurred:

self = <tests.unit.test_cli.TestRunSubCommand object at 0x7fd48a010b20>
live_command_mock = <MagicMock name='LiveCommand' id='140555129518544'>
popen_mock = <MagicMock name='Popen' id='140555129510960'>
getpid_mock = <MagicMock name='getpid' id='140555130440192'>
runpy_mock = <MagicMock name='runpy' id='140555130447584'>
tracker_mock = <MagicMock name='Tracker' id='140555210526576'>
validate_mock = <MagicMock name='validate_target_file' id='140555210534064'>

    @patch("memray.commands.run.subprocess.Popen")
    @patch("memray.commands.run.LiveCommand")
    def test_run_with_live_and_trace_python_allocators(
        self,
        live_command_mock,
        popen_mock,
        getpid_mock,
        runpy_mock,
        tracker_mock,
        validate_mock,
    ):
        getpid_mock.return_value = 0
        popen_mock().__enter__().returncode = 0
        with patch("memray.commands.run._get_free_port", return_value=1234):
            assert 0 == main(
                [
                    "run",
                    "--live",
                    "--trace-python-allocators",
                    "./directory/foobar.py",
                    "arg1",
                    "arg2",
                ]
            )
        popen_mock.assert_called_with(
            [
                sys.executable,
                "-c",
                "from memray.commands.run import _child_process;"
                "_child_process(1234,False,True,False,False,False,"
                "'./directory/foobar.py',['arg1', 'arg2'])",
            ],
            stderr=-1,
            stdout=-3,
            text=True,
        )
>       live_command_mock().start_live_interface.assert_called_with(
            1234,
            cmdline_override="./directory/foobar.py arg1 arg2",
        )
E       AssertionError: expected call not found.
E       Expected: start_live_interface(1234, cmdline_override='./directory/foobar.py arg1 arg2')
E       Actual: start_live_interface(1234, cmdline_override='/tmp/pytest-of-kaiyaok2/pytest-62/test_allocations_of_different_0/main.py')
E       
E       pytest introspection follows:
E       
E       Kwargs:
E       assert {'cmdline_ove...nt_0/main.py'} == {'cmdline_ove...py arg1 arg2'}
E         Differing items:
E         {'cmdline_override': '/tmp/pytest-of-kaiyaok2/pytest-62/test_allocations_of_different_0/main.py'} != {'cmdline_override': './directory/foobar.py arg1 arg2'}
E         Use -v to get more diff

unit/test_cli.py:219: AssertionError
--------------------------- snapshot report summary ----------------------------
19 snapshots passed.
=========================== short test summary info ============================
FAILED unit/test_cli.py::TestRunSubCommand::test_run_with_live - AssertionErr...
FAILED unit/test_cli.py::TestRunSubCommand::test_run_with_live_and_trace_python_allocators
ERROR integration/test_socket.py::TestSocketReaderErrorHandling::test_get_current_snapshot_raises_before_context
ERROR integration/test_socket.py::TestSocketReaderAccess::test_single_allocation_snapshot
ERROR integration/test_socket.py::TestSocketReaderAccess::test_command_line
ERROR integration/test_socket.py::TestSocketReaderAccess::test_empty_snapshot_after_free
ERROR integration/test_socket.py::TestSocketReaderAccess::test_multi_allocation_snapshot
ERROR integration/test_socket.py::TestSocketReaderErrorHandling::test_get_current_snapshot_raises_after_context
ERROR integration/test_socket.py::TestSocketReaderErrorHandling::test_get_current_snapshot_first_yield_after_context_raises
ERROR integration/test_socket.py::TestSocketReaderErrorHandling::test_get_is_active_after_context
ERROR integration/test_socket.py::TestSocketReaderErrorHandling::test_nested_context_is_diallowed
ERROR integration/test_socket.py::TestSocketReaderAccess::test_reading_allocations_while_reading_stack_traces
ERROR integration/test_main.py::TestLiveRemoteSubcommand::test_live_client_exits_properly_on_sigint_before_connecting
ERROR integration/test_main.py::TestLiveRemoteSubcommand::test_live_tracking
ERROR integration/test_main.py::TestLiveRemoteSubcommand::test_live_tracking_server_when_client_disconnects
ERROR integration/test_socket.py::TestSocketReaderAccess::test_multiple_context_entries_does_not_crash
====== 2 failed, 569 passed, 11 skipped, 14 errors in 1095.26s (0:18:15) =======
