============================= test session starts ==============================
platform linux -- Python 3.10.12, pytest-7.4.4, pluggy-1.3.0
Using --randomly-seed=1705807401
PyQt5 5.15.10 -- Qt runtime 5.15.2 -- Qt compiled 5.15.2
rootdir: /home/kaiyaok2/PythonProjects/memray
configfile: pyproject.toml
plugins: hypothesis-6.81.1, cov-4.1.0, randomly-3.1.0, typeguard-4.1.5, timeout-1.4.2, qt-4.3.1, nbval-0.10.0, xdist-3.5.0, mock-3.12.0, tcp-0.1.1, textual-snapshot-0.4.0, cookies-0.7.0, instafail-0.5.0, syrupy-4.6.0, anyio-3.7.1
collected 596 items
Using TCP weights 1-0
Collect TCP features took 0.13104867935180664s.
Compute TCP order took 0.014037847518920898s.

integration/test_tracking.py .
current test PASSED/SKIPPED -- test_munmap_multiple_mmaps in /home/kaiyaok2/PythonProjects/memray/tests/integration/test_tracking.py: 2.096703052520752s cumulative, 2.096703052520752s individual

.
current test PASSED/SKIPPED -- test_multiple_high_watermark in /home/kaiyaok2/PythonProjects/memray/tests/integration/test_tracking.py: 4.106252193450928s cumulative, 2.009549140930176s individual

.
current test PASSED/SKIPPED -- test_simple_allocation_tracking in /home/kaiyaok2/PythonProjects/memray/tests/integration/test_tracking.py: 6.242111921310425s cumulative, 2.135859727859497s individual

.
current test PASSED/SKIPPED -- test_simple_pymalloc_allocation_tracking in /home/kaiyaok2/PythonProjects/memray/tests/integration/test_tracking.py: 8.12345814704895s cumulative, 1.8813462257385254s individual

.
current test PASSED/SKIPPED -- test_pymalloc_allocation_tracking_deactivated in /home/kaiyaok2/PythonProjects/memray/tests/integration/test_tracking.py: 9.837974309921265s cumulative, 1.7145161628723145s individual

.
current test PASSED/SKIPPED -- test_simple_cpp_allocation_tracking in /home/kaiyaok2/PythonProjects/memray/tests/integration/test_tracking.py: 11.76441216468811s cumulative, 1.9264378547668457s individual

.
current test PASSED/SKIPPED -- test_simple_allocation_tracking in /home/kaiyaok2/PythonProjects/memray/tests/integration/test_tracking.py: 13.571177959442139s cumulative, 1.8067657947540283s individual

.
current test PASSED/SKIPPED -- test_pymalloc_allocation_tracking_deactivated in /home/kaiyaok2/PythonProjects/memray/tests/integration/test_tracking.py: 15.648673057556152s cumulative, 2.0774950981140137s individual

.
current test PASSED/SKIPPED -- test_pthread_tracking in /home/kaiyaok2/PythonProjects/memray/tests/integration/test_tracking.py: 17.4986732006073s cumulative, 1.8500001430511475s individual

.
current test PASSED/SKIPPED -- test_temporary_allocations_when_filling_vector_without_preallocating in /home/kaiyaok2/PythonProjects/memray/tests/integration/test_tracking.py: 19.7773756980896s cumulative, 2.2787024974823s individual

.
current test PASSED/SKIPPED -- test_pymalloc_allocation_tracking_deactivated in /home/kaiyaok2/PythonProjects/memray/tests/integration/test_tracking.py: 21.807581663131714s cumulative, 2.0302059650421143s individual

.
current test PASSED/SKIPPED -- test_simple_pymalloc_allocation_tracking in /home/kaiyaok2/PythonProjects/memray/tests/integration/test_tracking.py: 24.025732040405273s cumulative, 2.2181503772735596s individual

.
current test PASSED/SKIPPED -- test_leaks_that_happen_in_the_same_function_are_aggregated in /home/kaiyaok2/PythonProjects/memray/tests/integration/test_tracking.py: 25.9709370136261s cumulative, 1.9452049732208252s individual


unit/test_reader.py .
current test PASSED/SKIPPED -- test_filereader_fails_to_open_file in /home/kaiyaok2/PythonProjects/memray/tests/unit/test_reader.py: 25.986034154891968s cumulative, 0.01509714126586914s individual


integration/test_native_tracking.py .
current test PASSED/SKIPPED -- test_hybrid_stack_in_pure_python_with_callbacks in /home/kaiyaok2/PythonProjects/memray/tests/integration/test_native_tracking.py: 33.39076519012451s cumulative, 7.404731035232544s individual


integration/test_tracking.py s
current test PASSED/SKIPPED -- test_simple_allocation_tracking in /home/kaiyaok2/PythonProjects/memray/tests/integration/test_tracking.py: 35.138192892074585s cumulative, 1.7474277019500732s individual

s
current test PASSED/SKIPPED -- test_simple_allocation_tracking in /home/kaiyaok2/PythonProjects/memray/tests/integration/test_tracking.py: 36.75056767463684s cumulative, 1.6123747825622559s individual

s
current test PASSED/SKIPPED -- test_simple_allocation_tracking in /home/kaiyaok2/PythonProjects/memray/tests/integration/test_tracking.py: 38.48156189918518s cumulative, 1.7309942245483398s individual


integration/test_tracing.py .
current test PASSED/SKIPPED -- test_allocation_in_thread_before_reacquiring_gil_after_tracking_starts in /home/kaiyaok2/PythonProjects/memray/tests/integration/test_tracing.py: 40.16234731674194s cumulative, 1.6807854175567627s individual


unit/test_flamegraph_reporter.py .
current test PASSED/SKIPPED -- test_sanity_check_with_real_allocations in /home/kaiyaok2/PythonProjects/memray/tests/unit/test_flamegraph_reporter.py: 41.586668491363525s cumulative, 1.424321174621582s individual


unit/test_tui_reporter.py .
current test PASSED/SKIPPED -- test_tui_basic in /home/kaiyaok2/PythonProjects/memray/tests/unit/test_tui_reporter.py: 43.06886386871338s cumulative, 1.4821953773498535s individual


integration/test_tracing.py .
current test PASSED/SKIPPED -- test_profile_function_is_restored_after_tracking in /home/kaiyaok2/PythonProjects/memray/tests/integration/test_tracing.py: 45.13520431518555s cumulative, 2.066340446472168s individual

.
current test PASSED/SKIPPED -- test_identical_stack_traces_started_in_different_lines_in_the_root_do_not_compare_equal in /home/kaiyaok2/PythonProjects/memray/tests/integration/test_tracing.py: 46.558279037475586s cumulative, 1.423074722290039s individual


unit/test_tui_reporter.py .
current test PASSED/SKIPPED -- test_command_line_display in /home/kaiyaok2/PythonProjects/memray/tests/unit/test_tui_reporter.py: 49.858664989471436s cumulative, 3.3003859519958496s individual


integration/test_main.py .
current test PASSED/SKIPPED -- test_leaks_with_pymalloc_warning in /home/kaiyaok2/PythonProjects/memray/tests/integration/test_main.py: 55.23984336853027s cumulative, 5.381178379058838s individual

.
current test PASSED/SKIPPED -- test_error_when_input_file_does_not_exist in /home/kaiyaok2/PythonProjects/memray/tests/integration/test_main.py: 56.87562966346741s cumulative, 1.6357862949371338s individual


integration/test_tracking.py .
current test PASSED/SKIPPED -- test_simple_pymalloc_allocation_tracking in /home/kaiyaok2/PythonProjects/memray/tests/integration/test_tracking.py: 58.39447236061096s cumulative, 1.5188426971435547s individual

.
current test PASSED/SKIPPED -- test_simple_pymalloc_allocation_tracking in /home/kaiyaok2/PythonProjects/memray/tests/integration/test_tracking.py: 60.11985683441162s cumulative, 1.7253844738006592s individual

.
current test PASSED/SKIPPED -- test_temporary_allocations_outside_buffer_are_not_detected in /home/kaiyaok2/PythonProjects/memray/tests/integration/test_tracking.py: 61.315056562423706s cumulative, 1.195199728012085s individual

.
current test PASSED/SKIPPED -- test_header_allocator in /home/kaiyaok2/PythonProjects/memray/tests/integration/test_tracking.py: 62.13411617279053s cumulative, 0.8190596103668213s individual

.
current test PASSED/SKIPPED -- test_aggregation_same_python_stack_but_different_native_stack in /home/kaiyaok2/PythonProjects/memray/tests/integration/test_tracking.py: 63.44516372680664s cumulative, 1.3110475540161133s individual


integration/test_processes.py [AllocationRecord<tid=0x1, address=0x563efbbce020, size=1.205KB, allocator=13, allocations=1>, AllocationRecord<tid=0x1, address=0x563efbbce020, size=N/A, allocator=15, allocations=1>, AllocationRecord<tid=0x1, address=0x563efbbce020, size=1.205KB, allocator=13, allocations=1>, AllocationRecord<tid=0x1, address=0x563efbbce020, size=N/A, allocator=15, allocations=1>, AllocationRecord<tid=0x1, address=0x563efbbce020, size=1.205KB, allocator=13, allocations=1>, AllocationRecord<tid=0x1, address=0x563efbbce020, size=N/A, allocator=15, allocations=1>, AllocationRecord<tid=0x1, address=0x563efbbce020, size=1.205KB, allocator=13, allocations=1>, AllocationRecord<tid=0x1, address=0x563efbbce020, size=N/A, allocator=15, allocations=1>, AllocationRecord<tid=0x1, address=0x563efbbce020, size=1.205KB, allocator=13, allocations=1>, AllocationRecord<tid=0x1, address=0x563efbbce020, size=N/A, allocator=15, allocations=1>, AllocationRecord<tid=0x1, address=0x563efbbce020, size=1.205KB, allocator=13, allocations=1>, AllocationRecord<tid=0x1, address=0x563efbbce020, size=N/A, allocator=15, allocations=1>, AllocationRecord<tid=0x1, address=0x563efbbce020, size=1.205KB, allocator=13, allocations=1>, AllocationRecord<tid=0x1, address=0x563efbbce020, size=N/A, allocator=15, allocations=1>, AllocationRecord<tid=0x1, address=0x563efbbce020, size=1.205KB, allocator=13, allocations=1>, AllocationRecord<tid=0x1, address=0x563efbbce020, size=N/A, allocator=15, allocations=1>, AllocationRecord<tid=0x1, address=0x563efbbce020, size=1.205KB, allocator=13, allocations=1>, AllocationRecord<tid=0x1, address=0x563efbbce020, size=N/A, allocator=15, allocations=1>, AllocationRecord<tid=0x1, address=0x563efbbce020, size=1.205KB, allocator=13, allocations=1>, AllocationRecord<tid=0x1, address=0x563efbbce020, size=N/A, allocator=15, allocations=1>]
.
current test PASSED/SKIPPED -- test_pymalloc_allocations_after_fork in /home/kaiyaok2/PythonProjects/memray/tests/integration/test_processes.py: 66.87069940567017s cumulative, 3.4255356788635254s individual


unit/test_high_water_mark_aggregator.py .
current test PASSED/SKIPPED -- test_different_allocators_at_one_location in /home/kaiyaok2/PythonProjects/memray/tests/unit/test_high_water_mark_aggregator.py: 66.8985641002655s cumulative, 0.027864694595336914s individual

.
current test PASSED/SKIPPED -- test_reporting_on_true_high_water_mark_that_was_in_a_past_snapshot in /home/kaiyaok2/PythonProjects/memray/tests/unit/test_high_water_mark_aggregator.py: 66.92487382888794s cumulative, 0.026309728622436523s individual

.
current test PASSED/SKIPPED -- test_allocation_and_deallocation_across_multiple_snapshots_with_other_allocators in /home/kaiyaok2/PythonProjects/memray/tests/unit/test_high_water_mark_aggregator.py: 66.95875144004822s cumulative, 0.03387761116027832s individual

.
current test PASSED/SKIPPED -- test_allocation_and_deallocation_across_multiple_snapshots in /home/kaiyaok2/PythonProjects/memray/tests/unit/test_high_water_mark_aggregator.py: 66.98182010650635s cumulative, 0.023068666458129883s individual

.
current test PASSED/SKIPPED -- test_freeing_one_of_two_high_water_mark_allocations_at_the_same_location in /home/kaiyaok2/PythonProjects/memray/tests/unit/test_high_water_mark_aggregator.py: 67.00622844696045s cumulative, 0.024408340454101562s individual

.
current test PASSED/SKIPPED -- test_split_range in /home/kaiyaok2/PythonProjects/memray/tests/unit/test_high_water_mark_aggregator.py: 67.03010940551758s cumulative, 0.023880958557128906s individual

.
current test PASSED/SKIPPED -- test_allocation_made_and_leaked_after_high_water_mark in /home/kaiyaok2/PythonProjects/memray/tests/unit/test_high_water_mark_aggregator.py: 67.0730447769165s cumulative, 0.04293537139892578s individual

.
current test PASSED/SKIPPED -- test_shrunk_range in /home/kaiyaok2/PythonProjects/memray/tests/unit/test_high_water_mark_aggregator.py: 67.09990310668945s cumulative, 0.02685832977294922s individual

.
current test PASSED/SKIPPED -- test_one_allocation_after_first_snapshot in /home/kaiyaok2/PythonProjects/memray/tests/unit/test_high_water_mark_aggregator.py: 67.13411331176758s cumulative, 0.034210205078125s individual

.
current test PASSED/SKIPPED -- test_same_stack_in_different_threads in /home/kaiyaok2/PythonProjects/memray/tests/unit/test_high_water_mark_aggregator.py: 67.16708612442017s cumulative, 0.03297281265258789s individual

.
current test PASSED/SKIPPED -- test_allocation_made_between_high_water_marks_and_freed_after_high_water_mark in /home/kaiyaok2/PythonProjects/memray/tests/unit/test_high_water_mark_aggregator.py: 67.20003199577332s cumulative, 0.032945871353149414s individual

.
current test PASSED/SKIPPED -- test_freeing_one_of_two_high_water_mark_allocations_at_different_locations in /home/kaiyaok2/PythonProjects/memray/tests/unit/test_high_water_mark_aggregator.py: 67.22818493843079s cumulative, 0.028152942657470703s individual

.
current test PASSED/SKIPPED -- test_one_allocation_freed_at_high_water_mark_in_second_snapshot in /home/kaiyaok2/PythonProjects/memray/tests/unit/test_high_water_mark_aggregator.py: 67.24687719345093s cumulative, 0.0186922550201416s individual

.
current test PASSED/SKIPPED -- test_one_allocation_freed_before_high_water_mark_in_second_snapshot in /home/kaiyaok2/PythonProjects/memray/tests/unit/test_high_water_mark_aggregator.py: 67.2637836933136s cumulative, 0.0169064998626709s individual

.
current test PASSED/SKIPPED -- test_completely_freed_range in /home/kaiyaok2/PythonProjects/memray/tests/unit/test_high_water_mark_aggregator.py: 67.28024768829346s cumulative, 0.0164639949798584s individual

.
current test PASSED/SKIPPED -- test_allocation_made_and_freed_between_high_water_marks in /home/kaiyaok2/PythonProjects/memray/tests/unit/test_high_water_mark_aggregator.py: 67.29919528961182s cumulative, 0.018947601318359375s individual

.
current test PASSED/SKIPPED -- test_one_freed_allocation_is_high_water_mark_but_not_leaked in /home/kaiyaok2/PythonProjects/memray/tests/unit/test_high_water_mark_aggregator.py: 67.32076001167297s cumulative, 0.021564722061157227s individual

.
current test PASSED/SKIPPED -- test_allocation_after_high_water_mark_in_historical_snapshot in /home/kaiyaok2/PythonProjects/memray/tests/unit/test_high_water_mark_aggregator.py: 67.33460640907288s cumulative, 0.013846397399902344s individual

.
current test PASSED/SKIPPED -- test_allocation_made_and_freed_after_high_water_mark in /home/kaiyaok2/PythonProjects/memray/tests/unit/test_high_water_mark_aggregator.py: 67.34671092033386s cumulative, 0.012104511260986328s individual

.
current test PASSED/SKIPPED -- test_two_allocations_in_different_snapshots in /home/kaiyaok2/PythonProjects/memray/tests/unit/test_high_water_mark_aggregator.py: 67.35882687568665s cumulative, 0.012115955352783203s individual

.
current test PASSED/SKIPPED -- test_no_allocations_at_start in /home/kaiyaok2/PythonProjects/memray/tests/unit/test_high_water_mark_aggregator.py: 67.3706464767456s cumulative, 0.011819601058959961s individual

.
current test PASSED/SKIPPED -- test_shrunk_then_freed_range in /home/kaiyaok2/PythonProjects/memray/tests/unit/test_high_water_mark_aggregator.py: 67.38278913497925s cumulative, 0.012142658233642578s individual

.
current test PASSED/SKIPPED -- test_split_then_freed_range in /home/kaiyaok2/PythonProjects/memray/tests/unit/test_high_water_mark_aggregator.py: 67.39446783065796s cumulative, 0.011678695678710938s individual

.
current test PASSED/SKIPPED -- test_zero_byte_allocation in /home/kaiyaok2/PythonProjects/memray/tests/unit/test_high_water_mark_aggregator.py: 67.40569067001343s cumulative, 0.01122283935546875s individual

.
current test PASSED/SKIPPED -- test_allocation_freed_before_high_water_mark in /home/kaiyaok2/PythonProjects/memray/tests/unit/test_high_water_mark_aggregator.py: 67.42760968208313s cumulative, 0.02191901206970215s individual

.
current test PASSED/SKIPPED -- test_allocations_freed_over_two_non_adjacent_snapshots in /home/kaiyaok2/PythonProjects/memray/tests/unit/test_high_water_mark_aggregator.py: 67.44445133209229s cumulative, 0.016841650009155273s individual

.
current test PASSED/SKIPPED -- test_one_allocation_is_both_high_water_mark_and_leaked in /home/kaiyaok2/PythonProjects/memray/tests/unit/test_high_water_mark_aggregator.py: 67.45774602890015s cumulative, 0.013294696807861328s individual

.
current test PASSED/SKIPPED -- test_allocation_made_between_high_water_marks_and_leaked in /home/kaiyaok2/PythonProjects/memray/tests/unit/test_high_water_mark_aggregator.py: 67.47997045516968s cumulative, 0.02222442626953125s individual

.
current test PASSED/SKIPPED -- test_allocation_and_deallocation_after_high_water_mark in /home/kaiyaok2/PythonProjects/memray/tests/unit/test_high_water_mark_aggregator.py: 67.56117701530457s cumulative, 0.0812065601348877s individual

.
current test PASSED/SKIPPED -- test_allocation_after_high_water_mark_in_current_snapshot in /home/kaiyaok2/PythonProjects/memray/tests/unit/test_high_water_mark_aggregator.py: 67.59462475776672s cumulative, 0.0334477424621582s individual

.
current test PASSED/SKIPPED -- test_one_allocation_before_first_snapshot in /home/kaiyaok2/PythonProjects/memray/tests/unit/test_high_water_mark_aggregator.py: 67.61986637115479s cumulative, 0.025241613388061523s individual

.
current test PASSED/SKIPPED -- test_allocations_freed_over_two_snapshots in /home/kaiyaok2/PythonProjects/memray/tests/unit/test_high_water_mark_aggregator.py: 67.64763689041138s cumulative, 0.027770519256591797s individual


unit/test_tree_reporter.py .
current test PASSED/SKIPPED -- test_biggest_allocations in /home/kaiyaok2/PythonProjects/memray/tests/unit/test_tree_reporter.py: 73.11809492111206s cumulative, 5.470458030700684s individual

.
current test PASSED/SKIPPED -- test_two_chains in /home/kaiyaok2/PythonProjects/memray/tests/unit/test_tree_reporter.py: 74.9484167098999s cumulative, 1.8303217887878418s individual


integration/test_processes.py .
current test PASSED/SKIPPED -- test_stack_cleanup_after_fork in /home/kaiyaok2/PythonProjects/memray/tests/integration/test_processes.py: 81.67393660545349s cumulative, 6.725519895553589s individual


integration/test_api.py .
current test PASSED/SKIPPED -- test_file_destination in /home/kaiyaok2/PythonProjects/memray/tests/integration/test_api.py: 83.10148811340332s cumulative, 1.427551507949829s individual


integration/test_native_tracking.py .
current test PASSED/SKIPPED -- test_hybrid_stack_of_python_thread_starts_with_native_frames in /home/kaiyaok2/PythonProjects/memray/tests/integration/test_native_tracking.py: 84.43417263031006s cumulative, 1.3326845169067383s individual


integration/test_threads.py .
current test PASSED/SKIPPED -- test_thread_allocations_after_tracker_is_deactivated in /home/kaiyaok2/PythonProjects/memray/tests/integration/test_threads.py: 85.90168237686157s cumulative, 1.4675097465515137s individual


integration/test_main.py .
current test PASSED/SKIPPED -- test_not_quiet_and_fork in /home/kaiyaok2/PythonProjects/memray/tests/integration/test_main.py: 88.03021001815796s cumulative, 2.1285276412963867s individual


integration/test_tracing.py .
current test PASSED/SKIPPED -- test_allocation_in_thread_after_unsetting_profile_function in /home/kaiyaok2/PythonProjects/memray/tests/integration/test_tracing.py: 89.89001202583313s cumulative, 1.859802007675171s individual

.
current test PASSED/SKIPPED -- test_allocation_after_unsetting_profile_function in /home/kaiyaok2/PythonProjects/memray/tests/integration/test_tracing.py: 91.13079476356506s cumulative, 1.2407827377319336s individual


unit/test_highwatermark_command.py ⚠  No debug information was found for the Python interpreter  ⚠

Without debug information reports showing native traces may not include file 
names and line numbers. Please use an interpreter built with debug symbols for 
best results. Check https://bloomberg.github.io/memray/native_mode.html for more
information regarding how memray resolves symbols.

.
current test PASSED/SKIPPED -- test_tracker_and_reporter_interactions_for_peak in /home/kaiyaok2/PythonProjects/memray/tests/unit/test_highwatermark_command.py: 92.86890459060669s cumulative, 1.738109827041626s individual

⚠  No debug information was found for the Python interpreter  ⚠

Without debug information reports showing native traces may not include file 
names and line numbers. Please use an interpreter built with debug symbols for 
best results. Check https://bloomberg.github.io/memray/native_mode.html for more
information regarding how memray resolves symbols.

.
current test PASSED/SKIPPED -- test_tracker_and_reporter_interactions_for_temporary_allocations in /home/kaiyaok2/PythonProjects/memray/tests/unit/test_highwatermark_command.py: 94.50706672668457s cumulative, 1.6381621360778809s individual

⚠  No debug information was found for the Python interpreter  ⚠

Without debug information reports showing native traces may not include file 
names and line numbers. Please use an interpreter built with debug symbols for 
best results. Check https://bloomberg.github.io/memray/native_mode.html for more
information regarding how memray resolves symbols.

.
current test PASSED/SKIPPED -- test_tracker_and_reporter_interactions_for_peak in /home/kaiyaok2/PythonProjects/memray/tests/unit/test_highwatermark_command.py: 96.27731728553772s cumulative, 1.7702505588531494s individual

⚠  No debug information was found for the Python interpreter  ⚠

Without debug information reports showing native traces may not include file 
names and line numbers. Please use an interpreter built with debug symbols for 
best results. Check https://bloomberg.github.io/memray/native_mode.html for more
information regarding how memray resolves symbols.

.
current test PASSED/SKIPPED -- test_tracker_and_reporter_interactions_for_leak in /home/kaiyaok2/PythonProjects/memray/tests/unit/test_highwatermark_command.py: 97.96373391151428s cumulative, 1.6864166259765625s individual

⚠  No debug information was found for the Python interpreter  ⚠

Without debug information reports showing native traces may not include file 
names and line numbers. Please use an interpreter built with debug symbols for 
best results. Check https://bloomberg.github.io/memray/native_mode.html for more
information regarding how memray resolves symbols.

.
current test PASSED/SKIPPED -- test_tracker_and_reporter_interactions_for_leak in /home/kaiyaok2/PythonProjects/memray/tests/unit/test_highwatermark_command.py: 99.62550783157349s cumulative, 1.661773920059204s individual

⚠  No debug information was found for the Python interpreter  ⚠

Without debug information reports showing native traces may not include file 
names and line numbers. Please use an interpreter built with debug symbols for 
best results. Check https://bloomberg.github.io/memray/native_mode.html for more
information regarding how memray resolves symbols.

.
current test PASSED/SKIPPED -- test_tracker_and_reporter_interactions_for_temporary_allocations in /home/kaiyaok2/PythonProjects/memray/tests/unit/test_highwatermark_command.py: 101.14971542358398s cumulative, 1.524207592010498s individual


test_utils.py .
current test PASSED/SKIPPED -- test_free_records_with_unmatched_addresses_do_not_appear in /home/kaiyaok2/PythonProjects/memray/tests/test_utils.py: 101.18220281600952s cumulative, 0.03248739242553711s individual

.
current test PASSED/SKIPPED -- test_filters_based_on_addresses in /home/kaiyaok2/PythonProjects/memray/tests/test_utils.py: 101.21016693115234s cumulative, 0.027964115142822266s individual

.
current test PASSED/SKIPPED -- test_filters_for_valloc_and_free in /home/kaiyaok2/PythonProjects/memray/tests/test_utils.py: 101.23715138435364s cumulative, 0.026984453201293945s individual

.
current test PASSED/SKIPPED -- test_free_records_with_valid_addresses_that_dont_match_do_not_appear in /home/kaiyaok2/PythonProjects/memray/tests/test_utils.py: 101.26961064338684s cumulative, 0.032459259033203125s individual

.
current test PASSED/SKIPPED -- test_holds_values_at_correct_names in /home/kaiyaok2/PythonProjects/memray/tests/test_utils.py: 101.30995082855225s cumulative, 0.04034018516540527s individual

.
current test PASSED/SKIPPED -- test_equality in /home/kaiyaok2/PythonProjects/memray/tests/test_utils.py: 101.34062838554382s cumulative, 0.03067755699157715s individual

.
current test PASSED/SKIPPED -- test_looks_like_AllocationRecord in /home/kaiyaok2/PythonProjects/memray/tests/test_utils.py: 101.36562037467957s cumulative, 0.024991989135742188s individual


integration/test_tracing.py .
current test PASSED/SKIPPED -- test_traceback in /home/kaiyaok2/PythonProjects/memray/tests/integration/test_tracing.py: 103.10235095024109s cumulative, 1.7367305755615234s individual

.
current test PASSED/SKIPPED -- test_mmap_in_thread in /home/kaiyaok2/PythonProjects/memray/tests/integration/test_tracing.py: 104.29037094116211s cumulative, 1.1880199909210205s individual


unit/test_templates.py .
current test PASSED/SKIPPED -- test_title_for_regular_report in /home/kaiyaok2/PythonProjects/memray/tests/unit/test_templates.py: 104.30858278274536s cumulative, 0.018211841583251953s individual

.
current test PASSED/SKIPPED -- test_title_for_regular_report in /home/kaiyaok2/PythonProjects/memray/tests/unit/test_templates.py: 104.32429909706116s cumulative, 0.0157163143157959s individual

.
current test PASSED/SKIPPED -- test_title_for_regular_report in /home/kaiyaok2/PythonProjects/memray/tests/unit/test_templates.py: 104.34907341003418s cumulative, 0.02477431297302246s individual

.
current test PASSED/SKIPPED -- test_title_for_regular_report in /home/kaiyaok2/PythonProjects/memray/tests/unit/test_templates.py: 104.3749783039093s cumulative, 0.02590489387512207s individual

.
current test PASSED/SKIPPED -- test_title_for_regular_report in /home/kaiyaok2/PythonProjects/memray/tests/unit/test_templates.py: 104.3937635421753s cumulative, 0.01878523826599121s individual

.
current test PASSED/SKIPPED -- test_title_for_regular_report in /home/kaiyaok2/PythonProjects/memray/tests/unit/test_templates.py: 104.41624736785889s cumulative, 0.02248382568359375s individual


integration/test_tracing.py .
current test PASSED/SKIPPED -- test_identical_stack_traces_started_in_different_lines_in_a_function_do_not_compare_equal in /home/kaiyaok2/PythonProjects/memray/tests/integration/test_tracing.py: 106.25786471366882s cumulative, 1.8416173458099365s individual


unit/test_tree_reporter.py .
current test PASSED/SKIPPED -- test_allocations_of_different_sizes in /home/kaiyaok2/PythonProjects/memray/tests/unit/test_tree_reporter.py: 114.66495084762573s cumulative, 8.40708613395691s individual


integration/test_extensions.py .
current test PASSED/SKIPPED -- test_misbehaving_extension in /home/kaiyaok2/PythonProjects/memray/tests/integration/test_extensions.py: 121.13454246520996s cumulative, 6.4695916175842285s individual


unit/test_flamegraph_reporter.py .
current test PASSED/SKIPPED -- test_inverted_very_deep_call_is_limited in /home/kaiyaok2/PythonProjects/memray/tests/unit/test_flamegraph_reporter.py: 122.73312258720398s cumulative, 1.5985801219940186s individual


integration/test_main.py .
current test PASSED/SKIPPED -- test_report_detects_corrupt_input in /home/kaiyaok2/PythonProjects/memray/tests/integration/test_main.py: 125.27058005332947s cumulative, 2.5374574661254883s individual

.
current test PASSED/SKIPPED -- test_report_detects_corrupt_input in /home/kaiyaok2/PythonProjects/memray/tests/integration/test_main.py: 127.10495972633362s cumulative, 1.8343796730041504s individual

.
current test PASSED/SKIPPED -- test_output_file_already_exists in /home/kaiyaok2/PythonProjects/memray/tests/integration/test_main.py: 129.84880948066711s cumulative, 2.743849754333496s individual


integration/test_tracing.py .
current test PASSED/SKIPPED -- test_traceback_for_high_watermark in /home/kaiyaok2/PythonProjects/memray/tests/integration/test_tracing.py: 131.33082556724548s cumulative, 1.4820160865783691s individual


integration/test_ipython.py [0;31m---------------------------------------------------------------------------[0m
[0;31mZeroDivisionError[0m                         Traceback (most recent call last)
Cell [0;32mIn[1], line 9[0m
[1;32m      2[0m [38;5;28;01mwith[39;00m Tracker(
[1;32m      3[0m     [38;5;124m"[39m[38;5;124mmemray-results/tmp9w0nwz9h/memray.dump[39m[38;5;124m"[39m,
[1;32m      4[0m     native_traces[38;5;241m=[39m[38;5;28;01mFalse[39;00m,
[1;32m      5[0m     trace_python_allocators[38;5;241m=[39m[38;5;28;01mFalse[39;00m,
[1;32m      6[0m     follow_fork[38;5;241m=[39m[38;5;28;01mFalse[39;00m,
[1;32m      7[0m ) [38;5;28;01mas[39;00m tracker:
[1;32m      8[0m     x [38;5;241m=[39m [38;5;124m"[39m[38;5;124ma[39m[38;5;124m"[39m [38;5;241m*[39m [38;5;241m10000[39m
[0;32m----> 9[0m     [38;5;241;43m1[39;49m[38;5;241;43m/[39;49m[38;5;241;43m0[39;49m

[0;31mZeroDivisionError[0m: division by zero


Results saved to memray-results/tmp9w0nwz9h/flamegraph.html
.
current test PASSED/SKIPPED -- test_exception_while_ipython_profiling in /home/kaiyaok2/PythonProjects/memray/tests/integration/test_ipython.py: 136.29341411590576s cumulative, 4.962588548660278s individual


unit/test_tui_reporter.py .
current test PASSED/SKIPPED -- test_tui_basic in /home/kaiyaok2/PythonProjects/memray/tests/unit/test_tui_reporter.py: 142.69761180877686s cumulative, 6.404197692871094s individual


unit/test_tree_reporter.py .
current test PASSED/SKIPPED -- test_no_allocations in /home/kaiyaok2/PythonProjects/memray/tests/unit/test_tree_reporter.py: 144.66218852996826s cumulative, 1.9645767211914062s individual

.
current test PASSED/SKIPPED -- test_only_biggest_chain_is_expanded in /home/kaiyaok2/PythonProjects/memray/tests/unit/test_tree_reporter.py: 146.6970660686493s cumulative, 2.0348775386810303s individual


integration/test_tracking.py .
current test PASSED/SKIPPED -- test_memory_snapshots_are_written in /home/kaiyaok2/PythonProjects/memray/tests/integration/test_tracking.py: 148.2543716430664s cumulative, 1.5573055744171143s individual

.
current test PASSED/SKIPPED -- test_partial_munmap_multiple_split_in_middle in /home/kaiyaok2/PythonProjects/memray/tests/integration/test_tracking.py: 149.5051019191742s cumulative, 1.250730276107788s individual

.
current test PASSED/SKIPPED -- test_allocations_aggregation_on_same_line in /home/kaiyaok2/PythonProjects/memray/tests/integration/test_tracking.py: 151.30244851112366s cumulative, 1.797346591949463s individual

.
current test PASSED/SKIPPED -- test_simple_allocation_tracking in /home/kaiyaok2/PythonProjects/memray/tests/integration/test_tracking.py: 152.65199637413025s cumulative, 1.3495478630065918s individual

.
current test PASSED/SKIPPED -- test_intertwined_temporary_allocations_in_threads in /home/kaiyaok2/PythonProjects/memray/tests/integration/test_tracking.py: 154.30421614646912s cumulative, 1.6522197723388672s individual

.
current test PASSED/SKIPPED -- test_pymalloc_allocation_tracking_deactivated in /home/kaiyaok2/PythonProjects/memray/tests/integration/test_tracking.py: 155.84521222114563s cumulative, 1.5409960746765137s individual


integration/test_main.py .
current test PASSED/SKIPPED -- test_run_live_tracking_invalid_port in /home/kaiyaok2/PythonProjects/memray/tests/integration/test_main.py: 157.4985692501068s cumulative, 1.6533570289611816s individual

.
current test PASSED/SKIPPED -- test_live_tracking_invalid_port in /home/kaiyaok2/PythonProjects/memray/tests/integration/test_main.py: 158.79856371879578s cumulative, 1.2999944686889648s individual


integration/test_api.py .
current test PASSED/SKIPPED -- test_file_reader_as_context_manager in /home/kaiyaok2/PythonProjects/memray/tests/integration/test_api.py: 160.4511640071869s cumulative, 1.6526002883911133s individual


unit/test_tracker.py .
current test PASSED/SKIPPED -- test_the_same_tracker_cannot_be_activated_twice in /home/kaiyaok2/PythonProjects/memray/tests/unit/test_tracker.py: 161.90418577194214s cumulative, 1.453021764755249s individual


integration/test_tracking.py .
current test PASSED/SKIPPED -- test_temporary_allocations_when_filling_vector_without_preallocating_small_buffer in /home/kaiyaok2/PythonProjects/memray/tests/integration/test_tracking.py: 163.1343080997467s cumulative, 1.2301223278045654s individual

.
current test PASSED/SKIPPED -- test_leaks_allocations_are_detected in /home/kaiyaok2/PythonProjects/memray/tests/integration/test_tracking.py: 164.73455834388733s cumulative, 1.600250244140625s individual


integration/test_attach.py s
current test PASSED/SKIPPED -- test_aggregated_attach in /home/kaiyaok2/PythonProjects/memray/tests/integration/test_attach.py: 164.80246877670288s cumulative, 0.06791043281555176s individual

s
current test PASSED/SKIPPED -- test_attach_time in /home/kaiyaok2/PythonProjects/memray/tests/integration/test_attach.py: 164.8615984916687s cumulative, 0.05912971496582031s individual

s
current test PASSED/SKIPPED -- test_basic_attach in /home/kaiyaok2/PythonProjects/memray/tests/integration/test_attach.py: 164.9151759147644s cumulative, 0.053577423095703125s individual

s
current test PASSED/SKIPPED -- test_detach_without_attach in /home/kaiyaok2/PythonProjects/memray/tests/integration/test_attach.py: 164.96203923225403s cumulative, 0.04686331748962402s individual

s
current test PASSED/SKIPPED -- test_basic_attach in /home/kaiyaok2/PythonProjects/memray/tests/integration/test_attach.py: 164.99704813957214s cumulative, 0.035008907318115234s individual

s
current test PASSED/SKIPPED -- test_attach_time in /home/kaiyaok2/PythonProjects/memray/tests/integration/test_attach.py: 165.03700470924377s cumulative, 0.03995656967163086s individual

s
current test PASSED/SKIPPED -- test_aggregated_attach in /home/kaiyaok2/PythonProjects/memray/tests/integration/test_attach.py: 165.0885410308838s cumulative, 0.05153632164001465s individual

s
current test PASSED/SKIPPED -- test_detach_without_attach in /home/kaiyaok2/PythonProjects/memray/tests/integration/test_attach.py: 165.12624716758728s cumulative, 0.03770613670349121s individual


integration/test_native_tracking.py .
current test PASSED/SKIPPED -- test_inlined_call_chain_with_native_tracking in /home/kaiyaok2/PythonProjects/memray/tests/integration/test_native_tracking.py: 171.13212323188782s cumulative, 6.005876064300537s individual

.
current test PASSED/SKIPPED -- test_hybrid_stack_in_recursive_python_c_call in /home/kaiyaok2/PythonProjects/memray/tests/integration/test_native_tracking.py: 179.1243965625763s cumulative, 7.992273330688477s individual


unit/test_cli.py Writing profile results into memray-foobar.<MagicMock name='getpid()' id='140323787621760'>.bin
[memray] Successfully generated profile results.

You can now generate reports from the stored allocation records.
Some example commands to generate reports:

/usr/bin/python3 -m memray flamegraph memray-foobar.<MagicMock name='getpid()' id='140323787621760'>.bin
.
current test PASSED/SKIPPED -- test_run_module in /home/kaiyaok2/PythonProjects/memray/tests/unit/test_cli.py: 179.35551929473877s cumulative, 0.23112273216247559s individual


integration/test_socket.py E
current test FAILED -- test_get_current_snapshot_raises_before_context in /home/kaiyaok2/PythonProjects/memray/tests/integration/test_socket.py: 179.38313484191895s cumulative, 0.02761554718017578s individual


integration/test_extensions.py .
current test PASSED/SKIPPED -- test_hard_exit in /home/kaiyaok2/PythonProjects/memray/tests/integration/test_extensions.py: 180.26268029212952s cumulative, 0.8795454502105713s individual


integration/test_native_tracking.py .
current test PASSED/SKIPPED -- test_native_tracing_header in /home/kaiyaok2/PythonProjects/memray/tests/integration/test_native_tracking.py: 182.68646216392517s cumulative, 2.4237818717956543s individual


unit/test_tree_reporter.py .
current test PASSED/SKIPPED -- test_show_uninteresting_system in /home/kaiyaok2/PythonProjects/memray/tests/unit/test_tree_reporter.py: 190.03581023216248s cumulative, 7.349348068237305s individual

.
current test PASSED/SKIPPED -- test_hide_import_system in /home/kaiyaok2/PythonProjects/memray/tests/unit/test_tree_reporter.py: 198.68235802650452s cumulative, 8.646547794342041s individual

.
current test PASSED/SKIPPED -- test_expand_linear_chain in /home/kaiyaok2/PythonProjects/memray/tests/unit/test_tree_reporter.py: 202.8014121055603s cumulative, 4.119054079055786s individual


integration/test_extensions.py .
current test PASSED/SKIPPED -- test_valloc_at_thread_exit_in_subprocess in /home/kaiyaok2/PythonProjects/memray/tests/integration/test_extensions.py: 209.91715264320374s cumulative, 7.115740537643433s individual


integration/test_main.py .
current test PASSED/SKIPPED -- test_report_detects_missing_input in /home/kaiyaok2/PythonProjects/memray/tests/integration/test_main.py: 211.86662530899048s cumulative, 1.9494726657867432s individual

.
current test PASSED/SKIPPED -- test_report_detects_missing_input in /home/kaiyaok2/PythonProjects/memray/tests/integration/test_main.py: 214.5668604373932s cumulative, 2.70023512840271s individual

.
current test PASSED/SKIPPED -- test_report_detects_corrupt_input in /home/kaiyaok2/PythonProjects/memray/tests/integration/test_main.py: 218.0121238231659s cumulative, 3.445263385772705s individual

.
current test PASSED/SKIPPED -- test_run in /home/kaiyaok2/PythonProjects/memray/tests/integration/test_main.py: 221.54313707351685s cumulative, 3.531013250350952s individual

.
current test PASSED/SKIPPED -- test_sys_manipulations_when_running_script in /home/kaiyaok2/PythonProjects/memray/tests/integration/test_main.py: 224.35922384262085s cumulative, 2.816086769104004s individual


unit/test_flamegraph_reporter.py .
current test PASSED/SKIPPED -- test_inverted_sanity_check_with_real_allocations in /home/kaiyaok2/PythonProjects/memray/tests/unit/test_flamegraph_reporter.py: 226.29676413536072s cumulative, 1.9375402927398682s individual


unit/test_attach.py Error usage: memray [-h] [-v] [-V]
              {run,flamegraph,table,live,tree,parse,summary,stats,transform,attach,detach}
              ...
memray: error: Can't use aggregated mode without an output file.

.
current test PASSED/SKIPPED -- test_memray_attach_aggregated_without_output_file in /home/kaiyaok2/PythonProjects/memray/tests/unit/test_attach.py: 226.46870470046997s cumulative, 0.17194056510925293s individual


integration/test_extensions.py .
current test PASSED/SKIPPED -- test_hard_exit in /home/kaiyaok2/PythonProjects/memray/tests/integration/test_extensions.py: 227.96809887886047s cumulative, 1.499394178390503s individual


integration/test_tracking.py .
current test PASSED/SKIPPED -- test_temporary_allocations_are_detected in /home/kaiyaok2/PythonProjects/memray/tests/integration/test_tracking.py: 230.56810355186462s cumulative, 2.6000046730041504s individual


unit/test_tui_reporter.py .
current test PASSED/SKIPPED -- test_tui_gradient in /home/kaiyaok2/PythonProjects/memray/tests/unit/test_tui_reporter.py: 241.4100570678711s cumulative, 10.84195351600647s individual


unit/test_flamegraph_reporter.py .
current test PASSED/SKIPPED -- test_very_deep_call_is_limited in /home/kaiyaok2/PythonProjects/memray/tests/unit/test_flamegraph_reporter.py: 242.34886145591736s cumulative, 0.9388043880462646s individual


unit/test_cli.py .
current test PASSED/SKIPPED -- test_run_with_live_port_but_not_live_remote in /home/kaiyaok2/PythonProjects/memray/tests/unit/test_cli.py: 242.47860312461853s cumulative, 0.12974166870117188s individual

Run 'memray3.10 live 1111' in another shell to see live results
.
current test PASSED/SKIPPED -- test_run_with_live_remote_and_live_port in /home/kaiyaok2/PythonProjects/memray/tests/unit/test_cli.py: 242.56384658813477s cumulative, 0.08524346351623535s individual

.
current test PASSED/SKIPPED -- test_run_with_follow_fork_and_live_remote_mode in /home/kaiyaok2/PythonProjects/memray/tests/unit/test_cli.py: 242.6416506767273s cumulative, 0.0778040885925293s individual

.
current test PASSED/SKIPPED -- test_run_without_arguments in /home/kaiyaok2/PythonProjects/memray/tests/unit/test_cli.py: 242.77982211112976s cumulative, 0.13817143440246582s individual

.
current test PASSED/SKIPPED -- test_run_with_live_and_trace_python_allocators in /home/kaiyaok2/PythonProjects/memray/tests/unit/test_cli.py: 242.92914533615112s cumulative, 0.1493232250213623s individual

Writing profile results into memray-string.<MagicMock name='getpid()' id='140323773594496'>.bin
[memray] Successfully generated profile results.

You can now generate reports from the stored allocation records.
Some example commands to generate reports:

/usr/bin/python3 -m memray flamegraph memray-string.<MagicMock name='getpid()' id='140323773594496'>.bin
Writing profile results into memray-string.<MagicMock name='getpid()' id='140323773594496'>.bin
[memray] Successfully generated profile results.

You can now generate reports from the stored allocation records.
Some example commands to generate reports:

/usr/bin/python3 -m memray flamegraph memray-string.<MagicMock name='getpid()' id='140323773594496'>.bin
.
current test PASSED/SKIPPED -- test_run_cmd_is_validated in /home/kaiyaok2/PythonProjects/memray/tests/unit/test_cli.py: 243.07967019081116s cumulative, 0.15052485466003418s individual

Run 'memray3.10 live 1234' in another shell to see live results
.
current test PASSED/SKIPPED -- test_run_with_live_remote in /home/kaiyaok2/PythonProjects/memray/tests/unit/test_cli.py: 243.1577010154724s cumulative, 0.07803082466125488s individual

.
current test PASSED/SKIPPED -- test_run_with_live in /home/kaiyaok2/PythonProjects/memray/tests/unit/test_cli.py: 243.24367952346802s cumulative, 0.08597850799560547s individual

Writing profile results into memray-foobar.0.bin
[memray] Successfully generated profile results.

You can now generate reports from the stored allocation records.
Some example commands to generate reports:

/usr/bin/python3 -m memray flamegraph memray-foobar.0.bin
.
current test PASSED/SKIPPED -- test_run_with_native_mode in /home/kaiyaok2/PythonProjects/memray/tests/unit/test_cli.py: 243.31281995773315s cumulative, 0.06914043426513672s individual

Writing profile results into memray-foobar.0.bin
[memray] Successfully generated profile results.

You can now generate reports from the stored allocation records.
Some example commands to generate reports:

/usr/bin/python3 -m memray flamegraph memray-foobar.0.bin
.
current test PASSED/SKIPPED -- test_run_with_pymalloc_tracing in /home/kaiyaok2/PythonProjects/memray/tests/unit/test_cli.py: 243.40267634391785s cumulative, 0.08985638618469238s individual

.
current test PASSED/SKIPPED -- test_run_with_follow_fork_and_live_mode in /home/kaiyaok2/PythonProjects/memray/tests/unit/test_cli.py: 243.5078296661377s cumulative, 0.10515332221984863s individual


unit/test_tree_reporter.py .
current test PASSED/SKIPPED -- test_works_with_multiple_stacks_from_same_caller_two_frames_above in /home/kaiyaok2/PythonProjects/memray/tests/unit/test_tree_reporter.py: 243.5224907398224s cumulative, 0.014661073684692383s individual

.
current test PASSED/SKIPPED -- test_works_with_multiple_stacks_from_same_caller in /home/kaiyaok2/PythonProjects/memray/tests/unit/test_tree_reporter.py: 243.53669834136963s cumulative, 0.014207601547241211s individual

.
current test PASSED/SKIPPED -- test_drops_cpython_frames in /home/kaiyaok2/PythonProjects/memray/tests/unit/test_tree_reporter.py: 243.55077838897705s cumulative, 0.014080047607421875s individual

.
current test PASSED/SKIPPED -- test_works_with_no_allocations in /home/kaiyaok2/PythonProjects/memray/tests/unit/test_tree_reporter.py: 243.56368684768677s cumulative, 0.012908458709716797s individual

.
current test PASSED/SKIPPED -- test_works_with_single_call in /home/kaiyaok2/PythonProjects/memray/tests/unit/test_tree_reporter.py: 243.5758180618286s cumulative, 0.012131214141845703s individual

.
current test PASSED/SKIPPED -- test_uses_hybrid_stack_for_native_traces in /home/kaiyaok2/PythonProjects/memray/tests/unit/test_tree_reporter.py: 243.5892210006714s cumulative, 0.013402938842773438s individual

.
current test PASSED/SKIPPED -- test_works_with_merged_threads in /home/kaiyaok2/PythonProjects/memray/tests/unit/test_tree_reporter.py: 243.60151290893555s cumulative, 0.012291908264160156s individual

.
current test PASSED/SKIPPED -- test_works_with_split_threads in /home/kaiyaok2/PythonProjects/memray/tests/unit/test_tree_reporter.py: 243.61360001564026s cumulative, 0.012087106704711914s individual

.
current test PASSED/SKIPPED -- test_works_with_recursive_calls in /home/kaiyaok2/PythonProjects/memray/tests/unit/test_tree_reporter.py: 243.6268105506897s cumulative, 0.013210535049438477s individual

.
current test PASSED/SKIPPED -- test_works_with_multiple_top_level_nodes in /home/kaiyaok2/PythonProjects/memray/tests/unit/test_tree_reporter.py: 243.6390986442566s cumulative, 0.012288093566894531s individual

.
current test PASSED/SKIPPED -- test_render_runs_the_app in /home/kaiyaok2/PythonProjects/memray/tests/unit/test_tree_reporter.py: 243.6629240512848s cumulative, 0.023825407028198242s individual


integration/test_tracking.py .
current test PASSED/SKIPPED -- test_header_allocator in /home/kaiyaok2/PythonProjects/memray/tests/integration/test_tracking.py: 244.32240462303162s cumulative, 0.6594805717468262s individual

.
current test PASSED/SKIPPED -- test_non_freed_allocations_are_accounted_for in /home/kaiyaok2/PythonProjects/memray/tests/integration/test_tracking.py: 245.82960653305054s cumulative, 1.507201910018921s individual

.
current test PASSED/SKIPPED -- test_aggregation_same_python_stack_and_same_native_stack in /home/kaiyaok2/PythonProjects/memray/tests/integration/test_tracking.py: 247.69514918327332s cumulative, 1.8655426502227783s individual

.
current test PASSED/SKIPPED -- test_simple_allocation_tracking in /home/kaiyaok2/PythonProjects/memray/tests/integration/test_tracking.py: 249.38851642608643s cumulative, 1.6933672428131104s individual

.
current test PASSED/SKIPPED -- test_simple_allocation_tracking in /home/kaiyaok2/PythonProjects/memray/tests/integration/test_tracking.py: 251.34802627563477s cumulative, 1.9595098495483398s individual

.
current test PASSED/SKIPPED -- test_partial_munmap_multiple_split_in_middle in /home/kaiyaok2/PythonProjects/memray/tests/integration/test_tracking.py: 253.5039439201355s cumulative, 2.1559176445007324s individual

.
current test PASSED/SKIPPED -- test_partial_munmap_split_in_middle in /home/kaiyaok2/PythonProjects/memray/tests/integration/test_tracking.py: 255.06026411056519s cumulative, 1.5563201904296875s individual

.
current test PASSED/SKIPPED -- test_allocations_aggregation_on_different_lines in /home/kaiyaok2/PythonProjects/memray/tests/integration/test_tracking.py: 257.47951769828796s cumulative, 2.4192535877227783s individual

.
current test PASSED/SKIPPED -- test_munmap_multiple_mmaps in /home/kaiyaok2/PythonProjects/memray/tests/integration/test_tracking.py: 259.2119517326355s cumulative, 1.7324340343475342s individual

.
current test PASSED/SKIPPED -- test_simple_allocation_tracking in /home/kaiyaok2/PythonProjects/memray/tests/integration/test_tracking.py: 260.8747937679291s cumulative, 1.662842035293579s individual

.
current test PASSED/SKIPPED -- test_pymalloc_allocation_tracking_deactivated in /home/kaiyaok2/PythonProjects/memray/tests/integration/test_tracking.py: 262.3259451389313s cumulative, 1.4511513710021973s individual

.
current test PASSED/SKIPPED -- test_simple_allocation_tracking in /home/kaiyaok2/PythonProjects/memray/tests/integration/test_tracking.py: 263.6814980506897s cumulative, 1.3555529117584229s individual

.
current test PASSED/SKIPPED -- test_thread_allocations_multiple_threads in /home/kaiyaok2/PythonProjects/memray/tests/integration/test_tracking.py: 264.9303102493286s cumulative, 1.248812198638916s individual

.
current test PASSED/SKIPPED -- test_temporary_allocations_outside_buffer_are_not_detected in /home/kaiyaok2/PythonProjects/memray/tests/integration/test_tracking.py: 266.3369529247284s cumulative, 1.4066426753997803s individual

.
current test PASSED/SKIPPED -- test_temporary_allocations_with_two_allocators_are_detected in /home/kaiyaok2/PythonProjects/memray/tests/integration/test_tracking.py: 268.4668915271759s cumulative, 2.1299386024475098s individual

.
current test PASSED/SKIPPED -- test_simple_pymalloc_allocation_tracking in /home/kaiyaok2/PythonProjects/memray/tests/integration/test_tracking.py: 271.08119344711304s cumulative, 2.614301919937134s individual


integration/test_extensions.py .
current test PASSED/SKIPPED -- test_extension_that_uses_pygilstate_ensure in /home/kaiyaok2/PythonProjects/memray/tests/integration/test_extensions.py: 279.8001477718353s cumulative, 8.71895432472229s individual


integration/test_main.py .
current test PASSED/SKIPPED -- test_report_incompatible_arguments in /home/kaiyaok2/PythonProjects/memray/tests/integration/test_main.py: 285.50301933288574s cumulative, 5.702871561050415s individual

.
current test PASSED/SKIPPED -- test_reads_from_correct_file in /home/kaiyaok2/PythonProjects/memray/tests/integration/test_main.py: 296.0217995643616s cumulative, 10.51878023147583s individual

.
current test PASSED/SKIPPED -- test_report_incompatible_arguments in /home/kaiyaok2/PythonProjects/memray/tests/integration/test_main.py: 304.55340361595154s cumulative, 8.531604051589966s individual

.
current test PASSED/SKIPPED -- test_run_live_tracking_invalid_port in /home/kaiyaok2/PythonProjects/memray/tests/integration/test_main.py: 306.93084383010864s cumulative, 2.3774402141571045s individual


unit/test_tui_reporter.py .
current test PASSED/SKIPPED -- test_sorting in /home/kaiyaok2/PythonProjects/memray/tests/unit/test_tui_reporter.py: 325.4097194671631s cumulative, 18.478875637054443s individual


integration/test_tracing.py .
current test PASSED/SKIPPED -- test_cython_frame_in_pre_existing_thread_stack_when_restarting_tracking in /home/kaiyaok2/PythonProjects/memray/tests/integration/test_tracing.py: 331.6874794960022s cumulative, 6.277760028839111s individual

.
current test PASSED/SKIPPED -- test_large_number_of_frame_pops_between_subsequent_allocations in /home/kaiyaok2/PythonProjects/memray/tests/integration/test_tracing.py: 335.2840931415558s cumulative, 3.596613645553589s individual

.
current test PASSED/SKIPPED -- test_mmap in /home/kaiyaok2/PythonProjects/memray/tests/integration/test_tracing.py: 339.23256492614746s cumulative, 3.948471784591675s individual


integration/test_main.py .
current test PASSED/SKIPPED -- test_leaks_with_pymalloc_warning in /home/kaiyaok2/PythonProjects/memray/tests/integration/test_main.py: 348.87825870513916s cumulative, 9.6456937789917s individual

.
current test PASSED/SKIPPED -- test_report_temporary_allocations_argument in /home/kaiyaok2/PythonProjects/memray/tests/integration/test_main.py: 359.08690452575684s cumulative, 10.208645820617676s individual

.
current test PASSED/SKIPPED -- test_json_overwrites_existing_known_file in /home/kaiyaok2/PythonProjects/memray/tests/integration/test_main.py: 367.9097695350647s cumulative, 8.822865009307861s individual


integration/test_tracking.py .
current test PASSED/SKIPPED -- test_leaks_that_happen_in_different_lines in /home/kaiyaok2/PythonProjects/memray/tests/integration/test_tracking.py: 371.3141703605652s cumulative, 3.4044008255004883s individual

.
current test PASSED/SKIPPED -- test_allocations_that_are_freed_do_not_appear_as_leaks in /home/kaiyaok2/PythonProjects/memray/tests/integration/test_tracking.py: 374.60017681121826s cumulative, 3.286006450653076s individual


integration/test_extensions.py .
current test PASSED/SKIPPED -- test_valloc_at_thread_exit in /home/kaiyaok2/PythonProjects/memray/tests/integration/test_extensions.py: 385.97071719169617s cumulative, 11.370540380477905s individual


integration/test_tracking.py .
current test PASSED/SKIPPED -- test_simple_allocation_tracking in /home/kaiyaok2/PythonProjects/memray/tests/integration/test_tracking.py: 388.0514211654663s cumulative, 2.0807039737701416s individual


integration/test_threads.py .
current test PASSED/SKIPPED -- test_thread_name in /home/kaiyaok2/PythonProjects/memray/tests/integration/test_threads.py: 390.4625108242035s cumulative, 2.4110896587371826s individual


integration/test_main.py .
current test PASSED/SKIPPED -- test_successful_parse in /home/kaiyaok2/PythonProjects/memray/tests/integration/test_main.py: 398.3983111381531s cumulative, 7.935800313949585s individual

.
current test PASSED/SKIPPED -- test_summary_generated in /home/kaiyaok2/PythonProjects/memray/tests/integration/test_main.py: 410.0583119392395s cumulative, 11.660000801086426s individual


unit/test_reader.py .
current test PASSED/SKIPPED -- test_rejects_different_header_magic in /home/kaiyaok2/PythonProjects/memray/tests/unit/test_reader.py: 412.15207028388977s cumulative, 2.0937583446502686s individual


integration/test_tracing.py .
current test PASSED/SKIPPED -- test_restart_tracing_function_gets_correctly_the_frames in /home/kaiyaok2/PythonProjects/memray/tests/integration/test_tracing.py: 415.55040884017944s cumulative, 3.398338556289673s individual


integration/test_tracking.py .
current test PASSED/SKIPPED -- test_simple_allocation_tracking in /home/kaiyaok2/PythonProjects/memray/tests/integration/test_tracking.py: 417.2637450695038s cumulative, 1.7133362293243408s individual

.
current test PASSED/SKIPPED -- test_temporary_allocations_outside_buffer_are_not_detected in /home/kaiyaok2/PythonProjects/memray/tests/integration/test_tracking.py: 418.8432676792145s cumulative, 1.5795226097106934s individual

.
current test PASSED/SKIPPED -- test_get_header_after_snapshot in /home/kaiyaok2/PythonProjects/memray/tests/integration/test_tracking.py: 420.37590503692627s cumulative, 1.532637357711792s individual

.
current test PASSED/SKIPPED -- test_simple_allocation_tracking in /home/kaiyaok2/PythonProjects/memray/tests/integration/test_tracking.py: 421.8493866920471s cumulative, 1.4734816551208496s individual

.
current test PASSED/SKIPPED -- test_memory_snapshots_limit_when_reading in /home/kaiyaok2/PythonProjects/memray/tests/integration/test_tracking.py: 424.38741421699524s cumulative, 2.53802752494812s individual

.
current test PASSED/SKIPPED -- test_simple_allocation_tracking in /home/kaiyaok2/PythonProjects/memray/tests/integration/test_tracking.py: 426.7152316570282s cumulative, 2.327817440032959s individual

.
current test PASSED/SKIPPED -- test_simple_allocation_tracking in /home/kaiyaok2/PythonProjects/memray/tests/integration/test_tracking.py: 428.64876103401184s cumulative, 1.9335293769836426s individual

.
current test PASSED/SKIPPED -- test_multiple_high_watermark in /home/kaiyaok2/PythonProjects/memray/tests/integration/test_tracking.py: 430.92906880378723s cumulative, 2.2803077697753906s individual

.
current test PASSED/SKIPPED -- test_partial_munmap in /home/kaiyaok2/PythonProjects/memray/tests/integration/test_tracking.py: 433.94506216049194s cumulative, 3.015993356704712s individual

.
current test PASSED/SKIPPED -- test_partial_munmap_gap in /home/kaiyaok2/PythonProjects/memray/tests/integration/test_tracking.py: 437.1206135749817s cumulative, 3.175551414489746s individual

.
current test PASSED/SKIPPED -- test_final_allocation_is_peak in /home/kaiyaok2/PythonProjects/memray/tests/integration/test_tracking.py: 439.53160405158997s cumulative, 2.4109904766082764s individual

.
current test PASSED/SKIPPED -- test_munmap_multiple_mmaps_multiple_munmaps in /home/kaiyaok2/PythonProjects/memray/tests/integration/test_tracking.py: 441.11737298965454s cumulative, 1.5857689380645752s individual

.
current test PASSED/SKIPPED -- test_allocations_aggregation_on_same_line in /home/kaiyaok2/PythonProjects/memray/tests/integration/test_tracking.py: 442.4690189361572s cumulative, 1.3516459465026855s individual


unit/test_tracker.py .
current test PASSED/SKIPPED -- test_two_trackers_cannot_be_active_at_the_same_time in /home/kaiyaok2/PythonProjects/memray/tests/unit/test_tracker.py: 445.491756439209s cumulative, 3.022737503051758s individual


integration/test_main.py .
current test PASSED/SKIPPED -- test_run_live_tracking_invalid_port in /home/kaiyaok2/PythonProjects/memray/tests/integration/test_main.py: 451.86904191970825s cumulative, 6.377285480499268s individual

.
current test PASSED/SKIPPED -- test_report_detects_corrupt_input in /home/kaiyaok2/PythonProjects/memray/tests/integration/test_main.py: 458.15398025512695s cumulative, 6.284938335418701s individual

.
current test PASSED/SKIPPED -- test_report_detects_corrupt_input in /home/kaiyaok2/PythonProjects/memray/tests/integration/test_main.py: 462.54220938682556s cumulative, 4.388229131698608s individual

.
current test PASSED/SKIPPED -- test_run_file_with_args in /home/kaiyaok2/PythonProjects/memray/tests/integration/test_main.py: 465.3202791213989s cumulative, 2.7780697345733643s individual


unit/test_tui_reporter.py .
current test PASSED/SKIPPED -- test_tui_basic in /home/kaiyaok2/PythonProjects/memray/tests/unit/test_tui_reporter.py: 470.416686296463s cumulative, 5.096407175064087s individual

.
current test PASSED/SKIPPED -- test_command_line_display in /home/kaiyaok2/PythonProjects/memray/tests/unit/test_tui_reporter.py: 474.32343792915344s cumulative, 3.9067516326904297s individual

.
current test PASSED/SKIPPED -- test_command_line_display in /home/kaiyaok2/PythonProjects/memray/tests/unit/test_tui_reporter.py: 479.5434296131134s cumulative, 5.219991683959961s individual

.
current test PASSED/SKIPPED -- test_switching_threads in /home/kaiyaok2/PythonProjects/memray/tests/unit/test_tui_reporter.py: 486.40706992149353s cumulative, 6.863640308380127s individual


integration/test_tracking.py .
current test PASSED/SKIPPED -- test_unsupported_operations_on_aggregated_capture in /home/kaiyaok2/PythonProjects/memray/tests/integration/test_tracking.py: 487.1409959793091s cumulative, 0.7339260578155518s individual


integration/test_extensions.py .
current test PASSED/SKIPPED -- test_multithreaded_extension in /home/kaiyaok2/PythonProjects/memray/tests/integration/test_extensions.py: 493.53754687309265s cumulative, 6.396550893783569s individual


unit/test_tree_reporter.py .
current test PASSED/SKIPPED -- test_select_screen in /home/kaiyaok2/PythonProjects/memray/tests/unit/test_tree_reporter.py: 504.9164469242096s cumulative, 11.378900051116943s individual


integration/test_native_tracking.py .
current test PASSED/SKIPPED -- test_native_tracing_header in /home/kaiyaok2/PythonProjects/memray/tests/integration/test_native_tracking.py: 507.04390501976013s cumulative, 2.127458095550537s individual


unit/test_tui_reporter.py .
current test PASSED/SKIPPED -- test_update_thread in /home/kaiyaok2/PythonProjects/memray/tests/unit/test_tui_reporter.py: 510.0941996574402s cumulative, 3.0502946376800537s individual


integration/test_api.py .
current test PASSED/SKIPPED -- test_file_destination_str_path in /home/kaiyaok2/PythonProjects/memray/tests/integration/test_api.py: 511.28965401649475s cumulative, 1.1954543590545654s individual


integration/test_main.py .
current test PASSED/SKIPPED -- test_split_threads_subcommand in /home/kaiyaok2/PythonProjects/memray/tests/integration/test_main.py: 517.5441694259644s cumulative, 6.2545154094696045s individual

.
current test PASSED/SKIPPED -- test_can_generate_reports_with_native_traces in /home/kaiyaok2/PythonProjects/memray/tests/integration/test_main.py: 522.027007818222s cumulative, 4.48283839225769s individual

.
current test PASSED/SKIPPED -- test_tree_generated in /home/kaiyaok2/PythonProjects/memray/tests/integration/test_main.py: 531.0725011825562s cumulative, 9.045493364334106s individual


unit/test_summary_reporter.py .
current test PASSED/SKIPPED -- test_non_sequence_iterable in /home/kaiyaok2/PythonProjects/memray/tests/unit/test_summary_reporter.py: 531.3205997943878s cumulative, 0.24809861183166504s individual

.
current test PASSED/SKIPPED -- test_max_rows in /home/kaiyaok2/PythonProjects/memray/tests/unit/test_summary_reporter.py: 531.5287833213806s cumulative, 0.20818352699279785s individual

.
current test PASSED/SKIPPED -- test_with_multiple_allocations_and_native_traces in /home/kaiyaok2/PythonProjects/memray/tests/unit/test_summary_reporter.py: 531.732025384903s cumulative, 0.20324206352233887s individual

.
current test PASSED/SKIPPED -- test_sort_column in /home/kaiyaok2/PythonProjects/memray/tests/unit/test_summary_reporter.py: 532.0786490440369s cumulative, 0.34662365913391113s individual

.
current test PASSED/SKIPPED -- test_with_multiple_allocations in /home/kaiyaok2/PythonProjects/memray/tests/unit/test_summary_reporter.py: 532.4629595279694s cumulative, 0.3843104839324951s individual


unit/test_tui_reporter.py .
current test PASSED/SKIPPED -- test_command_line_display in /home/kaiyaok2/PythonProjects/memray/tests/unit/test_tui_reporter.py: 538.2986450195312s cumulative, 5.83568549156189s individual

.
current test PASSED/SKIPPED -- test_tui_pause in /home/kaiyaok2/PythonProjects/memray/tests/unit/test_tui_reporter.py: 558.5309796333313s cumulative, 20.23233461380005s individual


integration/test_tracing.py .
current test PASSED/SKIPPED -- test_traceback_iteration_does_not_depend_on_the_order_of_elements in /home/kaiyaok2/PythonProjects/memray/tests/integration/test_tracing.py: 560.6940960884094s cumulative, 2.163116455078125s individual

.
current test PASSED/SKIPPED -- test_thread_surviving_multiple_trackers_with_changing_callstack in /home/kaiyaok2/PythonProjects/memray/tests/integration/test_tracing.py: 564.0413749217987s cumulative, 3.3472788333892822s individual


integration/test_main.py .
current test PASSED/SKIPPED -- test_sys_manipulations_when_running_module in /home/kaiyaok2/PythonProjects/memray/tests/integration/test_main.py: 566.8356068134308s cumulative, 2.79423189163208s individual

.
current test PASSED/SKIPPED -- test_report_detects_missing_input in /home/kaiyaok2/PythonProjects/memray/tests/integration/test_main.py: 569.1468029022217s cumulative, 2.3111960887908936s individual

.
current test PASSED/SKIPPED -- test_writes_to_correct_file in /home/kaiyaok2/PythonProjects/memray/tests/integration/test_main.py: 574.5971376895905s cumulative, 5.450334787368774s individual

.
current test PASSED/SKIPPED -- test_quiet in /home/kaiyaok2/PythonProjects/memray/tests/integration/test_main.py: 578.0531008243561s cumulative, 3.455963134765625s individual


integration/test_tracking.py +10 kB
+ 9 kB
- 9 kB
+ 8 kB
+ 7 kB
- 7 kB
+ 6 kB
+ 5 kB
- 5 kB
+ 4 kB
+ 3 kB
- 3 kB
+ 2 kB
+ 1 kB
- 1 kB
- 2 kB
- 4 kB
- 6 kB
- 8 kB
-10 kB
.
current test PASSED/SKIPPED -- test_spiky_generally_increasing_to_final_peak in /home/kaiyaok2/PythonProjects/memray/tests/integration/test_tracking.py: 579.8522682189941s cumulative, 1.7991673946380615s individual

.
current test PASSED/SKIPPED -- test_simple_allocation_tracking in /home/kaiyaok2/PythonProjects/memray/tests/integration/test_tracking.py: 581.8311932086945s cumulative, 1.9789249897003174s individual

.
current test PASSED/SKIPPED -- test_partial_munmap_gap in /home/kaiyaok2/PythonProjects/memray/tests/integration/test_tracking.py: 583.4447593688965s cumulative, 1.6135661602020264s individual

.
current test PASSED/SKIPPED -- test_final_allocation_is_peak in /home/kaiyaok2/PythonProjects/memray/tests/integration/test_tracking.py: 585.6715173721313s cumulative, 2.2267580032348633s individual

.
current test PASSED/SKIPPED -- test_freed_after_high_watermark_do_not_appear in /home/kaiyaok2/PythonProjects/memray/tests/integration/test_tracking.py: 587.5271351337433s cumulative, 1.8556177616119385s individual

.
current test PASSED/SKIPPED -- test_allocations_aggregation_on_different_lines in /home/kaiyaok2/PythonProjects/memray/tests/integration/test_tracking.py: 589.7163963317871s cumulative, 2.1892611980438232s individual

.
current test PASSED/SKIPPED -- test_simple_allocation_tracking in /home/kaiyaok2/PythonProjects/memray/tests/integration/test_tracking.py: 592.0053389072418s cumulative, 2.288942575454712s individual

.
current test PASSED/SKIPPED -- test_simple_allocation_tracking in /home/kaiyaok2/PythonProjects/memray/tests/integration/test_tracking.py: 594.4219677448273s cumulative, 2.416628837585449s individual

.
current test PASSED/SKIPPED -- test_pymalloc_allocation_tracking_deactivated in /home/kaiyaok2/PythonProjects/memray/tests/integration/test_tracking.py: 596.7458055019379s cumulative, 2.3238377571105957s individual

.
current test PASSED/SKIPPED -- test_simple_pymalloc_allocation_tracking in /home/kaiyaok2/PythonProjects/memray/tests/integration/test_tracking.py: 599.1256744861603s cumulative, 2.379868984222412s individual

.
current test PASSED/SKIPPED -- test_temporary_allocations_outside_buffer_are_not_detected in /home/kaiyaok2/PythonProjects/memray/tests/integration/test_tracking.py: 601.2533748149872s cumulative, 2.1277003288269043s individual

.
current test PASSED/SKIPPED -- test_simple_allocation_tracking in /home/kaiyaok2/PythonProjects/memray/tests/integration/test_tracking.py: 603.445098400116s cumulative, 2.191723585128784s individual

.
current test PASSED/SKIPPED -- test_pymalloc_allocation_tracking_deactivated in /home/kaiyaok2/PythonProjects/memray/tests/integration/test_tracking.py: 605.7531316280365s cumulative, 2.3080332279205322s individual


integration/test_main.py .
current test PASSED/SKIPPED -- test_run_file_that_is_not_python in /home/kaiyaok2/PythonProjects/memray/tests/integration/test_main.py: 606.0601797103882s cumulative, 0.30704808235168457s individual

.
current test PASSED/SKIPPED -- test_run_file_that_is_not_python in /home/kaiyaok2/PythonProjects/memray/tests/integration/test_main.py: 606.3465759754181s cumulative, 0.2863962650299072s individual

.
current test PASSED/SKIPPED -- test_run_output_file_directory_does_not_exist in /home/kaiyaok2/PythonProjects/memray/tests/integration/test_main.py: 606.5072786808014s cumulative, 0.16070270538330078s individual

.
current test PASSED/SKIPPED -- test_run_file_exists in /home/kaiyaok2/PythonProjects/memray/tests/integration/test_main.py: 606.599612236023s cumulative, 0.09233355522155762s individual


integration/test_native_tracking.py .
current test PASSED/SKIPPED -- test_hybrid_stack_in_pure_python in /home/kaiyaok2/PythonProjects/memray/tests/integration/test_native_tracking.py: 608.2416605949402s cumulative, 1.6420483589172363s individual


integration/test_main.py .
current test PASSED/SKIPPED -- test_report_both_temporary_allocation_arguments in /home/kaiyaok2/PythonProjects/memray/tests/integration/test_main.py: 613.5468001365662s cumulative, 5.305139541625977s individual

.
current test PASSED/SKIPPED -- test_json_generated_to_existing_known_file in /home/kaiyaok2/PythonProjects/memray/tests/integration/test_main.py: 620.4298965930939s cumulative, 6.88309645652771s individual

E
current test FAILED -- test_live_tracking in /home/kaiyaok2/PythonProjects/memray/tests/integration/test_main.py: 620.5040416717529s cumulative, 0.07414507865905762s individual

.
current test PASSED/SKIPPED -- test_live_tracking in /home/kaiyaok2/PythonProjects/memray/tests/integration/test_main.py: 631.9080135822296s cumulative, 11.403971910476685s individual


integration/test_socket.py E
current test FAILED -- test_multiple_context_entries_does_not_crash in /home/kaiyaok2/PythonProjects/memray/tests/integration/test_socket.py: 631.9335887432098s cumulative, 0.02557516098022461s individual


integration/test_native_tracking.py .
current test PASSED/SKIPPED -- test_deep_call_chain_with_native_tracking in /home/kaiyaok2/PythonProjects/memray/tests/integration/test_native_tracking.py: 638.5455570220947s cumulative, 6.611968278884888s individual


unit/test_tree_reporter.py .
current test PASSED/SKIPPED -- test_basic_node_selected_leaf in /home/kaiyaok2/PythonProjects/memray/tests/unit/test_tree_reporter.py: 644.0620365142822s cumulative, 5.5164794921875s individual


integration/test_extensions.py .
current test PASSED/SKIPPED -- test_native_dlopen in /home/kaiyaok2/PythonProjects/memray/tests/integration/test_extensions.py: 652.6384077072144s cumulative, 8.576371192932129s individual


unit/test_tree_reporter.py .
current test PASSED/SKIPPED -- test_basic in /home/kaiyaok2/PythonProjects/memray/tests/unit/test_tree_reporter.py: 654.9831793308258s cumulative, 2.34477162361145s individual


integration/test_main.py .
current test PASSED/SKIPPED -- test_report_detects_missing_input in /home/kaiyaok2/PythonProjects/memray/tests/integration/test_main.py: 657.3840010166168s cumulative, 2.4008216857910156s individual


unit/test_highwatermark_command.py .
current test PASSED/SKIPPED -- test_uses_output_name_as_given in /home/kaiyaok2/PythonProjects/memray/tests/unit/test_highwatermark_command.py: 657.4448494911194s cumulative, 0.06084847450256348s individual

.
current test PASSED/SKIPPED -- test_succeeds_when_fallback_output_exists_but_can_overwrite in /home/kaiyaok2/PythonProjects/memray/tests/unit/test_highwatermark_command.py: 657.5024003982544s cumulative, 0.057550907135009766s individual

.
current test PASSED/SKIPPED -- test_fails_when_results_does_not_exist in /home/kaiyaok2/PythonProjects/memray/tests/unit/test_highwatermark_command.py: 657.560868024826s cumulative, 0.05846762657165527s individual

.
current test PASSED/SKIPPED -- test_succeeds_when_given_output_exists_but_can_overwrite in /home/kaiyaok2/PythonProjects/memray/tests/unit/test_highwatermark_command.py: 657.6081182956696s cumulative, 0.04725027084350586s individual

.
current test PASSED/SKIPPED -- test_fails_when_fallback_output_exists in /home/kaiyaok2/PythonProjects/memray/tests/unit/test_highwatermark_command.py: 657.71426820755s cumulative, 0.10614991188049316s individual

.
current test PASSED/SKIPPED -- test_fails_when_given_output_exists in /home/kaiyaok2/PythonProjects/memray/tests/unit/test_highwatermark_command.py: 657.7555406093597s cumulative, 0.04127240180969238s individual

.
current test PASSED/SKIPPED -- test_uses_determine_output_filename_when_output_is_none in /home/kaiyaok2/PythonProjects/memray/tests/unit/test_highwatermark_command.py: 657.7873845100403s cumulative, 0.03184390068054199s individual

.
current test PASSED/SKIPPED -- test_generates_output_name_when_none in /home/kaiyaok2/PythonProjects/memray/tests/unit/test_highwatermark_command.py: 657.8390083312988s cumulative, 0.05162382125854492s individual


integration/test_main.py .
current test PASSED/SKIPPED -- test_sys_manipulations_when_running_cmd in /home/kaiyaok2/PythonProjects/memray/tests/integration/test_main.py: 660.6042490005493s cumulative, 2.7652406692504883s individual

.
current test PASSED/SKIPPED -- test_live_tracking_waits_for_client in /home/kaiyaok2/PythonProjects/memray/tests/integration/test_main.py: 663.049795627594s cumulative, 2.4455466270446777s individual


integration/test_tracing.py .
current test PASSED/SKIPPED -- test_cython_traceback in /home/kaiyaok2/PythonProjects/memray/tests/integration/test_tracing.py: 665.530515909195s cumulative, 2.480720281600952s individual


unit/test_table_reporter.py .
current test PASSED/SKIPPED -- test_multiple_allocations in /home/kaiyaok2/PythonProjects/memray/tests/unit/test_table_reporter.py: 665.5695538520813s cumulative, 0.03903794288635254s individual

.
current test PASSED/SKIPPED -- test_empty_report in /home/kaiyaok2/PythonProjects/memray/tests/unit/test_table_reporter.py: 665.6042943000793s cumulative, 0.034740447998046875s individual

.
current test PASSED/SKIPPED -- test_empty_stack_trace in /home/kaiyaok2/PythonProjects/memray/tests/unit/test_table_reporter.py: 665.6488795280457s cumulative, 0.044585227966308594s individual

.
current test PASSED/SKIPPED -- test_single_native_allocation in /home/kaiyaok2/PythonProjects/memray/tests/unit/test_table_reporter.py: 665.6928901672363s cumulative, 0.04401063919067383s individual

.
current test PASSED/SKIPPED -- test_single_allocation in /home/kaiyaok2/PythonProjects/memray/tests/unit/test_table_reporter.py: 665.7265427112579s cumulative, 0.033652544021606445s individual


integration/test_tracking.py .
current test PASSED/SKIPPED -- test_freed_after_high_watermark_do_not_appear in /home/kaiyaok2/PythonProjects/memray/tests/integration/test_tracking.py: 667.6687819957733s cumulative, 1.9422392845153809s individual

.
current test PASSED/SKIPPED -- test_aggregation_same_python_stack_but_different_native_stack in /home/kaiyaok2/PythonProjects/memray/tests/integration/test_tracking.py: 669.5742137432098s cumulative, 1.9054317474365234s individual

.
current test PASSED/SKIPPED -- test_partial_munmap_split_in_middle in /home/kaiyaok2/PythonProjects/memray/tests/integration/test_tracking.py: 671.390960931778s cumulative, 1.8167471885681152s individual

.
current test PASSED/SKIPPED -- test_freed_before_high_watermark_do_not_appear in /home/kaiyaok2/PythonProjects/memray/tests/integration/test_tracking.py: 673.3496913909912s cumulative, 1.9587304592132568s individual

.
current test PASSED/SKIPPED -- test_simple_pymalloc_allocation_tracking in /home/kaiyaok2/PythonProjects/memray/tests/integration/test_tracking.py: 675.1876273155212s cumulative, 1.8379359245300293s individual

.
current test PASSED/SKIPPED -- test_temporary_allocations_that_happen_in_different_lines in /home/kaiyaok2/PythonProjects/memray/tests/integration/test_tracking.py: 676.9890625476837s cumulative, 1.8014352321624756s individual

.
current test PASSED/SKIPPED -- test_pymalloc_allocation_tracking_deactivated in /home/kaiyaok2/PythonProjects/memray/tests/integration/test_tracking.py: 679.0169386863708s cumulative, 2.027876138687134s individual


integration/test_ipython.py .
current test PASSED/SKIPPED -- test_passing_help_argument in /home/kaiyaok2/PythonProjects/memray/tests/integration/test_ipython.py: 679.2837100028992s cumulative, 0.2667713165283203s individual

.
current test PASSED/SKIPPED -- test_passing_invalid_argument in /home/kaiyaok2/PythonProjects/memray/tests/integration/test_ipython.py: 679.4769825935364s cumulative, 0.19327259063720703s individual


integration/test_main.py .
current test PASSED/SKIPPED -- test_temporary_allocations_tree in /home/kaiyaok2/PythonProjects/memray/tests/integration/test_main.py: 686.3178369998932s cumulative, 6.8408544063568115s individual

.
current test PASSED/SKIPPED -- test_report_both_temporary_allocation_arguments in /home/kaiyaok2/PythonProjects/memray/tests/integration/test_main.py: 690.9592900276184s cumulative, 4.64145302772522s individual

.
current test PASSED/SKIPPED -- test_report_both_temporary_allocation_arguments in /home/kaiyaok2/PythonProjects/memray/tests/integration/test_main.py: 694.6636414527893s cumulative, 3.7043514251708984s individual

.
current test PASSED/SKIPPED -- test_report_temporary_allocations_argument in /home/kaiyaok2/PythonProjects/memray/tests/integration/test_main.py: 702.3837099075317s cumulative, 7.720068454742432s individual

.
current test PASSED/SKIPPED -- test_report_both_temporary_allocation_arguments in /home/kaiyaok2/PythonProjects/memray/tests/integration/test_main.py: 709.3302936553955s cumulative, 6.9465837478637695s individual

.
current test PASSED/SKIPPED -- test_report_leaks_argument in /home/kaiyaok2/PythonProjects/memray/tests/integration/test_main.py: 717.8534471988678s cumulative, 8.52315354347229s individual

.
current test PASSED/SKIPPED -- test_report_leaks_argument in /home/kaiyaok2/PythonProjects/memray/tests/integration/test_main.py: 726.1231062412262s cumulative, 8.269659042358398s individual


unit/test_stats_reporter.py .
current test PASSED/SKIPPED -- test_stats_output in /home/kaiyaok2/PythonProjects/memray/tests/unit/test_stats_reporter.py: 726.1898047924042s cumulative, 0.06669855117797852s individual


integration/test_greenlet.py .
current test PASSED/SKIPPED -- test_importing_greenlet_after_tracking_starts in /home/kaiyaok2/PythonProjects/memray/tests/integration/test_greenlet.py: 727.5050890445709s cumulative, 1.315284252166748s individual


unit/test_frame_tools.py .
current test PASSED/SKIPPED -- test_is_frame_from_import_system in /home/kaiyaok2/PythonProjects/memray/tests/unit/test_frame_tools.py: 727.5332505702972s cumulative, 0.02816152572631836s individual

.
current test PASSED/SKIPPED -- test_frame_interesting in /home/kaiyaok2/PythonProjects/memray/tests/unit/test_frame_tools.py: 727.5596690177917s cumulative, 0.026418447494506836s individual

.
current test PASSED/SKIPPED -- test_is_frame_from_import_system in /home/kaiyaok2/PythonProjects/memray/tests/unit/test_frame_tools.py: 727.587242603302s cumulative, 0.027573585510253906s individual

.
current test PASSED/SKIPPED -- test_frame_interesting in /home/kaiyaok2/PythonProjects/memray/tests/unit/test_frame_tools.py: 727.6186511516571s cumulative, 0.03140854835510254s individual

.
current test PASSED/SKIPPED -- test_frame_interesting in /home/kaiyaok2/PythonProjects/memray/tests/unit/test_frame_tools.py: 727.636328458786s cumulative, 0.01767730712890625s individual

.
current test PASSED/SKIPPED -- test_is_frame_from_import_system in /home/kaiyaok2/PythonProjects/memray/tests/unit/test_frame_tools.py: 727.6601333618164s cumulative, 0.023804903030395508s individual

.
current test PASSED/SKIPPED -- test_is_frame_from_import_system in /home/kaiyaok2/PythonProjects/memray/tests/unit/test_frame_tools.py: 727.6842951774597s cumulative, 0.024161815643310547s individual

.
current test PASSED/SKIPPED -- test_is_frame_from_import_system in /home/kaiyaok2/PythonProjects/memray/tests/unit/test_frame_tools.py: 727.7045176029205s cumulative, 0.02022242546081543s individual

.
current test PASSED/SKIPPED -- test_cpython_internal_calls in /home/kaiyaok2/PythonProjects/memray/tests/unit/test_frame_tools.py: 727.7254710197449s cumulative, 0.02095341682434082s individual

.
current test PASSED/SKIPPED -- test_is_frame_from_import_system in /home/kaiyaok2/PythonProjects/memray/tests/unit/test_frame_tools.py: 727.7476062774658s cumulative, 0.022135257720947266s individual

.
current test PASSED/SKIPPED -- test_cpython_internal_calls in /home/kaiyaok2/PythonProjects/memray/tests/unit/test_frame_tools.py: 727.7735276222229s cumulative, 0.025921344757080078s individual

.
current test PASSED/SKIPPED -- test_is_frame_from_import_system in /home/kaiyaok2/PythonProjects/memray/tests/unit/test_frame_tools.py: 727.8007843494415s cumulative, 0.02725672721862793s individual

.
current test PASSED/SKIPPED -- test_frame_interesting in /home/kaiyaok2/PythonProjects/memray/tests/unit/test_frame_tools.py: 727.8239705562592s cumulative, 0.023186206817626953s individual

.
current test PASSED/SKIPPED -- test_cpython_internal_calls in /home/kaiyaok2/PythonProjects/memray/tests/unit/test_frame_tools.py: 727.8570528030396s cumulative, 0.03308224678039551s individual

.
current test PASSED/SKIPPED -- test_is_frame_from_import_system in /home/kaiyaok2/PythonProjects/memray/tests/unit/test_frame_tools.py: 727.8760764598846s cumulative, 0.019023656845092773s individual

.
current test PASSED/SKIPPED -- test_is_frame_from_import_system in /home/kaiyaok2/PythonProjects/memray/tests/unit/test_frame_tools.py: 727.8973889350891s cumulative, 0.021312475204467773s individual

.
current test PASSED/SKIPPED -- test_is_frame_from_import_system in /home/kaiyaok2/PythonProjects/memray/tests/unit/test_frame_tools.py: 727.9240443706512s cumulative, 0.02665543556213379s individual

.
current test PASSED/SKIPPED -- test_is_frame_from_import_system in /home/kaiyaok2/PythonProjects/memray/tests/unit/test_frame_tools.py: 727.9569387435913s cumulative, 0.03289437294006348s individual

.
current test PASSED/SKIPPED -- test_is_frame_from_import_system in /home/kaiyaok2/PythonProjects/memray/tests/unit/test_frame_tools.py: 727.9840130805969s cumulative, 0.027074337005615234s individual

.
current test PASSED/SKIPPED -- test_frame_interesting in /home/kaiyaok2/PythonProjects/memray/tests/unit/test_frame_tools.py: 728.0172333717346s cumulative, 0.03322029113769531s individual

.
current test PASSED/SKIPPED -- test_cpython_internal_calls in /home/kaiyaok2/PythonProjects/memray/tests/unit/test_frame_tools.py: 728.0515794754028s cumulative, 0.03434610366821289s individual

.
current test PASSED/SKIPPED -- test_cpython_internal_calls in /home/kaiyaok2/PythonProjects/memray/tests/unit/test_frame_tools.py: 728.0844054222107s cumulative, 0.03282594680786133s individual

.
current test PASSED/SKIPPED -- test_cpython_internal_calls in /home/kaiyaok2/PythonProjects/memray/tests/unit/test_frame_tools.py: 728.112550497055s cumulative, 0.02814507484436035s individual

.
current test PASSED/SKIPPED -- test_is_frame_from_import_system in /home/kaiyaok2/PythonProjects/memray/tests/unit/test_frame_tools.py: 728.1406149864197s cumulative, 0.028064489364624023s individual

.
current test PASSED/SKIPPED -- test_cpython_internal_calls in /home/kaiyaok2/PythonProjects/memray/tests/unit/test_frame_tools.py: 728.1704454421997s cumulative, 0.029830455780029297s individual


integration/test_tracking.py .
current test PASSED/SKIPPED -- test_get_header in /home/kaiyaok2/PythonProjects/memray/tests/integration/test_tracking.py: 730.1361134052277s cumulative, 1.965667963027954s individual


integration/test_main.py .
current test PASSED/SKIPPED -- test_run_overwrite_output_file in /home/kaiyaok2/PythonProjects/memray/tests/integration/test_main.py: 733.0526006221771s cumulative, 2.916487216949463s individual

['MEMORY_SNAPSHOT time=1705808176892 rss=988381184 heap=0', 'MEMORY_SNAPSHOT time=1705808176903 rss=988381184 heap=0', 'MEMORY_SNAPSHOT time=1705808176914 rss=988381184 heap=0', 'MEMORY_SNAPSHOT time=1705808176924 rss=988381184 heap=0', 'MEMORY_SNAPSHOT time=1705808176935 rss=988381184 heap=0', 'MEMORY_SNAPSHOT time=1705808176945 rss=988381184 heap=0', 'MEMORY_SNAPSHOT time=1705808176955 rss=988381184 heap=0', 'MEMORY_SNAPSHOT time=1705808176965 rss=988381184 heap=0', 'MEMORY_SNAPSHOT time=1705808176976 rss=988381184 heap=0', 'MEMORY_SNAPSHOT time=1705808176986 rss=988381184 heap=0', 'MEMORY_SNAPSHOT time=1705808176996 rss=988381184 heap=0', 'MEMORY_SNAPSHOT time=1705808177007 rss=988381184 heap=0', 'MEMORY_SNAPSHOT time=1705808177017 rss=988381184 heap=0', 'MEMORY_SNAPSHOT time=1705808177027 rss=988381184 heap=0', 'MEMORY_SNAPSHOT time=1705808177037 rss=988381184 heap=0', 'MEMORY_SNAPSHOT time=1705808177048 rss=988381184 heap=0', 'MEMORY_SNAPSHOT time=1705808177058 rss=988381184 heap=0', 'MEMORY_SNAPSHOT time=1705808177068 rss=988381184 heap=0', 'MEMORY_SNAPSHOT time=1705808177079 rss=988381184 heap=0', 'MEMORY_SNAPSHOT time=1705808177089 rss=988381184 heap=0', 'MEMORY_SNAPSHOT time=1705808177099 rss=988381184 heap=0', 'MEMORY_SNAPSHOT time=1705808177110 rss=988381184 heap=0', 'MEMORY_SNAPSHOT time=1705808177120 rss=988381184 heap=0', 'MEMORY_SNAPSHOT time=1705808177130 rss=988381184 heap=0', 'MEMORY_SNAPSHOT time=1705808177140 rss=988381184 heap=0', 'MEMORY_SNAPSHOT time=1705808177150 rss=988381184 heap=0', 'MEMORY_SNAPSHOT time=1705808177161 rss=988381184 heap=0', 'MEMORY_SNAPSHOT time=1705808177171 rss=988381184 heap=0', 'MEMORY_SNAPSHOT time=1705808177181 rss=988381184 heap=0', 'MEMORY_SNAPSHOT time=1705808177191 rss=988381184 heap=0', 'MEMORY_SNAPSHOT time=1705808177202 rss=988381184 heap=0', 'MEMORY_SNAPSHOT time=1705808177213 rss=988381184 heap=0', 'MEMORY_SNAPSHOT time=1705808177223 rss=988381184 heap=0', 'MEMORY_SNAPSHOT time=1705808177233 rss=988381184 heap=0', 'MEMORY_SNAPSHOT time=1705808177245 rss=988381184 heap=0', 'MEMORY_SNAPSHOT time=1705808177256 rss=988381184 heap=0', 'MEMORY_SNAPSHOT time=1705808177266 rss=988381184 heap=0', 'MEMORY_SNAPSHOT time=1705808177277 rss=988381184 heap=0', 'MEMORY_SNAPSHOT time=1705808177288 rss=988381184 heap=0', 'MEMORY_SNAPSHOT time=1705808177298 rss=988381184 heap=0', 'MEMORY_SNAPSHOT time=1705808177308 rss=988381184 heap=0', 'MEMORY_SNAPSHOT time=1705808177319 rss=988381184 heap=0', 'MEMORY_SNAPSHOT time=1705808177330 rss=988381184 heap=0', 'MEMORY_SNAPSHOT time=1705808177343 rss=988381184 heap=0', 'MEMORY_SNAPSHOT time=1705808177354 rss=988381184 heap=0', 'MEMORY_SNAPSHOT time=1705808177364 rss=988381184 heap=0', 'MEMORY_SNAPSHOT time=1705808177375 rss=988381184 heap=0', 'MEMORY_SNAPSHOT time=1705808177385 rss=988381184 heap=0', 'MEMORY_SNAPSHOT time=1705808177395 rss=988381184 heap=0', 'MEMORY_SNAPSHOT time=1705808177405 rss=988381184 heap=0', 'MEMORY_SNAPSHOT time=1705808177416 rss=988381184 heap=0', 'MEMORY_SNAPSHOT time=1705808177426 rss=988381184 heap=0', 'MEMORY_SNAPSHOT time=1705808177436 rss=988381184 heap=0', 'MEMORY_SNAPSHOT time=1705808177446 rss=988381184 heap=0', 'MEMORY_SNAPSHOT time=1705808177457 rss=988381184 heap=0', 'MEMORY_SNAPSHOT time=1705808177467 rss=988381184 heap=0', 'MEMORY_SNAPSHOT time=1705808177477 rss=988381184 heap=0', 'MEMORY_SNAPSHOT time=1705808177487 rss=988381184 heap=0', 'MEMORY_SNAPSHOT time=1705808177498 rss=988381184 heap=0', 'MEMORY_SNAPSHOT time=1705808177508 rss=988381184 heap=0', 'MEMORY_SNAPSHOT time=1705808177518 rss=988381184 heap=0', 'MEMORY_SNAPSHOT time=1705808177529 rss=988381184 heap=0', 'MEMORY_SNAPSHOT time=1705808177539 rss=988381184 heap=0', 'MEMORY_SNAPSHOT time=1705808177549 rss=988381184 heap=0', 'MEMORY_SNAPSHOT time=1705808177559 rss=988381184 heap=0', 'MEMORY_SNAPSHOT time=1705808177570 rss=988381184 heap=0', 'MEMORY_SNAPSHOT time=1705808177580 rss=988381184 heap=0', 'MEMORY_SNAPSHOT time=1705808177591 rss=988381184 heap=0', 'MEMORY_SNAPSHOT time=1705808177601 rss=988381184 heap=0', 'MEMORY_SNAPSHOT time=1705808177611 rss=988381184 heap=0', 'MEMORY_SNAPSHOT time=1705808177622 rss=988381184 heap=0', 'MEMORY_SNAPSHOT time=1705808177632 rss=988381184 heap=0', 'MEMORY_SNAPSHOT time=1705808177642 rss=988381184 heap=0', 'MEMORY_SNAPSHOT time=1705808177653 rss=988381184 heap=0', 'MEMORY_SNAPSHOT time=1705808177663 rss=988381184 heap=0', 'MEMORY_SNAPSHOT time=1705808177674 rss=988381184 heap=0', 'MEMORY_SNAPSHOT time=1705808177684 rss=988381184 heap=0', 'MEMORY_SNAPSHOT time=1705808177694 rss=988381184 heap=0', 'MEMORY_SNAPSHOT time=1705808177704 rss=988381184 heap=0', 'MEMORY_SNAPSHOT time=1705808177715 rss=988381184 heap=0', 'MEMORY_SNAPSHOT time=1705808177725 rss=988381184 heap=0', 'MEMORY_SNAPSHOT time=1705808177735 rss=988381184 heap=0', 'MEMORY_SNAPSHOT time=1705808177745 rss=988381184 heap=0', 'MEMORY_SNAPSHOT time=1705808177756 rss=988381184 heap=0', 'MEMORY_SNAPSHOT time=1705808177766 rss=988381184 heap=0', 'MEMORY_SNAPSHOT time=1705808177776 rss=988381184 heap=0', 'MEMORY_SNAPSHOT time=1705808177786 rss=988381184 heap=0', 'MEMORY_SNAPSHOT time=1705808177796 rss=988381184 heap=0', 'MEMORY_SNAPSHOT time=1705808177807 rss=988381184 heap=0', 'MEMORY_SNAPSHOT time=1705808177817 rss=988381184 heap=0', 'MEMORY_SNAPSHOT time=1705808177827 rss=988381184 heap=0', 'MEMORY_SNAPSHOT time=1705808177838 rss=988381184 heap=0', 'MEMORY_SNAPSHOT time=1705808177848 rss=988381184 heap=0', 'MEMORY_SNAPSHOT time=1705808177858 rss=988381184 heap=0', 'MEMORY_SNAPSHOT time=1705808177868 rss=988381184 heap=0', 'MEMORY_SNAPSHOT time=1705808177879 rss=988381184 heap=0', 'MEMORY_SNAPSHOT time=1705808177889 rss=988381184 heap=0', 'MEMORY_SNAPSHOT time=1705808177899 rss=988381184 heap=0', 'MEMORY_SNAPSHOT time=1705808177910 rss=988381184 heap=0', 'MEMORY_SNAPSHOT time=1705808177920 rss=988381184 heap=0', 'MEMORY_SNAPSHOT time=1705808177930 rss=988381184 heap=0', 'MEMORY_SNAPSHOT time=1705808177941 rss=988381184 heap=0', 'MEMORY_SNAPSHOT time=1705808177951 rss=988381184 heap=0', 'MEMORY_SNAPSHOT time=1705808177961 rss=988381184 heap=0', 'MEMORY_SNAPSHOT time=1705808177971 rss=988381184 heap=0', 'MEMORY_SNAPSHOT time=1705808177981 rss=988381184 heap=0', 'MEMORY_SNAPSHOT time=1705808177992 rss=988381184 heap=0', 'MEMORY_SNAPSHOT time=1705808178002 rss=988381184 heap=0', 'MEMORY_SNAPSHOT time=1705808178012 rss=988381184 heap=0', 'CONTEXT_SWITCH tid=1', 'THREAD_RECORD main', 'MEMORY_MAP_START', 'SEGMENT_HEADER filename=/usr/bin/python3.10 num_segments=4 addr=0x563ef2b7b000', 'SEGMENT (nil) 6c228', 'SEGMENT 0x6d000 2af2fd', 'SEGMENT 0x31d000 23e548', 'SEGMENT 0x55c830 8b6a8', 'SEGMENT_HEADER filename=/lib/x86_64-linux-gnu/libm.so.6 num_segments=4 addr=0x7fa11d387000', 'SEGMENT (nil) d2e0', 'SEGMENT 0xe000 7b8d5', 'SEGMENT 0x8a000 5a7e4', 'SEGMENT 0xe5d80 388', 'SEGMENT_HEADER filename=/lib/x86_64-linux-gnu/libexpat.so.1 num_segments=4 addr=0x7fa11d356000', 'SEGMENT (nil) 3288', 'SEGMENT 0x4000 1e5b5', 'SEGMENT 0x23000 9c0c', 'SEGMENT 0x2e590 1b28', 'SEGMENT_HEADER filename=/lib/x86_64-linux-gnu/libz.so.1 num_segments=4 addr=0x7fa11d33a000', 'SEGMENT (nil) 1f38', 'SEGMENT 0x2000 10c21', 'SEGMENT 0x13000 5e74', 'SEGMENT 0x1ac90 428', 'SEGMENT_HEADER filename=/lib/x86_64-linux-gnu/libc.so.6 num_segments=4 addr=0x7fa11d111000', 'SEGMENT (nil) 27fe0', 'SEGMENT 0x28000 194341', 'SEGMENT 0x1bd000 57924', 'SEGMENT 0x2168f0 12560', 'SEGMENT_HEADER filename=/lib64/ld-linux-x86-64.so.2 num_segments=4 addr=0x7fa11d477000', 'SEGMENT (nil) 1b50', 'SEGMENT 0x2000 29315', 'SEGMENT 0x2c000 af34', 'SEGMENT 0x38620 2cb8', 'SEGMENT_HEADER filename=/usr/lib/python3.10/lib-dynload/_opcode.cpython-310-x86_64-linux-gnu.so num_segments=4 addr=0x7fa11cbbf000', 'SEGMENT (nil) 8d8', 'SEGMENT 0x1000 43d', 'SEGMENT 0x2000 2a4', 'SEGMENT 0x3e10 360', 'SEGMENT_HEADER filename=/usr/lib/python3.10/lib-dynload/_bz2.cpython-310-x86_64-linux-gnu.so num_segments=4 addr=0x7fa11cbb6000', 'SEGMENT (nil) 1618', 'SEGMENT 0x2000 2219', 'SEGMENT 0x5000 128c', 'SEGMENT 0x7db0 748', 'SEGMENT_HEADER filename=/lib/x86_64-linux-gnu/libbz2.so.1.0 num_segments=4 addr=0x7fa11c843000', 'SEGMENT (nil) 1248', 'SEGMENT 0x2000 c571', 'SEGMENT 0xf000 15e8', 'SEGMENT 0x11c90 f98', 'SEGMENT_HEADER filename=/usr/lib/python3.10/lib-dynload/_lzma.cpython-310-x86_64-linux-gnu.so num_segments=4 addr=0x7fa11cbaa000', 'SEGMENT (nil) 2208', 'SEGMENT 0x3000 38f1', 'SEGMENT 0x7000 243c', 'SEGMENT 0xad70 ac8', 'SEGMENT_HEADER filename=/lib/x86_64-linux-gnu/liblzma.so.5 num_segments=4 addr=0x7fa11c818000', 'SEGMENT (nil) 27b0', 'SEGMENT 0x3000 1a0ed', 'SEGMENT 0x1e000 a84c', 'SEGMENT 0x29ab0 658', 'SEGMENT_HEADER filename=/usr/lib/python3.10/lib-dynload/_uuid.cpython-310-x86_64-linux-gnu.so num_segments=4 addr=0x7fa11cba5000', 'SEGMENT (nil) 738', 'SEGMENT 0x1000 239', 'SEGMENT 0x2000 12c', 'SEGMENT 0x3e00 330', 'SEGMENT_HEADER filename=/lib/x86_64-linux-gnu/libuuid.so.1 num_segments=4 addr=0x7fa11c608000', 'SEGMENT (nil) 1450', 'SEGMENT 0x2000 3d76', 'SEGMENT 0x6000 880', 'SEGMENT 0x7c70 3b8', 'SEGMENT_HEADER filename=/usr/lib/python3.10/lib-dynload/_json.cpython-310-x86_64-linux-gnu.so num_segments=4 addr=0x7fa11c992000', 'SEGMENT (nil) 1f30', 'SEGMENT 0x2000 6695', 'SEGMENT 0x9000 1454', 'SEGMENT 0xbdf8 a78', 'SEGMENT_HEADER filename=/usr/lib/python3.10/lib-dynload/_decimal.cpython-310-x86_64-linux-gnu.so num_segments=4 addr=0x7fa11c965000', 'SEGMENT (nil) 74f8', 'SEGMENT 0x8000 140d1', 'SEGMENT 0x1d000 b130', 'SEGMENT 0x29d18 2d38', 'SEGMENT_HEADER filename=/lib/x86_64-linux-gnu/libmpdec.so.3 num_segments=4 addr=0x7fa11c348000', 'SEGMENT (nil) 4f80', 'SEGMENT 0x5000 203f5', 'SEGMENT 0x26000 690c', 'SEGMENT 0x2dc10 618', 'SEGMENT_HEADER filename=/usr/lib/python3.10/lib-dynload/_hashlib.cpython-310-x86_64-linux-gnu.so num_segments=4 addr=0x7fa11c037000', 'SEGMENT (nil) 3998', 'SEGMENT 0x4000 5fd9', 'SEGMENT 0xa000 3708', 'SEGMENT 0xe7f0 1880', 'SEGMENT_HEADER filename=/lib/x86_64-linux-gnu/libcrypto.so.3 num_segments=4 addr=0x7fa11bbf4000', 'SEGMENT (nil) b1c28', 'SEGMENT 0xb2000 25de31', 'SEGMENT 0x310000 d1770', 'SEGMENT 0x3e2ff0 5f4d0', 'SEGMENT_HEADER filename=/usr/lib/python3.10/lib-dynload/_sqlite3.cpython-310-x86_64-linux-gnu.so num_segments=4 addr=0x7fa11bbd8000', 'SEGMENT (nil) 55e8', 'SEGMENT 0x6000 d155', 'SEGMENT 0x14000 49a4', 'SEGMENT 0x19bd0 1d78', 'SEGMENT_HEADER filename=/lib/x86_64-linux-gnu/libsqlite3.so.0 num_segments=4 addr=0x7fa11ba8b000', 'SEGMENT (nil) 1d7d8', 'SEGMENT 0x1e000 eb4dd', 'SEGMENT 0x10a000 3a3ec', 'SEGMENT 0x145ed0 6ae8', 'SEGMENT_HEADER filename=/home/kaiyaok2/.local/lib/python3.10/site-packages/coverage/tracer.cpython-310-x86_64-linux-gnu.so num_segments=4 addr=0x7fa11c95e000', 'SEGMENT (nil) 1970', 'SEGMENT 0x2000 19c1', 'SEGMENT 0x4000 8a4', 'SEGMENT 0x5d50 c18', 'SEGMENT_HEADER filename=/lib/x86_64-linux-gnu/libpthread.so.0 num_segments=4 addr=0x7fa11cba0000', 'SEGMENT (nil) aa8', 'SEGMENT 0x1000 115', 'SEGMENT 0x2000 188', 'SEGMENT 0x3e00 228', 'SEGMENT_HEADER filename=/home/kaiyaok2/.local/lib/python3.10/site-packages/numpy/core/_multiarray_umath.cpython-310-x86_64-linux-gnu.so num_segments=6 addr=0x7fa11b414000', 'SEGMENT (nil) 27f28', 'SEGMENT 0x28000 3f9045', 'SEGMENT 0x422000 107608', 'SEGMENT 0x52b2f0 43d18', 'SEGMENT 0x570000 38e0', 'SEGMENT 0x574000 2ff0', 'SEGMENT_HEADER filename=/home/kaiyaok2/.local/lib/python3.10/site-packages/numpy/core/../../numpy.libs/libopenblas64_p-r0-742d56dc.3.20.so num_segments=4 addr=0x7fa119200000', 'SEGMENT (nil) 1d98558', 'SEGMENT 0x1f98700 2af28', 'SEGMENT 0x1fc4000 5d188', 'SEGMENT 0x2022000 43938', 'SEGMENT_HEADER filename=/home/kaiyaok2/.local/lib/python3.10/site-packages/numpy/core/../../numpy.libs/libgfortran-040039e1.so.5.0.0 num_segments=4 addr=0x7fa118c00000', 'SEGMENT (nil) 2752ec', 'SEGMENT 0x475310 2160', 'SEGMENT 0x478000 b5f0', 'SEGMENT 0x484000 8c70', 'SEGMENT_HEADER filename=/home/kaiyaok2/.local/lib/python3.10/site-packages/numpy/core/../../numpy.libs/libquadmath-96973f99.so.0.0.0 num_segments=3 addr=0x7fa118800000', 'SEGMENT (nil) 3a4cc', 'SEGMENT 0x23ada0 6f0', 'SEGMENT 0x23c000 738', 'SEGMENT_HEADER filename=/lib/x86_64-linux-gnu/libgcc_s.so.1 num_segments=4 addr=0x7fa11b3f4000', 'SEGMENT (nil) 2d08', 'SEGMENT 0x3000 16815', 'SEGMENT 0x1a000 32c4', 'SEGMENT 0x1edc8 520', 'SEGMENT_HEADER filename=/home/kaiyaok2/.local/lib/python3.10/site-packages/numpy/core/_multiarray_tests.cpython-310-x86_64-linux-gnu.so num_segments=4 addr=0x7fa11b2cb000', 'SEGMENT (nil) 7f60', 'SEGMENT 0x8000 165c5', 'SEGMENT 0x1f000 5fc8', 'SEGMENT 0x26d50 18a0', 'SEGMENT_HEADER filename=/usr/lib/python3.10/lib-dynload/_ctypes.cpython-310-x86_64-linux-gnu.so num_segments=4 addr=0x7fa11b2aa000', 'SEGMENT (nil) 5ee0', 'SEGMENT 0x6000 fbb9', 'SEGMENT 0x16000 585c', 'SEGMENT 0x1cd58 3ec8', 'SEGMENT_HEADER filename=/lib/x86_64-linux-gnu/libffi.so.8 num_segments=4 addr=0x7fa11b29d000', 'SEGMENT (nil) 1880', 'SEGMENT 0x2000 63a1', 'SEGMENT 0x9000 fc8', 'SEGMENT 0xbc90 9a0', 'SEGMENT_HEADER filename=/home/kaiyaok2/.local/lib/python3.10/site-packages/numpy/linalg/_umath_linalg.cpython-310-x86_64-linux-gnu.so num_segments=6 addr=0x7fa11c5d2000', 'SEGMENT (nil) 7da0', 'SEGMENT 0x8000 20955', 'SEGMENT 0x29000 56f8', 'SEGMENT 0x2fd18 1538', 'SEGMENT 0x32000 1e18', 'SEGMENT 0x34000 1660', 'SEGMENT_HEADER filename=/home/kaiyaok2/.local/lib/python3.10/site-packages/numpy/fft/_pocketfft_internal.cpython-310-x86_64-linux-gnu.so num_segments=4 addr=0x7fa11c5ba000', 'SEGMENT (nil) b20', 'SEGMENT 0x1000 12a09', 'SEGMENT 0x14000 145c', 'SEGMENT 0x16dd8 3b8', 'SEGMENT_HEADER filename=/home/kaiyaok2/.local/lib/python3.10/site-packages/numpy/random/mtrand.cpython-310-x86_64-linux-gnu.so num_segments=4 addr=0x7fa0dee35000', 'SEGMENT (nil) e348', 'SEGMENT 0xf000 4c6e5', 'SEGMENT 0x5c000 2d798', 'SEGMENT 0x8abf8 28690', 'SEGMENT_HEADER filename=/home/kaiyaok2/.local/lib/python3.10/site-packages/numpy/random/bit_generator.cpython-310-x86_64-linux-gnu.so num_segments=4 addr=0x7fa11c58b000', 'SEGMENT (nil) 5b40', 'SEGMENT 0x6000 1a759', 'SEGMENT 0x21000 722c', 'SEGMENT 0x29ce0 4f88', 'SEGMENT_HEADER filename=/home/kaiyaok2/.local/lib/python3.10/site-packages/numpy/random/_common.cpython-310-x86_64-linux-gnu.so num_segments=4 addr=0x7fa1190c0000', 'SEGMENT (nil) 4870', 'SEGMENT 0x5000 322e1', 'SEGMENT 0x38000 3aec', 'SEGMENT 0x3ccc8 2dc0', 'SEGMENT_HEADER filename=/home/kaiyaok2/.local/lib/python3.10/site-packages/numpy/random/_bounded_integers.cpython-310-x86_64-linux-gnu.so num_segments=4 addr=0x7fa118a63000', 'SEGMENT (nil) 72c0', 'SEGMENT 0x8000 45995', 'SEGMENT 0x4e000 9570', 'SEGMENT 0x58d28 25c8', 'SEGMENT_HEADER filename=/home/kaiyaok2/.local/lib/python3.10/site-packages/numpy/random/_mt19937.cpython-310-x86_64-linux-gnu.so num_segments=4 addr=0x7fa11b283000', 'SEGMENT (nil) 3420', 'SEGMENT 0x4000 da8d', 'SEGMENT 0x12000 3f34', 'SEGMENT 0x17d10 1f98', 'SEGMENT_HEADER filename=/home/kaiyaok2/.local/lib/python3.10/site-packages/numpy/random/_philox.cpython-310-x86_64-linux-gnu.so num_segments=4 addr=0x7fa11b26d000', 'SEGMENT (nil) 2f78', 'SEGMENT 0x3000 b519', 'SEGMENT 0xf000 2ec4', 'SEGMENT 0x13d20 1ca8', 'SEGMENT_HEADER filename=/home/kaiyaok2/.local/lib/python3.10/site-packages/numpy/random/_pcg64.cpython-310-x86_64-linux-gnu.so num_segments=4 addr=0x7fa1190a6000', 'SEGMENT (nil) 30f0', 'SEGMENT 0x4000 d965', 'SEGMENT 0x12000 34e8', 'SEGMENT 0x16d30 26d8', 'SEGMENT_HEADER filename=/home/kaiyaok2/.local/lib/python3.10/site-packages/numpy/random/_sfc64.cpython-310-x86_64-linux-gnu.so num_segments=4 addr=0x7fa11c57c000', 'SEGMENT (nil) 29c8', 'SEGMENT 0x3000 6595', 'SEGMENT 0xa000 1d68', 'SEGMENT 0xdd40 11d8', 'SEGMENT_HEADER filename=/home/kaiyaok2/.local/lib/python3.10/site-packages/numpy/random/_generator.cpython-310-x86_64-linux-gnu.so num_segments=4 addr=0x7fa0dec52000', 'SEGMENT (nil) f628', 'SEGMENT 0x10000 75225', 'SEGMENT 0x86000 31cd0', 'SEGMENT 0xb9b80 28c68', 'SEGMENT_HEADER filename=/usr/lib/python3.10/lib-dynload/_ssl.cpython-310-x86_64-linux-gnu.so num_segments=4 addr=0x7fa0deb1b000', 'SEGMENT (nil) 11d98', 'SEGMENT 0x12000 c071', 'SEGMENT 0x1f000 dc00', 'SEGMENT 0x2dc30 8b28', 'SEGMENT_HEADER filename=/lib/x86_64-linux-gnu/libssl.so.3 num_segments=4 addr=0x7fa0dea77000', 'SEGMENT (nil) 1d418', 'SEGMENT 0x1e000 5aeed', 'SEGMENT 0x79000 1c1c0', 'SEGMENT 0x96eb0 c940', 'SEGMENT_HEADER filename=/usr/lib/python3.10/lib-dynload/_contextvars.cpython-310-x86_64-linux-gnu.so num_segments=4 addr=0x7fa11c959000', 'SEGMENT (nil) 708', 'SEGMENT 0x1000 1e5', 'SEGMENT 0x2000 160', 'SEGMENT 0x3e38 2f8', 'SEGMENT_HEADER filename=/usr/lib/python3.10/lib-dynload/_asyncio.cpython-310-x86_64-linux-gnu.so num_segments=4 addr=0x7fa119092000', 'SEGMENT (nil) 3b38', 'SEGMENT 0x4000 76f9', 'SEGMENT 0xc000 3e74', 'SEGMENT 0x11c90 1eb0', 'SEGMENT_HEADER filename=/usr/lib/python3.10/lib-dynload/_queue.cpython-310-x86_64-linux-gnu.so num_segments=4 addr=0x7fa11c611000', 'SEGMENT (nil) 1348', 'SEGMENT 0x2000 1259', 'SEGMENT 0x4000 c40', 'SEGMENT 0x5db0 6e0', 'SEGMENT_HEADER filename=/home/kaiyaok2/.local/lib/python3.10/site-packages/rpds/rpds.cpython-310-x86_64-linux-gnu.so num_segments=4 addr=0x7fa0de4c4000', 'SEGMENT (nil) aea0', 'SEGMENT 0xb000 7e9a9', 'SEGMENT 0x8a000 20a54', 'SEGMENT 0xabbd8 6b08', 'SEGMENT_HEADER filename=/lib/x86_64-linux-gnu/librt.so.1 num_segments=4 addr=0x7fa11c577000', 'SEGMENT (nil) 808', 'SEGMENT 0x1000 285', 'SEGMENT 0x2000 274', 'SEGMENT 0x3dc0 278', 'SEGMENT_HEADER filename=/lib/x86_64-linux-gnu/libdl.so.2 num_segments=4 addr=0x7fa11908d000', 'SEGMENT (nil) 678', 'SEGMENT 0x1000 115', 'SEGMENT 0x2000 110', 'SEGMENT 0x3e00 228', 'SEGMENT_HEADER filename=/home/kaiyaok2/.local/lib/python3.10/site-packages/zmq/backend/cython/_device.cpython-310-x86_64-linux-gnu.so num_segments=6 addr=0x7fa118a51000', 'SEGMENT (nil) 29d8', 'SEGMENT 0x3000 61e5', 'SEGMENT 0xa000 17c8', 'SEGMENT 0xcd40 14a8', 'SEGMENT 0xf000 1198', 'SEGMENT 0x11000 9c0', 'SEGMENT_HEADER filename=/home/kaiyaok2/.local/lib/python3.10/site-packages/zmq/backend/cython/../../../pyzmq.libs/libzmq-fc4fcd2d.so.5.2.4 num_segments=6 addr=0x7fa0de0d0000', 'SEGMENT (nil) 17d18', 'SEGMENT 0x18000 92779', 'SEGMENT 0xab000 3aef4', 'SEGMENT 0xe7c80 7ca0', 'SEGMENT 0xf0000 1c90', 'SEGMENT 0xf2000 1a10', 'SEGMENT_HEADER filename=/home/kaiyaok2/.local/lib/python3.10/site-packages/zmq/backend/cython/../../../pyzmq.libs/libsodium-a0cd10d3.so.23.3.0 num_segments=5 addr=0x7fa0ddfa5000', 'SEGMENT (nil) be90', 'SEGMENT 0xc000 1001c9', 'SEGMENT 0x10d000 13aa0', 'SEGMENT 0x122798 c78', 'SEGMENT 0x124000 6260', 'SEGMENT_HEADER filename=/lib/x86_64-linux-gnu/libstdc++.so.6 num_segments=4 addr=0x7fa0ddd79000', 'SEGMENT (nil) 99140', 'SEGMENT 0x9a000 110fd1', 'SEGMENT 0x1ab000 6e882', 'SEGMENT 0x21b880 10040', 'SEGMENT_HEADER filename=/home/kaiyaok2/.local/lib/python3.10/site-packages/zmq/backend/cython/context.cpython-310-x86_64-linux-gnu.so num_segments=6 addr=0x7fa0ddd63000', 'SEGMENT (nil) 3580', 'SEGMENT 0x4000 8195', 'SEGMENT 0xd000 2144', 'SEGMENT 0x10d28 1ef8', 'SEGMENT 0x13000 1440', 'SEGMENT 0x15000 ae0', 'SEGMENT_HEADER filename=/home/kaiyaok2/.local/lib/python3.10/site-packages/zmq/backend/cython/socket.cpython-310-x86_64-linux-gnu.so num_segments=6 addr=0x7fa0ddd38000', 'SEGMENT (nil) 5710', 'SEGMENT 0x6000 17271', 'SEGMENT 0x1e000 3a90', 'SEGMENT 0x22d00 4f40', 'SEGMENT 0x28000 19d0', 'SEGMENT 0x2a000 d28', 'SEGMENT_HEADER filename=/home/kaiyaok2/.local/lib/python3.10/site-packages/zmq/backend/cython/message.cpython-310-x86_64-linux-gnu.so num_segments=6 addr=0x7fa0ddd1b000', 'SEGMENT (nil) 4b30', 'SEGMENT 0x5000 d7a1', 'SEGMENT 0x13000 2c2c', 'SEGMENT 0x16ce8 2c40', 'SEGMENT 0x1a000 cb0', 'SEGMENT 0x1b000 1dd8', 'SEGMENT_HEADER filename=/home/kaiyaok2/.local/lib/python3.10/site-packages/zmq/backend/cython/_poll.cpython-310-x86_64-linux-gnu.so num_segments=6 addr=0x7fa0ddd05000', 'SEGMENT (nil) 3188', 'SEGMENT 0x4000 99b1', 'SEGMENT 0xe000 1c94', 'SEGMENT 0x10d18 18b0', 'SEGMENT 0x13000 1400', 'SEGMENT 0x15000 aa8', 'SEGMENT_HEADER filename=/home/kaiyaok2/.local/lib/python3.10/site-packages/zmq/backend/cython/_proxy_steerable.cpython-310-x86_64-linux-gnu.so num_segments=6 addr=0x7fa118a40000', 'SEGMENT (nil) 2828', 'SEGMENT 0x3000 531d', 'SEGMENT 0x9000 1540', 'SEGMENT 0xbd58 1300', 'SEGMENT 0xe000 10e8', 'SEGMENT 0x10000 980', 'SEGMENT_HEADER filename=/home/kaiyaok2/.local/lib/python3.10/site-packages/zmq/backend/cython/_version.cpython-310-x86_64-linux-gnu.so num_segments=6 addr=0x7fa0ddcfb000', 'SEGMENT (nil) 1f68', 'SEGMENT 0x2000 25c9', 'SEGMENT 0x5000 d78', 'SEGMENT 0x6d80 e08', 'SEGMENT 0x8000 ce8', 'SEGMENT 0x9000 7b0', 'SEGMENT_HEADER filename=/home/kaiyaok2/.local/lib/python3.10/site-packages/zmq/backend/cython/error.cpython-310-x86_64-linux-gnu.so num_segments=6 addr=0x7fa0ddcef000', 'SEGMENT (nil) 2170', 'SEGMENT 0x3000 2e99', 'SEGMENT 0x6000 fa0', 'SEGMENT 0x8d68 ed8', 'SEGMENT 0xa000 df8', 'SEGMENT 0xb000 810', 'SEGMENT_HEADER filename=/home/kaiyaok2/.local/lib/python3.10/site-packages/zmq/backend/cython/utils.cpython-310-x86_64-linux-gnu.so num_segments=6 addr=0x7fa0ddce0000', 'SEGMENT (nil) 2790', 'SEGMENT 0x3000 44b1', 'SEGMENT 0x8000 1220', 'SEGMENT 0xad50 1568', 'SEGMENT 0xd000 fe0', 'SEGMENT 0xe000 8f0', 'SEGMENT_HEADER filename=/home/kaiyaok2/.local/lib/python3.10/site-packages/tornado/speedups.abi3.so num_segments=4 addr=0x7fa11b268000', 'SEGMENT (nil) 688', 'SEGMENT 0x1000 28d', 'SEGMENT 0x2000 d4', 'SEGMENT 0x3df8 330', 'SEGMENT_HEADER filename=/usr/lib/python3.10/lib-dynload/_curses.cpython-310-x86_64-linux-gnu.so num_segments=4 addr=0x7fa0ddbc0000', 'SEGMENT (nil) 66c8', 'SEGMENT 0x7000 a079', 'SEGMENT 0x12000 a3c4', 'SEGMENT 0x1dd50 2258', 'SEGMENT_HEADER filename=/lib/x86_64-linux-gnu/libncursesw.so.6 num_segments=4 addr=0x7fa0ddb7d000', 'SEGMENT (nil) 7f00', 'SEGMENT 0x8000 28639', 'SEGMENT 0x31000 7978', 'SEGMENT 0x3a8d8 8e8', 'SEGMENT_HEADER filename=/lib/x86_64-linux-gnu/libtinfo.so.6 num_segments=4 addr=0x7fa0ddb4b000', 'SEGMENT (nil) d610', 'SEGMENT 0xe000 101a9', 'SEGMENT 0x1f000 d690', 'SEGMENT 0x2db90 3d90', 'SEGMENT_HEADER filename=/usr/lib/python3.10/lib-dynload/termios.cpython-310-x86_64-linux-gnu.so num_segments=4 addr=0x7fa0dda42000', 'SEGMENT (nil) 27c0', 'SEGMENT 0x3000 ee9', 'SEGMENT 0x4000 148c', 'SEGMENT 0x6e00 1410', 'SEGMENT_HEADER filename=/usr/lib/python3.10/lib-dynload/resource.cpython-310-x86_64-linux-gnu.so num_segments=4 addr=0x7fa0ddbba000', 'SEGMENT (nil) 1230', 'SEGMENT 0x2000 e79', 'SEGMENT 0x3000 a0c', 'SEGMENT 0x4df0 5c0', 'SEGMENT_HEADER filename=/usr/lib/python3.10/lib-dynload/_lsprof.cpython-310-x86_64-linux-gnu.so num_segments=4 addr=0x7fa118af7000', 'SEGMENT (nil) 14f8', 'SEGMENT 0x2000 29a1', 'SEGMENT 0x5000 1160', 'SEGMENT 0x7e28 6c0', 'SEGMENT_HEADER filename=/home/kaiyaok2/.local/lib/python3.10/site-packages/debugpy/_vendored/pydevd/_pydevd_bundle/pydevd_cython.cpython-310-x86_64-linux-gnu.so num_segments=4 addr=0x7fa0dcb2e000', 'SEGMENT (nil) 7ef8', 'SEGMENT 0x8000 7904d', 'SEGMENT 0x82000 8bb0', 'SEGMENT 0x8bc90 6880', 'SEGMENT_HEADER filename=/home/kaiyaok2/.local/lib/python3.10/site-packages/markupsafe/_speedups.cpython-310-x86_64-linux-gnu.so num_segments=4 addr=0x7fa118af2000', 'SEGMENT (nil) a80', 'SEGMENT 0x1000 d05', 'SEGMENT 0x2000 7c8', 'SEGMENT 0x3dd8 3e0', 'SEGMENT_HEADER filename=/home/kaiyaok2/.local/lib/python3.10/site-packages/yaml/_yaml.cpython-310-x86_64-linux-gnu.so num_segments=4 addr=0x7fa0dc3d4000', 'SEGMENT (nil) 6368', 'SEGMENT 0x7000 45bd1', 'SEGMENT 0x4d000 70d8', 'SEGMENT 0x55d30 3d40', 'SEGMENT_HEADER filename=/home/kaiyaok2/.local/lib/python3.10/site-packages/_brotli.cpython-310-x86_64-linux-gnu.so num_segments=2 addr=0x7fa0dbe00000', 'SEGMENT (nil) d7e94', 'SEGMENT 0x2d8c90 d00', 'SEGMENT_HEADER filename=/home/kaiyaok2/.local/lib/python3.10/site-packages/charset_normalizer/md.cpython-310-x86_64-linux-gnu.so num_segments=4 addr=0x7fa118aed000', 'SEGMENT (nil) 600', 'SEGMENT 0x1000 1c1', 'SEGMENT 0x2000 f8', 'SEGMENT 0x3df8 258', 'SEGMENT_HEADER filename=/home/kaiyaok2/.local/lib/python3.10/site-packages/charset_normalizer/md__mypyc.cpython-310-x86_64-linux-gnu.so num_segments=4 addr=0x7fa0dc19b000', 'SEGMENT (nil) ccc0', 'SEGMENT 0xd000 1be11', 'SEGMENT 0x29000 8a5c', 'SEGMENT 0x337d0 5098', 'SEGMENT_HEADER filename=/usr/lib/python3.10/lib-dynload/_multibytecodec.cpython-310-x86_64-linux-gnu.so num_segments=4 addr=0x7fa118ae0000', 'SEGMENT (nil) 2978', 'SEGMENT 0x3000 587d', 'SEGMENT 0x9000 1cd8', 'SEGMENT 0xbd50 ec8', 'SEGMENT_HEADER filename=/home/kaiyaok2/.local/lib/python3.10/site-packages/PyQt5/QtCore.abi3.so num_segments=2 addr=0x7fa0db9e6000', 'SEGMENT (nil) 2c9a4c', 'SEGMENT 0x2ca948 4ee08', 'SEGMENT_HEADER filename=/home/kaiyaok2/.local/lib/python3.10/site-packages/PyQt5/Qt5/lib/libQt5Core.so.5 num_segments=2 addr=0x7fa0db000000', 'SEGMENT (nil) 5e3d78', 'SEGMENT 0x7e4600 11928', 'SEGMENT_HEADER filename=/home/kaiyaok2/.local/lib/python3.10/site-packages/PyQt5/Qt5/lib/libicui18n.so.56 num_segments=2 addr=0x7fa0daa00000', 'SEGMENT (nil) 288128', 'SEGMENT 0x488ae0 f670', 'SEGMENT_HEADER filename=/home/kaiyaok2/.local/lib/python3.10/site-packages/PyQt5/Qt5/lib/libicuuc.so.56 num_segments=2 addr=0x7fa0da600000', 'SEGMENT (nil) 1a4db5', 'SEGMENT 0x3a50a8 12c18', 'SEGMENT_HEADER filename=/home/kaiyaok2/.local/lib/python3.10/site-packages/PyQt5/Qt5/lib/libicudata.so.56 num_segments=2 addr=0x7fa0d8c00000', 'SEGMENT (nil) 17e2ab0', 'SEGMENT 0x19e2f10 f0', 'SEGMENT_HEADER filename=/lib/x86_64-linux-gnu/libgthread-2.0.so.0 num_segments=4 addr=0x7fa118ad4000', 'SEGMENT (nil) 5f8', 'SEGMENT 0x1000 1d1', 'SEGMENT 0x2000 1c0', 'SEGMENT 0x3d98 278', 'SEGMENT_HEADER filename=/lib/x86_64-linux-gnu/libglib-2.0.so.0 num_segments=4 addr=0x7fa0db8ac000', 'SEGMENT (nil) 1c5d0', 'SEGMENT 0x1d000 8ef31', 'SEGMENT 0xac000 897c0', 'SEGMENT 0x137428 1eb0', 'SEGMENT_HEADER filename=/lib/x86_64-linux-gnu/libpcre.so.3 num_segments=4 addr=0x7fa0dc125000', 'SEGMENT (nil) 1350', 'SEGMENT 0x2000 545bd', 'SEGMENT 0x57000 1c66c', 'SEGMENT 0x74bf0 520', 'SEGMENT_HEADER filename=/home/kaiyaok2/.local/lib/python3.10/site-packages/PyQt5/sip.cpython-310-x86_64-linux-gnu.so num_segments=2 addr=0x7fa0dc0fc000', 'SEGMENT (nil) 24c88', 'SEGMENT 0x257b0 28a0', 'SEGMENT_HEADER filename=/home/kaiyaok2/.local/lib/python3.10/site-packages/PyQt5/QtGui.abi3.so num_segments=2 addr=0x7fa0d88ac000', 'SEGMENT (nil) 2f331c', 'SEGMENT 0x2f4d88 5eec8', 'SEGMENT_HEADER filename=/home/kaiyaok2/.local/lib/python3.10/site-packages/PyQt5/Qt5/lib/libQt5Gui.so.5 num_segments=2 addr=0x7fa0d7e00000', 'SEGMENT (nil) 70fa1c', 'SEGMENT 0x90fbb8 211b0', 'SEGMENT_HEADER filename=/lib/x86_64-linux-gnu/libGL.so.1 num_segments=4 addr=0x7fa0db825000', 'SEGMENT (nil) 429e8', 'SEGMENT 0x43000 1e00d', 'SEGMENT 0x62000 14438', 'SEGMENT 0x77ce0 ec30', 'SEGMENT_HEADER filename=/lib/x86_64-linux-gnu/libGLdispatch.so.0 num_segments=4 addr=0x7fa0d87f4000', 'SEGMENT (nil) 3ffa0', 'SEGMENT 0x40000 3e00d', 'SEGMENT 0x7f000 12c60', 'SEGMENT 0x934e0 23e58', 'SEGMENT_HEADER filename=/lib/x86_64-linux-gnu/libGLX.so.0 num_segments=4 addr=0x7fa0daecc000', 'SEGMENT (nil) 2898', 'SEGMENT 0x3000 1a08d', 'SEGMENT 0x1e000 2a90', 'SEGMENT 0x22900 10c88', 'SEGMENT_HEADER filename=/lib/x86_64-linux-gnu/libX11.so.6 num_segments=4 addr=0x7fa0d7cc0000', 'SEGMENT (nil) 18038', 'SEGMENT 0x19000 8b6dd', 'SEGMENT 0xa5000 943e8', 'SEGMENT 0x13b1b0 4b80', 'SEGMENT_HEADER filename=/lib/x86_64-linux-gnu/libxcb.so.1 num_segments=4 addr=0x7fa0db7fb000', 'SEGMENT (nil) af08', 'SEGMENT 0xb000 1366d', 'SEGMENT 0x1f000 85c0', 'SEGMENT 0x28cc0 5c8', 'SEGMENT_HEADER filename=/lib/x86_64-linux-gnu/libXau.so.6 num_segments=4 addr=0x7fa118ace000', 'SEGMENT (nil) c30', 'SEGMENT 0x1000 10a1', 'SEGMENT 0x3000 428', 'SEGMENT 0x4e00 308', 'SEGMENT_HEADER filename=/lib/x86_64-linux-gnu/libXdmcp.so.6 num_segments=4 addr=0x7fa118ac6000', 'SEGMENT (nil) 1030', 'SEGMENT 0x2000 1975', 'SEGMENT 0x4000 19b0', 'SEGMENT 0x6df0 290', 'SEGMENT_HEADER filename=/lib/x86_64-linux-gnu/libbsd.so.0 num_segments=4 addr=0x7fa0dc0e4000', 'SEGMENT (nil) 3ba8', 'SEGMENT 0x4000 c235', 'SEGMENT 0x11000 2eac', 'SEGMENT 0x15960 1780', 'SEGMENT_HEADER filename=/lib/x86_64-linux-gnu/libmd.so.0 num_segments=4 addr=0x7fa0daebf000', 'SEGMENT (nil) 15c8', 'SEGMENT 0x2000 6749', 'SEGMENT 0x9000 16c0', 'SEGMENT 0xbcd0 418', 'SEGMENT_HEADER filename=/home/kaiyaok2/.local/lib/python3.10/site-packages/PyQt5/QtTest.abi3.so num_segments=2 addr=0x7fa0daea7000', 'SEGMENT (nil) 148a4', 'SEGMENT 0x15ab0 1ee0', 'SEGMENT_HEADER filename=/home/kaiyaok2/.local/lib/python3.10/site-packages/PyQt5/Qt5/lib/libQt5Widgets.so.5 num_segments=2 addr=0x7fa0d7400000', 'SEGMENT (nil) 62f75c', 'SEGMENT 0x82fb30 32360', 'SEGMENT_HEADER filename=/home/kaiyaok2/.local/lib/python3.10/site-packages/PyQt5/Qt5/lib/libQt5Test.so.5 num_segments=2 addr=0x7fa0d7000000', 'SEGMENT (nil) 4b996', 'SEGMENT 0x24be18 61e8', 'SEGMENT_HEADER filename=/home/kaiyaok2/.local/lib/python3.10/site-packages/PyQt5/QtWidgets.abi3.so num_segments=2 addr=0x7fa0d6ab7000', 'SEGMENT (nil) 4d94a4', 'SEGMENT 0x4da910 6de60', 'SEGMENT_HEADER filename=/home/kaiyaok2/.local/lib/python3.10/site-packages/srsly/ujson/ujson.cpython-310-x86_64-linux-gnu.so num_segments=4 addr=0x7fa0dae9a000', 'SEGMENT (nil) 2e90', 'SEGMENT 0x3000 4a6d', 'SEGMENT 0x8000 2288', 'SEGMENT 0xbc38 880', 'SEGMENT_HEADER filename=/home/kaiyaok2/.local/lib/python3.10/site-packages/srsly/msgpack/_packer.cpython-310-x86_64-linux-gnu.so num_segments=4 addr=0x7fa0da9ea000', 'SEGMENT (nil) 3250', 'SEGMENT 0x4000 bdb5', 'SEGMENT 0x10000 25d4', 'SEGMENT 0x13cd8 1878', 'SEGMENT_HEADER filename=/home/kaiyaok2/.local/lib/python3.10/site-packages/srsly/msgpack/_unpacker.cpython-310-x86_64-linux-gnu.so num_segments=4 addr=0x7fa0da9d1000', 'SEGMENT (nil) 3e30', 'SEGMENT 0x4000 c909', 'SEGMENT 0x11000 33d0', 'SEGMENT 0x15d20 2708', 'SEGMENT_HEADER filename=/home/kaiyaok2/.local/lib/python3.10/site-packages/_ruamel_yaml.cpython-310-x86_64-linux-gnu.so num_segments=2 addr=0x7fa0d6600000', 'SEGMENT (nil) 54ce4', 'SEGMENT 0x255cc8 2c30', 'SEGMENT_HEADER filename=/home/kaiyaok2/.local/lib/python3.10/site-packages/pydantic/__init__.cpython-310-x86_64-linux-gnu.so num_segments=4 addr=0x7fa0dc0da000', 'SEGMENT (nil) 2e80', 'SEGMENT 0x3000 2b11', 'SEGMENT 0x6000 c68', 'SEGMENT 0x7da0 1f30', 'SEGMENT_HEADER filename=/home/kaiyaok2/.local/lib/python3.10/site-packages/pydantic/dataclasses.cpython-310-x86_64-linux-gnu.so num_segments=4 addr=0x7fa0d87b0000', 'SEGMENT (nil) 7158', 'SEGMENT 0x8000 2e3b1', 'SEGMENT 0x37000 5658', 'SEGMENT 0x3dcc0 5f30', 'SEGMENT_HEADER filename=/home/kaiyaok2/.local/lib/python3.10/site-packages/pydantic/class_validators.cpython-310-x86_64-linux-gnu.so num_segments=4 addr=0x7fa0d876c000', 'SEGMENT (nil) 7218', 'SEGMENT 0x8000 2d9fd', 'SEGMENT 0x36000 5f94', 'SEGMENT 0x3dcc8 5e80', 'SEGMENT_HEADER filename=/home/kaiyaok2/.local/lib/python3.10/site-packages/pydantic/errors.cpython-310-x86_64-linux-gnu.so num_segments=4 addr=0x7fa0d7c83000', 'SEGMENT (nil) 8e00', 'SEGMENT 0x9000 23119', 'SEGMENT 0x2d000 627c', 'SEGMENT 0x34cd0 7af8', 'SEGMENT_HEADER filename=/home/kaiyaok2/.local/lib/python3.10/site-packages/pydantic/typing.cpython-310-x86_64-linux-gnu.so num_segments=4 addr=0x7fa0d72bd000', 'SEGMENT (nil) 6f48', 'SEGMENT 0x7000 2edd1', 'SEGMENT 0x36000 4aa8', 'SEGMENT 0x3bcd0 6e08', 'SEGMENT_HEADER filename=/home/kaiyaok2/.local/lib/python3.10/site-packages/pydantic/utils.cpython-310-x86_64-linux-gnu.so num_segments=4 addr=0x7fa0d7253000', 'SEGMENT (nil) ace8', 'SEGMENT 0xb000 4914d', 'SEGMENT 0x55000 88c0', 'SEGMENT 0x5ec98 b130', 'SEGMENT_HEADER filename=/home/kaiyaok2/.local/lib/python3.10/site-packages/pydantic/version.cpython-310-x86_64-linux-gnu.so num_segments=4 addr=0x7fa0da9be000', 'SEGMENT (nil) 3780', 'SEGMENT 0x4000 84f5', 'SEGMENT 0xd000 1f28', 'SEGMENT 0x10d20 1f48', 'SEGMENT_HEADER filename=/home/kaiyaok2/.local/lib/python3.10/site-packages/pydantic/config.cpython-310-x86_64-linux-gnu.so num_segments=4 addr=0x7fa0da5e6000', 'SEGMENT (nil) 4a40', 'SEGMENT 0x5000 deb1', 'SEGMENT 0x13000 22d4', 'SEGMENT 0x16d08 2d78', 'SEGMENT_HEADER filename=/home/kaiyaok2/.local/lib/python3.10/site-packages/pydantic/error_wrappers.cpython-310-x86_64-linux-gnu.so num_segments=4 addr=0x7fa0d8744000', 'SEGMENT (nil) 5968', 'SEGMENT 0x6000 17261', 'SEGMENT 0x1e000 3d64', 'SEGMENT 0x23cc8 4210', 'SEGMENT_HEADER filename=/home/kaiyaok2/.local/lib/python3.10/site-packages/pydantic/json.cpython-310-x86_64-linux-gnu.so num_segments=4 addr=0x7fa0d7c6a000', 'SEGMENT (nil) 3f40', 'SEGMENT 0x4000 d2c9', 'SEGMENT 0x12000 1d64', 'SEGMENT 0x15d30 2620', 'SEGMENT_HEADER filename=/home/kaiyaok2/.local/lib/python3.10/site-packages/pydantic/color.cpython-310-x86_64-linux-gnu.so num_segments=4 addr=0x7fa0d6868000', 'SEGMENT (nil) 8940', 'SEGMENT 0x9000 35c61', 'SEGMENT 0x3f000 5898', 'SEGMENT 0x45cc8 8c08', 'SEGMENT_HEADER filename=/home/kaiyaok2/.local/lib/python3.10/site-packages/pydantic/networks.cpython-310-x86_64-linux-gnu.so num_segments=4 addr=0x7fa0d64a6000', 'SEGMENT (nil) 9210', 'SEGMENT 0xa000 3f121', 'SEGMENT 0x4a000 6a64', 'SEGMENT 0x51cc0 8138', 'SEGMENT_HEADER filename=/home/kaiyaok2/.local/lib/python3.10/site-packages/pydantic/validators.cpython-310-x86_64-linux-gnu.so num_segments=4 addr=0x7fa0d6428000', 'SEGMENT (nil) 8b28', 'SEGMENT 0x9000 62895', 'SEGMENT 0x6c000 7274', 'SEGMENT 0x74ca0 85b8', 'SEGMENT_HEADER filename=/home/kaiyaok2/.local/lib/python3.10/site-packages/pydantic/datetime_parse.cpython-310-x86_64-linux-gnu.so num_segments=4 addr=0x7fa0d6405000', 'SEGMENT (nil) 4308', 'SEGMENT 0x5000 16e89', 'SEGMENT 0x1c000 24b0', 'SEGMENT 0x1fd10 2a90', 'SEGMENT_HEADER filename=/home/kaiyaok2/.local/lib/python3.10/site-packages/pydantic/types.cpython-310-x86_64-linux-gnu.so num_segments=4 addr=0x7fa0d6388000', 'SEGMENT (nil) c810', 'SEGMENT 0xd000 55409', 'SEGMENT 0x63000 b2d4', 'SEGMENT 0x6fca8 d168', 'SEGMENT_HEADER filename=/home/kaiyaok2/.local/lib/python3.10/site-packages/pydantic/fields.cpython-310-x86_64-linux-gnu.so num_segments=4 addr=0x7fa0d62f2000', 'SEGMENT (nil) ab28', 'SEGMENT 0xb000 75631', 'SEGMENT 0x81000 75d4', 'SEGMENT 0x89ca8 bca0', 'SEGMENT_HEADER filename=/home/kaiyaok2/.local/lib/python3.10/site-packages/pydantic/main.cpython-310-x86_64-linux-gnu.so num_segments=4 addr=0x7fa0d6251000', 'SEGMENT (nil) afc0', 'SEGMENT 0xb000 805a1', 'SEGMENT 0x8c000 8044', 'SEGMENT 0x95cb8 ab50', 'SEGMENT_HEADER filename=/home/kaiyaok2/.local/lib/python3.10/site-packages/pydantic/parse.cpython-310-x86_64-linux-gnu.so num_segments=4 addr=0x7fa0d8732000', 'SEGMENT (nil) 3200', 'SEGMENT 0x4000 8465', 'SEGMENT 0xd000 16ac', 'SEGMENT 0xfd40 1940', 'SEGMENT_HEADER filename=/home/kaiyaok2/.local/lib/python3.10/site-packages/pydantic/schema.cpython-310-x86_64-linux-gnu.so num_segments=4 addr=0x7fa0d61a9000', 'SEGMENT (nil) 98a8', 'SEGMENT 0xa000 893a9', 'SEGMENT 0x94000 6a98', 'SEGMENT 0x9bc90 c008', 'SEGMENT_HEADER filename=/home/kaiyaok2/.local/lib/python3.10/site-packages/pydantic/annotated_types.cpython-310-x86_64-linux-gnu.so num_segments=4 addr=0x7fa0d6192000', 'SEGMENT (nil) 3bc8', 'SEGMENT 0x4000 bf01', 'SEGMENT 0x10000 28b8', 'SEGMENT 0x13d00 23f8', 'SEGMENT_HEADER filename=/home/kaiyaok2/.local/lib/python3.10/site-packages/pydantic/decorator.cpython-310-x86_64-linux-gnu.so num_segments=4 addr=0x7fa0d615f000', 'SEGMENT (nil) 5950', 'SEGMENT 0x6000 23e55', 'SEGMENT 0x2a000 3648', 'SEGMENT 0x2ecf8 40b0', 'SEGMENT_HEADER filename=/home/kaiyaok2/.local/lib/python3.10/site-packages/pydantic/env_settings.cpython-310-x86_64-linux-gnu.so num_segments=4 addr=0x7fa0d611f000', 'SEGMENT (nil) 6e80', 'SEGMENT 0x7000 2bec9', 'SEGMENT 0x33000 4ff0', 'SEGMENT 0x39cb0 5790', 'SEGMENT_HEADER filename=/home/kaiyaok2/.local/lib/python3.10/site-packages/pydantic/tools.cpython-310-x86_64-linux-gnu.so num_segments=4 addr=0x7fa0d610a000', 'SEGMENT (nil) 36a8', 'SEGMENT 0x4000 b0b1', 'SEGMENT 0x10000 1a30', 'SEGMENT 0x12d50 2050', 'SEGMENT_HEADER filename=/home/kaiyaok2/.local/lib/python3.10/site-packages/torch/lib/libtorch_global_deps.so num_segments=8 addr=0x7fa0d685f000', 'SEGMENT (nil) 520', 'SEGMENT 0x1000 111', 'SEGMENT 0x2000 4', 'SEGMENT 0x3d68 2c8', 'SEGMENT 0x5000 230', 'SEGMENT 0x6000 150', 'SEGMENT 0x7000 198', 'SEGMENT 0x8000 200', 'SEGMENT_HEADER filename=/home/kaiyaok2/.local/lib/python3.10/site-packages/torch/lib/../../nvidia/cublas/lib/libcublas.so.11 num_segments=2 addr=0x7fa0cce00000', 'SEGMENT (nil) 900d4a4', 'SEGMENT 0x920e000 4fd38', 'SEGMENT_HEADER filename=/home/kaiyaok2/.local/lib/python3.10/site-packages/torch/lib/../../nvidia/cudnn/lib/libcudnn.so.8 num_segments=2 addr=0x7fa0cca00000', 'SEGMENT (nil) 22fce', 'SEGMENT 0x223d30 1698', 'SEGMENT_HEADER filename=/home/kaiyaok2/.local/lib/python3.10/site-packages/torch/lib/libnvToolsExt-847d78f2.so.1 num_segments=4 addr=0x7fa0cc600000', 'SEGMENT (nil) 7d6c', 'SEGMENT 0x208ca8 868', 'SEGMENT 0x20a000 ae0', 'SEGMENT 0x20b000 6c8', 'SEGMENT_HEADER filename=/home/kaiyaok2/.local/lib/python3.10/site-packages/torch/lib/libgomp-a34b3233.so.1 num_segments=4 addr=0x7fa0cc200000', 'SEGMENT (nil) 2408c', 'SEGMENT 0x224d70 840', 'SEGMENT 0x226000 3350', 'SEGMENT 0x22a000 1fd0', 'SEGMENT_HEADER filename=/home/kaiyaok2/.local/lib/python3.10/site-packages/torch/lib/../../nvidia/cublas/lib/libcublasLt.so.11 num_segments=2 addr=0x7fa0b8200000', 'SEGMENT (nil) 1144a9c4', 'SEGMENT 0x1164b000 2955b20', 'SEGMENT_HEADER filename=/home/kaiyaok2/.local/lib/python3.10/site-packages/torch/_C.cpython-310-x86_64-linux-gnu.so num_segments=6 addr=0x7fa118ad9000', 'SEGMENT (nil) 548', 'SEGMENT 0x1000 131', 'SEGMENT 0x2000 78', 'SEGMENT 0x3dd8 260', 'SEGMENT 0x5000 240', 'SEGMENT 0x6000 188', 'SEGMENT_HEADER filename=/home/kaiyaok2/.local/lib/python3.10/site-packages/torch/lib/libtorch_python.so num_segments=7 addr=0x7fa0b6ee0000', 'SEGMENT (nil) 1ed108', 'SEGMENT 0x1ee000 a72bb5', 'SEGMENT 0xc61000 32be20', 'SEGMENT 0xf8e000 d2968', 'SEGMENT 0x1061000 f2438', 'SEGMENT 0x1154000 e5698', 'SEGMENT 0x123a000 e5708', 'SEGMENT_HEADER filename=/home/kaiyaok2/.local/lib/python3.10/site-packages/torch/lib/libshm.so num_segments=6 addr=0x7fa0d60fe000', 'SEGMENT (nil) 2608', 'SEGMENT 0x3000 261d', 'SEGMENT 0x6000 cc0', 'SEGMENT 0x8be8 6d8', 'SEGMENT 0xa000 e10', 'SEGMENT 0xb000 d70', 'SEGMENT_HEADER filename=/home/kaiyaok2/.local/lib/python3.10/site-packages/torch/lib/libtorch.so num_segments=6 addr=0x7fa118abf000', 'SEGMENT (nil) 4b8', 'SEGMENT 0x1000 111', 'SEGMENT 0x2000 4', 'SEGMENT 0x3de8 248', 'SEGMENT 0x5000 220', 'SEGMENT 0x6000 198', 'SEGMENT_HEADER filename=/home/kaiyaok2/.local/lib/python3.10/site-packages/torch/lib/libtorch_cuda.so num_segments=6 addr=0x7fa0d60d1000', 'SEGMENT (nil) b1e8', 'SEGMENT 0xc000 a019', 'SEGMENT 0x17000 4b35', 'SEGMENT 0x1db10 8d0', 'SEGMENT 0x1f000 6cb8', 'SEGMENT 0x26000 6218', 'SEGMENT_HEADER filename=/home/kaiyaok2/.local/lib/python3.10/site-packages/torch/lib/libtorch_cuda_cpp.so num_segments=8 addr=0x7fa0a7849000', 'SEGMENT (nil) be318', 'SEGMENT 0xbf000 5dc0b5', 'SEGMENT 0x69c000 8aa5446', 'SEGMENT 0x9142730 6433498', 'SEGMENT 0xf576000 4b7e8', 'SEGMENT 0xf5c2000 46800', 'SEGMENT 0xf609000 46848', 'SEGMENT 0xf650000 468b0', 'SEGMENT_HEADER filename=/home/kaiyaok2/.local/lib/python3.10/site-packages/torch/lib/libtorch_cpu.so num_segments=8 addr=0x7fa08ba4c000', 'SEGMENT (nil) 1113b80', 'SEGMENT 0x1114000 14bce8a9', 'SEGMENT 0x15ce3000 415ea11', 'SEGMENT 0x19e42fc0 942300', 'SEGMENT 0x1a786000 602ac8', 'SEGMENT 0x1ad89000 57b230', 'SEGMENT 0x1b305000 57b270', 'SEGMENT 0x1b881000 57b2e0', 'SEGMENT_HEADER filename=/home/kaiyaok2/.local/lib/python3.10/site-packages/torch/lib/libc10_cuda.so num_segments=7 addr=0x7fa0cccf4000', 'SEGMENT (nil) 15e80', 'SEGMENT 0x16000 a2665', 'SEGMENT 0xb9000 31f29', 'SEGMENT 0xec000 9fc8', 'SEGMENT 0xf6000 7678', 'SEGMENT 0xfe000 6d08', 'SEGMENT 0x105000 6d70', 'SEGMENT_HEADER filename=/home/kaiyaok2/.local/lib/python3.10/site-packages/torch/lib/libtorch_cuda_cu.so num_segments=8 addr=0x7fa05f598000', 'SEGMENT (nil) dc9f50', 'SEGMENT 0xdca000 2c88ea5', 'SEGMENT 0x3a53000 25cc820e', 'SEGMENT 0x2971c880 37dbf8', 'SEGMENT 0x29a9b000 ac5408', 'SEGMENT 0x2a561000 a70288', 'SEGMENT 0x2afd2000 a702d0', 'SEGMENT 0x2ba43000 a70338', 'SEGMENT_HEADER filename=/home/kaiyaok2/.local/lib/python3.10/site-packages/torch/lib/libc10.so num_segments=7 addr=0x7fa0ccc26000', 'SEGMENT (nil) 1dfd8', 'SEGMENT 0x1e000 5b4cd', 'SEGMENT 0x7a000 1c8bf', 'SEGMENT 0x97c80 94e8', 'SEGMENT 0xa2000 f5e8', 'SEGMENT 0xb2000 db78', 'SEGMENT 0xc0000 dbe8', 'SEGMENT_HEADER filename=/home/kaiyaok2/.local/lib/python3.10/site-packages/torch/lib/libcudart-e409450e.so.11.0 num_segments=4 addr=0x7fa05f200000', 'SEGMENT (nil) 9d2bc', 'SEGMENT 0x29e000 6ee8', 'SEGMENT 0x2a5000 3d18', 'SEGMENT 0x2a9000 2ec0', 'SEGMENT_HEADER filename=/usr/lib/python3.10/lib-dynload/_multiprocessing.cpython-310-x86_64-linux-gnu.so num_segments=4 addr=0x7fa0d7c63000', 'SEGMENT (nil) 15f8', 'SEGMENT 0x2000 1669', 'SEGMENT 0x4000 a28', 'SEGMENT 0x5d90 900', 'SEGMENT_HEADER filename=/home/kaiyaok2/.local/lib/python3.10/site-packages/h5py/_errors.cpython-310-x86_64-linux-gnu.so num_segments=6 addr=0x7fa0d60c0000', 'SEGMENT (nil) 2ed0', 'SEGMENT 0x3000 651d', 'SEGMENT 0xa000 ce8', 'SEGMENT 0xcbc8 ff0', 'SEGMENT 0xe000 1740', 'SEGMENT 0x10000 bc8', 'SEGMENT_HEADER filename=/home/kaiyaok2/.local/lib/python3.10/site-packages/h5py/../h5py.libs/libhdf5-7f639dcd.so.310.2.0 num_segments=6 addr=0x7fa05db9e000', 'SEGMENT (nil) 4ca60', 'SEGMENT 0x4d000 2eb105', 'SEGMENT 0x339000 e5c28', 'SEGMENT 0x41fed0 16410', 'SEGMENT 0x437000 18120', 'SEGMENT 0x450000 11678', 'SEGMENT_HEADER filename=/home/kaiyaok2/.local/lib/python3.10/site-packages/h5py/../h5py.libs/libhdf5_hl-123198ff.so.310.0.2 num_segments=6 addr=0x7fa0d6097000', 'SEGMENT (nil) 5710', 'SEGMENT 0x6000 156c1', 'SEGMENT 0x1c000 4cec', 'SEGMENT 0x22be8 1c80', 'SEGMENT 0x25000 1bb0', 'SEGMENT 0x27000 1678', 'SEGMENT_HEADER filename=/home/kaiyaok2/.local/lib/python3.10/site-packages/h5py/../h5py.libs/libsz-b66d1717.so.2.0.1 num_segments=6 addr=0x7fa0d6090000', 'SEGMENT (nil) 6f0', 'SEGMENT 0x1000 8ad', 'SEGMENT 0x2000 144', 'SEGMENT 0x3de8 278', 'SEGMENT 0x5000 318', 'SEGMENT 0x6000 150', 'SEGMENT_HEADER filename=/home/kaiyaok2/.local/lib/python3.10/site-packages/h5py/../h5py.libs/libaec-001fb5f0.so.0.0.12 num_segments=5 addr=0x7fa0d6086000', 'SEGMENT (nil) 7f0', 'SEGMENT 0x1000 4315', 'SEGMENT 0x6000 c18', 'SEGMENT 0x7df8 5f8', 'SEGMENT 0x9000 1b8', 'SEGMENT_HEADER filename=/home/kaiyaok2/.local/lib/python3.10/site-packages/h5py/h5.cpython-310-x86_64-linux-gnu.so num_segments=6 addr=0x7fa0d6065000', 'SEGMENT (nil) 46f0', 'SEGMENT 0x5000 10749', 'SEGMENT 0x16000 37b8', 'SEGMENT 0x1ad00 2998', 'SEGMENT 0x1e000 1628', 'SEGMENT 0x20000 bc0', 'SEGMENT_HEADER filename=/home/kaiyaok2/.local/lib/python3.10/site-packages/h5py/defs.cpython-310-x86_64-linux-gnu.so num_segments=6 addr=0x7fa0cc8a3000', 'SEGMENT (nil) c710', 'SEGMENT 0xd000 2accd', 'SEGMENT 0x38000 147c8', 'SEGMENT 0x4dd70 6940', 'SEGMENT 0x55000 4a88', 'SEGMENT 0x5a000 20b0', 'SEGMENT_HEADER filename=/home/kaiyaok2/.local/lib/python3.10/site-packages/h5py/_objects.cpython-310-x86_64-linux-gnu.so num_segments=6 addr=0x7fa0cc87e000', 'SEGMENT (nil) 4e18', 'SEGMENT 0x5000 14729', 'SEGMENT 0x1a000 3940', 'SEGMENT 0x1ece8 2fd0', 'SEGMENT 0x22000 1b40', 'SEGMENT 0x24000 e20', 'SEGMENT_HEADER filename=/home/kaiyaok2/.local/lib/python3.10/site-packages/h5py/_conv.cpython-310-x86_64-linux-gnu.so num_segments=6 addr=0x7fa0cc842000', 'SEGMENT (nil) 5a28', 'SEGMENT 0x6000 24831', 'SEGMENT 0x2b000 6da8', 'SEGMENT 0x33c08 3288', 'SEGMENT 0x37000 2180', 'SEGMENT 0x3a000 1058', 'SEGMENT_HEADER filename=/home/kaiyaok2/.local/lib/python3.10/site-packages/h5py/h5r.cpython-310-x86_64-linux-gnu.so num_segments=6 addr=0x7fa0cc82f000', 'SEGMENT (nil) 2fe0', 'SEGMENT 0x3000 6f35', 'SEGMENT 0xa000 20cc', 'SEGMENT 0xdd28 20e8', 'SEGMENT 0x10000 12a8', 'SEGMENT 0x12000 a50', 'SEGMENT_HEADER filename=/home/kaiyaok2/.local/lib/python3.10/site-packages/h5py/h5p.cpython-310-x86_64-linux-gnu.so num_segments=6 addr=0x7fa0cc49d000', 'SEGMENT (nil) 95f8', 'SEGMENT 0xa000 3c825', 'SEGMENT 0x47000 a974', 'SEGMENT 0x52c80 cfe8', 'SEGMENT 0x60000 1af0', 'SEGMENT 0x62000 e10', 'SEGMENT_HEADER filename=/home/kaiyaok2/.local/lib/python3.10/site-packages/h5py/h5t.cpython-310-x86_64-linux-gnu.so num_segments=6 addr=0x7fa05f526000', 'SEGMENT (nil) acf0', 'SEGMENT 0xb000 4ba21', 'SEGMENT 0x57000 7d94', 'SEGMENT 0x60b38 c3f0', 'SEGMENT 0x6d000 2560', 'SEGMENT 0x70000 1208', 'SEGMENT_HEADER filename=/home/kaiyaok2/.local/lib/python3.10/site-packages/h5py/utils.cpython-310-x86_64-linux-gnu.so num_segments=6 addr=0x7fa0cc81e000', 'SEGMENT (nil) 2b58', 'SEGMENT 0x3000 69a1', 'SEGMENT 0xa000 1918', 'SEGMENT 0xcd00 ee8', 'SEGMENT 0xe000 14e0', 'SEGMENT 0x10000 b20', 'SEGMENT_HEADER filename=/home/kaiyaok2/.local/lib/python3.10/site-packages/h5py/h5s.cpython-310-x86_64-linux-gnu.so num_segments=6 addr=0x7fa0cc47d000', 'SEGMENT (nil) 3c70', 'SEGMENT 0x4000 ffb9', 'SEGMENT 0x14000 2dc8', 'SEGMENT 0x18d28 3528', 'SEGMENT 0x1d000 1360', 'SEGMENT 0x1f000 a90', 'SEGMENT_HEADER filename=/home/kaiyaok2/.local/lib/python3.10/site-packages/h5py/h5ac.cpython-310-x86_64-linux-gnu.so num_segments=6 addr=0x7fa0cc46a000', 'SEGMENT (nil) 26b8', 'SEGMENT 0x3000 8a09', 'SEGMENT 0xc000 27c8', 'SEGMENT 0xfd38 1000', 'SEGMENT 0x11000 fa8', 'SEGMENT 0x12000 910', 'SEGMENT_HEADER filename=/home/kaiyaok2/.local/lib/python3.10/site-packages/h5py/_proxy.cpython-310-x86_64-linux-gnu.so num_segments=6 addr=0x7fa0cc80f000', 'SEGMENT (nil) 1fa8', 'SEGMENT 0x2000 5e25', 'SEGMENT 0x8000 127c', 'SEGMENT 0xad58 aa0', 'SEGMENT 0xc000 1058', 'SEGMENT 0xe000 938', 'SEGMENT_HEADER filename=/home/kaiyaok2/.local/lib/python3.10/site-packages/h5py/h5z.cpython-310-x86_64-linux-gnu.so num_segments=6 addr=0x7fa0cc459000', 'SEGMENT (nil) 2a18', 'SEGMENT 0x3000 581d', 'SEGMENT 0x9000 165c', 'SEGMENT 0xbcf0 1750', 'SEGMENT 0xe000 7c0', 'SEGMENT 0xf000 1300', 'SEGMENT_HEADER filename=/home/kaiyaok2/.local/lib/python3.10/site-packages/h5py/h5a.cpython-310-x86_64-linux-gnu.so num_segments=6 addr=0x7fa0cc433000', 'SEGMENT (nil) 4278', 'SEGMENT 0x5000 13df5', 'SEGMENT 0x19000 3e60', 'SEGMENT 0x1ed08 3738', 'SEGMENT 0x23000 1520', 'SEGMENT 0x25000 b70', 'SEGMENT_HEADER filename=/home/kaiyaok2/.local/lib/python3.10/site-packages/h5py/h5d.cpython-310-x86_64-linux-gnu.so num_segments=6 addr=0x7fa0cc1b4000', 'SEGMENT (nil) 6b48', 'SEGMENT 0x7000 3023d', 'SEGMENT 0x38000 8844', 'SEGMENT 0x41cb0 6c50', 'SEGMENT 0x49000 1d90', 'SEGMENT 0x4b000 ed8', 'SEGMENT_HEADER filename=/home/kaiyaok2/.local/lib/python3.10/site-packages/h5py/h5ds.cpython-310-x86_64-linux-gnu.so num_segments=6 addr=0x7fa05f50d000', 'SEGMENT (nil) 33c0', 'SEGMENT 0x4000 b451', 'SEGMENT 0x10000 2478', 'SEGMENT 0x13d20 1f50', 'SEGMENT 0x16000 13a0', 'SEGMENT 0x18000 ac8', 'SEGMENT_HEADER filename=/home/kaiyaok2/.local/lib/python3.10/site-packages/h5py/h5f.cpython-310-x86_64-linux-gnu.so num_segments=6 addr=0x7fa05f4e5000', 'SEGMENT (nil) 4b40', 'SEGMENT 0x5000 15f6d', 'SEGMENT 0x1b000 381c', 'SEGMENT 0x1fd18 4a80', 'SEGMENT 0x25000 15e0', 'SEGMENT 0x27000 bc0', 'SEGMENT_HEADER filename=/home/kaiyaok2/.local/lib/python3.10/site-packages/h5py/h5g.cpython-310-x86_64-linux-gnu.so num_segments=6 addr=0x7fa05f4b7000', 'SEGMENT (nil) 5290', 'SEGMENT 0x6000 1aae1', 'SEGMENT 0x21000 445c', 'SEGMENT 0x26cc8 4250', 'SEGMENT 0x2b000 18c8', 'SEGMENT 0x2d000 d18', 'SEGMENT_HEADER filename=/home/kaiyaok2/.local/lib/python3.10/site-packages/h5py/h5i.cpython-310-x86_64-linux-gnu.so num_segments=6 addr=0x7fa0cc1a2000', 'SEGMENT (nil) 27e0', 'SEGMENT 0x3000 6be9', 'SEGMENT 0xa000 1364', 'SEGMENT 0xcd38 1720', 'SEGMENT 0xf000 1090', 'SEGMENT 0x11000 958', 'SEGMENT_HEADER filename=/home/kaiyaok2/.local/lib/python3.10/site-packages/h5py/h5fd.cpython-310-x86_64-linux-gnu.so num_segments=6 addr=0x7fa05da68000', 'SEGMENT (nil) 5990', 'SEGMENT 0x6000 20859', 'SEGMENT 0x27000 5e74', 'SEGMENT 0x2ec90 36b8', 'SEGMENT 0x33000 1e48', 'SEGMENT 0x35000 f18', 'SEGMENT_HEADER filename=/home/kaiyaok2/.local/lib/python3.10/site-packages/h5py/h5pl.cpython-310-x86_64-linux-gnu.so num_segments=6 addr=0x7fa05da5b000', 'SEGMENT (nil) 1d80', 'SEGMENT 0x2000 4591', 'SEGMENT 0x7000 10e8', 'SEGMENT 0x9d50 c80', 'SEGMENT 0xb000 e60', 'SEGMENT 0xc000 870', 'SEGMENT_HEADER filename=/home/kaiyaok2/.local/lib/python3.10/site-packages/h5py/h5o.cpython-310-x86_64-linux-gnu.so num_segments=6 addr=0x7fa05da3b000', 'SEGMENT (nil) 44f8', 'SEGMENT 0x5000 ea69', 'SEGMENT 0x14000 3808', 'SEGMENT 0x18d20 3bf0', 'SEGMENT 0x1d000 13f0', 'SEGMENT 0x1f000 ae8', 'SEGMENT_HEADER filename=/home/kaiyaok2/.local/lib/python3.10/site-packages/h5py/h5l.cpython-310-x86_64-linux-gnu.so num_segments=6 addr=0x7fa05da1c000', 'SEGMENT (nil) 3c68', 'SEGMENT 0x4000 f051', 'SEGMENT 0x14000 3388', 'SEGMENT 0x18d18 2d48', 'SEGMENT 0x1c000 1440', 'SEGMENT 0x1e000 b10', 'SEGMENT_HEADER filename=/home/kaiyaok2/.local/lib/python3.10/site-packages/h5py/_selector.cpython-310-x86_64-linux-gnu.so num_segments=6 addr=0x7fa05d9ee000', 'SEGMENT (nil) 5508', 'SEGMENT 0x6000 1aa65', 'SEGMENT 0x21000 4c44', 'SEGMENT 0x26c80 35a8', 'SEGMENT 0x2b000 1e10', 'SEGMENT 0x2d000 f28', 'SEGMENT_HEADER filename=/home/kaiyaok2/.local/lib/python3.10/site-packages/thinc/backends/numpy_ops.cpython-310-x86_64-linux-gnu.so num_segments=4 addr=0x7fa05d814000', 'SEGMENT (nil) 14318', 'SEGMENT 0x15000 a7245', 'SEGMENT 0xbd000 11805', 'SEGMENT 0xcfc00 9c98', 'SEGMENT_HEADER filename=/home/kaiyaok2/.local/lib/python3.10/site-packages/thinc/backends/cblas.cpython-310-x86_64-linux-gnu.so num_segments=4 addr=0x7fa05d7ea000', 'SEGMENT (nil) 5c68', 'SEGMENT 0x6000 1a915', 'SEGMENT 0x21000 4ad0', 'SEGMENT 0x26c10 2e28', 'SEGMENT_HEADER filename=/home/kaiyaok2/.local/lib/python3.10/site-packages/blis/cy.cpython-310-x86_64-linux-gnu.so num_segments=4 addr=0x7fa05c970000', 'SEGMENT (nil) 808d0', 'SEGMENT 0x81000 d35f41', 'SEGMENT 0xdb7000 a6040', 'SEGMENT 0xe5ee70 1a350', 'SEGMENT_HEADER filename=/home/kaiyaok2/.local/lib/python3.10/site-packages/cymem/cymem.cpython-310-x86_64-linux-gnu.so num_segments=4 addr=0x7fa05c956000', 'SEGMENT (nil) 3680', 'SEGMENT 0x4000 e129', 'SEGMENT 0x13000 36f4', 'SEGMENT 0x17d08 1bb8', 'SEGMENT_HEADER filename=/home/kaiyaok2/.local/lib/python3.10/site-packages/preshed/maps.cpython-310-x86_64-linux-gnu.so num_segments=4 addr=0x7fa05c939000', 'SEGMENT (nil) 3980', 'SEGMENT 0x4000 10e29', 'SEGMENT 0x15000 4008', 'SEGMENT 0x1acd8 2240', 'SEGMENT_HEADER filename=/home/kaiyaok2/.local/lib/python3.10/site-packages/thinc/backends/linalg.cpython-310-x86_64-linux-gnu.so num_segments=4 addr=0x7fa05f4ad000', 'SEGMENT (nil) 1bd0', 'SEGMENT 0x2000 3349', 'SEGMENT 0x6000 de0', 'SEGMENT 0x8d70 1080', 'SEGMENT_HEADER filename=/home/kaiyaok2/.local/lib/python3.10/site-packages/blis/py.cpython-310-x86_64-linux-gnu.so num_segments=4 addr=0x7fa05baa1000', 'SEGMENT (nil) 81a88', 'SEGMENT 0x82000 d50d01', 'SEGMENT 0xdd3000 a7a68', 'SEGMENT 0xe7be70 1b230', 'SEGMENT_HEADER filename=/home/kaiyaok2/.local/lib/python3.10/site-packages/murmurhash/mrmr.cpython-310-x86_64-linux-gnu.so num_segments=4 addr=0x7fa05ba92000', 'SEGMENT (nil) 2778', 'SEGMENT 0x3000 78d1', 'SEGMENT 0xb000 1970', 'SEGMENT 0xdd40 d58', 'SEGMENT_HEADER filename=/home/kaiyaok2/.local/lib/python3.10/site-packages/thinc/layers/premap_ids.cpython-310-x86_64-linux-gnu.so num_segments=4 addr=0x7fa05b95b000', 'SEGMENT (nil) 5ea8', 'SEGMENT 0x6000 243b9', 'SEGMENT 0x2b000 63f0', 'SEGMENT 0x32cb8 3f18', 'SEGMENT_HEADER filename=/home/kaiyaok2/.local/lib/python3.10/site-packages/thinc/layers/sparselinear.cpython-310-x86_64-linux-gnu.so num_segments=4 addr=0x7fa05b91c000', 'SEGMENT (nil) 6700', 'SEGMENT 0x7000 2accd', 'SEGMENT 0x32000 6c58', 'SEGMENT 0x39cb0 48e0', 'SEGMENT_HEADER filename=/home/kaiyaok2/.local/lib/python3.10/site-packages/psutil/_psutil_linux.abi3.so num_segments=4 addr=0x7fa0dd43a000', 'SEGMENT (nil) 1e18', 'SEGMENT 0x2000 250d', 'SEGMENT 0x5000 b6c', 'SEGMENT 0x6da8 7e0', 'SEGMENT_HEADER filename=/home/kaiyaok2/.local/lib/python3.10/site-packages/psutil/_psutil_posix.abi3.so num_segments=4 addr=0x7fa0dd433000', 'SEGMENT (nil) 1248', 'SEGMENT 0x2000 175d', 'SEGMENT 0x4000 718', 'SEGMENT 0x5dc0 508', 'SEGMENT_HEADER filename=/usr/lib/python3.10/lib-dynload/mmap.cpython-310-x86_64-linux-gnu.so num_segments=4 addr=0x7fa0dd32a000', 'SEGMENT (nil) 1bc0', 'SEGMENT 0x2000 2ae5', 'SEGMENT 0x5000 15f8', 'SEGMENT 0x7dc8 960', 'SEGMENT_HEADER filename=/home/kaiyaok2/.local/lib/python3.10/site-packages/google/_upb/_message.abi3.so num_segments=4 addr=0x7fa0dd2e4000', 'SEGMENT (nil) 8a58', 'SEGMENT 0x9000 25461', 'SEGMENT 0x2f000 11358', 'SEGMENT 0x417a0 3cd8', 'SEGMENT_HEADER filename=/home/kaiyaok2/.local/lib/python3.10/site-packages/pyarrow/lib.cpython-310-x86_64-linux-gnu.so num_segments=4 addr=0x7fa05a52a000', 'SEGMENT (nil) 53ae0', 'SEGMENT 0x54000 1b2fc9', 'SEGMENT 0x207000 6d548', 'SEGMENT 0x275910 7b220', 'SEGMENT_HEADER filename=/home/kaiyaok2/.local/lib/python3.10/site-packages/pyarrow/libarrow_python.so num_segments=4 addr=0x7fa05a350000', 'SEGMENT (nil) 862a0', 'SEGMENT 0x87000 104435', 'SEGMENT 0x18c000 3e47f', 'SEGMENT 0x1cc3c8 d8f0', 'SEGMENT_HEADER filename=/home/kaiyaok2/.local/lib/python3.10/site-packages/pyarrow/libarrow_dataset.so.1100 num_segments=4 addr=0x7fa05a186000', 'SEGMENT (nil) b0548', 'SEGMENT 0xb1000 c8be5', 'SEGMENT 0x17a000 43bf6', 'SEGMENT 0x1bf7a0 9ba0', 'SEGMENT_HEADER filename=/home/kaiyaok2/.local/lib/python3.10/site-packages/pyarrow/libparquet.so.1100 num_segments=4 addr=0x7fa059a2a000', 'SEGMENT (nil) 197f00', 'SEGMENT 0x198000 3f9a85', 'SEGMENT 0x592000 145a66', 'SEGMENT 0x6d9830 818b0', 'SEGMENT_HEADER filename=/home/kaiyaok2/.local/lib/python3.10/site-packages/pyarrow/libarrow.so.1100 num_segments=4 addr=0x7fa05731a000', 'SEGMENT (nil) 448ed0', 'SEGMENT 0x449000 18d21a5', 'SEGMENT 0x1d1c000 694c72', 'SEGMENT 0x23b2020 35d508', 'SEGMENT_HEADER filename=/home/kaiyaok2/.local/lib/python3.10/site-packages/pyarrow/_hdfsio.cpython-310-x86_64-linux-gnu.so num_segments=4 addr=0x7fa0572f6000', 'SEGMENT (nil) 5d50', 'SEGMENT 0x6000 14f19', 'SEGMENT 0x1b000 3927', 'SEGMENT 0x1fc88 38b8', 'SEGMENT_HEADER filename=/home/kaiyaok2/.local/lib/python3.10/site-packages/pandas/_libs/pandas_parser.cpython-310-x86_64-linux-gnu.so num_segments=4 addr=0x7fa0dd2d8000', 'SEGMENT (nil) 1170', 'SEGMENT 0x2000 5a85', 'SEGMENT 0x8000 15fc', 'SEGMENT 0xad40 4c8', 'SEGMENT_HEADER filename=/home/kaiyaok2/.local/lib/python3.10/site-packages/pandas/_libs/pandas_datetime.cpython-310-x86_64-linux-gnu.so num_segments=4 addr=0x7fa0dd2cf000', 'SEGMENT (nil) eb8', 'SEGMENT 0x1000 477d', 'SEGMENT 0x6000 d38', 'SEGMENT 0x7d88 420', 'SEGMENT_HEADER filename=/home/kaiyaok2/.local/lib/python3.10/site-packages/pandas/_libs/interval.cpython-310-x86_64-linux-gnu.so num_segments=4 addr=0x7fa056085000', 'SEGMENT (nil) 9d90', 'SEGMENT 0xa000 13f059', 'SEGMENT 0x14a000 24460', 'SEGMENT 0x16fca8 9448', 'SEGMENT_HEADER filename=/home/kaiyaok2/.local/lib/python3.10/site-packages/pandas/_libs/hashtable.cpython-310-x86_64-linux-gnu.so num_segments=4 addr=0x7fa055e6c000', 'SEGMENT (nil) f628', 'SEGMENT 0x10000 1b3c29', 'SEGMENT 0x1c4000 3cf80', 'SEGMENT 0x202cc0 15468', 'SEGMENT_HEADER filename=/home/kaiyaok2/.local/lib/python3.10/site-packages/pandas/_libs/missing.cpython-310-x86_64-linux-gnu.so num_segments=4 addr=0x7fa0572c0000', 'SEGMENT (nil) 3d90', 'SEGMENT 0x4000 26179', 'SEGMENT 0x2b000 6a9c', 'SEGMENT 0x32d18 2618', 'SEGMENT_HEADER filename=/home/kaiyaok2/.local/lib/python3.10/site-packages/pandas/_libs/tslibs/dtypes.cpython-310-x86_64-linux-gnu.so num_segments=4 addr=0x7fa05728c000', 'SEGMENT (nil) 3cb8', 'SEGMENT 0x4000 25195', 'SEGMENT 0x2a000 580c', 'SEGMENT 0x30d10 2500', 'SEGMENT_HEADER filename=/home/kaiyaok2/.local/lib/python3.10/site-packages/pandas/_libs/tslibs/ccalendar.cpython-310-x86_64-linux-gnu.so num_segments=4 addr=0x7fa057272000', 'SEGMENT (nil) 2a50', 'SEGMENT 0x3000 11811', 'SEGMENT 0x15000 2c98', 'SEGMENT 0x18d40 1280', 'SEGMENT_HEADER filename=/home/kaiyaok2/.local/lib/python3.10/site-packages/pandas/_libs/tslibs/np_datetime.cpython-310-x86_64-linux-gnu.so num_segments=4 addr=0x7fa05724b000', 'SEGMENT (nil) 32b8', 'SEGMENT 0x4000 1abb1', 'SEGMENT 0x1f000 4bb4', 'SEGMENT 0x24d28 1608', 'SEGMENT_HEADER filename=/home/kaiyaok2/.local/lib/python3.10/site-packages/pandas/_libs/tslibs/conversion.cpython-310-x86_64-linux-gnu.so num_segments=4 addr=0x7fa055d1f000', 'SEGMENT (nil) 4b48', 'SEGMENT 0x5000 39f11', 'SEGMENT 0x3f000 945c', 'SEGMENT 0x49cd8 2de8', 'SEGMENT_HEADER filename=/home/kaiyaok2/.local/lib/python3.10/site-packages/pandas/_libs/tslibs/base.cpython-310-x86_64-linux-gnu.so num_segments=4 addr=0x7fa05723b000', 'SEGMENT (nil) 29d0', 'SEGMENT 0x3000 7fc9', 'SEGMENT 0xb000 1ec4', 'SEGMENT 0xed70 10e8', 'SEGMENT_HEADER filename=/home/kaiyaok2/.local/lib/python3.10/site-packages/pandas/_libs/tslibs/offsets.cpython-310-x86_64-linux-gnu.so num_segments=4 addr=0x7fa055bfc000', 'SEGMENT (nil) aed0', 'SEGMENT 0xb000 e2a15', 'SEGMENT 0xee000 25b64', 'SEGMENT 0x114c60 d518', 'SEGMENT_HEADER filename=/home/kaiyaok2/.local/lib/python3.10/site-packages/pandas/_libs/tslibs/timestamps.cpython-310-x86_64-linux-gnu.so num_segments=4 addr=0x7fa055b57000', 'SEGMENT (nil) 6b50', 'SEGMENT 0x7000 74635', 'SEGMENT 0x7c000 2135c', 'SEGMENT 0x9ec70 53d0', 'SEGMENT_HEADER filename=/home/kaiyaok2/.local/lib/python3.10/site-packages/pandas/_libs/tslibs/nattype.cpython-310-x86_64-linux-gnu.so num_segments=4 addr=0x7fa055b1b000', 'SEGMENT (nil) 4000', 'SEGMENT 0x4000 25b3d', 'SEGMENT 0x2a000 cd40', 'SEGMENT 0x38d18 2d10', 'SEGMENT_HEADER filename=/home/kaiyaok2/.local/lib/python3.10/site-packages/pandas/_libs/tslibs/timedeltas.cpython-310-x86_64-linux-gnu.so num_segments=4 addr=0x7fa055a7a000', 'SEGMENT (nil) 66d0', 'SEGMENT 0x7000 7eab9', 'SEGMENT 0x86000 149a8', 'SEGMENT 0x9bca0 50c0', 'SEGMENT_HEADER filename=/home/kaiyaok2/.local/lib/python3.10/site-packages/pandas/_libs/tslibs/timezones.cpython-310-x86_64-linux-gnu.so num_segments=4 addr=0x7fa055a30000', 'SEGMENT (nil) 45f0', 'SEGMENT 0x5000 36a91', 'SEGMENT 0x3c000 8f80', 'SEGMENT 0x46ce8 2a50', 'SEGMENT_HEADER filename=/usr/lib/python3.10/lib-dynload/_zoneinfo.cpython-310-x86_64-linux-gnu.so num_segments=4 addr=0x7fa0dd2c3000', 'SEGMENT (nil) 1800', 'SEGMENT 0x2000 5901', 'SEGMENT 0x8000 1024', 'SEGMENT 0xade8 8d8', 'SEGMENT_HEADER filename=/home/kaiyaok2/.local/lib/python3.10/site-packages/pandas/_libs/tslibs/fields.cpython-310-x86_64-linux-gnu.so num_segments=4 addr=0x7fa0559da000', 'SEGMENT (nil) 4968', 'SEGMENT 0x5000 41431', 'SEGMENT 0x47000 9cec', 'SEGMENT 0x52ce0 30f0', 'SEGMENT_HEADER filename=/home/kaiyaok2/.local/lib/python3.10/site-packages/pandas/_libs/tslibs/tzconversion.cpython-310-x86_64-linux-gnu.so num_segments=4 addr=0x7fa055985000', 'SEGMENT (nil) 4650', 'SEGMENT 0x5000 4185d', 'SEGMENT 0x47000 913c', 'SEGMENT 0x51cf8 2ea8', 'SEGMENT_HEADER filename=/home/kaiyaok2/.local/lib/python3.10/site-packages/pandas/_libs/properties.cpython-310-x86_64-linux-gnu.so num_segments=4 addr=0x7fa057223000', 'SEGMENT (nil) 3008', 'SEGMENT 0x4000 dd89', 'SEGMENT 0x12000 2a28', 'SEGMENT 0x15d60 1578', 'SEGMENT_HEADER filename=/home/kaiyaok2/.local/lib/python3.10/site-packages/pandas/_libs/tslibs/parsing.cpython-310-x86_64-linux-gnu.so num_segments=4 addr=0x7fa055913000', 'SEGMENT (nil) 5b48', 'SEGMENT 0x6000 58d51', 'SEGMENT 0x5f000 d2cc', 'SEGMENT 0x6dc80 3df0', 'SEGMENT_HEADER filename=/home/kaiyaok2/.local/lib/python3.10/site-packages/pandas/_libs/tslibs/strptime.cpython-310-x86_64-linux-gnu.so num_segments=4 addr=0x7fa0558ac000', 'SEGMENT (nil) 4bd8', 'SEGMENT 0x5000 51189', 'SEGMENT 0x57000 a108', 'SEGMENT 0x62cd0 33b0', 'SEGMENT_HEADER filename=/home/kaiyaok2/.local/lib/python3.10/site-packages/pandas/_libs/tslibs/period.cpython-310-x86_64-linux-gnu.so num_segments=4 addr=0x7fa055827000', 'SEGMENT (nil) 5e48', 'SEGMENT 0x6000 5f721', 'SEGMENT 0x66000 18870', 'SEGMENT 0x7fcb8 4460', 'SEGMENT_HEADER filename=/home/kaiyaok2/.local/lib/python3.10/site-packages/pandas/_libs/tslibs/vectorized.cpython-310-x86_64-linux-gnu.so num_segments=4 addr=0x7fa0557e8000', 'SEGMENT (nil) 42f0', 'SEGMENT 0x5000 2c7f5', 'SEGMENT 0x32000 8328', 'SEGMENT 0x3bd00 25d0', 'SEGMENT_HEADER filename=/home/kaiyaok2/.local/lib/python3.10/site-packages/pandas/_libs/ops_dispatch.cpython-310-x86_64-linux-gnu.so num_segments=4 addr=0x7fa057213000', 'SEGMENT (nil) 26f8', 'SEGMENT 0x3000 8641', 'SEGMENT 0xc000 19e0', 'SEGMENT 0xed70 f78', 'SEGMENT_HEADER filename=/home/kaiyaok2/.local/lib/python3.10/site-packages/pandas/_libs/algos.cpython-310-x86_64-linux-gnu.so num_segments=4 addr=0x7fa0554cb000', 'SEGMENT (nil) 8180', 'SEGMENT 0x9000 1e5369', 'SEGMENT 0x1ef000 2330c', 'SEGMENT 0x213cc8 8760', 'SEGMENT_HEADER filename=/home/kaiyaok2/.local/lib/python3.10/site-packages/pandas/_libs/lib.cpython-310-x86_64-linux-gnu.so num_segments=4 addr=0x7fa0553e2000', 'SEGMENT (nil) 7e18', 'SEGMENT 0x8000 bcf81', 'SEGMENT 0xc5000 18e14', 'SEGMENT 0xdfca0 83b0', 'SEGMENT_HEADER filename=/home/kaiyaok2/.local/lib/python3.10/site-packages/pyarrow/_compute.cpython-310-x86_64-linux-gnu.so num_segments=4 addr=0x7fa055308000', 'SEGMENT (nil) 31790', 'SEGMENT 0x32000 6e5d1', 'SEGMENT 0xa1000 1c928', 'SEGMENT 0xbf1e8 1a090', 'SEGMENT_HEADER filename=/home/kaiyaok2/.local/lib/python3.10/site-packages/pandas/_libs/ops.cpython-310-x86_64-linux-gnu.so num_segments=4 addr=0x7fa0551c4000', 'SEGMENT (nil) 45d8', 'SEGMENT 0x5000 31225', 'SEGMENT 0x37000 7e3c', 'SEGMENT 0x40ce0 2848', 'SEGMENT_HEADER filename=/home/kaiyaok2/.local/lib/python3.10/site-packages/pandas/_libs/hashing.cpython-310-x86_64-linux-gnu.so num_segments=4 addr=0x7fa05508c000', 'SEGMENT (nil) 4368', 'SEGMENT 0x5000 262b5', 'SEGMENT 0x2c000 70a8', 'SEGMENT 0x34cf8 2490', 'SEGMENT_HEADER filename=/home/kaiyaok2/.local/lib/python3.10/site-packages/pandas/_libs/arrays.cpython-310-x86_64-linux-gnu.so num_segments=4 addr=0x7fa05506a000', 'SEGMENT (nil) 36d0', 'SEGMENT 0x4000 15f21', 'SEGMENT 0x1a000 3e38', 'SEGMENT 0x1fd38 1a60', 'SEGMENT_HEADER filename=/home/kaiyaok2/.local/lib/python3.10/site-packages/pandas/_libs/tslib.cpython-310-x86_64-linux-gnu.so num_segments=4 addr=0x7fa054f15000', 'SEGMENT (nil) 4af8', 'SEGMENT 0x5000 41621', 'SEGMENT 0x47000 9980', 'SEGMENT 0x51cd0 2c68', 'SEGMENT_HEADER filename=/home/kaiyaok2/.local/lib/python3.10/site-packages/pandas/_libs/sparse.cpython-310-x86_64-linux-gnu.so num_segments=4 addr=0x7fa054e21000', 'SEGMENT (nil) 58e0', 'SEGMENT 0x6000 d6451', 'SEGMENT 0xdd000 1038c', 'SEGMENT 0xeecf0 4eb8', 'SEGMENT_HEADER filename=/home/kaiyaok2/.local/lib/python3.10/site-packages/pandas/_libs/internals.cpython-310-x86_64-linux-gnu.so num_segments=4 addr=0x7fa054cb9000', 'SEGMENT (nil) 5df8', 'SEGMENT 0x6000 4e215', 'SEGMENT 0x55000 c1c8', 'SEGMENT 0x62c98 4a08', 'SEGMENT_HEADER filename=/home/kaiyaok2/.local/lib/python3.10/site-packages/pandas/_libs/indexing.cpython-310-x86_64-linux-gnu.so num_segments=4 addr=0x7fa057202000', 'SEGMENT (nil) 2bf0', 'SEGMENT 0x3000 8d2d', 'SEGMENT 0xc000 20d4', 'SEGMENT 0xfd70 11a8', 'SEGMENT_HEADER filename=/home/kaiyaok2/.local/lib/python3.10/site-packages/pandas/_libs/index.cpython-310-x86_64-linux-gnu.so num_segments=4 addr=0x7fa054ac7000', 'SEGMENT (nil) 9400', 'SEGMENT 0xa000 c2639', 'SEGMENT 0xcd000 189e8', 'SEGMENT 0xe6c80 b2b8', 'SEGMENT_HEADER filename=/home/kaiyaok2/.local/lib/python3.10/site-packages/pandas/_libs/writers.cpython-310-x86_64-linux-gnu.so num_segments=4 addr=0x7fa054a86000', 'SEGMENT (nil) 4850', 'SEGMENT 0x5000 2e84d', 'SEGMENT 0x34000 7e0c', 'SEGMENT 0x3dce0 2a28', 'SEGMENT_HEADER filename=/home/kaiyaok2/.local/lib/python3.10/site-packages/pandas/_libs/join.cpython-310-x86_64-linux-gnu.so num_segments=4 addr=0x7fa05492b000', 'SEGMENT (nil) 5e40', 'SEGMENT 0x6000 13eb39', 'SEGMENT 0x145000 f1e4', 'SEGMENT 0x155cd8 5310', 'SEGMENT_HEADER filename=/home/kaiyaok2/.local/lib/python3.10/site-packages/pandas/_libs/window/aggregations.cpython-310-x86_64-linux-gnu.so num_segments=4 addr=0x7fa0547c6000', 'SEGMENT (nil) 51b8', 'SEGMENT 0x6000 4f811', 'SEGMENT 0x56000 a6fc', 'SEGMENT 0x61ca0 3188', 'SEGMENT_HEADER filename=/home/kaiyaok2/.local/lib/python3.10/site-packages/pandas/_libs/window/indexers.cpython-310-x86_64-linux-gnu.so num_segments=4 addr=0x7fa05478f000', 'SEGMENT (nil) 4150', 'SEGMENT 0x5000 25585', 'SEGMENT 0x2b000 6fd8', 'SEGMENT 0x33d08 2460', 'SEGMENT_HEADER filename=/home/kaiyaok2/.local/lib/python3.10/site-packages/pandas/_libs/reshape.cpython-310-x86_64-linux-gnu.so num_segments=4 addr=0x7fa054642000', 'SEGMENT (nil) 4c88', 'SEGMENT 0x5000 3a6b1', 'SEGMENT 0x40000 858c', 'SEGMENT 0x49cd8 2f70', 'SEGMENT_HEADER filename=/home/kaiyaok2/.local/lib/python3.10/site-packages/pandas/_libs/groupby.cpython-310-x86_64-linux-gnu.so num_segments=4 addr=0x7fa0543c4000', 'SEGMENT (nil) 7f60', 'SEGMENT 0x8000 2412d1', 'SEGMENT 0x24a000 29470', 'SEGMENT 0x274c88 84a0', 'SEGMENT_HEADER filename=/home/kaiyaok2/.local/lib/python3.10/site-packages/pandas/_libs/json.cpython-310-x86_64-linux-gnu.so num_segments=4 addr=0x7fa0542b3000', 'SEGMENT (nil) 1c10', 'SEGMENT 0x2000 81e9', 'SEGMENT 0xb000 3188', 'SEGMENT 0xfd70 620', 'SEGMENT_HEADER filename=/home/kaiyaok2/.local/lib/python3.10/site-packages/pandas/_libs/parsers.cpython-310-x86_64-linux-gnu.so num_segments=4 addr=0x7fa05421f000', 'SEGMENT (nil) 64e0', 'SEGMENT 0x7000 78b69', 'SEGMENT 0x80000 d4f0', 'SEGMENT 0x8ec68 4d70', 'SEGMENT_HEADER filename=/home/kaiyaok2/.local/lib/python3.10/site-packages/pandas/_libs/testing.cpython-310-x86_64-linux-gnu.so num_segments=4 addr=0x7fa0540fe000', 'SEGMENT (nil) 3268', 'SEGMENT 0x4000 16051', 'SEGMENT 0x1b000 2e14', 'SEGMENT 0x1fd10 1210', 'SEGMENT_HEADER filename=/home/kaiyaok2/.local/lib/python3.10/site-packages/scipy/_lib/_ccallback_c.cpython-310-x86_64-linux-gnu.so num_segments=4 addr=0x7fa0540ec000', 'SEGMENT (nil) 3138', 'SEGMENT 0x4000 81e9', 'SEGMENT 0xd000 1768', 'SEGMENT 0xfd30 18e8', 'SEGMENT_HEADER filename=/home/kaiyaok2/.local/lib/python3.10/site-packages/scipy/sparse/_sparsetools.cpython-310-x86_64-linux-gnu.so num_segments=4 addr=0x7fa04fa02000', 'SEGMENT (nil) 2c10', 'SEGMENT 0x3000 3a79f5', 'SEGMENT 0x3ab000 4ffc9', 'SEGMENT 0x3fcd10 fd0', 'SEGMENT_HEADER filename=/home/kaiyaok2/.local/lib/python3.10/site-packages/scipy/sparse/_csparsetools.cpython-310-x86_64-linux-gnu.so num_segments=4 addr=0x7fa05405c000', 'SEGMENT (nil) 9e50', 'SEGMENT 0xa000 6e309', 'SEGMENT 0x79000 d5ac', 'SEGMENT 0x87cd0 7e48', 'SEGMENT_HEADER filename=/home/kaiyaok2/.local/lib/python3.10/site-packages/scipy/sparse/linalg/_isolve/_iterative.cpython-310-x86_64-linux-gnu.so num_segments=6 addr=0x7fa05401d000', 'SEGMENT (nil) 3d18', 'SEGMENT 0x4000 2435d', 'SEGMENT 0x29000 9034', 'SEGMENT 0x33d78 78e0', 'SEGMENT 0x3c000 1070', 'SEGMENT 0x3e000 838', 'SEGMENT_HEADER filename=/home/kaiyaok2/.local/lib/python3.10/site-packages/scipy/sparse/linalg/_isolve/../../../../scipy.libs/libopenblasp-r0-23e5df77.3.21.dev.so num_segments=7 addr=0x7fa04db85000', 'SEGMENT (nil) f9968', 'SEGMENT 0xfa000 7a20', 'SEGMENT 0x108000 1ab7ae9', 'SEGMENT 0x1bc0000 1f9d78', 'SEGMENT 0x1dbb5c0 26318', 'SEGMENT 0x1de2000 59c28', 'SEGMENT 0x1e3c000 402f0', 'SEGMENT_HEADER filename=/home/kaiyaok2/.local/lib/python3.10/site-packages/scipy/linalg/_fblas.cpython-310-x86_64-linux-gnu.so num_segments=6 addr=0x7fa0142ce000', 'SEGMENT (nil) dad8', 'SEGMENT 0xe000 4696d', 'SEGMENT 0x55000 1ffec', 'SEGMENT 0x76d18 25e60', 'SEGMENT 0x9d000 1f58', 'SEGMENT 0x9f000 b80', 'SEGMENT_HEADER filename=/home/kaiyaok2/.local/lib/python3.10/site-packages/scipy/linalg/_flapack.cpython-310-x86_64-linux-gnu.so num_segments=6 addr=0x7fa0140b4000', 'SEGMENT (nil) 25c00', 'SEGMENT 0x26000 f735d', 'SEGMENT 0x11e000 6b01c', 'SEGMENT 0x18ad10 87ca8', 'SEGMENT 0x213000 4bd8', 'SEGMENT 0x218000 17a0', 'SEGMENT_HEADER filename=/home/kaiyaok2/.local/lib/python3.10/site-packages/scipy/linalg/_cythonized_array_utils.cpython-310-x86_64-linux-gnu.so num_segments=4 addr=0x7fa014043000', 'SEGMENT (nil) 77c0', 'SEGMENT 0x8000 540e1', 'SEGMENT 0x5d000 bc74', 'SEGMENT 0x69cf8 6b20', 'SEGMENT_HEADER filename=/home/kaiyaok2/.local/lib/python3.10/site-packages/scipy/linalg/cython_lapack.cpython-310-x86_64-linux-gnu.so num_segments=6 addr=0x7fa013fa1000', 'SEGMENT (nil) 16d08', 'SEGMENT 0x17000 1bbf1', 'SEGMENT 0x33000 57e14', 'SEGMENT 0x8cd88 37c8', 'SEGMENT 0x91000 c770', 'SEGMENT 0x9e000 35e0', 'SEGMENT_HEADER filename=/home/kaiyaok2/.local/lib/python3.10/site-packages/scipy/linalg/_solve_toeplitz.cpython-310-x86_64-linux-gnu.so num_segments=4 addr=0x7fa013e66000', 'SEGMENT (nil) 5f10', 'SEGMENT 0x6000 282c9', 'SEGMENT 0x2f000 6a30', 'SEGMENT 0x36cf8 4278', 'SEGMENT_HEADER filename=/home/kaiyaok2/.local/lib/python3.10/site-packages/scipy/linalg/_decomp_lu_cython.cpython-310-x86_64-linux-gnu.so num_segments=4 addr=0x7fa013e31000', 'SEGMENT (nil) 4f98', 'SEGMENT 0x5000 24f31', 'SEGMENT 0x2a000 624c', 'SEGMENT 0x31d08 3190', 'SEGMENT_HEADER filename=/home/kaiyaok2/.local/lib/python3.10/site-packages/scipy/linalg/_matfuncs_sqrtm_triu.cpython-310-x86_64-linux-gnu.so num_segments=4 addr=0x7fa013dfb000', 'SEGMENT (nil) 5ab8', 'SEGMENT 0x6000 235e1', 'SEGMENT 0x2a000 68dc', 'SEGMENT 0x31d00 3950', 'SEGMENT_HEADER filename=/home/kaiyaok2/.local/lib/python3.10/site-packages/scipy/linalg/_matfuncs_expm.cpython-310-x86_64-linux-gnu.so num_segments=4 addr=0x7fa013d9b000', 'SEGMENT (nil) 6f88', 'SEGMENT 0x7000 46a41', 'SEGMENT 0x4e000 a6e4', 'SEGMENT 0x59cc8 53e8', 'SEGMENT_HEADER filename=/home/kaiyaok2/.local/lib/python3.10/site-packages/scipy/linalg/cython_blas.cpython-310-x86_64-linux-gnu.so num_segments=6 addr=0x7fa013d58000', 'SEGMENT (nil) 73f8', 'SEGMENT 0x8000 231a1', 'SEGMENT 0x2c000 c50c', 'SEGMENT 0x39cf8 36a0', 'SEGMENT 0x3e000 2d28', 'SEGMENT 0x41000 1188', 'SEGMENT_HEADER filename=/home/kaiyaok2/.local/lib/python3.10/site-packages/scipy/linalg/_decomp_update.cpython-310-x86_64-linux-gnu.so num_segments=4 addr=0x7fa013d0a000', 'SEGMENT (nil) 42b0', 'SEGMENT 0x5000 354fd', 'SEGMENT 0x3b000 b1a0', 'SEGMENT 0x47d38 5e10', 'SEGMENT_HEADER filename=/home/kaiyaok2/.local/lib/python3.10/site-packages/scipy/linalg/_flinalg.cpython-310-x86_64-linux-gnu.so num_segments=6 addr=0x7fa054009000', 'SEGMENT (nil) 1f28', 'SEGMENT 0x2000 804d', 'SEGMENT 0xb000 283c', 'SEGMENT 0xed90 2a60', 'SEGMENT 0x12000 cd0', 'SEGMENT 0x13000 738', 'SEGMENT_HEADER filename=/home/kaiyaok2/.local/lib/python3.10/site-packages/scipy/sparse/linalg/_dsolve/_superlu.cpython-310-x86_64-linux-gnu.so num_segments=6 addr=0x7fa013cb3000', 'SEGMENT (nil) 27d8', 'SEGMENT 0x3000 43cc5', 'SEGMENT 0x47000 a39c', 'SEGMENT 0x52d78 11a8', 'SEGMENT 0x54000 11d0', 'SEGMENT 0x56000 828', 'SEGMENT_HEADER filename=/home/kaiyaok2/.local/lib/python3.10/site-packages/scipy/sparse/linalg/_eigen/arpack/_arpack.cpython-310-x86_64-linux-gnu.so num_segments=6 addr=0x7fa013c42000', 'SEGMENT (nil) 5238', 'SEGMENT 0x6000 4a28d', 'SEGMENT 0x51000 fbc4', 'SEGMENT 0x61d60 b740', 'SEGMENT 0x6e000 1c40', 'SEGMENT 0x70000 bf0', 'SEGMENT_HEADER filename=/home/kaiyaok2/.local/lib/python3.10/site-packages/scipy/sparse/csgraph/_shortest_path.cpython-310-x86_64-linux-gnu.so num_segments=4 addr=0x7fa013bd8000', 'SEGMENT (nil) 6de0', 'SEGMENT 0x7000 4a095', 'SEGMENT 0x52000 c5c8', 'SEGMENT 0x5fcf8 9920', 'SEGMENT_HEADER filename=/home/kaiyaok2/.local/lib/python3.10/site-packages/scipy/sparse/csgraph/_tools.cpython-310-x86_64-linux-gnu.so num_segments=4 addr=0x7fa013bae000', 'SEGMENT (nil) 3938', 'SEGMENT 0x4000 183a5', 'SEGMENT 0x1d000 5db8', 'SEGMENT 0x24d48 5110', 'SEGMENT_HEADER filename=/home/kaiyaok2/.local/lib/python3.10/site-packages/scipy/sparse/csgraph/_traversal.cpython-310-x86_64-linux-gnu.so num_segments=4 addr=0x7fa013b2b000', 'SEGMENT (nil) 78b0', 'SEGMENT 0x8000 64585', 'SEGMENT 0x6d000 c96c', 'SEGMENT 0x7acf0 7ca8', 'SEGMENT_HEADER filename=/home/kaiyaok2/.local/lib/python3.10/site-packages/scipy/sparse/csgraph/_min_spanning_tree.cpython-310-x86_64-linux-gnu.so num_segments=4 addr=0x7fa013af8000', 'SEGMENT (nil) 5058', 'SEGMENT 0x6000 20fed', 'SEGMENT 0x27000 66ec', 'SEGMENT 0x2ed08 3cf8', 'SEGMENT_HEADER filename=/home/kaiyaok2/.local/lib/python3.10/site-packages/scipy/sparse/csgraph/_flow.cpython-310-x86_64-linux-gnu.so num_segments=4 addr=0x7fa013ab0000', 'SEGMENT (nil) 65c0', 'SEGMENT 0x7000 2e7c1', 'SEGMENT 0x36000 907c', 'SEGMENT 0x40cf8 6620', 'SEGMENT_HEADER filename=/home/kaiyaok2/.local/lib/python3.10/site-packages/scipy/sparse/csgraph/_matching.cpython-310-x86_64-linux-gnu.so num_segments=4 addr=0x7fa013a68000', 'SEGMENT (nil) 5788', 'SEGMENT 0x6000 2f9ad', 'SEGMENT 0x36000 8fd8', 'SEGMENT 0x40d08 67a8', 'SEGMENT_HEADER filename=/home/kaiyaok2/.local/lib/python3.10/site-packages/scipy/sparse/csgraph/_reordering.cpython-310-x86_64-linux-gnu.so num_segments=4 addr=0x7fa013a26000', 'SEGMENT (nil) 65e0', 'SEGMENT 0x7000 2cb4d', 'SEGMENT 0x34000 7b7c', 'SEGMENT 0x3ccf0 51e8', 'SEGMENT_HEADER filename=/home/kaiyaok2/.local/lib/python3.10/site-packages/memray/_memray.cpython-310-x86_64-linux-gnu.so num_segments=5 addr=0x7fa013400000', 'SEGMENT (nil) cfa96', 'SEGMENT 0x2cfd48 ea70', 'SEGMENT 0x2df000 7f88', 'SEGMENT 0x2e7000 74c0', 'SEGMENT 0x2ef000 7738', 'SEGMENT_HEADER filename=/home/kaiyaok2/.local/lib/python3.10/site-packages/memray/../memray.libs/liblz4-c29043df.so.1.7.1 num_segments=3 addr=0x7fa013000000', 'SEGMENT (nil) aab4', 'SEGMENT 0x20aab8 3e8', 'SEGMENT 0x20b000 c60', 'SEGMENT_HEADER filename=/home/kaiyaok2/.local/lib/python3.10/site-packages/memray/../memray.libs/libunwind-92483c07.so.8.0.1 num_segments=3 addr=0x7fa012c00000', 'SEGMENT (nil) 98a8', 'SEGMENT 0x2098a8 f140', 'SEGMENT 0x219000 5b0', 'SEGMENT_HEADER filename=/home/kaiyaok2/.local/lib/python3.10/site-packages/memray/_test_utils.cpython-310-x86_64-linux-gnu.so num_segments=2 addr=0x7fa012800000', 'SEGMENT (nil) 25f50', 'SEGMENT 0x226cb0 2b30', 'SEGMENT_HEADER filename=/tmp/pytest-of-kaiyaok2/pytest-61/test_misbehaving_extension0/misbehaving_extension/misbehaving.cpython-310-x86_64-linux-gnu.so num_segments=4 addr=0x7f9fb002a000', 'SEGMENT (nil) c08', 'SEGMENT 0x1000 595', 'SEGMENT 0x2000 260', 'SEGMENT 0x3df8 3d8', 'SEGMENT_HEADER filename=/tmp/pytest-of-kaiyaok2/pytest-61/test_inlined_call_chain_with_n0/multithreaded_extension/native_ext.cpython-310-x86_64-linux-gnu.so num_segments=4 addr=0x7f9faffac000', 'SEGMENT (nil) b00', 'SEGMENT 0x1000 535', 'SEGMENT 0x2000 3ec', 'SEGMENT 0x3e08 3c8', 'SEGMENT_HEADER filename=/tmp/pytest-of-kaiyaok2/pytest-61/test_valloc_at_thread_exit0/multithreaded_extension/testext.cpython-310-x86_64-linux-gnu.so num_segments=4 addr=0x7f9fac719000', 'SEGMENT (nil) 918', 'SEGMENT 0x1000 59d', 'SEGMENT 0x2000 2d8', 'SEGMENT 0x3e08 6b8', 'NATIVE_TRACE_INDEX ip=(nil) index=0', 'NATIVE_TRACE_INDEX ip=0x563ef2da2f25 index=1', 'NATIVE_TRACE_INDEX ip=0x7fa11d13ae40 index=2', 'NATIVE_TRACE_INDEX ip=0x7fa11d13ad90 index=3', 'NATIVE_TRACE_INDEX ip=0x563ef2da302d index=4', 'NATIVE_TRACE_INDEX ip=0x563ef2dcc8c8 index=5', 'NATIVE_TRACE_INDEX ip=0x563ef2dcdc2d index=6', 'NATIVE_TRACE_INDEX ip=0x563ef2cd59fc index=7', 'NATIVE_TRACE_INDEX ip=0x563ef2cbe26d index=8', 'NATIVE_TRACE_INDEX ip=0x563ef2cd59fc index=9', 'NATIVE_TRACE_INDEX ip=0x563ef2cbe26d index=10', 'NATIVE_TRACE_INDEX ip=0x563ef2cd5c59 index=11', 'NATIVE_TRACE_INDEX ip=0x563ef2db5e2d index=12', 'NATIVE_TRACE_INDEX ip=0x563ef2db0256 index=13', 'NATIVE_TRACE_INDEX ip=0x563ef2cba9c6 index=14', 'NATIVE_TRACE_INDEX ip=0x563ef2cc3cfa index=15', 'NATIVE_TRACE_INDEX ip=0x563ef2cd59fc index=16', 'NATIVE_TRACE_INDEX ip=0x563ef2cbe26d index=17', 'NATIVE_TRACE_INDEX ip=0x563ef2cd59fc index=18', 'NATIVE_TRACE_INDEX ip=0x563ef2cc5150 index=19', 'NATIVE_TRACE_INDEX ip=0x563ef2ccba7b index=20', 'NATIVE_TRACE_INDEX ip=0x563ef2dfb700 index=21', 'NATIVE_TRACE_INDEX ip=0x563ef2ce086c index=22', 'NATIVE_TRACE_INDEX ip=0x563ef2ccacbd index=23', 'NATIVE_TRACE_INDEX ip=0x563ef2cd59fc index=24', 'NATIVE_TRACE_INDEX ip=0x563ef2cc3cfa index=25', 'NATIVE_TRACE_INDEX ip=0x563ef2ce37f1 index=26', 'NATIVE_TRACE_INDEX ip=0x563ef2cc3cfa index=27', 'NATIVE_TRACE_INDEX ip=0x563ef2cd59fc index=28', 'NATIVE_TRACE_INDEX ip=0x563ef2cc05d7 index=29', 'NATIVE_TRACE_INDEX ip=0x563ef2cd59fc index=30', 'NATIVE_TRACE_INDEX ip=0x563ef2cbe26d index=31', 'NATIVE_TRACE_INDEX ip=0x563ef2cd59fc index=32', 'NATIVE_TRACE_INDEX ip=0x563ef2cbe26d index=33', 'NATIVE_TRACE_INDEX ip=0x563ef2cd59fc index=34', 'NATIVE_TRACE_INDEX ip=0x563ef2cc5150 index=35', 'NATIVE_TRACE_INDEX ip=0x563ef2ccba7b index=36', 'NATIVE_TRACE_INDEX ip=0x563ef2dfb700 index=37', 'NATIVE_TRACE_INDEX ip=0x563ef2ce086c index=38', 'NATIVE_TRACE_INDEX ip=0x563ef2ccacbd index=39', 'NATIVE_TRACE_INDEX ip=0x563ef2cd59fc index=40', 'NATIVE_TRACE_INDEX ip=0x563ef2cc3cfa index=41', 'NATIVE_TRACE_INDEX ip=0x563ef2ce37f1 index=42', 'NATIVE_TRACE_INDEX ip=0x563ef2cc3cfa index=43', 'NATIVE_TRACE_INDEX ip=0x563ef2cd59fc index=44', 'NATIVE_TRACE_INDEX ip=0x563ef2cc05d7 index=45', 'NATIVE_TRACE_INDEX ip=0x563ef2cd59fc index=46', 'NATIVE_TRACE_INDEX ip=0x563ef2cc58af index=47', 'NATIVE_TRACE_INDEX ip=0x563ef2ccba7b index=48', 'NATIVE_TRACE_INDEX ip=0x563ef2dfb700 index=49', 'NATIVE_TRACE_INDEX ip=0x563ef2ce086c index=50', 'NATIVE_TRACE_INDEX ip=0x563ef2ccacbd index=51', 'NATIVE_TRACE_INDEX ip=0x563ef2cd59fc index=52', 'NATIVE_TRACE_INDEX ip=0x563ef2cc51f2 index=53', 'NATIVE_TRACE_INDEX ip=0x563ef2d7e1c2 index=54', 'NATIVE_TRACE_INDEX ip=0x563ef2ce37f1 index=55', 'NATIVE_TRACE_INDEX ip=0x563ef2cc51f2 index=56', 'NATIVE_TRACE_INDEX ip=0x563ef2d7e1c2 index=57', 'NATIVE_TRACE_INDEX ip=0x563ef2cd59fc index=58', 'NATIVE_TRACE_INDEX ip=0x563ef2cc05d7 index=59', 'NATIVE_TRACE_INDEX ip=0x563ef2cd59fc index=60', 'NATIVE_TRACE_INDEX ip=0x563ef2cc58af index=61', 'NATIVE_TRACE_INDEX ip=0x563ef2d7e1c2 index=62', 'NATIVE_TRACE_INDEX ip=0x563ef2cd59fc index=63', 'NATIVE_TRACE_INDEX ip=0x563ef2cc4cbc index=64', 'NATIVE_TRACE_INDEX ip=0x563ef2d7e1c2 index=65', 'NATIVE_TRACE_INDEX ip=0x563ef2cd59fc index=66', 'NATIVE_TRACE_INDEX ip=0x563ef2cc05d7 index=67', 'NATIVE_TRACE_INDEX ip=0x563ef2cd59fc index=68', 'NATIVE_TRACE_INDEX ip=0x563ef2cc58af index=69', 'NATIVE_TRACE_INDEX ip=0x563ef2d7e1c2 index=70', 'NATIVE_TRACE_INDEX ip=0x563ef2ce37f1 index=71', 'NATIVE_TRACE_INDEX ip=0x563ef2cc4cbc index=72', 'NATIVE_TRACE_INDEX ip=0x563ef2d7e1c2 index=73', 'NATIVE_TRACE_INDEX ip=0x563ef2cd59fc index=74', 'NATIVE_TRACE_INDEX ip=0x563ef2cc05d7 index=75', 'NATIVE_TRACE_INDEX ip=0x563ef2ce442b index=76', 'NATIVE_TRACE_INDEX ip=0x563ef2dfb700 index=77', 'NATIVE_TRACE_INDEX ip=0x563ef2ce086c index=78', 'NATIVE_TRACE_INDEX ip=0x563ef2ccacbd index=79', 'NATIVE_TRACE_INDEX ip=0x563ef2cd59fc index=80', 'NATIVE_TRACE_INDEX ip=0x563ef2cc51f2 index=81', 'NATIVE_TRACE_INDEX ip=0x563ef2d7e1c2 index=82', 'NATIVE_TRACE_INDEX ip=0x563ef2ce37f1 index=83', 'NATIVE_TRACE_INDEX ip=0x563ef2cc51f2 index=84', 'NATIVE_TRACE_INDEX ip=0x563ef2d7e1c2 index=85', 'NATIVE_TRACE_INDEX ip=0x563ef2cd59fc index=86', 'NATIVE_TRACE_INDEX ip=0x563ef2cc05d7 index=87', 'NATIVE_TRACE_INDEX ip=0x563ef2cd59fc index=88', 'NATIVE_TRACE_INDEX ip=0x563ef2cc5019 index=89', 'NATIVE_TRACE_INDEX ip=0x563ef2d7e1c2 index=90', 'NATIVE_TRACE_INDEX ip=0x563ef2cd59fc index=91', 'NATIVE_TRACE_INDEX ip=0x563ef2cc58af index=92', 'NATIVE_TRACE_INDEX ip=0x563ef2ccba7b index=93', 'NATIVE_TRACE_INDEX ip=0x563ef2dfb700 index=94', 'NATIVE_TRACE_INDEX ip=0x563ef2ce086c index=95', 'NATIVE_TRACE_INDEX ip=0x563ef2ccacbd index=96', 'NATIVE_TRACE_INDEX ip=0x563ef2cd59fc index=97', 'NATIVE_TRACE_INDEX ip=0x563ef2cc51f2 index=98', 'NATIVE_TRACE_INDEX ip=0x563ef2d7e1c2 index=99', 'NATIVE_TRACE_INDEX ip=0x563ef2ce37f1 index=100', 'NATIVE_TRACE_INDEX ip=0x563ef2cc51f2 index=101', 'NATIVE_TRACE_INDEX ip=0x563ef2d7e1c2 index=102', 'NATIVE_TRACE_INDEX ip=0x563ef2cd59fc index=103', 'NATIVE_TRACE_INDEX ip=0x563ef2cc05d7 index=104', 'NATIVE_TRACE_INDEX ip=0x563ef2cd59fc index=105', 'NATIVE_TRACE_INDEX ip=0x563ef2cc05d7 index=106', 'NATIVE_TRACE_INDEX ip=0x563ef2ce4492 index=107', 'NATIVE_TRACE_INDEX ip=0x563ef2ce37f1 index=108', 'NATIVE_TRACE_INDEX ip=0x563ef2cc5019 index=109', 'NATIVE_TRACE_INDEX ip=0x563ef2d7e1c2 index=110', 'NATIVE_TRACE_INDEX ip=0x563ef2cd59fc index=111', 'NATIVE_TRACE_INDEX ip=0x563ef2cc5019 index=112', 'NATIVE_TRACE_INDEX ip=0x563ef2d7e1c2 index=113', 'NATIVE_TRACE_INDEX ip=0x7fa012817b6b index=114', 'PYTHON_FRAME_INDEX frame_id=22 function_name=valloc filename=/home/kaiyaok2/.local/lib/python3.10/site-packages/memray/_test.py lineno=44 is_entry_frame=1', 'PYTHON_FRAME_INDEX frame_id=21 function_name=test_successful_parse_of_aggregated_capture_file filename=/home/kaiyaok2/PythonProjects/memray/tests/integration/test_main.py lineno=556 is_entry_frame=1', 'PYTHON_FRAME_INDEX frame_id=20 function_name=pytest_pyfunc_call filename=/home/kaiyaok2/.local/lib/python3.10/site-packages/_pytest/python.py lineno=194 is_entry_frame=1', 'PYTHON_FRAME_INDEX frame_id=19 function_name=runtest filename=/home/kaiyaok2/.local/lib/python3.10/site-packages/_pytest/python.py lineno=1792 is_entry_frame=1', 'PYTHON_FRAME_INDEX frame_id=18 function_name=pytest_runtest_call filename=/home/kaiyaok2/.local/lib/python3.10/site-packages/_pytest/runner.py lineno=169 is_entry_frame=1', 'PYTHON_FRAME_INDEX frame_id=17 function_name=<lambda> filename=/home/kaiyaok2/.local/lib/python3.10/site-packages/_pytest/runner.py lineno=262 is_entry_frame=1', 'PYTHON_FRAME_INDEX frame_id=16 function_name=from_call filename=/home/kaiyaok2/.local/lib/python3.10/site-packages/_pytest/runner.py lineno=341 is_entry_frame=1', 'PYTHON_FRAME_INDEX frame_id=15 function_name=call_runtest_hook filename=/home/kaiyaok2/.local/lib/python3.10/site-packages/_pytest/runner.py lineno=261 is_entry_frame=1', 'PYTHON_FRAME_INDEX frame_id=14 function_name=call_and_report filename=/home/kaiyaok2/.local/lib/python3.10/site-packages/_pytest/runner.py lineno=222 is_entry_frame=1', 'PYTHON_FRAME_INDEX frame_id=13 function_name=runtestprotocol filename=/home/kaiyaok2/.local/lib/python3.10/site-packages/_pytest/runner.py lineno=133 is_entry_frame=1', 'PYTHON_FRAME_INDEX frame_id=0 function_name=_run_module_as_main filename=/usr/lib/python3.10/runpy.py lineno=196 is_entry_frame=1', 'PYTHON_FRAME_INDEX frame_id=1 function_name=_run_code filename=/usr/lib/python3.10/runpy.py lineno=86 is_entry_frame=1', 'PYTHON_FRAME_INDEX frame_id=2 function_name=<module> filename=/home/kaiyaok2/.local/lib/python3.10/site-packages/pytest/__main__.py lineno=5 is_entry_frame=1', 'PYTHON_FRAME_INDEX frame_id=3 function_name=console_main filename=/home/kaiyaok2/.local/lib/python3.10/site-packages/_pytest/config/__init__.py lineno=192 is_entry_frame=1', 'PYTHON_FRAME_INDEX frame_id=4 function_name=main filename=/home/kaiyaok2/.local/lib/python3.10/site-packages/_pytest/config/__init__.py lineno=169 is_entry_frame=1', 'PYTHON_FRAME_INDEX frame_id=5 function_name=__call__ filename=/home/kaiyaok2/.local/lib/python3.10/site-packages/pluggy/_hooks.py lineno=493 is_entry_frame=1', 'PYTHON_FRAME_INDEX frame_id=6 function_name=_hookexec filename=/home/kaiyaok2/.local/lib/python3.10/site-packages/pluggy/_manager.py lineno=115 is_entry_frame=1', 'PYTHON_FRAME_INDEX frame_id=7 function_name=_multicall filename=/home/kaiyaok2/.local/lib/python3.10/site-packages/pluggy/_callers.py lineno=77 is_entry_frame=1', 'PYTHON_FRAME_INDEX frame_id=8 function_name=pytest_cmdline_main filename=/home/kaiyaok2/.local/lib/python3.10/site-packages/_pytest/main.py lineno=318 is_entry_frame=1', 'PYTHON_FRAME_INDEX frame_id=9 function_name=wrap_session filename=/home/kaiyaok2/.local/lib/python3.10/site-packages/_pytest/main.py lineno=271 is_entry_frame=1', 'PYTHON_FRAME_INDEX frame_id=10 function_name=_main filename=/home/kaiyaok2/.local/lib/python3.10/site-packages/_pytest/main.py lineno=325 is_entry_frame=1', 'PYTHON_FRAME_INDEX frame_id=11 function_name=pytest_runtestloop filename=/home/kaiyaok2/.local/lib/python3.10/site-packages/_pytest/main.py lineno=350 is_entry_frame=1', 'PYTHON_FRAME_INDEX frame_id=12 function_name=pytest_runtest_protocol filename=/home/kaiyaok2/.local/lib/python3.10/site-packages/_pytest/runner.py lineno=114 is_entry_frame=1', 'PYTHON_TRACE_INDEX frame_id=0 parent_index=0', 'PYTHON_TRACE_INDEX frame_id=1 parent_index=1', 'PYTHON_TRACE_INDEX frame_id=2 parent_index=2', 'PYTHON_TRACE_INDEX frame_id=3 parent_index=3', 'PYTHON_TRACE_INDEX frame_id=4 parent_index=4', 'PYTHON_TRACE_INDEX frame_id=5 parent_index=5', 'PYTHON_TRACE_INDEX frame_id=6 parent_index=6', 'PYTHON_TRACE_INDEX frame_id=7 parent_index=7', 'PYTHON_TRACE_INDEX frame_id=8 parent_index=8', 'PYTHON_TRACE_INDEX frame_id=9 parent_index=9', 'PYTHON_TRACE_INDEX frame_id=10 parent_index=10', 'PYTHON_TRACE_INDEX frame_id=5 parent_index=11', 'PYTHON_TRACE_INDEX frame_id=6 parent_index=12', 'PYTHON_TRACE_INDEX frame_id=7 parent_index=13', 'PYTHON_TRACE_INDEX frame_id=11 parent_index=14', 'PYTHON_TRACE_INDEX frame_id=5 parent_index=15', 'PYTHON_TRACE_INDEX frame_id=6 parent_index=16', 'PYTHON_TRACE_INDEX frame_id=7 parent_index=17', 'PYTHON_TRACE_INDEX frame_id=12 parent_index=18', 'PYTHON_TRACE_INDEX frame_id=13 parent_index=19', 'PYTHON_TRACE_INDEX frame_id=14 parent_index=20', 'PYTHON_TRACE_INDEX frame_id=15 parent_index=21', 'PYTHON_TRACE_INDEX frame_id=16 parent_index=22', 'PYTHON_TRACE_INDEX frame_id=17 parent_index=23', 'PYTHON_TRACE_INDEX frame_id=5 parent_index=24', 'PYTHON_TRACE_INDEX frame_id=6 parent_index=25', 'PYTHON_TRACE_INDEX frame_id=7 parent_index=26', 'PYTHON_TRACE_INDEX frame_id=18 parent_index=27', 'PYTHON_TRACE_INDEX frame_id=19 parent_index=28', 'PYTHON_TRACE_INDEX frame_id=5 parent_index=29', 'PYTHON_TRACE_INDEX frame_id=6 parent_index=30', 'PYTHON_TRACE_INDEX frame_id=7 parent_index=31', 'PYTHON_TRACE_INDEX frame_id=20 parent_index=32', 'PYTHON_TRACE_INDEX frame_id=21 parent_index=33', 'PYTHON_TRACE_INDEX frame_id=22 parent_index=34', 'AGGREGATED_ALLOCATION tid=1 allocator=valloc native_frame_id=115 python_frame_id=35 native_segment_generation=1 n_allocations_in_high_water_mark=1 n_allocations_leaked=0 bytes_in_high_water_mark=1024 bytes_leaked=0', 'AGGREGATED_TRAILER']
.
current test PASSED/SKIPPED -- test_successful_parse_of_aggregated_capture_file in /home/kaiyaok2/PythonProjects/memray/tests/integration/test_main.py: 738.6694684028625s cumulative, 5.616867780685425s individual


unit/test_tui_reporter.py .
current test PASSED/SKIPPED -- test_pid_display in /home/kaiyaok2/PythonProjects/memray/tests/unit/test_tui_reporter.py: 743.7033021450043s cumulative, 5.033833742141724s individual


integration/test_tracing.py .
current test PASSED/SKIPPED -- test_thread_surviving_multiple_trackers in /home/kaiyaok2/PythonProjects/memray/tests/integration/test_tracing.py: 748.0971357822418s cumulative, 4.393833637237549s individual


unit/test_tree_reporter.py .
current test PASSED/SKIPPED -- test_basic_node_selected_not_leaf in /home/kaiyaok2/PythonProjects/memray/tests/unit/test_tree_reporter.py: 755.0712435245514s cumulative, 6.97410774230957s individual


unit/test_cli.py .
current test PASSED/SKIPPED -- test_parser_accepts_short_form_output_1 in /home/kaiyaok2/PythonProjects/memray/tests/unit/test_cli.py: 755.1203126907349s cumulative, 0.04906916618347168s individual

.
current test PASSED/SKIPPED -- test_parser_invalid_format in /home/kaiyaok2/PythonProjects/memray/tests/unit/test_cli.py: 755.1723835468292s cumulative, 0.05207085609436035s individual

.
current test PASSED/SKIPPED -- test_parser_rejects_no_arguments in /home/kaiyaok2/PythonProjects/memray/tests/unit/test_cli.py: 755.2335274219513s cumulative, 0.06114387512207031s individual

.
current test PASSED/SKIPPED -- test_parser_accepts_long_form_output_2 in /home/kaiyaok2/PythonProjects/memray/tests/unit/test_cli.py: 755.2751748561859s cumulative, 0.04164743423461914s individual

.
current test PASSED/SKIPPED -- test_parser_takes_force_flag in /home/kaiyaok2/PythonProjects/memray/tests/unit/test_cli.py: 755.3128116130829s cumulative, 0.037636756896972656s individual

.
current test PASSED/SKIPPED -- test_parser_accepts_long_form_output_1 in /home/kaiyaok2/PythonProjects/memray/tests/unit/test_cli.py: 755.350127696991s cumulative, 0.037316083908081055s individual

.
current test PASSED/SKIPPED -- test_parser_accepts_short_form_output_2 in /home/kaiyaok2/PythonProjects/memray/tests/unit/test_cli.py: 755.3920795917511s cumulative, 0.041951894760131836s individual

.
current test PASSED/SKIPPED -- test_parser_takes_memory_leaks_as_a_flag in /home/kaiyaok2/PythonProjects/memray/tests/unit/test_cli.py: 755.4325308799744s cumulative, 0.0404512882232666s individual

.
current test PASSED/SKIPPED -- test_parser_rejects_when_no_results_provided in /home/kaiyaok2/PythonProjects/memray/tests/unit/test_cli.py: 755.4814195632935s cumulative, 0.0488886833190918s individual

.
current test PASSED/SKIPPED -- test_parser_accepts_single_argument_with_format in /home/kaiyaok2/PythonProjects/memray/tests/unit/test_cli.py: 755.5233464241028s cumulative, 0.04192686080932617s individual

.
current test PASSED/SKIPPED -- test_parser_rejects_no_arguments in /home/kaiyaok2/PythonProjects/memray/tests/unit/test_cli.py: 755.5679366588593s cumulative, 0.04459023475646973s individual

.
current test PASSED/SKIPPED -- test_parser_accepts_valid_num_largest_allocators in /home/kaiyaok2/PythonProjects/memray/tests/unit/test_cli.py: 755.6080667972565s cumulative, 0.0401301383972168s individual

.
current test PASSED/SKIPPED -- test_parser_rejects_invalid_num_largest_allocators in /home/kaiyaok2/PythonProjects/memray/tests/unit/test_cli.py: 755.6581833362579s cumulative, 0.050116539001464844s individual

.
current test PASSED/SKIPPED -- test_parser_accepts_single_argument in /home/kaiyaok2/PythonProjects/memray/tests/unit/test_cli.py: 755.7361598014832s cumulative, 0.07797646522521973s individual

.
current test PASSED/SKIPPED -- test_parser_rejects_no_arguments in /home/kaiyaok2/PythonProjects/memray/tests/unit/test_cli.py: 755.795663356781s cumulative, 0.05950355529785156s individual

.
current test PASSED/SKIPPED -- test_parser_acceps_biggest_allocs_short_form in /home/kaiyaok2/PythonProjects/memray/tests/unit/test_cli.py: 755.8414216041565s cumulative, 0.04575824737548828s individual

.
current test PASSED/SKIPPED -- test_determine_output in /home/kaiyaok2/PythonProjects/memray/tests/unit/test_cli.py: 755.8800694942474s cumulative, 0.03864789009094238s individual

.
current test PASSED/SKIPPED -- test_determine_output in /home/kaiyaok2/PythonProjects/memray/tests/unit/test_cli.py: 755.9129157066345s cumulative, 0.03284621238708496s individual

.
current test PASSED/SKIPPED -- test_determine_output in /home/kaiyaok2/PythonProjects/memray/tests/unit/test_cli.py: 755.9852540493011s cumulative, 0.07233834266662598s individual

.
current test PASSED/SKIPPED -- test_parser_acceps_biggest_allocs_long_form in /home/kaiyaok2/PythonProjects/memray/tests/unit/test_cli.py: 756.0372314453125s cumulative, 0.05197739601135254s individual

.
current test PASSED/SKIPPED -- test_no_args_passed in /home/kaiyaok2/PythonProjects/memray/tests/unit/test_cli.py: 756.1839118003845s cumulative, 0.14668035507202148s individual

.
current test PASSED/SKIPPED -- test_determine_output in /home/kaiyaok2/PythonProjects/memray/tests/unit/test_cli.py: 756.2212755680084s cumulative, 0.03736376762390137s individual

.
current test PASSED/SKIPPED -- test_determine_output in /home/kaiyaok2/PythonProjects/memray/tests/unit/test_cli.py: 756.2620208263397s cumulative, 0.04074525833129883s individual

.
current test PASSED/SKIPPED -- test_determine_output in /home/kaiyaok2/PythonProjects/memray/tests/unit/test_cli.py: 756.3021478652954s cumulative, 0.04012703895568848s individual

.
current test PASSED/SKIPPED -- test_parser_accepts_single_argument in /home/kaiyaok2/PythonProjects/memray/tests/unit/test_cli.py: 756.3641378879547s cumulative, 0.06199002265930176s individual

.
current test PASSED/SKIPPED -- test_parser_rejects_when_no_results_provided in /home/kaiyaok2/PythonProjects/memray/tests/unit/test_cli.py: 756.4018070697784s cumulative, 0.03766918182373047s individual

.
current test PASSED/SKIPPED -- test_determine_output in /home/kaiyaok2/PythonProjects/memray/tests/unit/test_cli.py: 756.4339997768402s cumulative, 0.03219270706176758s individual

.
current test PASSED/SKIPPED -- test_determine_output in /home/kaiyaok2/PythonProjects/memray/tests/unit/test_cli.py: 756.4605841636658s cumulative, 0.026584386825561523s individual

.
current test PASSED/SKIPPED -- test_determine_output in /home/kaiyaok2/PythonProjects/memray/tests/unit/test_cli.py: 756.4897353649139s cumulative, 0.029151201248168945s individual

.
current test PASSED/SKIPPED -- test_parser_accepts_max_rows_sort_form in /home/kaiyaok2/PythonProjects/memray/tests/unit/test_cli.py: 756.5298585891724s cumulative, 0.04012322425842285s individual

.
current test PASSED/SKIPPED -- test_parser_rejects_no_arguments in /home/kaiyaok2/PythonProjects/memray/tests/unit/test_cli.py: 756.572021484375s cumulative, 0.04216289520263672s individual

.
current test PASSED/SKIPPED -- test_parser_accepts_sort_column_sort_form in /home/kaiyaok2/PythonProjects/memray/tests/unit/test_cli.py: 756.5989279747009s cumulative, 0.026906490325927734s individual

.
current test PASSED/SKIPPED -- test_parser_rejects_sort_column_incorrect_values in /home/kaiyaok2/PythonProjects/memray/tests/unit/test_cli.py: 756.6258780956268s cumulative, 0.02695012092590332s individual

.
current test PASSED/SKIPPED -- test_parser_accepts_max_rows_long_form in /home/kaiyaok2/PythonProjects/memray/tests/unit/test_cli.py: 756.6446359157562s cumulative, 0.01875782012939453s individual

.
current test PASSED/SKIPPED -- test_parser_accepts_sort_column_long_form in /home/kaiyaok2/PythonProjects/memray/tests/unit/test_cli.py: 756.6645786762238s cumulative, 0.019942760467529297s individual

.
current test PASSED/SKIPPED -- test_parser_accepts_single_argument in /home/kaiyaok2/PythonProjects/memray/tests/unit/test_cli.py: 756.6853604316711s cumulative, 0.020781755447387695s individual

.
current test PASSED/SKIPPED -- test_parser_rejects_sort_column_incorrect_values in /home/kaiyaok2/PythonProjects/memray/tests/unit/test_cli.py: 756.7099072933197s cumulative, 0.02454686164855957s individual

.
current test PASSED/SKIPPED -- test_parser_accepts_single_argument in /home/kaiyaok2/PythonProjects/memray/tests/unit/test_cli.py: 756.7290267944336s cumulative, 0.0191195011138916s individual

.
current test PASSED/SKIPPED -- test_parser_rejects_no_arguments in /home/kaiyaok2/PythonProjects/memray/tests/unit/test_cli.py: 756.7545807361603s cumulative, 0.02555394172668457s individual

.
current test PASSED/SKIPPED -- test_parser_accepts_long_form_output_2 in /home/kaiyaok2/PythonProjects/memray/tests/unit/test_cli.py: 756.8030154705048s cumulative, 0.04843473434448242s individual

.
current test PASSED/SKIPPED -- test_parser_accepts_long_form_output_1 in /home/kaiyaok2/PythonProjects/memray/tests/unit/test_cli.py: 756.8546617031097s cumulative, 0.05164623260498047s individual

.
current test PASSED/SKIPPED -- test_parser_accepts_short_form_output_1 in /home/kaiyaok2/PythonProjects/memray/tests/unit/test_cli.py: 756.9129159450531s cumulative, 0.058254241943359375s individual

.
current test PASSED/SKIPPED -- test_parser_takes_force_flag in /home/kaiyaok2/PythonProjects/memray/tests/unit/test_cli.py: 756.9755616188049s cumulative, 0.06264567375183105s individual

.
current test PASSED/SKIPPED -- test_parser_rejects_when_no_results_provided in /home/kaiyaok2/PythonProjects/memray/tests/unit/test_cli.py: 757.0218367576599s cumulative, 0.04627513885498047s individual

.
current test PASSED/SKIPPED -- test_parser_accepts_short_form_output_2 in /home/kaiyaok2/PythonProjects/memray/tests/unit/test_cli.py: 757.0479896068573s cumulative, 0.026152849197387695s individual

.
current test PASSED/SKIPPED -- test_parser_takes_memory_leaks_as_a_flag in /home/kaiyaok2/PythonProjects/memray/tests/unit/test_cli.py: 757.0755302906036s cumulative, 0.02754068374633789s individual

Writing profile results into memray-foobar.0.bin
[memray] Successfully generated profile results.

You can now generate reports from the stored allocation records.
Some example commands to generate reports:

/usr/bin/python3 -m memray flamegraph memray-foobar.0.bin
.
current test PASSED/SKIPPED -- test_run_with_follow_fork in /home/kaiyaok2/PythonProjects/memray/tests/unit/test_cli.py: 757.18412566185s cumulative, 0.10859537124633789s individual

Run 'memray3.10 live 1234' in another shell to see live results
.
current test PASSED/SKIPPED -- test_run_with_trace_python_allocators_and_live_remote_mode in /home/kaiyaok2/PythonProjects/memray/tests/unit/test_cli.py: 757.3028254508972s cumulative, 0.11869978904724121s individual

Writing profile results into memray-foobar.0.bin
[memray] Successfully generated profile results.

You can now generate reports from the stored allocation records.
Some example commands to generate reports:

/usr/bin/python3 -m memray flamegraph memray-foobar.0.bin
.
current test PASSED/SKIPPED -- test_run_default_output in /home/kaiyaok2/PythonProjects/memray/tests/unit/test_cli.py: 757.4630396366119s cumulative, 0.16021418571472168s individual

Writing profile results into memray-string.<MagicMock name='getpid()' id='140323763910976'>.bin
[memray] Successfully generated profile results.

You can now generate reports from the stored allocation records.
Some example commands to generate reports:

/usr/bin/python3 -m memray flamegraph memray-string.<MagicMock name='getpid()' id='140323763910976'>.bin
.
current test PASSED/SKIPPED -- test_run_cmd in /home/kaiyaok2/PythonProjects/memray/tests/unit/test_cli.py: 757.743953704834s cumulative, 0.2809140682220459s individual

Writing profile results into my_output
[memray] Successfully generated profile results.

You can now generate reports from the stored allocation records.
Some example commands to generate reports:

/usr/bin/python3 -m memray flamegraph my_output
.
current test PASSED/SKIPPED -- test_run_overwrite_output_file in /home/kaiyaok2/PythonProjects/memray/tests/unit/test_cli.py: 757.96533036232s cumulative, 0.22137665748596191s individual

Writing profile results into memray-foobar.py.<MagicMock name='getpid()' id='140329081386656'>.bin
[memray] Successfully generated profile results.

You can now generate reports from the stored allocation records.
Some example commands to generate reports:

/usr/bin/python3 -m memray flamegraph memray-foobar.py.<MagicMock name='getpid()' id='140329081386656'>.bin
.
current test PASSED/SKIPPED -- test_run_file in /home/kaiyaok2/PythonProjects/memray/tests/unit/test_cli.py: 758.2125706672668s cumulative, 0.24724030494689941s individual

Writing profile results into my_output
[memray] Successfully generated profile results.

You can now generate reports from the stored allocation records.
Some example commands to generate reports:

/usr/bin/python3 -m memray flamegraph my_output
.
current test PASSED/SKIPPED -- test_run_override_output in /home/kaiyaok2/PythonProjects/memray/tests/unit/test_cli.py: 758.4360032081604s cumulative, 0.2234325408935547s individual

Writing profile results into ./directory/memray-foobar.py.0.bin
[memray] Successfully generated profile results.

You can now generate reports from the stored allocation records.
Some example commands to generate reports:

/usr/bin/python3 -m memray flamegraph ./directory/memray-foobar.py.0.bin
.
current test PASSED/SKIPPED -- test_run_relative_file in /home/kaiyaok2/PythonProjects/memray/tests/unit/test_cli.py: 758.7193052768707s cumulative, 0.28330206871032715s individual

.
current test PASSED/SKIPPED -- test_parser_accepts_single_argument in /home/kaiyaok2/PythonProjects/memray/tests/unit/test_cli.py: 758.7801127433777s cumulative, 0.06080746650695801s individual

.
current test PASSED/SKIPPED -- test_parser_accepts_short_form_output_2 in /home/kaiyaok2/PythonProjects/memray/tests/unit/test_cli.py: 758.8286702632904s cumulative, 0.04855751991271973s individual

.
current test PASSED/SKIPPED -- test_parser_accepts_long_form_output_2 in /home/kaiyaok2/PythonProjects/memray/tests/unit/test_cli.py: 758.8788959980011s cumulative, 0.05022573471069336s individual

.
current test PASSED/SKIPPED -- test_parser_takes_force_flag in /home/kaiyaok2/PythonProjects/memray/tests/unit/test_cli.py: 758.9367635250092s cumulative, 0.05786752700805664s individual

.
current test PASSED/SKIPPED -- test_parser_rejects_when_no_results_provided in /home/kaiyaok2/PythonProjects/memray/tests/unit/test_cli.py: 759.000440120697s cumulative, 0.06367659568786621s individual

.
current test PASSED/SKIPPED -- test_parser_accepts_short_form_output_1 in /home/kaiyaok2/PythonProjects/memray/tests/unit/test_cli.py: 759.0678372383118s cumulative, 0.0673971176147461s individual

.
current test PASSED/SKIPPED -- test_parser_rejects_no_arguments in /home/kaiyaok2/PythonProjects/memray/tests/unit/test_cli.py: 759.1263897418976s cumulative, 0.05855250358581543s individual

.
current test PASSED/SKIPPED -- test_parser_takes_memory_leaks_as_a_flag in /home/kaiyaok2/PythonProjects/memray/tests/unit/test_cli.py: 759.1939942836761s cumulative, 0.06760454177856445s individual

.
current test PASSED/SKIPPED -- test_parser_accepts_long_form_output_1 in /home/kaiyaok2/PythonProjects/memray/tests/unit/test_cli.py: 759.2639904022217s cumulative, 0.06999611854553223s individual


integration/test_main.py .
current test PASSED/SKIPPED -- test_reads_from_correct_file in /home/kaiyaok2/PythonProjects/memray/tests/integration/test_main.py: 767.6202840805054s cumulative, 8.356293678283691s individual


integration/test_tracking.py .
current test PASSED/SKIPPED -- test_header_allocator in /home/kaiyaok2/PythonProjects/memray/tests/integration/test_tracking.py: 769.5739727020264s cumulative, 1.953688621520996s individual


integration/test_main.py .
current test PASSED/SKIPPED -- test_error_when_stdout_is_a_tty in /home/kaiyaok2/PythonProjects/memray/tests/integration/test_main.py: 779.5739316940308s cumulative, 9.999958992004395s individual

.
current test PASSED/SKIPPED -- test_report_detects_missing_input in /home/kaiyaok2/PythonProjects/memray/tests/integration/test_main.py: 783.1503338813782s cumulative, 3.576402187347412s individual

E
current test FAILED -- test_live_client_exits_properly_on_sigint_before_connecting in /home/kaiyaok2/PythonProjects/memray/tests/integration/test_main.py: 783.1741018295288s cumulative, 0.023767948150634766s individual


integration/test_tracking.py .
current test PASSED/SKIPPED -- test_temporary_allocations_that_happen_in_the_same_function_are_aggregated in /home/kaiyaok2/PythonProjects/memray/tests/integration/test_tracking.py: 785.6353945732117s cumulative, 2.4612927436828613s individual


unit/test_tui_reporter.py .
current test PASSED/SKIPPED -- test_header_with_no_snapshots in /home/kaiyaok2/PythonProjects/memray/tests/unit/test_tui_reporter.py: 789.7780797481537s cumulative, 4.142685174942017s individual


integration/test_native_tracking.py ['PyType_GenericAlloc', '<unknown>', '_PyObject_MakeTpCall', '<module>', '<unknown>', 'PyEval_EvalCode', '<unknown>', '<unknown>', 'PyRun_StringFlags', 'PyRun_SimpleStringFlags', 'Py_RunMain', 'Py_BytesMain', '<unknown>', '__libc_start_main', '_start']
['_PyObject_GC_NewVar', '<unknown>', '<unknown>', '<unknown>', '<module>', '<unknown>', 'PyEval_EvalCode', '<unknown>', '<unknown>', 'PyRun_StringFlags', 'PyRun_SimpleStringFlags', 'Py_RunMain', 'Py_BytesMain', '<unknown>', '__libc_start_main', '_start']
['_PyObject_GC_NewVar', '<unknown>', '_PyFunction_Vectorcall', '_PyObject_CallFunction_SizeT', 'run_recursive', '<unknown>', '_PyObject_MakeTpCall', '<unknown>', 'foo', '<unknown>', '<unknown>', '<module>', '<unknown>', 'PyEval_EvalCode', '<unknown>', '<unknown>', 'PyRun_StringFlags', 'PyRun_SimpleStringFlags', 'Py_RunMain', 'Py_BytesMain', '<unknown>', '__libc_start_main', '_start']
.
current test PASSED/SKIPPED -- test_hybrid_stack_of_allocations_inside_ceval in /home/kaiyaok2/PythonProjects/memray/tests/integration/test_native_tracking.py: 805.1844925880432s cumulative, 15.406412839889526s individual


unit/test_tui_reporter.py .
current test PASSED/SKIPPED -- test_tui_pause in /home/kaiyaok2/PythonProjects/memray/tests/unit/test_tui_reporter.py: 822.2564752101898s cumulative, 17.071982622146606s individual


integration/test_tracking.py .
current test PASSED/SKIPPED -- test_leaks_allocations_are_detected in /home/kaiyaok2/PythonProjects/memray/tests/integration/test_tracking.py: 824.2926728725433s cumulative, 2.0361976623535156s individual

.
current test PASSED/SKIPPED -- test_allocations_that_are_freed_do_not_appear_as_leaks in /home/kaiyaok2/PythonProjects/memray/tests/integration/test_tracking.py: 826.4117045402527s cumulative, 2.1190316677093506s individual


integration/test_main.py .
current test PASSED/SKIPPED -- test_leaks_with_pymalloc_warning in /home/kaiyaok2/PythonProjects/memray/tests/integration/test_main.py: 834.2591459751129s cumulative, 7.8474414348602295s individual

.
current test PASSED/SKIPPED -- test_json_generated_to_known_file in /home/kaiyaok2/PythonProjects/memray/tests/integration/test_main.py: 839.4137077331543s cumulative, 5.154561758041382s individual

.
current test PASSED/SKIPPED -- test_report_generated in /home/kaiyaok2/PythonProjects/memray/tests/integration/test_main.py: 845.6970796585083s cumulative, 6.283371925354004s individual

.
current test PASSED/SKIPPED -- test_json_generated_to_pretty_file_name in /home/kaiyaok2/PythonProjects/memray/tests/integration/test_main.py: 850.649222612381s cumulative, 4.952142953872681s individual

.
current test PASSED/SKIPPED -- test_temporary_allocations_summary in /home/kaiyaok2/PythonProjects/memray/tests/integration/test_main.py: 860.1597201824188s cumulative, 9.510497570037842s individual


integration/test_tracing.py .
current test PASSED/SKIPPED -- test_traceback_can_be_retrieved_twice in /home/kaiyaok2/PythonProjects/memray/tests/integration/test_tracing.py: 862.3236501216888s cumulative, 2.1639299392700195s individual


integration/test_main.py .
current test PASSED/SKIPPED -- test_live_tracking_invalid_port in /home/kaiyaok2/PythonProjects/memray/tests/integration/test_main.py: 865.2074310779572s cumulative, 2.8837809562683105s individual

.
current test PASSED/SKIPPED -- test_run_override_output in /home/kaiyaok2/PythonProjects/memray/tests/integration/test_main.py: 872.3714475631714s cumulative, 7.164016485214233s individual


integration/test_tracing.py .
current test PASSED/SKIPPED -- test_high_watermark_records_can_be_retrieved_twice in /home/kaiyaok2/PythonProjects/memray/tests/integration/test_tracing.py: 875.0927128791809s cumulative, 2.7212653160095215s individual


integration/test_api.py .
current test PASSED/SKIPPED -- test_combine_destination_args in /home/kaiyaok2/PythonProjects/memray/tests/integration/test_api.py: 875.1276948451996s cumulative, 0.03498196601867676s individual

.
current test PASSED/SKIPPED -- test_aggregated_capture_with_socket_destination in /home/kaiyaok2/PythonProjects/memray/tests/integration/test_api.py: 875.1554560661316s cumulative, 0.027761220932006836s individual

.
current test PASSED/SKIPPED -- test_no_destination_arg in /home/kaiyaok2/PythonProjects/memray/tests/integration/test_api.py: 875.182285785675s cumulative, 0.02682971954345703s individual

.
current test PASSED/SKIPPED -- test_follow_fork_with_socket_destination in /home/kaiyaok2/PythonProjects/memray/tests/integration/test_api.py: 875.2111465930939s cumulative, 0.028860807418823242s individual


integration/test_tracking.py .
current test PASSED/SKIPPED -- test_leaks_that_happen_in_different_lines in /home/kaiyaok2/PythonProjects/memray/tests/integration/test_tracking.py: 877.8918759822845s cumulative, 2.680729389190674s individual

.
current test PASSED/SKIPPED -- test_simple_pymalloc_allocation_tracking in /home/kaiyaok2/PythonProjects/memray/tests/integration/test_tracking.py: 880.5777606964111s cumulative, 2.685884714126587s individual

.
current test PASSED/SKIPPED -- test_no_allocations_while_tracking in /home/kaiyaok2/PythonProjects/memray/tests/integration/test_tracking.py: 883.1384298801422s cumulative, 2.560669183731079s individual

.
current test PASSED/SKIPPED -- test_no_allocations_while_tracking in /home/kaiyaok2/PythonProjects/memray/tests/integration/test_tracking.py: 885.618950843811s cumulative, 2.4805209636688232s individual

.
current test PASSED/SKIPPED -- test_simple_allocation_tracking in /home/kaiyaok2/PythonProjects/memray/tests/integration/test_tracking.py: 889.4308216571808s cumulative, 3.811870813369751s individual

.
current test PASSED/SKIPPED -- test_mmap_tracking in /home/kaiyaok2/PythonProjects/memray/tests/integration/test_tracking.py: 891.874623298645s cumulative, 2.4438016414642334s individual


unit/test_allocation_lifetime_aggregator.py .
current test PASSED/SKIPPED -- test_allocations_from_same_location_and_different_snapshots_freed_in_one_snapshot in /home/kaiyaok2/PythonProjects/memray/tests/unit/test_allocation_lifetime_aggregator.py: 891.9040410518646s cumulative, 0.029417753219604492s individual

.
current test PASSED/SKIPPED -- test_freed_allocations_from_different_locations_are_not_aggregated in /home/kaiyaok2/PythonProjects/memray/tests/unit/test_allocation_lifetime_aggregator.py: 891.9287314414978s cumulative, 0.02469038963317871s individual

.
current test PASSED/SKIPPED -- test_allocation_reported_when_leaked in /home/kaiyaok2/PythonProjects/memray/tests/unit/test_allocation_lifetime_aggregator.py: 891.9478006362915s cumulative, 0.019069194793701172s individual

.
current test PASSED/SKIPPED -- test_shrunk_then_leaked_range in /home/kaiyaok2/PythonProjects/memray/tests/unit/test_allocation_lifetime_aggregator.py: 891.9673225879669s cumulative, 0.01952195167541504s individual

.
current test PASSED/SKIPPED -- test_range_freed_in_same_snapshot in /home/kaiyaok2/PythonProjects/memray/tests/unit/test_allocation_lifetime_aggregator.py: 891.9863724708557s cumulative, 0.019049882888793945s individual

.
current test PASSED/SKIPPED -- test_allocations_from_same_location_and_snapshot_freed_in_different_snapshots in /home/kaiyaok2/PythonProjects/memray/tests/unit/test_allocation_lifetime_aggregator.py: 892.0060298442841s cumulative, 0.019657373428344727s individual

.
current test PASSED/SKIPPED -- test_allocations_made_and_freed_together_are_aggregated in /home/kaiyaok2/PythonProjects/memray/tests/unit/test_allocation_lifetime_aggregator.py: 892.0218496322632s cumulative, 0.015819787979125977s individual

.
current test PASSED/SKIPPED -- test_leaked_allocations_within_one_snapshot_are_aggregated in /home/kaiyaok2/PythonProjects/memray/tests/unit/test_allocation_lifetime_aggregator.py: 892.0356488227844s cumulative, 0.013799190521240234s individual

.
current test PASSED/SKIPPED -- test_split_then_freed_range in /home/kaiyaok2/PythonProjects/memray/tests/unit/test_allocation_lifetime_aggregator.py: 892.0482888221741s cumulative, 0.012639999389648438s individual

.
current test PASSED/SKIPPED -- test_split_then_leaked_range in /home/kaiyaok2/PythonProjects/memray/tests/unit/test_allocation_lifetime_aggregator.py: 892.0644180774689s cumulative, 0.016129255294799805s individual

.
current test PASSED/SKIPPED -- test_multiple_snapshots_between_allocation_and_deallocation in /home/kaiyaok2/PythonProjects/memray/tests/unit/test_allocation_lifetime_aggregator.py: 892.0814845561981s cumulative, 0.017066478729248047s individual

.
current test PASSED/SKIPPED -- test_leaked_allocations_from_different_locations_are_not_aggregated in /home/kaiyaok2/PythonProjects/memray/tests/unit/test_allocation_lifetime_aggregator.py: 892.0933766365051s cumulative, 0.011892080307006836s individual

.
current test PASSED/SKIPPED -- test_allocation_reported_when_freed_within_different_snapshot in /home/kaiyaok2/PythonProjects/memray/tests/unit/test_allocation_lifetime_aggregator.py: 892.1049749851227s cumulative, 0.011598348617553711s individual

.
current test PASSED/SKIPPED -- test_range_freed_in_different_snapshot in /home/kaiyaok2/PythonProjects/memray/tests/unit/test_allocation_lifetime_aggregator.py: 892.1165645122528s cumulative, 0.011589527130126953s individual

.
current test PASSED/SKIPPED -- test_no_allocations_at_start in /home/kaiyaok2/PythonProjects/memray/tests/unit/test_allocation_lifetime_aggregator.py: 892.1415717601776s cumulative, 0.025007247924804688s individual

.
current test PASSED/SKIPPED -- test_allocation_not_reported_when_freed_within_same_snapshot in /home/kaiyaok2/PythonProjects/memray/tests/unit/test_allocation_lifetime_aggregator.py: 892.1549530029297s cumulative, 0.013381242752075195s individual

.
current test PASSED/SKIPPED -- test_two_leaked_allocations_from_one_location in /home/kaiyaok2/PythonProjects/memray/tests/unit/test_allocation_lifetime_aggregator.py: 892.1681406497955s cumulative, 0.013187646865844727s individual

.
current test PASSED/SKIPPED -- test_range_leaked in /home/kaiyaok2/PythonProjects/memray/tests/unit/test_allocation_lifetime_aggregator.py: 892.180915594101s cumulative, 0.012774944305419922s individual

.
current test PASSED/SKIPPED -- test_shrunk_then_freed_range in /home/kaiyaok2/PythonProjects/memray/tests/unit/test_allocation_lifetime_aggregator.py: 892.192807674408s cumulative, 0.011892080307006836s individual


unit/test_tui_reporter.py .
current test PASSED/SKIPPED -- test_native_frames in /home/kaiyaok2/PythonProjects/memray/tests/unit/test_tui_reporter.py: 892.2058727741241s cumulative, 0.013065099716186523s individual

.
current test PASSED/SKIPPED -- test_simple_allocations in /home/kaiyaok2/PythonProjects/memray/tests/unit/test_tui_reporter.py: 892.217978477478s cumulative, 0.012105703353881836s individual

.
current test PASSED/SKIPPED -- test_missing_frames in /home/kaiyaok2/PythonProjects/memray/tests/unit/test_tui_reporter.py: 892.2300577163696s cumulative, 0.012079238891601562s individual

.
current test PASSED/SKIPPED -- test_one_point_bigger_than_max_after_resize in /home/kaiyaok2/PythonProjects/memray/tests/unit/test_tui_reporter.py: 892.2755303382874s cumulative, 0.04547262191772461s individual

.
current test PASSED/SKIPPED -- test_one_point_bigger_than_max in /home/kaiyaok2/PythonProjects/memray/tests/unit/test_tui_reporter.py: 892.3064086437225s cumulative, 0.030878305435180664s individual

.
current test PASSED/SKIPPED -- test_one_point_lower_than_max in /home/kaiyaok2/PythonProjects/memray/tests/unit/test_tui_reporter.py: 892.3373827934265s cumulative, 0.030974149703979492s individual

.
current test PASSED/SKIPPED -- test_multiple_points_scattered in /home/kaiyaok2/PythonProjects/memray/tests/unit/test_tui_reporter.py: 892.3726856708527s cumulative, 0.03530287742614746s individual

.
current test PASSED/SKIPPED -- test_size_of_graph in /home/kaiyaok2/PythonProjects/memray/tests/unit/test_tui_reporter.py: 892.4103846549988s cumulative, 0.037698984146118164s individual

.
current test PASSED/SKIPPED -- test_multiple_points in /home/kaiyaok2/PythonProjects/memray/tests/unit/test_tui_reporter.py: 892.4552834033966s cumulative, 0.04489874839782715s individual

.
current test PASSED/SKIPPED -- test_empty in /home/kaiyaok2/PythonProjects/memray/tests/unit/test_tui_reporter.py: 892.4800524711609s cumulative, 0.024769067764282227s individual


integration/test_ipython.py .
current test PASSED/SKIPPED -- test_passing_valid_argument in /home/kaiyaok2/PythonProjects/memray/tests/integration/test_ipython.py: 894.6233224868774s cumulative, 2.1432700157165527s individual



Results saved to memray-results/tmp1sxbk3jv/flamegraph.html
.
current test PASSED/SKIPPED -- test_ipython_profiling in /home/kaiyaok2/PythonProjects/memray/tests/integration/test_ipython.py: 896.6362016201019s cumulative, 2.0128791332244873s individual


integration/test_main.py .
current test PASSED/SKIPPED -- test_live_tracking_server_exits_properly_on_sigint in /home/kaiyaok2/PythonProjects/memray/tests/integration/test_main.py: 899.5877411365509s cumulative, 2.9515395164489746s individual

.
current test PASSED/SKIPPED -- test_quiet in /home/kaiyaok2/PythonProjects/memray/tests/integration/test_main.py: 901.7806935310364s cumulative, 2.1929523944854736s individual

.
current test PASSED/SKIPPED -- test_report_detects_corrupt_input in /home/kaiyaok2/PythonProjects/memray/tests/integration/test_main.py: 903.7103054523468s cumulative, 1.9296119213104248s individual

.
current test PASSED/SKIPPED -- test_report_detects_missing_input in /home/kaiyaok2/PythonProjects/memray/tests/integration/test_main.py: 905.9139685630798s cumulative, 2.2036631107330322s individual


integration/test_greenlet.py .
current test PASSED/SKIPPED -- test_integration_with_greenlet in /home/kaiyaok2/PythonProjects/memray/tests/integration/test_greenlet.py: 907.0599508285522s cumulative, 1.145982265472412s individual


unit/test_tree_reporter.py .
current test PASSED/SKIPPED -- test_very_deep_call_is_limited in /home/kaiyaok2/PythonProjects/memray/tests/unit/test_tree_reporter.py: 928.3904194831848s cumulative, 21.33046865463257s individual


integration/test_main.py .
current test PASSED/SKIPPED -- test_json_generated in /home/kaiyaok2/PythonProjects/memray/tests/integration/test_main.py: 935.3491516113281s cumulative, 6.9587321281433105s individual

.
current test PASSED/SKIPPED -- test_report_leaks_argument in /home/kaiyaok2/PythonProjects/memray/tests/integration/test_main.py: 946.0123515129089s cumulative, 10.66319990158081s individual

E
current test FAILED -- test_live_tracking_server_when_client_disconnects in /home/kaiyaok2/PythonProjects/memray/tests/integration/test_main.py: 946.0504739284515s cumulative, 0.03812241554260254s individual


integration/test_tracing.py .
current test PASSED/SKIPPED -- test_cython_frame_in_pre_existing_thread_stack in /home/kaiyaok2/PythonProjects/memray/tests/integration/test_tracing.py: 948.210618019104s cumulative, 2.160144090652466s individual

[AllocationRecord<tid=0x1, address=0x7f9f6805b000, size=1.000B, allocator=10, allocations=1>, AllocationRecord<tid=0x1, address=0x7f9f6805a000, size=1.000B, allocator=10, allocations=1>, AllocationRecord<tid=0x1, address=0x7f9f6805b000, size=1.000B, allocator=11, allocations=1>, AllocationRecord<tid=0x1, address=0x7f9f6805a000, size=1.000B, allocator=11, allocations=1>]
.
current test PASSED/SKIPPED -- test_allocations_in_root_frame_have_correct_line_number in /home/kaiyaok2/PythonProjects/memray/tests/integration/test_tracing.py: 950.1606183052063s cumulative, 1.950000286102295s individual


unit/test_tui_reporter.py .
current test PASSED/SKIPPED -- test_header_with_empty_snapshot in /home/kaiyaok2/PythonProjects/memray/tests/unit/test_tui_reporter.py: 953.8690085411072s cumulative, 3.708390235900879s individual


unit/test_tree_reporter.py .
current test PASSED/SKIPPED -- test_hide_import_system in /home/kaiyaok2/PythonProjects/memray/tests/unit/test_tree_reporter.py: 960.1087739467621s cumulative, 6.239765405654907s individual

.
current test PASSED/SKIPPED -- test_show_uninteresting in /home/kaiyaok2/PythonProjects/memray/tests/unit/test_tree_reporter.py: 972.0912010669708s cumulative, 11.98242712020874s individual

.
current test PASSED/SKIPPED -- test_uninteresting_leaves in /home/kaiyaok2/PythonProjects/memray/tests/unit/test_tree_reporter.py: 987.8249678611755s cumulative, 15.733766794204712s individual

.
current test PASSED/SKIPPED -- test_single_chain_is_expanded in /home/kaiyaok2/PythonProjects/memray/tests/unit/test_tree_reporter.py: 993.2600319385529s cumulative, 5.435064077377319s individual


integration/test_socket.py E
current test FAILED -- test_command_line in /home/kaiyaok2/PythonProjects/memray/tests/integration/test_socket.py: 993.311117887497s cumulative, 0.0510859489440918s individual

E
current test FAILED -- test_empty_snapshot_after_free in /home/kaiyaok2/PythonProjects/memray/tests/integration/test_socket.py: 993.3796038627625s cumulative, 0.06848597526550293s individual

E
current test FAILED -- test_single_allocation_snapshot in /home/kaiyaok2/PythonProjects/memray/tests/integration/test_socket.py: 993.4321162700653s cumulative, 0.052512407302856445s individual

E
current test FAILED -- test_multi_allocation_snapshot in /home/kaiyaok2/PythonProjects/memray/tests/integration/test_socket.py: 993.4845342636108s cumulative, 0.05241799354553223s individual

E
current test FAILED -- test_get_current_snapshot_raises_after_context in /home/kaiyaok2/PythonProjects/memray/tests/integration/test_socket.py: 993.5432193279266s cumulative, 0.0586850643157959s individual

E
current test FAILED -- test_get_current_snapshot_first_yield_after_context_raises in /home/kaiyaok2/PythonProjects/memray/tests/integration/test_socket.py: 993.6355266571045s cumulative, 0.09230732917785645s individual


integration/test_tracking.py .
current test PASSED/SKIPPED -- test_munmap_multiple_mmaps_multiple_munmaps in /home/kaiyaok2/PythonProjects/memray/tests/integration/test_tracking.py: 996.8234574794769s cumulative, 3.1879308223724365s individual

.
current test PASSED/SKIPPED -- test_non_freed_allocations_are_accounted_for in /home/kaiyaok2/PythonProjects/memray/tests/integration/test_tracking.py: 1000.1936178207397s cumulative, 3.3701603412628174s individual

.
current test PASSED/SKIPPED -- test_unmatched_allocations_are_not_reported in /home/kaiyaok2/PythonProjects/memray/tests/integration/test_tracking.py: 1004.3330738544464s cumulative, 4.139456033706665s individual

+10 kB
+ 9 kB
- 9 kB
+ 8 kB
+ 7 kB
- 7 kB
+ 6 kB
+ 5 kB
- 5 kB
+ 4 kB
+ 3 kB
- 3 kB
+ 2 kB
+ 1 kB
- 1 kB
- 2 kB
- 4 kB
- 6 kB
- 8 kB
-10 kB
.
current test PASSED/SKIPPED -- test_spiky_generally_increasing_to_final_peak in /home/kaiyaok2/PythonProjects/memray/tests/integration/test_tracking.py: 1008.206878900528s cumulative, 3.873805046081543s individual

.
current test PASSED/SKIPPED -- test_allocations_after_high_watermark_is_freed_do_not_appear in /home/kaiyaok2/PythonProjects/memray/tests/integration/test_tracking.py: 1011.8293919563293s cumulative, 3.6225130558013916s individual


unit/test_flamegraph_reporter.py .
current test PASSED/SKIPPED -- test_works_with_split_threads in /home/kaiyaok2/PythonProjects/memray/tests/unit/test_flamegraph_reporter.py: 1011.9284410476685s cumulative, 0.09904909133911133s individual

.
current test PASSED/SKIPPED -- test_drops_cpython_frames in /home/kaiyaok2/PythonProjects/memray/tests/unit/test_flamegraph_reporter.py: 1012.0495517253876s cumulative, 0.12111067771911621s individual

.
current test PASSED/SKIPPED -- test_single_importlib_frame_is_detected in /home/kaiyaok2/PythonProjects/memray/tests/unit/test_flamegraph_reporter.py: 1012.1534423828125s cumulative, 0.10389065742492676s individual

.
current test PASSED/SKIPPED -- test_inverted_works_with_multiple_top_level_nodes_with_merge in /home/kaiyaok2/PythonProjects/memray/tests/unit/test_flamegraph_reporter.py: 1012.2877340316772s cumulative, 0.1342916488647461s individual

.
current test PASSED/SKIPPED -- test_works_with_recursive_calls in /home/kaiyaok2/PythonProjects/memray/tests/unit/test_flamegraph_reporter.py: 1012.4511499404907s cumulative, 0.16341590881347656s individual

.
current test PASSED/SKIPPED -- test_inverted_works_with_split_threads in /home/kaiyaok2/PythonProjects/memray/tests/unit/test_flamegraph_reporter.py: 1012.573365688324s cumulative, 0.12221574783325195s individual

.
current test PASSED/SKIPPED -- test_inverted_importlib_full_stack_is_detected in /home/kaiyaok2/PythonProjects/memray/tests/unit/test_flamegraph_reporter.py: 1012.6816914081573s cumulative, 0.10832571983337402s individual

.
current test PASSED/SKIPPED -- test_inverted_works_with_merged_threads in /home/kaiyaok2/PythonProjects/memray/tests/unit/test_flamegraph_reporter.py: 1012.7746865749359s cumulative, 0.09299516677856445s individual

.
current test PASSED/SKIPPED -- test_two_branches_both_are_importlib in /home/kaiyaok2/PythonProjects/memray/tests/unit/test_flamegraph_reporter.py: 1012.8508791923523s cumulative, 0.07619261741638184s individual

.
current test PASSED/SKIPPED -- test_works_with_merged_threads in /home/kaiyaok2/PythonProjects/memray/tests/unit/test_flamegraph_reporter.py: 1012.9146559238434s cumulative, 0.06377673149108887s individual

.
current test PASSED/SKIPPED -- test_inverted_importlib_partial_stack_is_detected in /home/kaiyaok2/PythonProjects/memray/tests/unit/test_flamegraph_reporter.py: 1013.0035951137543s cumulative, 0.08893918991088867s individual

.
current test PASSED/SKIPPED -- test_inverted_works_with_multiple_stacks_from_same_caller_two_frames_above in /home/kaiyaok2/PythonProjects/memray/tests/unit/test_flamegraph_reporter.py: 1013.0990633964539s cumulative, 0.09546828269958496s individual

.
current test PASSED/SKIPPED -- test_inverted_single_importlib_frame_is_detected in /home/kaiyaok2/PythonProjects/memray/tests/unit/test_flamegraph_reporter.py: 1013.1565551757812s cumulative, 0.05749177932739258s individual

.
current test PASSED/SKIPPED -- test_works_with_multiple_stacks_from_same_caller in /home/kaiyaok2/PythonProjects/memray/tests/unit/test_flamegraph_reporter.py: 1013.2282161712646s cumulative, 0.07166099548339844s individual

.
current test PASSED/SKIPPED -- test_works_with_multiple_top_level_nodes in /home/kaiyaok2/PythonProjects/memray/tests/unit/test_flamegraph_reporter.py: 1013.2984540462494s cumulative, 0.07023787498474121s individual

.
current test PASSED/SKIPPED -- test_importlib_full_stack_is_detected in /home/kaiyaok2/PythonProjects/memray/tests/unit/test_flamegraph_reporter.py: 1013.3609147071838s cumulative, 0.06246066093444824s individual

.
current test PASSED/SKIPPED -- test_two_branches_first_is_importlib in /home/kaiyaok2/PythonProjects/memray/tests/unit/test_flamegraph_reporter.py: 1013.4325468540192s cumulative, 0.07163214683532715s individual

.
current test PASSED/SKIPPED -- test_two_branches_second_is_importlib in /home/kaiyaok2/PythonProjects/memray/tests/unit/test_flamegraph_reporter.py: 1013.5022053718567s cumulative, 0.06965851783752441s individual

.
current test PASSED/SKIPPED -- test_works_with_multiple_stacks_from_same_caller_two_frames_above in /home/kaiyaok2/PythonProjects/memray/tests/unit/test_flamegraph_reporter.py: 1013.5644071102142s cumulative, 0.062201738357543945s individual

.
current test PASSED/SKIPPED -- test_inverted_two_branches_second_is_importlib in /home/kaiyaok2/PythonProjects/memray/tests/unit/test_flamegraph_reporter.py: 1013.6450152397156s cumulative, 0.08060812950134277s individual

.
current test PASSED/SKIPPED -- test_inverted_works_with_single_call in /home/kaiyaok2/PythonProjects/memray/tests/unit/test_flamegraph_reporter.py: 1013.7192146778107s cumulative, 0.07419943809509277s individual

.
current test PASSED/SKIPPED -- test_inverted_works_with_recursive_calls in /home/kaiyaok2/PythonProjects/memray/tests/unit/test_flamegraph_reporter.py: 1013.8080024719238s cumulative, 0.08878779411315918s individual

.
current test PASSED/SKIPPED -- test_works_with_single_call in /home/kaiyaok2/PythonProjects/memray/tests/unit/test_flamegraph_reporter.py: 1013.8702583312988s cumulative, 0.062255859375s individual

.
current test PASSED/SKIPPED -- test_inverted_drops_cpython_frames in /home/kaiyaok2/PythonProjects/memray/tests/unit/test_flamegraph_reporter.py: 1013.923672914505s cumulative, 0.05341458320617676s individual

.
current test PASSED/SKIPPED -- test_inverted_uses_hybrid_stack_for_native_traces in /home/kaiyaok2/PythonProjects/memray/tests/unit/test_flamegraph_reporter.py: 1013.9773826599121s cumulative, 0.05370974540710449s individual

.
current test PASSED/SKIPPED -- test_uses_hybrid_stack_for_native_traces in /home/kaiyaok2/PythonProjects/memray/tests/unit/test_flamegraph_reporter.py: 1014.008811712265s cumulative, 0.03142905235290527s individual

.
current test PASSED/SKIPPED -- test_inverted_two_branches_both_are_importlib in /home/kaiyaok2/PythonProjects/memray/tests/unit/test_flamegraph_reporter.py: 1014.0310950279236s cumulative, 0.022283315658569336s individual

.
current test PASSED/SKIPPED -- test_inverted_two_branches_first_is_importlib in /home/kaiyaok2/PythonProjects/memray/tests/unit/test_flamegraph_reporter.py: 1014.0667214393616s cumulative, 0.03562641143798828s individual

.
current test PASSED/SKIPPED -- test_inverted_works_with_no_allocations in /home/kaiyaok2/PythonProjects/memray/tests/unit/test_flamegraph_reporter.py: 1014.0981967449188s cumulative, 0.03147530555725098s individual

.
current test PASSED/SKIPPED -- test_importlib_partial_stack_is_detected in /home/kaiyaok2/PythonProjects/memray/tests/unit/test_flamegraph_reporter.py: 1014.1216540336609s cumulative, 0.02345728874206543s individual

.
current test PASSED/SKIPPED -- test_works_with_no_allocations in /home/kaiyaok2/PythonProjects/memray/tests/unit/test_flamegraph_reporter.py: 1014.1402201652527s cumulative, 0.018566131591796875s individual

.
current test PASSED/SKIPPED -- test_inverted_works_with_one_top_level_node in /home/kaiyaok2/PythonProjects/memray/tests/unit/test_flamegraph_reporter.py: 1014.1619374752045s cumulative, 0.021717309951782227s individual


integration/test_tracing.py .
current test PASSED/SKIPPED -- test_initial_tracking_frames_are_correctly_populated in /home/kaiyaok2/PythonProjects/memray/tests/integration/test_tracing.py: 1016.4097962379456s cumulative, 2.247858762741089s individual

.
current test PASSED/SKIPPED -- test_equal_stack_traces_compare_equal in /home/kaiyaok2/PythonProjects/memray/tests/integration/test_tracing.py: 1018.5318372249603s cumulative, 2.1220409870147705s individual


integration/test_processes.py .
current test PASSED/SKIPPED -- test_allocations_with_multiprocessing_following_fork in /home/kaiyaok2/PythonProjects/memray/tests/integration/test_processes.py: 1024.6048114299774s cumulative, 6.07297420501709s individual


unit/test_tui_reporter.py .
current test PASSED/SKIPPED -- test_tui_basic in /home/kaiyaok2/PythonProjects/memray/tests/unit/test_tui_reporter.py: 1034.2299973964691s cumulative, 9.6251859664917s individual


integration/test_tracking.py .
current test PASSED/SKIPPED -- test_unmatched_deallocations_are_not_reported in /home/kaiyaok2/PythonProjects/memray/tests/integration/test_tracking.py: 1036.276697397232s cumulative, 2.0467000007629395s individual

.
current test PASSED/SKIPPED -- test_leak_that_happens_in_the_middle_is_detected in /home/kaiyaok2/PythonProjects/memray/tests/integration/test_tracking.py: 1038.6923632621765s cumulative, 2.415665864944458s individual


integration/test_tracing.py .
current test PASSED/SKIPPED -- test_num_records in /home/kaiyaok2/PythonProjects/memray/tests/integration/test_tracing.py: 1041.2360229492188s cumulative, 2.5436596870422363s individual

.
current test PASSED/SKIPPED -- test_records_can_be_retrieved_twice in /home/kaiyaok2/PythonProjects/memray/tests/integration/test_tracing.py: 1043.6257190704346s cumulative, 2.3896961212158203s individual


integration/test_tracking.py .
current test PASSED/SKIPPED -- test_leaks_that_happen_in_the_same_function_are_aggregated in /home/kaiyaok2/PythonProjects/memray/tests/integration/test_tracking.py: 1045.5337607860565s cumulative, 1.9080417156219482s individual

.
current test PASSED/SKIPPED -- test_simple_pymalloc_allocation_tracking in /home/kaiyaok2/PythonProjects/memray/tests/integration/test_tracking.py: 1047.6176602840424s cumulative, 2.08389949798584s individual

.
current test PASSED/SKIPPED -- test_pymalloc_allocation_tracking_deactivated in /home/kaiyaok2/PythonProjects/memray/tests/integration/test_tracking.py: 1049.5499341487885s cumulative, 1.9322738647460938s individual

.
current test PASSED/SKIPPED -- test_aggregation_same_python_stack_and_same_native_stack in /home/kaiyaok2/PythonProjects/memray/tests/integration/test_tracking.py: 1051.6704082489014s cumulative, 2.120474100112915s individual


integration/test_socket.py E
current test FAILED -- test_get_is_active_after_context in /home/kaiyaok2/PythonProjects/memray/tests/integration/test_socket.py: 1051.7144119739532s cumulative, 0.04400372505187988s individual

E
current test FAILED -- test_nested_context_is_diallowed in /home/kaiyaok2/PythonProjects/memray/tests/integration/test_socket.py: 1051.7598950862885s cumulative, 0.04548311233520508s individual


integration/test_tracking.py .
current test PASSED/SKIPPED -- test_tracking_with_SIGKILL in /home/kaiyaok2/PythonProjects/memray/tests/integration/test_tracking.py: 1052.6827330589294s cumulative, 0.9228379726409912s individual


integration/test_socket.py E
current test FAILED -- test_reading_allocations_while_reading_stack_traces in /home/kaiyaok2/PythonProjects/memray/tests/integration/test_socket.py: 1052.7281897068024s cumulative, 0.045456647872924805s individual


unit/test_reader.py .
current test PASSED/SKIPPED -- test_rejects_different_header_version in /home/kaiyaok2/PythonProjects/memray/tests/unit/test_reader.py: 1054.657871723175s cumulative, 1.9296820163726807s individual

.
current test PASSED/SKIPPED -- test_read_pid in /home/kaiyaok2/PythonProjects/memray/tests/unit/test_reader.py: 1056.7376554012299s cumulative, 2.0797836780548096s individual


unit/test_stats_reporter.py .
current test PASSED/SKIPPED -- test_get_histogram_databins_rounding in /home/kaiyaok2/PythonProjects/memray/tests/unit/test_stats_reporter.py: 1056.7780094146729s cumulative, 0.040354013442993164s individual

.
current test PASSED/SKIPPED -- test_draw_histogram_invalid_input in /home/kaiyaok2/PythonProjects/memray/tests/unit/test_stats_reporter.py: 1056.8166766166687s cumulative, 0.03866720199584961s individual

.
current test PASSED/SKIPPED -- test_get_histogram_all_allocations_same_size in /home/kaiyaok2/PythonProjects/memray/tests/unit/test_stats_reporter.py: 1056.8537623882294s cumulative, 0.037085771560668945s individual

.
current test PASSED/SKIPPED -- test_get_histogram_databins in /home/kaiyaok2/PythonProjects/memray/tests/unit/test_stats_reporter.py: 1056.8885848522186s cumulative, 0.03482246398925781s individual

.
current test PASSED/SKIPPED -- test_get_histogram_over_bound in /home/kaiyaok2/PythonProjects/memray/tests/unit/test_stats_reporter.py: 1056.9211285114288s cumulative, 0.03254365921020508s individual

.
current test PASSED/SKIPPED -- test_draw_histogram in /home/kaiyaok2/PythonProjects/memray/tests/unit/test_stats_reporter.py: 1056.968138217926s cumulative, 0.04700970649719238s individual

.
current test PASSED/SKIPPED -- test_get_histogram_databins_invalid_bins in /home/kaiyaok2/PythonProjects/memray/tests/unit/test_stats_reporter.py: 1057.000705242157s cumulative, 0.03256702423095703s individual

.
current test PASSED/SKIPPED -- test_stats_output_json in /home/kaiyaok2/PythonProjects/memray/tests/unit/test_stats_reporter.py: 1057.0821750164032s cumulative, 0.08146977424621582s individual

.
current test PASSED/SKIPPED -- test_draw_histogram_smaller_scale_factor in /home/kaiyaok2/PythonProjects/memray/tests/unit/test_stats_reporter.py: 1057.1130809783936s cumulative, 0.030905961990356445s individual


integration/test_tracking.py .
current test PASSED/SKIPPED -- test_simple_allocation_tracking in /home/kaiyaok2/PythonProjects/memray/tests/integration/test_tracking.py: 1059.4877390861511s cumulative, 2.3746581077575684s individual

.
current test PASSED/SKIPPED -- test_freed_before_high_watermark_do_not_appear in /home/kaiyaok2/PythonProjects/memray/tests/integration/test_tracking.py: 1061.8795206546783s cumulative, 2.3917815685272217s individual

.
current test PASSED/SKIPPED -- test_memory_snapshots_tick_interval in /home/kaiyaok2/PythonProjects/memray/tests/integration/test_tracking.py: 1065.043076992035s cumulative, 3.1635563373565674s individual


unit/test_tree_reporter.py .
current test PASSED/SKIPPED -- test_two_chains_after_expanding_second in /home/kaiyaok2/PythonProjects/memray/tests/unit/test_tree_reporter.py: 1073.0726082324982s cumulative, 8.029531240463257s individual


integration/test_tracking.py .
current test PASSED/SKIPPED -- test_simple_allocation_tracking in /home/kaiyaok2/PythonProjects/memray/tests/integration/test_tracking.py: 1074.9148819446564s cumulative, 1.8422737121582031s individual

.
current test PASSED/SKIPPED -- test_thread_allocations_multiple_threads in /home/kaiyaok2/PythonProjects/memray/tests/integration/test_tracking.py: 1076.9303376674652s cumulative, 2.015455722808838s individual

.
current test PASSED/SKIPPED -- test_simple_allocation_tracking in /home/kaiyaok2/PythonProjects/memray/tests/integration/test_tracking.py: 1078.7481443881989s cumulative, 1.8178067207336426s individual

.
current test PASSED/SKIPPED -- test_partial_munmap in /home/kaiyaok2/PythonProjects/memray/tests/integration/test_tracking.py: 1080.5095946788788s cumulative, 1.7614502906799316s individual

.
current test PASSED/SKIPPED -- test_no_allocations_while_tracking in /home/kaiyaok2/PythonProjects/memray/tests/integration/test_tracking.py: 1082.4810373783112s cumulative, 1.971442699432373s individual

.
current test PASSED/SKIPPED -- test_simple_allocation_tracking in /home/kaiyaok2/PythonProjects/memray/tests/integration/test_tracking.py: 1084.4168555736542s cumulative, 1.9358181953430176s individual

.
current test PASSED/SKIPPED -- test_allocations_after_high_watermark_is_freed_do_not_appear in /home/kaiyaok2/PythonProjects/memray/tests/integration/test_tracking.py: 1086.4677469730377s cumulative, 2.050891399383545s individual


unit/test_tree_reporter.py .
current test PASSED/SKIPPED -- test_hide_import_system_idempotency in /home/kaiyaok2/PythonProjects/memray/tests/unit/test_tree_reporter.py: 1088.6906430721283s cumulative, 2.222896099090576s individual

.
current test PASSED/SKIPPED -- test_show_uninteresting_and_hide_import_system in /home/kaiyaok2/PythonProjects/memray/tests/unit/test_tree_reporter.py: 1094.1540732383728s cumulative, 5.463430166244507s individual


unit/test_tui_reporter.py .
current test PASSED/SKIPPED -- test_tui_pause in /home/kaiyaok2/PythonProjects/memray/tests/unit/test_tui_reporter.py: 1102.3026716709137s cumulative, 8.148598432540894s individual

.
current test PASSED/SKIPPED -- test_pid_display in /home/kaiyaok2/PythonProjects/memray/tests/unit/test_tui_reporter.py: 1104.5068428516388s cumulative, 2.2041711807250977s individual


unit/test_transform_reporter.py .
current test PASSED/SKIPPED -- test_empty_stack_trace in /home/kaiyaok2/PythonProjects/memray/tests/unit/test_transform_reporter.py: 1104.5316655635834s cumulative, 0.024822711944580078s individual

.
current test PASSED/SKIPPED -- test_empty_report in /home/kaiyaok2/PythonProjects/memray/tests/unit/test_transform_reporter.py: 1104.5510680675507s cumulative, 0.019402503967285156s individual

.
current test PASSED/SKIPPED -- test_multiple_allocations in /home/kaiyaok2/PythonProjects/memray/tests/unit/test_transform_reporter.py: 1104.5732214450836s cumulative, 0.022153377532958984s individual

.
current test PASSED/SKIPPED -- test_single_native_allocation in /home/kaiyaok2/PythonProjects/memray/tests/unit/test_transform_reporter.py: 1104.607043504715s cumulative, 0.033822059631347656s individual

.
current test PASSED/SKIPPED -- test_single_allocation in /home/kaiyaok2/PythonProjects/memray/tests/unit/test_transform_reporter.py: 1104.6339027881622s cumulative, 0.026859283447265625s individual

.
current test PASSED/SKIPPED -- test_multiple_allocations in /home/kaiyaok2/PythonProjects/memray/tests/unit/test_transform_reporter.py: 1104.6633925437927s cumulative, 0.029489755630493164s individual

.
current test PASSED/SKIPPED -- test_single_native_allocation in /home/kaiyaok2/PythonProjects/memray/tests/unit/test_transform_reporter.py: 1104.687206029892s cumulative, 0.023813486099243164s individual

.
current test PASSED/SKIPPED -- test_empty_report in /home/kaiyaok2/PythonProjects/memray/tests/unit/test_transform_reporter.py: 1104.7093398571014s cumulative, 0.022133827209472656s individual

.
current test PASSED/SKIPPED -- test_single_allocation in /home/kaiyaok2/PythonProjects/memray/tests/unit/test_transform_reporter.py: 1104.7282433509827s cumulative, 0.018903493881225586s individual

.
current test PASSED/SKIPPED -- test_multiple_stack_frames in /home/kaiyaok2/PythonProjects/memray/tests/unit/test_transform_reporter.py: 1104.7461607456207s cumulative, 0.017917394638061523s individual

.
current test PASSED/SKIPPED -- test_empty_stack_trace in /home/kaiyaok2/PythonProjects/memray/tests/unit/test_transform_reporter.py: 1104.7615637779236s cumulative, 0.015403032302856445s individual


integration/test_processes.py .
current test PASSED/SKIPPED -- test_allocations_with_multiprocessing in /home/kaiyaok2/PythonProjects/memray/tests/integration/test_processes.py: 1109.2413320541382s cumulative, 4.4797682762146s individual


integration/test_tracing.py .
current test PASSED/SKIPPED -- test_allocation_in_thread_started_before_tracking_starts in /home/kaiyaok2/PythonProjects/memray/tests/integration/test_tracing.py: 1111.4656672477722s cumulative, 2.224335193634033s individual


integration/test_main.py .
current test PASSED/SKIPPED -- test_no_split_threads in /home/kaiyaok2/PythonProjects/memray/tests/integration/test_main.py: 1115.168404340744s cumulative, 3.7027370929718018s individual

.
current test PASSED/SKIPPED -- test_live_tracking_invalid_port in /home/kaiyaok2/PythonProjects/memray/tests/integration/test_main.py: 1117.28470993042s cumulative, 2.1163055896759033s individual


integration/test_tracking.py .
current test PASSED/SKIPPED -- test_no_allocations in /home/kaiyaok2/PythonProjects/memray/tests/integration/test_tracking.py: 1118.0650560855865s cumulative, 0.780346155166626s individual

.
current test PASSED/SKIPPED -- test_thread_allocations_multiple_threads in /home/kaiyaok2/PythonProjects/memray/tests/integration/test_tracking.py: 1119.7452807426453s cumulative, 1.6802246570587158s individual

.
current test PASSED/SKIPPED -- test_leak_that_happens_in_the_middle_is_detected in /home/kaiyaok2/PythonProjects/memray/tests/integration/test_tracking.py: 1121.3789238929749s cumulative, 1.6336431503295898s individual

.
current test PASSED/SKIPPED -- test_unmatched_deallocations_are_not_reported in /home/kaiyaok2/PythonProjects/memray/tests/integration/test_tracking.py: 1122.912445306778s cumulative, 1.5335214138031006s individual


unit/test_tui_reporter.py .
current test PASSED/SKIPPED -- test_update_thread in /home/kaiyaok2/PythonProjects/memray/tests/unit/test_tui_reporter.py: 1125.1211881637573s cumulative, 2.20874285697937s individual


integration/test_tracing.py .
current test PASSED/SKIPPED -- test_traceback_for_high_watermark_records_can_be_retrieved_twice in /home/kaiyaok2/PythonProjects/memray/tests/integration/test_tracing.py: 1126.64133310318s cumulative, 1.5201449394226074s individual


integration/test_main.py .
current test PASSED/SKIPPED -- test_run_file_that_is_not_python in /home/kaiyaok2/PythonProjects/memray/tests/integration/test_main.py: 1126.7621726989746s cumulative, 0.12083959579467773s individual


unit/test_tui_reporter.py .
current test PASSED/SKIPPED -- test_command_line_display in /home/kaiyaok2/PythonProjects/memray/tests/unit/test_tui_reporter.py: 1134.2431213855743s cumulative, 7.4809486865997314s individual


integration/test_native_tracking.py .
current test PASSED/SKIPPED -- test_hybrid_stack_in_a_thread in /home/kaiyaok2/PythonProjects/memray/tests/integration/test_native_tracking.py: 1138.8292858600616s cumulative, 4.586164474487305s individual

.
current test PASSED/SKIPPED -- test_multithreaded_extension_with_native_tracking in /home/kaiyaok2/PythonProjects/memray/tests/integration/test_native_tracking.py: 1149.197726726532s cumulative, 10.368440866470337s individual

.
current test PASSED/SKIPPED -- test_simple_call_chain_with_native_tracking in /home/kaiyaok2/PythonProjects/memray/tests/integration/test_native_tracking.py: 1153.6243860721588s cumulative, 4.426659345626831s individual


unit/test_tree_reporter.py .
current test PASSED/SKIPPED -- test_show_uninteresting_idempotency in /home/kaiyaok2/PythonProjects/memray/tests/unit/test_tree_reporter.py: 1155.7491760253906s cumulative, 2.1247899532318115s individual


integration/test_main.py .
current test PASSED/SKIPPED -- test_leaks_with_pymalloc_warning in /home/kaiyaok2/PythonProjects/memray/tests/integration/test_main.py: 1161.9207949638367s cumulative, 6.171618938446045s individual



==================================== ERRORS ====================================
_ ERROR at setup of TestSocketReaderErrorHandling.test_get_current_snapshot_raises_before_context _
file /home/kaiyaok2/PythonProjects/memray/tests/integration/test_socket.py, line 146
      @pytest.mark.valgrind
      def test_get_current_snapshot_raises_before_context(self, free_port: int) -> None:
E       fixture 'free_port' not found
>       available fixtures: _cookiecutter_config_file, anyio_backend, anyio_backend_name, anyio_backend_options, cache, capfd, capfdbinary, caplog, capsys, capsysbinary, class_mocker, cookies, cookies_session, cov, doctest_namespace, mocker, module_mocker, monkeypatch, no_cover, package_mocker, pytestconfig, qapp, qapp_args, qapp_cls, qtbot, qtlog, qtmodeltester, record_property, record_testsuite_property, record_xml_attribute, recwarn, run_around_tests, session_mocker, snap_compare, snapshot, testrun_uid, tmp_path, tmp_path_factory, tmpdir, tmpdir_factory, worker_id
>       use 'pytest --fixtures [testpath]' for help on them.

/home/kaiyaok2/PythonProjects/memray/tests/integration/test_socket.py:146
________ ERROR at setup of TestLiveRemoteSubcommand.test_live_tracking _________
file /home/kaiyaok2/PythonProjects/memray/tests/integration/test_main.py, line 1285
      def test_live_tracking(self, tmp_path, simple_test_file, free_port):
E       fixture 'free_port' not found
>       available fixtures: _cookiecutter_config_file, anyio_backend, anyio_backend_name, anyio_backend_options, cache, capfd, capfdbinary, caplog, capsys, capsysbinary, class_mocker, cookies, cookies_session, cov, doctest_namespace, mocker, module_mocker, monkeypatch, no_cover, package_mocker, pytestconfig, qapp, qapp_args, qapp_cls, qtbot, qtlog, qtmodeltester, record_property, record_testsuite_property, record_xml_attribute, recwarn, run_around_tests, session_mocker, simple_test_file, snap_compare, snapshot, test_file_returns_from_fork, testrun_uid, tmp_path, tmp_path_factory, tmpdir, tmpdir_factory, worker_id
>       use 'pytest --fixtures [testpath]' for help on them.

/home/kaiyaok2/PythonProjects/memray/tests/integration/test_main.py:1285
_ ERROR at setup of TestSocketReaderAccess.test_multiple_context_entries_does_not_crash _
file /home/kaiyaok2/PythonProjects/memray/tests/integration/test_socket.py, line 311
      @pytest.mark.valgrind
      def test_multiple_context_entries_does_not_crash(
E       fixture 'free_port' not found
>       available fixtures: _cookiecutter_config_file, anyio_backend, anyio_backend_name, anyio_backend_options, cache, capfd, capfdbinary, caplog, capsys, capsysbinary, class_mocker, cookies, cookies_session, cov, doctest_namespace, mocker, module_mocker, monkeypatch, no_cover, package_mocker, pytestconfig, qapp, qapp_args, qapp_cls, qtbot, qtlog, qtmodeltester, record_property, record_testsuite_property, record_xml_attribute, recwarn, run_around_tests, session_mocker, snap_compare, snapshot, testrun_uid, tmp_path, tmp_path_factory, tmpdir, tmpdir_factory, worker_id
>       use 'pytest --fixtures [testpath]' for help on them.

/home/kaiyaok2/PythonProjects/memray/tests/integration/test_socket.py:311
_ ERROR at setup of TestLiveRemoteSubcommand.test_live_client_exits_properly_on_sigint_before_connecting _
file /home/kaiyaok2/PythonProjects/memray/tests/integration/test_main.py, line 1494
      def test_live_client_exits_properly_on_sigint_before_connecting(self, free_port):
E       fixture 'free_port' not found
>       available fixtures: _cookiecutter_config_file, anyio_backend, anyio_backend_name, anyio_backend_options, cache, capfd, capfdbinary, caplog, capsys, capsysbinary, class_mocker, cookies, cookies_session, cov, doctest_namespace, mocker, module_mocker, monkeypatch, no_cover, package_mocker, pytestconfig, qapp, qapp_args, qapp_cls, qtbot, qtlog, qtmodeltester, record_property, record_testsuite_property, record_xml_attribute, recwarn, run_around_tests, session_mocker, simple_test_file, snap_compare, snapshot, test_file_returns_from_fork, testrun_uid, tmp_path, tmp_path_factory, tmpdir, tmpdir_factory, worker_id
>       use 'pytest --fixtures [testpath]' for help on them.

/home/kaiyaok2/PythonProjects/memray/tests/integration/test_main.py:1494
_ ERROR at setup of TestLiveRemoteSubcommand.test_live_tracking_server_when_client_disconnects _
file /home/kaiyaok2/PythonProjects/memray/tests/integration/test_main.py, line 1402
      def test_live_tracking_server_when_client_disconnects(self, free_port, tmp_path):
E       fixture 'free_port' not found
>       available fixtures: _cookiecutter_config_file, anyio_backend, anyio_backend_name, anyio_backend_options, cache, capfd, capfdbinary, caplog, capsys, capsysbinary, class_mocker, cookies, cookies_session, cov, doctest_namespace, mocker, module_mocker, monkeypatch, no_cover, package_mocker, pytestconfig, qapp, qapp_args, qapp_cls, qtbot, qtlog, qtmodeltester, record_property, record_testsuite_property, record_xml_attribute, recwarn, run_around_tests, session_mocker, simple_test_file, snap_compare, snapshot, test_file_returns_from_fork, testrun_uid, tmp_path, tmp_path_factory, tmpdir, tmpdir_factory, worker_id
>       use 'pytest --fixtures [testpath]' for help on them.

/home/kaiyaok2/PythonProjects/memray/tests/integration/test_main.py:1402
__________ ERROR at setup of TestSocketReaderAccess.test_command_line __________
file /home/kaiyaok2/PythonProjects/memray/tests/integration/test_socket.py, line 341
      @pytest.mark.valgrind
      def test_command_line(self, free_port: int, tmp_path: Path) -> None:
E       fixture 'free_port' not found
>       available fixtures: _cookiecutter_config_file, anyio_backend, anyio_backend_name, anyio_backend_options, cache, capfd, capfdbinary, caplog, capsys, capsysbinary, class_mocker, cookies, cookies_session, cov, doctest_namespace, mocker, module_mocker, monkeypatch, no_cover, package_mocker, pytestconfig, qapp, qapp_args, qapp_cls, qtbot, qtlog, qtmodeltester, record_property, record_testsuite_property, record_xml_attribute, recwarn, run_around_tests, session_mocker, snap_compare, snapshot, testrun_uid, tmp_path, tmp_path_factory, tmpdir, tmpdir_factory, worker_id
>       use 'pytest --fixtures [testpath]' for help on them.

/home/kaiyaok2/PythonProjects/memray/tests/integration/test_socket.py:341
___ ERROR at setup of TestSocketReaderAccess.test_empty_snapshot_after_free ____
file /home/kaiyaok2/PythonProjects/memray/tests/integration/test_socket.py, line 236
      @pytest.mark.valgrind
      def test_empty_snapshot_after_free(self, free_port: int, tmp_path: Path) -> None:
E       fixture 'free_port' not found
>       available fixtures: _cookiecutter_config_file, anyio_backend, anyio_backend_name, anyio_backend_options, cache, capfd, capfdbinary, caplog, capsys, capsysbinary, class_mocker, cookies, cookies_session, cov, doctest_namespace, mocker, module_mocker, monkeypatch, no_cover, package_mocker, pytestconfig, qapp, qapp_args, qapp_cls, qtbot, qtlog, qtmodeltester, record_property, record_testsuite_property, record_xml_attribute, recwarn, run_around_tests, session_mocker, snap_compare, snapshot, testrun_uid, tmp_path, tmp_path_factory, tmpdir, tmpdir_factory, worker_id
>       use 'pytest --fixtures [testpath]' for help on them.

/home/kaiyaok2/PythonProjects/memray/tests/integration/test_socket.py:236
___ ERROR at setup of TestSocketReaderAccess.test_single_allocation_snapshot ___
file /home/kaiyaok2/PythonProjects/memray/tests/integration/test_socket.py, line 255
      @pytest.mark.valgrind
      def test_single_allocation_snapshot(self, free_port: int, tmp_path: Path) -> None:
E       fixture 'free_port' not found
>       available fixtures: _cookiecutter_config_file, anyio_backend, anyio_backend_name, anyio_backend_options, cache, capfd, capfdbinary, caplog, capsys, capsysbinary, class_mocker, cookies, cookies_session, cov, doctest_namespace, mocker, module_mocker, monkeypatch, no_cover, package_mocker, pytestconfig, qapp, qapp_args, qapp_cls, qtbot, qtlog, qtmodeltester, record_property, record_testsuite_property, record_xml_attribute, recwarn, run_around_tests, session_mocker, snap_compare, snapshot, testrun_uid, tmp_path, tmp_path_factory, tmpdir, tmpdir_factory, worker_id
>       use 'pytest --fixtures [testpath]' for help on them.

/home/kaiyaok2/PythonProjects/memray/tests/integration/test_socket.py:255
___ ERROR at setup of TestSocketReaderAccess.test_multi_allocation_snapshot ____
file /home/kaiyaok2/PythonProjects/memray/tests/integration/test_socket.py, line 283
      @pytest.mark.valgrind
      def test_multi_allocation_snapshot(self, free_port: int, tmp_path: Path) -> None:
E       fixture 'free_port' not found
>       available fixtures: _cookiecutter_config_file, anyio_backend, anyio_backend_name, anyio_backend_options, cache, capfd, capfdbinary, caplog, capsys, capsysbinary, class_mocker, cookies, cookies_session, cov, doctest_namespace, mocker, module_mocker, monkeypatch, no_cover, package_mocker, pytestconfig, qapp, qapp_args, qapp_cls, qtbot, qtlog, qtmodeltester, record_property, record_testsuite_property, record_xml_attribute, recwarn, run_around_tests, session_mocker, snap_compare, snapshot, testrun_uid, tmp_path, tmp_path_factory, tmpdir, tmpdir_factory, worker_id
>       use 'pytest --fixtures [testpath]' for help on them.

/home/kaiyaok2/PythonProjects/memray/tests/integration/test_socket.py:283
_ ERROR at setup of TestSocketReaderErrorHandling.test_get_current_snapshot_raises_after_context _
file /home/kaiyaok2/PythonProjects/memray/tests/integration/test_socket.py, line 172
      @pytest.mark.valgrind
      def test_get_current_snapshot_raises_after_context(
E       fixture 'free_port' not found
>       available fixtures: _cookiecutter_config_file, anyio_backend, anyio_backend_name, anyio_backend_options, cache, capfd, capfdbinary, caplog, capsys, capsysbinary, class_mocker, cookies, cookies_session, cov, doctest_namespace, mocker, module_mocker, monkeypatch, no_cover, package_mocker, pytestconfig, qapp, qapp_args, qapp_cls, qtbot, qtlog, qtmodeltester, record_property, record_testsuite_property, record_xml_attribute, recwarn, run_around_tests, session_mocker, snap_compare, snapshot, testrun_uid, tmp_path, tmp_path_factory, tmpdir, tmpdir_factory, worker_id
>       use 'pytest --fixtures [testpath]' for help on them.

/home/kaiyaok2/PythonProjects/memray/tests/integration/test_socket.py:172
_ ERROR at setup of TestSocketReaderErrorHandling.test_get_current_snapshot_first_yield_after_context_raises _
file /home/kaiyaok2/PythonProjects/memray/tests/integration/test_socket.py, line 193
      @pytest.mark.valgrind
      def test_get_current_snapshot_first_yield_after_context_raises(
E       fixture 'free_port' not found
>       available fixtures: _cookiecutter_config_file, anyio_backend, anyio_backend_name, anyio_backend_options, cache, capfd, capfdbinary, caplog, capsys, capsysbinary, class_mocker, cookies, cookies_session, cov, doctest_namespace, mocker, module_mocker, monkeypatch, no_cover, package_mocker, pytestconfig, qapp, qapp_args, qapp_cls, qtbot, qtlog, qtmodeltester, record_property, record_testsuite_property, record_xml_attribute, recwarn, run_around_tests, session_mocker, snap_compare, snapshot, testrun_uid, tmp_path, tmp_path_factory, tmpdir, tmpdir_factory, worker_id
>       use 'pytest --fixtures [testpath]' for help on them.

/home/kaiyaok2/PythonProjects/memray/tests/integration/test_socket.py:193
_ ERROR at setup of TestSocketReaderErrorHandling.test_get_is_active_after_context _
file /home/kaiyaok2/PythonProjects/memray/tests/integration/test_socket.py, line 155
      def test_get_is_active_after_context(self, free_port: int, tmp_path: Path) -> None:
E       fixture 'free_port' not found
>       available fixtures: _cookiecutter_config_file, anyio_backend, anyio_backend_name, anyio_backend_options, cache, capfd, capfdbinary, caplog, capsys, capsysbinary, class_mocker, cookies, cookies_session, cov, doctest_namespace, mocker, module_mocker, monkeypatch, no_cover, package_mocker, pytestconfig, qapp, qapp_args, qapp_cls, qtbot, qtlog, qtmodeltester, record_property, record_testsuite_property, record_xml_attribute, recwarn, run_around_tests, session_mocker, snap_compare, snapshot, testrun_uid, tmp_path, tmp_path_factory, tmpdir, tmpdir_factory, worker_id
>       use 'pytest --fixtures [testpath]' for help on them.

/home/kaiyaok2/PythonProjects/memray/tests/integration/test_socket.py:155
_ ERROR at setup of TestSocketReaderErrorHandling.test_nested_context_is_diallowed _
file /home/kaiyaok2/PythonProjects/memray/tests/integration/test_socket.py, line 214
      @pytest.mark.valgrind
      def test_nested_context_is_diallowed(self, free_port: int, tmp_path: Path) -> None:
E       fixture 'free_port' not found
>       available fixtures: _cookiecutter_config_file, anyio_backend, anyio_backend_name, anyio_backend_options, cache, capfd, capfdbinary, caplog, capsys, capsysbinary, class_mocker, cookies, cookies_session, cov, doctest_namespace, mocker, module_mocker, monkeypatch, no_cover, package_mocker, pytestconfig, qapp, qapp_args, qapp_cls, qtbot, qtlog, qtmodeltester, record_property, record_testsuite_property, record_xml_attribute, recwarn, run_around_tests, session_mocker, snap_compare, snapshot, testrun_uid, tmp_path, tmp_path_factory, tmpdir, tmpdir_factory, worker_id
>       use 'pytest --fixtures [testpath]' for help on them.

/home/kaiyaok2/PythonProjects/memray/tests/integration/test_socket.py:214
_ ERROR at setup of TestSocketReaderAccess.test_reading_allocations_while_reading_stack_traces _
file /home/kaiyaok2/PythonProjects/memray/tests/integration/test_socket.py, line 361
      @pytest.mark.valgrind
      def test_reading_allocations_while_reading_stack_traces(
E       fixture 'free_port' not found
>       available fixtures: _cookiecutter_config_file, anyio_backend, anyio_backend_name, anyio_backend_options, cache, capfd, capfdbinary, caplog, capsys, capsysbinary, class_mocker, cookies, cookies_session, cov, doctest_namespace, mocker, module_mocker, monkeypatch, no_cover, package_mocker, pytestconfig, qapp, qapp_args, qapp_cls, qtbot, qtlog, qtmodeltester, record_property, record_testsuite_property, record_xml_attribute, recwarn, run_around_tests, session_mocker, snap_compare, snapshot, testrun_uid, tmp_path, tmp_path_factory, tmpdir, tmpdir_factory, worker_id
>       use 'pytest --fixtures [testpath]' for help on them.

/home/kaiyaok2/PythonProjects/memray/tests/integration/test_socket.py:361
--------------------------- snapshot report summary ----------------------------
19 snapshots passed.
=========================== short test summary info ============================
ERROR integration/test_socket.py::TestSocketReaderErrorHandling::test_get_current_snapshot_raises_before_context
ERROR integration/test_main.py::TestLiveRemoteSubcommand::test_live_tracking
ERROR integration/test_socket.py::TestSocketReaderAccess::test_multiple_context_entries_does_not_crash
ERROR integration/test_main.py::TestLiveRemoteSubcommand::test_live_client_exits_properly_on_sigint_before_connecting
ERROR integration/test_main.py::TestLiveRemoteSubcommand::test_live_tracking_server_when_client_disconnects
ERROR integration/test_socket.py::TestSocketReaderAccess::test_command_line
ERROR integration/test_socket.py::TestSocketReaderAccess::test_empty_snapshot_after_free
ERROR integration/test_socket.py::TestSocketReaderAccess::test_single_allocation_snapshot
ERROR integration/test_socket.py::TestSocketReaderAccess::test_multi_allocation_snapshot
ERROR integration/test_socket.py::TestSocketReaderErrorHandling::test_get_current_snapshot_raises_after_context
ERROR integration/test_socket.py::TestSocketReaderErrorHandling::test_get_current_snapshot_first_yield_after_context_raises
ERROR integration/test_socket.py::TestSocketReaderErrorHandling::test_get_is_active_after_context
ERROR integration/test_socket.py::TestSocketReaderErrorHandling::test_nested_context_is_diallowed
ERROR integration/test_socket.py::TestSocketReaderAccess::test_reading_allocations_while_reading_stack_traces
=========== 571 passed, 11 skipped, 14 errors in 1209.12s (0:20:09) ============
